 Welcome to HYDRUS-2D                                                    
 
 Program HYDRUS2
 Date:  20. 2.    Time:   4:35:34
 Time independent boundary conditions
 Axisymmetric flow, V = L*L*L
 Units: L = cm   , T = sec  , M = mmol 


 Time:     30.0000

    i    n    x      z    Code     Q          v           h       th       Temp     Conc
                                 [V/T]      [L/T]        [L]     [-]        [C]    [M/L3]

    1   36    2.0   63.0    1   .444E+01  -.141E+01       47.5   .350     20.00
    2   37    2.0   62.5    1   .279E+01  -.444E+00       48.0   .350     20.00
    3   38    2.0   62.0    1   .241E+01  -.384E+00       48.5   .350     20.00
    4   39    2.0   61.5    1   .223E+01  -.356E+00       49.0   .350     20.00
    5   40    2.0   61.0    1   .217E+01  -.346E+00       49.5   .350     20.00
    6   41    2.0   60.5    1   .218E+01  -.348E+00       50.0   .350     20.00
    7   42    2.0   60.0    1   .221E+01  -.352E+00       50.5   .350     20.00
    8   43    2.0   59.5    1   .231E+01  -.368E+00       51.0   .350     20.00
    9   44    2.0   59.0    1   .254E+01  -.404E+00       51.5   .350     20.00
   10   45    2.0   58.5    1   .303E+01  -.482E+00       52.0   .350     20.00
   11   46    2.0   58.0    1   .492E+01  -.156E+01       52.5   .350     20.00


 Time:     60.0000

    i    n    x      z    Code     Q          v           h       th       Temp     Conc
                                 [V/T]      [L/T]        [L]     [-]        [C]    [M/L3]

    1   36    2.0   63.0    1   .417E+01  -.133E+01       47.5   .350     20.00
    2   37    2.0   62.5    1   .263E+01  -.418E+00       48.0   .350     20.00
    3   38    2.0   62.0    1   .227E+01  -.362E+00       48.5   .350     20.00
    4   39    2.0   61.5    1   .210E+01  -.335E+00       49.0   .350     20.00
    5   40    2.0   61.0    1   .205E+01  -.326E+00       49.5   .350     20.00
    6   41    2.0   60.5    1   .206E+01  -.328E+00       50.0   .350     20.00
    7   42    2.0   60.0    1   .208E+01  -.331E+00       50.5   .350     20.00
    8   43    2.0   59.5    1   .218E+01  -.348E+00       51.0   .350     20.00
    9   44    2.0   59.0    1   .240E+01  -.381E+00       51.5   .350     20.00
   10   45    2.0   58.5    1   .286E+01  -.455E+00       52.0   .350     20.00
   11   46    2.0   58.0    1   .465E+01  -.148E+01       52.5   .350     20.00


 Time:     90.0000

    i    n    x      z    Code     Q          v           h       th       Temp     Conc
                                 [V/T]      [L/T]        [L]     [-]        [C]    [M/L3]

    1   36    2.0   63.0    1   .405E+01  -.129E+01       47.5   .350     20.00
    2   37    2.0   62.5    1   .255E+01  -.406E+00       48.0   .350     20.00
    3   38    2.0   62.0    1   .221E+01  -.351E+00       48.5   .350     20.00
    4   39    2.0   61.5    1   .204E+01  -.325E+00       49.0   .350     20.00
    5   40    2.0   61.0    1   .199E+01  -.317E+00       49.5   .350     20.00
    6   41    2.0   60.5    1   .200E+01  -.318E+00       50.0   .350     20.00
    7   42    2.0   60.0    1   .202E+01  -.322E+00       50.5   .350     20.00
    8   43    2.0   59.5    1   .212E+01  -.338E+00       51.0   .350     20.00
    9   44    2.0   59.0    1   .233E+01  -.371E+00       51.5   .350     20.00
   10   45    2.0   58.5    1   .278E+01  -.443E+00       52.0   .350     20.00
   11   46    2.0   58.0    1   .452E+01  -.144E+01       52.5   .350     20.00


 Time:    120.0000

    i    n    x      z    Code     Q          v           h       th       Temp     Conc
                                 [V/T]      [L/T]        [L]     [-]        [C]    [M/L3]

    1   36    2.0   63.0    1   .398E+01  -.127E+01       47.5   .350     20.00
    2   37    2.0   62.5    1   .250E+01  -.398E+00       48.0   .350     20.00
    3   38    2.0   62.0    1   .216E+01  -.345E+00       48.5   .350     20.00
    4   39    2.0   61.5    1   .201E+01  -.319E+00       49.0   .350     20.00
    5   40    2.0   61.0    1   .195E+01  -.311E+00       49.5   .350     20.00
    6   41    2.0   60.5    1   .196E+01  -.312E+00       50.0   .350     20.00
    7   42    2.0   60.0    1   .199E+01  -.316E+00       50.5   .350     20.00
    8   43    2.0   59.5    1   .208E+01  -.332E+00       51.0   .350     20.00
    9   44    2.0   59.0    1   .229E+01  -.364E+00       51.5   .350     20.00
   10   45    2.0   58.5    1   .273E+01  -.435E+00       52.0   .350     20.00
   11   46    2.0   58.0    1   .444E+01  -.141E+01       52.5   .350     20.00


 Time:    150.0000

    i    n    x      z    Code     Q          v           h       th       Temp     Conc
                                 [V/T]      [L/T]        [L]     [-]        [C]    [M/L3]

    1   36    2.0   63.0    1   .392E+01  -.125E+01       47.5   .350     20.00
    2   37    2.0   62.5    1   .247E+01  -.393E+00       48.0   .350     20.00
    3   38    2.0   62.0    1   .214E+01  -.340E+00       48.5   .350     20.00
    4   39    2.0   61.5    1   .198E+01  -.315E+00       49.0   .350     20.00
    5   40    2.0   61.0    1   .193E+01  -.307E+00       49.5   .350     20.00
    6   41    2.0   60.5    1   .194E+01  -.308E+00       50.0   .350     20.00
    7   42    2.0   60.0    1   .196E+01  -.312E+00       50.5   .350     20.00
    8   43    2.0   59.5    1   .206E+01  -.327E+00       51.0   .350     20.00
    9   44    2.0   59.0    1   .226E+01  -.360E+00       51.5   .350     20.00
   10   45    2.0   58.5    1   .270E+01  -.429E+00       52.0   .350     20.00
   11   46    2.0   58.0    1   .438E+01  -.140E+01       52.5   .350     20.00


 Time:    180.0000

    i    n    x      z    Code     Q          v           h       th       Temp     Conc
                                 [V/T]      [L/T]        [L]     [-]        [C]    [M/L3]

    1   36    2.0   63.0    1   .389E+01  -.124E+01       47.5   .350     20.00
    2   37    2.0   62.5    1   .245E+01  -.389E+00       48.0   .350     20.00
    3   38    2.0   62.0    1   .212E+01  -.337E+00       48.5   .350     20.00
    4   39    2.0   61.5    1   .196E+01  -.312E+00       49.0   .350     20.00
    5   40    2.0   61.0    1   .191E+01  -.304E+00       49.5   .350     20.00
    6   41    2.0   60.5    1   .192E+01  -.306E+00       50.0   .350     20.00
    7   42    2.0   60.0    1   .194E+01  -.309E+00       50.5   .350     20.00
    8   43    2.0   59.5    1   .204E+01  -.324E+00       51.0   .350     20.00
    9   44    2.0   59.0    1   .224E+01  -.356E+00       51.5   .350     20.00
   10   45    2.0   58.5    1   .267E+01  -.425E+00       52.0   .350     20.00
   11   46    2.0   58.0    1   .434E+01  -.138E+01       52.5   .350     20.00


 Time:    210.0000

    i    n    x      z    Code     Q          v           h       th       Temp     Conc
                                 [V/T]      [L/T]        [L]     [-]        [C]    [M/L3]

    1   36    2.0   63.0    1   .386E+01  -.123E+01       47.5   .350     20.00
    2   37    2.0   62.5    1   .243E+01  -.386E+00       48.0   .350     20.00
    3   38    2.0   62.0    1   .210E+01  -.334E+00       48.5   .350     20.00
    4   39    2.0   61.5    1   .195E+01  -.310E+00       49.0   .350     20.00
    5   40    2.0   61.0    1   .190E+01  -.302E+00       49.5   .350     20.00
    6   41    2.0   60.5    1   .191E+01  -.303E+00       50.0   .350     20.00
    7   42    2.0   60.0    1   .193E+01  -.307E+00       50.5   .350     20.00
    8   43    2.0   59.5    1   .202E+01  -.322E+00       51.0   .350     20.00
    9   44    2.0   59.0    1   .222E+01  -.354E+00       51.5   .350     20.00
   10   45    2.0   58.5    1   .265E+01  -.422E+00       52.0   .350     20.00
   11   46    2.0   58.0    1   .431E+01  -.137E+01       52.5   .350     20.00


 Time:    240.0000

    i    n    x      z    Code     Q          v           h       th       Temp     Conc
                                 [V/T]      [L/T]        [L]     [-]        [C]    [M/L3]

    1   36    2.0   63.0    1   .383E+01  -.122E+01       47.5   .350     20.00
    2   37    2.0   62.5    1   .241E+01  -.384E+00       48.0   .350     20.00
    3   38    2.0   62.0    1   .209E+01  -.332E+00       48.5   .350     20.00
    4   39    2.0   61.5    1   .193E+01  -.308E+00       49.0   .350     20.00
    5   40    2.0   61.0    1   .188E+01  -.300E+00       49.5   .350     20.00
    6   41    2.0   60.5    1   .189E+01  -.301E+00       50.0   .350     20.00
    7   42    2.0   60.0    1   .192E+01  -.305E+00       50.5   .350     20.00
    8   43    2.0   59.5    1   .201E+01  -.320E+00       51.0   .350     20.00
    9   44    2.0   59.0    1   .221E+01  -.352E+00       51.5   .350     20.00
   10   45    2.0   58.5    1   .264E+01  -.420E+00       52.0   .350     20.00
   11   46    2.0   58.0    1   .429E+01  -.136E+01       52.5   .350     20.00


 Time:    270.0000

    i    n    x      z    Code     Q          v           h       th       Temp     Conc
                                 [V/T]      [L/T]        [L]     [-]        [C]    [M/L3]

    1   36    2.0   63.0    1   .381E+01  -.121E+01       47.5   .350     20.00
    2   37    2.0   62.5    1   .240E+01  -.382E+00       48.0   .350     20.00
    3   38    2.0   62.0    1   .208E+01  -.330E+00       48.5   .350     20.00
    4   39    2.0   61.5    1   .192E+01  -.306E+00       49.0   .350     20.00
    5   40    2.0   61.0    1   .187E+01  -.298E+00       49.5   .350     20.00
    6   41    2.0   60.5    1   .188E+01  -.300E+00       50.0   .350     20.00
    7   42    2.0   60.0    1   .191E+01  -.304E+00       50.5   .350     20.00
    8   43    2.0   59.5    1   .200E+01  -.318E+00       51.0   .350     20.00
    9   44    2.0   59.0    1   .220E+01  -.350E+00       51.5   .350     20.00
   10   45    2.0   58.5    1   .262E+01  -.418E+00       52.0   .350     20.00
   11   46    2.0   58.0    1   .427E+01  -.136E+01       52.5   .350     20.00


 Time:    300.0000

    i    n    x      z    Code     Q          v           h       th       Temp     Conc
                                 [V/T]      [L/T]        [L]     [-]        [C]    [M/L3]

    1   36    2.0   63.0    1   .380E+01  -.121E+01       47.5   .350     20.00
    2   37    2.0   62.5    1   .239E+01  -.380E+00       48.0   .350     20.00
    3   38    2.0   62.0    1   .207E+01  -.329E+00       48.5   .350     20.00
    4   39    2.0   61.5    1   .192E+01  -.305E+00       49.0   .350     20.00
    5   40    2.0   61.0    1   .187E+01  -.297E+00       49.5   .350     20.00
    6   41    2.0   60.5    1   .188E+01  -.299E+00       50.0   .350     20.00
    7   42    2.0   60.0    1   .190E+01  -.302E+00       50.5   .350     20.00
    8   43    2.0   59.5    1   .199E+01  -.317E+00       51.0   .350     20.00
    9   44    2.0   59.0    1   .219E+01  -.348E+00       51.5   .350     20.00
   10   45    2.0   58.5    1   .261E+01  -.416E+00       52.0   .350     20.00
   11   46    2.0   58.0    1   .425E+01  -.135E+01       52.5   .350     20.00


 Time:    400.0000

    i    n    x      z    Code     Q          v           h       th       Temp     Conc
                                 [V/T]      [L/T]        [L]     [-]        [C]    [M/L3]

    1   36    2.0   63.0    1   .375E+01  -.119E+01       47.5   .350     20.00
    2   37    2.0   62.5    1   .236E+01  -.376E+00       48.0   .350     20.00
    3   38    2.0   62.0    1   .204E+01  -.325E+00       48.5   .350     20.00
    4   39    2.0   61.5    1   .189E+01  -.302E+00       49.0   .350     20.00
    5   40    2.0   61.0    1   .185E+01  -.294E+00       49.5   .350     20.00
    6   41    2.0   60.5    1   .186E+01  -.295E+00       50.0   .350     20.00
    7   42    2.0   60.0    1   .188E+01  -.299E+00       50.5   .350     20.00
    8   43    2.0   59.5    1   .197E+01  -.314E+00       51.0   .350     20.00
    9   44    2.0   59.0    1   .217E+01  -.345E+00       51.5   .350     20.00
   10   45    2.0   58.5    1   .259E+01  -.412E+00       52.0   .350     20.00
   11   46    2.0   58.0    1   .420E+01  -.134E+01       52.5   .350     20.00
