 Welcome to HYDRUS-2D                                                    
 
 Program HYDRUS2
 Date:  20. 2.    Time:   4:35:34
 Time independent boundary conditions
 Axisymmetric flow, V = L*L*L
 Units: L = cm   , T = sec  , M = mmol 
 All cumulative fluxes (CumQ) are positive out of the region

       Time     CumQAP      CumQRP     CumQA      CumQR     CumQ3       CumQ1      CumQS      CumQ5       CumQ6 ....
        [T]       [V]         [V]       [V]        [V]       [V]         [V]        [V]        [V]         [V]

         .0005   .000E+00   .000E+00   .000E+00   .000E+00   .000E+00  -.889E-01   .000E+00   .000E+00   .000E+00
         .0010   .000E+00   .000E+00   .000E+00   .000E+00   .000E+00  -.175E+00   .000E+00   .000E+00   .000E+00
         .0015   .000E+00   .000E+00   .000E+00   .000E+00   .000E+00  -.258E+00   .000E+00   .000E+00   .000E+00
         .0020   .000E+00   .000E+00   .000E+00   .000E+00   .000E+00  -.340E+00   .000E+00   .000E+00   .000E+00
         .0025   .000E+00   .000E+00   .000E+00   .000E+00   .000E+00  -.429E+00   .000E+00   .000E+00   .000E+00
         .0032   .000E+00   .000E+00   .000E+00   .000E+00   .000E+00  -.525E+00   .000E+00   .000E+00   .000E+00
         .0038   .000E+00   .000E+00   .000E+00   .000E+00   .000E+00  -.630E+00   .000E+00   .000E+00   .000E+00
         .0046   .000E+00   .000E+00   .000E+00   .000E+00   .000E+00  -.744E+00   .000E+00   .000E+00   .000E+00
         .0054   .000E+00   .000E+00   .000E+00   .000E+00   .000E+00  -.868E+00   .000E+00   .000E+00   .000E+00
         .0062   .000E+00   .000E+00   .000E+00   .000E+00   .000E+00  -.100E+01   .000E+00   .000E+00   .000E+00
         .0072   .000E+00   .000E+00   .000E+00   .000E+00   .000E+00  -.115E+01   .000E+00   .000E+00   .000E+00
         .0083   .000E+00   .000E+00   .000E+00   .000E+00   .000E+00  -.131E+01   .000E+00   .000E+00   .000E+00
         .0095   .000E+00   .000E+00   .000E+00   .000E+00   .000E+00  -.149E+01   .000E+00   .000E+00   .000E+00
         .0108   .000E+00   .000E+00   .000E+00   .000E+00   .000E+00  -.168E+01   .000E+00   .000E+00   .000E+00
         .0122   .000E+00   .000E+00   .000E+00   .000E+00   .000E+00  -.190E+01   .000E+00   .000E+00   .000E+00
         .0138   .000E+00   .000E+00   .000E+00   .000E+00   .000E+00  -.213E+01   .000E+00   .000E+00   .000E+00
         .0155   .000E+00   .000E+00   .000E+00   .000E+00   .000E+00  -.239E+01   .000E+00   .000E+00   .000E+00
         .0172   .000E+00   .000E+00   .000E+00   .000E+00   .000E+00  -.266E+01   .000E+00   .000E+00   .000E+00
         .0189   .000E+00   .000E+00   .000E+00   .000E+00   .000E+00  -.292E+01   .000E+00   .000E+00   .000E+00
         .0207   .000E+00   .000E+00   .000E+00   .000E+00   .000E+00  -.320E+01   .000E+00   .000E+00   .000E+00
         .0224   .000E+00   .000E+00   .000E+00   .000E+00   .000E+00  -.348E+01   .000E+00   .000E+00   .000E+00
         .0241   .000E+00   .000E+00   .000E+00   .000E+00   .000E+00  -.377E+01   .000E+00   .000E+00   .000E+00
         .0259   .000E+00   .000E+00   .000E+00   .000E+00   .000E+00  -.407E+01   .000E+00   .000E+00   .000E+00
         .0276   .000E+00   .000E+00   .000E+00   .000E+00   .000E+00  -.436E+01   .000E+00   .000E+00   .000E+00
         .0293   .000E+00   .000E+00   .000E+00   .000E+00   .000E+00  -.465E+01   .000E+00   .000E+00   .000E+00
         .0310   .000E+00   .000E+00   .000E+00   .000E+00   .000E+00  -.493E+01   .000E+00   .000E+00   .000E+00
         .0328   .000E+00   .000E+00   .000E+00   .000E+00   .000E+00  -.519E+01   .000E+00   .000E+00   .000E+00
         .0345   .000E+00   .000E+00   .000E+00   .000E+00   .000E+00  -.544E+01   .000E+00   .000E+00   .000E+00
         .0362   .000E+00   .000E+00   .000E+00   .000E+00   .000E+00  -.568E+01   .000E+00   .000E+00   .000E+00
         .0379   .000E+00   .000E+00   .000E+00   .000E+00   .000E+00  -.592E+01   .000E+00   .000E+00   .000E+00
         .0397   .000E+00   .000E+00   .000E+00   .000E+00   .000E+00  -.617E+01   .000E+00   .000E+00   .000E+00
         .0414   .000E+00   .000E+00   .000E+00   .000E+00   .000E+00  -.642E+01   .000E+00   .000E+00   .000E+00
         .0431   .000E+00   .000E+00   .000E+00   .000E+00   .000E+00  -.668E+01   .000E+00   .000E+00   .000E+00
         .0449   .000E+00   .000E+00   .000E+00   .000E+00   .000E+00  -.693E+01   .000E+00   .000E+00   .000E+00
         .0466   .000E+00   .000E+00   .000E+00   .000E+00   .000E+00  -.716E+01   .000E+00   .000E+00   .000E+00
         .0483   .000E+00   .000E+00   .000E+00   .000E+00   .000E+00  -.738E+01   .000E+00   .000E+00   .000E+00
         .0500   .000E+00   .000E+00   .000E+00   .000E+00   .000E+00  -.759E+01   .000E+00   .000E+00   .000E+00
         .0518   .000E+00   .000E+00   .000E+00   .000E+00   .000E+00  -.780E+01   .000E+00   .000E+00   .000E+00
         .0535   .000E+00   .000E+00   .000E+00   .000E+00   .000E+00  -.802E+01   .000E+00   .000E+00   .000E+00
         .0552   .000E+00   .000E+00   .000E+00   .000E+00   .000E+00  -.823E+01   .000E+00   .000E+00   .000E+00
         .0569   .000E+00   .000E+00   .000E+00   .000E+00   .000E+00  -.844E+01   .000E+00   .000E+00   .000E+00
         .0587   .000E+00   .000E+00   .000E+00   .000E+00   .000E+00  -.864E+01   .000E+00   .000E+00   .000E+00
         .0604   .000E+00   .000E+00   .000E+00   .000E+00   .000E+00  -.884E+01   .000E+00   .000E+00   .000E+00
         .0621   .000E+00   .000E+00   .000E+00   .000E+00   .000E+00  -.905E+01   .000E+00   .000E+00   .000E+00
         .0639   .000E+00   .000E+00   .000E+00   .000E+00   .000E+00  -.923E+01   .000E+00   .000E+00   .000E+00
         .0656   .000E+00   .000E+00   .000E+00   .000E+00   .000E+00  -.941E+01   .000E+00   .000E+00   .000E+00
         .0675   .000E+00   .000E+00   .000E+00   .000E+00   .000E+00  -.960E+01   .000E+00   .000E+00   .000E+00
         .0696   .000E+00   .000E+00   .000E+00   .000E+00   .000E+00  -.982E+01   .000E+00   .000E+00   .000E+00
         .0719   .000E+00   .000E+00   .000E+00   .000E+00   .000E+00  -.101E+02   .000E+00   .000E+00   .000E+00
         .0744   .000E+00   .000E+00   .000E+00   .000E+00   .000E+00  -.103E+02   .000E+00   .000E+00   .000E+00
         .0772   .000E+00   .000E+00   .000E+00   .000E+00   .000E+00  -.106E+02   .000E+00   .000E+00   .000E+00
         .0800   .000E+00   .000E+00   .000E+00   .000E+00   .000E+00  -.109E+02   .000E+00   .000E+00   .000E+00
         .0827   .000E+00   .000E+00   .000E+00   .000E+00   .000E+00  -.112E+02   .000E+00   .000E+00   .000E+00
         .0855   .000E+00   .000E+00   .000E+00   .000E+00   .000E+00  -.115E+02   .000E+00   .000E+00   .000E+00
         .0883   .000E+00   .000E+00   .000E+00   .000E+00   .000E+00  -.118E+02   .000E+00   .000E+00   .000E+00
         .0911   .000E+00   .000E+00   .000E+00   .000E+00   .000E+00  -.121E+02   .000E+00   .000E+00   .000E+00
         .0939   .000E+00   .000E+00   .000E+00   .000E+00   .000E+00  -.124E+02   .000E+00   .000E+00   .000E+00
         .0966   .000E+00   .000E+00   .000E+00   .000E+00   .000E+00  -.126E+02   .000E+00   .000E+00   .000E+00
         .0994   .000E+00   .000E+00   .000E+00   .000E+00   .000E+00  -.129E+02   .000E+00   .000E+00   .000E+00
         .1025   .000E+00   .000E+00   .000E+00   .000E+00   .000E+00  -.132E+02   .000E+00   .000E+00   .000E+00
         .1055   .000E+00   .000E+00   .000E+00   .000E+00   .000E+00  -.136E+02   .000E+00   .000E+00   .000E+00
         .1086   .000E+00   .000E+00   .000E+00   .000E+00   .000E+00  -.139E+02   .000E+00   .000E+00   .000E+00
         .1116   .000E+00   .000E+00   .000E+00   .000E+00   .000E+00  -.142E+02   .000E+00   .000E+00   .000E+00
         .1147   .000E+00   .000E+00   .000E+00   .000E+00   .000E+00  -.145E+02   .000E+00   .000E+00   .000E+00
         .1177   .000E+00   .000E+00   .000E+00   .000E+00   .000E+00  -.148E+02   .000E+00   .000E+00   .000E+00
         .1208   .000E+00   .000E+00   .000E+00   .000E+00   .000E+00  -.151E+02   .000E+00   .000E+00   .000E+00
         .1238   .000E+00   .000E+00   .000E+00   .000E+00   .000E+00  -.154E+02   .000E+00   .000E+00   .000E+00
         .1272   .000E+00   .000E+00   .000E+00   .000E+00   .000E+00  -.158E+02   .000E+00   .000E+00   .000E+00
         .1306   .000E+00   .000E+00   .000E+00   .000E+00   .000E+00  -.161E+02   .000E+00   .000E+00   .000E+00
         .1339   .000E+00   .000E+00   .000E+00   .000E+00   .000E+00  -.164E+02   .000E+00   .000E+00   .000E+00
         .1373   .000E+00   .000E+00   .000E+00   .000E+00   .000E+00  -.168E+02   .000E+00   .000E+00   .000E+00
         .1407   .000E+00   .000E+00   .000E+00   .000E+00   .000E+00  -.171E+02   .000E+00   .000E+00   .000E+00
         .1441   .000E+00   .000E+00   .000E+00   .000E+00   .000E+00  -.174E+02   .000E+00   .000E+00   .000E+00
         .1474   .000E+00   .000E+00   .000E+00   .000E+00   .000E+00  -.177E+02   .000E+00   .000E+00   .000E+00
         .1508   .000E+00   .000E+00   .000E+00   .000E+00   .000E+00  -.180E+02   .000E+00   .000E+00   .000E+00
         .1542   .000E+00   .000E+00   .000E+00   .000E+00   .000E+00  -.183E+02   .000E+00   .000E+00   .000E+00
         .1575   .000E+00   .000E+00   .000E+00   .000E+00   .000E+00  -.186E+02   .000E+00   .000E+00   .000E+00
         .1609   .000E+00   .000E+00   .000E+00   .000E+00   .000E+00  -.189E+02   .000E+00   .000E+00   .000E+00
         .1643   .000E+00   .000E+00   .000E+00   .000E+00   .000E+00  -.192E+02   .000E+00   .000E+00   .000E+00
         .1676   .000E+00   .000E+00   .000E+00   .000E+00   .000E+00  -.195E+02   .000E+00   .000E+00   .000E+00
         .1710   .000E+00   .000E+00   .000E+00   .000E+00   .000E+00  -.198E+02   .000E+00   .000E+00   .000E+00
         .1744   .000E+00   .000E+00   .000E+00   .000E+00   .000E+00  -.200E+02   .000E+00   .000E+00   .000E+00
         .1781   .000E+00   .000E+00   .000E+00   .000E+00   .000E+00  -.203E+02   .000E+00   .000E+00   .000E+00
         .1822   .000E+00   .000E+00   .000E+00   .000E+00   .000E+00  -.206E+02   .000E+00   .000E+00   .000E+00
         .1866   .000E+00   .000E+00   .000E+00   .000E+00   .000E+00  -.210E+02   .000E+00   .000E+00   .000E+00
         .1911   .000E+00   .000E+00   .000E+00   .000E+00   .000E+00  -.213E+02   .000E+00   .000E+00   .000E+00
         .1956   .000E+00   .000E+00   .000E+00   .000E+00   .000E+00  -.217E+02   .000E+00   .000E+00   .000E+00
         .2000   .000E+00   .000E+00   .000E+00   .000E+00   .000E+00  -.220E+02   .000E+00   .000E+00   .000E+00
         .2045   .000E+00   .000E+00   .000E+00   .000E+00   .000E+00  -.224E+02   .000E+00   .000E+00   .000E+00
         .2094   .000E+00   .000E+00   .000E+00   .000E+00   .000E+00  -.227E+02   .000E+00   .000E+00   .000E+00
         .2148   .000E+00   .000E+00   .000E+00   .000E+00   .000E+00  -.231E+02   .000E+00   .000E+00   .000E+00
         .2208   .000E+00   .000E+00   .000E+00   .000E+00   .000E+00  -.236E+02   .000E+00   .000E+00   .000E+00
         .2273   .000E+00   .000E+00   .000E+00   .000E+00   .000E+00  -.241E+02   .000E+00   .000E+00   .000E+00
         .2345   .000E+00   .000E+00   .000E+00   .000E+00   .000E+00  -.246E+02   .000E+00   .000E+00   .000E+00
         .2424   .000E+00   .000E+00   .000E+00   .000E+00   .000E+00  -.252E+02   .000E+00   .000E+00   .000E+00
         .2503   .000E+00   .000E+00   .000E+00   .000E+00   .000E+00  -.258E+02   .000E+00   .000E+00   .000E+00
         .2582   .000E+00   .000E+00   .000E+00   .000E+00   .000E+00  -.264E+02   .000E+00   .000E+00   .000E+00
         .2661   .000E+00   .000E+00   .000E+00   .000E+00   .000E+00  -.271E+02   .000E+00   .000E+00   .000E+00
         .2740   .000E+00   .000E+00   .000E+00   .000E+00   .000E+00  -.277E+02   .000E+00   .000E+00   .000E+00
         .2819   .000E+00   .000E+00   .000E+00   .000E+00   .000E+00  -.283E+02   .000E+00   .000E+00   .000E+00
         .2898   .000E+00   .000E+00   .000E+00   .000E+00   .000E+00  -.289E+02   .000E+00   .000E+00   .000E+00
         .2977   .000E+00   .000E+00   .000E+00   .000E+00   .000E+00  -.296E+02   .000E+00   .000E+00   .000E+00
         .3056   .000E+00   .000E+00   .000E+00   .000E+00   .000E+00  -.302E+02   .000E+00   .000E+00   .000E+00
         .3135   .000E+00   .000E+00   .000E+00   .000E+00   .000E+00  -.308E+02   .000E+00   .000E+00   .000E+00
         .3213   .000E+00   .000E+00   .000E+00   .000E+00   .000E+00  -.313E+02   .000E+00   .000E+00   .000E+00
         .3292   .000E+00   .000E+00   .000E+00   .000E+00   .000E+00  -.319E+02   .000E+00   .000E+00   .000E+00
         .3371   .000E+00   .000E+00   .000E+00   .000E+00   .000E+00  -.324E+02   .000E+00   .000E+00   .000E+00
         .3450   .000E+00   .000E+00   .000E+00   .000E+00   .000E+00  -.330E+02   .000E+00   .000E+00   .000E+00
         .3529   .000E+00   .000E+00   .000E+00   .000E+00   .000E+00  -.335E+02   .000E+00   .000E+00   .000E+00
         .3608   .000E+00   .000E+00   .000E+00   .000E+00   .000E+00  -.340E+02   .000E+00   .000E+00   .000E+00
         .3687   .000E+00   .000E+00   .000E+00   .000E+00   .000E+00  -.346E+02   .000E+00   .000E+00   .000E+00
         .3766   .000E+00   .000E+00   .000E+00   .000E+00   .000E+00  -.351E+02   .000E+00   .000E+00   .000E+00
         .3845   .000E+00   .000E+00   .000E+00   .000E+00   .000E+00  -.356E+02   .000E+00   .000E+00   .000E+00
         .3924   .000E+00   .000E+00   .000E+00   .000E+00   .000E+00  -.361E+02   .000E+00   .000E+00   .000E+00
         .4003   .000E+00   .000E+00   .000E+00   .000E+00   .000E+00  -.366E+02   .000E+00   .000E+00   .000E+00
         .4082   .000E+00   .000E+00   .000E+00   .000E+00   .000E+00  -.371E+02   .000E+00   .000E+00   .000E+00
         .4169   .000E+00   .000E+00   .000E+00   .000E+00   .000E+00  -.377E+02   .000E+00   .000E+00   .000E+00
         .4264   .000E+00   .000E+00   .000E+00   .000E+00   .000E+00  -.383E+02   .000E+00   .000E+00   .000E+00
         .4370   .000E+00   .000E+00   .000E+00   .000E+00   .000E+00  -.390E+02   .000E+00   .000E+00   .000E+00
         .4477   .000E+00   .000E+00   .000E+00   .000E+00   .000E+00  -.397E+02   .000E+00   .000E+00   .000E+00
         .4583   .000E+00   .000E+00   .000E+00   .000E+00   .000E+00  -.403E+02   .000E+00   .000E+00   .000E+00
         .4689   .000E+00   .000E+00   .000E+00   .000E+00   .000E+00  -.410E+02   .000E+00   .000E+00   .000E+00
         .4795   .000E+00   .000E+00   .000E+00   .000E+00   .000E+00  -.417E+02   .000E+00   .000E+00   .000E+00
         .4901   .000E+00   .000E+00   .000E+00   .000E+00   .000E+00  -.424E+02   .000E+00   .000E+00   .000E+00
         .5017   .000E+00   .000E+00   .000E+00   .000E+00   .000E+00  -.431E+02   .000E+00   .000E+00   .000E+00
         .5133   .000E+00   .000E+00   .000E+00   .000E+00   .000E+00  -.438E+02   .000E+00   .000E+00   .000E+00
         .5249   .000E+00   .000E+00   .000E+00   .000E+00   .000E+00  -.445E+02   .000E+00   .000E+00   .000E+00
         .5365   .000E+00   .000E+00   .000E+00   .000E+00   .000E+00  -.453E+02   .000E+00   .000E+00   .000E+00
         .5481   .000E+00   .000E+00   .000E+00   .000E+00   .000E+00  -.460E+02   .000E+00   .000E+00   .000E+00
         .5597   .000E+00   .000E+00   .000E+00   .000E+00   .000E+00  -.468E+02   .000E+00   .000E+00   .000E+00
         .5713   .000E+00   .000E+00   .000E+00   .000E+00   .000E+00  -.475E+02   .000E+00   .000E+00   .000E+00
         .5828   .000E+00   .000E+00   .000E+00   .000E+00   .000E+00  -.482E+02   .000E+00   .000E+00   .000E+00
         .5944   .000E+00   .000E+00   .000E+00   .000E+00   .000E+00  -.490E+02   .000E+00   .000E+00   .000E+00
         .6060   .000E+00   .000E+00   .000E+00   .000E+00   .000E+00  -.497E+02   .000E+00   .000E+00   .000E+00
         .6176   .000E+00   .000E+00   .000E+00   .000E+00   .000E+00  -.504E+02   .000E+00   .000E+00   .000E+00
         .6292   .000E+00   .000E+00   .000E+00   .000E+00   .000E+00  -.511E+02   .000E+00   .000E+00   .000E+00
         .6408   .000E+00   .000E+00   .000E+00   .000E+00   .000E+00  -.518E+02   .000E+00   .000E+00   .000E+00
         .6524   .000E+00   .000E+00   .000E+00   .000E+00   .000E+00  -.525E+02   .000E+00   .000E+00   .000E+00
         .6640   .000E+00   .000E+00   .000E+00   .000E+00   .000E+00  -.532E+02   .000E+00   .000E+00   .000E+00
         .6755   .000E+00   .000E+00   .000E+00   .000E+00   .000E+00  -.539E+02   .000E+00   .000E+00   .000E+00
         .6871   .000E+00   .000E+00   .000E+00   .000E+00   .000E+00  -.545E+02   .000E+00   .000E+00   .000E+00
         .6987   .000E+00   .000E+00   .000E+00   .000E+00   .000E+00  -.552E+02   .000E+00   .000E+00   .000E+00
         .7103   .000E+00   .000E+00   .000E+00   .000E+00   .000E+00  -.558E+02   .000E+00   .000E+00   .000E+00
         .7219   .000E+00   .000E+00   .000E+00   .000E+00   .000E+00  -.565E+02   .000E+00   .000E+00   .000E+00
         .7345   .000E+00   .000E+00   .000E+00   .000E+00   .000E+00  -.572E+02   .000E+00   .000E+00   .000E+00
         .7485   .000E+00   .000E+00   .000E+00   .000E+00   .000E+00  -.580E+02   .000E+00   .000E+00   .000E+00
         .7625   .000E+00   .000E+00   .000E+00   .000E+00   .000E+00  -.588E+02   .000E+00   .000E+00   .000E+00
         .7765   .000E+00   .000E+00   .000E+00   .000E+00   .000E+00  -.595E+02   .000E+00   .000E+00   .000E+00
         .7904   .000E+00   .000E+00   .000E+00   .000E+00   .000E+00  -.603E+02   .000E+00   .000E+00   .000E+00
         .8044   .000E+00   .000E+00   .000E+00   .000E+00   .000E+00  -.611E+02   .000E+00   .000E+00   .000E+00
         .8184   .000E+00   .000E+00   .000E+00   .000E+00   .000E+00  -.619E+02   .000E+00   .000E+00   .000E+00
         .8323   .000E+00   .000E+00   .000E+00   .000E+00   .000E+00  -.627E+02   .000E+00   .000E+00   .000E+00
         .8463   .000E+00   .000E+00   .000E+00   .000E+00   .000E+00  -.635E+02   .000E+00   .000E+00   .000E+00
         .8603   .000E+00   .000E+00   .000E+00   .000E+00   .000E+00  -.642E+02   .000E+00   .000E+00   .000E+00
         .8743   .000E+00   .000E+00   .000E+00   .000E+00   .000E+00  -.650E+02   .000E+00   .000E+00   .000E+00
         .8882   .000E+00   .000E+00   .000E+00   .000E+00   .000E+00  -.658E+02   .000E+00   .000E+00   .000E+00
         .9022   .000E+00   .000E+00   .000E+00   .000E+00   .000E+00  -.666E+02   .000E+00   .000E+00   .000E+00
         .9162   .000E+00   .000E+00   .000E+00   .000E+00   .000E+00  -.673E+02   .000E+00   .000E+00   .000E+00
         .9301   .000E+00   .000E+00   .000E+00   .000E+00   .000E+00  -.681E+02   .000E+00   .000E+00   .000E+00
         .9441   .000E+00   .000E+00   .000E+00   .000E+00   .000E+00  -.689E+02   .000E+00   .000E+00   .000E+00
         .9581   .000E+00   .000E+00   .000E+00   .000E+00   .000E+00  -.696E+02   .000E+00   .000E+00   .000E+00
         .9721   .000E+00   .000E+00   .000E+00   .000E+00   .000E+00  -.704E+02   .000E+00   .000E+00   .000E+00
         .9860   .000E+00   .000E+00   .000E+00   .000E+00   .000E+00  -.711E+02   .000E+00   .000E+00   .000E+00
        1.0000   .000E+00   .000E+00   .000E+00   .000E+00   .000E+00  -.719E+02   .000E+00   .000E+00   .000E+00
        1.0154   .000E+00   .000E+00   .000E+00   .000E+00   .000E+00  -.727E+02   .000E+00   .000E+00   .000E+00
        1.0309   .000E+00   .000E+00   .000E+00   .000E+00   .000E+00  -.736E+02   .000E+00   .000E+00   .000E+00
        1.0463   .000E+00   .000E+00   .000E+00   .000E+00   .000E+00  -.744E+02   .000E+00   .000E+00   .000E+00
        1.0618   .000E+00   .000E+00   .000E+00   .000E+00   .000E+00  -.752E+02   .000E+00   .000E+00   .000E+00
        1.0772   .000E+00   .000E+00   .000E+00   .000E+00   .000E+00  -.760E+02   .000E+00   .000E+00   .000E+00
        1.0927   .000E+00   .000E+00   .000E+00   .000E+00   .000E+00  -.768E+02   .000E+00   .000E+00   .000E+00
        1.1081   .000E+00   .000E+00   .000E+00   .000E+00   .000E+00  -.776E+02   .000E+00   .000E+00   .000E+00
        1.1236   .000E+00   .000E+00   .000E+00   .000E+00   .000E+00  -.784E+02   .000E+00   .000E+00   .000E+00
        1.1390   .000E+00   .000E+00   .000E+00   .000E+00   .000E+00  -.792E+02   .000E+00   .000E+00   .000E+00
        1.1544   .000E+00   .000E+00   .000E+00   .000E+00   .000E+00  -.800E+02   .000E+00   .000E+00   .000E+00
        1.1699   .000E+00   .000E+00   .000E+00   .000E+00   .000E+00  -.808E+02   .000E+00   .000E+00   .000E+00
        1.1853   .000E+00   .000E+00   .000E+00   .000E+00   .000E+00  -.815E+02   .000E+00   .000E+00   .000E+00
        1.2008   .000E+00   .000E+00   .000E+00   .000E+00   .000E+00  -.823E+02   .000E+00   .000E+00   .000E+00
        1.2178   .000E+00   .000E+00   .000E+00   .000E+00   .000E+00  -.832E+02   .000E+00   .000E+00   .000E+00
        1.2365   .000E+00   .000E+00   .000E+00   .000E+00   .000E+00  -.841E+02   .000E+00   .000E+00   .000E+00
        1.2571   .000E+00   .000E+00   .000E+00   .000E+00   .000E+00  -.851E+02   .000E+00   .000E+00   .000E+00
        1.2777   .000E+00   .000E+00   .000E+00   .000E+00   .000E+00  -.862E+02   .000E+00   .000E+00   .000E+00
        1.2982   .000E+00   .000E+00   .000E+00   .000E+00   .000E+00  -.872E+02   .000E+00   .000E+00   .000E+00
        1.3188   .000E+00   .000E+00   .000E+00   .000E+00   .000E+00  -.882E+02   .000E+00   .000E+00   .000E+00
        1.3414   .000E+00   .000E+00   .000E+00   .000E+00   .000E+00  -.893E+02   .000E+00   .000E+00   .000E+00
        1.3640   .000E+00   .000E+00   .000E+00   .000E+00   .000E+00  -.904E+02   .000E+00   .000E+00   .000E+00
        1.3865   .000E+00   .000E+00   .000E+00   .000E+00   .000E+00  -.915E+02   .000E+00   .000E+00   .000E+00
        1.4091   .000E+00   .000E+00   .000E+00   .000E+00   .000E+00  -.926E+02   .000E+00   .000E+00   .000E+00
        1.4317   .000E+00   .000E+00   .000E+00   .000E+00   .000E+00  -.937E+02   .000E+00   .000E+00   .000E+00
        1.4543   .000E+00   .000E+00   .000E+00   .000E+00   .000E+00  -.948E+02   .000E+00   .000E+00   .000E+00
        1.4769   .000E+00   .000E+00   .000E+00   .000E+00   .000E+00  -.959E+02   .000E+00   .000E+00   .000E+00
        1.4995   .000E+00   .000E+00   .000E+00   .000E+00   .000E+00  -.970E+02   .000E+00   .000E+00   .000E+00
        1.5221   .000E+00   .000E+00   .000E+00   .000E+00   .000E+00  -.981E+02   .000E+00   .000E+00   .000E+00
        1.5469   .000E+00   .000E+00   .000E+00   .000E+00   .000E+00  -.993E+02   .000E+00   .000E+00   .000E+00
        1.5717   .000E+00   .000E+00   .000E+00   .000E+00   .000E+00  -.100E+03   .000E+00   .000E+00   .000E+00
        1.5966   .000E+00   .000E+00   .000E+00   .000E+00   .000E+00  -.102E+03   .000E+00   .000E+00   .000E+00
        1.6240   .000E+00   .000E+00   .000E+00   .000E+00   .000E+00  -.103E+03   .000E+00   .000E+00   .000E+00
        1.6515   .000E+00   .000E+00   .000E+00   .000E+00   .000E+00  -.104E+03   .000E+00   .000E+00   .000E+00
        1.6789   .000E+00   .000E+00   .000E+00   .000E+00   .000E+00  -.106E+03   .000E+00   .000E+00   .000E+00
        1.7064   .000E+00   .000E+00   .000E+00   .000E+00   .000E+00  -.107E+03   .000E+00   .000E+00   .000E+00
        1.7338   .000E+00   .000E+00   .000E+00   .000E+00   .000E+00  -.108E+03   .000E+00   .000E+00   .000E+00
        1.7613   .000E+00   .000E+00   .000E+00   .000E+00   .000E+00  -.110E+03   .000E+00   .000E+00   .000E+00
        1.7887   .000E+00   .000E+00   .000E+00   .000E+00   .000E+00  -.111E+03   .000E+00   .000E+00   .000E+00
        1.8162   .000E+00   .000E+00   .000E+00   .000E+00   .000E+00  -.112E+03   .000E+00   .000E+00   .000E+00
        1.8436   .000E+00   .000E+00   .000E+00   .000E+00   .000E+00  -.114E+03   .000E+00   .000E+00   .000E+00
        1.8710   .000E+00   .000E+00   .000E+00   .000E+00   .000E+00  -.115E+03   .000E+00   .000E+00   .000E+00
        1.9011   .000E+00   .000E+00   .000E+00   .000E+00   .000E+00  -.116E+03   .000E+00   .000E+00   .000E+00
        1.9312   .000E+00   .000E+00   .000E+00   .000E+00   .000E+00  -.118E+03   .000E+00   .000E+00   .000E+00
        1.9613   .000E+00   .000E+00   .000E+00   .000E+00   .000E+00  -.119E+03   .000E+00   .000E+00   .000E+00
        1.9914   .000E+00   .000E+00   .000E+00   .000E+00   .000E+00  -.121E+03   .000E+00   .000E+00   .000E+00
        2.0215   .000E+00   .000E+00   .000E+00   .000E+00   .000E+00  -.122E+03   .000E+00   .000E+00   .000E+00
        2.0516   .000E+00   .000E+00   .000E+00   .000E+00   .000E+00  -.124E+03   .000E+00   .000E+00   .000E+00
        2.0817   .000E+00   .000E+00   .000E+00   .000E+00   .000E+00  -.125E+03   .000E+00   .000E+00   .000E+00
        2.1117   .000E+00   .000E+00   .000E+00   .000E+00   .000E+00  -.126E+03   .000E+00   .000E+00   .000E+00
        2.1418   .000E+00   .000E+00   .000E+00   .000E+00   .000E+00  -.128E+03   .000E+00   .000E+00   .000E+00
        2.1751   .000E+00   .000E+00   .000E+00   .000E+00   .000E+00  -.129E+03   .000E+00   .000E+00   .000E+00
        2.2083   .000E+00   .000E+00   .000E+00   .000E+00   .000E+00  -.131E+03   .000E+00   .000E+00   .000E+00
        2.2445   .000E+00   .000E+00   .000E+00   .000E+00   .000E+00  -.132E+03   .000E+00   .000E+00   .000E+00
        2.2845   .000E+00   .000E+00   .000E+00   .000E+00   .000E+00  -.134E+03   .000E+00   .000E+00   .000E+00
        2.3283   .000E+00   .000E+00   .000E+00   .000E+00   .000E+00  -.136E+03   .000E+00   .000E+00   .000E+00
        2.3721   .000E+00   .000E+00   .000E+00   .000E+00   .000E+00  -.138E+03   .000E+00   .000E+00   .000E+00
        2.4159   .000E+00   .000E+00   .000E+00   .000E+00   .000E+00  -.140E+03   .000E+00   .000E+00   .000E+00
        2.4597   .000E+00   .000E+00   .000E+00   .000E+00   .000E+00  -.142E+03   .000E+00   .000E+00   .000E+00
        2.5035   .000E+00   .000E+00   .000E+00   .000E+00   .000E+00  -.143E+03   .000E+00   .000E+00   .000E+00
        2.5473   .000E+00   .000E+00   .000E+00   .000E+00   .000E+00  -.145E+03   .000E+00   .000E+00   .000E+00
        2.5911   .000E+00   .000E+00   .000E+00   .000E+00   .000E+00  -.147E+03   .000E+00   .000E+00   .000E+00
        2.6349   .000E+00   .000E+00   .000E+00   .000E+00   .000E+00  -.149E+03   .000E+00   .000E+00   .000E+00
        2.6787   .000E+00   .000E+00   .000E+00   .000E+00   .000E+00  -.151E+03   .000E+00   .000E+00   .000E+00
        2.7225   .000E+00   .000E+00   .000E+00   .000E+00   .000E+00  -.153E+03   .000E+00   .000E+00   .000E+00
        2.7663   .000E+00   .000E+00   .000E+00   .000E+00   .000E+00  -.155E+03   .000E+00   .000E+00   .000E+00
        2.8101   .000E+00   .000E+00   .000E+00   .000E+00   .000E+00  -.157E+03   .000E+00   .000E+00   .000E+00
        2.8587   .000E+00   .000E+00   .000E+00   .000E+00   .000E+00  -.159E+03   .000E+00   .000E+00   .000E+00
        2.9074   .000E+00   .000E+00   .000E+00   .000E+00   .000E+00  -.161E+03   .000E+00   .000E+00   .000E+00
        2.9561   .000E+00   .000E+00   .000E+00   .000E+00   .000E+00  -.163E+03   .000E+00   .000E+00   .000E+00
        3.0047   .000E+00   .000E+00   .000E+00   .000E+00   .000E+00  -.165E+03   .000E+00   .000E+00   .000E+00
        3.0534   .000E+00   .000E+00   .000E+00   .000E+00   .000E+00  -.167E+03   .000E+00   .000E+00   .000E+00
        3.1021   .000E+00   .000E+00   .000E+00   .000E+00   .000E+00  -.169E+03   .000E+00   .000E+00   .000E+00
        3.1507   .000E+00   .000E+00   .000E+00   .000E+00   .000E+00  -.171E+03   .000E+00   .000E+00   .000E+00
        3.1994   .000E+00   .000E+00   .000E+00   .000E+00   .000E+00  -.173E+03   .000E+00   .000E+00   .000E+00
        3.2481   .000E+00   .000E+00   .000E+00   .000E+00   .000E+00  -.175E+03   .000E+00   .000E+00   .000E+00
        3.2967   .000E+00   .000E+00   .000E+00   .000E+00   .000E+00  -.177E+03   .000E+00   .000E+00   .000E+00
        3.3454   .000E+00   .000E+00   .000E+00   .000E+00   .000E+00  -.180E+03   .000E+00   .000E+00   .000E+00
        3.3940   .000E+00   .000E+00   .000E+00   .000E+00   .000E+00  -.182E+03   .000E+00   .000E+00   .000E+00
        3.4427   .000E+00   .000E+00   .000E+00   .000E+00   .000E+00  -.184E+03   .000E+00   .000E+00   .000E+00
        3.4914   .000E+00   .000E+00   .000E+00   .000E+00   .000E+00  -.186E+03   .000E+00   .000E+00   .000E+00
        3.5400   .000E+00   .000E+00   .000E+00   .000E+00   .000E+00  -.188E+03   .000E+00   .000E+00   .000E+00
        3.5941   .000E+00   .000E+00   .000E+00   .000E+00   .000E+00  -.190E+03   .000E+00   .000E+00   .000E+00
        3.6482   .000E+00   .000E+00   .000E+00   .000E+00   .000E+00  -.192E+03   .000E+00   .000E+00   .000E+00
        3.7023   .000E+00   .000E+00   .000E+00   .000E+00   .000E+00  -.194E+03   .000E+00   .000E+00   .000E+00
        3.7563   .000E+00   .000E+00   .000E+00   .000E+00   .000E+00  -.197E+03   .000E+00   .000E+00   .000E+00
        3.8104   .000E+00   .000E+00   .000E+00   .000E+00   .000E+00  -.199E+03   .000E+00   .000E+00   .000E+00
        3.8645   .000E+00   .000E+00   .000E+00   .000E+00   .000E+00  -.201E+03   .000E+00   .000E+00   .000E+00
        3.9242   .000E+00   .000E+00   .000E+00   .000E+00   .000E+00  -.204E+03   .000E+00   .000E+00   .000E+00
        3.9840   .000E+00   .000E+00   .000E+00   .000E+00   .000E+00  -.206E+03   .000E+00   .000E+00   .000E+00
        4.0438   .000E+00   .000E+00   .000E+00   .000E+00   .000E+00  -.208E+03   .000E+00   .000E+00   .000E+00
        4.1035   .000E+00   .000E+00   .000E+00   .000E+00   .000E+00  -.211E+03   .000E+00   .000E+00   .000E+00
        4.1676   .000E+00   .000E+00   .000E+00   .000E+00   .000E+00  -.213E+03   .000E+00   .000E+00   .000E+00
        4.2316   .000E+00   .000E+00   .000E+00   .000E+00   .000E+00  -.216E+03   .000E+00   .000E+00   .000E+00
        4.3015   .000E+00   .000E+00   .000E+00   .000E+00   .000E+00  -.219E+03   .000E+00   .000E+00   .000E+00
        4.3791   .000E+00   .000E+00   .000E+00   .000E+00   .000E+00  -.222E+03   .000E+00   .000E+00   .000E+00
        4.4567   .000E+00   .000E+00   .000E+00   .000E+00   .000E+00  -.225E+03   .000E+00   .000E+00   .000E+00
        4.5343   .000E+00   .000E+00   .000E+00   .000E+00   .000E+00  -.228E+03   .000E+00   .000E+00   .000E+00
        4.6119   .000E+00   .000E+00   .000E+00   .000E+00   .000E+00  -.231E+03   .000E+00   .000E+00   .000E+00
        4.6895   .000E+00   .000E+00   .000E+00   .000E+00   .000E+00  -.234E+03   .000E+00   .000E+00   .000E+00
        4.7672   .000E+00   .000E+00   .000E+00   .000E+00   .000E+00  -.237E+03   .000E+00   .000E+00   .000E+00
        4.8448   .000E+00   .000E+00   .000E+00   .000E+00   .000E+00  -.240E+03   .000E+00   .000E+00   .000E+00
        4.9224   .000E+00   .000E+00   .000E+00   .000E+00   .000E+00  -.243E+03   .000E+00   .000E+00   .000E+00
        5.0000   .000E+00   .000E+00   .000E+00   .000E+00   .000E+00  -.246E+03   .000E+00   .000E+00   .000E+00
        5.0781   .000E+00   .000E+00   .000E+00   .000E+00   .000E+00  -.249E+03   .000E+00   .000E+00   .000E+00
        5.1563   .000E+00   .000E+00   .000E+00   .000E+00   .000E+00  -.252E+03   .000E+00   .000E+00   .000E+00
        5.2344   .000E+00   .000E+00   .000E+00   .000E+00   .000E+00  -.255E+03   .000E+00   .000E+00   .000E+00
        5.3125   .000E+00   .000E+00   .000E+00   .000E+00   .000E+00  -.258E+03   .000E+00   .000E+00   .000E+00
        5.3906   .000E+00   .000E+00   .000E+00   .000E+00   .000E+00  -.261E+03   .000E+00   .000E+00   .000E+00
        5.4688   .000E+00   .000E+00   .000E+00   .000E+00   .000E+00  -.264E+03   .000E+00   .000E+00   .000E+00
        5.5469   .000E+00   .000E+00   .000E+00   .000E+00   .000E+00  -.267E+03   .000E+00   .000E+00   .000E+00
        5.6325   .000E+00   .000E+00   .000E+00   .000E+00   .000E+00  -.271E+03   .000E+00   .000E+00   .000E+00
        5.7181   .000E+00   .000E+00   .000E+00   .000E+00   .000E+00  -.274E+03   .000E+00   .000E+00   .000E+00
        5.8038   .000E+00   .000E+00   .000E+00   .000E+00   .000E+00  -.277E+03   .000E+00   .000E+00   .000E+00
        5.8894   .000E+00   .000E+00   .000E+00   .000E+00   .000E+00  -.281E+03   .000E+00   .000E+00   .000E+00
        5.9751   .000E+00   .000E+00   .000E+00   .000E+00   .000E+00  -.284E+03   .000E+00   .000E+00   .000E+00
        6.0607   .000E+00   .000E+00   .000E+00   .000E+00   .000E+00  -.287E+03   .000E+00   .000E+00   .000E+00
        6.1545   .000E+00   .000E+00   .000E+00   .000E+00   .000E+00  -.291E+03   .000E+00   .000E+00   .000E+00
        6.2483   .000E+00   .000E+00   .000E+00   .000E+00   .000E+00  -.294E+03   .000E+00   .000E+00   .000E+00
        6.3421   .000E+00   .000E+00   .000E+00   .000E+00   .000E+00  -.298E+03   .000E+00   .000E+00   .000E+00
        6.4466   .000E+00   .000E+00   .000E+00   .000E+00   .000E+00  -.302E+03   .000E+00   .000E+00   .000E+00
        6.5511   .000E+00   .000E+00   .000E+00   .000E+00   .000E+00  -.306E+03   .000E+00   .000E+00   .000E+00
        6.6556   .000E+00   .000E+00   .000E+00   .000E+00   .000E+00  -.310E+03   .000E+00   .000E+00   .000E+00
        6.7709   .000E+00   .000E+00   .000E+00   .000E+00   .000E+00  -.314E+03   .000E+00   .000E+00   .000E+00
        6.8863   .000E+00   .000E+00   .000E+00   .000E+00   .000E+00  -.318E+03   .000E+00   .000E+00   .000E+00
        7.0016   .000E+00   .000E+00   .000E+00   .000E+00   .000E+00  -.322E+03   .000E+00   .000E+00   .000E+00
        7.1169   .000E+00   .000E+00   .000E+00   .000E+00   .000E+00  -.327E+03   .000E+00   .000E+00   .000E+00
        7.2322   .000E+00   .000E+00   .000E+00   .000E+00   .000E+00  -.331E+03   .000E+00   .000E+00   .000E+00
        7.3476   .000E+00   .000E+00   .000E+00   .000E+00   .000E+00  -.335E+03   .000E+00   .000E+00   .000E+00
        7.4739   .000E+00   .000E+00   .000E+00   .000E+00   .000E+00  -.340E+03   .000E+00   .000E+00   .000E+00
        7.6002   .000E+00   .000E+00   .000E+00   .000E+00   .000E+00  -.345E+03   .000E+00   .000E+00   .000E+00
        7.7265   .000E+00   .000E+00   .000E+00   .000E+00   .000E+00  -.349E+03   .000E+00   .000E+00   .000E+00
        7.8528   .000E+00   .000E+00   .000E+00   .000E+00   .000E+00  -.354E+03   .000E+00   .000E+00   .000E+00
        7.9791   .000E+00   .000E+00   .000E+00   .000E+00   .000E+00  -.358E+03   .000E+00   .000E+00   .000E+00
        8.1054   .000E+00   .000E+00   .000E+00   .000E+00   .000E+00  -.363E+03   .000E+00   .000E+00   .000E+00
        8.2317   .000E+00   .000E+00   .000E+00   .000E+00   .000E+00  -.368E+03   .000E+00   .000E+00   .000E+00
        8.3580   .000E+00   .000E+00   .000E+00   .000E+00   .000E+00  -.372E+03   .000E+00   .000E+00   .000E+00
        8.4843   .000E+00   .000E+00   .000E+00   .000E+00   .000E+00  -.377E+03   .000E+00   .000E+00   .000E+00
        8.6106   .000E+00   .000E+00   .000E+00   .000E+00   .000E+00  -.381E+03   .000E+00   .000E+00   .000E+00
        8.7369   .000E+00   .000E+00   .000E+00   .000E+00   .000E+00  -.386E+03   .000E+00   .000E+00   .000E+00
        8.8632   .000E+00   .000E+00   .000E+00   .000E+00   .000E+00  -.390E+03   .000E+00   .000E+00   .000E+00
        9.0053   .000E+00   .000E+00   .000E+00   .000E+00   .000E+00  -.396E+03   .000E+00   .000E+00   .000E+00
        9.1474   .000E+00   .000E+00   .000E+00   .000E+00   .000E+00  -.401E+03   .000E+00   .000E+00   .000E+00
        9.2895   .000E+00   .000E+00   .000E+00   .000E+00   .000E+00  -.406E+03   .000E+00   .000E+00   .000E+00
        9.4316   .000E+00   .000E+00   .000E+00   .000E+00   .000E+00  -.411E+03   .000E+00   .000E+00   .000E+00
        9.5737   .000E+00   .000E+00   .000E+00   .000E+00   .000E+00  -.416E+03   .000E+00   .000E+00   .000E+00
        9.7158   .000E+00   .000E+00   .000E+00   .000E+00   .000E+00  -.421E+03   .000E+00   .000E+00   .000E+00
        9.8579   .000E+00   .000E+00   .000E+00   .000E+00   .000E+00  -.426E+03   .000E+00   .000E+00   .000E+00
       10.0000   .000E+00   .000E+00   .000E+00   .000E+00   .000E+00  -.431E+03   .000E+00   .000E+00   .000E+00
       10.1389   .000E+00   .000E+00   .000E+00   .000E+00   .000E+00  -.436E+03   .000E+00   .000E+00   .000E+00
       10.2908   .000E+00   .000E+00   .000E+00   .000E+00   .000E+00  -.441E+03   .000E+00   .000E+00   .000E+00
       10.4427   .000E+00   .000E+00   .000E+00   .000E+00   .000E+00  -.447E+03   .000E+00   .000E+00   .000E+00
       10.5946   .000E+00   .000E+00   .000E+00   .000E+00   .000E+00  -.452E+03   .000E+00   .000E+00   .000E+00
       10.7641   .000E+00   .000E+00   .000E+00   .000E+00   .000E+00  -.458E+03   .000E+00   .000E+00   .000E+00
       10.9335   .000E+00   .000E+00   .000E+00   .000E+00   .000E+00  -.464E+03   .000E+00   .000E+00   .000E+00
       11.1029   .000E+00   .000E+00   .000E+00   .000E+00   .000E+00  -.470E+03   .000E+00   .000E+00   .000E+00
       11.2724   .000E+00   .000E+00   .000E+00   .000E+00   .000E+00  -.475E+03   .000E+00   .000E+00   .000E+00
       11.4418   .000E+00   .000E+00   .000E+00   .000E+00   .000E+00  -.481E+03   .000E+00   .000E+00   .000E+00
       11.6112   .000E+00   .000E+00   .000E+00   .000E+00   .000E+00  -.487E+03   .000E+00   .000E+00   .000E+00
       11.7807   .000E+00   .000E+00   .000E+00   .000E+00   .000E+00  -.493E+03   .000E+00   .000E+00   .000E+00
       11.9501   .000E+00   .000E+00   .000E+00   .000E+00   .000E+00  -.499E+03   .000E+00   .000E+00   .000E+00
       12.1196   .000E+00   .000E+00   .000E+00   .000E+00   .000E+00  -.505E+03   .000E+00   .000E+00   .000E+00
       12.2996   .000E+00   .000E+00   .000E+00   .000E+00   .000E+00  -.511E+03   .000E+00   .000E+00   .000E+00
       12.4796   .000E+00   .000E+00   .000E+00   .000E+00   .000E+00  -.517E+03   .000E+00   .000E+00   .000E+00
       12.6596   .000E+00   .000E+00   .000E+00   .000E+00   .000E+00  -.523E+03   .000E+00   .000E+00   .000E+00
       12.8397   .000E+00   .000E+00   .000E+00   .000E+00   .000E+00  -.530E+03   .000E+00   .000E+00   .000E+00
       13.0361   .000E+00   .000E+00   .000E+00   .000E+00   .000E+00  -.536E+03   .000E+00   .000E+00   .000E+00
       13.2325   .000E+00   .000E+00   .000E+00   .000E+00   .000E+00  -.543E+03   .000E+00   .000E+00   .000E+00
       13.4289   .000E+00   .000E+00   .000E+00   .000E+00   .000E+00  -.550E+03   .000E+00   .000E+00   .000E+00
       13.6252   .000E+00   .000E+00   .000E+00   .000E+00   .000E+00  -.556E+03   .000E+00   .000E+00   .000E+00
       13.8216   .000E+00   .000E+00   .000E+00   .000E+00   .000E+00  -.563E+03   .000E+00   .000E+00   .000E+00
       14.0180   .000E+00   .000E+00   .000E+00   .000E+00   .000E+00  -.570E+03   .000E+00   .000E+00   .000E+00
       14.2144   .000E+00   .000E+00   .000E+00   .000E+00   .000E+00  -.576E+03   .000E+00   .000E+00   .000E+00
       14.4108   .000E+00   .000E+00   .000E+00   .000E+00   .000E+00  -.583E+03   .000E+00   .000E+00   .000E+00
       14.6072   .000E+00   .000E+00   .000E+00   .000E+00   .000E+00  -.590E+03   .000E+00   .000E+00   .000E+00
       14.8036   .000E+00   .000E+00   .000E+00   .000E+00   .000E+00  -.596E+03   .000E+00   .000E+00   .000E+00
       15.0000   .000E+00   .000E+00   .000E+00   .000E+00   .000E+00  -.603E+03   .000E+00   .000E+00   .000E+00
       15.2000   .000E+00   .000E+00   .000E+00   .000E+00   .000E+00  -.610E+03   .000E+00   .000E+00   .000E+00
       15.4000   .000E+00   .000E+00   .000E+00   .000E+00   .000E+00  -.616E+03   .000E+00   .000E+00   .000E+00
       15.6000   .000E+00   .000E+00   .000E+00   .000E+00   .000E+00  -.623E+03   .000E+00   .000E+00   .000E+00
       15.8000   .000E+00   .000E+00   .000E+00   .000E+00   .000E+00  -.630E+03   .000E+00   .000E+00   .000E+00
       16.0000   .000E+00   .000E+00   .000E+00   .000E+00   .000E+00  -.636E+03   .000E+00   .000E+00   .000E+00
       16.2222   .000E+00   .000E+00   .000E+00   .000E+00   .000E+00  -.644E+03   .000E+00   .000E+00   .000E+00
       16.4444   .000E+00   .000E+00   .000E+00   .000E+00   .000E+00  -.651E+03   .000E+00   .000E+00   .000E+00
       16.6667   .000E+00   .000E+00   .000E+00   .000E+00   .000E+00  -.659E+03   .000E+00   .000E+00   .000E+00
       16.8889   .000E+00   .000E+00   .000E+00   .000E+00   .000E+00  -.666E+03   .000E+00   .000E+00   .000E+00
       17.1111   .000E+00   .000E+00   .000E+00   .000E+00   .000E+00  -.673E+03   .000E+00   .000E+00   .000E+00
       17.3333   .000E+00   .000E+00   .000E+00   .000E+00   .000E+00  -.681E+03   .000E+00   .000E+00   .000E+00
       17.5556   .000E+00   .000E+00   .000E+00   .000E+00   .000E+00  -.688E+03   .000E+00   .000E+00   .000E+00
       17.7778   .000E+00   .000E+00   .000E+00   .000E+00   .000E+00  -.695E+03   .000E+00   .000E+00   .000E+00
       18.0000   .000E+00   .000E+00   .000E+00   .000E+00   .000E+00  -.703E+03   .000E+00   .000E+00   .000E+00
       18.2222   .000E+00   .000E+00   .000E+00   .000E+00   .000E+00  -.710E+03   .000E+00   .000E+00   .000E+00
       18.4444   .000E+00   .000E+00   .000E+00   .000E+00   .000E+00  -.717E+03   .000E+00   .000E+00   .000E+00
       18.6667   .000E+00   .000E+00   .000E+00   .000E+00   .000E+00  -.724E+03   .000E+00   .000E+00   .000E+00
       18.8889   .000E+00   .000E+00   .000E+00   .000E+00   .000E+00  -.732E+03   .000E+00   .000E+00   .000E+00
       19.1111   .000E+00   .000E+00   .000E+00   .000E+00   .000E+00  -.739E+03   .000E+00   .000E+00   .000E+00
       19.3333   .000E+00   .000E+00   .000E+00   .000E+00   .000E+00  -.746E+03   .000E+00   .000E+00   .000E+00
       19.5556   .000E+00   .000E+00   .000E+00   .000E+00   .000E+00  -.753E+03   .000E+00   .000E+00   .000E+00
       19.7778   .000E+00   .000E+00   .000E+00   .000E+00   .000E+00  -.761E+03   .000E+00   .000E+00   .000E+00
       20.0000   .000E+00   .000E+00   .000E+00   .000E+00   .000E+00  -.768E+03   .000E+00   .000E+00   .000E+00
       20.2500   .000E+00   .000E+00   .000E+00   .000E+00   .000E+00  -.776E+03   .000E+00   .000E+00   .000E+00
       20.5000   .000E+00   .000E+00   .000E+00   .000E+00   .000E+00  -.784E+03   .000E+00   .000E+00   .000E+00
       20.7500   .000E+00   .000E+00   .000E+00   .000E+00   .000E+00  -.792E+03   .000E+00   .000E+00   .000E+00
       21.0000   .000E+00   .000E+00   .000E+00   .000E+00   .000E+00  -.800E+03   .000E+00   .000E+00   .000E+00
       21.2500   .000E+00   .000E+00   .000E+00   .000E+00   .000E+00  -.808E+03   .000E+00   .000E+00   .000E+00
       21.5000   .000E+00   .000E+00   .000E+00   .000E+00   .000E+00  -.817E+03   .000E+00   .000E+00   .000E+00
       21.7500   .000E+00   .000E+00   .000E+00   .000E+00   .000E+00  -.825E+03   .000E+00   .000E+00   .000E+00
       22.0000   .000E+00   .000E+00   .000E+00   .000E+00   .000E+00  -.833E+03   .000E+00   .000E+00   .000E+00
       22.2500   .000E+00   .000E+00   .000E+00   .000E+00   .000E+00  -.841E+03   .000E+00   .000E+00   .000E+00
       22.5000   .000E+00   .000E+00   .000E+00   .000E+00   .000E+00  -.849E+03   .000E+00   .000E+00   .000E+00
       22.7500   .000E+00   .000E+00   .000E+00   .000E+00   .000E+00  -.857E+03   .000E+00   .000E+00   .000E+00
       23.0000   .000E+00   .000E+00   .000E+00   .000E+00   .000E+00  -.865E+03   .000E+00   .000E+00   .000E+00
       23.2500   .000E+00   .000E+00   .000E+00   .000E+00   .000E+00  -.873E+03   .000E+00   .000E+00   .000E+00
       23.5000   .000E+00   .000E+00   .000E+00   .000E+00   .000E+00  -.881E+03   .000E+00   .000E+00   .000E+00
       23.7500   .000E+00   .000E+00   .000E+00   .000E+00   .000E+00  -.889E+03   .000E+00   .000E+00   .000E+00
       24.0000   .000E+00   .000E+00   .000E+00   .000E+00   .000E+00  -.897E+03   .000E+00   .000E+00   .000E+00
       24.2500   .000E+00   .000E+00   .000E+00   .000E+00   .000E+00  -.905E+03   .000E+00   .000E+00   .000E+00
       24.5000   .000E+00   .000E+00   .000E+00   .000E+00   .000E+00  -.913E+03   .000E+00   .000E+00   .000E+00
       24.7500   .000E+00   .000E+00   .000E+00   .000E+00   .000E+00  -.921E+03   .000E+00   .000E+00   .000E+00
       25.0000   .000E+00   .000E+00   .000E+00   .000E+00   .000E+00  -.929E+03   .000E+00   .000E+00   .000E+00
       25.2500   .000E+00   .000E+00   .000E+00   .000E+00   .000E+00  -.937E+03   .000E+00   .000E+00   .000E+00
       25.5000   .000E+00   .000E+00   .000E+00   .000E+00   .000E+00  -.945E+03   .000E+00   .000E+00   .000E+00
       25.7500   .000E+00   .000E+00   .000E+00   .000E+00   .000E+00  -.953E+03   .000E+00   .000E+00   .000E+00
       26.0000   .000E+00   .000E+00   .000E+00   .000E+00   .000E+00  -.960E+03   .000E+00   .000E+00   .000E+00
       26.2500   .000E+00   .000E+00   .000E+00   .000E+00   .000E+00  -.968E+03   .000E+00   .000E+00   .000E+00
       26.5000   .000E+00   .000E+00   .000E+00   .000E+00   .000E+00  -.976E+03   .000E+00   .000E+00   .000E+00
       26.7500   .000E+00   .000E+00   .000E+00   .000E+00   .000E+00  -.984E+03   .000E+00   .000E+00   .000E+00
       27.0000   .000E+00   .000E+00   .000E+00   .000E+00   .000E+00  -.992E+03   .000E+00   .000E+00   .000E+00
       27.2500   .000E+00   .000E+00   .000E+00   .000E+00   .000E+00  -.100E+04   .000E+00   .000E+00   .000E+00
       27.5000   .000E+00   .000E+00   .000E+00   .000E+00   .000E+00  -.101E+04   .000E+00   .000E+00   .000E+00
       27.7500   .000E+00   .000E+00   .000E+00   .000E+00   .000E+00  -.102E+04   .000E+00   .000E+00   .000E+00
       28.0000   .000E+00   .000E+00   .000E+00   .000E+00   .000E+00  -.102E+04   .000E+00   .000E+00   .000E+00
       28.2500   .000E+00   .000E+00   .000E+00   .000E+00   .000E+00  -.103E+04   .000E+00   .000E+00   .000E+00
       28.5000   .000E+00   .000E+00   .000E+00   .000E+00   .000E+00  -.104E+04   .000E+00   .000E+00   .000E+00
       28.7500   .000E+00   .000E+00   .000E+00   .000E+00   .000E+00  -.105E+04   .000E+00   .000E+00   .000E+00
       29.0000   .000E+00   .000E+00   .000E+00   .000E+00   .000E+00  -.105E+04   .000E+00   .000E+00   .000E+00
       29.2500   .000E+00   .000E+00   .000E+00   .000E+00   .000E+00  -.106E+04   .000E+00   .000E+00   .000E+00
       29.5000   .000E+00   .000E+00   .000E+00   .000E+00   .000E+00  -.107E+04   .000E+00   .000E+00   .000E+00
       29.7500   .000E+00   .000E+00   .000E+00   .000E+00   .000E+00  -.108E+04   .000E+00   .000E+00   .000E+00
       30.0000   .000E+00   .000E+00   .000E+00   .000E+00   .000E+00  -.109E+04   .000E+00   .000E+00   .000E+00
       30.3571   .000E+00   .000E+00   .000E+00   .000E+00   .000E+00  -.110E+04   .000E+00   .000E+00   .000E+00
       30.7143   .000E+00   .000E+00   .000E+00   .000E+00   .000E+00  -.111E+04   .000E+00   .000E+00   .000E+00
       31.0714   .000E+00   .000E+00   .000E+00   .000E+00   .000E+00  -.112E+04   .000E+00   .000E+00   .000E+00
       31.4286   .000E+00   .000E+00   .000E+00   .000E+00   .000E+00  -.113E+04   .000E+00   .000E+00   .000E+00
       31.7857   .000E+00   .000E+00   .000E+00   .000E+00   .000E+00  -.114E+04   .000E+00   .000E+00   .000E+00
       32.1429   .000E+00   .000E+00   .000E+00   .000E+00   .000E+00  -.115E+04   .000E+00   .000E+00   .000E+00
       32.5000   .000E+00   .000E+00   .000E+00   .000E+00   .000E+00  -.116E+04   .000E+00   .000E+00   .000E+00
       32.8571   .000E+00   .000E+00   .000E+00   .000E+00   .000E+00  -.118E+04   .000E+00   .000E+00   .000E+00
       33.2143   .000E+00   .000E+00   .000E+00   .000E+00   .000E+00  -.119E+04   .000E+00   .000E+00   .000E+00
       33.5714   .000E+00   .000E+00   .000E+00   .000E+00   .000E+00  -.120E+04   .000E+00   .000E+00   .000E+00
       33.9286   .000E+00   .000E+00   .000E+00   .000E+00   .000E+00  -.121E+04   .000E+00   .000E+00   .000E+00
       34.2857   .000E+00   .000E+00   .000E+00   .000E+00   .000E+00  -.122E+04   .000E+00   .000E+00   .000E+00
       34.6429   .000E+00   .000E+00   .000E+00   .000E+00   .000E+00  -.123E+04   .000E+00   .000E+00   .000E+00
       35.0000   .000E+00   .000E+00   .000E+00   .000E+00   .000E+00  -.124E+04   .000E+00   .000E+00   .000E+00
       35.3571   .000E+00   .000E+00   .000E+00   .000E+00   .000E+00  -.125E+04   .000E+00   .000E+00   .000E+00
       35.7143   .000E+00   .000E+00   .000E+00   .000E+00   .000E+00  -.126E+04   .000E+00   .000E+00   .000E+00
       36.0714   .000E+00   .000E+00   .000E+00   .000E+00   .000E+00  -.127E+04   .000E+00   .000E+00   .000E+00
       36.4286   .000E+00   .000E+00   .000E+00   .000E+00   .000E+00  -.129E+04   .000E+00   .000E+00   .000E+00
       36.7857   .000E+00   .000E+00   .000E+00   .000E+00   .000E+00  -.130E+04   .000E+00   .000E+00   .000E+00
       37.1429   .000E+00   .000E+00   .000E+00   .000E+00   .000E+00  -.131E+04   .000E+00   .000E+00   .000E+00
       37.5000   .000E+00   .000E+00   .000E+00   .000E+00   .000E+00  -.132E+04   .000E+00   .000E+00   .000E+00
       37.8571   .000E+00   .000E+00   .000E+00   .000E+00   .000E+00  -.133E+04   .000E+00   .000E+00   .000E+00
       38.2143   .000E+00   .000E+00   .000E+00   .000E+00   .000E+00  -.134E+04   .000E+00   .000E+00   .000E+00
       38.5714   .000E+00   .000E+00   .000E+00   .000E+00   .000E+00  -.135E+04   .000E+00   .000E+00   .000E+00
       38.9286   .000E+00   .000E+00   .000E+00   .000E+00   .000E+00  -.136E+04   .000E+00   .000E+00   .000E+00
       39.2857   .000E+00   .000E+00   .000E+00   .000E+00   .000E+00  -.137E+04   .000E+00   .000E+00   .000E+00
       39.6429   .000E+00   .000E+00   .000E+00   .000E+00   .000E+00  -.138E+04   .000E+00   .000E+00   .000E+00
       40.0000   .000E+00   .000E+00   .000E+00   .000E+00   .000E+00  -.139E+04   .000E+00   .000E+00   .000E+00
       40.3571   .000E+00   .000E+00   .000E+00   .000E+00   .000E+00  -.141E+04   .000E+00   .000E+00   .000E+00
       40.7143   .000E+00   .000E+00   .000E+00   .000E+00   .000E+00  -.142E+04   .000E+00   .000E+00   .000E+00
       41.0714   .000E+00   .000E+00   .000E+00   .000E+00   .000E+00  -.143E+04   .000E+00   .000E+00   .000E+00
       41.4286   .000E+00   .000E+00   .000E+00   .000E+00   .000E+00  -.144E+04   .000E+00   .000E+00   .000E+00
       41.7857   .000E+00   .000E+00   .000E+00   .000E+00   .000E+00  -.145E+04   .000E+00   .000E+00   .000E+00
       42.1429   .000E+00   .000E+00   .000E+00   .000E+00   .000E+00  -.146E+04   .000E+00   .000E+00   .000E+00
       42.5000   .000E+00   .000E+00   .000E+00   .000E+00   .000E+00  -.147E+04   .000E+00   .000E+00   .000E+00
       42.8571   .000E+00   .000E+00   .000E+00   .000E+00   .000E+00  -.148E+04   .000E+00   .000E+00   .000E+00
       43.2143   .000E+00   .000E+00   .000E+00   .000E+00   .000E+00  -.149E+04   .000E+00   .000E+00   .000E+00
       43.5714   .000E+00   .000E+00   .000E+00   .000E+00   .000E+00  -.150E+04   .000E+00   .000E+00   .000E+00
       43.9286   .000E+00   .000E+00   .000E+00   .000E+00   .000E+00  -.151E+04   .000E+00   .000E+00   .000E+00
       44.2857   .000E+00   .000E+00   .000E+00   .000E+00   .000E+00  -.152E+04   .000E+00   .000E+00   .000E+00
       44.6429   .000E+00   .000E+00   .000E+00   .000E+00   .000E+00  -.153E+04   .000E+00   .000E+00   .000E+00
       45.0000   .000E+00   .000E+00   .000E+00   .000E+00   .000E+00  -.155E+04   .000E+00   .000E+00   .000E+00
       45.3571   .000E+00   .000E+00   .000E+00   .000E+00   .000E+00  -.156E+04   .000E+00   .000E+00   .000E+00
       45.7143   .000E+00   .000E+00   .000E+00   .000E+00   .000E+00  -.157E+04   .000E+00   .000E+00   .000E+00
       46.0714   .000E+00   .000E+00   .000E+00   .000E+00   .000E+00  -.158E+04   .000E+00   .000E+00   .000E+00
       46.4286   .000E+00   .000E+00   .000E+00   .000E+00   .000E+00  -.159E+04   .000E+00   .000E+00   .000E+00
       46.7857   .000E+00   .000E+00   .000E+00   .000E+00   .000E+00  -.160E+04   .000E+00   .000E+00   .000E+00
       47.1429   .000E+00   .000E+00   .000E+00   .000E+00   .000E+00  -.161E+04   .000E+00   .000E+00   .000E+00
       47.5000   .000E+00   .000E+00   .000E+00   .000E+00   .000E+00  -.162E+04   .000E+00   .000E+00   .000E+00
       47.9167   .000E+00   .000E+00   .000E+00   .000E+00   .000E+00  -.163E+04   .000E+00   .000E+00   .000E+00
       48.3333   .000E+00   .000E+00   .000E+00   .000E+00   .000E+00  -.165E+04   .000E+00   .000E+00   .000E+00
       48.7500   .000E+00   .000E+00   .000E+00   .000E+00   .000E+00  -.166E+04   .000E+00   .000E+00   .000E+00
       49.1667   .000E+00   .000E+00   .000E+00   .000E+00   .000E+00  -.167E+04   .000E+00   .000E+00   .000E+00
       49.5833   .000E+00   .000E+00   .000E+00   .000E+00   .000E+00  -.168E+04   .000E+00   .000E+00   .000E+00
       50.0000   .000E+00   .000E+00   .000E+00   .000E+00   .000E+00  -.170E+04   .000E+00   .000E+00   .000E+00
       50.3846   .000E+00   .000E+00   .000E+00   .000E+00   .000E+00  -.171E+04   .000E+00   .000E+00   .000E+00
       50.8042   .000E+00   .000E+00   .000E+00   .000E+00   .000E+00  -.172E+04   .000E+00   .000E+00   .000E+00
       51.2238   .000E+00   .000E+00   .000E+00   .000E+00   .000E+00  -.173E+04   .000E+00   .000E+00   .000E+00
       51.6434   .000E+00   .000E+00   .000E+00   .000E+00   .000E+00  -.174E+04   .000E+00   .000E+00   .000E+00
       52.0629   .000E+00   .000E+00   .000E+00   .000E+00   .000E+00  -.176E+04   .000E+00   .000E+00   .000E+00
       52.5524   .000E+00   .000E+00   .000E+00   .000E+00   .000E+00  -.177E+04   .000E+00   .000E+00   .000E+00
       53.0420   .000E+00   .000E+00   .000E+00   .000E+00   .000E+00  -.179E+04   .000E+00   .000E+00   .000E+00
       53.5315   .000E+00   .000E+00   .000E+00   .000E+00   .000E+00  -.180E+04   .000E+00   .000E+00   .000E+00
       54.0210   .000E+00   .000E+00   .000E+00   .000E+00   .000E+00  -.182E+04   .000E+00   .000E+00   .000E+00
       54.5105   .000E+00   .000E+00   .000E+00   .000E+00   .000E+00  -.183E+04   .000E+00   .000E+00   .000E+00
       55.0000   .000E+00   .000E+00   .000E+00   .000E+00   .000E+00  -.184E+04   .000E+00   .000E+00   .000E+00
       55.5000   .000E+00   .000E+00   .000E+00   .000E+00   .000E+00  -.186E+04   .000E+00   .000E+00   .000E+00
       56.0000   .000E+00   .000E+00   .000E+00   .000E+00   .000E+00  -.187E+04   .000E+00   .000E+00   .000E+00
       56.5000   .000E+00   .000E+00   .000E+00   .000E+00   .000E+00  -.189E+04   .000E+00   .000E+00   .000E+00
       57.0000   .000E+00   .000E+00   .000E+00   .000E+00   .000E+00  -.190E+04   .000E+00   .000E+00   .000E+00
       57.5000   .000E+00   .000E+00   .000E+00   .000E+00   .000E+00  -.192E+04   .000E+00   .000E+00   .000E+00
       58.0000   .000E+00   .000E+00   .000E+00   .000E+00   .000E+00  -.193E+04   .000E+00   .000E+00   .000E+00
       58.5000   .000E+00   .000E+00   .000E+00   .000E+00   .000E+00  -.195E+04   .000E+00   .000E+00   .000E+00
       59.0000   .000E+00   .000E+00   .000E+00   .000E+00   .000E+00  -.196E+04   .000E+00   .000E+00   .000E+00
       59.5000   .000E+00   .000E+00   .000E+00   .000E+00   .000E+00  -.198E+04   .000E+00   .000E+00   .000E+00
       60.0000   .000E+00   .000E+00   .000E+00   .000E+00   .000E+00  -.199E+04   .000E+00   .000E+00   .000E+00
       60.5000   .000E+00   .000E+00   .000E+00   .000E+00   .000E+00  -.201E+04   .000E+00   .000E+00   .000E+00
       61.0000   .000E+00   .000E+00   .000E+00   .000E+00   .000E+00  -.202E+04   .000E+00   .000E+00   .000E+00
       61.5000   .000E+00   .000E+00   .000E+00   .000E+00   .000E+00  -.204E+04   .000E+00   .000E+00   .000E+00
       62.0000   .000E+00   .000E+00   .000E+00   .000E+00   .000E+00  -.205E+04   .000E+00   .000E+00   .000E+00
       62.5000   .000E+00   .000E+00   .000E+00   .000E+00   .000E+00  -.207E+04   .000E+00   .000E+00   .000E+00
       63.0000   .000E+00   .000E+00   .000E+00   .000E+00   .000E+00  -.208E+04   .000E+00   .000E+00   .000E+00
       63.5000   .000E+00   .000E+00   .000E+00   .000E+00   .000E+00  -.209E+04   .000E+00   .000E+00   .000E+00
       64.0000   .000E+00   .000E+00   .000E+00   .000E+00   .000E+00  -.211E+04   .000E+00   .000E+00   .000E+00
       64.5000   .000E+00   .000E+00   .000E+00   .000E+00   .000E+00  -.212E+04   .000E+00   .000E+00   .000E+00
       65.0000   .000E+00   .000E+00   .000E+00   .000E+00   .000E+00  -.214E+04   .000E+00   .000E+00   .000E+00
       65.5556   .000E+00   .000E+00   .000E+00   .000E+00   .000E+00  -.216E+04   .000E+00   .000E+00   .000E+00
       66.1111   .000E+00   .000E+00   .000E+00   .000E+00   .000E+00  -.217E+04   .000E+00   .000E+00   .000E+00
       66.6667   .000E+00   .000E+00   .000E+00   .000E+00   .000E+00  -.219E+04   .000E+00   .000E+00   .000E+00
       67.2222   .000E+00   .000E+00   .000E+00   .000E+00   .000E+00  -.220E+04   .000E+00   .000E+00   .000E+00
       67.7778   .000E+00   .000E+00   .000E+00   .000E+00   .000E+00  -.222E+04   .000E+00   .000E+00   .000E+00
       68.3333   .000E+00   .000E+00   .000E+00   .000E+00   .000E+00  -.224E+04   .000E+00   .000E+00   .000E+00
       68.8889   .000E+00   .000E+00   .000E+00   .000E+00   .000E+00  -.225E+04   .000E+00   .000E+00   .000E+00
       69.4444   .000E+00   .000E+00   .000E+00   .000E+00   .000E+00  -.227E+04   .000E+00   .000E+00   .000E+00
       70.0000   .000E+00   .000E+00   .000E+00   .000E+00   .000E+00  -.228E+04   .000E+00   .000E+00   .000E+00
       70.5556   .000E+00   .000E+00   .000E+00   .000E+00   .000E+00  -.230E+04   .000E+00   .000E+00   .000E+00
       71.1111   .000E+00   .000E+00   .000E+00   .000E+00   .000E+00  -.232E+04   .000E+00   .000E+00   .000E+00
       71.6667   .000E+00   .000E+00   .000E+00   .000E+00   .000E+00  -.233E+04   .000E+00   .000E+00   .000E+00
       72.2222   .000E+00   .000E+00   .000E+00   .000E+00   .000E+00  -.235E+04   .000E+00   .000E+00   .000E+00
       72.9167   .000E+00   .000E+00   .000E+00   .000E+00   .000E+00  -.237E+04   .000E+00   .000E+00   .000E+00
       73.6111   .000E+00   .000E+00   .000E+00   .000E+00   .000E+00  -.239E+04   .000E+00   .000E+00   .000E+00
       74.3056   .000E+00   .000E+00   .000E+00   .000E+00   .000E+00  -.241E+04   .000E+00   .000E+00   .000E+00
       75.0000   .000E+00   .000E+00   .000E+00   .000E+00   .000E+00  -.243E+04   .000E+00   .000E+00   .000E+00
       75.6250   .000E+00   .000E+00   .000E+00   .000E+00   .000E+00  -.245E+04   .000E+00   .000E+00   .000E+00
       76.2500   .000E+00   .000E+00   .000E+00   .000E+00   .000E+00  -.247E+04   .000E+00   .000E+00   .000E+00
       76.8750   .000E+00   .000E+00   .000E+00   .000E+00   .000E+00  -.248E+04   .000E+00   .000E+00   .000E+00
       77.5000   .000E+00   .000E+00   .000E+00   .000E+00   .000E+00  -.250E+04   .000E+00   .000E+00   .000E+00
       78.1250   .000E+00   .000E+00   .000E+00   .000E+00   .000E+00  -.252E+04   .000E+00   .000E+00   .000E+00
       78.7500   .000E+00   .000E+00   .000E+00   .000E+00   .000E+00  -.254E+04   .000E+00   .000E+00   .000E+00
       79.3750   .000E+00   .000E+00   .000E+00   .000E+00   .000E+00  -.256E+04   .000E+00   .000E+00   .000E+00
       80.0000   .000E+00   .000E+00   .000E+00   .000E+00   .000E+00  -.257E+04   .000E+00   .000E+00   .000E+00
       80.6250   .000E+00   .000E+00   .000E+00   .000E+00   .000E+00  -.259E+04   .000E+00   .000E+00   .000E+00
       81.2500   .000E+00   .000E+00   .000E+00   .000E+00   .000E+00  -.261E+04   .000E+00   .000E+00   .000E+00
       81.8750   .000E+00   .000E+00   .000E+00   .000E+00   .000E+00  -.263E+04   .000E+00   .000E+00   .000E+00
       82.6563   .000E+00   .000E+00   .000E+00   .000E+00   .000E+00  -.265E+04   .000E+00   .000E+00   .000E+00
       83.4375   .000E+00   .000E+00   .000E+00   .000E+00   .000E+00  -.267E+04   .000E+00   .000E+00   .000E+00
       84.2188   .000E+00   .000E+00   .000E+00   .000E+00   .000E+00  -.270E+04   .000E+00   .000E+00   .000E+00
       85.0000   .000E+00   .000E+00   .000E+00   .000E+00   .000E+00  -.272E+04   .000E+00   .000E+00   .000E+00
       85.7143   .000E+00   .000E+00   .000E+00   .000E+00   .000E+00  -.274E+04   .000E+00   .000E+00   .000E+00
       86.4286   .000E+00   .000E+00   .000E+00   .000E+00   .000E+00  -.276E+04   .000E+00   .000E+00   .000E+00
       87.1429   .000E+00   .000E+00   .000E+00   .000E+00   .000E+00  -.278E+04   .000E+00   .000E+00   .000E+00
       87.8571   .000E+00   .000E+00   .000E+00   .000E+00   .000E+00  -.280E+04   .000E+00   .000E+00   .000E+00
       88.5714   .000E+00   .000E+00   .000E+00   .000E+00   .000E+00  -.282E+04   .000E+00   .000E+00   .000E+00
       89.2857   .000E+00   .000E+00   .000E+00   .000E+00   .000E+00  -.284E+04   .000E+00   .000E+00   .000E+00
       90.0000   .000E+00   .000E+00   .000E+00   .000E+00   .000E+00  -.286E+04   .000E+00   .000E+00   .000E+00
       90.7143   .000E+00   .000E+00   .000E+00   .000E+00   .000E+00  -.288E+04   .000E+00   .000E+00   .000E+00
       91.4286   .000E+00   .000E+00   .000E+00   .000E+00   .000E+00  -.290E+04   .000E+00   .000E+00   .000E+00
       92.1429   .000E+00   .000E+00   .000E+00   .000E+00   .000E+00  -.292E+04   .000E+00   .000E+00   .000E+00
       92.8571   .000E+00   .000E+00   .000E+00   .000E+00   .000E+00  -.294E+04   .000E+00   .000E+00   .000E+00
       93.5714   .000E+00   .000E+00   .000E+00   .000E+00   .000E+00  -.296E+04   .000E+00   .000E+00   .000E+00
       94.2857   .000E+00   .000E+00   .000E+00   .000E+00   .000E+00  -.298E+04   .000E+00   .000E+00   .000E+00
       95.0000   .000E+00   .000E+00   .000E+00   .000E+00   .000E+00  -.300E+04   .000E+00   .000E+00   .000E+00
       95.7143   .000E+00   .000E+00   .000E+00   .000E+00   .000E+00  -.302E+04   .000E+00   .000E+00   .000E+00
       96.4286   .000E+00   .000E+00   .000E+00   .000E+00   .000E+00  -.304E+04   .000E+00   .000E+00   .000E+00
       97.3214   .000E+00   .000E+00   .000E+00   .000E+00   .000E+00  -.307E+04   .000E+00   .000E+00   .000E+00
       98.2143   .000E+00   .000E+00   .000E+00   .000E+00   .000E+00  -.310E+04   .000E+00   .000E+00   .000E+00
       99.1071   .000E+00   .000E+00   .000E+00   .000E+00   .000E+00  -.312E+04   .000E+00   .000E+00   .000E+00
      100.0000   .000E+00   .000E+00   .000E+00   .000E+00   .000E+00  -.315E+04   .000E+00   .000E+00   .000E+00
      100.8333   .000E+00   .000E+00   .000E+00   .000E+00   .000E+00  -.317E+04   .000E+00   .000E+00   .000E+00
      101.6667   .000E+00   .000E+00   .000E+00   .000E+00   .000E+00  -.319E+04   .000E+00   .000E+00   .000E+00
      102.5000   .000E+00   .000E+00   .000E+00   .000E+00   .000E+00  -.322E+04   .000E+00   .000E+00   .000E+00
      103.3333   .000E+00   .000E+00   .000E+00   .000E+00   .000E+00  -.324E+04   .000E+00   .000E+00   .000E+00
      104.1667   .000E+00   .000E+00   .000E+00   .000E+00   .000E+00  -.326E+04   .000E+00   .000E+00   .000E+00
      105.0000   .000E+00   .000E+00   .000E+00   .000E+00   .000E+00  -.329E+04   .000E+00   .000E+00   .000E+00
      105.8333   .000E+00   .000E+00   .000E+00   .000E+00   .000E+00  -.331E+04   .000E+00   .000E+00   .000E+00
      106.6667   .000E+00   .000E+00   .000E+00   .000E+00   .000E+00  -.334E+04   .000E+00   .000E+00   .000E+00
      107.5000   .000E+00   .000E+00   .000E+00   .000E+00   .000E+00  -.336E+04   .000E+00   .000E+00   .000E+00
      108.3333   .000E+00   .000E+00   .000E+00   .000E+00   .000E+00  -.338E+04   .000E+00   .000E+00   .000E+00
      109.1667   .000E+00   .000E+00   .000E+00   .000E+00   .000E+00  -.341E+04   .000E+00   .000E+00   .000E+00
      110.0000   .000E+00   .000E+00   .000E+00   .000E+00   .000E+00  -.343E+04   .000E+00   .000E+00   .000E+00
      111.0000   .000E+00   .000E+00   .000E+00   .000E+00   .000E+00  -.346E+04   .000E+00   .000E+00   .000E+00
      112.0000   .000E+00   .000E+00   .000E+00   .000E+00   .000E+00  -.349E+04   .000E+00   .000E+00   .000E+00
      113.0000   .000E+00   .000E+00   .000E+00   .000E+00   .000E+00  -.351E+04   .000E+00   .000E+00   .000E+00
      114.0000   .000E+00   .000E+00   .000E+00   .000E+00   .000E+00  -.354E+04   .000E+00   .000E+00   .000E+00
      115.0000   .000E+00   .000E+00   .000E+00   .000E+00   .000E+00  -.357E+04   .000E+00   .000E+00   .000E+00
      116.0000   .000E+00   .000E+00   .000E+00   .000E+00   .000E+00  -.360E+04   .000E+00   .000E+00   .000E+00
      117.0000   .000E+00   .000E+00   .000E+00   .000E+00   .000E+00  -.363E+04   .000E+00   .000E+00   .000E+00
      118.0000   .000E+00   .000E+00   .000E+00   .000E+00   .000E+00  -.366E+04   .000E+00   .000E+00   .000E+00
      119.0000   .000E+00   .000E+00   .000E+00   .000E+00   .000E+00  -.368E+04   .000E+00   .000E+00   .000E+00
      120.0000   .000E+00   .000E+00   .000E+00   .000E+00   .000E+00  -.371E+04   .000E+00   .000E+00   .000E+00
      121.0000   .000E+00   .000E+00   .000E+00   .000E+00   .000E+00  -.374E+04   .000E+00   .000E+00   .000E+00
      122.0000   .000E+00   .000E+00   .000E+00   .000E+00   .000E+00  -.377E+04   .000E+00   .000E+00   .000E+00
      123.0000   .000E+00   .000E+00   .000E+00   .000E+00   .000E+00  -.380E+04   .000E+00   .000E+00   .000E+00
      124.0000   .000E+00   .000E+00   .000E+00   .000E+00   .000E+00  -.382E+04   .000E+00   .000E+00   .000E+00
      125.0000   .000E+00   .000E+00   .000E+00   .000E+00   .000E+00  -.385E+04   .000E+00   .000E+00   .000E+00
      126.0000   .000E+00   .000E+00   .000E+00   .000E+00   .000E+00  -.388E+04   .000E+00   .000E+00   .000E+00
      127.0000   .000E+00   .000E+00   .000E+00   .000E+00   .000E+00  -.391E+04   .000E+00   .000E+00   .000E+00
      128.0000   .000E+00   .000E+00   .000E+00   .000E+00   .000E+00  -.394E+04   .000E+00   .000E+00   .000E+00
      129.0000   .000E+00   .000E+00   .000E+00   .000E+00   .000E+00  -.396E+04   .000E+00   .000E+00   .000E+00
      130.0000   .000E+00   .000E+00   .000E+00   .000E+00   .000E+00  -.399E+04   .000E+00   .000E+00   .000E+00
      131.0000   .000E+00   .000E+00   .000E+00   .000E+00   .000E+00  -.402E+04   .000E+00   .000E+00   .000E+00
      132.0000   .000E+00   .000E+00   .000E+00   .000E+00   .000E+00  -.405E+04   .000E+00   .000E+00   .000E+00
      133.0000   .000E+00   .000E+00   .000E+00   .000E+00   .000E+00  -.408E+04   .000E+00   .000E+00   .000E+00
      134.0000   .000E+00   .000E+00   .000E+00   .000E+00   .000E+00  -.410E+04   .000E+00   .000E+00   .000E+00
      135.0000   .000E+00   .000E+00   .000E+00   .000E+00   .000E+00  -.413E+04   .000E+00   .000E+00   .000E+00
      136.0000   .000E+00   .000E+00   .000E+00   .000E+00   .000E+00  -.416E+04   .000E+00   .000E+00   .000E+00
      137.0000   .000E+00   .000E+00   .000E+00   .000E+00   .000E+00  -.419E+04   .000E+00   .000E+00   .000E+00
      138.0000   .000E+00   .000E+00   .000E+00   .000E+00   .000E+00  -.421E+04   .000E+00   .000E+00   .000E+00
      139.0000   .000E+00   .000E+00   .000E+00   .000E+00   .000E+00  -.424E+04   .000E+00   .000E+00   .000E+00
      140.0000   .000E+00   .000E+00   .000E+00   .000E+00   .000E+00  -.427E+04   .000E+00   .000E+00   .000E+00
      141.0000   .000E+00   .000E+00   .000E+00   .000E+00   .000E+00  -.430E+04   .000E+00   .000E+00   .000E+00
      142.0000   .000E+00   .000E+00   .000E+00   .000E+00   .000E+00  -.433E+04   .000E+00   .000E+00   .000E+00
      143.0000   .000E+00   .000E+00   .000E+00   .000E+00   .000E+00  -.435E+04   .000E+00   .000E+00   .000E+00
      144.0000   .000E+00   .000E+00   .000E+00   .000E+00   .000E+00  -.438E+04   .000E+00   .000E+00   .000E+00
      145.0000   .000E+00   .000E+00   .000E+00   .000E+00   .000E+00  -.441E+04   .000E+00   .000E+00   .000E+00
      146.0000   .000E+00   .000E+00   .000E+00   .000E+00   .000E+00  -.444E+04   .000E+00   .000E+00   .000E+00
      147.0000   .000E+00   .000E+00   .000E+00   .000E+00   .000E+00  -.447E+04   .000E+00   .000E+00   .000E+00
      148.0000   .000E+00   .000E+00   .000E+00   .000E+00   .000E+00  -.449E+04   .000E+00   .000E+00   .000E+00
      149.0000   .000E+00   .000E+00   .000E+00   .000E+00   .000E+00  -.452E+04   .000E+00   .000E+00   .000E+00
      150.0000   .000E+00   .000E+00   .000E+00   .000E+00   .000E+00  -.455E+04   .000E+00   .000E+00   .000E+00
      151.2500   .000E+00   .000E+00   .000E+00   .000E+00   .000E+00  -.458E+04   .000E+00   .000E+00   .000E+00
      152.5000   .000E+00   .000E+00   .000E+00   .000E+00   .000E+00  -.462E+04   .000E+00   .000E+00   .000E+00
      153.7500   .000E+00   .000E+00   .000E+00   .000E+00   .000E+00  -.465E+04   .000E+00   .000E+00   .000E+00
      155.0000   .000E+00   .000E+00   .000E+00   .000E+00   .000E+00  -.469E+04   .000E+00   .000E+00   .000E+00
      156.2500   .000E+00   .000E+00   .000E+00   .000E+00   .000E+00  -.472E+04   .000E+00   .000E+00   .000E+00
      157.5000   .000E+00   .000E+00   .000E+00   .000E+00   .000E+00  -.476E+04   .000E+00   .000E+00   .000E+00
      158.7500   .000E+00   .000E+00   .000E+00   .000E+00   .000E+00  -.479E+04   .000E+00   .000E+00   .000E+00
      160.0000   .000E+00   .000E+00   .000E+00   .000E+00   .000E+00  -.483E+04   .000E+00   .000E+00   .000E+00
      161.2500   .000E+00   .000E+00   .000E+00   .000E+00   .000E+00  -.486E+04   .000E+00   .000E+00   .000E+00
      162.5000   .000E+00   .000E+00   .000E+00   .000E+00   .000E+00  -.489E+04   .000E+00   .000E+00   .000E+00
      163.7500   .000E+00   .000E+00   .000E+00   .000E+00   .000E+00  -.493E+04   .000E+00   .000E+00   .000E+00
      165.0000   .000E+00   .000E+00   .000E+00   .000E+00   .000E+00  -.496E+04   .000E+00   .000E+00   .000E+00
      166.2500   .000E+00   .000E+00   .000E+00   .000E+00   .000E+00  -.500E+04   .000E+00   .000E+00   .000E+00
      167.5000   .000E+00   .000E+00   .000E+00   .000E+00   .000E+00  -.503E+04   .000E+00   .000E+00   .000E+00
      168.7500   .000E+00   .000E+00   .000E+00   .000E+00   .000E+00  -.507E+04   .000E+00   .000E+00   .000E+00
      170.0000   .000E+00   .000E+00   .000E+00   .000E+00   .000E+00  -.510E+04   .000E+00   .000E+00   .000E+00
      171.2500   .000E+00   .000E+00   .000E+00   .000E+00   .000E+00  -.514E+04   .000E+00   .000E+00   .000E+00
      172.5000   .000E+00   .000E+00   .000E+00   .000E+00   .000E+00  -.517E+04   .000E+00   .000E+00   .000E+00
      173.7500   .000E+00   .000E+00   .000E+00   .000E+00   .000E+00  -.520E+04   .000E+00   .000E+00   .000E+00
      175.0000   .000E+00   .000E+00   .000E+00   .000E+00   .000E+00  -.524E+04   .000E+00   .000E+00   .000E+00
      176.2500   .000E+00   .000E+00   .000E+00   .000E+00   .000E+00  -.527E+04   .000E+00   .000E+00   .000E+00
      177.5000   .000E+00   .000E+00   .000E+00   .000E+00   .000E+00  -.531E+04   .000E+00   .000E+00   .000E+00
      178.7500   .000E+00   .000E+00   .000E+00   .000E+00   .000E+00  -.534E+04   .000E+00   .000E+00   .000E+00
      180.0000   .000E+00   .000E+00   .000E+00   .000E+00   .000E+00  -.538E+04   .000E+00   .000E+00   .000E+00
      181.2500   .000E+00   .000E+00   .000E+00   .000E+00   .000E+00  -.541E+04   .000E+00   .000E+00   .000E+00
      182.5000   .000E+00   .000E+00   .000E+00   .000E+00   .000E+00  -.545E+04   .000E+00   .000E+00   .000E+00
      183.7500   .000E+00   .000E+00   .000E+00   .000E+00   .000E+00  -.548E+04   .000E+00   .000E+00   .000E+00
      185.0000   .000E+00   .000E+00   .000E+00   .000E+00   .000E+00  -.551E+04   .000E+00   .000E+00   .000E+00
      186.2500   .000E+00   .000E+00   .000E+00   .000E+00   .000E+00  -.555E+04   .000E+00   .000E+00   .000E+00
      187.5000   .000E+00   .000E+00   .000E+00   .000E+00   .000E+00  -.558E+04   .000E+00   .000E+00   .000E+00
      188.7500   .000E+00   .000E+00   .000E+00   .000E+00   .000E+00  -.562E+04   .000E+00   .000E+00   .000E+00
      190.0000   .000E+00   .000E+00   .000E+00   .000E+00   .000E+00  -.565E+04   .000E+00   .000E+00   .000E+00
      191.6667   .000E+00   .000E+00   .000E+00   .000E+00   .000E+00  -.570E+04   .000E+00   .000E+00   .000E+00
      193.3333   .000E+00   .000E+00   .000E+00   .000E+00   .000E+00  -.574E+04   .000E+00   .000E+00   .000E+00
      195.0000   .000E+00   .000E+00   .000E+00   .000E+00   .000E+00  -.579E+04   .000E+00   .000E+00   .000E+00
      196.6667   .000E+00   .000E+00   .000E+00   .000E+00   .000E+00  -.583E+04   .000E+00   .000E+00   .000E+00
      198.3333   .000E+00   .000E+00   .000E+00   .000E+00   .000E+00  -.588E+04   .000E+00   .000E+00   .000E+00
      200.0000   .000E+00   .000E+00   .000E+00   .000E+00   .000E+00  -.592E+04   .000E+00   .000E+00   .000E+00
      201.6667   .000E+00   .000E+00   .000E+00   .000E+00   .000E+00  -.597E+04   .000E+00   .000E+00   .000E+00
      203.3333   .000E+00   .000E+00   .000E+00   .000E+00   .000E+00  -.602E+04   .000E+00   .000E+00   .000E+00
      205.0000   .000E+00   .000E+00   .000E+00   .000E+00   .000E+00  -.606E+04   .000E+00   .000E+00   .000E+00
      206.6667   .000E+00   .000E+00   .000E+00   .000E+00   .000E+00  -.611E+04   .000E+00   .000E+00   .000E+00
      208.3333   .000E+00   .000E+00   .000E+00   .000E+00   .000E+00  -.615E+04   .000E+00   .000E+00   .000E+00
      210.0000   .000E+00   .000E+00   .000E+00   .000E+00   .000E+00  -.620E+04   .000E+00   .000E+00   .000E+00
      211.6667   .000E+00   .000E+00   .000E+00   .000E+00   .000E+00  -.624E+04   .000E+00   .000E+00   .000E+00
      213.3333   .000E+00   .000E+00   .000E+00   .000E+00   .000E+00  -.629E+04   .000E+00   .000E+00   .000E+00
      215.0000   .000E+00   .000E+00   .000E+00   .000E+00   .000E+00  -.633E+04   .000E+00   .000E+00   .000E+00
      216.6667   .000E+00   .000E+00   .000E+00   .000E+00   .000E+00  -.638E+04   .000E+00   .000E+00   .000E+00
      218.3333   .000E+00   .000E+00   .000E+00   .000E+00   .000E+00  -.642E+04   .000E+00   .000E+00   .000E+00
      220.0000   .000E+00   .000E+00   .000E+00   .000E+00   .000E+00  -.647E+04   .000E+00   .000E+00   .000E+00
      221.6667   .000E+00   .000E+00   .000E+00   .000E+00   .000E+00  -.651E+04   .000E+00   .000E+00   .000E+00
      223.3333   .000E+00   .000E+00   .000E+00   .000E+00   .000E+00  -.656E+04   .000E+00   .000E+00   .000E+00
      225.0000   .000E+00   .000E+00   .000E+00   .000E+00   .000E+00  -.661E+04   .000E+00   .000E+00   .000E+00
      226.6667   .000E+00   .000E+00   .000E+00   .000E+00   .000E+00  -.665E+04   .000E+00   .000E+00   .000E+00
      228.3333   .000E+00   .000E+00   .000E+00   .000E+00   .000E+00  -.670E+04   .000E+00   .000E+00   .000E+00
      230.0000   .000E+00   .000E+00   .000E+00   .000E+00   .000E+00  -.674E+04   .000E+00   .000E+00   .000E+00
      231.6667   .000E+00   .000E+00   .000E+00   .000E+00   .000E+00  -.679E+04   .000E+00   .000E+00   .000E+00
      233.3333   .000E+00   .000E+00   .000E+00   .000E+00   .000E+00  -.683E+04   .000E+00   .000E+00   .000E+00
      235.0000   .000E+00   .000E+00   .000E+00   .000E+00   .000E+00  -.688E+04   .000E+00   .000E+00   .000E+00
      236.6667   .000E+00   .000E+00   .000E+00   .000E+00   .000E+00  -.692E+04   .000E+00   .000E+00   .000E+00
      238.3333   .000E+00   .000E+00   .000E+00   .000E+00   .000E+00  -.697E+04   .000E+00   .000E+00   .000E+00
      240.0000   .000E+00   .000E+00   .000E+00   .000E+00   .000E+00  -.701E+04   .000E+00   .000E+00   .000E+00
      241.6667   .000E+00   .000E+00   .000E+00   .000E+00   .000E+00  -.706E+04   .000E+00   .000E+00   .000E+00
      243.3333   .000E+00   .000E+00   .000E+00   .000E+00   .000E+00  -.710E+04   .000E+00   .000E+00   .000E+00
      245.0000   .000E+00   .000E+00   .000E+00   .000E+00   .000E+00  -.715E+04   .000E+00   .000E+00   .000E+00
      246.6667   .000E+00   .000E+00   .000E+00   .000E+00   .000E+00  -.719E+04   .000E+00   .000E+00   .000E+00
      248.3333   .000E+00   .000E+00   .000E+00   .000E+00   .000E+00  -.724E+04   .000E+00   .000E+00   .000E+00
      250.0000   .000E+00   .000E+00   .000E+00   .000E+00   .000E+00  -.728E+04   .000E+00   .000E+00   .000E+00
      251.6667   .000E+00   .000E+00   .000E+00   .000E+00   .000E+00  -.733E+04   .000E+00   .000E+00   .000E+00
      253.3333   .000E+00   .000E+00   .000E+00   .000E+00   .000E+00  -.737E+04   .000E+00   .000E+00   .000E+00
      255.0000   .000E+00   .000E+00   .000E+00   .000E+00   .000E+00  -.742E+04   .000E+00   .000E+00   .000E+00
      256.6667   .000E+00   .000E+00   .000E+00   .000E+00   .000E+00  -.746E+04   .000E+00   .000E+00   .000E+00
      258.3333   .000E+00   .000E+00   .000E+00   .000E+00   .000E+00  -.751E+04   .000E+00   .000E+00   .000E+00
      260.0000   .000E+00   .000E+00   .000E+00   .000E+00   .000E+00  -.755E+04   .000E+00   .000E+00   .000E+00
      261.6667   .000E+00   .000E+00   .000E+00   .000E+00   .000E+00  -.760E+04   .000E+00   .000E+00   .000E+00
      263.3333   .000E+00   .000E+00   .000E+00   .000E+00   .000E+00  -.764E+04   .000E+00   .000E+00   .000E+00
      265.0000   .000E+00   .000E+00   .000E+00   .000E+00   .000E+00  -.769E+04   .000E+00   .000E+00   .000E+00
      266.6667   .000E+00   .000E+00   .000E+00   .000E+00   .000E+00  -.773E+04   .000E+00   .000E+00   .000E+00
      268.3333   .000E+00   .000E+00   .000E+00   .000E+00   .000E+00  -.778E+04   .000E+00   .000E+00   .000E+00
      270.0000   .000E+00   .000E+00   .000E+00   .000E+00   .000E+00  -.782E+04   .000E+00   .000E+00   .000E+00
      271.6667   .000E+00   .000E+00   .000E+00   .000E+00   .000E+00  -.787E+04   .000E+00   .000E+00   .000E+00
      273.3333   .000E+00   .000E+00   .000E+00   .000E+00   .000E+00  -.791E+04   .000E+00   .000E+00   .000E+00
      275.0000   .000E+00   .000E+00   .000E+00   .000E+00   .000E+00  -.796E+04   .000E+00   .000E+00   .000E+00
      276.6667   .000E+00   .000E+00   .000E+00   .000E+00   .000E+00  -.800E+04   .000E+00   .000E+00   .000E+00
      278.3333   .000E+00   .000E+00   .000E+00   .000E+00   .000E+00  -.805E+04   .000E+00   .000E+00   .000E+00
      280.0000   .000E+00   .000E+00   .000E+00   .000E+00   .000E+00  -.809E+04   .000E+00   .000E+00   .000E+00
      281.6667   .000E+00   .000E+00   .000E+00   .000E+00   .000E+00  -.814E+04   .000E+00   .000E+00   .000E+00
      283.3333   .000E+00   .000E+00   .000E+00   .000E+00   .000E+00  -.818E+04   .000E+00   .000E+00   .000E+00
      285.0000   .000E+00   .000E+00   .000E+00   .000E+00   .000E+00  -.823E+04   .000E+00   .000E+00   .000E+00
      286.6667   .000E+00   .000E+00   .000E+00   .000E+00   .000E+00  -.827E+04   .000E+00   .000E+00   .000E+00
      288.3333   .000E+00   .000E+00   .000E+00   .000E+00   .000E+00  -.832E+04   .000E+00   .000E+00   .000E+00
      290.0000   .000E+00   .000E+00   .000E+00   .000E+00   .000E+00  -.836E+04   .000E+00   .000E+00   .000E+00
      291.6667   .000E+00   .000E+00   .000E+00   .000E+00   .000E+00  -.841E+04   .000E+00   .000E+00   .000E+00
      293.3333   .000E+00   .000E+00   .000E+00   .000E+00   .000E+00  -.845E+04   .000E+00   .000E+00   .000E+00
      295.0000   .000E+00   .000E+00   .000E+00   .000E+00   .000E+00  -.850E+04   .000E+00   .000E+00   .000E+00
      296.6667   .000E+00   .000E+00   .000E+00   .000E+00   .000E+00  -.854E+04   .000E+00   .000E+00   .000E+00
      298.3333   .000E+00   .000E+00   .000E+00   .000E+00   .000E+00  -.859E+04   .000E+00   .000E+00   .000E+00
      300.0000   .000E+00   .000E+00   .000E+00   .000E+00   .000E+00  -.863E+04   .000E+00   .000E+00   .000E+00
      301.6667   .000E+00   .000E+00   .000E+00   .000E+00   .000E+00  -.868E+04   .000E+00   .000E+00   .000E+00
      303.3333   .000E+00   .000E+00   .000E+00   .000E+00   .000E+00  -.872E+04   .000E+00   .000E+00   .000E+00
      305.0000   .000E+00   .000E+00   .000E+00   .000E+00   .000E+00  -.876E+04   .000E+00   .000E+00   .000E+00
      306.6667   .000E+00   .000E+00   .000E+00   .000E+00   .000E+00  -.881E+04   .000E+00   .000E+00   .000E+00
      308.3333   .000E+00   .000E+00   .000E+00   .000E+00   .000E+00  -.885E+04   .000E+00   .000E+00   .000E+00
      310.0000   .000E+00   .000E+00   .000E+00   .000E+00   .000E+00  -.890E+04   .000E+00   .000E+00   .000E+00
      311.6667   .000E+00   .000E+00   .000E+00   .000E+00   .000E+00  -.894E+04   .000E+00   .000E+00   .000E+00
      313.3333   .000E+00   .000E+00   .000E+00   .000E+00   .000E+00  -.899E+04   .000E+00   .000E+00   .000E+00
      315.0000   .000E+00   .000E+00   .000E+00   .000E+00   .000E+00  -.903E+04   .000E+00   .000E+00   .000E+00
      316.6667   .000E+00   .000E+00   .000E+00   .000E+00   .000E+00  -.908E+04   .000E+00   .000E+00   .000E+00
      318.3333   .000E+00   .000E+00   .000E+00   .000E+00   .000E+00  -.912E+04   .000E+00   .000E+00   .000E+00
      320.0000   .000E+00   .000E+00   .000E+00   .000E+00   .000E+00  -.917E+04   .000E+00   .000E+00   .000E+00
      321.6667   .000E+00   .000E+00   .000E+00   .000E+00   .000E+00  -.921E+04   .000E+00   .000E+00   .000E+00
      323.3333   .000E+00   .000E+00   .000E+00   .000E+00   .000E+00  -.926E+04   .000E+00   .000E+00   .000E+00
      325.0000   .000E+00   .000E+00   .000E+00   .000E+00   .000E+00  -.930E+04   .000E+00   .000E+00   .000E+00
      326.6667   .000E+00   .000E+00   .000E+00   .000E+00   .000E+00  -.935E+04   .000E+00   .000E+00   .000E+00
      328.3333   .000E+00   .000E+00   .000E+00   .000E+00   .000E+00  -.939E+04   .000E+00   .000E+00   .000E+00
      330.0000   .000E+00   .000E+00   .000E+00   .000E+00   .000E+00  -.943E+04   .000E+00   .000E+00   .000E+00
      331.6667   .000E+00   .000E+00   .000E+00   .000E+00   .000E+00  -.948E+04   .000E+00   .000E+00   .000E+00
      333.3333   .000E+00   .000E+00   .000E+00   .000E+00   .000E+00  -.952E+04   .000E+00   .000E+00   .000E+00
      335.0000   .000E+00   .000E+00   .000E+00   .000E+00   .000E+00  -.957E+04   .000E+00   .000E+00   .000E+00
      336.6667   .000E+00   .000E+00   .000E+00   .000E+00   .000E+00  -.961E+04   .000E+00   .000E+00   .000E+00
      338.3333   .000E+00   .000E+00   .000E+00   .000E+00   .000E+00  -.966E+04   .000E+00   .000E+00   .000E+00
      340.0000   .000E+00   .000E+00   .000E+00   .000E+00   .000E+00  -.970E+04   .000E+00   .000E+00   .000E+00
      341.6667   .000E+00   .000E+00   .000E+00   .000E+00   .000E+00  -.975E+04   .000E+00   .000E+00   .000E+00
      343.3333   .000E+00   .000E+00   .000E+00   .000E+00   .000E+00  -.979E+04   .000E+00   .000E+00   .000E+00
      345.0000   .000E+00   .000E+00   .000E+00   .000E+00   .000E+00  -.984E+04   .000E+00   .000E+00   .000E+00
      346.6667   .000E+00   .000E+00   .000E+00   .000E+00   .000E+00  -.988E+04   .000E+00   .000E+00   .000E+00
      348.3333   .000E+00   .000E+00   .000E+00   .000E+00   .000E+00  -.992E+04   .000E+00   .000E+00   .000E+00
      350.0000   .000E+00   .000E+00   .000E+00   .000E+00   .000E+00  -.997E+04   .000E+00   .000E+00   .000E+00
      351.6667   .000E+00   .000E+00   .000E+00   .000E+00   .000E+00  -.100E+05   .000E+00   .000E+00   .000E+00
      353.3333   .000E+00   .000E+00   .000E+00   .000E+00   .000E+00  -.101E+05   .000E+00   .000E+00   .000E+00
      355.0000   .000E+00   .000E+00   .000E+00   .000E+00   .000E+00  -.101E+05   .000E+00   .000E+00   .000E+00
      356.6667   .000E+00   .000E+00   .000E+00   .000E+00   .000E+00  -.101E+05   .000E+00   .000E+00   .000E+00
      358.3333   .000E+00   .000E+00   .000E+00   .000E+00   .000E+00  -.102E+05   .000E+00   .000E+00   .000E+00
      360.0000   .000E+00   .000E+00   .000E+00   .000E+00   .000E+00  -.102E+05   .000E+00   .000E+00   .000E+00
      361.6667   .000E+00   .000E+00   .000E+00   .000E+00   .000E+00  -.103E+05   .000E+00   .000E+00   .000E+00
      363.3333   .000E+00   .000E+00   .000E+00   .000E+00   .000E+00  -.103E+05   .000E+00   .000E+00   .000E+00
      365.0000   .000E+00   .000E+00   .000E+00   .000E+00   .000E+00  -.104E+05   .000E+00   .000E+00   .000E+00
      366.6667   .000E+00   .000E+00   .000E+00   .000E+00   .000E+00  -.104E+05   .000E+00   .000E+00   .000E+00
      368.3333   .000E+00   .000E+00   .000E+00   .000E+00   .000E+00  -.105E+05   .000E+00   .000E+00   .000E+00
      370.0000   .000E+00   .000E+00   .000E+00   .000E+00   .000E+00  -.105E+05   .000E+00   .000E+00   .000E+00
      371.6667   .000E+00   .000E+00   .000E+00   .000E+00   .000E+00  -.105E+05   .000E+00   .000E+00   .000E+00
      373.3333   .000E+00   .000E+00   .000E+00   .000E+00   .000E+00  -.106E+05   .000E+00   .000E+00   .000E+00
      375.0000   .000E+00   .000E+00   .000E+00   .000E+00   .000E+00  -.106E+05   .000E+00   .000E+00   .000E+00
      376.6667   .000E+00   .000E+00   .000E+00   .000E+00   .000E+00  -.107E+05   .000E+00   .000E+00   .000E+00
      378.3333   .000E+00   .000E+00   .000E+00   .000E+00   .000E+00  -.107E+05   .000E+00   .000E+00   .000E+00
      380.0000   .000E+00   .000E+00   .000E+00   .000E+00   .000E+00  -.108E+05   .000E+00   .000E+00   .000E+00
      381.6667   .000E+00   .000E+00   .000E+00   .000E+00   .000E+00  -.108E+05   .000E+00   .000E+00   .000E+00
      383.3333   .000E+00   .000E+00   .000E+00   .000E+00   .000E+00  -.109E+05   .000E+00   .000E+00   .000E+00
      385.0000   .000E+00   .000E+00   .000E+00   .000E+00   .000E+00  -.109E+05   .000E+00   .000E+00   .000E+00
      386.6667   .000E+00   .000E+00   .000E+00   .000E+00   .000E+00  -.109E+05   .000E+00   .000E+00   .000E+00
      388.3333   .000E+00   .000E+00   .000E+00   .000E+00   .000E+00  -.110E+05   .000E+00   .000E+00   .000E+00
      390.0000   .000E+00   .000E+00   .000E+00   .000E+00   .000E+00  -.110E+05   .000E+00   .000E+00   .000E+00
      391.6667   .000E+00   .000E+00   .000E+00   .000E+00   .000E+00  -.111E+05   .000E+00   .000E+00   .000E+00
      393.3333   .000E+00   .000E+00   .000E+00   .000E+00   .000E+00  -.111E+05   .000E+00   .000E+00   .000E+00
      395.0000   .000E+00   .000E+00   .000E+00   .000E+00   .000E+00  -.112E+05   .000E+00   .000E+00   .000E+00
      396.6667   .000E+00   .000E+00   .000E+00   .000E+00   .000E+00  -.112E+05   .000E+00   .000E+00   .000E+00
      398.3333   .000E+00   .000E+00   .000E+00   .000E+00   .000E+00  -.113E+05   .000E+00   .000E+00   .000E+00
      400.0000   .000E+00   .000E+00   .000E+00   .000E+00   .000E+00  -.113E+05   .000E+00   .000E+00   .000E+00
end
