 ************************************************************************
 *                                                                      *
 *                                                                      *
 *Cone Penetrometer                                                     *
 *010697, Molly's Data                                                  *
 *                                                                      *
 ************************************************************************


 PROGRAM PARAMETERS
 ==================
 MAX. ITERATIONS.....................(MIT)............... 30
 NO. OF OBSERVATIONS.................(NOBb)............. 242


 SOIL PROPERTIES
 =========================
 RESIDUAL MOISTURE CONTENT...........(WCR)............      .008
 SATURATED MOISTURE CONTENT..........(WCS)............      .350
 FIRST COEFFICIENT...................(ALPHA)..........      .050
 SECOND COEFFICIENT..................(N)..............     4.000
 SATURATED CONDUCTIVITY..............(CONDS).......... .1200E-01
 PORE CONECTIVITY FACTOR.............(L)..............      .500
 MOISTURE CONTENT....................(WCM)............     1.200
 MOISTURE CONTENT....................(WCA)............ 


 Observed QUANTITY 
 ==================
    Obs     Time    QUANTITY     Type  Position   Weight
     1      1.000    -47.610       1     2       .005721
     2      1.000    -50.230       1     1       .005721
     3      5.000    -48.800       1     2       .005721
     4      5.000    -50.660       1     1       .005721
     5      5.000   -168.450       0     1       .000034
     6     10.000    -48.150       1     2       .005721
     7     10.000    -50.760       1     1       .005721
     8     10.000   -336.910       0     1       .000034
     9     15.000    -47.070       1     2       .005721
    10     15.000    -50.440       1     1       .005721
    11     15.000   -509.510       0     1       .000034
    12     20.000    -35.770       1     2       .005721
    13     20.000    -50.010       1     1       .005721
    14     20.000   -671.510       0     1       .000034
    15     25.000    -24.800       1     2       .005721
    16     25.000    -50.340       1     1       .005721
    17     25.000   -827.510       0     1       .000034
    18     30.000    -19.520       1     2       .005721
    19     30.000    -49.800       1     1       .005721
    20     30.000   -981.510       0     1       .000034
    21     35.000    -17.480       1     2       .005721
    22     35.000    -50.120       1     1       .005721
    23     35.000  -1131.510       0     1       .000034
    24     40.000    -15.330       1     2       .005721
    25     40.000    -50.010       1     1       .005721
    26     40.000  -1279.510       0     1       .000034
    27     45.000    -15.430       1     2       .005721
    28     45.000    -50.660       1     1       .005721
    29     45.000  -1435.510       0     1       .000034
    30     50.000    -14.030       1     2       .005721
    31     50.000    -50.760       1     1       .005721
    32     50.000  -1589.510       0     1       .000034
    33     55.000    -13.170       1     2       .005721
    34     55.000    -50.120       1     1       .005721
    35     55.000  -1731.510       0     1       .000034
    36     60.000    -12.420       1     2       .005721
    37     60.000    -50.230       1     1       .005721
    38     60.000  -1887.510       0     1       .000034
    39     65.000    -12.640       1     2       .005721
    40     65.000    -50.230       1     1       .005721
    41     65.000  -2027.510       0     1       .000034
    42     70.000    -13.600       1     2       .005721
    43     70.000    -49.480       1     1       .005721
    44     70.000  -2183.510       0     1       .000034
    45     75.000    -12.100       1     2       .005721
    46     75.000    -49.480       1     1       .005721
    47     75.000  -2319.510       0     1       .000034
    48     80.000    -11.990       1     2       .005721
    49     80.000    -48.840       1     1       .005721
    50     80.000  -2471.510       0     1       .000034
    51     85.000    -11.560       1     2       .005721
    52     85.000    -46.700       1     1       .005721
    53     85.000  -2619.510       0     1       .000034
    54     90.000    -11.880       1     2       .005721
    55     90.000    -43.490       1     1       .005721
    56     90.000  -2763.510       0     1       .000034
    57     95.000    -11.130       1     2       .005721
    58     95.000    -39.530       1     1       .005721
    59     95.000  -2901.510       0     1       .000034
    60    100.000    -11.130       1     2       .005721
    61    100.000    -36.220       1     1       .005721
    62    100.000  -3049.510       0     1       .000034
    63    105.000    -10.050       1     2       .005721
    64    105.000    -32.790       1     1       .005721
    65    105.000  -3187.510       0     1       .000034
    66    110.000    -10.700       1     2       .005721
    67    110.000    -29.690       1     1       .005721
    68    110.000  -3341.510       0     1       .000034
    69    115.000    -10.480       1     2       .005721
    70    115.000    -26.270       1     1       .005721
    71    115.000  -3481.510       0     1       .000034
    72    120.000    -10.160       1     2       .005721
    73    120.000    -23.920       1     1       .005721
    74    120.000  -3629.510       0     1       .000034
    75    125.000     -9.620       1     2       .005721
    76    125.000    -22.530       1     1       .005721
    77    125.000  -3771.510       0     1       .000034
    78    130.000     -9.510       1     2       .005721
    79    130.000    -21.240       1     1       .005721
    80    130.000  -3911.510       0     1       .000034
    81    135.000     -9.410       1     2       .005721
    82    135.000    -20.920       1     1       .005721
    83    135.000  -4059.510       0     1       .000034
    84    140.000     -9.510       1     2       .005721
    85    140.000    -19.850       1     1       .005721
    86    140.000  -4195.510       0     1       .000034
    87    145.000     -8.980       1     2       .005721
    88    145.000    -20.070       1     1       .005721
    89    145.000  -4333.510       0     1       .000034
    90    150.000     -9.840       1     2       .005721
    91    150.000    -19.850       1     1       .005721
    92    150.000  -4483.510       0     1       .000034
    93    155.000     -9.300       1     2       .005721
    94    155.000    -19.210       1     1       .005721
    95    155.000  -4619.510       0     1       .000034
    96    160.000     -9.300       1     2       .005721
    97    160.000    -19.000       1     1       .005721
    98    160.000  -4761.510       0     1       .000034
    99    165.000     -8.870       1     2       .005721
   100    165.000    -18.780       1     1       .005721
   101    165.000  -4907.510       0     1       .000034
   102    170.000     -9.080       1     2       .005721
   103    170.000    -18.680       1     1       .005721
   104    170.000  -5049.510       0     1       .000034
   105    175.000     -8.330       1     2       .005721
   106    175.000    -18.460       1     1       .005721
   107    175.000  -5189.510       0     1       .000034
   108    180.000     -8.220       1     2       .005721
   109    180.000    -16.750       1     1       .005721
   110    180.000  -5329.510       0     1       .000034
   111    185.000     -8.760       1     2       .005721
   112    185.000    -18.030       1     1       .005721
   113    185.000  -5471.510       0     1       .000034
   114    190.000     -8.120       1     2       .005721
   115    190.000    -18.250       1     1       .005721
   116    190.000  -5607.510       0     1       .000034
   117    195.000     -8.550       1     2       .005721
   118    195.000    -18.140       1     1       .005721
   119    195.000  -5753.510       0     1       .000034
   120    200.000     -8.220       1     2       .005721
   121    200.000    -18.140       1     1       .005721
   122    200.000  -5895.510       0     1       .000034
   123    205.000     -8.010       1     2       .005721
   124    205.000    -17.390       1     1       .005721
   125    205.000  -6029.510       0     1       .000034
   126    210.000     -8.010       1     2       .005721
   127    210.000    -17.820       1     1       .005721
   128    210.000  -6171.510       0     1       .000034
   129    215.000     -8.220       1     2       .005721
   130    215.000    -17.930       1     1       .005721
   131    215.000  -6311.510       0     1       .000034
   132    220.000     -8.650       1     2       .005721
   133    220.000    -17.180       1     1       .005721
   134    220.000  -6455.510       0     1       .000034
   135    225.000     -7.900       1     2       .005721
   136    225.000    -17.280       1     1       .005721
   137    225.000  -6593.510       0     1       .000034
   138    230.000     -8.550       1     2       .005721
   139    230.000    -16.960       1     1       .005721
   140    230.000  -6725.510       0     1       .000034
   141    235.000     -8.330       1     2       .005721
   142    235.000    -16.750       1     1       .005721
   143    235.000  -6867.510       0     1       .000034
   144    240.000     -8.010       1     2       .005721
   145    240.000    -17.070       1     1       .005721
   146    240.000  -7009.510       0     1       .000034
   147    245.000     -7.900       1     2       .005721
   148    245.000    -16.860       1     1       .005721
   149    245.000  -7145.510       0     1       .000034
   150    250.000     -7.690       1     2       .005721
   151    250.000    -16.860       1     1       .005721
   152    250.000  -7279.510       0     1       .000034
   153    255.000     -7.580       1     2       .005721
   154    255.000    -17.070       1     1       .005721
   155    255.000  -7419.510       0     1       .000034
   156    260.000     -7.900       1     2       .005721
   157    260.000    -16.860       1     1       .005721
   158    260.000  -7563.510       0     1       .000034
   159    265.000     -7.470       1     2       .005721
   160    265.000    -16.110       1     1       .005721
   161    265.000  -7701.510       0     1       .000034
   162    270.000     -7.580       1     2       .005721
   163    270.000    -16.860       1     1       .005721
   164    270.000  -7839.510       0     1       .000034
   165    275.000     -7.690       1     2       .005721
   166    275.000    -16.540       1     1       .005721
   167    275.000  -7977.510       0     1       .000034
   168    280.000     -7.690       1     2       .005721
   169    280.000    -16.640       1     1       .005721
   170    280.000  -8107.510       0     1       .000034
   171    285.000     -8.120       1     2       .005721
   172    285.000    -16.960       1     1       .005721
   173    285.000  -8249.510       0     1       .000034
   174    290.000     -7.900       1     2       .005721
   175    290.000    -16.640       1     1       .005721
   176    290.000  -8387.510       0     1       .000034
   177    295.000     -7.790       1     2       .005721
   178    295.000    -16.430       1     1       .005721
   179    295.000  -8519.510       0     1       .000034
   180    300.000     -7.040       1     2       .005721
   181    300.000    -16.430       1     1       .005721
   182    300.000  -8661.510       0     1       .000034
   183    305.000     -7.250       1     2       .005721
   184    305.000    -16.640       1     1       .005721
   185    305.000  -8803.510       0     1       .000034
   186    310.000     -7.040       1     2       .005721
   187    310.000    -16.220       1     1       .005721
   188    310.000  -8935.510       0     1       .000034
   189    315.000     -6.930       1     2       .005721
   190    315.000    -16.000       1     1       .005721
   191    315.000  -9069.510       0     1       .000034
   192    320.000     -7.470       1     2       .005721
   193    320.000    -16.110       1     1       .005721
   194    320.000  -9211.510       0     1       .000034
   195    325.000     -7.690       1     2       .005721
   196    325.000    -16.110       1     1       .005721
   197    325.000  -9335.510       0     1       .000034
   198    330.000     -7.250       1     2       .005721
   199    330.000    -16.110       1     1       .005721
   200    330.000  -9477.510       0     1       .000034
   201    335.000     -7.040       1     2       .005721
   202    335.000    -15.470       1     1       .005721
   203    335.000  -9611.510       0     1       .000034
   204    340.000     -7.790       1     2       .005721
   205    340.000    -16.000       1     1       .005721
   206    340.000  -9765.510       0     1       .000034
   207    345.000     -7.580       1     2       .005721
   208    345.000    -16.220       1     1       .005721
   209    345.000  -9893.510       0     1       .000034
   210    350.000     -6.930       1     2       .005721
   211    350.000    -16.640       1     1       .005721
   212    350.000 -10029.510       0     1       .000034
   213    355.000     -7.040       1     2       .005721
   214    355.000    -16.000       1     1       .005721
   215    355.000 -10165.510       0     1       .000034
   216    360.000     -7.580       1     2       .005721
   217    360.000    -15.790       1     1       .005721
   218    360.000 -10299.510       0     1       .000034
   219    365.000     -6.820       1     2       .005721
   220    365.000    -16.000       1     1       .005721
   221    365.000 -10431.510       0     1       .000034
   222    370.000     -7.360       1     2       .005721
   223    370.000    -15.570       1     1       .005721
   224    370.000 -10555.510       0     1       .000034
   225    375.000      5.440       1     2       .005721
   226    375.000    -18.140       1     1       .005721
   227    375.000 -10695.510       0     1       .000034
   228    380.000     -8.440       1     2       .005721
   229    380.000    -15.790       1     1       .005721
   230    380.000 -10823.510       0     1       .000034
   231    385.000     -6.720       1     2       .005721
   232    385.000    -16.000       1     1       .005721
   233    385.000 -10959.510       0     1       .000034
   234    390.000     -7.150       1     2       .005721
   235    390.000    -15.790       1     1       .005721
   236    390.000 -11089.510       0     1       .000034
   237    395.000     -6.930       1     2       .005721
   238    395.000    -15.790       1     1       .005721
   239    395.000 -11217.510       0     1       .000034
   240    400.000     -8.980       1     2       .005721
   241    400.000    -15.890       1     1       .005721
   242    400.000 -11217.510       0     1       .000034



 Parameter estimation with the  1. initial estimate
 ==================================================

 ITERATION     SSQ        ALPHA      N          CONDS      Aniz  
      0    .1138D+00     .05000    4.00000     .01200    1.20000
      1    .1943D-01     .04533    3.68995     .00934    1.39642
      2    .1142D-01     .05019    4.56632     .00992    1.32399
      3    .9769D-02     .05302    5.89052     .00982    1.33158
      4    .8787D-02     .05274    6.12037     .00964    1.37042
      5    .8786D-02     .05270    6.10542     .00965    1.37027


 MASS BALANCE ERROR IN FE SOLUTION DURING FINAL RUN WAS   .0000 %


 CORRELATION MATRIX
 ==================
         1          2          3          4
   1   1.0000
   2    .8389     1.0000
   3   -.7123     -.7742     1.0000
   4    .6914      .5793     -.8432     1.0000

 NON-LINEAR LEAST-SQUARES ANALYSIS: FINAL RESULTS
 ================================================
                                           95% CONFIDENCE LIMITS
 VARIABLE        VALUE        S.E.COEFF.     LOWER         UPPER
   ALPHA        .052701         .00072       .05129       .05411
   N           6.105419         .40966      5.29836      6.91247
   CONDS        .009647         .00007       .00951       .00978
   Aniz        1.370269         .01238      1.34588      1.39466

 RSQUARE FOR REGRESSION OF PREDICTED VS OBSERVED = .99989


 Contributions to the final objective function

 Measurement Set   0:    .4369E-03
 Measurement Set   1:    .8349E-02


------------OBSERVED & FITTED QUANTITY -----------------------------
                                               RESI-
    NO      TIME          OBS        FITTED    DUAL   TYPE  POSITION
    5     5.000      -168.450     -246.312   77.862     0     1
    8    10.000      -336.910     -430.972   94.062     0     1
   11    15.000      -509.510     -602.846   93.336     0     1
   14    20.000      -671.510     -767.950   96.440     0     1
   17    25.000      -827.510     -928.722  101.212     0     1
   20    30.000      -981.510    -1086.240  104.730     0     1
   23    35.000     -1131.510    -1241.231  109.721     0     1
   26    40.000     -1279.510    -1394.268  114.758     0     1
   29    45.000     -1435.510    -1545.660  110.150     0     1
   32    50.000     -1589.510    -1695.643  106.133     0     1
   35    55.000     -1731.510    -1844.398  112.888     0     1
   38    60.000     -1887.510    -1992.092  104.582     0     1
   41    65.000     -2027.510    -2138.854  111.344     0     1
   44    70.000     -2183.510    -2284.771  101.260     0     1
   47    75.000     -2319.510    -2429.927  110.417     0     1
   50    80.000     -2471.510    -2574.403  102.893     0     1
   53    85.000     -2619.510    -2718.253   98.743     0     1
   56    90.000     -2763.510    -2861.537   98.027     0     1
   59    95.000     -2901.510    -3004.297  102.787     0     1
   62   100.000     -3049.510    -3146.564   97.054     0     1
   65   105.000     -3187.510    -3288.375  100.865     0     1
   68   110.000     -3341.510    -3429.762   88.252     0     1
   71   115.000     -3481.510    -3570.747   89.237     0     1
   74   120.000     -3629.510    -3711.365   81.854     0     1
   77   125.000     -3771.510    -3851.639   80.129     0     1
   80   130.000     -3911.510    -3991.590   80.080     0     1
   83   135.000     -4059.510    -4131.233   71.723     0     1
   86   140.000     -4195.510    -4270.583   75.073     0     1
   89   145.000     -4333.510    -4409.653   76.144     0     1
   92   150.000     -4483.510    -4548.458   64.948     0     1
   95   155.000     -4619.510    -4687.002   67.493     0     1
   98   160.000     -4761.510    -4825.308   63.798     0     1
  101   165.000     -4907.510    -4963.385   55.875     0     1
  104   170.000     -5049.510    -5101.246   51.736     0     1
  107   175.000     -5189.510    -5238.898   49.389     0     1
  110   180.000     -5329.510    -5376.353   46.843     0     1
  113   185.000     -5471.510    -5513.614   42.104     0     1
  116   190.000     -5607.510    -5650.692   43.183     0     1
  119   195.000     -5753.510    -5787.585   34.075     0     1
  122   200.000     -5895.510    -5924.308   28.798     0     1
  125   205.000     -6029.510    -6060.866   31.356     0     1
  128   210.000     -6171.510    -6197.266   25.756     0     1
  131   215.000     -6311.510    -6333.512   22.002     0     1
  134   220.000     -6455.510    -6469.610   14.100     0     1
  137   225.000     -6593.510    -6605.565   12.055     0     1
  140   230.000     -6725.510    -6741.382   15.873     0     1
  143   235.000     -6867.510    -6877.066    9.557     0     1
  146   240.000     -7009.510    -7012.623    3.113     0     1
  149   245.000     -7145.510    -7148.055    2.545     0     1
  152   250.000     -7279.510    -7283.367    3.857     0     1
  155   255.000     -7419.510    -7418.563    -.947     0     1
  158   260.000     -7563.510    -7553.647   -9.863     0     1
  161   265.000     -7701.510    -7688.621  -12.889     0     1
  164   270.000     -7839.510    -7823.488  -16.022     0     1
  167   275.000     -7977.510    -7958.251  -19.259     0     1
  170   280.000     -8107.510    -8092.913  -14.597     0     1
  173   285.000     -8249.510    -8227.477  -22.033     0     1
  176   290.000     -8387.510    -8361.944  -25.565     0     1
  179   295.000     -8519.510    -8496.317  -23.192     0     1
  182   300.000     -8661.510    -8630.598  -30.912     0     1
  185   305.000     -8803.510    -8764.789  -38.721     0     1
  188   310.000     -8935.510    -8898.892  -36.618     0     1
  191   315.000     -9069.510    -9032.908  -36.602     0     1
  194   320.000     -9211.510    -9166.842  -44.668     0     1
  197   325.000     -9335.510    -9300.693  -34.816     0     1
  200   330.000     -9477.510    -9434.466  -43.044     0     1
  203   335.000     -9611.510    -9568.160  -43.350     0     1
  206   340.000     -9765.510    -9701.779  -63.730     0     1
  209   345.000     -9893.510    -9835.324  -58.186     0     1
  212   350.000    -10029.510    -9968.798  -60.712     0     1
  215   355.000    -10165.510   -10102.200  -63.309     0     1
  218   360.000    -10299.510   -10235.540  -63.975     0     1
  221   365.000    -10431.510   -10368.800  -62.708     0     1
  224   370.000    -10555.510   -10502.000  -53.507     0     1
  227   375.000    -10695.510   -10635.140  -60.370     0     1
  230   380.000    -10823.510   -10768.210  -55.295     0     1
  233   385.000    -10959.510   -10901.230  -58.281     0     1
  236   390.000    -11089.510   -11034.180  -55.328     0     1
  239   395.000    -11217.510   -11167.080  -50.434     0     1
  242   400.000    -11217.510   -11299.910   82.402     0     1
    2     1.000       -50.230      -50.230     .000     1     1
    4     5.000       -50.660      -50.230    -.430     1     1
    7    10.000       -50.760      -50.230    -.530     1     1
   10    15.000       -50.440      -50.230    -.210     1     1
   13    20.000       -50.010      -50.230     .220     1     1
   16    25.000       -50.340      -50.230    -.110     1     1
   19    30.000       -49.800      -50.230     .430     1     1
   22    35.000       -50.120      -50.230     .110     1     1
   25    40.000       -50.010      -50.230     .220     1     1
   28    45.000       -50.660      -50.230    -.430     1     1
   31    50.000       -50.760      -50.230    -.530     1     1
   34    55.000       -50.120      -50.230     .110     1     1
   37    60.000       -50.230      -50.230     .000     1     1
   40    65.000       -50.230      -50.230     .000     1     1
   43    70.000       -49.480      -50.226     .746     1     1
   46    75.000       -49.480      -50.166     .686     1     1
   49    80.000       -48.840      -49.630     .790     1     1
   52    85.000       -46.700      -47.318     .618     1     1
   55    90.000       -43.490      -43.011    -.479     1     1
   58    95.000       -39.530      -38.574    -.956     1     1
   61   100.000       -36.220      -34.849   -1.371     1     1
   64   105.000       -32.790      -31.849    -.941     1     1
   67   110.000       -29.690      -29.462    -.228     1     1
   70   115.000       -26.270      -27.561    1.291     1     1
   73   120.000       -23.920      -26.039    2.119     1     1
   76   125.000       -22.530      -24.807    2.277     1     1
   79   130.000       -21.240      -23.797    2.557     1     1
   82   135.000       -20.920      -22.955    2.035     1     1
   85   140.000       -19.850      -22.243    2.393     1     1
   88   145.000       -20.070      -21.633    1.563     1     1
   91   150.000       -19.850      -21.104    1.254     1     1
   94   155.000       -19.210      -20.643    1.433     1     1
   97   160.000       -19.000      -20.238    1.238     1     1
  100   165.000       -18.780      -19.878    1.098     1     1
  103   170.000       -18.680      -19.557     .877     1     1
  106   175.000       -18.460      -19.269     .809     1     1
  109   180.000       -16.750      -19.007    2.257     1     1
  112   185.000       -18.030      -18.769     .739     1     1
  115   190.000       -18.250      -18.550     .300     1     1
  118   195.000       -18.140      -18.349     .209     1     1
  121   200.000       -18.140      -18.164     .024     1     1
  124   205.000       -17.390      -17.992     .602     1     1
  127   210.000       -17.820      -17.832     .012     1     1
  130   215.000       -17.930      -17.681    -.249     1     1
  133   220.000       -17.180      -17.540     .360     1     1
  136   225.000       -17.280      -17.408     .128     1     1
  139   230.000       -16.960      -17.283     .323     1     1
  142   235.000       -16.750      -17.165     .415     1     1
  145   240.000       -17.070      -17.052    -.018     1     1
  148   245.000       -16.860      -16.946     .086     1     1
  151   250.000       -16.860      -16.845    -.015     1     1
  154   255.000       -17.070      -16.748    -.322     1     1
  157   260.000       -16.860      -16.656    -.204     1     1
  160   265.000       -16.110      -16.568     .458     1     1
  163   270.000       -16.860      -16.484    -.376     1     1
  166   275.000       -16.540      -16.403    -.137     1     1
  169   280.000       -16.640      -16.326    -.314     1     1
  172   285.000       -16.960      -16.251    -.709     1     1
  175   290.000       -16.640      -16.180    -.460     1     1
  178   295.000       -16.430      -16.110    -.320     1     1
  181   300.000       -16.430      -16.044    -.386     1     1
  184   305.000       -16.640      -15.979    -.661     1     1
  187   310.000       -16.220      -15.917    -.303     1     1
  190   315.000       -16.000      -15.857    -.143     1     1
  193   320.000       -16.110      -15.800    -.310     1     1
  196   325.000       -16.110      -15.743    -.367     1     1
  199   330.000       -16.110      -15.689    -.421     1     1
  202   335.000       -15.470      -15.637     .167     1     1
  205   340.000       -16.000      -15.586    -.414     1     1
  208   345.000       -16.220      -15.536    -.684     1     1
  211   350.000       -16.640      -15.488   -1.152     1     1
  214   355.000       -16.000      -15.442    -.558     1     1
  217   360.000       -15.790      -15.397    -.393     1     1
  220   365.000       -16.000      -15.353    -.647     1     1
  223   370.000       -15.570      -15.310    -.260     1     1
  226   375.000       -18.140      -15.268   -2.872     1     1
  229   380.000       -15.790      -15.228    -.562     1     1
  232   385.000       -16.000      -15.188    -.812     1     1
  235   390.000       -15.790      -15.150    -.640     1     1
  238   395.000       -15.790      -15.113    -.677     1     1
  241   400.000       -15.890      -15.076    -.814     1     1
    1     1.000       -47.610      -47.610     .000     1     2
    3     5.000       -48.800      -47.610   -1.190     1     2
    6    10.000       -48.150      -47.610    -.540     1     2
    9    15.000       -47.070      -46.991    -.079     1     2
   12    20.000       -35.770      -32.073   -3.697     1     2
   15    25.000       -24.800      -23.702   -1.098     1     2
   18    30.000       -19.520      -19.684     .164     1     2
   21    35.000       -17.480      -17.377    -.103     1     2
   24    40.000       -15.330      -15.910     .580     1     2
   27    45.000       -15.430      -14.882    -.548     1     2
   30    50.000       -14.030      -14.105     .075     1     2
   33    55.000       -13.170      -13.482     .312     1     2
   36    60.000       -12.420      -12.964     .544     1     2
   39    65.000       -12.640      -12.522    -.118     1     2
   42    70.000       -13.600      -12.139   -1.461     1     2
   45    75.000       -12.100      -11.804    -.296     1     2
   48    80.000       -11.990      -11.504    -.486     1     2
   51    85.000       -11.560      -11.234    -.326     1     2
   54    90.000       -11.880      -10.989    -.891     1     2
   57    95.000       -11.130      -10.765    -.365     1     2
   60   100.000       -11.130      -10.560    -.570     1     2
   63   105.000       -10.050      -10.370     .320     1     2
   66   110.000       -10.700      -10.195    -.505     1     2
   69   115.000       -10.480      -10.031    -.449     1     2
   72   120.000       -10.160       -9.878    -.282     1     2
   75   125.000        -9.620       -9.735     .115     1     2
   78   130.000        -9.510       -9.600     .090     1     2
   81   135.000        -9.410       -9.474     .064     1     2
   84   140.000        -9.510       -9.354    -.156     1     2
   87   145.000        -8.980       -9.240     .260     1     2
   90   150.000        -9.840       -9.132    -.708     1     2
   93   155.000        -9.300       -9.030    -.270     1     2
   96   160.000        -9.300       -8.933    -.367     1     2
   99   165.000        -8.870       -8.841    -.029     1     2
  102   170.000        -9.080       -8.752    -.328     1     2
  105   175.000        -8.330       -8.668     .338     1     2
  108   180.000        -8.220       -8.588     .368     1     2
  111   185.000        -8.760       -8.510    -.250     1     2
  114   190.000        -8.120       -8.436     .316     1     2
  117   195.000        -8.550       -8.365    -.185     1     2
  120   200.000        -8.220       -8.297     .077     1     2
  123   205.000        -8.010       -8.231     .221     1     2
  126   210.000        -8.010       -8.168     .158     1     2
  129   215.000        -8.220       -8.107    -.113     1     2
  132   220.000        -8.650       -8.048    -.602     1     2
  135   225.000        -7.900       -7.991     .091     1     2
  138   230.000        -8.550       -7.936    -.614     1     2
  141   235.000        -8.330       -7.883    -.447     1     2
  144   240.000        -8.010       -7.832    -.178     1     2
  147   245.000        -7.900       -7.782    -.118     1     2
  150   250.000        -7.690       -7.734     .044     1     2
  153   255.000        -7.580       -7.687     .107     1     2
  156   260.000        -7.900       -7.642    -.258     1     2
  159   265.000        -7.470       -7.598     .128     1     2
  162   270.000        -7.580       -7.555    -.025     1     2
  165   275.000        -7.690       -7.514    -.176     1     2
  168   280.000        -7.690       -7.473    -.217     1     2
  171   285.000        -8.120       -7.434    -.686     1     2
  174   290.000        -7.900       -7.396    -.504     1     2
  177   295.000        -7.790       -7.358    -.432     1     2
  180   300.000        -7.040       -7.322     .282     1     2
  183   305.000        -7.250       -7.286     .036     1     2
  186   310.000        -7.040       -7.252     .212     1     2
  189   315.000        -6.930       -7.218     .288     1     2
  192   320.000        -7.470       -7.185    -.285     1     2
  195   325.000        -7.690       -7.153    -.537     1     2
  198   330.000        -7.250       -7.122    -.128     1     2
  201   335.000        -7.040       -7.091     .051     1     2
  204   340.000        -7.790       -7.061    -.729     1     2
  207   345.000        -7.580       -7.032    -.548     1     2
  210   350.000        -6.930       -7.004     .074     1     2
  213   355.000        -7.040       -6.976    -.064     1     2
  216   360.000        -7.580       -6.949    -.631     1     2
  219   365.000        -6.820       -6.922     .102     1     2
  222   370.000        -7.360       -6.896    -.464     1     2
  225   375.000         5.440       -6.871   12.311     1     2
  228   380.000        -8.440       -6.846   -1.594     1     2
  231   385.000        -6.720       -6.822     .102     1     2
  234   390.000        -7.150       -6.798    -.352     1     2
  237   395.000        -6.930       -6.774    -.156     1     2
  240   400.000        -8.980       -6.752   -2.228     1     2


  PRESSURE    LOG P      WC       REL K     LOG RK      ABS K    LOG KA     DIFFUS     LOG D
  .000E+00             .3500     .100E+01             .965E-02
  .141E+01    .150     .3500     .100E+01    .000     .965E-02  -2.016     .603E+05   4.780
  .168E+01    .225     .3500     .100E+01    .000     .965E-02  -2.016     .250E+05   4.397
  .200E+01    .300     .3500     .100E+01    .000     .965E-02  -2.016     .103E+05   4.015
  .237E+01    .375     .3500     .100E+01    .000     .965E-02  -2.016     .428E+04   3.632
  .282E+01    .450     .3500     .100E+01    .000     .965E-02  -2.016     .177E+04   3.249
  .335E+01    .525     .3500     .100E+01    .000     .964E-02  -2.016     .734E+03   2.866
  .398E+01    .600     .3500     .999E+00    .000     .964E-02  -2.016     .304E+03   2.483
  .473E+01    .675     .3499     .998E+00   -.001     .963E-02  -2.016     .126E+03   2.099
  .562E+01    .750     .3498     .996E+00   -.002     .961E-02  -2.017     .520E+02   1.716
  .668E+01    .825     .3495     .990E+00   -.005     .955E-02  -2.020     .214E+02   1.331
  .794E+01    .900     .3486     .975E+00   -.011     .940E-02  -2.027     .879E+01    .944
  .944E+01    .975     .3460     .939E+00   -.027     .906E-02  -2.043     .357E+01    .552
  .112E+02   1.050     .3388     .858E+00   -.067     .827E-02  -2.082     .141E+01    .150
  .133E+02   1.125     .3200     .689E+00   -.162     .665E-02  -2.177     .535E+00   -.272
  .158E+02   1.200     .2769     .418E+00   -.379     .403E-02  -2.395     .186E+00   -.730
  .188E+02   1.275     .2032     .153E+00   -.815     .148E-02  -2.830     .572E-01  -1.243
  .224E+02   1.350     .1214     .302E-01  -1.521     .291E-03  -3.536     .153E-01  -1.814
  .266E+02   1.425     .0631     .363E-02  -2.440     .350E-04  -4.455     .373E-02  -2.428
  .316E+02   1.500     .0323     .337E-03  -3.472     .325E-05  -5.488     .865E-03  -3.063
  .376E+02   1.575     .0183     .280E-04  -4.553     .270E-06  -6.569     .196E-03  -3.708
  .447E+02   1.650     .0123     .224E-05  -5.650     .216E-07  -7.666     .441E-04  -4.355
  .531E+02   1.725     .0098     .176E-06  -6.754     .170E-08  -8.769     .991E-05  -5.004
  .631E+02   1.800     .0087     .138E-07  -7.860     .133E-09  -9.875     .222E-05  -5.653
  .750E+02   1.875     .0083     .108E-08  -8.966     .104E-10 -10.982     .499E-06  -6.302
  .891E+02   1.950     .0081     .844E-10 -10.074     .814E-12 -12.089     .112E-06  -6.951
  .106E+03   2.025     .0081     .660E-11 -11.181     .636E-13 -13.196     .251E-07  -7.601
  .126E+03   2.100     .0080     .515E-12 -12.288     .497E-14 -14.304     .562E-08  -8.250
  .150E+03   2.175     .0080     .403E-13 -13.395     .388E-15 -15.411     .126E-08  -8.899
  .178E+03   2.250     .0080     .314E-14 -14.502     .303E-16 -16.518     .283E-09  -9.549
  .211E+03   2.325     .0080     .246E-15 -15.610     .237E-17 -17.625     .634E-10 -10.198
  .251E+03   2.400     .0080     .192E-16 -16.717     .185E-18 -18.733     .142E-10 -10.847
 
 Real time [sec]   42719.000000000000000
