

       Time         hAtm       hRoot     hKode3     hKode1        hSeep     hKode5     hKode6 ... 
      [T]          [L]        [L]        [L]        [L]        [L]        [L]        [L]

         .0005         .0         .0         .0       50.0         .0         .0         .0
         .0010         .0         .0         .0       50.0         .0         .0         .0
         .0015         .0         .0         .0       50.0         .0         .0         .0
         .0020         .0         .0         .0       50.0         .0         .0         .0
         .0025         .0         .0         .0       50.0         .0         .0         .0
         .0032         .0         .0         .0       50.0         .0         .0         .0
         .0038         .0         .0         .0       50.0         .0         .0         .0
         .0046         .0         .0         .0       50.0         .0         .0         .0
         .0054         .0         .0         .0       50.0         .0         .0         .0
         .0062         .0         .0         .0       50.0         .0         .0         .0
         .0072         .0         .0         .0       50.0         .0         .0         .0
         .0083         .0         .0         .0       50.0         .0         .0         .0
         .0095         .0         .0         .0       50.0         .0         .0         .0
         .0108         .0         .0         .0       50.0         .0         .0         .0
         .0122         .0         .0         .0       50.0         .0         .0         .0
         .0138         .0         .0         .0       50.0         .0         .0         .0
         .0155         .0         .0         .0       50.0         .0         .0         .0
         .0172         .0         .0         .0       50.0         .0         .0         .0
         .0189         .0         .0         .0       50.0         .0         .0         .0
         .0207         .0         .0         .0       50.0         .0         .0         .0
         .0224         .0         .0         .0       50.0         .0         .0         .0
         .0241         .0         .0         .0       50.0         .0         .0         .0
         .0259         .0         .0         .0       50.0         .0         .0         .0
         .0276         .0         .0         .0       50.0         .0         .0         .0
         .0293         .0         .0         .0       50.0         .0         .0         .0
         .0310         .0         .0         .0       50.0         .0         .0         .0
         .0328         .0         .0         .0       50.0         .0         .0         .0
         .0345         .0         .0         .0       50.0         .0         .0         .0
         .0362         .0         .0         .0       50.0         .0         .0         .0
         .0379         .0         .0         .0       50.0         .0         .0         .0
         .0397         .0         .0         .0       50.0         .0         .0         .0
         .0414         .0         .0         .0       50.0         .0         .0         .0
         .0431         .0         .0         .0       50.0         .0         .0         .0
         .0449         .0         .0         .0       50.0         .0         .0         .0
         .0466         .0         .0         .0       50.0         .0         .0         .0
         .0483         .0         .0         .0       50.0         .0         .0         .0
         .0500         .0         .0         .0       50.0         .0         .0         .0
         .0518         .0         .0         .0       50.0         .0         .0         .0
         .0535         .0         .0         .0       50.0         .0         .0         .0
         .0552         .0         .0         .0       50.0         .0         .0         .0
         .0569         .0         .0         .0       50.0         .0         .0         .0
         .0587         .0         .0         .0       50.0         .0         .0         .0
         .0604         .0         .0         .0       50.0         .0         .0         .0
         .0621         .0         .0         .0       50.0         .0         .0         .0
         .0639         .0         .0         .0       50.0         .0         .0         .0
         .0656         .0         .0         .0       50.0         .0         .0         .0
         .0675         .0         .0         .0       50.0         .0         .0         .0
         .0696         .0         .0         .0       50.0         .0         .0         .0
         .0719         .0         .0         .0       50.0         .0         .0         .0
         .0744         .0         .0         .0       50.0         .0         .0         .0
         .0772         .0         .0         .0       50.0         .0         .0         .0
         .0800         .0         .0         .0       50.0         .0         .0         .0
         .0827         .0         .0         .0       50.0         .0         .0         .0
         .0855         .0         .0         .0       50.0         .0         .0         .0
         .0883         .0         .0         .0       50.0         .0         .0         .0
         .0911         .0         .0         .0       50.0         .0         .0         .0
         .0939         .0         .0         .0       50.0         .0         .0         .0
         .0966         .0         .0         .0       50.0         .0         .0         .0
         .0994         .0         .0         .0       50.0         .0         .0         .0
         .1025         .0         .0         .0       50.0         .0         .0         .0
         .1055         .0         .0         .0       50.0         .0         .0         .0
         .1086         .0         .0         .0       50.0         .0         .0         .0
         .1116         .0         .0         .0       50.0         .0         .0         .0
         .1147         .0         .0         .0       50.0         .0         .0         .0
         .1177         .0         .0         .0       50.0         .0         .0         .0
         .1208         .0         .0         .0       50.0         .0         .0         .0
         .1238         .0         .0         .0       50.0         .0         .0         .0
         .1272         .0         .0         .0       50.0         .0         .0         .0
         .1306         .0         .0         .0       50.0         .0         .0         .0
         .1339         .0         .0         .0       50.0         .0         .0         .0
         .1373         .0         .0         .0       50.0         .0         .0         .0
         .1407         .0         .0         .0       50.0         .0         .0         .0
         .1441         .0         .0         .0       50.0         .0         .0         .0
         .1474         .0         .0         .0       50.0         .0         .0         .0
         .1508         .0         .0         .0       50.0         .0         .0         .0
         .1542         .0         .0         .0       50.0         .0         .0         .0
         .1575         .0         .0         .0       50.0         .0         .0         .0
         .1609         .0         .0         .0       50.0         .0         .0         .0
         .1643         .0         .0         .0       50.0         .0         .0         .0
         .1676         .0         .0         .0       50.0         .0         .0         .0
         .1710         .0         .0         .0       50.0         .0         .0         .0
         .1744         .0         .0         .0       50.0         .0         .0         .0
         .1781         .0         .0         .0       50.0         .0         .0         .0
         .1822         .0         .0         .0       50.0         .0         .0         .0
         .1866         .0         .0         .0       50.0         .0         .0         .0
         .1911         .0         .0         .0       50.0         .0         .0         .0
         .1956         .0         .0         .0       50.0         .0         .0         .0
         .2000         .0         .0         .0       50.0         .0         .0         .0
         .2045         .0         .0         .0       50.0         .0         .0         .0
         .2094         .0         .0         .0       50.0         .0         .0         .0
         .2148         .0         .0         .0       50.0         .0         .0         .0
         .2208         .0         .0         .0       50.0         .0         .0         .0
         .2273         .0         .0         .0       50.0         .0         .0         .0
         .2345         .0         .0         .0       50.0         .0         .0         .0
         .2424         .0         .0         .0       50.0         .0         .0         .0
         .2503         .0         .0         .0       50.0         .0         .0         .0
         .2582         .0         .0         .0       50.0         .0         .0         .0
         .2661         .0         .0         .0       50.0         .0         .0         .0
         .2740         .0         .0         .0       50.0         .0         .0         .0
         .2819         .0         .0         .0       50.0         .0         .0         .0
         .2898         .0         .0         .0       50.0         .0         .0         .0
         .2977         .0         .0         .0       50.0         .0         .0         .0
         .3056         .0         .0         .0       50.0         .0         .0         .0
         .3135         .0         .0         .0       50.0         .0         .0         .0
         .3213         .0         .0         .0       50.0         .0         .0         .0
         .3292         .0         .0         .0       50.0         .0         .0         .0
         .3371         .0         .0         .0       50.0         .0         .0         .0
         .3450         .0         .0         .0       50.0         .0         .0         .0
         .3529         .0         .0         .0       50.0         .0         .0         .0
         .3608         .0         .0         .0       50.0         .0         .0         .0
         .3687         .0         .0         .0       50.0         .0         .0         .0
         .3766         .0         .0         .0       50.0         .0         .0         .0
         .3845         .0         .0         .0       50.0         .0         .0         .0
         .3924         .0         .0         .0       50.0         .0         .0         .0
         .4003         .0         .0         .0       50.0         .0         .0         .0
         .4082         .0         .0         .0       50.0         .0         .0         .0
         .4169         .0         .0         .0       50.0         .0         .0         .0
         .4264         .0         .0         .0       50.0         .0         .0         .0
         .4370         .0         .0         .0       50.0         .0         .0         .0
         .4477         .0         .0         .0       50.0         .0         .0         .0
         .4583         .0         .0         .0       50.0         .0         .0         .0
         .4689         .0         .0         .0       50.0         .0         .0         .0
         .4795         .0         .0         .0       50.0         .0         .0         .0
         .4901         .0         .0         .0       50.0         .0         .0         .0
         .5017         .0         .0         .0       50.0         .0         .0         .0
         .5133         .0         .0         .0       50.0         .0         .0         .0
         .5249         .0         .0         .0       50.0         .0         .0         .0
         .5365         .0         .0         .0       50.0         .0         .0         .0
         .5481         .0         .0         .0       50.0         .0         .0         .0
         .5597         .0         .0         .0       50.0         .0         .0         .0
         .5713         .0         .0         .0       50.0         .0         .0         .0
         .5828         .0         .0         .0       50.0         .0         .0         .0
         .5944         .0         .0         .0       50.0         .0         .0         .0
         .6060         .0         .0         .0       50.0         .0         .0         .0
         .6176         .0         .0         .0       50.0         .0         .0         .0
         .6292         .0         .0         .0       50.0         .0         .0         .0
         .6408         .0         .0         .0       50.0         .0         .0         .0
         .6524         .0         .0         .0       50.0         .0         .0         .0
         .6640         .0         .0         .0       50.0         .0         .0         .0
         .6755         .0         .0         .0       50.0         .0         .0         .0
         .6871         .0         .0         .0       50.0         .0         .0         .0
         .6987         .0         .0         .0       50.0         .0         .0         .0
         .7103         .0         .0         .0       50.0         .0         .0         .0
         .7219         .0         .0         .0       50.0         .0         .0         .0
         .7345         .0         .0         .0       50.0         .0         .0         .0
         .7485         .0         .0         .0       50.0         .0         .0         .0
         .7625         .0         .0         .0       50.0         .0         .0         .0
         .7765         .0         .0         .0       50.0         .0         .0         .0
         .7904         .0         .0         .0       50.0         .0         .0         .0
         .8044         .0         .0         .0       50.0         .0         .0         .0
         .8184         .0         .0         .0       50.0         .0         .0         .0
         .8323         .0         .0         .0       50.0         .0         .0         .0
         .8463         .0         .0         .0       50.0         .0         .0         .0
         .8603         .0         .0         .0       50.0         .0         .0         .0
         .8743         .0         .0         .0       50.0         .0         .0         .0
         .8882         .0         .0         .0       50.0         .0         .0         .0
         .9022         .0         .0         .0       50.0         .0         .0         .0
         .9162         .0         .0         .0       50.0         .0         .0         .0
         .9301         .0         .0         .0       50.0         .0         .0         .0
         .9441         .0         .0         .0       50.0         .0         .0         .0
         .9581         .0         .0         .0       50.0         .0         .0         .0
         .9721         .0         .0         .0       50.0         .0         .0         .0
         .9860         .0         .0         .0       50.0         .0         .0         .0
        1.0000         .0         .0         .0       50.0         .0         .0         .0
        1.0154         .0         .0         .0       50.0         .0         .0         .0
        1.0309         .0         .0         .0       50.0         .0         .0         .0
        1.0463         .0         .0         .0       50.0         .0         .0         .0
        1.0618         .0         .0         .0       50.0         .0         .0         .0
        1.0772         .0         .0         .0       50.0         .0         .0         .0
        1.0927         .0         .0         .0       50.0         .0         .0         .0
        1.1081         .0         .0         .0       50.0         .0         .0         .0
        1.1236         .0         .0         .0       50.0         .0         .0         .0
        1.1390         .0         .0         .0       50.0         .0         .0         .0
        1.1544         .0         .0         .0       50.0         .0         .0         .0
        1.1699         .0         .0         .0       50.0         .0         .0         .0
        1.1853         .0         .0         .0       50.0         .0         .0         .0
        1.2008         .0         .0         .0       50.0         .0         .0         .0
        1.2178         .0         .0         .0       50.0         .0         .0         .0
        1.2365         .0         .0         .0       50.0         .0         .0         .0
        1.2571         .0         .0         .0       50.0         .0         .0         .0
        1.2777         .0         .0         .0       50.0         .0         .0         .0
        1.2982         .0         .0         .0       50.0         .0         .0         .0
        1.3188         .0         .0         .0       50.0         .0         .0         .0
        1.3414         .0         .0         .0       50.0         .0         .0         .0
        1.3640         .0         .0         .0       50.0         .0         .0         .0
        1.3865         .0         .0         .0       50.0         .0         .0         .0
        1.4091         .0         .0         .0       50.0         .0         .0         .0
        1.4317         .0         .0         .0       50.0         .0         .0         .0
        1.4543         .0         .0         .0       50.0         .0         .0         .0
        1.4769         .0         .0         .0       50.0         .0         .0         .0
        1.4995         .0         .0         .0       50.0         .0         .0         .0
        1.5221         .0         .0         .0       50.0         .0         .0         .0
        1.5469         .0         .0         .0       50.0         .0         .0         .0
        1.5717         .0         .0         .0       50.0         .0         .0         .0
        1.5966         .0         .0         .0       50.0         .0         .0         .0
        1.6240         .0         .0         .0       50.0         .0         .0         .0
        1.6515         .0         .0         .0       50.0         .0         .0         .0
        1.6789         .0         .0         .0       50.0         .0         .0         .0
        1.7064         .0         .0         .0       50.0         .0         .0         .0
        1.7338         .0         .0         .0       50.0         .0         .0         .0
        1.7613         .0         .0         .0       50.0         .0         .0         .0
        1.7887         .0         .0         .0       50.0         .0         .0         .0
        1.8162         .0         .0         .0       50.0         .0         .0         .0
        1.8436         .0         .0         .0       50.0         .0         .0         .0
        1.8710         .0         .0         .0       50.0         .0         .0         .0
        1.9011         .0         .0         .0       50.0         .0         .0         .0
        1.9312         .0         .0         .0       50.0         .0         .0         .0
        1.9613         .0         .0         .0       50.0         .0         .0         .0
        1.9914         .0         .0         .0       50.0         .0         .0         .0
        2.0215         .0         .0         .0       50.0         .0         .0         .0
        2.0516         .0         .0         .0       50.0         .0         .0         .0
        2.0817         .0         .0         .0       50.0         .0         .0         .0
        2.1117         .0         .0         .0       50.0         .0         .0         .0
        2.1418         .0         .0         .0       50.0         .0         .0         .0
        2.1751         .0         .0         .0       50.0         .0         .0         .0
        2.2083         .0         .0         .0       50.0         .0         .0         .0
        2.2445         .0         .0         .0       50.0         .0         .0         .0
        2.2845         .0         .0         .0       50.0         .0         .0         .0
        2.3283         .0         .0         .0       50.0         .0         .0         .0
        2.3721         .0         .0         .0       50.0         .0         .0         .0
        2.4159         .0         .0         .0       50.0         .0         .0         .0
        2.4597         .0         .0         .0       50.0         .0         .0         .0
        2.5035         .0         .0         .0       50.0         .0         .0         .0
        2.5473         .0         .0         .0       50.0         .0         .0         .0
        2.5911         .0         .0         .0       50.0         .0         .0         .0
        2.6349         .0         .0         .0       50.0         .0         .0         .0
        2.6787         .0         .0         .0       50.0         .0         .0         .0
        2.7225         .0         .0         .0       50.0         .0         .0         .0
        2.7663         .0         .0         .0       50.0         .0         .0         .0
        2.8101         .0         .0         .0       50.0         .0         .0         .0
        2.8587         .0         .0         .0       50.0         .0         .0         .0
        2.9074         .0         .0         .0       50.0         .0         .0         .0
        2.9561         .0         .0         .0       50.0         .0         .0         .0
        3.0047         .0         .0         .0       50.0         .0         .0         .0
        3.0534         .0         .0         .0       50.0         .0         .0         .0
        3.1021         .0         .0         .0       50.0         .0         .0         .0
        3.1507         .0         .0         .0       50.0         .0         .0         .0
        3.1994         .0         .0         .0       50.0         .0         .0         .0
        3.2481         .0         .0         .0       50.0         .0         .0         .0
        3.2967         .0         .0         .0       50.0         .0         .0         .0
        3.3454         .0         .0         .0       50.0         .0         .0         .0
        3.3940         .0         .0         .0       50.0         .0         .0         .0
        3.4427         .0         .0         .0       50.0         .0         .0         .0
        3.4914         .0         .0         .0       50.0         .0         .0         .0
        3.5400         .0         .0         .0       50.0         .0         .0         .0
        3.5941         .0         .0         .0       50.0         .0         .0         .0
        3.6482         .0         .0         .0       50.0         .0         .0         .0
        3.7023         .0         .0         .0       50.0         .0         .0         .0
        3.7563         .0         .0         .0       50.0         .0         .0         .0
        3.8104         .0         .0         .0       50.0         .0         .0         .0
        3.8645         .0         .0         .0       50.0         .0         .0         .0
        3.9242         .0         .0         .0       50.0         .0         .0         .0
        3.9840         .0         .0         .0       50.0         .0         .0         .0
        4.0438         .0         .0         .0       50.0         .0         .0         .0
        4.1035         .0         .0         .0       50.0         .0         .0         .0
        4.1676         .0         .0         .0       50.0         .0         .0         .0
        4.2316         .0         .0         .0       50.0         .0         .0         .0
        4.3015         .0         .0         .0       50.0         .0         .0         .0
        4.3791         .0         .0         .0       50.0         .0         .0         .0
        4.4567         .0         .0         .0       50.0         .0         .0         .0
        4.5343         .0         .0         .0       50.0         .0         .0         .0
        4.6119         .0         .0         .0       50.0         .0         .0         .0
        4.6895         .0         .0         .0       50.0         .0         .0         .0
        4.7672         .0         .0         .0       50.0         .0         .0         .0
        4.8448         .0         .0         .0       50.0         .0         .0         .0
        4.9224         .0         .0         .0       50.0         .0         .0         .0
        5.0000         .0         .0         .0       50.0         .0         .0         .0
        5.0781         .0         .0         .0       50.0         .0         .0         .0
        5.1563         .0         .0         .0       50.0         .0         .0         .0
        5.2344         .0         .0         .0       50.0         .0         .0         .0
        5.3125         .0         .0         .0       50.0         .0         .0         .0
        5.3906         .0         .0         .0       50.0         .0         .0         .0
        5.4688         .0         .0         .0       50.0         .0         .0         .0
        5.5469         .0         .0         .0       50.0         .0         .0         .0
        5.6325         .0         .0         .0       50.0         .0         .0         .0
        5.7181         .0         .0         .0       50.0         .0         .0         .0
        5.8038         .0         .0         .0       50.0         .0         .0         .0
        5.8894         .0         .0         .0       50.0         .0         .0         .0
        5.9751         .0         .0         .0       50.0         .0         .0         .0
        6.0607         .0         .0         .0       50.0         .0         .0         .0
        6.1545         .0         .0         .0       50.0         .0         .0         .0
        6.2483         .0         .0         .0       50.0         .0         .0         .0
        6.3421         .0         .0         .0       50.0         .0         .0         .0
        6.4466         .0         .0         .0       50.0         .0         .0         .0
        6.5511         .0         .0         .0       50.0         .0         .0         .0
        6.6556         .0         .0         .0       50.0         .0         .0         .0
        6.7709         .0         .0         .0       50.0         .0         .0         .0
        6.8863         .0         .0         .0       50.0         .0         .0         .0
        7.0016         .0         .0         .0       50.0         .0         .0         .0
        7.1169         .0         .0         .0       50.0         .0         .0         .0
        7.2322         .0         .0         .0       50.0         .0         .0         .0
        7.3476         .0         .0         .0       50.0         .0         .0         .0
        7.4739         .0         .0         .0       50.0         .0         .0         .0
        7.6002         .0         .0         .0       50.0         .0         .0         .0
        7.7265         .0         .0         .0       50.0         .0         .0         .0
        7.8528         .0         .0         .0       50.0         .0         .0         .0
        7.9791         .0         .0         .0       50.0         .0         .0         .0
        8.1054         .0         .0         .0       50.0         .0         .0         .0
        8.2317         .0         .0         .0       50.0         .0         .0         .0
        8.3580         .0         .0         .0       50.0         .0         .0         .0
        8.4843         .0         .0         .0       50.0         .0         .0         .0
        8.6106         .0         .0         .0       50.0         .0         .0         .0
        8.7369         .0         .0         .0       50.0         .0         .0         .0
        8.8632         .0         .0         .0       50.0         .0         .0         .0
        9.0053         .0         .0         .0       50.0         .0         .0         .0
        9.1474         .0         .0         .0       50.0         .0         .0         .0
        9.2895         .0         .0         .0       50.0         .0         .0         .0
        9.4316         .0         .0         .0       50.0         .0         .0         .0
        9.5737         .0         .0         .0       50.0         .0         .0         .0
        9.7158         .0         .0         .0       50.0         .0         .0         .0
        9.8579         .0         .0         .0       50.0         .0         .0         .0
       10.0000         .0         .0         .0       50.0         .0         .0         .0
       10.1389         .0         .0         .0       50.0         .0         .0         .0
       10.2908         .0         .0         .0       50.0         .0         .0         .0
       10.4427         .0         .0         .0       50.0         .0         .0         .0
       10.5946         .0         .0         .0       50.0         .0         .0         .0
       10.7641         .0         .0         .0       50.0         .0         .0         .0
       10.9335         .0         .0         .0       50.0         .0         .0         .0
       11.1029         .0         .0         .0       50.0         .0         .0         .0
       11.2724         .0         .0         .0       50.0         .0         .0         .0
       11.4418         .0         .0         .0       50.0         .0         .0         .0
       11.6112         .0         .0         .0       50.0         .0         .0         .0
       11.7807         .0         .0         .0       50.0         .0         .0         .0
       11.9501         .0         .0         .0       50.0         .0         .0         .0
       12.1196         .0         .0         .0       50.0         .0         .0         .0
       12.2996         .0         .0         .0       50.0         .0         .0         .0
       12.4796         .0         .0         .0       50.0         .0         .0         .0
       12.6596         .0         .0         .0       50.0         .0         .0         .0
       12.8397         .0         .0         .0       50.0         .0         .0         .0
       13.0361         .0         .0         .0       50.0         .0         .0         .0
       13.2325         .0         .0         .0       50.0         .0         .0         .0
       13.4289         .0         .0         .0       50.0         .0         .0         .0
       13.6252         .0         .0         .0       50.0         .0         .0         .0
       13.8216         .0         .0         .0       50.0         .0         .0         .0
       14.0180         .0         .0         .0       50.0         .0         .0         .0
       14.2144         .0         .0         .0       50.0         .0         .0         .0
       14.4108         .0         .0         .0       50.0         .0         .0         .0
       14.6072         .0         .0         .0       50.0         .0         .0         .0
       14.8036         .0         .0         .0       50.0         .0         .0         .0
       15.0000         .0         .0         .0       50.0         .0         .0         .0
       15.2000         .0         .0         .0       50.0         .0         .0         .0
       15.4000         .0         .0         .0       50.0         .0         .0         .0
       15.6000         .0         .0         .0       50.0         .0         .0         .0
       15.8000         .0         .0         .0       50.0         .0         .0         .0
       16.0000         .0         .0         .0       50.0         .0         .0         .0
       16.2222         .0         .0         .0       50.0         .0         .0         .0
       16.4444         .0         .0         .0       50.0         .0         .0         .0
       16.6667         .0         .0         .0       50.0         .0         .0         .0
       16.8889         .0         .0         .0       50.0         .0         .0         .0
       17.1111         .0         .0         .0       50.0         .0         .0         .0
       17.3333         .0         .0         .0       50.0         .0         .0         .0
       17.5556         .0         .0         .0       50.0         .0         .0         .0
       17.7778         .0         .0         .0       50.0         .0         .0         .0
       18.0000         .0         .0         .0       50.0         .0         .0         .0
       18.2222         .0         .0         .0       50.0         .0         .0         .0
       18.4444         .0         .0         .0       50.0         .0         .0         .0
       18.6667         .0         .0         .0       50.0         .0         .0         .0
       18.8889         .0         .0         .0       50.0         .0         .0         .0
       19.1111         .0         .0         .0       50.0         .0         .0         .0
       19.3333         .0         .0         .0       50.0         .0         .0         .0
       19.5556         .0         .0         .0       50.0         .0         .0         .0
       19.7778         .0         .0         .0       50.0         .0         .0         .0
       20.0000         .0         .0         .0       50.0         .0         .0         .0
       20.2500         .0         .0         .0       50.0         .0         .0         .0
       20.5000         .0         .0         .0       50.0         .0         .0         .0
       20.7500         .0         .0         .0       50.0         .0         .0         .0
       21.0000         .0         .0         .0       50.0         .0         .0         .0
       21.2500         .0         .0         .0       50.0         .0         .0         .0
       21.5000         .0         .0         .0       50.0         .0         .0         .0
       21.7500         .0         .0         .0       50.0         .0         .0         .0
       22.0000         .0         .0         .0       50.0         .0         .0         .0
       22.2500         .0         .0         .0       50.0         .0         .0         .0
       22.5000         .0         .0         .0       50.0         .0         .0         .0
       22.7500         .0         .0         .0       50.0         .0         .0         .0
       23.0000         .0         .0         .0       50.0         .0         .0         .0
       23.2500         .0         .0         .0       50.0         .0         .0         .0
       23.5000         .0         .0         .0       50.0         .0         .0         .0
       23.7500         .0         .0         .0       50.0         .0         .0         .0
       24.0000         .0         .0         .0       50.0         .0         .0         .0
       24.2500         .0         .0         .0       50.0         .0         .0         .0
       24.5000         .0         .0         .0       50.0         .0         .0         .0
       24.7500         .0         .0         .0       50.0         .0         .0         .0
       25.0000         .0         .0         .0       50.0         .0         .0         .0
       25.2500         .0         .0         .0       50.0         .0         .0         .0
       25.5000         .0         .0         .0       50.0         .0         .0         .0
       25.7500         .0         .0         .0       50.0         .0         .0         .0
       26.0000         .0         .0         .0       50.0         .0         .0         .0
       26.2500         .0         .0         .0       50.0         .0         .0         .0
       26.5000         .0         .0         .0       50.0         .0         .0         .0
       26.7500         .0         .0         .0       50.0         .0         .0         .0
       27.0000         .0         .0         .0       50.0         .0         .0         .0
       27.2500         .0         .0         .0       50.0         .0         .0         .0
       27.5000         .0         .0         .0       50.0         .0         .0         .0
       27.7500         .0         .0         .0       50.0         .0         .0         .0
       28.0000         .0         .0         .0       50.0         .0         .0         .0
       28.2500         .0         .0         .0       50.0         .0         .0         .0
       28.5000         .0         .0         .0       50.0         .0         .0         .0
       28.7500         .0         .0         .0       50.0         .0         .0         .0
       29.0000         .0         .0         .0       50.0         .0         .0         .0
       29.2500         .0         .0         .0       50.0         .0         .0         .0
       29.5000         .0         .0         .0       50.0         .0         .0         .0
       29.7500         .0         .0         .0       50.0         .0         .0         .0
       30.0000         .0         .0         .0       50.0         .0         .0         .0
       30.3571         .0         .0         .0       50.0         .0         .0         .0
       30.7143         .0         .0         .0       50.0         .0         .0         .0
       31.0714         .0         .0         .0       50.0         .0         .0         .0
       31.4286         .0         .0         .0       50.0         .0         .0         .0
       31.7857         .0         .0         .0       50.0         .0         .0         .0
       32.1429         .0         .0         .0       50.0         .0         .0         .0
       32.5000         .0         .0         .0       50.0         .0         .0         .0
       32.8571         .0         .0         .0       50.0         .0         .0         .0
       33.2143         .0         .0         .0       50.0         .0         .0         .0
       33.5714         .0         .0         .0       50.0         .0         .0         .0
       33.9286         .0         .0         .0       50.0         .0         .0         .0
       34.2857         .0         .0         .0       50.0         .0         .0         .0
       34.6429         .0         .0         .0       50.0         .0         .0         .0
       35.0000         .0         .0         .0       50.0         .0         .0         .0
       35.3571         .0         .0         .0       50.0         .0         .0         .0
       35.7143         .0         .0         .0       50.0         .0         .0         .0
       36.0714         .0         .0         .0       50.0         .0         .0         .0
       36.4286         .0         .0         .0       50.0         .0         .0         .0
       36.7857         .0         .0         .0       50.0         .0         .0         .0
       37.1429         .0         .0         .0       50.0         .0         .0         .0
       37.5000         .0         .0         .0       50.0         .0         .0         .0
       37.8571         .0         .0         .0       50.0         .0         .0         .0
       38.2143         .0         .0         .0       50.0         .0         .0         .0
       38.5714         .0         .0         .0       50.0         .0         .0         .0
       38.9286         .0         .0         .0       50.0         .0         .0         .0
       39.2857         .0         .0         .0       50.0         .0         .0         .0
       39.6429         .0         .0         .0       50.0         .0         .0         .0
       40.0000         .0         .0         .0       50.0         .0         .0         .0
       40.3571         .0         .0         .0       50.0         .0         .0         .0
       40.7143         .0         .0         .0       50.0         .0         .0         .0
       41.0714         .0         .0         .0       50.0         .0         .0         .0
       41.4286         .0         .0         .0       50.0         .0         .0         .0
       41.7857         .0         .0         .0       50.0         .0         .0         .0
       42.1429         .0         .0         .0       50.0         .0         .0         .0
       42.5000         .0         .0         .0       50.0         .0         .0         .0
       42.8571         .0         .0         .0       50.0         .0         .0         .0
       43.2143         .0         .0         .0       50.0         .0         .0         .0
       43.5714         .0         .0         .0       50.0         .0         .0         .0
       43.9286         .0         .0         .0       50.0         .0         .0         .0
       44.2857         .0         .0         .0       50.0         .0         .0         .0
       44.6429         .0         .0         .0       50.0         .0         .0         .0
       45.0000         .0         .0         .0       50.0         .0         .0         .0
       45.3571         .0         .0         .0       50.0         .0         .0         .0
       45.7143         .0         .0         .0       50.0         .0         .0         .0
       46.0714         .0         .0         .0       50.0         .0         .0         .0
       46.4286         .0         .0         .0       50.0         .0         .0         .0
       46.7857         .0         .0         .0       50.0         .0         .0         .0
       47.1429         .0         .0         .0       50.0         .0         .0         .0
       47.5000         .0         .0         .0       50.0         .0         .0         .0
       47.9167         .0         .0         .0       50.0         .0         .0         .0
       48.3333         .0         .0         .0       50.0         .0         .0         .0
       48.7500         .0         .0         .0       50.0         .0         .0         .0
       49.1667         .0         .0         .0       50.0         .0         .0         .0
       49.5833         .0         .0         .0       50.0         .0         .0         .0
       50.0000         .0         .0         .0       50.0         .0         .0         .0
       50.3846         .0         .0         .0       50.0         .0         .0         .0
       50.8042         .0         .0         .0       50.0         .0         .0         .0
       51.2238         .0         .0         .0       50.0         .0         .0         .0
       51.6434         .0         .0         .0       50.0         .0         .0         .0
       52.0629         .0         .0         .0       50.0         .0         .0         .0
       52.5524         .0         .0         .0       50.0         .0         .0         .0
       53.0420         .0         .0         .0       50.0         .0         .0         .0
       53.5315         .0         .0         .0       50.0         .0         .0         .0
       54.0210         .0         .0         .0       50.0         .0         .0         .0
       54.5105         .0         .0         .0       50.0         .0         .0         .0
       55.0000         .0         .0         .0       50.0         .0         .0         .0
       55.5000         .0         .0         .0       50.0         .0         .0         .0
       56.0000         .0         .0         .0       50.0         .0         .0         .0
       56.5000         .0         .0         .0       50.0         .0         .0         .0
       57.0000         .0         .0         .0       50.0         .0         .0         .0
       57.5000         .0         .0         .0       50.0         .0         .0         .0
       58.0000         .0         .0         .0       50.0         .0         .0         .0
       58.5000         .0         .0         .0       50.0         .0         .0         .0
       59.0000         .0         .0         .0       50.0         .0         .0         .0
       59.5000         .0         .0         .0       50.0         .0         .0         .0
       60.0000         .0         .0         .0       50.0         .0         .0         .0
       60.5000         .0         .0         .0       50.0         .0         .0         .0
       61.0000         .0         .0         .0       50.0         .0         .0         .0
       61.5000         .0         .0         .0       50.0         .0         .0         .0
       62.0000         .0         .0         .0       50.0         .0         .0         .0
       62.5000         .0         .0         .0       50.0         .0         .0         .0
       63.0000         .0         .0         .0       50.0         .0         .0         .0
       63.5000         .0         .0         .0       50.0         .0         .0         .0
       64.0000         .0         .0         .0       50.0         .0         .0         .0
       64.5000         .0         .0         .0       50.0         .0         .0         .0
       65.0000         .0         .0         .0       50.0         .0         .0         .0
       65.5556         .0         .0         .0       50.0         .0         .0         .0
       66.1111         .0         .0         .0       50.0         .0         .0         .0
       66.6667         .0         .0         .0       50.0         .0         .0         .0
       67.2222         .0         .0         .0       50.0         .0         .0         .0
       67.7778         .0         .0         .0       50.0         .0         .0         .0
       68.3333         .0         .0         .0       50.0         .0         .0         .0
       68.8889         .0         .0         .0       50.0         .0         .0         .0
       69.4444         .0         .0         .0       50.0         .0         .0         .0
       70.0000         .0         .0         .0       50.0         .0         .0         .0
       70.5556         .0         .0         .0       50.0         .0         .0         .0
       71.1111         .0         .0         .0       50.0         .0         .0         .0
       71.6667         .0         .0         .0       50.0         .0         .0         .0
       72.2222         .0         .0         .0       50.0         .0         .0         .0
       72.9167         .0         .0         .0       50.0         .0         .0         .0
       73.6111         .0         .0         .0       50.0         .0         .0         .0
       74.3056         .0         .0         .0       50.0         .0         .0         .0
       75.0000         .0         .0         .0       50.0         .0         .0         .0
       75.6250         .0         .0         .0       50.0         .0         .0         .0
       76.2500         .0         .0         .0       50.0         .0         .0         .0
       76.8750         .0         .0         .0       50.0         .0         .0         .0
       77.5000         .0         .0         .0       50.0         .0         .0         .0
       78.1250         .0         .0         .0       50.0         .0         .0         .0
       78.7500         .0         .0         .0       50.0         .0         .0         .0
       79.3750         .0         .0         .0       50.0         .0         .0         .0
       80.0000         .0         .0         .0       50.0         .0         .0         .0
       80.6250         .0         .0         .0       50.0         .0         .0         .0
       81.2500         .0         .0         .0       50.0         .0         .0         .0
       81.8750         .0         .0         .0       50.0         .0         .0         .0
       82.6563         .0         .0         .0       50.0         .0         .0         .0
       83.4375         .0         .0         .0       50.0         .0         .0         .0
       84.2188         .0         .0         .0       50.0         .0         .0         .0
       85.0000         .0         .0         .0       50.0         .0         .0         .0
       85.7143         .0         .0         .0       50.0         .0         .0         .0
       86.4286         .0         .0         .0       50.0         .0         .0         .0
       87.1429         .0         .0         .0       50.0         .0         .0         .0
       87.8571         .0         .0         .0       50.0         .0         .0         .0
       88.5714         .0         .0         .0       50.0         .0         .0         .0
       89.2857         .0         .0         .0       50.0         .0         .0         .0
       90.0000         .0         .0         .0       50.0         .0         .0         .0
       90.7143         .0         .0         .0       50.0         .0         .0         .0
       91.4286         .0         .0         .0       50.0         .0         .0         .0
       92.1429         .0         .0         .0       50.0         .0         .0         .0
       92.8571         .0         .0         .0       50.0         .0         .0         .0
       93.5714         .0         .0         .0       50.0         .0         .0         .0
       94.2857         .0         .0         .0       50.0         .0         .0         .0
       95.0000         .0         .0         .0       50.0         .0         .0         .0
       95.7143         .0         .0         .0       50.0         .0         .0         .0
       96.4286         .0         .0         .0       50.0         .0         .0         .0
       97.3214         .0         .0         .0       50.0         .0         .0         .0
       98.2143         .0         .0         .0       50.0         .0         .0         .0
       99.1071         .0         .0         .0       50.0         .0         .0         .0
      100.0000         .0         .0         .0       50.0         .0         .0         .0
      100.8333         .0         .0         .0       50.0         .0         .0         .0
      101.6667         .0         .0         .0       50.0         .0         .0         .0
      102.5000         .0         .0         .0       50.0         .0         .0         .0
      103.3333         .0         .0         .0       50.0         .0         .0         .0
      104.1667         .0         .0         .0       50.0         .0         .0         .0
      105.0000         .0         .0         .0       50.0         .0         .0         .0
      105.8333         .0         .0         .0       50.0         .0         .0         .0
      106.6667         .0         .0         .0       50.0         .0         .0         .0
      107.5000         .0         .0         .0       50.0         .0         .0         .0
      108.3333         .0         .0         .0       50.0         .0         .0         .0
      109.1667         .0         .0         .0       50.0         .0         .0         .0
      110.0000         .0         .0         .0       50.0         .0         .0         .0
      111.0000         .0         .0         .0       50.0         .0         .0         .0
      112.0000         .0         .0         .0       50.0         .0         .0         .0
      113.0000         .0         .0         .0       50.0         .0         .0         .0
      114.0000         .0         .0         .0       50.0         .0         .0         .0
      115.0000         .0         .0         .0       50.0         .0         .0         .0
      116.0000         .0         .0         .0       50.0         .0         .0         .0
      117.0000         .0         .0         .0       50.0         .0         .0         .0
      118.0000         .0         .0         .0       50.0         .0         .0         .0
      119.0000         .0         .0         .0       50.0         .0         .0         .0
      120.0000         .0         .0         .0       50.0         .0         .0         .0
      121.0000         .0         .0         .0       50.0         .0         .0         .0
      122.0000         .0         .0         .0       50.0         .0         .0         .0
      123.0000         .0         .0         .0       50.0         .0         .0         .0
      124.0000         .0         .0         .0       50.0         .0         .0         .0
      125.0000         .0         .0         .0       50.0         .0         .0         .0
      126.0000         .0         .0         .0       50.0         .0         .0         .0
      127.0000         .0         .0         .0       50.0         .0         .0         .0
      128.0000         .0         .0         .0       50.0         .0         .0         .0
      129.0000         .0         .0         .0       50.0         .0         .0         .0
      130.0000         .0         .0         .0       50.0         .0         .0         .0
      131.0000         .0         .0         .0       50.0         .0         .0         .0
      132.0000         .0         .0         .0       50.0         .0         .0         .0
      133.0000         .0         .0         .0       50.0         .0         .0         .0
      134.0000         .0         .0         .0       50.0         .0         .0         .0
      135.0000         .0         .0         .0       50.0         .0         .0         .0
      136.0000         .0         .0         .0       50.0         .0         .0         .0
      137.0000         .0         .0         .0       50.0         .0         .0         .0
      138.0000         .0         .0         .0       50.0         .0         .0         .0
      139.0000         .0         .0         .0       50.0         .0         .0         .0
      140.0000         .0         .0         .0       50.0         .0         .0         .0
      141.0000         .0         .0         .0       50.0         .0         .0         .0
      142.0000         .0         .0         .0       50.0         .0         .0         .0
      143.0000         .0         .0         .0       50.0         .0         .0         .0
      144.0000         .0         .0         .0       50.0         .0         .0         .0
      145.0000         .0         .0         .0       50.0         .0         .0         .0
      146.0000         .0         .0         .0       50.0         .0         .0         .0
      147.0000         .0         .0         .0       50.0         .0         .0         .0
      148.0000         .0         .0         .0       50.0         .0         .0         .0
      149.0000         .0         .0         .0       50.0         .0         .0         .0
      150.0000         .0         .0         .0       50.0         .0         .0         .0
      151.2500         .0         .0         .0       50.0         .0         .0         .0
      152.5000         .0         .0         .0       50.0         .0         .0         .0
      153.7500         .0         .0         .0       50.0         .0         .0         .0
      155.0000         .0         .0         .0       50.0         .0         .0         .0
      156.2500         .0         .0         .0       50.0         .0         .0         .0
      157.5000         .0         .0         .0       50.0         .0         .0         .0
      158.7500         .0         .0         .0       50.0         .0         .0         .0
      160.0000         .0         .0         .0       50.0         .0         .0         .0
      161.2500         .0         .0         .0       50.0         .0         .0         .0
      162.5000         .0         .0         .0       50.0         .0         .0         .0
      163.7500         .0         .0         .0       50.0         .0         .0         .0
      165.0000         .0         .0         .0       50.0         .0         .0         .0
      166.2500         .0         .0         .0       50.0         .0         .0         .0
      167.5000         .0         .0         .0       50.0         .0         .0         .0
      168.7500         .0         .0         .0       50.0         .0         .0         .0
      170.0000         .0         .0         .0       50.0         .0         .0         .0
      171.2500         .0         .0         .0       50.0         .0         .0         .0
      172.5000         .0         .0         .0       50.0         .0         .0         .0
      173.7500         .0         .0         .0       50.0         .0         .0         .0
      175.0000         .0         .0         .0       50.0         .0         .0         .0
      176.2500         .0         .0         .0       50.0         .0         .0         .0
      177.5000         .0         .0         .0       50.0         .0         .0         .0
      178.7500         .0         .0         .0       50.0         .0         .0         .0
      180.0000         .0         .0         .0       50.0         .0         .0         .0
      181.2500         .0         .0         .0       50.0         .0         .0         .0
      182.5000         .0         .0         .0       50.0         .0         .0         .0
      183.7500         .0         .0         .0       50.0         .0         .0         .0
      185.0000         .0         .0         .0       50.0         .0         .0         .0
      186.2500         .0         .0         .0       50.0         .0         .0         .0
      187.5000         .0         .0         .0       50.0         .0         .0         .0
      188.7500         .0         .0         .0       50.0         .0         .0         .0
      190.0000         .0         .0         .0       50.0         .0         .0         .0
      191.6667         .0         .0         .0       50.0         .0         .0         .0
      193.3333         .0         .0         .0       50.0         .0         .0         .0
      195.0000         .0         .0         .0       50.0         .0         .0         .0
      196.6667         .0         .0         .0       50.0         .0         .0         .0
      198.3333         .0         .0         .0       50.0         .0         .0         .0
      200.0000         .0         .0         .0       50.0         .0         .0         .0
      201.6667         .0         .0         .0       50.0         .0         .0         .0
      203.3333         .0         .0         .0       50.0         .0         .0         .0
      205.0000         .0         .0         .0       50.0         .0         .0         .0
      206.6667         .0         .0         .0       50.0         .0         .0         .0
      208.3333         .0         .0         .0       50.0         .0         .0         .0
      210.0000         .0         .0         .0       50.0         .0         .0         .0
      211.6667         .0         .0         .0       50.0         .0         .0         .0
      213.3333         .0         .0         .0       50.0         .0         .0         .0
      215.0000         .0         .0         .0       50.0         .0         .0         .0
      216.6667         .0         .0         .0       50.0         .0         .0         .0
      218.3333         .0         .0         .0       50.0         .0         .0         .0
      220.0000         .0         .0         .0       50.0         .0         .0         .0
      221.6667         .0         .0         .0       50.0         .0         .0         .0
      223.3333         .0         .0         .0       50.0         .0         .0         .0
      225.0000         .0         .0         .0       50.0         .0         .0         .0
      226.6667         .0         .0         .0       50.0         .0         .0         .0
      228.3333         .0         .0         .0       50.0         .0         .0         .0
      230.0000         .0         .0         .0       50.0         .0         .0         .0
      231.6667         .0         .0         .0       50.0         .0         .0         .0
      233.3333         .0         .0         .0       50.0         .0         .0         .0
      235.0000         .0         .0         .0       50.0         .0         .0         .0
      236.6667         .0         .0         .0       50.0         .0         .0         .0
      238.3333         .0         .0         .0       50.0         .0         .0         .0
      240.0000         .0         .0         .0       50.0         .0         .0         .0
      241.6667         .0         .0         .0       50.0         .0         .0         .0
      243.3333         .0         .0         .0       50.0         .0         .0         .0
      245.0000         .0         .0         .0       50.0         .0         .0         .0
      246.6667         .0         .0         .0       50.0         .0         .0         .0
      248.3333         .0         .0         .0       50.0         .0         .0         .0
      250.0000         .0         .0         .0       50.0         .0         .0         .0
      251.6667         .0         .0         .0       50.0         .0         .0         .0
      253.3333         .0         .0         .0       50.0         .0         .0         .0
      255.0000         .0         .0         .0       50.0         .0         .0         .0
      256.6667         .0         .0         .0       50.0         .0         .0         .0
      258.3333         .0         .0         .0       50.0         .0         .0         .0
      260.0000         .0         .0         .0       50.0         .0         .0         .0
      261.6667         .0         .0         .0       50.0         .0         .0         .0
      263.3333         .0         .0         .0       50.0         .0         .0         .0
      265.0000         .0         .0         .0       50.0         .0         .0         .0
      266.6667         .0         .0         .0       50.0         .0         .0         .0
      268.3333         .0         .0         .0       50.0         .0         .0         .0
      270.0000         .0         .0         .0       50.0         .0         .0         .0
      271.6667         .0         .0         .0       50.0         .0         .0         .0
      273.3333         .0         .0         .0       50.0         .0         .0         .0
      275.0000         .0         .0         .0       50.0         .0         .0         .0
      276.6667         .0         .0         .0       50.0         .0         .0         .0
      278.3333         .0         .0         .0       50.0         .0         .0         .0
      280.0000         .0         .0         .0       50.0         .0         .0         .0
      281.6667         .0         .0         .0       50.0         .0         .0         .0
      283.3333         .0         .0         .0       50.0         .0         .0         .0
      285.0000         .0         .0         .0       50.0         .0         .0         .0
      286.6667         .0         .0         .0       50.0         .0         .0         .0
      288.3333         .0         .0         .0       50.0         .0         .0         .0
      290.0000         .0         .0         .0       50.0         .0         .0         .0
      291.6667         .0         .0         .0       50.0         .0         .0         .0
      293.3333         .0         .0         .0       50.0         .0         .0         .0
      295.0000         .0         .0         .0       50.0         .0         .0         .0
      296.6667         .0         .0         .0       50.0         .0         .0         .0
      298.3333         .0         .0         .0       50.0         .0         .0         .0
      300.0000         .0         .0         .0       50.0         .0         .0         .0
      301.6667         .0         .0         .0       50.0         .0         .0         .0
      303.3333         .0         .0         .0       50.0         .0         .0         .0
      305.0000         .0         .0         .0       50.0         .0         .0         .0
      306.6667         .0         .0         .0       50.0         .0         .0         .0
      308.3333         .0         .0         .0       50.0         .0         .0         .0
      310.0000         .0         .0         .0       50.0         .0         .0         .0
      311.6667         .0         .0         .0       50.0         .0         .0         .0
      313.3333         .0         .0         .0       50.0         .0         .0         .0
      315.0000         .0         .0         .0       50.0         .0         .0         .0
      316.6667         .0         .0         .0       50.0         .0         .0         .0
      318.3333         .0         .0         .0       50.0         .0         .0         .0
      320.0000         .0         .0         .0       50.0         .0         .0         .0
      321.6667         .0         .0         .0       50.0         .0         .0         .0
      323.3333         .0         .0         .0       50.0         .0         .0         .0
      325.0000         .0         .0         .0       50.0         .0         .0         .0
      326.6667         .0         .0         .0       50.0         .0         .0         .0
      328.3333         .0         .0         .0       50.0         .0         .0         .0
      330.0000         .0         .0         .0       50.0         .0         .0         .0
      331.6667         .0         .0         .0       50.0         .0         .0         .0
      333.3333         .0         .0         .0       50.0         .0         .0         .0
      335.0000         .0         .0         .0       50.0         .0         .0         .0
      336.6667         .0         .0         .0       50.0         .0         .0         .0
      338.3333         .0         .0         .0       50.0         .0         .0         .0
      340.0000         .0         .0         .0       50.0         .0         .0         .0
      341.6667         .0         .0         .0       50.0         .0         .0         .0
      343.3333         .0         .0         .0       50.0         .0         .0         .0
      345.0000         .0         .0         .0       50.0         .0         .0         .0
      346.6667         .0         .0         .0       50.0         .0         .0         .0
      348.3333         .0         .0         .0       50.0         .0         .0         .0
      350.0000         .0         .0         .0       50.0         .0         .0         .0
      351.6667         .0         .0         .0       50.0         .0         .0         .0
      353.3333         .0         .0         .0       50.0         .0         .0         .0
      355.0000         .0         .0         .0       50.0         .0         .0         .0
      356.6667         .0         .0         .0       50.0         .0         .0         .0
      358.3333         .0         .0         .0       50.0         .0         .0         .0
      360.0000         .0         .0         .0       50.0         .0         .0         .0
      361.6667         .0         .0         .0       50.0         .0         .0         .0
      363.3333         .0         .0         .0       50.0         .0         .0         .0
      365.0000         .0         .0         .0       50.0         .0         .0         .0
      366.6667         .0         .0         .0       50.0         .0         .0         .0
      368.3333         .0         .0         .0       50.0         .0         .0         .0
      370.0000         .0         .0         .0       50.0         .0         .0         .0
      371.6667         .0         .0         .0       50.0         .0         .0         .0
      373.3333         .0         .0         .0       50.0         .0         .0         .0
      375.0000         .0         .0         .0       50.0         .0         .0         .0
      376.6667         .0         .0         .0       50.0         .0         .0         .0
      378.3333         .0         .0         .0       50.0         .0         .0         .0
      380.0000         .0         .0         .0       50.0         .0         .0         .0
      381.6667         .0         .0         .0       50.0         .0         .0         .0
      383.3333         .0         .0         .0       50.0         .0         .0         .0
      385.0000         .0         .0         .0       50.0         .0         .0         .0
      386.6667         .0         .0         .0       50.0         .0         .0         .0
      388.3333         .0         .0         .0       50.0         .0         .0         .0
      390.0000         .0         .0         .0       50.0         .0         .0         .0
      391.6667         .0         .0         .0       50.0         .0         .0         .0
      393.3333         .0         .0         .0       50.0         .0         .0         .0
      395.0000         .0         .0         .0       50.0         .0         .0         .0
      396.6667         .0         .0         .0       50.0         .0         .0         .0
      398.3333         .0         .0         .0       50.0         .0         .0         .0
      400.0000         .0         .0         .0       50.0         .0         .0         .0
end
