

  TLevel   Time         dt      Iter  ItCum

     1  .50000E-03  .50000E-03    6      6
     2  .10000E-02  .50000E-03    4     10
     3  .15000E-02  .50000E-03    4     14
     4  .20000E-02  .50000E-03    3     17
     5  .25499E-02  .54986E-03    3     20
     6  .31547E-02  .60488E-03    3     23
     7  .38202E-02  .66545E-03    3     26
     8  .45521E-02  .73195E-03    3     29
     9  .53575E-02  .80538E-03    3     32
    10  .62432E-02  .88570E-03    3     35
    11  .72175E-02  .97427E-03    3     38
    12  .82896E-02  .10721E-02    3     41
    13  .94688E-02  .11792E-02    3     44
    14  .10765E-01  .12965E-02    3     47
    15  .12193E-01  .14275E-02    3     50
    16  .13763E-01  .15704E-02    3     53
    17  .15490E-01  .17272E-02    4     57
    18  .17218E-01  .17272E-02    4     61
    19  .18945E-01  .17272E-02    4     65
    20  .20672E-01  .17272E-02    4     69
    21  .22399E-01  .17272E-02    4     73
    22  .24126E-01  .17272E-02    5     78
    23  .25854E-01  .17272E-02    6     84
    24  .27581E-01  .17272E-02    5     89
    25  .29308E-01  .17272E-02    5     94
    26  .31035E-01  .17272E-02    5     99
    27  .32763E-01  .17272E-02    5    104
    28  .34490E-01  .17272E-02    5    109
    29  .36217E-01  .17272E-02    4    113
    30  .37944E-01  .17272E-02    4    117
    31  .39671E-01  .17272E-02    4    121
    32  .41399E-01  .17272E-02    4    125
    33  .43126E-01  .17272E-02    5    130
    34  .44853E-01  .17272E-02    5    135
    35  .46580E-01  .17272E-02    5    140
    36  .48307E-01  .17272E-02    4    144
    37  .50035E-01  .17272E-02    4    148
    38  .51762E-01  .17272E-02    4    152
    39  .53489E-01  .17272E-02    4    156
    40  .55216E-01  .17272E-02    5    161
    41  .56943E-01  .17272E-02    4    165
    42  .58671E-01  .17272E-02    4    169
    43  .60398E-01  .17272E-02    4    173
    44  .62125E-01  .17272E-02    5    178
    45  .63852E-01  .17272E-02    4    182
    46  .65580E-01  .17272E-02    3    185
    47  .67479E-01  .18992E-02    3    188
    48  .69570E-01  .20909E-02    3    191
    49  .71867E-01  .22974E-02    3    194
    50  .74396E-01  .25290E-02    3    197
    51  .77176E-01  .27796E-02    4    201
    52  .79955E-01  .27796E-02    4    205
    53  .82735E-01  .27796E-02    4    209
    54  .85514E-01  .27796E-02    4    213
    55  .88294E-01  .27796E-02    4    217
    56  .91073E-01  .27796E-02    4    221
    57  .93853E-01  .27796E-02    4    225
    58  .96633E-01  .27796E-02    5    230
    59  .99412E-01  .27796E-02    3    233
    60  .10247E+00  .30528E-02    4    237
    61  .10552E+00  .30528E-02    4    241
    62  .10857E+00  .30528E-02    4    245
    63  .11162E+00  .30528E-02    4    249
    64  .11468E+00  .30528E-02    4    253
    65  .11773E+00  .30528E-02    4    257
    66  .12078E+00  .30528E-02    4    261
    67  .12383E+00  .30528E-02    3    264
    68  .12720E+00  .33699E-02    4    268
    69  .13057E+00  .33699E-02    4    272
    70  .13394E+00  .33699E-02    5    277
    71  .13731E+00  .33699E-02    4    281
    72  .14068E+00  .33699E-02    4    285
    73  .14405E+00  .33699E-02    4    289
    74  .14742E+00  .33699E-02    5    294
    75  .15079E+00  .33699E-02    4    298
    76  .15416E+00  .33699E-02    4    302
    77  .15753E+00  .33699E-02    5    307
    78  .16090E+00  .33699E-02    4    311
    79  .16427E+00  .33699E-02    4    315
    80  .16764E+00  .33699E-02    4    319
    81  .17101E+00  .33699E-02    4    323
    82  .17438E+00  .33699E-02    3    326
    83  .17809E+00  .37023E-02    3    329
    84  .18215E+00  .40689E-02    3    332
    85  .18662E+00  .44691E-02    4    336
    86  .19109E+00  .44691E-02    4    340
    87  .19556E+00  .44691E-02    4    344
    88  .20003E+00  .44691E-02    5    349
    89  .20450E+00  .44691E-02    3    352
    90  .20941E+00  .49105E-02    3    355
    91  .21483E+00  .54150E-02    3    358
    92  .22077E+00  .59483E-02    3    361
    93  .22732E+00  .65481E-02    3    364
    94  .23454E+00  .72213E-02    3    367
    95  .24243E+00  .78913E-02    4    371
    96  .25033E+00  .78913E-02    4    375
    97  .25822E+00  .78913E-02    4    379
    98  .26611E+00  .78913E-02    4    383
    99  .27400E+00  .78913E-02    4    387
   100  .28189E+00  .78913E-02    4    391
   101  .28978E+00  .78913E-02    4    395
   102  .29767E+00  .78913E-02    4    399
   103  .30556E+00  .78913E-02    4    403
   104  .31346E+00  .78913E-02    4    407
   105  .32135E+00  .78913E-02    4    411
   106  .32924E+00  .78913E-02    4    415
   107  .33713E+00  .78913E-02    4    419
   108  .34502E+00  .78913E-02    4    423
   109  .35291E+00  .78913E-02    4    427
   110  .36080E+00  .78913E-02    4    431
   111  .36869E+00  .78913E-02    4    435
   112  .37659E+00  .78913E-02    4    439
   113  .38448E+00  .78913E-02    4    443
   114  .39237E+00  .78913E-02    4    447
   115  .40026E+00  .78913E-02    4    451
   116  .40815E+00  .78913E-02    3    454
   117  .41686E+00  .87037E-02    3    457
   118  .42641E+00  .95598E-02    3    460
   119  .43704E+00  .10622E-01    4    464
   120  .44766E+00  .10622E-01    4    468
   121  .45828E+00  .10622E-01    4    472
   122  .46890E+00  .10622E-01    4    476
   123  .47952E+00  .10622E-01    4    480
   124  .49015E+00  .10622E-01    3    483
   125  .50173E+00  .11588E-01    4    487
   126  .51332E+00  .11588E-01    4    491
   127  .52491E+00  .11588E-01    4    495
   128  .53650E+00  .11588E-01    4    499
   129  .54808E+00  .11588E-01    4    503
   130  .55967E+00  .11588E-01    4    507
   131  .57126E+00  .11588E-01    4    511
   132  .58285E+00  .11588E-01    4    515
   133  .59443E+00  .11588E-01    4    519
   134  .60602E+00  .11588E-01    4    523
   135  .61761E+00  .11588E-01    4    527
   136  .62920E+00  .11588E-01    4    531
   137  .64078E+00  .11588E-01    4    535
   138  .65237E+00  .11588E-01    4    539
   139  .66396E+00  .11588E-01    4    543
   140  .67555E+00  .11588E-01    4    547
   141  .68714E+00  .11588E-01    4    551
   142  .69872E+00  .11588E-01    4    555
   143  .71031E+00  .11588E-01    4    559
   144  .72190E+00  .11588E-01    3    562
   145  .73454E+00  .12641E-01    3    565
   146  .74851E+00  .13972E-01    4    569
   147  .76248E+00  .13972E-01    4    573
   148  .77645E+00  .13972E-01    4    577
   149  .79043E+00  .13972E-01    4    581
   150  .80440E+00  .13972E-01    4    585
   151  .81837E+00  .13972E-01    4    589
   152  .83234E+00  .13972E-01    4    593
   153  .84631E+00  .13972E-01    4    597
   154  .86028E+00  .13972E-01    4    601
   155  .87426E+00  .13972E-01    4    605
   156  .88823E+00  .13972E-01    4    609
   157  .90220E+00  .13972E-01    4    613
   158  .91617E+00  .13972E-01    4    617
   159  .93014E+00  .13972E-01    4    621
   160  .94411E+00  .13972E-01    4    625
   161  .95809E+00  .13972E-01    3    628
   162  .97206E+00  .13972E-01    4    632
   163  .98603E+00  .13972E-01    4    636
   164  .10000E+01  .13972E-01    4    640
   165  .10154E+01  .15444E-01    4    644
   166  .10309E+01  .15444E-01    4    648
   167  .10463E+01  .15444E-01    4    652
   168  .10618E+01  .15444E-01    4    656
   169  .10772E+01  .15444E-01    4    660
   170  .10927E+01  .15444E-01    4    664
   171  .11081E+01  .15444E-01    4    668
   172  .11236E+01  .15444E-01    4    672
   173  .11390E+01  .15444E-01    4    676
   174  .11544E+01  .15444E-01    4    680
   175  .11699E+01  .15444E-01    4    684
   176  .11853E+01  .15444E-01    4    688
   177  .12008E+01  .15444E-01    3    691
   178  .12178E+01  .17037E-01    3    694
   179  .12365E+01  .18724E-01    3    697
   180  .12571E+01  .20565E-01    4    701
   181  .12777E+01  .20565E-01    4    705
   182  .12982E+01  .20565E-01    4    709
   183  .13188E+01  .20565E-01    3    712
   184  .13414E+01  .22584E-01    4    716
   185  .13640E+01  .22584E-01    4    720
   186  .13865E+01  .22584E-01    4    724
   187  .14091E+01  .22584E-01    4    728
   188  .14317E+01  .22584E-01    4    732
   189  .14543E+01  .22584E-01    4    736
   190  .14769E+01  .22584E-01    4    740
   191  .14995E+01  .22584E-01    4    744
   192  .15221E+01  .22584E-01    3    747
   193  .15469E+01  .24842E-01    4    751
   194  .15717E+01  .24842E-01    4    755
   195  .15966E+01  .24842E-01    3    758
   196  .16240E+01  .27447E-01    4    762
   197  .16515E+01  .27447E-01    4    766
   198  .16789E+01  .27447E-01    4    770
   199  .17064E+01  .27447E-01    4    774
   200  .17338E+01  .27447E-01    4    778
   201  .17613E+01  .27447E-01    4    782
   202  .17887E+01  .27447E-01    4    786
   203  .18162E+01  .27447E-01    4    790
   204  .18436E+01  .27447E-01    4    794
   205  .18710E+01  .27447E-01    3    797
   206  .19011E+01  .30086E-01    4    801
   207  .19312E+01  .30086E-01    4    805
   208  .19613E+01  .30086E-01    4    809
   209  .19914E+01  .30086E-01    4    813
   210  .20215E+01  .30086E-01    4    817
   211  .20516E+01  .30086E-01    4    821
   212  .20817E+01  .30086E-01    4    825
   213  .21117E+01  .30086E-01    4    829
   214  .21418E+01  .30086E-01    3    832
   215  .21751E+01  .33235E-01    4    836
   216  .22083E+01  .33235E-01    3    839
   217  .22445E+01  .36256E-01    3    842
   218  .22845E+01  .39934E-01    3    845
   219  .23283E+01  .43799E-01    4    849
   220  .23721E+01  .43799E-01    4    853
   221  .24159E+01  .43799E-01    4    857
   222  .24597E+01  .43799E-01    4    861
   223  .25035E+01  .43799E-01    4    865
   224  .25473E+01  .43799E-01    4    869
   225  .25911E+01  .43799E-01    4    873
   226  .26349E+01  .43799E-01    4    877
   227  .26787E+01  .43799E-01    4    881
   228  .27225E+01  .43799E-01    4    885
   229  .27663E+01  .43799E-01    4    889
   230  .28101E+01  .43799E-01    3    892
   231  .28587E+01  .48665E-01    4    896
   232  .29074E+01  .48665E-01    4    900
   233  .29561E+01  .48665E-01    4    904
   234  .30047E+01  .48665E-01    4    908
   235  .30534E+01  .48665E-01    4    912
   236  .31021E+01  .48665E-01    4    916
   237  .31507E+01  .48665E-01    4    920
   238  .31994E+01  .48665E-01    4    924
   239  .32481E+01  .48665E-01    4    928
   240  .32967E+01  .48665E-01    4    932
   241  .33454E+01  .48665E-01    4    936
   242  .33940E+01  .48665E-01    4    940
   243  .34427E+01  .48665E-01    4    944
   244  .34914E+01  .48665E-01    4    948
   245  .35400E+01  .48665E-01    3    951
   246  .35941E+01  .54072E-01    4    955
   247  .36482E+01  .54072E-01    4    959
   248  .37023E+01  .54072E-01    4    963
   249  .37563E+01  .54072E-01    4    967
   250  .38104E+01  .54072E-01    4    971
   251  .38645E+01  .54072E-01    3    974
   252  .39242E+01  .59764E-01    4    978
   253  .39840E+01  .59764E-01    4    982
   254  .40438E+01  .59764E-01    4    986
   255  .41035E+01  .59764E-01    3    989
   256  .41676E+01  .64033E-01    4    993
   257  .42316E+01  .64033E-01    3    996
   258  .43015E+01  .69854E-01    3    999
   259  .43791E+01  .77616E-01    4   1003
   260  .44567E+01  .77616E-01    4   1007
   261  .45343E+01  .77616E-01    4   1011
   262  .46119E+01  .77616E-01    4   1015
   263  .46895E+01  .77616E-01    4   1019
   264  .47672E+01  .77616E-01    4   1023
   265  .48448E+01  .77616E-01    4   1027
   266  .49224E+01  .77616E-01    4   1031
   267  .50000E+01  .77616E-01    4   1035
   268  .50781E+01  .78125E-01    4   1039
   269  .51563E+01  .78125E-01    4   1043
   270  .52344E+01  .78125E-01    4   1047
   271  .53125E+01  .78125E-01    4   1051
   272  .53906E+01  .78125E-01    4   1055
   273  .54688E+01  .78125E-01    4   1059
   274  .55469E+01  .78125E-01    3   1062
   275  .56325E+01  .85637E-01    4   1066
   276  .57181E+01  .85637E-01    4   1070
   277  .58038E+01  .85637E-01    4   1074
   278  .58894E+01  .85637E-01    4   1078
   279  .59751E+01  .85637E-01    4   1082
   280  .60607E+01  .85637E-01    3   1085
   281  .61545E+01  .93793E-01    4   1089
   282  .62483E+01  .93793E-01    4   1093
   283  .63421E+01  .93793E-01    3   1096
   284  .64466E+01  .10451E+00    4   1100
   285  .65511E+01  .10451E+00    4   1104
   286  .66556E+01  .10451E+00    3   1107
   287  .67709E+01  .11532E+00    4   1111
   288  .68863E+01  .11532E+00    4   1115
   289  .70016E+01  .11532E+00    4   1119
   290  .71169E+01  .11532E+00    4   1123
   291  .72322E+01  .11532E+00    4   1127
   292  .73476E+01  .11532E+00    3   1130
   293  .74739E+01  .12631E+00    4   1134
   294  .76002E+01  .12631E+00    4   1138
   295  .77265E+01  .12631E+00    4   1142
   296  .78528E+01  .12631E+00    4   1146
   297  .79791E+01  .12631E+00    4   1150
   298  .81054E+01  .12631E+00    4   1154
   299  .82317E+01  .12631E+00    4   1158
   300  .83580E+01  .12631E+00    4   1162
   301  .84843E+01  .12631E+00    4   1166
   302  .86106E+01  .12631E+00    4   1170
   303  .87369E+01  .12631E+00    4   1174
   304  .88632E+01  .12631E+00    3   1177
   305  .90053E+01  .14210E+00    4   1181
   306  .91474E+01  .14210E+00    4   1185
   307  .92895E+01  .14210E+00    4   1189
   308  .94316E+01  .14210E+00    4   1193
   309  .95737E+01  .14210E+00    4   1197
   310  .97158E+01  .14209E+00    4   1201
   311  .98579E+01  .14210E+00    4   1205
   312  .10000E+02  .14210E+00    4   1209
   313  .10139E+02  .13889E+00    3   1212
   314  .10291E+02  .15191E+00    4   1216
   315  .10443E+02  .15191E+00    4   1220
   316  .10595E+02  .15191E+00    3   1223
   317  .10764E+02  .16944E+00    4   1227
   318  .10933E+02  .16944E+00    4   1231
   319  .11103E+02  .16944E+00    4   1235
   320  .11272E+02  .16944E+00    4   1239
   321  .11442E+02  .16944E+00    4   1243
   322  .11611E+02  .16944E+00    4   1247
   323  .11781E+02  .16944E+00    4   1251
   324  .11950E+02  .16944E+00    4   1255
   325  .12120E+02  .16944E+00    3   1258
   326  .12300E+02  .18003E+00    4   1262
   327  .12480E+02  .18003E+00    4   1266
   328  .12660E+02  .18003E+00    4   1270
   329  .12840E+02  .18003E+00    3   1273
   330  .13036E+02  .19639E+00    4   1277
   331  .13232E+02  .19639E+00    4   1281
   332  .13429E+02  .19639E+00    4   1285
   333  .13625E+02  .19639E+00    4   1289
   334  .13822E+02  .19639E+00    4   1293
   335  .14018E+02  .19639E+00    4   1297
   336  .14214E+02  .19639E+00    4   1301
   337  .14411E+02  .19639E+00    4   1305
   338  .14607E+02  .19639E+00    4   1309
   339  .14804E+02  .19639E+00    4   1313
   340  .15000E+02  .19639E+00    4   1317
   341  .15200E+02  .20000E+00    4   1321
   342  .15400E+02  .20000E+00    4   1325
   343  .15600E+02  .20000E+00    4   1329
   344  .15800E+02  .20000E+00    4   1333
   345  .16000E+02  .20000E+00    3   1336
   346  .16222E+02  .22222E+00    4   1340
   347  .16444E+02  .22222E+00    4   1344
   348  .16667E+02  .22222E+00    4   1348
   349  .16889E+02  .22222E+00    4   1352
   350  .17111E+02  .22222E+00    4   1356
   351  .17333E+02  .22222E+00    4   1360
   352  .17556E+02  .22222E+00    4   1364
   353  .17778E+02  .22222E+00    4   1368
   354  .18000E+02  .22222E+00    4   1372
   355  .18222E+02  .22222E+00    4   1376
   356  .18444E+02  .22222E+00    4   1380
   357  .18667E+02  .22222E+00    4   1384
   358  .18889E+02  .22222E+00    4   1388
   359  .19111E+02  .22222E+00    4   1392
   360  .19333E+02  .22222E+00    4   1396
   361  .19556E+02  .22222E+00    4   1400
   362  .19778E+02  .22222E+00    3   1403
   363  .20000E+02  .22222E+00    3   1406
   364  .20250E+02  .25000E+00    4   1410
   365  .20500E+02  .25000E+00    4   1414
   366  .20750E+02  .25000E+00    4   1418
   367  .21000E+02  .25000E+00    4   1422
   368  .21250E+02  .25000E+00    4   1426
   369  .21500E+02  .25000E+00    4   1430
   370  .21750E+02  .25000E+00    4   1434
   371  .22000E+02  .25000E+00    4   1438
   372  .22250E+02  .25000E+00    4   1442
   373  .22500E+02  .25000E+00    4   1446
   374  .22750E+02  .25000E+00    4   1450
   375  .23000E+02  .25000E+00    4   1454
   376  .23250E+02  .25000E+00    4   1458
   377  .23500E+02  .25000E+00    4   1462
   378  .23750E+02  .25000E+00    4   1466
   379  .24000E+02  .25000E+00    4   1470
   380  .24250E+02  .25000E+00    4   1474
   381  .24500E+02  .25000E+00    4   1478
   382  .24750E+02  .25000E+00    4   1482
   383  .25000E+02  .25000E+00    4   1486
   384  .25250E+02  .25000E+00    4   1490
   385  .25500E+02  .25000E+00    4   1494
   386  .25750E+02  .25000E+00    4   1498
   387  .26000E+02  .25000E+00    4   1502
   388  .26250E+02  .25000E+00    4   1506
   389  .26500E+02  .25000E+00    4   1510
   390  .26750E+02  .25000E+00    4   1514
   391  .27000E+02  .25000E+00    4   1518
   392  .27250E+02  .25000E+00    4   1522
   393  .27500E+02  .25000E+00    4   1526
   394  .27750E+02  .25000E+00    4   1530
   395  .28000E+02  .25000E+00    4   1534
   396  .28250E+02  .25000E+00    4   1538
   397  .28500E+02  .25000E+00    4   1542
   398  .28750E+02  .25000E+00    4   1546
   399  .29000E+02  .25000E+00    3   1549
   400  .29250E+02  .25000E+00    3   1552
   401  .29500E+02  .25000E+00    3   1555
   402  .29750E+02  .25000E+00    3   1558
   403  .30000E+02  .25000E+00    3   1561
   404  .30357E+02  .35714E+00    4   1565
   405  .30714E+02  .35714E+00    4   1569
   406  .31071E+02  .35714E+00    4   1573
   407  .31429E+02  .35714E+00    4   1577
   408  .31786E+02  .35714E+00    4   1581
   409  .32143E+02  .35714E+00    4   1585
   410  .32500E+02  .35714E+00    4   1589
   411  .32857E+02  .35714E+00    4   1593
   412  .33214E+02  .35714E+00    4   1597
   413  .33571E+02  .35714E+00    4   1601
   414  .33929E+02  .35714E+00    4   1605
   415  .34286E+02  .35714E+00    4   1609
   416  .34643E+02  .35714E+00    4   1613
   417  .35000E+02  .35714E+00    4   1617
   418  .35357E+02  .35714E+00    4   1621
   419  .35714E+02  .35714E+00    4   1625
   420  .36071E+02  .35714E+00    4   1629
   421  .36429E+02  .35714E+00    4   1633
   422  .36786E+02  .35714E+00    4   1637
   423  .37143E+02  .35714E+00    4   1641
   424  .37500E+02  .35714E+00    4   1645
   425  .37857E+02  .35714E+00    4   1649
   426  .38214E+02  .35714E+00    4   1653
   427  .38571E+02  .35714E+00    4   1657
   428  .38929E+02  .35714E+00    4   1661
   429  .39286E+02  .35714E+00    4   1665
   430  .39643E+02  .35714E+00    4   1669
   431  .40000E+02  .35714E+00    4   1673
   432  .40357E+02  .35714E+00    4   1677
   433  .40714E+02  .35714E+00    4   1681
   434  .41071E+02  .35714E+00    4   1685
   435  .41429E+02  .35714E+00    4   1689
   436  .41786E+02  .35714E+00    4   1693
   437  .42143E+02  .35714E+00    4   1697
   438  .42500E+02  .35714E+00    4   1701
   439  .42857E+02  .35714E+00    4   1705
   440  .43214E+02  .35714E+00    4   1709
   441  .43571E+02  .35714E+00    4   1713
   442  .43929E+02  .35714E+00    4   1717
   443  .44286E+02  .35714E+00    4   1721
   444  .44643E+02  .35714E+00    4   1725
   445  .45000E+02  .35714E+00    4   1729
   446  .45357E+02  .35714E+00    4   1733
   447  .45714E+02  .35714E+00    4   1737
   448  .46071E+02  .35714E+00    4   1741
   449  .46429E+02  .35714E+00    4   1745
   450  .46786E+02  .35714E+00    4   1749
   451  .47143E+02  .35714E+00    4   1753
   452  .47500E+02  .35714E+00    3   1756
   453  .47917E+02  .41667E+00    4   1760
   454  .48333E+02  .41667E+00    4   1764
   455  .48750E+02  .41667E+00    4   1768
   456  .49167E+02  .41667E+00    4   1772
   457  .49583E+02  .41667E+00    4   1776
   458  .50000E+02  .41666E+00    4   1780
   459  .50385E+02  .38462E+00    3   1783
   460  .50804E+02  .41958E+00    4   1787
   461  .51224E+02  .41958E+00    4   1791
   462  .51643E+02  .41958E+00    4   1795
   463  .52063E+02  .41958E+00    3   1798
   464  .52552E+02  .48951E+00    4   1802
   465  .53042E+02  .48951E+00    4   1806
   466  .53531E+02  .48951E+00    4   1810
   467  .54021E+02  .48951E+00    4   1814
   468  .54510E+02  .48951E+00    4   1818
   469  .55000E+02  .48951E+00    4   1822
   470  .55500E+02  .50000E+00    4   1826
   471  .56000E+02  .50000E+00    4   1830
   472  .56500E+02  .50000E+00    4   1834
   473  .57000E+02  .50000E+00    4   1838
   474  .57500E+02  .50000E+00    4   1842
   475  .58000E+02  .50000E+00    4   1846
   476  .58500E+02  .50000E+00    4   1850
   477  .59000E+02  .50000E+00    4   1854
   478  .59500E+02  .50000E+00    4   1858
   479  .60000E+02  .50000E+00    4   1862
   480  .60500E+02  .50000E+00    4   1866
   481  .61000E+02  .50000E+00    4   1870
   482  .61500E+02  .50000E+00    4   1874
   483  .62000E+02  .50000E+00    4   1878
   484  .62500E+02  .50000E+00    4   1882
   485  .63000E+02  .50000E+00    4   1886
   486  .63500E+02  .50000E+00    4   1890
   487  .64000E+02  .50000E+00    3   1893
   488  .64500E+02  .50000E+00    3   1896
   489  .65000E+02  .50000E+00    3   1899
   490  .65556E+02  .55556E+00    4   1903
   491  .66111E+02  .55556E+00    4   1907
   492  .66667E+02  .55556E+00    4   1911
   493  .67222E+02  .55555E+00    4   1915
   494  .67778E+02  .55555E+00    4   1919
   495  .68333E+02  .55555E+00    4   1923
   496  .68889E+02  .55555E+00    4   1927
   497  .69444E+02  .55555E+00    4   1931
   498  .70000E+02  .55556E+00    4   1935
   499  .70556E+02  .55556E+00    4   1939
   500  .71111E+02  .55556E+00    4   1943
   501  .71667E+02  .55556E+00    4   1947
   502  .72222E+02  .55555E+00    3   1950
   503  .72917E+02  .69444E+00    4   1954
   504  .73611E+02  .69444E+00    4   1958
   505  .74306E+02  .69444E+00    4   1962
   506  .75000E+02  .69444E+00    4   1966
   507  .75625E+02  .62500E+00    4   1970
   508  .76250E+02  .62500E+00    4   1974
   509  .76875E+02  .62500E+00    4   1978
   510  .77500E+02  .62500E+00    4   1982
   511  .78125E+02  .62500E+00    4   1986
   512  .78750E+02  .62500E+00    4   1990
   513  .79375E+02  .62500E+00    4   1994
   514  .80000E+02  .62500E+00    4   1998
   515  .80625E+02  .62500E+00    4   2002
   516  .81250E+02  .62500E+00    4   2006
   517  .81875E+02  .62500E+00    3   2009
   518  .82656E+02  .78125E+00    4   2013
   519  .83438E+02  .78125E+00    4   2017
   520  .84219E+02  .78125E+00    4   2021
   521  .85000E+02  .78125E+00    4   2025
   522  .85714E+02  .71429E+00    4   2029
   523  .86429E+02  .71429E+00    4   2033
   524  .87143E+02  .71429E+00    4   2037
   525  .87857E+02  .71428E+00    4   2041
   526  .88571E+02  .71428E+00    4   2045
   527  .89286E+02  .71428E+00    4   2049
   528  .90000E+02  .71428E+00    4   2053
   529  .90714E+02  .71429E+00    4   2057
   530  .91429E+02  .71429E+00    4   2061
   531  .92143E+02  .71429E+00    4   2065
   532  .92857E+02  .71428E+00    4   2069
   533  .93571E+02  .71428E+00    4   2073
   534  .94286E+02  .71428E+00    4   2077
   535  .95000E+02  .71428E+00    4   2081
   536  .95714E+02  .71429E+00    3   2084
   537  .96429E+02  .71429E+00    3   2087
   538  .97321E+02  .89286E+00    4   2091
   539  .98214E+02  .89286E+00    4   2095
   540  .99107E+02  .89286E+00    4   2099
   541  .10000E+03  .89285E+00    4   2103
   542  .10083E+03  .83333E+00    4   2107
   543  .10167E+03  .83333E+00    4   2111
   544  .10250E+03  .83333E+00    4   2115
   545  .10333E+03  .83333E+00    4   2119
   546  .10417E+03  .83333E+00    4   2123
   547  .10500E+03  .83333E+00    4   2127
   548  .10583E+03  .83333E+00    4   2131
   549  .10667E+03  .83333E+00    4   2135
   550  .10750E+03  .83333E+00    4   2139
   551  .10833E+03  .83333E+00    4   2143
   552  .10917E+03  .83333E+00    4   2147
   553  .11000E+03  .83333E+00    3   2150
   554  .11100E+03  .10000E+01    4   2154
   555  .11200E+03  .10000E+01    4   2158
   556  .11300E+03  .10000E+01    4   2162
   557  .11400E+03  .10000E+01    4   2166
   558  .11500E+03  .10000E+01    4   2170
   559  .11600E+03  .10000E+01    4   2174
   560  .11700E+03  .10000E+01    4   2178
   561  .11800E+03  .10000E+01    4   2182
   562  .11900E+03  .10000E+01    4   2186
   563  .12000E+03  .10000E+01    4   2190
   564  .12100E+03  .10000E+01    4   2194
   565  .12200E+03  .10000E+01    4   2198
   566  .12300E+03  .10000E+01    4   2202
   567  .12400E+03  .10000E+01    4   2206
   568  .12500E+03  .10000E+01    4   2210
   569  .12600E+03  .10000E+01    4   2214
   570  .12700E+03  .10000E+01    4   2218
   571  .12800E+03  .10000E+01    4   2222
   572  .12900E+03  .10000E+01    4   2226
   573  .13000E+03  .10000E+01    4   2230
   574  .13100E+03  .10000E+01    4   2234
   575  .13200E+03  .10000E+01    4   2238
   576  .13300E+03  .10000E+01    4   2242
   577  .13400E+03  .10000E+01    4   2246
   578  .13500E+03  .10000E+01    4   2250
   579  .13600E+03  .10000E+01    4   2254
   580  .13700E+03  .10000E+01    4   2258
   581  .13800E+03  .10000E+01    4   2262
   582  .13900E+03  .10000E+01    4   2266
   583  .14000E+03  .10000E+01    4   2270
   584  .14100E+03  .10000E+01    4   2274
   585  .14200E+03  .10000E+01    4   2278
   586  .14300E+03  .10000E+01    4   2282
   587  .14400E+03  .10000E+01    4   2286
   588  .14500E+03  .10000E+01    4   2290
   589  .14600E+03  .10000E+01    3   2293
   590  .14700E+03  .10000E+01    3   2296
   591  .14800E+03  .10000E+01    3   2299
   592  .14900E+03  .10000E+01    3   2302
   593  .15000E+03  .10000E+01    3   2305
   594  .15125E+03  .12500E+01    4   2309
   595  .15250E+03  .12500E+01    4   2313
   596  .15375E+03  .12500E+01    4   2317
   597  .15500E+03  .12500E+01    4   2321
   598  .15625E+03  .12500E+01    4   2325
   599  .15750E+03  .12500E+01    4   2329
   600  .15875E+03  .12500E+01    4   2333
   601  .16000E+03  .12500E+01    4   2337
   602  .16125E+03  .12500E+01    4   2341
   603  .16250E+03  .12500E+01    4   2345
   604  .16375E+03  .12500E+01    4   2349
   605  .16500E+03  .12500E+01    4   2353
   606  .16625E+03  .12500E+01    4   2357
   607  .16750E+03  .12500E+01    4   2361
   608  .16875E+03  .12500E+01    4   2365
   609  .17000E+03  .12500E+01    4   2369
   610  .17125E+03  .12500E+01    4   2373
   611  .17250E+03  .12500E+01    4   2377
   612  .17375E+03  .12500E+01    4   2381
   613  .17500E+03  .12500E+01    4   2385
   614  .17625E+03  .12500E+01    4   2389
   615  .17750E+03  .12500E+01    4   2393
   616  .17875E+03  .12500E+01    4   2397
   617  .18000E+03  .12500E+01    4   2401
   618  .18125E+03  .12500E+01    4   2405
   619  .18250E+03  .12500E+01    4   2409
   620  .18375E+03  .12500E+01    4   2413
   621  .18500E+03  .12500E+01    4   2417
   622  .18625E+03  .12500E+01    4   2421
   623  .18750E+03  .12500E+01    3   2424
   624  .18875E+03  .12500E+01    3   2427
   625  .19000E+03  .12500E+01    3   2430
   626  .19167E+03  .16667E+01    4   2434
   627  .19333E+03  .16667E+01    4   2438
   628  .19500E+03  .16667E+01    4   2442
   629  .19667E+03  .16667E+01    4   2446
   630  .19833E+03  .16667E+01    4   2450
   631  .20000E+03  .16667E+01    4   2454
   632  .20167E+03  .16667E+01    4   2458
   633  .20333E+03  .16667E+01    4   2462
   634  .20500E+03  .16667E+01    4   2466
   635  .20667E+03  .16667E+01    4   2470
   636  .20833E+03  .16667E+01    4   2474
   637  .21000E+03  .16667E+01    4   2478
   638  .21167E+03  .16667E+01    4   2482
   639  .21333E+03  .16667E+01    4   2486
   640  .21500E+03  .16667E+01    4   2490
   641  .21667E+03  .16667E+01    4   2494
   642  .21833E+03  .16667E+01    4   2498
   643  .22000E+03  .16667E+01    4   2502
   644  .22167E+03  .16667E+01    4   2506
   645  .22333E+03  .16667E+01    4   2510
   646  .22500E+03  .16667E+01    4   2514
   647  .22667E+03  .16667E+01    4   2518
   648  .22833E+03  .16667E+01    4   2522
   649  .23000E+03  .16667E+01    4   2526
   650  .23167E+03  .16667E+01    4   2530
   651  .23333E+03  .16667E+01    4   2534
   652  .23500E+03  .16667E+01    4   2538
   653  .23667E+03  .16667E+01    4   2542
   654  .23833E+03  .16667E+01    4   2546
   655  .24000E+03  .16667E+01    4   2550
   656  .24167E+03  .16667E+01    4   2554
   657  .24333E+03  .16667E+01    4   2558
   658  .24500E+03  .16667E+01    4   2562
   659  .24667E+03  .16667E+01    4   2566
   660  .24833E+03  .16667E+01    4   2570
   661  .25000E+03  .16667E+01    4   2574
   662  .25167E+03  .16667E+01    4   2578
   663  .25333E+03  .16667E+01    4   2582
   664  .25500E+03  .16667E+01    4   2586
   665  .25667E+03  .16667E+01    4   2590
   666  .25833E+03  .16667E+01    4   2594
   667  .26000E+03  .16667E+01    4   2598
   668  .26167E+03  .16667E+01    4   2602
   669  .26333E+03  .16667E+01    4   2606
   670  .26500E+03  .16667E+01    4   2610
   671  .26667E+03  .16667E+01    4   2614
   672  .26833E+03  .16667E+01    4   2618
   673  .27000E+03  .16667E+01    4   2622
   674  .27167E+03  .16667E+01    4   2626
   675  .27333E+03  .16667E+01    4   2630
   676  .27500E+03  .16667E+01    4   2634
   677  .27667E+03  .16667E+01    4   2638
   678  .27833E+03  .16667E+01    4   2642
   679  .28000E+03  .16667E+01    4   2646
   680  .28167E+03  .16667E+01    4   2650
   681  .28333E+03  .16667E+01    4   2654
   682  .28500E+03  .16667E+01    4   2658
   683  .28667E+03  .16667E+01    4   2662
   684  .28833E+03  .16667E+01    3   2665
   685  .29000E+03  .16667E+01    3   2668
   686  .29167E+03  .16667E+01    3   2671
   687  .29333E+03  .16667E+01    3   2674
   688  .29500E+03  .16667E+01    3   2677
   689  .29667E+03  .16667E+01    3   2680
   690  .29833E+03  .16667E+01    3   2683
   691  .30000E+03  .16667E+01    3   2686
   692  .30167E+03  .16667E+01    3   2689
   693  .30333E+03  .16667E+01    3   2692
   694  .30500E+03  .16667E+01    3   2695
   695  .30667E+03  .16667E+01    3   2698
   696  .30833E+03  .16667E+01    3   2701
   697  .31000E+03  .16667E+01    3   2704
   698  .31167E+03  .16667E+01    3   2707
   699  .31333E+03  .16667E+01    3   2710
   700  .31500E+03  .16667E+01    3   2713
   701  .31667E+03  .16667E+01    3   2716
   702  .31833E+03  .16667E+01    3   2719
   703  .32000E+03  .16667E+01    3   2722
   704  .32167E+03  .16667E+01    3   2725
   705  .32333E+03  .16667E+01    3   2728
   706  .32500E+03  .16667E+01    3   2731
   707  .32667E+03  .16667E+01    3   2734
   708  .32833E+03  .16667E+01    3   2737
   709  .33000E+03  .16667E+01    3   2740
   710  .33167E+03  .16667E+01    3   2743
   711  .33333E+03  .16667E+01    3   2746
   712  .33500E+03  .16667E+01    3   2749
   713  .33667E+03  .16667E+01    3   2752
   714  .33833E+03  .16667E+01    3   2755
   715  .34000E+03  .16667E+01    3   2758
   716  .34167E+03  .16667E+01    3   2761
   717  .34333E+03  .16667E+01    3   2764
   718  .34500E+03  .16667E+01    3   2767
   719  .34667E+03  .16667E+01    3   2770
   720  .34833E+03  .16667E+01    3   2773
   721  .35000E+03  .16667E+01    3   2776
   722  .35167E+03  .16667E+01    3   2779
   723  .35333E+03  .16667E+01    3   2782
   724  .35500E+03  .16667E+01    3   2785
   725  .35667E+03  .16667E+01    3   2788
   726  .35833E+03  .16667E+01    3   2791
   727  .36000E+03  .16667E+01    3   2794
   728  .36167E+03  .16667E+01    3   2797
   729  .36333E+03  .16667E+01    3   2800
   730  .36500E+03  .16667E+01    3   2803
   731  .36667E+03  .16667E+01    3   2806
   732  .36833E+03  .16667E+01    3   2809
   733  .37000E+03  .16667E+01    3   2812
   734  .37167E+03  .16667E+01    3   2815
   735  .37333E+03  .16667E+01    3   2818
   736  .37500E+03  .16667E+01    3   2821
   737  .37667E+03  .16667E+01    3   2824
   738  .37833E+03  .16667E+01    3   2827
   739  .38000E+03  .16667E+01    3   2830
   740  .38167E+03  .16667E+01    3   2833
   741  .38333E+03  .16667E+01    3   2836
   742  .38500E+03  .16667E+01    3   2839
   743  .38667E+03  .16667E+01    3   2842
   744  .38833E+03  .16667E+01    3   2845
   745  .39000E+03  .16667E+01    3   2848
   746  .39167E+03  .16667E+01    3   2851
   747  .39333E+03  .16667E+01    3   2854
   748  .39500E+03  .16667E+01    3   2857
   749  .39667E+03  .16667E+01    3   2860
   750  .39833E+03  .16667E+01    3   2863
   751  .40000E+03  .16667E+01    3   2866
end
 
 Real time [sec]    1373.000000
