 Welcome to HYDRUS-2D                                                    
 
 Program HYDRUS2
 Date:  20. 2.    Time:   4:35:34
 Time independent boundary conditions
 Axisymmetric flow, V = L*L*L
 Units: L = cm   , T = sec  , M = mmol 
 All fluxes (v) are positive out of the region

       Time       rAtm       rRoot      vAtm       vRoot      vKode3     vKode1     vSeep      vDrain     vBottom...
        [T]      [L/T]       [L/T]     [L/T]       [L/T]       [V/T]      [V/T]     [V/T]       [V/T]      [V/T]

         .0005   .000E+00   .000E+00   .000E+00   .000E+00   .000E+00  -.178E+03   .000E+00   .000E+00   .000E+00
         .0010   .000E+00   .000E+00   .000E+00   .000E+00   .000E+00  -.171E+03   .000E+00   .000E+00   .000E+00
         .0015   .000E+00   .000E+00   .000E+00   .000E+00   .000E+00  -.167E+03   .000E+00   .000E+00   .000E+00
         .0020   .000E+00   .000E+00   .000E+00   .000E+00   .000E+00  -.164E+03   .000E+00   .000E+00   .000E+00
         .0025   .000E+00   .000E+00   .000E+00   .000E+00   .000E+00  -.161E+03   .000E+00   .000E+00   .000E+00
         .0032   .000E+00   .000E+00   .000E+00   .000E+00   .000E+00  -.159E+03   .000E+00   .000E+00   .000E+00
         .0038   .000E+00   .000E+00   .000E+00   .000E+00   .000E+00  -.157E+03   .000E+00   .000E+00   .000E+00
         .0046   .000E+00   .000E+00   .000E+00   .000E+00   .000E+00  -.156E+03   .000E+00   .000E+00   .000E+00
         .0054   .000E+00   .000E+00   .000E+00   .000E+00   .000E+00  -.154E+03   .000E+00   .000E+00   .000E+00
         .0062   .000E+00   .000E+00   .000E+00   .000E+00   .000E+00  -.153E+03   .000E+00   .000E+00   .000E+00
         .0072   .000E+00   .000E+00   .000E+00   .000E+00   .000E+00  -.152E+03   .000E+00   .000E+00   .000E+00
         .0083   .000E+00   .000E+00   .000E+00   .000E+00   .000E+00  -.151E+03   .000E+00   .000E+00   .000E+00
         .0095   .000E+00   .000E+00   .000E+00   .000E+00   .000E+00  -.150E+03   .000E+00   .000E+00   .000E+00
         .0108   .000E+00   .000E+00   .000E+00   .000E+00   .000E+00  -.150E+03   .000E+00   .000E+00   .000E+00
         .0122   .000E+00   .000E+00   .000E+00   .000E+00   .000E+00  -.149E+03   .000E+00   .000E+00   .000E+00
         .0138   .000E+00   .000E+00   .000E+00   .000E+00   .000E+00  -.150E+03   .000E+00   .000E+00   .000E+00
         .0155   .000E+00   .000E+00   .000E+00   .000E+00   .000E+00  -.151E+03   .000E+00   .000E+00   .000E+00
         .0172   .000E+00   .000E+00   .000E+00   .000E+00   .000E+00  -.153E+03   .000E+00   .000E+00   .000E+00
         .0189   .000E+00   .000E+00   .000E+00   .000E+00   .000E+00  -.155E+03   .000E+00   .000E+00   .000E+00
         .0207   .000E+00   .000E+00   .000E+00   .000E+00   .000E+00  -.158E+03   .000E+00   .000E+00   .000E+00
         .0224   .000E+00   .000E+00   .000E+00   .000E+00   .000E+00  -.163E+03   .000E+00   .000E+00   .000E+00
         .0241   .000E+00   .000E+00   .000E+00   .000E+00   .000E+00  -.168E+03   .000E+00   .000E+00   .000E+00
         .0259   .000E+00   .000E+00   .000E+00   .000E+00   .000E+00  -.174E+03   .000E+00   .000E+00   .000E+00
         .0276   .000E+00   .000E+00   .000E+00   .000E+00   .000E+00  -.169E+03   .000E+00   .000E+00   .000E+00
         .0293   .000E+00   .000E+00   .000E+00   .000E+00   .000E+00  -.170E+03   .000E+00   .000E+00   .000E+00
         .0310   .000E+00   .000E+00   .000E+00   .000E+00   .000E+00  -.157E+03   .000E+00   .000E+00   .000E+00
         .0328   .000E+00   .000E+00   .000E+00   .000E+00   .000E+00  -.152E+03   .000E+00   .000E+00   .000E+00
         .0345   .000E+00   .000E+00   .000E+00   .000E+00   .000E+00  -.144E+03   .000E+00   .000E+00   .000E+00
         .0362   .000E+00   .000E+00   .000E+00   .000E+00   .000E+00  -.138E+03   .000E+00   .000E+00   .000E+00
         .0379   .000E+00   .000E+00   .000E+00   .000E+00   .000E+00  -.141E+03   .000E+00   .000E+00   .000E+00
         .0397   .000E+00   .000E+00   .000E+00   .000E+00   .000E+00  -.143E+03   .000E+00   .000E+00   .000E+00
         .0414   .000E+00   .000E+00   .000E+00   .000E+00   .000E+00  -.147E+03   .000E+00   .000E+00   .000E+00
         .0431   .000E+00   .000E+00   .000E+00   .000E+00   .000E+00  -.150E+03   .000E+00   .000E+00   .000E+00
         .0449   .000E+00   .000E+00   .000E+00   .000E+00   .000E+00  -.143E+03   .000E+00   .000E+00   .000E+00
         .0466   .000E+00   .000E+00   .000E+00   .000E+00   .000E+00  -.135E+03   .000E+00   .000E+00   .000E+00
         .0483   .000E+00   .000E+00   .000E+00   .000E+00   .000E+00  -.125E+03   .000E+00   .000E+00   .000E+00
         .0500   .000E+00   .000E+00   .000E+00   .000E+00   .000E+00  -.122E+03   .000E+00   .000E+00   .000E+00
         .0518   .000E+00   .000E+00   .000E+00   .000E+00   .000E+00  -.124E+03   .000E+00   .000E+00   .000E+00
         .0535   .000E+00   .000E+00   .000E+00   .000E+00   .000E+00  -.125E+03   .000E+00   .000E+00   .000E+00
         .0552   .000E+00   .000E+00   .000E+00   .000E+00   .000E+00  -.126E+03   .000E+00   .000E+00   .000E+00
         .0569   .000E+00   .000E+00   .000E+00   .000E+00   .000E+00  -.118E+03   .000E+00   .000E+00   .000E+00
         .0587   .000E+00   .000E+00   .000E+00   .000E+00   .000E+00  -.117E+03   .000E+00   .000E+00   .000E+00
         .0604   .000E+00   .000E+00   .000E+00   .000E+00   .000E+00  -.118E+03   .000E+00   .000E+00   .000E+00
         .0621   .000E+00   .000E+00   .000E+00   .000E+00   .000E+00  -.118E+03   .000E+00   .000E+00   .000E+00
         .0639   .000E+00   .000E+00   .000E+00   .000E+00   .000E+00  -.108E+03   .000E+00   .000E+00   .000E+00
         .0656   .000E+00   .000E+00   .000E+00   .000E+00   .000E+00  -.102E+03   .000E+00   .000E+00   .000E+00
         .0675   .000E+00   .000E+00   .000E+00   .000E+00   .000E+00  -.102E+03   .000E+00   .000E+00   .000E+00
         .0696   .000E+00   .000E+00   .000E+00   .000E+00   .000E+00  -.102E+03   .000E+00   .000E+00   .000E+00
         .0719   .000E+00   .000E+00   .000E+00   .000E+00   .000E+00  -.102E+03   .000E+00   .000E+00   .000E+00
         .0744   .000E+00   .000E+00   .000E+00   .000E+00   .000E+00  -.103E+03   .000E+00   .000E+00   .000E+00
         .0772   .000E+00   .000E+00   .000E+00   .000E+00   .000E+00  -.103E+03   .000E+00   .000E+00   .000E+00
         .0800   .000E+00   .000E+00   .000E+00   .000E+00   .000E+00  -.104E+03   .000E+00   .000E+00   .000E+00
         .0827   .000E+00   .000E+00   .000E+00   .000E+00   .000E+00  -.105E+03   .000E+00   .000E+00   .000E+00
         .0855   .000E+00   .000E+00   .000E+00   .000E+00   .000E+00  -.106E+03   .000E+00   .000E+00   .000E+00
         .0883   .000E+00   .000E+00   .000E+00   .000E+00   .000E+00  -.107E+03   .000E+00   .000E+00   .000E+00
         .0911   .000E+00   .000E+00   .000E+00   .000E+00   .000E+00  -.105E+03   .000E+00   .000E+00   .000E+00
         .0939   .000E+00   .000E+00   .000E+00   .000E+00   .000E+00  -.104E+03   .000E+00   .000E+00   .000E+00
         .0966   .000E+00   .000E+00   .000E+00   .000E+00   .000E+00  -.105E+03   .000E+00   .000E+00   .000E+00
         .0994   .000E+00   .000E+00   .000E+00   .000E+00   .000E+00  -.101E+03   .000E+00   .000E+00   .000E+00
         .1025   .000E+00   .000E+00   .000E+00   .000E+00   .000E+00  -.102E+03   .000E+00   .000E+00   .000E+00
         .1055   .000E+00   .000E+00   .000E+00   .000E+00   .000E+00  -.102E+03   .000E+00   .000E+00   .000E+00
         .1086   .000E+00   .000E+00   .000E+00   .000E+00   .000E+00  -.103E+03   .000E+00   .000E+00   .000E+00
         .1116   .000E+00   .000E+00   .000E+00   .000E+00   .000E+00  -.103E+03   .000E+00   .000E+00   .000E+00
         .1147   .000E+00   .000E+00   .000E+00   .000E+00   .000E+00  -.101E+03   .000E+00   .000E+00   .000E+00
         .1177   .000E+00   .000E+00   .000E+00   .000E+00   .000E+00  -.102E+03   .000E+00   .000E+00   .000E+00
         .1208   .000E+00   .000E+00   .000E+00   .000E+00   .000E+00  -.100E+03   .000E+00   .000E+00   .000E+00
         .1238   .000E+00   .000E+00   .000E+00   .000E+00   .000E+00  -.996E+02   .000E+00   .000E+00   .000E+00
         .1272   .000E+00   .000E+00   .000E+00   .000E+00   .000E+00  -.101E+03   .000E+00   .000E+00   .000E+00
         .1306   .000E+00   .000E+00   .000E+00   .000E+00   .000E+00  -.101E+03   .000E+00   .000E+00   .000E+00
         .1339   .000E+00   .000E+00   .000E+00   .000E+00   .000E+00  -.101E+03   .000E+00   .000E+00   .000E+00
         .1373   .000E+00   .000E+00   .000E+00   .000E+00   .000E+00  -.975E+02   .000E+00   .000E+00   .000E+00
         .1407   .000E+00   .000E+00   .000E+00   .000E+00   .000E+00  -.979E+02   .000E+00   .000E+00   .000E+00
         .1441   .000E+00   .000E+00   .000E+00   .000E+00   .000E+00  -.947E+02   .000E+00   .000E+00   .000E+00
         .1474   .000E+00   .000E+00   .000E+00   .000E+00   .000E+00  -.930E+02   .000E+00   .000E+00   .000E+00
         .1508   .000E+00   .000E+00   .000E+00   .000E+00   .000E+00  -.901E+02   .000E+00   .000E+00   .000E+00
         .1542   .000E+00   .000E+00   .000E+00   .000E+00   .000E+00  -.900E+02   .000E+00   .000E+00   .000E+00
         .1575   .000E+00   .000E+00   .000E+00   .000E+00   .000E+00  -.891E+02   .000E+00   .000E+00   .000E+00
         .1609   .000E+00   .000E+00   .000E+00   .000E+00   .000E+00  -.844E+02   .000E+00   .000E+00   .000E+00
         .1643   .000E+00   .000E+00   .000E+00   .000E+00   .000E+00  -.825E+02   .000E+00   .000E+00   .000E+00
         .1676   .000E+00   .000E+00   .000E+00   .000E+00   .000E+00  -.824E+02   .000E+00   .000E+00   .000E+00
         .1710   .000E+00   .000E+00   .000E+00   .000E+00   .000E+00  -.821E+02   .000E+00   .000E+00   .000E+00
         .1744   .000E+00   .000E+00   .000E+00   .000E+00   .000E+00  -.789E+02   .000E+00   .000E+00   .000E+00
         .1781   .000E+00   .000E+00   .000E+00   .000E+00   .000E+00  -.782E+02   .000E+00   .000E+00   .000E+00
         .1822   .000E+00   .000E+00   .000E+00   .000E+00   .000E+00  -.782E+02   .000E+00   .000E+00   .000E+00
         .1866   .000E+00   .000E+00   .000E+00   .000E+00   .000E+00  -.783E+02   .000E+00   .000E+00   .000E+00
         .1911   .000E+00   .000E+00   .000E+00   .000E+00   .000E+00  -.783E+02   .000E+00   .000E+00   .000E+00
         .1956   .000E+00   .000E+00   .000E+00   .000E+00   .000E+00  -.783E+02   .000E+00   .000E+00   .000E+00
         .2000   .000E+00   .000E+00   .000E+00   .000E+00   .000E+00  -.771E+02   .000E+00   .000E+00   .000E+00
         .2045   .000E+00   .000E+00   .000E+00   .000E+00   .000E+00  -.748E+02   .000E+00   .000E+00   .000E+00
         .2094   .000E+00   .000E+00   .000E+00   .000E+00   .000E+00  -.748E+02   .000E+00   .000E+00   .000E+00
         .2148   .000E+00   .000E+00   .000E+00   .000E+00   .000E+00  -.749E+02   .000E+00   .000E+00   .000E+00
         .2208   .000E+00   .000E+00   .000E+00   .000E+00   .000E+00  -.751E+02   .000E+00   .000E+00   .000E+00
         .2273   .000E+00   .000E+00   .000E+00   .000E+00   .000E+00  -.754E+02   .000E+00   .000E+00   .000E+00
         .2345   .000E+00   .000E+00   .000E+00   .000E+00   .000E+00  -.758E+02   .000E+00   .000E+00   .000E+00
         .2424   .000E+00   .000E+00   .000E+00   .000E+00   .000E+00  -.765E+02   .000E+00   .000E+00   .000E+00
         .2503   .000E+00   .000E+00   .000E+00   .000E+00   .000E+00  -.771E+02   .000E+00   .000E+00   .000E+00
         .2582   .000E+00   .000E+00   .000E+00   .000E+00   .000E+00  -.779E+02   .000E+00   .000E+00   .000E+00
         .2661   .000E+00   .000E+00   .000E+00   .000E+00   .000E+00  -.786E+02   .000E+00   .000E+00   .000E+00
         .2740   .000E+00   .000E+00   .000E+00   .000E+00   .000E+00  -.794E+02   .000E+00   .000E+00   .000E+00
         .2819   .000E+00   .000E+00   .000E+00   .000E+00   .000E+00  -.799E+02   .000E+00   .000E+00   .000E+00
         .2898   .000E+00   .000E+00   .000E+00   .000E+00   .000E+00  -.796E+02   .000E+00   .000E+00   .000E+00
         .2977   .000E+00   .000E+00   .000E+00   .000E+00   .000E+00  -.777E+02   .000E+00   .000E+00   .000E+00
         .3056   .000E+00   .000E+00   .000E+00   .000E+00   .000E+00  -.771E+02   .000E+00   .000E+00   .000E+00
         .3135   .000E+00   .000E+00   .000E+00   .000E+00   .000E+00  -.754E+02   .000E+00   .000E+00   .000E+00
         .3213   .000E+00   .000E+00   .000E+00   .000E+00   .000E+00  -.739E+02   .000E+00   .000E+00   .000E+00
         .3292   .000E+00   .000E+00   .000E+00   .000E+00   .000E+00  -.704E+02   .000E+00   .000E+00   .000E+00
         .3371   .000E+00   .000E+00   .000E+00   .000E+00   .000E+00  -.676E+02   .000E+00   .000E+00   .000E+00
         .3450   .000E+00   .000E+00   .000E+00   .000E+00   .000E+00  -.672E+02   .000E+00   .000E+00   .000E+00
         .3529   .000E+00   .000E+00   .000E+00   .000E+00   .000E+00  -.672E+02   .000E+00   .000E+00   .000E+00
         .3608   .000E+00   .000E+00   .000E+00   .000E+00   .000E+00  -.671E+02   .000E+00   .000E+00   .000E+00
         .3687   .000E+00   .000E+00   .000E+00   .000E+00   .000E+00  -.669E+02   .000E+00   .000E+00   .000E+00
         .3766   .000E+00   .000E+00   .000E+00   .000E+00   .000E+00  -.665E+02   .000E+00   .000E+00   .000E+00
         .3845   .000E+00   .000E+00   .000E+00   .000E+00   .000E+00  -.661E+02   .000E+00   .000E+00   .000E+00
         .3924   .000E+00   .000E+00   .000E+00   .000E+00   .000E+00  -.657E+02   .000E+00   .000E+00   .000E+00
         .4003   .000E+00   .000E+00   .000E+00   .000E+00   .000E+00  -.651E+02   .000E+00   .000E+00   .000E+00
         .4082   .000E+00   .000E+00   .000E+00   .000E+00   .000E+00  -.639E+02   .000E+00   .000E+00   .000E+00
         .4169   .000E+00   .000E+00   .000E+00   .000E+00   .000E+00  -.638E+02   .000E+00   .000E+00   .000E+00
         .4264   .000E+00   .000E+00   .000E+00   .000E+00   .000E+00  -.638E+02   .000E+00   .000E+00   .000E+00
         .4370   .000E+00   .000E+00   .000E+00   .000E+00   .000E+00  -.639E+02   .000E+00   .000E+00   .000E+00
         .4477   .000E+00   .000E+00   .000E+00   .000E+00   .000E+00  -.639E+02   .000E+00   .000E+00   .000E+00
         .4583   .000E+00   .000E+00   .000E+00   .000E+00   .000E+00  -.640E+02   .000E+00   .000E+00   .000E+00
         .4689   .000E+00   .000E+00   .000E+00   .000E+00   .000E+00  -.640E+02   .000E+00   .000E+00   .000E+00
         .4795   .000E+00   .000E+00   .000E+00   .000E+00   .000E+00  -.635E+02   .000E+00   .000E+00   .000E+00
         .4901   .000E+00   .000E+00   .000E+00   .000E+00   .000E+00  -.626E+02   .000E+00   .000E+00   .000E+00
         .5017   .000E+00   .000E+00   .000E+00   .000E+00   .000E+00  -.628E+02   .000E+00   .000E+00   .000E+00
         .5133   .000E+00   .000E+00   .000E+00   .000E+00   .000E+00  -.630E+02   .000E+00   .000E+00   .000E+00
         .5249   .000E+00   .000E+00   .000E+00   .000E+00   .000E+00  -.632E+02   .000E+00   .000E+00   .000E+00
         .5365   .000E+00   .000E+00   .000E+00   .000E+00   .000E+00  -.634E+02   .000E+00   .000E+00   .000E+00
         .5481   .000E+00   .000E+00   .000E+00   .000E+00   .000E+00  -.635E+02   .000E+00   .000E+00   .000E+00
         .5597   .000E+00   .000E+00   .000E+00   .000E+00   .000E+00  -.637E+02   .000E+00   .000E+00   .000E+00
         .5713   .000E+00   .000E+00   .000E+00   .000E+00   .000E+00  -.637E+02   .000E+00   .000E+00   .000E+00
         .5828   .000E+00   .000E+00   .000E+00   .000E+00   .000E+00  -.633E+02   .000E+00   .000E+00   .000E+00
         .5944   .000E+00   .000E+00   .000E+00   .000E+00   .000E+00  -.627E+02   .000E+00   .000E+00   .000E+00
         .6060   .000E+00   .000E+00   .000E+00   .000E+00   .000E+00  -.624E+02   .000E+00   .000E+00   .000E+00
         .6176   .000E+00   .000E+00   .000E+00   .000E+00   .000E+00  -.620E+02   .000E+00   .000E+00   .000E+00
         .6292   .000E+00   .000E+00   .000E+00   .000E+00   .000E+00  -.614E+02   .000E+00   .000E+00   .000E+00
         .6408   .000E+00   .000E+00   .000E+00   .000E+00   .000E+00  -.605E+02   .000E+00   .000E+00   .000E+00
         .6524   .000E+00   .000E+00   .000E+00   .000E+00   .000E+00  -.597E+02   .000E+00   .000E+00   .000E+00
         .6640   .000E+00   .000E+00   .000E+00   .000E+00   .000E+00  -.590E+02   .000E+00   .000E+00   .000E+00
         .6755   .000E+00   .000E+00   .000E+00   .000E+00   .000E+00  -.578E+02   .000E+00   .000E+00   .000E+00
         .6871   .000E+00   .000E+00   .000E+00   .000E+00   .000E+00  -.576E+02   .000E+00   .000E+00   .000E+00
         .6987   .000E+00   .000E+00   .000E+00   .000E+00   .000E+00  -.572E+02   .000E+00   .000E+00   .000E+00
         .7103   .000E+00   .000E+00   .000E+00   .000E+00   .000E+00  -.565E+02   .000E+00   .000E+00   .000E+00
         .7219   .000E+00   .000E+00   .000E+00   .000E+00   .000E+00  -.562E+02   .000E+00   .000E+00   .000E+00
         .7345   .000E+00   .000E+00   .000E+00   .000E+00   .000E+00  -.561E+02   .000E+00   .000E+00   .000E+00
         .7485   .000E+00   .000E+00   .000E+00   .000E+00   .000E+00  -.560E+02   .000E+00   .000E+00   .000E+00
         .7625   .000E+00   .000E+00   .000E+00   .000E+00   .000E+00  -.560E+02   .000E+00   .000E+00   .000E+00
         .7765   .000E+00   .000E+00   .000E+00   .000E+00   .000E+00  -.560E+02   .000E+00   .000E+00   .000E+00
         .7904   .000E+00   .000E+00   .000E+00   .000E+00   .000E+00  -.560E+02   .000E+00   .000E+00   .000E+00
         .8044   .000E+00   .000E+00   .000E+00   .000E+00   .000E+00  -.560E+02   .000E+00   .000E+00   .000E+00
         .8184   .000E+00   .000E+00   .000E+00   .000E+00   .000E+00  -.560E+02   .000E+00   .000E+00   .000E+00
         .8323   .000E+00   .000E+00   .000E+00   .000E+00   .000E+00  -.560E+02   .000E+00   .000E+00   .000E+00
         .8463   .000E+00   .000E+00   .000E+00   .000E+00   .000E+00  -.560E+02   .000E+00   .000E+00   .000E+00
         .8603   .000E+00   .000E+00   .000E+00   .000E+00   .000E+00  -.559E+02   .000E+00   .000E+00   .000E+00
         .8743   .000E+00   .000E+00   .000E+00   .000E+00   .000E+00  -.556E+02   .000E+00   .000E+00   .000E+00
         .8882   .000E+00   .000E+00   .000E+00   .000E+00   .000E+00  -.551E+02   .000E+00   .000E+00   .000E+00
         .9022   .000E+00   .000E+00   .000E+00   .000E+00   .000E+00  -.550E+02   .000E+00   .000E+00   .000E+00
         .9162   .000E+00   .000E+00   .000E+00   .000E+00   .000E+00  -.549E+02   .000E+00   .000E+00   .000E+00
         .9301   .000E+00   .000E+00   .000E+00   .000E+00   .000E+00  -.549E+02   .000E+00   .000E+00   .000E+00
         .9441   .000E+00   .000E+00   .000E+00   .000E+00   .000E+00  -.549E+02   .000E+00   .000E+00   .000E+00
         .9581   .000E+00   .000E+00   .000E+00   .000E+00   .000E+00  -.548E+02   .000E+00   .000E+00   .000E+00
         .9721   .000E+00   .000E+00   .000E+00   .000E+00   .000E+00  -.547E+02   .000E+00   .000E+00   .000E+00
         .9860   .000E+00   .000E+00   .000E+00   .000E+00   .000E+00  -.544E+02   .000E+00   .000E+00   .000E+00
        1.0000   .000E+00   .000E+00   .000E+00   .000E+00   .000E+00  -.541E+02   .000E+00   .000E+00   .000E+00
        1.0154   .000E+00   .000E+00   .000E+00   .000E+00   .000E+00  -.537E+02   .000E+00   .000E+00   .000E+00
        1.0309   .000E+00   .000E+00   .000E+00   .000E+00   .000E+00  -.532E+02   .000E+00   .000E+00   .000E+00
        1.0463   .000E+00   .000E+00   .000E+00   .000E+00   .000E+00  -.530E+02   .000E+00   .000E+00   .000E+00
        1.0618   .000E+00   .000E+00   .000E+00   .000E+00   .000E+00  -.528E+02   .000E+00   .000E+00   .000E+00
        1.0772   .000E+00   .000E+00   .000E+00   .000E+00   .000E+00  -.526E+02   .000E+00   .000E+00   .000E+00
        1.0927   .000E+00   .000E+00   .000E+00   .000E+00   .000E+00  -.522E+02   .000E+00   .000E+00   .000E+00
        1.1081   .000E+00   .000E+00   .000E+00   .000E+00   .000E+00  -.519E+02   .000E+00   .000E+00   .000E+00
        1.1236   .000E+00   .000E+00   .000E+00   .000E+00   .000E+00  -.516E+02   .000E+00   .000E+00   .000E+00
        1.1390   .000E+00   .000E+00   .000E+00   .000E+00   .000E+00  -.513E+02   .000E+00   .000E+00   .000E+00
        1.1544   .000E+00   .000E+00   .000E+00   .000E+00   .000E+00  -.510E+02   .000E+00   .000E+00   .000E+00
        1.1699   .000E+00   .000E+00   .000E+00   .000E+00   .000E+00  -.508E+02   .000E+00   .000E+00   .000E+00
        1.1853   .000E+00   .000E+00   .000E+00   .000E+00   .000E+00  -.505E+02   .000E+00   .000E+00   .000E+00
        1.2008   .000E+00   .000E+00   .000E+00   .000E+00   .000E+00  -.502E+02   .000E+00   .000E+00   .000E+00
        1.2178   .000E+00   .000E+00   .000E+00   .000E+00   .000E+00  -.500E+02   .000E+00   .000E+00   .000E+00
        1.2365   .000E+00   .000E+00   .000E+00   .000E+00   .000E+00  -.499E+02   .000E+00   .000E+00   .000E+00
        1.2571   .000E+00   .000E+00   .000E+00   .000E+00   .000E+00  -.498E+02   .000E+00   .000E+00   .000E+00
        1.2777   .000E+00   .000E+00   .000E+00   .000E+00   .000E+00  -.497E+02   .000E+00   .000E+00   .000E+00
        1.2982   .000E+00   .000E+00   .000E+00   .000E+00   .000E+00  -.495E+02   .000E+00   .000E+00   .000E+00
        1.3188   .000E+00   .000E+00   .000E+00   .000E+00   .000E+00  -.491E+02   .000E+00   .000E+00   .000E+00
        1.3414   .000E+00   .000E+00   .000E+00   .000E+00   .000E+00  -.488E+02   .000E+00   .000E+00   .000E+00
        1.3640   .000E+00   .000E+00   .000E+00   .000E+00   .000E+00  -.487E+02   .000E+00   .000E+00   .000E+00
        1.3865   .000E+00   .000E+00   .000E+00   .000E+00   .000E+00  -.487E+02   .000E+00   .000E+00   .000E+00
        1.4091   .000E+00   .000E+00   .000E+00   .000E+00   .000E+00  -.487E+02   .000E+00   .000E+00   .000E+00
        1.4317   .000E+00   .000E+00   .000E+00   .000E+00   .000E+00  -.487E+02   .000E+00   .000E+00   .000E+00
        1.4543   .000E+00   .000E+00   .000E+00   .000E+00   .000E+00  -.487E+02   .000E+00   .000E+00   .000E+00
        1.4769   .000E+00   .000E+00   .000E+00   .000E+00   .000E+00  -.487E+02   .000E+00   .000E+00   .000E+00
        1.4995   .000E+00   .000E+00   .000E+00   .000E+00   .000E+00  -.487E+02   .000E+00   .000E+00   .000E+00
        1.5221   .000E+00   .000E+00   .000E+00   .000E+00   .000E+00  -.487E+02   .000E+00   .000E+00   .000E+00
        1.5469   .000E+00   .000E+00   .000E+00   .000E+00   .000E+00  -.487E+02   .000E+00   .000E+00   .000E+00
        1.5717   .000E+00   .000E+00   .000E+00   .000E+00   .000E+00  -.487E+02   .000E+00   .000E+00   .000E+00
        1.5966   .000E+00   .000E+00   .000E+00   .000E+00   .000E+00  -.487E+02   .000E+00   .000E+00   .000E+00
        1.6240   .000E+00   .000E+00   .000E+00   .000E+00   .000E+00  -.487E+02   .000E+00   .000E+00   .000E+00
        1.6515   .000E+00   .000E+00   .000E+00   .000E+00   .000E+00  -.487E+02   .000E+00   .000E+00   .000E+00
        1.6789   .000E+00   .000E+00   .000E+00   .000E+00   .000E+00  -.487E+02   .000E+00   .000E+00   .000E+00
        1.7064   .000E+00   .000E+00   .000E+00   .000E+00   .000E+00  -.487E+02   .000E+00   .000E+00   .000E+00
        1.7338   .000E+00   .000E+00   .000E+00   .000E+00   .000E+00  -.486E+02   .000E+00   .000E+00   .000E+00
        1.7613   .000E+00   .000E+00   .000E+00   .000E+00   .000E+00  -.486E+02   .000E+00   .000E+00   .000E+00
        1.7887   .000E+00   .000E+00   .000E+00   .000E+00   .000E+00  -.485E+02   .000E+00   .000E+00   .000E+00
        1.8162   .000E+00   .000E+00   .000E+00   .000E+00   .000E+00  -.484E+02   .000E+00   .000E+00   .000E+00
        1.8436   .000E+00   .000E+00   .000E+00   .000E+00   .000E+00  -.482E+02   .000E+00   .000E+00   .000E+00
        1.8710   .000E+00   .000E+00   .000E+00   .000E+00   .000E+00  -.480E+02   .000E+00   .000E+00   .000E+00
        1.9011   .000E+00   .000E+00   .000E+00   .000E+00   .000E+00  -.478E+02   .000E+00   .000E+00   .000E+00
        1.9312   .000E+00   .000E+00   .000E+00   .000E+00   .000E+00  -.475E+02   .000E+00   .000E+00   .000E+00
        1.9613   .000E+00   .000E+00   .000E+00   .000E+00   .000E+00  -.472E+02   .000E+00   .000E+00   .000E+00
        1.9914   .000E+00   .000E+00   .000E+00   .000E+00   .000E+00  -.469E+02   .000E+00   .000E+00   .000E+00
        2.0215   .000E+00   .000E+00   .000E+00   .000E+00   .000E+00  -.466E+02   .000E+00   .000E+00   .000E+00
        2.0516   .000E+00   .000E+00   .000E+00   .000E+00   .000E+00  -.462E+02   .000E+00   .000E+00   .000E+00
        2.0817   .000E+00   .000E+00   .000E+00   .000E+00   .000E+00  -.456E+02   .000E+00   .000E+00   .000E+00
        2.1117   .000E+00   .000E+00   .000E+00   .000E+00   .000E+00  -.451E+02   .000E+00   .000E+00   .000E+00
        2.1418   .000E+00   .000E+00   .000E+00   .000E+00   .000E+00  -.448E+02   .000E+00   .000E+00   .000E+00
        2.1751   .000E+00   .000E+00   .000E+00   .000E+00   .000E+00  -.445E+02   .000E+00   .000E+00   .000E+00
        2.2083   .000E+00   .000E+00   .000E+00   .000E+00   .000E+00  -.443E+02   .000E+00   .000E+00   .000E+00
        2.2445   .000E+00   .000E+00   .000E+00   .000E+00   .000E+00  -.442E+02   .000E+00   .000E+00   .000E+00
        2.2845   .000E+00   .000E+00   .000E+00   .000E+00   .000E+00  -.440E+02   .000E+00   .000E+00   .000E+00
        2.3283   .000E+00   .000E+00   .000E+00   .000E+00   .000E+00  -.439E+02   .000E+00   .000E+00   .000E+00
        2.3721   .000E+00   .000E+00   .000E+00   .000E+00   .000E+00  -.438E+02   .000E+00   .000E+00   .000E+00
        2.4159   .000E+00   .000E+00   .000E+00   .000E+00   .000E+00  -.437E+02   .000E+00   .000E+00   .000E+00
        2.4597   .000E+00   .000E+00   .000E+00   .000E+00   .000E+00  -.436E+02   .000E+00   .000E+00   .000E+00
        2.5035   .000E+00   .000E+00   .000E+00   .000E+00   .000E+00  -.435E+02   .000E+00   .000E+00   .000E+00
        2.5473   .000E+00   .000E+00   .000E+00   .000E+00   .000E+00  -.434E+02   .000E+00   .000E+00   .000E+00
        2.5911   .000E+00   .000E+00   .000E+00   .000E+00   .000E+00  -.433E+02   .000E+00   .000E+00   .000E+00
        2.6349   .000E+00   .000E+00   .000E+00   .000E+00   .000E+00  -.432E+02   .000E+00   .000E+00   .000E+00
        2.6787   .000E+00   .000E+00   .000E+00   .000E+00   .000E+00  -.431E+02   .000E+00   .000E+00   .000E+00
        2.7225   .000E+00   .000E+00   .000E+00   .000E+00   .000E+00  -.430E+02   .000E+00   .000E+00   .000E+00
        2.7663   .000E+00   .000E+00   .000E+00   .000E+00   .000E+00  -.429E+02   .000E+00   .000E+00   .000E+00
        2.8101   .000E+00   .000E+00   .000E+00   .000E+00   .000E+00  -.429E+02   .000E+00   .000E+00   .000E+00
        2.8587   .000E+00   .000E+00   .000E+00   .000E+00   .000E+00  -.428E+02   .000E+00   .000E+00   .000E+00
        2.9074   .000E+00   .000E+00   .000E+00   .000E+00   .000E+00  -.428E+02   .000E+00   .000E+00   .000E+00
        2.9561   .000E+00   .000E+00   .000E+00   .000E+00   .000E+00  -.428E+02   .000E+00   .000E+00   .000E+00
        3.0047   .000E+00   .000E+00   .000E+00   .000E+00   .000E+00  -.427E+02   .000E+00   .000E+00   .000E+00
        3.0534   .000E+00   .000E+00   .000E+00   .000E+00   .000E+00  -.427E+02   .000E+00   .000E+00   .000E+00
        3.1021   .000E+00   .000E+00   .000E+00   .000E+00   .000E+00  -.426E+02   .000E+00   .000E+00   .000E+00
        3.1507   .000E+00   .000E+00   .000E+00   .000E+00   .000E+00  -.426E+02   .000E+00   .000E+00   .000E+00
        3.1994   .000E+00   .000E+00   .000E+00   .000E+00   .000E+00  -.425E+02   .000E+00   .000E+00   .000E+00
        3.2481   .000E+00   .000E+00   .000E+00   .000E+00   .000E+00  -.425E+02   .000E+00   .000E+00   .000E+00
        3.2967   .000E+00   .000E+00   .000E+00   .000E+00   .000E+00  -.424E+02   .000E+00   .000E+00   .000E+00
        3.3454   .000E+00   .000E+00   .000E+00   .000E+00   .000E+00  -.423E+02   .000E+00   .000E+00   .000E+00
        3.3940   .000E+00   .000E+00   .000E+00   .000E+00   .000E+00  -.422E+02   .000E+00   .000E+00   .000E+00
        3.4427   .000E+00   .000E+00   .000E+00   .000E+00   .000E+00  -.421E+02   .000E+00   .000E+00   .000E+00
        3.4914   .000E+00   .000E+00   .000E+00   .000E+00   .000E+00  -.420E+02   .000E+00   .000E+00   .000E+00
        3.5400   .000E+00   .000E+00   .000E+00   .000E+00   .000E+00  -.418E+02   .000E+00   .000E+00   .000E+00
        3.5941   .000E+00   .000E+00   .000E+00   .000E+00   .000E+00  -.417E+02   .000E+00   .000E+00   .000E+00
        3.6482   .000E+00   .000E+00   .000E+00   .000E+00   .000E+00  -.415E+02   .000E+00   .000E+00   .000E+00
        3.7023   .000E+00   .000E+00   .000E+00   .000E+00   .000E+00  -.414E+02   .000E+00   .000E+00   .000E+00
        3.7563   .000E+00   .000E+00   .000E+00   .000E+00   .000E+00  -.412E+02   .000E+00   .000E+00   .000E+00
        3.8104   .000E+00   .000E+00   .000E+00   .000E+00   .000E+00  -.411E+02   .000E+00   .000E+00   .000E+00
        3.8645   .000E+00   .000E+00   .000E+00   .000E+00   .000E+00  -.409E+02   .000E+00   .000E+00   .000E+00
        3.9242   .000E+00   .000E+00   .000E+00   .000E+00   .000E+00  -.408E+02   .000E+00   .000E+00   .000E+00
        3.9840   .000E+00   .000E+00   .000E+00   .000E+00   .000E+00  -.407E+02   .000E+00   .000E+00   .000E+00
        4.0438   .000E+00   .000E+00   .000E+00   .000E+00   .000E+00  -.405E+02   .000E+00   .000E+00   .000E+00
        4.1035   .000E+00   .000E+00   .000E+00   .000E+00   .000E+00  -.404E+02   .000E+00   .000E+00   .000E+00
        4.1676   .000E+00   .000E+00   .000E+00   .000E+00   .000E+00  -.403E+02   .000E+00   .000E+00   .000E+00
        4.2316   .000E+00   .000E+00   .000E+00   .000E+00   .000E+00  -.402E+02   .000E+00   .000E+00   .000E+00
        4.3015   .000E+00   .000E+00   .000E+00   .000E+00   .000E+00  -.400E+02   .000E+00   .000E+00   .000E+00
        4.3791   .000E+00   .000E+00   .000E+00   .000E+00   .000E+00  -.399E+02   .000E+00   .000E+00   .000E+00
        4.4567   .000E+00   .000E+00   .000E+00   .000E+00   .000E+00  -.398E+02   .000E+00   .000E+00   .000E+00
        4.5343   .000E+00   .000E+00   .000E+00   .000E+00   .000E+00  -.397E+02   .000E+00   .000E+00   .000E+00
        4.6119   .000E+00   .000E+00   .000E+00   .000E+00   .000E+00  -.396E+02   .000E+00   .000E+00   .000E+00
        4.6895   .000E+00   .000E+00   .000E+00   .000E+00   .000E+00  -.395E+02   .000E+00   .000E+00   .000E+00
        4.7672   .000E+00   .000E+00   .000E+00   .000E+00   .000E+00  -.394E+02   .000E+00   .000E+00   .000E+00
        4.8448   .000E+00   .000E+00   .000E+00   .000E+00   .000E+00  -.393E+02   .000E+00   .000E+00   .000E+00
        4.9224   .000E+00   .000E+00   .000E+00   .000E+00   .000E+00  -.392E+02   .000E+00   .000E+00   .000E+00
        5.0000   .000E+00   .000E+00   .000E+00   .000E+00   .000E+00  -.391E+02   .000E+00   .000E+00   .000E+00
        5.0781   .000E+00   .000E+00   .000E+00   .000E+00   .000E+00  -.390E+02   .000E+00   .000E+00   .000E+00
        5.1563   .000E+00   .000E+00   .000E+00   .000E+00   .000E+00  -.389E+02   .000E+00   .000E+00   .000E+00
        5.2344   .000E+00   .000E+00   .000E+00   .000E+00   .000E+00  -.388E+02   .000E+00   .000E+00   .000E+00
        5.3125   .000E+00   .000E+00   .000E+00   .000E+00   .000E+00  -.387E+02   .000E+00   .000E+00   .000E+00
        5.3906   .000E+00   .000E+00   .000E+00   .000E+00   .000E+00  -.387E+02   .000E+00   .000E+00   .000E+00
        5.4688   .000E+00   .000E+00   .000E+00   .000E+00   .000E+00  -.386E+02   .000E+00   .000E+00   .000E+00
        5.5469   .000E+00   .000E+00   .000E+00   .000E+00   .000E+00  -.385E+02   .000E+00   .000E+00   .000E+00
        5.6325   .000E+00   .000E+00   .000E+00   .000E+00   .000E+00  -.384E+02   .000E+00   .000E+00   .000E+00
        5.7181   .000E+00   .000E+00   .000E+00   .000E+00   .000E+00  -.383E+02   .000E+00   .000E+00   .000E+00
        5.8038   .000E+00   .000E+00   .000E+00   .000E+00   .000E+00  -.382E+02   .000E+00   .000E+00   .000E+00
        5.8894   .000E+00   .000E+00   .000E+00   .000E+00   .000E+00  -.382E+02   .000E+00   .000E+00   .000E+00
        5.9751   .000E+00   .000E+00   .000E+00   .000E+00   .000E+00  -.381E+02   .000E+00   .000E+00   .000E+00
        6.0607   .000E+00   .000E+00   .000E+00   .000E+00   .000E+00  -.380E+02   .000E+00   .000E+00   .000E+00
        6.1545   .000E+00   .000E+00   .000E+00   .000E+00   .000E+00  -.379E+02   .000E+00   .000E+00   .000E+00
        6.2483   .000E+00   .000E+00   .000E+00   .000E+00   .000E+00  -.378E+02   .000E+00   .000E+00   .000E+00
        6.3421   .000E+00   .000E+00   .000E+00   .000E+00   .000E+00  -.377E+02   .000E+00   .000E+00   .000E+00
        6.4466   .000E+00   .000E+00   .000E+00   .000E+00   .000E+00  -.376E+02   .000E+00   .000E+00   .000E+00
        6.5511   .000E+00   .000E+00   .000E+00   .000E+00   .000E+00  -.375E+02   .000E+00   .000E+00   .000E+00
        6.6556   .000E+00   .000E+00   .000E+00   .000E+00   .000E+00  -.374E+02   .000E+00   .000E+00   .000E+00
        6.7709   .000E+00   .000E+00   .000E+00   .000E+00   .000E+00  -.373E+02   .000E+00   .000E+00   .000E+00
        6.8863   .000E+00   .000E+00   .000E+00   .000E+00   .000E+00  -.373E+02   .000E+00   .000E+00   .000E+00
        7.0016   .000E+00   .000E+00   .000E+00   .000E+00   .000E+00  -.372E+02   .000E+00   .000E+00   .000E+00
        7.1169   .000E+00   .000E+00   .000E+00   .000E+00   .000E+00  -.371E+02   .000E+00   .000E+00   .000E+00
        7.2322   .000E+00   .000E+00   .000E+00   .000E+00   .000E+00  -.370E+02   .000E+00   .000E+00   .000E+00
        7.3476   .000E+00   .000E+00   .000E+00   .000E+00   .000E+00  -.370E+02   .000E+00   .000E+00   .000E+00
        7.4739   .000E+00   .000E+00   .000E+00   .000E+00   .000E+00  -.369E+02   .000E+00   .000E+00   .000E+00
        7.6002   .000E+00   .000E+00   .000E+00   .000E+00   .000E+00  -.368E+02   .000E+00   .000E+00   .000E+00
        7.7265   .000E+00   .000E+00   .000E+00   .000E+00   .000E+00  -.367E+02   .000E+00   .000E+00   .000E+00
        7.8528   .000E+00   .000E+00   .000E+00   .000E+00   .000E+00  -.366E+02   .000E+00   .000E+00   .000E+00
        7.9791   .000E+00   .000E+00   .000E+00   .000E+00   .000E+00  -.366E+02   .000E+00   .000E+00   .000E+00
        8.1054   .000E+00   .000E+00   .000E+00   .000E+00   .000E+00  -.365E+02   .000E+00   .000E+00   .000E+00
        8.2317   .000E+00   .000E+00   .000E+00   .000E+00   .000E+00  -.364E+02   .000E+00   .000E+00   .000E+00
        8.3580   .000E+00   .000E+00   .000E+00   .000E+00   .000E+00  -.363E+02   .000E+00   .000E+00   .000E+00
        8.4843   .000E+00   .000E+00   .000E+00   .000E+00   .000E+00  -.363E+02   .000E+00   .000E+00   .000E+00
        8.6106   .000E+00   .000E+00   .000E+00   .000E+00   .000E+00  -.362E+02   .000E+00   .000E+00   .000E+00
        8.7369   .000E+00   .000E+00   .000E+00   .000E+00   .000E+00  -.361E+02   .000E+00   .000E+00   .000E+00
        8.8632   .000E+00   .000E+00   .000E+00   .000E+00   .000E+00  -.360E+02   .000E+00   .000E+00   .000E+00
        9.0053   .000E+00   .000E+00   .000E+00   .000E+00   .000E+00  -.359E+02   .000E+00   .000E+00   .000E+00
        9.1474   .000E+00   .000E+00   .000E+00   .000E+00   .000E+00  -.358E+02   .000E+00   .000E+00   .000E+00
        9.2895   .000E+00   .000E+00   .000E+00   .000E+00   .000E+00  -.358E+02   .000E+00   .000E+00   .000E+00
        9.4316   .000E+00   .000E+00   .000E+00   .000E+00   .000E+00  -.357E+02   .000E+00   .000E+00   .000E+00
        9.5737   .000E+00   .000E+00   .000E+00   .000E+00   .000E+00  -.356E+02   .000E+00   .000E+00   .000E+00
        9.7158   .000E+00   .000E+00   .000E+00   .000E+00   .000E+00  -.355E+02   .000E+00   .000E+00   .000E+00
        9.8579   .000E+00   .000E+00   .000E+00   .000E+00   .000E+00  -.354E+02   .000E+00   .000E+00   .000E+00
       10.0000   .000E+00   .000E+00   .000E+00   .000E+00   .000E+00  -.353E+02   .000E+00   .000E+00   .000E+00
       10.1389   .000E+00   .000E+00   .000E+00   .000E+00   .000E+00  -.353E+02   .000E+00   .000E+00   .000E+00
       10.2908   .000E+00   .000E+00   .000E+00   .000E+00   .000E+00  -.352E+02   .000E+00   .000E+00   .000E+00
       10.4427   .000E+00   .000E+00   .000E+00   .000E+00   .000E+00  -.351E+02   .000E+00   .000E+00   .000E+00
       10.5946   .000E+00   .000E+00   .000E+00   .000E+00   .000E+00  -.350E+02   .000E+00   .000E+00   .000E+00
       10.7641   .000E+00   .000E+00   .000E+00   .000E+00   .000E+00  -.350E+02   .000E+00   .000E+00   .000E+00
       10.9335   .000E+00   .000E+00   .000E+00   .000E+00   .000E+00  -.349E+02   .000E+00   .000E+00   .000E+00
       11.1029   .000E+00   .000E+00   .000E+00   .000E+00   .000E+00  -.348E+02   .000E+00   .000E+00   .000E+00
       11.2724   .000E+00   .000E+00   .000E+00   .000E+00   .000E+00  -.348E+02   .000E+00   .000E+00   .000E+00
       11.4418   .000E+00   .000E+00   .000E+00   .000E+00   .000E+00  -.347E+02   .000E+00   .000E+00   .000E+00
       11.6112   .000E+00   .000E+00   .000E+00   .000E+00   .000E+00  -.346E+02   .000E+00   .000E+00   .000E+00
       11.7807   .000E+00   .000E+00   .000E+00   .000E+00   .000E+00  -.346E+02   .000E+00   .000E+00   .000E+00
       11.9501   .000E+00   .000E+00   .000E+00   .000E+00   .000E+00  -.345E+02   .000E+00   .000E+00   .000E+00
       12.1196   .000E+00   .000E+00   .000E+00   .000E+00   .000E+00  -.345E+02   .000E+00   .000E+00   .000E+00
       12.2996   .000E+00   .000E+00   .000E+00   .000E+00   .000E+00  -.344E+02   .000E+00   .000E+00   .000E+00
       12.4796   .000E+00   .000E+00   .000E+00   .000E+00   .000E+00  -.344E+02   .000E+00   .000E+00   .000E+00
       12.6596   .000E+00   .000E+00   .000E+00   .000E+00   .000E+00  -.343E+02   .000E+00   .000E+00   .000E+00
       12.8397   .000E+00   .000E+00   .000E+00   .000E+00   .000E+00  -.343E+02   .000E+00   .000E+00   .000E+00
       13.0361   .000E+00   .000E+00   .000E+00   .000E+00   .000E+00  -.342E+02   .000E+00   .000E+00   .000E+00
       13.2325   .000E+00   .000E+00   .000E+00   .000E+00   .000E+00  -.342E+02   .000E+00   .000E+00   .000E+00
       13.4289   .000E+00   .000E+00   .000E+00   .000E+00   .000E+00  -.341E+02   .000E+00   .000E+00   .000E+00
       13.6252   .000E+00   .000E+00   .000E+00   .000E+00   .000E+00  -.340E+02   .000E+00   .000E+00   .000E+00
       13.8216   .000E+00   .000E+00   .000E+00   .000E+00   .000E+00  -.340E+02   .000E+00   .000E+00   .000E+00
       14.0180   .000E+00   .000E+00   .000E+00   .000E+00   .000E+00  -.339E+02   .000E+00   .000E+00   .000E+00
       14.2144   .000E+00   .000E+00   .000E+00   .000E+00   .000E+00  -.339E+02   .000E+00   .000E+00   .000E+00
       14.4108   .000E+00   .000E+00   .000E+00   .000E+00   .000E+00  -.338E+02   .000E+00   .000E+00   .000E+00
       14.6072   .000E+00   .000E+00   .000E+00   .000E+00   .000E+00  -.338E+02   .000E+00   .000E+00   .000E+00
       14.8036   .000E+00   .000E+00   .000E+00   .000E+00   .000E+00  -.337E+02   .000E+00   .000E+00   .000E+00
       15.0000   .000E+00   .000E+00   .000E+00   .000E+00   .000E+00  -.337E+02   .000E+00   .000E+00   .000E+00
       15.2000   .000E+00   .000E+00   .000E+00   .000E+00   .000E+00  -.336E+02   .000E+00   .000E+00   .000E+00
       15.4000   .000E+00   .000E+00   .000E+00   .000E+00   .000E+00  -.336E+02   .000E+00   .000E+00   .000E+00
       15.6000   .000E+00   .000E+00   .000E+00   .000E+00   .000E+00  -.335E+02   .000E+00   .000E+00   .000E+00
       15.8000   .000E+00   .000E+00   .000E+00   .000E+00   .000E+00  -.334E+02   .000E+00   .000E+00   .000E+00
       16.0000   .000E+00   .000E+00   .000E+00   .000E+00   .000E+00  -.334E+02   .000E+00   .000E+00   .000E+00
       16.2222   .000E+00   .000E+00   .000E+00   .000E+00   .000E+00  -.333E+02   .000E+00   .000E+00   .000E+00
       16.4444   .000E+00   .000E+00   .000E+00   .000E+00   .000E+00  -.333E+02   .000E+00   .000E+00   .000E+00
       16.6667   .000E+00   .000E+00   .000E+00   .000E+00   .000E+00  -.332E+02   .000E+00   .000E+00   .000E+00
       16.8889   .000E+00   .000E+00   .000E+00   .000E+00   .000E+00  -.332E+02   .000E+00   .000E+00   .000E+00
       17.1111   .000E+00   .000E+00   .000E+00   .000E+00   .000E+00  -.331E+02   .000E+00   .000E+00   .000E+00
       17.3333   .000E+00   .000E+00   .000E+00   .000E+00   .000E+00  -.331E+02   .000E+00   .000E+00   .000E+00
       17.5556   .000E+00   .000E+00   .000E+00   .000E+00   .000E+00  -.330E+02   .000E+00   .000E+00   .000E+00
       17.7778   .000E+00   .000E+00   .000E+00   .000E+00   .000E+00  -.329E+02   .000E+00   .000E+00   .000E+00
       18.0000   .000E+00   .000E+00   .000E+00   .000E+00   .000E+00  -.329E+02   .000E+00   .000E+00   .000E+00
       18.2222   .000E+00   .000E+00   .000E+00   .000E+00   .000E+00  -.329E+02   .000E+00   .000E+00   .000E+00
       18.4444   .000E+00   .000E+00   .000E+00   .000E+00   .000E+00  -.328E+02   .000E+00   .000E+00   .000E+00
       18.6667   .000E+00   .000E+00   .000E+00   .000E+00   .000E+00  -.328E+02   .000E+00   .000E+00   .000E+00
       18.8889   .000E+00   .000E+00   .000E+00   .000E+00   .000E+00  -.327E+02   .000E+00   .000E+00   .000E+00
       19.1111   .000E+00   .000E+00   .000E+00   .000E+00   .000E+00  -.327E+02   .000E+00   .000E+00   .000E+00
       19.3333   .000E+00   .000E+00   .000E+00   .000E+00   .000E+00  -.326E+02   .000E+00   .000E+00   .000E+00
       19.5556   .000E+00   .000E+00   .000E+00   .000E+00   .000E+00  -.326E+02   .000E+00   .000E+00   .000E+00
       19.7778   .000E+00   .000E+00   .000E+00   .000E+00   .000E+00  -.326E+02   .000E+00   .000E+00   .000E+00
       20.0000   .000E+00   .000E+00   .000E+00   .000E+00   .000E+00  -.325E+02   .000E+00   .000E+00   .000E+00
       20.2500   .000E+00   .000E+00   .000E+00   .000E+00   .000E+00  -.325E+02   .000E+00   .000E+00   .000E+00
       20.5000   .000E+00   .000E+00   .000E+00   .000E+00   .000E+00  -.325E+02   .000E+00   .000E+00   .000E+00
       20.7500   .000E+00   .000E+00   .000E+00   .000E+00   .000E+00  -.324E+02   .000E+00   .000E+00   .000E+00
       21.0000   .000E+00   .000E+00   .000E+00   .000E+00   .000E+00  -.324E+02   .000E+00   .000E+00   .000E+00
       21.2500   .000E+00   .000E+00   .000E+00   .000E+00   .000E+00  -.323E+02   .000E+00   .000E+00   .000E+00
       21.5000   .000E+00   .000E+00   .000E+00   .000E+00   .000E+00  -.323E+02   .000E+00   .000E+00   .000E+00
       21.7500   .000E+00   .000E+00   .000E+00   .000E+00   .000E+00  -.323E+02   .000E+00   .000E+00   .000E+00
       22.0000   .000E+00   .000E+00   .000E+00   .000E+00   .000E+00  -.322E+02   .000E+00   .000E+00   .000E+00
       22.2500   .000E+00   .000E+00   .000E+00   .000E+00   .000E+00  -.322E+02   .000E+00   .000E+00   .000E+00
       22.5000   .000E+00   .000E+00   .000E+00   .000E+00   .000E+00  -.322E+02   .000E+00   .000E+00   .000E+00
       22.7500   .000E+00   .000E+00   .000E+00   .000E+00   .000E+00  -.321E+02   .000E+00   .000E+00   .000E+00
       23.0000   .000E+00   .000E+00   .000E+00   .000E+00   .000E+00  -.321E+02   .000E+00   .000E+00   .000E+00
       23.2500   .000E+00   .000E+00   .000E+00   .000E+00   .000E+00  -.321E+02   .000E+00   .000E+00   .000E+00
       23.5000   .000E+00   .000E+00   .000E+00   .000E+00   .000E+00  -.320E+02   .000E+00   .000E+00   .000E+00
       23.7500   .000E+00   .000E+00   .000E+00   .000E+00   .000E+00  -.320E+02   .000E+00   .000E+00   .000E+00
       24.0000   .000E+00   .000E+00   .000E+00   .000E+00   .000E+00  -.320E+02   .000E+00   .000E+00   .000E+00
       24.2500   .000E+00   .000E+00   .000E+00   .000E+00   .000E+00  -.319E+02   .000E+00   .000E+00   .000E+00
       24.5000   .000E+00   .000E+00   .000E+00   .000E+00   .000E+00  -.319E+02   .000E+00   .000E+00   .000E+00
       24.7500   .000E+00   .000E+00   .000E+00   .000E+00   .000E+00  -.319E+02   .000E+00   .000E+00   .000E+00
       25.0000   .000E+00   .000E+00   .000E+00   .000E+00   .000E+00  -.318E+02   .000E+00   .000E+00   .000E+00
       25.2500   .000E+00   .000E+00   .000E+00   .000E+00   .000E+00  -.318E+02   .000E+00   .000E+00   .000E+00
       25.5000   .000E+00   .000E+00   .000E+00   .000E+00   .000E+00  -.318E+02   .000E+00   .000E+00   .000E+00
       25.7500   .000E+00   .000E+00   .000E+00   .000E+00   .000E+00  -.317E+02   .000E+00   .000E+00   .000E+00
       26.0000   .000E+00   .000E+00   .000E+00   .000E+00   .000E+00  -.317E+02   .000E+00   .000E+00   .000E+00
       26.2500   .000E+00   .000E+00   .000E+00   .000E+00   .000E+00  -.317E+02   .000E+00   .000E+00   .000E+00
       26.5000   .000E+00   .000E+00   .000E+00   .000E+00   .000E+00  -.316E+02   .000E+00   .000E+00   .000E+00
       26.7500   .000E+00   .000E+00   .000E+00   .000E+00   .000E+00  -.316E+02   .000E+00   .000E+00   .000E+00
       27.0000   .000E+00   .000E+00   .000E+00   .000E+00   .000E+00  -.316E+02   .000E+00   .000E+00   .000E+00
       27.2500   .000E+00   .000E+00   .000E+00   .000E+00   .000E+00  -.315E+02   .000E+00   .000E+00   .000E+00
       27.5000   .000E+00   .000E+00   .000E+00   .000E+00   .000E+00  -.315E+02   .000E+00   .000E+00   .000E+00
       27.7500   .000E+00   .000E+00   .000E+00   .000E+00   .000E+00  -.315E+02   .000E+00   .000E+00   .000E+00
       28.0000   .000E+00   .000E+00   .000E+00   .000E+00   .000E+00  -.315E+02   .000E+00   .000E+00   .000E+00
       28.2500   .000E+00   .000E+00   .000E+00   .000E+00   .000E+00  -.314E+02   .000E+00   .000E+00   .000E+00
       28.5000   .000E+00   .000E+00   .000E+00   .000E+00   .000E+00  -.314E+02   .000E+00   .000E+00   .000E+00
       28.7500   .000E+00   .000E+00   .000E+00   .000E+00   .000E+00  -.314E+02   .000E+00   .000E+00   .000E+00
       29.0000   .000E+00   .000E+00   .000E+00   .000E+00   .000E+00  -.313E+02   .000E+00   .000E+00   .000E+00
       29.2500   .000E+00   .000E+00   .000E+00   .000E+00   .000E+00  -.313E+02   .000E+00   .000E+00   .000E+00
       29.5000   .000E+00   .000E+00   .000E+00   .000E+00   .000E+00  -.313E+02   .000E+00   .000E+00   .000E+00
       29.7500   .000E+00   .000E+00   .000E+00   .000E+00   .000E+00  -.313E+02   .000E+00   .000E+00   .000E+00
       30.0000   .000E+00   .000E+00   .000E+00   .000E+00   .000E+00  -.312E+02   .000E+00   .000E+00   .000E+00
       30.3571   .000E+00   .000E+00   .000E+00   .000E+00   .000E+00  -.312E+02   .000E+00   .000E+00   .000E+00
       30.7143   .000E+00   .000E+00   .000E+00   .000E+00   .000E+00  -.312E+02   .000E+00   .000E+00   .000E+00
       31.0714   .000E+00   .000E+00   .000E+00   .000E+00   .000E+00  -.311E+02   .000E+00   .000E+00   .000E+00
       31.4286   .000E+00   .000E+00   .000E+00   .000E+00   .000E+00  -.311E+02   .000E+00   .000E+00   .000E+00
       31.7857   .000E+00   .000E+00   .000E+00   .000E+00   .000E+00  -.311E+02   .000E+00   .000E+00   .000E+00
       32.1429   .000E+00   .000E+00   .000E+00   .000E+00   .000E+00  -.310E+02   .000E+00   .000E+00   .000E+00
       32.5000   .000E+00   .000E+00   .000E+00   .000E+00   .000E+00  -.310E+02   .000E+00   .000E+00   .000E+00
       32.8571   .000E+00   .000E+00   .000E+00   .000E+00   .000E+00  -.310E+02   .000E+00   .000E+00   .000E+00
       33.2143   .000E+00   .000E+00   .000E+00   .000E+00   .000E+00  -.309E+02   .000E+00   .000E+00   .000E+00
       33.5714   .000E+00   .000E+00   .000E+00   .000E+00   .000E+00  -.309E+02   .000E+00   .000E+00   .000E+00
       33.9286   .000E+00   .000E+00   .000E+00   .000E+00   .000E+00  -.309E+02   .000E+00   .000E+00   .000E+00
       34.2857   .000E+00   .000E+00   .000E+00   .000E+00   .000E+00  -.309E+02   .000E+00   .000E+00   .000E+00
       34.6429   .000E+00   .000E+00   .000E+00   .000E+00   .000E+00  -.308E+02   .000E+00   .000E+00   .000E+00
       35.0000   .000E+00   .000E+00   .000E+00   .000E+00   .000E+00  -.308E+02   .000E+00   .000E+00   .000E+00
       35.3571   .000E+00   .000E+00   .000E+00   .000E+00   .000E+00  -.308E+02   .000E+00   .000E+00   .000E+00
       35.7143   .000E+00   .000E+00   .000E+00   .000E+00   .000E+00  -.308E+02   .000E+00   .000E+00   .000E+00
       36.0714   .000E+00   .000E+00   .000E+00   .000E+00   .000E+00  -.307E+02   .000E+00   .000E+00   .000E+00
       36.4286   .000E+00   .000E+00   .000E+00   .000E+00   .000E+00  -.307E+02   .000E+00   .000E+00   .000E+00
       36.7857   .000E+00   .000E+00   .000E+00   .000E+00   .000E+00  -.307E+02   .000E+00   .000E+00   .000E+00
       37.1429   .000E+00   .000E+00   .000E+00   .000E+00   .000E+00  -.306E+02   .000E+00   .000E+00   .000E+00
       37.5000   .000E+00   .000E+00   .000E+00   .000E+00   .000E+00  -.306E+02   .000E+00   .000E+00   .000E+00
       37.8571   .000E+00   .000E+00   .000E+00   .000E+00   .000E+00  -.306E+02   .000E+00   .000E+00   .000E+00
       38.2143   .000E+00   .000E+00   .000E+00   .000E+00   .000E+00  -.306E+02   .000E+00   .000E+00   .000E+00
       38.5714   .000E+00   .000E+00   .000E+00   .000E+00   .000E+00  -.305E+02   .000E+00   .000E+00   .000E+00
       38.9286   .000E+00   .000E+00   .000E+00   .000E+00   .000E+00  -.305E+02   .000E+00   .000E+00   .000E+00
       39.2857   .000E+00   .000E+00   .000E+00   .000E+00   .000E+00  -.305E+02   .000E+00   .000E+00   .000E+00
       39.6429   .000E+00   .000E+00   .000E+00   .000E+00   .000E+00  -.305E+02   .000E+00   .000E+00   .000E+00
       40.0000   .000E+00   .000E+00   .000E+00   .000E+00   .000E+00  -.304E+02   .000E+00   .000E+00   .000E+00
       40.3571   .000E+00   .000E+00   .000E+00   .000E+00   .000E+00  -.304E+02   .000E+00   .000E+00   .000E+00
       40.7143   .000E+00   .000E+00   .000E+00   .000E+00   .000E+00  -.304E+02   .000E+00   .000E+00   .000E+00
       41.0714   .000E+00   .000E+00   .000E+00   .000E+00   .000E+00  -.304E+02   .000E+00   .000E+00   .000E+00
       41.4286   .000E+00   .000E+00   .000E+00   .000E+00   .000E+00  -.304E+02   .000E+00   .000E+00   .000E+00
       41.7857   .000E+00   .000E+00   .000E+00   .000E+00   .000E+00  -.303E+02   .000E+00   .000E+00   .000E+00
       42.1429   .000E+00   .000E+00   .000E+00   .000E+00   .000E+00  -.303E+02   .000E+00   .000E+00   .000E+00
       42.5000   .000E+00   .000E+00   .000E+00   .000E+00   .000E+00  -.303E+02   .000E+00   .000E+00   .000E+00
       42.8571   .000E+00   .000E+00   .000E+00   .000E+00   .000E+00  -.303E+02   .000E+00   .000E+00   .000E+00
       43.2143   .000E+00   .000E+00   .000E+00   .000E+00   .000E+00  -.302E+02   .000E+00   .000E+00   .000E+00
       43.5714   .000E+00   .000E+00   .000E+00   .000E+00   .000E+00  -.302E+02   .000E+00   .000E+00   .000E+00
       43.9286   .000E+00   .000E+00   .000E+00   .000E+00   .000E+00  -.302E+02   .000E+00   .000E+00   .000E+00
       44.2857   .000E+00   .000E+00   .000E+00   .000E+00   .000E+00  -.302E+02   .000E+00   .000E+00   .000E+00
       44.6429   .000E+00   .000E+00   .000E+00   .000E+00   .000E+00  -.302E+02   .000E+00   .000E+00   .000E+00
       45.0000   .000E+00   .000E+00   .000E+00   .000E+00   .000E+00  -.301E+02   .000E+00   .000E+00   .000E+00
       45.3571   .000E+00   .000E+00   .000E+00   .000E+00   .000E+00  -.301E+02   .000E+00   .000E+00   .000E+00
       45.7143   .000E+00   .000E+00   .000E+00   .000E+00   .000E+00  -.301E+02   .000E+00   .000E+00   .000E+00
       46.0714   .000E+00   .000E+00   .000E+00   .000E+00   .000E+00  -.301E+02   .000E+00   .000E+00   .000E+00
       46.4286   .000E+00   .000E+00   .000E+00   .000E+00   .000E+00  -.301E+02   .000E+00   .000E+00   .000E+00
       46.7857   .000E+00   .000E+00   .000E+00   .000E+00   .000E+00  -.300E+02   .000E+00   .000E+00   .000E+00
       47.1429   .000E+00   .000E+00   .000E+00   .000E+00   .000E+00  -.300E+02   .000E+00   .000E+00   .000E+00
       47.5000   .000E+00   .000E+00   .000E+00   .000E+00   .000E+00  -.300E+02   .000E+00   .000E+00   .000E+00
       47.9167   .000E+00   .000E+00   .000E+00   .000E+00   .000E+00  -.300E+02   .000E+00   .000E+00   .000E+00
       48.3333   .000E+00   .000E+00   .000E+00   .000E+00   .000E+00  -.300E+02   .000E+00   .000E+00   .000E+00
       48.7500   .000E+00   .000E+00   .000E+00   .000E+00   .000E+00  -.299E+02   .000E+00   .000E+00   .000E+00
       49.1667   .000E+00   .000E+00   .000E+00   .000E+00   .000E+00  -.299E+02   .000E+00   .000E+00   .000E+00
       49.5833   .000E+00   .000E+00   .000E+00   .000E+00   .000E+00  -.299E+02   .000E+00   .000E+00   .000E+00
       50.0000   .000E+00   .000E+00   .000E+00   .000E+00   .000E+00  -.299E+02   .000E+00   .000E+00   .000E+00
       50.3846   .000E+00   .000E+00   .000E+00   .000E+00   .000E+00  -.299E+02   .000E+00   .000E+00   .000E+00
       50.8042   .000E+00   .000E+00   .000E+00   .000E+00   .000E+00  -.298E+02   .000E+00   .000E+00   .000E+00
       51.2238   .000E+00   .000E+00   .000E+00   .000E+00   .000E+00  -.298E+02   .000E+00   .000E+00   .000E+00
       51.6434   .000E+00   .000E+00   .000E+00   .000E+00   .000E+00  -.298E+02   .000E+00   .000E+00   .000E+00
       52.0629   .000E+00   .000E+00   .000E+00   .000E+00   .000E+00  -.298E+02   .000E+00   .000E+00   .000E+00
       52.5524   .000E+00   .000E+00   .000E+00   .000E+00   .000E+00  -.298E+02   .000E+00   .000E+00   .000E+00
       53.0420   .000E+00   .000E+00   .000E+00   .000E+00   .000E+00  -.297E+02   .000E+00   .000E+00   .000E+00
       53.5315   .000E+00   .000E+00   .000E+00   .000E+00   .000E+00  -.297E+02   .000E+00   .000E+00   .000E+00
       54.0210   .000E+00   .000E+00   .000E+00   .000E+00   .000E+00  -.297E+02   .000E+00   .000E+00   .000E+00
       54.5105   .000E+00   .000E+00   .000E+00   .000E+00   .000E+00  -.297E+02   .000E+00   .000E+00   .000E+00
       55.0000   .000E+00   .000E+00   .000E+00   .000E+00   .000E+00  -.297E+02   .000E+00   .000E+00   .000E+00
       55.5000   .000E+00   .000E+00   .000E+00   .000E+00   .000E+00  -.296E+02   .000E+00   .000E+00   .000E+00
       56.0000   .000E+00   .000E+00   .000E+00   .000E+00   .000E+00  -.296E+02   .000E+00   .000E+00   .000E+00
       56.5000   .000E+00   .000E+00   .000E+00   .000E+00   .000E+00  -.296E+02   .000E+00   .000E+00   .000E+00
       57.0000   .000E+00   .000E+00   .000E+00   .000E+00   .000E+00  -.296E+02   .000E+00   .000E+00   .000E+00
       57.5000   .000E+00   .000E+00   .000E+00   .000E+00   .000E+00  -.295E+02   .000E+00   .000E+00   .000E+00
       58.0000   .000E+00   .000E+00   .000E+00   .000E+00   .000E+00  -.295E+02   .000E+00   .000E+00   .000E+00
       58.5000   .000E+00   .000E+00   .000E+00   .000E+00   .000E+00  -.295E+02   .000E+00   .000E+00   .000E+00
       59.0000   .000E+00   .000E+00   .000E+00   .000E+00   .000E+00  -.295E+02   .000E+00   .000E+00   .000E+00
       59.5000   .000E+00   .000E+00   .000E+00   .000E+00   .000E+00  -.295E+02   .000E+00   .000E+00   .000E+00
       60.0000   .000E+00   .000E+00   .000E+00   .000E+00   .000E+00  -.295E+02   .000E+00   .000E+00   .000E+00
       60.5000   .000E+00   .000E+00   .000E+00   .000E+00   .000E+00  -.294E+02   .000E+00   .000E+00   .000E+00
       61.0000   .000E+00   .000E+00   .000E+00   .000E+00   .000E+00  -.294E+02   .000E+00   .000E+00   .000E+00
       61.5000   .000E+00   .000E+00   .000E+00   .000E+00   .000E+00  -.294E+02   .000E+00   .000E+00   .000E+00
       62.0000   .000E+00   .000E+00   .000E+00   .000E+00   .000E+00  -.294E+02   .000E+00   .000E+00   .000E+00
       62.5000   .000E+00   .000E+00   .000E+00   .000E+00   .000E+00  -.294E+02   .000E+00   .000E+00   .000E+00
       63.0000   .000E+00   .000E+00   .000E+00   .000E+00   .000E+00  -.293E+02   .000E+00   .000E+00   .000E+00
       63.5000   .000E+00   .000E+00   .000E+00   .000E+00   .000E+00  -.293E+02   .000E+00   .000E+00   .000E+00
       64.0000   .000E+00   .000E+00   .000E+00   .000E+00   .000E+00  -.293E+02   .000E+00   .000E+00   .000E+00
       64.5000   .000E+00   .000E+00   .000E+00   .000E+00   .000E+00  -.293E+02   .000E+00   .000E+00   .000E+00
       65.0000   .000E+00   .000E+00   .000E+00   .000E+00   .000E+00  -.293E+02   .000E+00   .000E+00   .000E+00
       65.5556   .000E+00   .000E+00   .000E+00   .000E+00   .000E+00  -.293E+02   .000E+00   .000E+00   .000E+00
       66.1111   .000E+00   .000E+00   .000E+00   .000E+00   .000E+00  -.292E+02   .000E+00   .000E+00   .000E+00
       66.6667   .000E+00   .000E+00   .000E+00   .000E+00   .000E+00  -.292E+02   .000E+00   .000E+00   .000E+00
       67.2222   .000E+00   .000E+00   .000E+00   .000E+00   .000E+00  -.292E+02   .000E+00   .000E+00   .000E+00
       67.7778   .000E+00   .000E+00   .000E+00   .000E+00   .000E+00  -.292E+02   .000E+00   .000E+00   .000E+00
       68.3333   .000E+00   .000E+00   .000E+00   .000E+00   .000E+00  -.292E+02   .000E+00   .000E+00   .000E+00
       68.8889   .000E+00   .000E+00   .000E+00   .000E+00   .000E+00  -.291E+02   .000E+00   .000E+00   .000E+00
       69.4444   .000E+00   .000E+00   .000E+00   .000E+00   .000E+00  -.291E+02   .000E+00   .000E+00   .000E+00
       70.0000   .000E+00   .000E+00   .000E+00   .000E+00   .000E+00  -.291E+02   .000E+00   .000E+00   .000E+00
       70.5556   .000E+00   .000E+00   .000E+00   .000E+00   .000E+00  -.291E+02   .000E+00   .000E+00   .000E+00
       71.1111   .000E+00   .000E+00   .000E+00   .000E+00   .000E+00  -.291E+02   .000E+00   .000E+00   .000E+00
       71.6667   .000E+00   .000E+00   .000E+00   .000E+00   .000E+00  -.291E+02   .000E+00   .000E+00   .000E+00
       72.2222   .000E+00   .000E+00   .000E+00   .000E+00   .000E+00  -.290E+02   .000E+00   .000E+00   .000E+00
       72.9167   .000E+00   .000E+00   .000E+00   .000E+00   .000E+00  -.290E+02   .000E+00   .000E+00   .000E+00
       73.6111   .000E+00   .000E+00   .000E+00   .000E+00   .000E+00  -.290E+02   .000E+00   .000E+00   .000E+00
       74.3056   .000E+00   .000E+00   .000E+00   .000E+00   .000E+00  -.290E+02   .000E+00   .000E+00   .000E+00
       75.0000   .000E+00   .000E+00   .000E+00   .000E+00   .000E+00  -.290E+02   .000E+00   .000E+00   .000E+00
       75.6250   .000E+00   .000E+00   .000E+00   .000E+00   .000E+00  -.290E+02   .000E+00   .000E+00   .000E+00
       76.2500   .000E+00   .000E+00   .000E+00   .000E+00   .000E+00  -.289E+02   .000E+00   .000E+00   .000E+00
       76.8750   .000E+00   .000E+00   .000E+00   .000E+00   .000E+00  -.289E+02   .000E+00   .000E+00   .000E+00
       77.5000   .000E+00   .000E+00   .000E+00   .000E+00   .000E+00  -.289E+02   .000E+00   .000E+00   .000E+00
       78.1250   .000E+00   .000E+00   .000E+00   .000E+00   .000E+00  -.289E+02   .000E+00   .000E+00   .000E+00
       78.7500   .000E+00   .000E+00   .000E+00   .000E+00   .000E+00  -.289E+02   .000E+00   .000E+00   .000E+00
       79.3750   .000E+00   .000E+00   .000E+00   .000E+00   .000E+00  -.289E+02   .000E+00   .000E+00   .000E+00
       80.0000   .000E+00   .000E+00   .000E+00   .000E+00   .000E+00  -.288E+02   .000E+00   .000E+00   .000E+00
       80.6250   .000E+00   .000E+00   .000E+00   .000E+00   .000E+00  -.288E+02   .000E+00   .000E+00   .000E+00
       81.2500   .000E+00   .000E+00   .000E+00   .000E+00   .000E+00  -.288E+02   .000E+00   .000E+00   .000E+00
       81.8750   .000E+00   .000E+00   .000E+00   .000E+00   .000E+00  -.288E+02   .000E+00   .000E+00   .000E+00
       82.6563   .000E+00   .000E+00   .000E+00   .000E+00   .000E+00  -.288E+02   .000E+00   .000E+00   .000E+00
       83.4375   .000E+00   .000E+00   .000E+00   .000E+00   .000E+00  -.288E+02   .000E+00   .000E+00   .000E+00
       84.2188   .000E+00   .000E+00   .000E+00   .000E+00   .000E+00  -.287E+02   .000E+00   .000E+00   .000E+00
       85.0000   .000E+00   .000E+00   .000E+00   .000E+00   .000E+00  -.287E+02   .000E+00   .000E+00   .000E+00
       85.7143   .000E+00   .000E+00   .000E+00   .000E+00   .000E+00  -.287E+02   .000E+00   .000E+00   .000E+00
       86.4286   .000E+00   .000E+00   .000E+00   .000E+00   .000E+00  -.287E+02   .000E+00   .000E+00   .000E+00
       87.1429   .000E+00   .000E+00   .000E+00   .000E+00   .000E+00  -.287E+02   .000E+00   .000E+00   .000E+00
       87.8571   .000E+00   .000E+00   .000E+00   .000E+00   .000E+00  -.287E+02   .000E+00   .000E+00   .000E+00
       88.5714   .000E+00   .000E+00   .000E+00   .000E+00   .000E+00  -.286E+02   .000E+00   .000E+00   .000E+00
       89.2857   .000E+00   .000E+00   .000E+00   .000E+00   .000E+00  -.286E+02   .000E+00   .000E+00   .000E+00
       90.0000   .000E+00   .000E+00   .000E+00   .000E+00   .000E+00  -.286E+02   .000E+00   .000E+00   .000E+00
       90.7143   .000E+00   .000E+00   .000E+00   .000E+00   .000E+00  -.286E+02   .000E+00   .000E+00   .000E+00
       91.4286   .000E+00   .000E+00   .000E+00   .000E+00   .000E+00  -.286E+02   .000E+00   .000E+00   .000E+00
       92.1429   .000E+00   .000E+00   .000E+00   .000E+00   .000E+00  -.286E+02   .000E+00   .000E+00   .000E+00
       92.8571   .000E+00   .000E+00   .000E+00   .000E+00   .000E+00  -.286E+02   .000E+00   .000E+00   .000E+00
       93.5714   .000E+00   .000E+00   .000E+00   .000E+00   .000E+00  -.285E+02   .000E+00   .000E+00   .000E+00
       94.2857   .000E+00   .000E+00   .000E+00   .000E+00   .000E+00  -.285E+02   .000E+00   .000E+00   .000E+00
       95.0000   .000E+00   .000E+00   .000E+00   .000E+00   .000E+00  -.285E+02   .000E+00   .000E+00   .000E+00
       95.7143   .000E+00   .000E+00   .000E+00   .000E+00   .000E+00  -.285E+02   .000E+00   .000E+00   .000E+00
       96.4286   .000E+00   .000E+00   .000E+00   .000E+00   .000E+00  -.285E+02   .000E+00   .000E+00   .000E+00
       97.3214   .000E+00   .000E+00   .000E+00   .000E+00   .000E+00  -.285E+02   .000E+00   .000E+00   .000E+00
       98.2143   .000E+00   .000E+00   .000E+00   .000E+00   .000E+00  -.284E+02   .000E+00   .000E+00   .000E+00
       99.1071   .000E+00   .000E+00   .000E+00   .000E+00   .000E+00  -.284E+02   .000E+00   .000E+00   .000E+00
      100.0000   .000E+00   .000E+00   .000E+00   .000E+00   .000E+00  -.284E+02   .000E+00   .000E+00   .000E+00
      100.8333   .000E+00   .000E+00   .000E+00   .000E+00   .000E+00  -.284E+02   .000E+00   .000E+00   .000E+00
      101.6667   .000E+00   .000E+00   .000E+00   .000E+00   .000E+00  -.284E+02   .000E+00   .000E+00   .000E+00
      102.5000   .000E+00   .000E+00   .000E+00   .000E+00   .000E+00  -.284E+02   .000E+00   .000E+00   .000E+00
      103.3333   .000E+00   .000E+00   .000E+00   .000E+00   .000E+00  -.284E+02   .000E+00   .000E+00   .000E+00
      104.1667   .000E+00   .000E+00   .000E+00   .000E+00   .000E+00  -.283E+02   .000E+00   .000E+00   .000E+00
      105.0000   .000E+00   .000E+00   .000E+00   .000E+00   .000E+00  -.283E+02   .000E+00   .000E+00   .000E+00
      105.8333   .000E+00   .000E+00   .000E+00   .000E+00   .000E+00  -.283E+02   .000E+00   .000E+00   .000E+00
      106.6667   .000E+00   .000E+00   .000E+00   .000E+00   .000E+00  -.283E+02   .000E+00   .000E+00   .000E+00
      107.5000   .000E+00   .000E+00   .000E+00   .000E+00   .000E+00  -.283E+02   .000E+00   .000E+00   .000E+00
      108.3333   .000E+00   .000E+00   .000E+00   .000E+00   .000E+00  -.283E+02   .000E+00   .000E+00   .000E+00
      109.1667   .000E+00   .000E+00   .000E+00   .000E+00   .000E+00  -.283E+02   .000E+00   .000E+00   .000E+00
      110.0000   .000E+00   .000E+00   .000E+00   .000E+00   .000E+00  -.282E+02   .000E+00   .000E+00   .000E+00
      111.0000   .000E+00   .000E+00   .000E+00   .000E+00   .000E+00  -.282E+02   .000E+00   .000E+00   .000E+00
      112.0000   .000E+00   .000E+00   .000E+00   .000E+00   .000E+00  -.282E+02   .000E+00   .000E+00   .000E+00
      113.0000   .000E+00   .000E+00   .000E+00   .000E+00   .000E+00  -.282E+02   .000E+00   .000E+00   .000E+00
      114.0000   .000E+00   .000E+00   .000E+00   .000E+00   .000E+00  -.282E+02   .000E+00   .000E+00   .000E+00
      115.0000   .000E+00   .000E+00   .000E+00   .000E+00   .000E+00  -.282E+02   .000E+00   .000E+00   .000E+00
      116.0000   .000E+00   .000E+00   .000E+00   .000E+00   .000E+00  -.282E+02   .000E+00   .000E+00   .000E+00
      117.0000   .000E+00   .000E+00   .000E+00   .000E+00   .000E+00  -.281E+02   .000E+00   .000E+00   .000E+00
      118.0000   .000E+00   .000E+00   .000E+00   .000E+00   .000E+00  -.281E+02   .000E+00   .000E+00   .000E+00
      119.0000   .000E+00   .000E+00   .000E+00   .000E+00   .000E+00  -.281E+02   .000E+00   .000E+00   .000E+00
      120.0000   .000E+00   .000E+00   .000E+00   .000E+00   .000E+00  -.281E+02   .000E+00   .000E+00   .000E+00
      121.0000   .000E+00   .000E+00   .000E+00   .000E+00   .000E+00  -.281E+02   .000E+00   .000E+00   .000E+00
      122.0000   .000E+00   .000E+00   .000E+00   .000E+00   .000E+00  -.281E+02   .000E+00   .000E+00   .000E+00
      123.0000   .000E+00   .000E+00   .000E+00   .000E+00   .000E+00  -.281E+02   .000E+00   .000E+00   .000E+00
      124.0000   .000E+00   .000E+00   .000E+00   .000E+00   .000E+00  -.280E+02   .000E+00   .000E+00   .000E+00
      125.0000   .000E+00   .000E+00   .000E+00   .000E+00   .000E+00  -.280E+02   .000E+00   .000E+00   .000E+00
      126.0000   .000E+00   .000E+00   .000E+00   .000E+00   .000E+00  -.280E+02   .000E+00   .000E+00   .000E+00
      127.0000   .000E+00   .000E+00   .000E+00   .000E+00   .000E+00  -.280E+02   .000E+00   .000E+00   .000E+00
      128.0000   .000E+00   .000E+00   .000E+00   .000E+00   .000E+00  -.280E+02   .000E+00   .000E+00   .000E+00
      129.0000   .000E+00   .000E+00   .000E+00   .000E+00   .000E+00  -.280E+02   .000E+00   .000E+00   .000E+00
      130.0000   .000E+00   .000E+00   .000E+00   .000E+00   .000E+00  -.280E+02   .000E+00   .000E+00   .000E+00
      131.0000   .000E+00   .000E+00   .000E+00   .000E+00   .000E+00  -.280E+02   .000E+00   .000E+00   .000E+00
      132.0000   .000E+00   .000E+00   .000E+00   .000E+00   .000E+00  -.279E+02   .000E+00   .000E+00   .000E+00
      133.0000   .000E+00   .000E+00   .000E+00   .000E+00   .000E+00  -.279E+02   .000E+00   .000E+00   .000E+00
      134.0000   .000E+00   .000E+00   .000E+00   .000E+00   .000E+00  -.279E+02   .000E+00   .000E+00   .000E+00
      135.0000   .000E+00   .000E+00   .000E+00   .000E+00   .000E+00  -.279E+02   .000E+00   .000E+00   .000E+00
      136.0000   .000E+00   .000E+00   .000E+00   .000E+00   .000E+00  -.279E+02   .000E+00   .000E+00   .000E+00
      137.0000   .000E+00   .000E+00   .000E+00   .000E+00   .000E+00  -.279E+02   .000E+00   .000E+00   .000E+00
      138.0000   .000E+00   .000E+00   .000E+00   .000E+00   .000E+00  -.279E+02   .000E+00   .000E+00   .000E+00
      139.0000   .000E+00   .000E+00   .000E+00   .000E+00   .000E+00  -.279E+02   .000E+00   .000E+00   .000E+00
      140.0000   .000E+00   .000E+00   .000E+00   .000E+00   .000E+00  -.278E+02   .000E+00   .000E+00   .000E+00
      141.0000   .000E+00   .000E+00   .000E+00   .000E+00   .000E+00  -.278E+02   .000E+00   .000E+00   .000E+00
      142.0000   .000E+00   .000E+00   .000E+00   .000E+00   .000E+00  -.278E+02   .000E+00   .000E+00   .000E+00
      143.0000   .000E+00   .000E+00   .000E+00   .000E+00   .000E+00  -.278E+02   .000E+00   .000E+00   .000E+00
      144.0000   .000E+00   .000E+00   .000E+00   .000E+00   .000E+00  -.278E+02   .000E+00   .000E+00   .000E+00
      145.0000   .000E+00   .000E+00   .000E+00   .000E+00   .000E+00  -.278E+02   .000E+00   .000E+00   .000E+00
      146.0000   .000E+00   .000E+00   .000E+00   .000E+00   .000E+00  -.278E+02   .000E+00   .000E+00   .000E+00
      147.0000   .000E+00   .000E+00   .000E+00   .000E+00   .000E+00  -.278E+02   .000E+00   .000E+00   .000E+00
      148.0000   .000E+00   .000E+00   .000E+00   .000E+00   .000E+00  -.278E+02   .000E+00   .000E+00   .000E+00
      149.0000   .000E+00   .000E+00   .000E+00   .000E+00   .000E+00  -.278E+02   .000E+00   .000E+00   .000E+00
      150.0000   .000E+00   .000E+00   .000E+00   .000E+00   .000E+00  -.277E+02   .000E+00   .000E+00   .000E+00
      151.2500   .000E+00   .000E+00   .000E+00   .000E+00   .000E+00  -.277E+02   .000E+00   .000E+00   .000E+00
      152.5000   .000E+00   .000E+00   .000E+00   .000E+00   .000E+00  -.277E+02   .000E+00   .000E+00   .000E+00
      153.7500   .000E+00   .000E+00   .000E+00   .000E+00   .000E+00  -.277E+02   .000E+00   .000E+00   .000E+00
      155.0000   .000E+00   .000E+00   .000E+00   .000E+00   .000E+00  -.277E+02   .000E+00   .000E+00   .000E+00
      156.2500   .000E+00   .000E+00   .000E+00   .000E+00   .000E+00  -.277E+02   .000E+00   .000E+00   .000E+00
      157.5000   .000E+00   .000E+00   .000E+00   .000E+00   .000E+00  -.277E+02   .000E+00   .000E+00   .000E+00
      158.7500   .000E+00   .000E+00   .000E+00   .000E+00   .000E+00  -.277E+02   .000E+00   .000E+00   .000E+00
      160.0000   .000E+00   .000E+00   .000E+00   .000E+00   .000E+00  -.276E+02   .000E+00   .000E+00   .000E+00
      161.2500   .000E+00   .000E+00   .000E+00   .000E+00   .000E+00  -.276E+02   .000E+00   .000E+00   .000E+00
      162.5000   .000E+00   .000E+00   .000E+00   .000E+00   .000E+00  -.276E+02   .000E+00   .000E+00   .000E+00
      163.7500   .000E+00   .000E+00   .000E+00   .000E+00   .000E+00  -.276E+02   .000E+00   .000E+00   .000E+00
      165.0000   .000E+00   .000E+00   .000E+00   .000E+00   .000E+00  -.276E+02   .000E+00   .000E+00   .000E+00
      166.2500   .000E+00   .000E+00   .000E+00   .000E+00   .000E+00  -.276E+02   .000E+00   .000E+00   .000E+00
      167.5000   .000E+00   .000E+00   .000E+00   .000E+00   .000E+00  -.276E+02   .000E+00   .000E+00   .000E+00
      168.7500   .000E+00   .000E+00   .000E+00   .000E+00   .000E+00  -.276E+02   .000E+00   .000E+00   .000E+00
      170.0000   .000E+00   .000E+00   .000E+00   .000E+00   .000E+00  -.276E+02   .000E+00   .000E+00   .000E+00
      171.2500   .000E+00   .000E+00   .000E+00   .000E+00   .000E+00  -.275E+02   .000E+00   .000E+00   .000E+00
      172.5000   .000E+00   .000E+00   .000E+00   .000E+00   .000E+00  -.275E+02   .000E+00   .000E+00   .000E+00
      173.7500   .000E+00   .000E+00   .000E+00   .000E+00   .000E+00  -.275E+02   .000E+00   .000E+00   .000E+00
      175.0000   .000E+00   .000E+00   .000E+00   .000E+00   .000E+00  -.275E+02   .000E+00   .000E+00   .000E+00
      176.2500   .000E+00   .000E+00   .000E+00   .000E+00   .000E+00  -.275E+02   .000E+00   .000E+00   .000E+00
      177.5000   .000E+00   .000E+00   .000E+00   .000E+00   .000E+00  -.275E+02   .000E+00   .000E+00   .000E+00
      178.7500   .000E+00   .000E+00   .000E+00   .000E+00   .000E+00  -.275E+02   .000E+00   .000E+00   .000E+00
      180.0000   .000E+00   .000E+00   .000E+00   .000E+00   .000E+00  -.275E+02   .000E+00   .000E+00   .000E+00
      181.2500   .000E+00   .000E+00   .000E+00   .000E+00   .000E+00  -.275E+02   .000E+00   .000E+00   .000E+00
      182.5000   .000E+00   .000E+00   .000E+00   .000E+00   .000E+00  -.275E+02   .000E+00   .000E+00   .000E+00
      183.7500   .000E+00   .000E+00   .000E+00   .000E+00   .000E+00  -.274E+02   .000E+00   .000E+00   .000E+00
      185.0000   .000E+00   .000E+00   .000E+00   .000E+00   .000E+00  -.274E+02   .000E+00   .000E+00   .000E+00
      186.2500   .000E+00   .000E+00   .000E+00   .000E+00   .000E+00  -.274E+02   .000E+00   .000E+00   .000E+00
      187.5000   .000E+00   .000E+00   .000E+00   .000E+00   .000E+00  -.274E+02   .000E+00   .000E+00   .000E+00
      188.7500   .000E+00   .000E+00   .000E+00   .000E+00   .000E+00  -.274E+02   .000E+00   .000E+00   .000E+00
      190.0000   .000E+00   .000E+00   .000E+00   .000E+00   .000E+00  -.274E+02   .000E+00   .000E+00   .000E+00
      191.6667   .000E+00   .000E+00   .000E+00   .000E+00   .000E+00  -.274E+02   .000E+00   .000E+00   .000E+00
      193.3333   .000E+00   .000E+00   .000E+00   .000E+00   .000E+00  -.274E+02   .000E+00   .000E+00   .000E+00
      195.0000   .000E+00   .000E+00   .000E+00   .000E+00   .000E+00  -.274E+02   .000E+00   .000E+00   .000E+00
      196.6667   .000E+00   .000E+00   .000E+00   .000E+00   .000E+00  -.274E+02   .000E+00   .000E+00   .000E+00
      198.3333   .000E+00   .000E+00   .000E+00   .000E+00   .000E+00  -.273E+02   .000E+00   .000E+00   .000E+00
      200.0000   .000E+00   .000E+00   .000E+00   .000E+00   .000E+00  -.273E+02   .000E+00   .000E+00   .000E+00
      201.6667   .000E+00   .000E+00   .000E+00   .000E+00   .000E+00  -.273E+02   .000E+00   .000E+00   .000E+00
      203.3333   .000E+00   .000E+00   .000E+00   .000E+00   .000E+00  -.273E+02   .000E+00   .000E+00   .000E+00
      205.0000   .000E+00   .000E+00   .000E+00   .000E+00   .000E+00  -.273E+02   .000E+00   .000E+00   .000E+00
      206.6667   .000E+00   .000E+00   .000E+00   .000E+00   .000E+00  -.273E+02   .000E+00   .000E+00   .000E+00
      208.3333   .000E+00   .000E+00   .000E+00   .000E+00   .000E+00  -.273E+02   .000E+00   .000E+00   .000E+00
      210.0000   .000E+00   .000E+00   .000E+00   .000E+00   .000E+00  -.273E+02   .000E+00   .000E+00   .000E+00
      211.6667   .000E+00   .000E+00   .000E+00   .000E+00   .000E+00  -.273E+02   .000E+00   .000E+00   .000E+00
      213.3333   .000E+00   .000E+00   .000E+00   .000E+00   .000E+00  -.272E+02   .000E+00   .000E+00   .000E+00
      215.0000   .000E+00   .000E+00   .000E+00   .000E+00   .000E+00  -.272E+02   .000E+00   .000E+00   .000E+00
      216.6667   .000E+00   .000E+00   .000E+00   .000E+00   .000E+00  -.272E+02   .000E+00   .000E+00   .000E+00
      218.3333   .000E+00   .000E+00   .000E+00   .000E+00   .000E+00  -.272E+02   .000E+00   .000E+00   .000E+00
      220.0000   .000E+00   .000E+00   .000E+00   .000E+00   .000E+00  -.272E+02   .000E+00   .000E+00   .000E+00
      221.6667   .000E+00   .000E+00   .000E+00   .000E+00   .000E+00  -.272E+02   .000E+00   .000E+00   .000E+00
      223.3333   .000E+00   .000E+00   .000E+00   .000E+00   .000E+00  -.272E+02   .000E+00   .000E+00   .000E+00
      225.0000   .000E+00   .000E+00   .000E+00   .000E+00   .000E+00  -.272E+02   .000E+00   .000E+00   .000E+00
      226.6667   .000E+00   .000E+00   .000E+00   .000E+00   .000E+00  -.272E+02   .000E+00   .000E+00   .000E+00
      228.3333   .000E+00   .000E+00   .000E+00   .000E+00   .000E+00  -.272E+02   .000E+00   .000E+00   .000E+00
      230.0000   .000E+00   .000E+00   .000E+00   .000E+00   .000E+00  -.272E+02   .000E+00   .000E+00   .000E+00
      231.6667   .000E+00   .000E+00   .000E+00   .000E+00   .000E+00  -.271E+02   .000E+00   .000E+00   .000E+00
      233.3333   .000E+00   .000E+00   .000E+00   .000E+00   .000E+00  -.271E+02   .000E+00   .000E+00   .000E+00
      235.0000   .000E+00   .000E+00   .000E+00   .000E+00   .000E+00  -.271E+02   .000E+00   .000E+00   .000E+00
      236.6667   .000E+00   .000E+00   .000E+00   .000E+00   .000E+00  -.271E+02   .000E+00   .000E+00   .000E+00
      238.3333   .000E+00   .000E+00   .000E+00   .000E+00   .000E+00  -.271E+02   .000E+00   .000E+00   .000E+00
      240.0000   .000E+00   .000E+00   .000E+00   .000E+00   .000E+00  -.271E+02   .000E+00   .000E+00   .000E+00
      241.6667   .000E+00   .000E+00   .000E+00   .000E+00   .000E+00  -.271E+02   .000E+00   .000E+00   .000E+00
      243.3333   .000E+00   .000E+00   .000E+00   .000E+00   .000E+00  -.271E+02   .000E+00   .000E+00   .000E+00
      245.0000   .000E+00   .000E+00   .000E+00   .000E+00   .000E+00  -.271E+02   .000E+00   .000E+00   .000E+00
      246.6667   .000E+00   .000E+00   .000E+00   .000E+00   .000E+00  -.271E+02   .000E+00   .000E+00   .000E+00
      248.3333   .000E+00   .000E+00   .000E+00   .000E+00   .000E+00  -.271E+02   .000E+00   .000E+00   .000E+00
      250.0000   .000E+00   .000E+00   .000E+00   .000E+00   .000E+00  -.271E+02   .000E+00   .000E+00   .000E+00
      251.6667   .000E+00   .000E+00   .000E+00   .000E+00   .000E+00  -.270E+02   .000E+00   .000E+00   .000E+00
      253.3333   .000E+00   .000E+00   .000E+00   .000E+00   .000E+00  -.270E+02   .000E+00   .000E+00   .000E+00
      255.0000   .000E+00   .000E+00   .000E+00   .000E+00   .000E+00  -.270E+02   .000E+00   .000E+00   .000E+00
      256.6667   .000E+00   .000E+00   .000E+00   .000E+00   .000E+00  -.270E+02   .000E+00   .000E+00   .000E+00
      258.3333   .000E+00   .000E+00   .000E+00   .000E+00   .000E+00  -.270E+02   .000E+00   .000E+00   .000E+00
      260.0000   .000E+00   .000E+00   .000E+00   .000E+00   .000E+00  -.270E+02   .000E+00   .000E+00   .000E+00
      261.6667   .000E+00   .000E+00   .000E+00   .000E+00   .000E+00  -.270E+02   .000E+00   .000E+00   .000E+00
      263.3333   .000E+00   .000E+00   .000E+00   .000E+00   .000E+00  -.270E+02   .000E+00   .000E+00   .000E+00
      265.0000   .000E+00   .000E+00   .000E+00   .000E+00   .000E+00  -.270E+02   .000E+00   .000E+00   .000E+00
      266.6667   .000E+00   .000E+00   .000E+00   .000E+00   .000E+00  -.270E+02   .000E+00   .000E+00   .000E+00
      268.3333   .000E+00   .000E+00   .000E+00   .000E+00   .000E+00  -.270E+02   .000E+00   .000E+00   .000E+00
      270.0000   .000E+00   .000E+00   .000E+00   .000E+00   .000E+00  -.270E+02   .000E+00   .000E+00   .000E+00
      271.6667   .000E+00   .000E+00   .000E+00   .000E+00   .000E+00  -.270E+02   .000E+00   .000E+00   .000E+00
      273.3333   .000E+00   .000E+00   .000E+00   .000E+00   .000E+00  -.270E+02   .000E+00   .000E+00   .000E+00
      275.0000   .000E+00   .000E+00   .000E+00   .000E+00   .000E+00  -.269E+02   .000E+00   .000E+00   .000E+00
      276.6667   .000E+00   .000E+00   .000E+00   .000E+00   .000E+00  -.269E+02   .000E+00   .000E+00   .000E+00
      278.3333   .000E+00   .000E+00   .000E+00   .000E+00   .000E+00  -.269E+02   .000E+00   .000E+00   .000E+00
      280.0000   .000E+00   .000E+00   .000E+00   .000E+00   .000E+00  -.269E+02   .000E+00   .000E+00   .000E+00
      281.6667   .000E+00   .000E+00   .000E+00   .000E+00   .000E+00  -.269E+02   .000E+00   .000E+00   .000E+00
      283.3333   .000E+00   .000E+00   .000E+00   .000E+00   .000E+00  -.269E+02   .000E+00   .000E+00   .000E+00
      285.0000   .000E+00   .000E+00   .000E+00   .000E+00   .000E+00  -.269E+02   .000E+00   .000E+00   .000E+00
      286.6667   .000E+00   .000E+00   .000E+00   .000E+00   .000E+00  -.269E+02   .000E+00   .000E+00   .000E+00
      288.3333   .000E+00   .000E+00   .000E+00   .000E+00   .000E+00  -.269E+02   .000E+00   .000E+00   .000E+00
      290.0000   .000E+00   .000E+00   .000E+00   .000E+00   .000E+00  -.269E+02   .000E+00   .000E+00   .000E+00
      291.6667   .000E+00   .000E+00   .000E+00   .000E+00   .000E+00  -.269E+02   .000E+00   .000E+00   .000E+00
      293.3333   .000E+00   .000E+00   .000E+00   .000E+00   .000E+00  -.269E+02   .000E+00   .000E+00   .000E+00
      295.0000   .000E+00   .000E+00   .000E+00   .000E+00   .000E+00  -.269E+02   .000E+00   .000E+00   .000E+00
      296.6667   .000E+00   .000E+00   .000E+00   .000E+00   .000E+00  -.269E+02   .000E+00   .000E+00   .000E+00
      298.3333   .000E+00   .000E+00   .000E+00   .000E+00   .000E+00  -.269E+02   .000E+00   .000E+00   .000E+00
      300.0000   .000E+00   .000E+00   .000E+00   .000E+00   .000E+00  -.268E+02   .000E+00   .000E+00   .000E+00
      301.6667   .000E+00   .000E+00   .000E+00   .000E+00   .000E+00  -.268E+02   .000E+00   .000E+00   .000E+00
      303.3333   .000E+00   .000E+00   .000E+00   .000E+00   .000E+00  -.268E+02   .000E+00   .000E+00   .000E+00
      305.0000   .000E+00   .000E+00   .000E+00   .000E+00   .000E+00  -.268E+02   .000E+00   .000E+00   .000E+00
      306.6667   .000E+00   .000E+00   .000E+00   .000E+00   .000E+00  -.268E+02   .000E+00   .000E+00   .000E+00
      308.3333   .000E+00   .000E+00   .000E+00   .000E+00   .000E+00  -.268E+02   .000E+00   .000E+00   .000E+00
      310.0000   .000E+00   .000E+00   .000E+00   .000E+00   .000E+00  -.268E+02   .000E+00   .000E+00   .000E+00
      311.6667   .000E+00   .000E+00   .000E+00   .000E+00   .000E+00  -.268E+02   .000E+00   .000E+00   .000E+00
      313.3333   .000E+00   .000E+00   .000E+00   .000E+00   .000E+00  -.268E+02   .000E+00   .000E+00   .000E+00
      315.0000   .000E+00   .000E+00   .000E+00   .000E+00   .000E+00  -.268E+02   .000E+00   .000E+00   .000E+00
      316.6667   .000E+00   .000E+00   .000E+00   .000E+00   .000E+00  -.268E+02   .000E+00   .000E+00   .000E+00
      318.3333   .000E+00   .000E+00   .000E+00   .000E+00   .000E+00  -.268E+02   .000E+00   .000E+00   .000E+00
      320.0000   .000E+00   .000E+00   .000E+00   .000E+00   .000E+00  -.268E+02   .000E+00   .000E+00   .000E+00
      321.6667   .000E+00   .000E+00   .000E+00   .000E+00   .000E+00  -.268E+02   .000E+00   .000E+00   .000E+00
      323.3333   .000E+00   .000E+00   .000E+00   .000E+00   .000E+00  -.268E+02   .000E+00   .000E+00   .000E+00
      325.0000   .000E+00   .000E+00   .000E+00   .000E+00   .000E+00  -.268E+02   .000E+00   .000E+00   .000E+00
      326.6667   .000E+00   .000E+00   .000E+00   .000E+00   .000E+00  -.268E+02   .000E+00   .000E+00   .000E+00
      328.3333   .000E+00   .000E+00   .000E+00   .000E+00   .000E+00  -.268E+02   .000E+00   .000E+00   .000E+00
      330.0000   .000E+00   .000E+00   .000E+00   .000E+00   .000E+00  -.267E+02   .000E+00   .000E+00   .000E+00
      331.6667   .000E+00   .000E+00   .000E+00   .000E+00   .000E+00  -.267E+02   .000E+00   .000E+00   .000E+00
      333.3333   .000E+00   .000E+00   .000E+00   .000E+00   .000E+00  -.267E+02   .000E+00   .000E+00   .000E+00
      335.0000   .000E+00   .000E+00   .000E+00   .000E+00   .000E+00  -.267E+02   .000E+00   .000E+00   .000E+00
      336.6667   .000E+00   .000E+00   .000E+00   .000E+00   .000E+00  -.267E+02   .000E+00   .000E+00   .000E+00
      338.3333   .000E+00   .000E+00   .000E+00   .000E+00   .000E+00  -.267E+02   .000E+00   .000E+00   .000E+00
      340.0000   .000E+00   .000E+00   .000E+00   .000E+00   .000E+00  -.267E+02   .000E+00   .000E+00   .000E+00
      341.6667   .000E+00   .000E+00   .000E+00   .000E+00   .000E+00  -.267E+02   .000E+00   .000E+00   .000E+00
      343.3333   .000E+00   .000E+00   .000E+00   .000E+00   .000E+00  -.267E+02   .000E+00   .000E+00   .000E+00
      345.0000   .000E+00   .000E+00   .000E+00   .000E+00   .000E+00  -.267E+02   .000E+00   .000E+00   .000E+00
      346.6667   .000E+00   .000E+00   .000E+00   .000E+00   .000E+00  -.267E+02   .000E+00   .000E+00   .000E+00
      348.3333   .000E+00   .000E+00   .000E+00   .000E+00   .000E+00  -.267E+02   .000E+00   .000E+00   .000E+00
      350.0000   .000E+00   .000E+00   .000E+00   .000E+00   .000E+00  -.267E+02   .000E+00   .000E+00   .000E+00
      351.6667   .000E+00   .000E+00   .000E+00   .000E+00   .000E+00  -.267E+02   .000E+00   .000E+00   .000E+00
      353.3333   .000E+00   .000E+00   .000E+00   .000E+00   .000E+00  -.267E+02   .000E+00   .000E+00   .000E+00
      355.0000   .000E+00   .000E+00   .000E+00   .000E+00   .000E+00  -.267E+02   .000E+00   .000E+00   .000E+00
      356.6667   .000E+00   .000E+00   .000E+00   .000E+00   .000E+00  -.267E+02   .000E+00   .000E+00   .000E+00
      358.3333   .000E+00   .000E+00   .000E+00   .000E+00   .000E+00  -.267E+02   .000E+00   .000E+00   .000E+00
      360.0000   .000E+00   .000E+00   .000E+00   .000E+00   .000E+00  -.267E+02   .000E+00   .000E+00   .000E+00
      361.6667   .000E+00   .000E+00   .000E+00   .000E+00   .000E+00  -.267E+02   .000E+00   .000E+00   .000E+00
      363.3333   .000E+00   .000E+00   .000E+00   .000E+00   .000E+00  -.267E+02   .000E+00   .000E+00   .000E+00
      365.0000   .000E+00   .000E+00   .000E+00   .000E+00   .000E+00  -.266E+02   .000E+00   .000E+00   .000E+00
      366.6667   .000E+00   .000E+00   .000E+00   .000E+00   .000E+00  -.266E+02   .000E+00   .000E+00   .000E+00
      368.3333   .000E+00   .000E+00   .000E+00   .000E+00   .000E+00  -.266E+02   .000E+00   .000E+00   .000E+00
      370.0000   .000E+00   .000E+00   .000E+00   .000E+00   .000E+00  -.266E+02   .000E+00   .000E+00   .000E+00
      371.6667   .000E+00   .000E+00   .000E+00   .000E+00   .000E+00  -.266E+02   .000E+00   .000E+00   .000E+00
      373.3333   .000E+00   .000E+00   .000E+00   .000E+00   .000E+00  -.266E+02   .000E+00   .000E+00   .000E+00
      375.0000   .000E+00   .000E+00   .000E+00   .000E+00   .000E+00  -.266E+02   .000E+00   .000E+00   .000E+00
      376.6667   .000E+00   .000E+00   .000E+00   .000E+00   .000E+00  -.266E+02   .000E+00   .000E+00   .000E+00
      378.3333   .000E+00   .000E+00   .000E+00   .000E+00   .000E+00  -.266E+02   .000E+00   .000E+00   .000E+00
      380.0000   .000E+00   .000E+00   .000E+00   .000E+00   .000E+00  -.266E+02   .000E+00   .000E+00   .000E+00
      381.6667   .000E+00   .000E+00   .000E+00   .000E+00   .000E+00  -.266E+02   .000E+00   .000E+00   .000E+00
      383.3333   .000E+00   .000E+00   .000E+00   .000E+00   .000E+00  -.266E+02   .000E+00   .000E+00   .000E+00
      385.0000   .000E+00   .000E+00   .000E+00   .000E+00   .000E+00  -.266E+02   .000E+00   .000E+00   .000E+00
      386.6667   .000E+00   .000E+00   .000E+00   .000E+00   .000E+00  -.266E+02   .000E+00   .000E+00   .000E+00
      388.3333   .000E+00   .000E+00   .000E+00   .000E+00   .000E+00  -.266E+02   .000E+00   .000E+00   .000E+00
      390.0000   .000E+00   .000E+00   .000E+00   .000E+00   .000E+00  -.266E+02   .000E+00   .000E+00   .000E+00
      391.6667   .000E+00   .000E+00   .000E+00   .000E+00   .000E+00  -.266E+02   .000E+00   .000E+00   .000E+00
      393.3333   .000E+00   .000E+00   .000E+00   .000E+00   .000E+00  -.266E+02   .000E+00   .000E+00   .000E+00
      395.0000   .000E+00   .000E+00   .000E+00   .000E+00   .000E+00  -.266E+02   .000E+00   .000E+00   .000E+00
      396.6667   .000E+00   .000E+00   .000E+00   .000E+00   .000E+00  -.266E+02   .000E+00   .000E+00   .000E+00
      398.3333   .000E+00   .000E+00   .000E+00   .000E+00   .000E+00  -.266E+02   .000E+00   .000E+00   .000E+00
      400.0000   .000E+00   .000E+00   .000E+00   .000E+00   .000E+00  -.266E+02   .000E+00   .000E+00   .000E+00
end
