 EXAMPLE 1                                                               
 
 Program HYDRUS2
 Date:  17. 2.    Time:   9: 6:36
 Time independent boundary conditions
 Vertical plane flow, V = L*L
 Units: L = cm   , T = hours, M = mmol 


 Time:      2.0000

    i    n    x      z    Code     Q          v           h       th       Temp     Conc
                                 [V/T]      [L/T]        [L]     [-]        [C]    [M/L3]

    1    1     .0     .0   -2   .000E+00   .000E+00     -999.4   .110     20.00  .000E+00
    2    2    1.0     .0   -2   .000E+00   .000E+00     -999.3   .110     20.00  .000E+00
    3  202    1.0  100.0    1   .372E+00  -.744E+00      -50.0   .246     20.00  .873E+00
    4  203     .0  100.0    1   .373E+00  -.747E+00      -50.0   .246     20.00  .872E+00


 Time:      4.0000

    i    n    x      z    Code     Q          v           h       th       Temp     Conc
                                 [V/T]      [L/T]        [L]     [-]        [C]    [M/L3]

    1    1     .0     .0   -2   .000E+00   .000E+00     -999.1   .110     20.00  .000E+00
    2    2    1.0     .0   -2   .000E+00   .000E+00     -999.1   .110     20.00  .000E+00
    3  202    1.0  100.0    1   .309E+00  -.618E+00      -50.0   .246     20.00  .926E+00
    4  203     .0  100.0    1   .310E+00  -.619E+00      -50.0   .246     20.00  .926E+00


 Time:      6.0000

    i    n    x      z    Code     Q          v           h       th       Temp     Conc
                                 [V/T]      [L/T]        [L]     [-]        [C]    [M/L3]

    1    1     .0     .0   -2   .000E+00   .000E+00     -998.9   .110     20.00  .000E+00
    2    2    1.0     .0   -2   .000E+00   .000E+00     -998.9   .110     20.00  .000E+00
    3  202    1.0  100.0    1   .285E+00  -.570E+00      -50.0   .246     20.00  .952E+00
    4  203     .0  100.0    1   .285E+00  -.571E+00      -50.0   .246     20.00  .952E+00


 Time:      8.0000

    i    n    x      z    Code     Q          v           h       th       Temp     Conc
                                 [V/T]      [L/T]        [L]     [-]        [C]    [M/L3]

    1    1     .0     .0   -2   .000E+00   .000E+00     -998.8   .110     20.00  .000E+00
    2    2    1.0     .0   -2   .000E+00   .000E+00     -998.7   .110     20.00  .000E+00
    3  202    1.0  100.0    1   .273E+00  -.545E+00      -50.0   .246     20.00  .968E+00
    4  203     .0  100.0    1   .273E+00  -.546E+00      -50.0   .246     20.00  .967E+00


 Time:     10.0000

    i    n    x      z    Code     Q          v           h       th       Temp     Conc
                                 [V/T]      [L/T]        [L]     [-]        [C]    [M/L3]

    1    1     .0     .0   -2   .000E+00   .000E+00     -998.6   .110     20.00  .000E+00
    2    2    1.0     .0   -2   .000E+00   .000E+00     -998.6   .110     20.00  .000E+00
    3  202    1.0  100.0    1   .266E+00  -.531E+00      -50.0   .246     20.00  .977E+00
    4  203     .0  100.0    1   .266E+00  -.532E+00      -50.0   .246     20.00  .977E+00


 Time:     12.0000

    i    n    x      z    Code     Q          v           h       th       Temp     Conc
                                 [V/T]      [L/T]        [L]     [-]        [C]    [M/L3]

    1    1     .0     .0   -2   .000E+00   .000E+00     -998.4   .110     20.00  .000E+00
    2    2    1.0     .0   -2   .000E+00   .000E+00     -998.4   .110     20.00  .000E+00
    3  202    1.0  100.0    1   .261E+00  -.522E+00      -50.0   .246     20.00  .984E+00
    4  203     .0  100.0    1   .261E+00  -.523E+00      -50.0   .246     20.00  .984E+00


 Time:     14.0000

    i    n    x      z    Code     Q          v           h       th       Temp     Conc
                                 [V/T]      [L/T]        [L]     [-]        [C]    [M/L3]

    1    1     .0     .0   -2   .000E+00   .000E+00     -998.3   .110     20.00  .000E+00
    2    2    1.0     .0   -2   .000E+00   .000E+00     -998.3   .110     20.00  .000E+00
    3  202    1.0  100.0    1   .258E+00  -.517E+00      -50.0   .246     20.00  .301E+00
    4  203     .0  100.0    1   .258E+00  -.517E+00      -50.0   .246     20.00  .302E+00


 Time:     16.0000

    i    n    x      z    Code     Q          v           h       th       Temp     Conc
                                 [V/T]      [L/T]        [L]     [-]        [C]    [M/L3]

    1    1     .0     .0   -2   .000E+00   .000E+00     -998.2   .110     20.00  .000E+00
    2    2    1.0     .0   -2   .000E+00   .000E+00     -998.2   .110     20.00  .000E+00
    3  202    1.0  100.0    1   .256E+00  -.513E+00      -50.0   .246     20.00  .171E+00
    4  203     .0  100.0    1   .257E+00  -.513E+00      -50.0   .246     20.00  .172E+00


 Time:     18.0000

    i    n    x      z    Code     Q          v           h       th       Temp     Conc
                                 [V/T]      [L/T]        [L]     [-]        [C]    [M/L3]

    1    1     .0     .0   -2   .000E+00   .000E+00     -998.1   .110     20.00  .000E+00
    2    2    1.0     .0   -2   .000E+00   .000E+00     -998.0   .110     20.00  .000E+00
    3  202    1.0  100.0    1   .255E+00  -.510E+00      -50.0   .246     20.00  .108E+00
    4  203     .0  100.0    1   .255E+00  -.510E+00      -50.0   .246     20.00  .108E+00


 Time:     20.0000

    i    n    x      z    Code     Q          v           h       th       Temp     Conc
                                 [V/T]      [L/T]        [L]     [-]        [C]    [M/L3]

    1    1     .0     .0   -2   .000E+00   .000E+00      -96.2   .185     20.00  .138E-02
    2    2    1.0     .0   -2   .000E+00   .000E+00      -96.1   .185     20.00  .139E-02
    3  202    1.0  100.0    1   .254E+00  -.508E+00      -50.0   .246     20.00  .712E-01
    4  203     .0  100.0    1   .254E+00  -.508E+00      -50.0   .246     20.00  .715E-01


 Time:     22.0000

    i    n    x      z    Code     Q          v           h       th       Temp     Conc
                                 [V/T]      [L/T]        [L]     [-]        [C]    [M/L3]

    1    1     .0     .0   -2   .000E+00   .000E+00      -42.5   .263     20.00  .384E-02
    2    2    1.0     .0   -2   .000E+00   .000E+00      -42.5   .263     20.00  .369E-02
    3  202    1.0  100.0    1   .254E+00  -.507E+00      -50.0   .246     20.00  .487E-01
    4  203     .0  100.0    1   .254E+00  -.507E+00      -50.0   .246     20.00  .489E-01


 Time:     24.0000

    i    n    x      z    Code     Q          v           h       th       Temp     Conc
                                 [V/T]      [L/T]        [L]     [-]        [C]    [M/L3]

    1    1     .0     .0   -2   .000E+00   .000E+00      -26.2   .312     20.00  .605E-02
    2    2    1.0     .0   -2   .000E+00   .000E+00      -26.2   .312     20.00  .578E-02
    3  202    1.0  100.0    1   .253E+00  -.506E+00      -50.0   .246     20.00  .341E-01
    4  203     .0  100.0    1   .253E+00  -.506E+00      -50.0   .246     20.00  .342E-01
