 EXAMPLE 1                                                               
 
 Program HYDRUS2
 Date:  17. 2.    Time:   9: 6:36
 Time independent boundary conditions
 Vertical plane flow, V = L*L
 Units: L = cm   , T = hours, M = mmol 

 Max. number of iterations             20
 Absolute water content tolerance [-]  .00010
 Absolute pressure head tolerance [L]  .10000



MatNum, Param. array:

   Mat     Qr     Qs        Alfa         n          Ks      l

    1     .102   .381    .335E-01    .200E+01    .332E+02   .500

       Table of Hydraulic Properties which are interpolated in simulation
       =================================================================

  theta         h        log h        C             K        log K          S
 
   .3810   -.100E-05  -.6000E+01   .0000E+00   .3319E+02   .1521E+01    1.0000
   .3810   -.126E-05  -.5899E+01   .0000E+00   .3319E+02   .1521E+01    1.0000
   .3810   -.159E-05  -.5798E+01   .4986E-09   .3319E+02   .1521E+01    1.0000
   .3810   -.201E-05  -.5697E+01   .6291E-09   .3319E+02   .1521E+01    1.0000
   .3810   -.254E-05  -.5596E+01   .7938E-09   .3319E+02   .1521E+01    1.0000
   .3810   -.320E-05  -.5495E+01   .1002E-08   .3319E+02   .1521E+01    1.0000
   .3810   -.404E-05  -.5394E+01   .1264E-08   .3319E+02   .1521E+01    1.0000
   .3810   -.509E-05  -.5293E+01   .1595E-08   .3319E+02   .1521E+01    1.0000
   .3810   -.643E-05  -.5192E+01   .2013E-08   .3319E+02   .1521E+01    1.0000
   .3810   -.811E-05  -.5091E+01   .2540E-08   .3319E+02   .1521E+01    1.0000
   .3810   -.102E-04  -.4990E+01   .3205E-08   .3319E+02   .1521E+01    1.0000
   .3810   -.129E-04  -.4889E+01   .4044E-08   .3319E+02   .1521E+01    1.0000
   .3810   -.163E-04  -.4788E+01   .5103E-08   .3319E+02   .1521E+01    1.0000
   .3810   -.206E-04  -.4687E+01   .6439E-08   .3319E+02   .1521E+01    1.0000
   .3810   -.260E-04  -.4586E+01   .8125E-08   .3319E+02   .1521E+01    1.0000
   .3810   -.327E-04  -.4485E+01   .1025E-07   .3319E+02   .1521E+01    1.0000
   .3810   -.413E-04  -.4384E+01   .1294E-07   .3319E+02   .1521E+01    1.0000
   .3810   -.521E-04  -.4283E+01   .1633E-07   .3319E+02   .1521E+01    1.0000
   .3810   -.658E-04  -.4182E+01   .2060E-07   .3319E+02   .1521E+01    1.0000
   .3810   -.830E-04  -.4081E+01   .2599E-07   .3319E+02   .1521E+01    1.0000
   .3810   -.105E-03  -.3980E+01   .3280E-07   .3319E+02   .1521E+01    1.0000
   .3810   -.132E-03  -.3879E+01   .4139E-07   .3319E+02   .1521E+01    1.0000
   .3810   -.167E-03  -.3778E+01   .5223E-07   .3319E+02   .1521E+01    1.0000
   .3810   -.210E-03  -.3677E+01   .6591E-07   .3319E+02   .1521E+01    1.0000
   .3810   -.266E-03  -.3576E+01   .8316E-07   .3319E+02   .1521E+01    1.0000
   .3810   -.335E-03  -.3475E+01   .1049E-06   .3319E+02   .1521E+01    1.0000
   .3810   -.423E-03  -.3374E+01   .1324E-06   .3319E+02   .1521E+01    1.0000
   .3810   -.534E-03  -.3273E+01   .1671E-06   .3319E+02   .1521E+01    1.0000
   .3810   -.673E-03  -.3172E+01   .2109E-06   .3319E+02   .1521E+01    1.0000
   .3810   -.850E-03  -.3071E+01   .2661E-06   .3319E+02   .1521E+01    1.0000
   .3810   -.107E-02  -.2970E+01   .3357E-06   .3319E+02   .1521E+01    1.0000
   .3810   -.135E-02  -.2869E+01   .4236E-06   .3319E+02   .1521E+01    1.0000
   .3810   -.171E-02  -.2768E+01   .5346E-06   .3319E+02   .1521E+01    1.0000
   .3810   -.215E-02  -.2667E+01   .6746E-06   .3319E+02   .1521E+01    1.0000
   .3810   -.272E-02  -.2566E+01   .8512E-06   .3319E+02   .1521E+01    1.0000
   .3810   -.343E-02  -.2465E+01   .1074E-05   .3318E+02   .1521E+01    1.0000
   .3810   -.433E-02  -.2364E+01   .1355E-05   .3318E+02   .1521E+01    1.0000
   .3810   -.546E-02  -.2263E+01   .1710E-05   .3318E+02   .1521E+01    1.0000
   .3810   -.689E-02  -.2162E+01   .2158E-05   .3318E+02   .1521E+01    1.0000
   .3810   -.870E-02  -.2061E+01   .2723E-05   .3317E+02   .1521E+01    1.0000
   .3810   -.110E-01  -.1960E+01   .3436E-05   .3317E+02   .1521E+01    1.0000
   .3810   -.138E-01  -.1859E+01   .4336E-05   .3316E+02   .1521E+01    1.0000
   .3810   -.175E-01  -.1758E+01   .5472E-05   .3315E+02   .1521E+01    1.0000
   .3810   -.221E-01  -.1657E+01   .6904E-05   .3314E+02   .1520E+01    1.0000
   .3810   -.278E-01  -.1556E+01   .8712E-05   .3313E+02   .1520E+01    1.0000
   .3810   -.351E-01  -.1455E+01   .1099E-04   .3311E+02   .1520E+01    1.0000
   .3810   -.443E-01  -.1354E+01   .1387E-04   .3309E+02   .1520E+01    1.0000
   .3810   -.559E-01  -.1253E+01   .1751E-04   .3307E+02   .1519E+01    1.0000
   .3810   -.705E-01  -.1152E+01   .2209E-04   .3304E+02   .1519E+01    1.0000
   .3810   -.890E-01  -.1051E+01   .2787E-04   .3299E+02   .1518E+01    1.0000
   .3810   -.112E+00  -.9495E+00   .3517E-04   .3294E+02   .1518E+01    1.0000
   .3810   -.142E+00  -.8485E+00   .4438E-04   .3288E+02   .1517E+01    1.0000
   .3810   -.179E+00  -.7475E+00   .5600E-04   .3280E+02   .1516E+01    1.0000
   .3810   -.226E+00  -.6465E+00   .7066E-04   .3269E+02   .1514E+01    1.0000
   .3810   -.285E+00  -.5455E+00   .8916E-04   .3256E+02   .1513E+01    1.0000
   .3810   -.359E+00  -.4444E+00   .1125E-03   .3240E+02   .1510E+01     .9999
   .3810   -.453E+00  -.3434E+00   .1419E-03   .3219E+02   .1508E+01     .9999
   .3809   -.572E+00  -.2424E+00   .1791E-03   .3193E+02   .1504E+01     .9998
   .3809   -.722E+00  -.1414E+00   .2259E-03   .3160E+02   .1500E+01     .9997
   .3809   -.911E+00  -.4040E-01   .2849E-03   .3119E+02   .1494E+01     .9995
   .3808   -.115E+01   .6061E-01   .3592E-03   .3067E+02   .1487E+01     .9993
   .3807   -.145E+01   .1616E+00   .4527E-03   .3003E+02   .1478E+01     .9988
   .3805   -.183E+01   .2626E+00   .5700E-03   .2923E+02   .1466E+01     .9981
   .3802   -.231E+01   .3636E+00   .7169E-03   .2823E+02   .1451E+01     .9970
   .3797   -.292E+01   .4646E+00   .8998E-03   .2699E+02   .1431E+01     .9953
   .3789   -.368E+01   .5657E+00   .1126E-02   .2547E+02   .1406E+01     .9925
   .3777   -.464E+01   .6667E+00   .1402E-02   .2363E+02   .1374E+01     .9881
   .3758   -.586E+01   .7677E+00   .1733E-02   .2144E+02   .1331E+01     .9813
   .3728   -.739E+01   .8687E+00   .2117E-02   .1887E+02   .1276E+01     .9707
   .3683   -.933E+01   .9697E+00   .2539E-02   .1597E+02   .1203E+01     .9545
   .3616   -.118E+02   .1071E+01   .2967E-02   .1284E+02   .1108E+01     .9303
   .3518   -.148E+02   .1172E+01   .3337E-02   .9660E+01   .9850E+00     .8953
   .3383   -.187E+02   .1273E+01   .3565E-02   .6700E+01   .8261E+00     .8470
   .3207   -.236E+02   .1374E+01   .3566E-02   .4223E+01   .6256E+00     .7839
   .2993   -.298E+02   .1475E+01   .3305E-02   .2397E+01   .3797E+00     .7073
   .2753   -.376E+02   .1576E+01   .2827E-02   .1225E+01   .8823E-01     .6213
   .2504   -.475E+02   .1677E+01   .2240E-02   .5687E+00  -.2451E+00     .5320
   .2264   -.599E+02   .1778E+01   .1662E-02   .2436E+00  -.6134E+00     .4457
   .2044   -.756E+02   .1879E+01   .1171E-02   .9799E-01  -.1009E+01     .3671
   .1853   -.955E+02   .1980E+01   .7947E-03   .3767E-01  -.1424E+01     .2985
   .1691   -.120E+03   .2081E+01   .5249E-03   .1404E-01  -.1853E+01     .2405
   .1558   -.152E+03   .2182E+01   .3406E-03   .5120E-02  -.2291E+01     .1927
   .1449   -.192E+03   .2283E+01   .2184E-03   .1842E-02  -.2735E+01     .1538
   .1362   -.242E+03   .2384E+01   .1390E-03   .6569E-03  -.3182E+01     .1224
   .1291   -.305E+03   .2485E+01   .8804E-04   .2329E-03  -.3633E+01     .0973
   .1235   -.385E+03   .2586E+01   .5558E-04   .8229E-04  -.4085E+01     .0772
   .1191   -.486E+03   .2687E+01   .3502E-04   .2901E-04  -.4537E+01     .0613
   .1156   -.614E+03   .2788E+01   .2204E-04   .1021E-04  -.4991E+01     .0486
   .1127   -.774E+03   .2889E+01   .1386E-04   .3590E-05  -.5445E+01     .0385
   .1105   -.977E+03   .2990E+01   .8713E-05   .1262E-05  -.5899E+01     .0305
   .1088   -.123E+04   .3091E+01   .5475E-05   .4433E-06  -.6353E+01     .0242
   .1074   -.156E+04   .3192E+01   .3439E-05   .1557E-06  -.6808E+01     .0192
   .1062   -.196E+04   .3293E+01   .2160E-05   .5469E-07  -.7262E+01     .0152
   .1054   -.248E+04   .3394E+01   .1357E-05   .1921E-07  -.7717E+01     .0120
   .1047   -.313E+04   .3495E+01   .8523E-06   .6744E-08  -.8171E+01     .0095
   .1041   -.394E+04   .3596E+01   .5353E-06   .2368E-08  -.8626E+01     .0076
   .1037   -.498E+04   .3697E+01   .3362E-06   .8315E-09  -.9080E+01     .0060
   .1033   -.628E+04   .3798E+01   .2111E-06   .2920E-09  -.9535E+01     .0048
   .1031   -.792E+04   .3899E+01   .1326E-06   .1025E-09  -.9989E+01     .0038
   .1028   -.100E+05   .4000E+01   .8328E-07   .3600E-10  -.1044E+02     .0030
end

 Solute transport information
 ============================

 Galerkin finite-element method

 Number of species in the chain :   1

 Mat.     Bulk.D.    DispL     DispT    Fraction  ImmobileWC
   1       1.5000    5.0000    1.0000    1.0000     .0000

    Dif.w.      Dif.g.   -------------------------------------------------- ( 1.solute)
   .0000E+00   .0000E+00
 Mat.     KS         Nu         Beta      Henry      SinkL1     SinkS1     SinkG1     SinkL1`    SinkS1`    SinkG1`    SinkL0     SinkS0     SinkG0      Alfa
   1  .0000E+00  .0000E+00  .1000E+01  .0000E+00  .0000E+00  .0000E+00  .0000E+00  .0000E+00  .0000E+00  .0000E+00  .0000E+00  .0000E+00  .0000E+00  .0000E+00

 No adsorption or linear adsorp. isotherm for material  1

   Conc1     Conc2     Conc3     Conc4     cSink     cWell     Conc7     gAtm          d
  .100E+01  .000E+00  .000E+00  .000E+00  .000E+00  .000E+00  .000E+00  .000E+00     .0000

 tPulse =            12.000
