

  TLevel   Time         dt     IterW IterC   ItCum  Peclet   Courant

     1  .10000E-02  .10000E-02    7    1      7      .180      .576
     2  .16999E-02  .69993E-03    6    1     13      .183      .237
     3  .23999E-02  .69993E-03    6    1     19      .171      .172
     4  .30998E-02  .69993E-03    6    1     25      .147      .137
     5  .37997E-02  .69993E-03    6    1     31      .182      .116
     6  .44996E-02  .69993E-03    5    1     36      .203      .102
     7  .51996E-02  .69993E-03    5    1     41      .190      .090
     8  .58995E-02  .69993E-03    5    1     46      .189      .081
     9  .65994E-02  .69993E-03    5    1     51      .173      .074
    10  .72994E-02  .69993E-03    5    1     56      .160      .069
    11  .79993E-02  .69993E-03    4    1     60      .154      .065
    12  .86992E-02  .69993E-03    4    1     64      .187      .061
    13  .93992E-02  .69993E-03    4    1     68      .207      .058
    14  .10099E-01  .69993E-03    5    1     73      .200      .055
    15  .10799E-01  .69993E-03    4    1     77      .194      .053
    16  .11499E-01  .69993E-03    5    1     82      .192      .051
    17  .12199E-01  .69993E-03    4    1     86      .190      .050
    18  .12899E-01  .69993E-03    4    1     90      .172      .048
    19  .13599E-01  .69993E-03    4    1     94      .163      .047
    20  .14299E-01  .69993E-03    4    1     98      .151      .045
    21  .14999E-01  .69993E-03    4    1    102      .156      .044
    22  .15699E-01  .69993E-03    4    1    106      .184      .043
    23  .16398E-01  .69993E-03    4    1    110      .199      .042
    24  .17098E-01  .69993E-03    4    1    114      .204      .041
    25  .17798E-01  .69993E-03    4    1    118      .199      .040
    26  .18498E-01  .69993E-03    4    1    122      .196      .039
    27  .19198E-01  .69993E-03    4    1    126      .190      .038
    28  .19898E-01  .69993E-03    4    1    130      .190      .037
    29  .20598E-01  .69993E-03    4    1    134      .187      .036
    30  .21298E-01  .69993E-03    4    1    138      .172      .036
    31  .21998E-01  .69993E-03    4    1    142      .165      .035
    32  .22698E-01  .69993E-03    4    1    146      .159      .034
    33  .23398E-01  .69993E-03    3    1    149      .151      .033
    34  .24308E-01  .91004E-03    4    1    153      .171      .042
    35  .25218E-01  .91004E-03    4    1    157      .193      .041
    36  .26128E-01  .91004E-03    4    1    161      .202      .041
    37  .27038E-01  .91004E-03    4    1    165      .201      .041
    38  .27948E-01  .91004E-03    4    1    169      .195      .040
    39  .28858E-01  .91004E-03    4    1    173      .190      .040
    40  .29768E-01  .91004E-03    4    1    177      .190      .039
    41  .30678E-01  .91004E-03    4    1    181      .188      .039
    42  .31588E-01  .91004E-03    4    1    185      .176      .038
    43  .32498E-01  .91004E-03    4    1    189      .164      .037
    44  .33408E-01  .91004E-03    4    1    193      .161      .037
    45  .34318E-01  .91004E-03    4    1    197      .150      .036
    46  .35228E-01  .91004E-03    4    1    201      .168      .035
    47  .36138E-01  .91004E-03    4    1    205      .187      .035
    48  .37048E-01  .91004E-03    4    1    209      .199      .034
    49  .37958E-01  .91004E-03    4    1    213      .200      .034
    50  .38868E-01  .91004E-03    4    1    217      .199      .033
    51  .39778E-01  .91004E-03    4    1    221      .193      .033
    52  .40688E-01  .91004E-03    4    1    225      .188      .032
    53  .41598E-01  .91004E-03    3    1    228      .189      .032
    54  .42782E-01  .11833E-02    4    1    232      .187      .041
    55  .43965E-01  .11833E-02    4    1    236      .179      .040
    56  .45148E-01  .11833E-02    4    1    240      .163      .040
    57  .46332E-01  .11833E-02    4    1    244      .160      .039
    58  .47515E-01  .11833E-02    4    1    248      .151      .039
    59  .48698E-01  .11833E-02    4    1    252      .174      .039
    60  .49882E-01  .11833E-02    4    1    256      .191      .038
    61  .51065E-01  .11833E-02    4    1    260      .200      .038
    62  .52248E-01  .11833E-02    4    1    264      .198      .038
    63  .53432E-01  .11833E-02    4    1    268      .194      .037
    64  .54615E-01  .11833E-02    4    1    272      .186      .037
    65  .55798E-01  .11833E-02    4    1    276      .187      .036
    66  .56982E-01  .11833E-02    4    1    280      .187      .036
    67  .58165E-01  .11833E-02    4    1    284      .183      .035
    68  .59348E-01  .11833E-02    4    1    288      .168      .035
    69  .60532E-01  .11833E-02    3    1    291      .161      .034
    70  .62070E-01  .15380E-02    4    1    295      .153      .044
    71  .63608E-01  .15380E-02    4    1    299      .171      .044
    72  .65146E-01  .15380E-02    4    1    303      .189      .043
    73  .66684E-01  .15380E-02    4    1    307      .198      .043
    74  .68222E-01  .15380E-02    5    1    312      .194      .043
    75  .69760E-01  .15380E-02    4    1    316      .189      .042
    76  .71298E-01  .15380E-02    4    1    320      .182      .042
    77  .72836E-01  .15380E-02    4    1    324      .185      .041
    78  .74374E-01  .15380E-02    4    1    328      .181      .041
    79  .75912E-01  .15380E-02    4    1    332      .169      .040
    80  .77450E-01  .15380E-02    4    1    336      .160      .039
    81  .78988E-01  .15380E-02    4    1    340      .154      .039
    82  .80526E-01  .15380E-02    4    1    344      .167      .038
    83  .82064E-01  .15380E-02    4    1    348      .183      .038
    84  .83602E-01  .15380E-02    4    1    352      .196      .038
    85  .85140E-01  .15380E-02    4    1    356      .195      .037
    86  .86678E-01  .15380E-02    4    1    360      .191      .037
    87  .88216E-01  .15380E-02    4    1    364      .188      .037
    88  .89754E-01  .15380E-02    4    1    368      .183      .037
    89  .91292E-01  .15380E-02    4    1    372      .185      .037
    90  .92830E-01  .15380E-02    4    1    376      .183      .037
    91  .94369E-01  .15380E-02    4    1    380      .174      .037
    92  .95907E-01  .15380E-02    4    1    384      .161      .036
    93  .97445E-01  .15380E-02    4    1    388      .157      .036
    94  .98983E-01  .15380E-02    4    1    392      .156      .036
    95  .10052E+00  .15380E-02    4    1    396      .175      .035
    96  .10206E+00  .15380E-02    4    1    400      .187      .035
    97  .10360E+00  .15380E-02    4    1    404      .197      .034
    98  .10513E+00  .15380E-02    4    1    408      .194      .034
    99  .10667E+00  .15380E-02    4    1    412      .190      .033
   100  .10821E+00  .15380E-02    4    1    416      .187      .033
   101  .10975E+00  .15380E-02    4    1    420      .181      .033
   102  .11129E+00  .15380E-02    4    1    424      .183      .033
   103  .11282E+00  .15380E-02    4    1    428      .183      .033
   104  .11436E+00  .15380E-02    4    1    432      .178      .032
   105  .11590E+00  .15380E-02    4    1    436      .166      .032
   106  .11744E+00  .15380E-02    4    1    440      .159      .032
   107  .11898E+00  .15380E-02    4    1    444      .155      .032
   108  .12052E+00  .15380E-02    4    1    448      .158      .032
   109  .12205E+00  .15380E-02    4    1    452      .175      .032
   110  .12359E+00  .15380E-02    4    1    456      .186      .032
   111  .12513E+00  .15380E-02    4    1    460      .195      .032
   112  .12667E+00  .15380E-02    4    1    464      .193      .031
   113  .12821E+00  .15380E-02    4    1    468      .189      .031
   114  .12974E+00  .15380E-02    4    1    472      .187      .031
   115  .13128E+00  .15380E-02    4    1    476      .182      .031
   116  .13282E+00  .15380E-02    4    1    480      .182      .030
   117  .13436E+00  .15380E-02    4    1    484      .183      .030
   118  .13590E+00  .15380E-02    4    1    488      .182      .030
   119  .13743E+00  .15380E-02    4    1    492      .177      .030
   120  .13897E+00  .15380E-02    4    1    496      .164      .029
   121  .14051E+00  .15380E-02    4    1    500      .159      .029
   122  .14205E+00  .15380E-02    4    1    504      .155      .029
   123  .14359E+00  .15380E-02    4    1    508      .157      .029
   124  .14512E+00  .15380E-02    3    1    511      .172      .029
   125  .14712E+00  .19988E-02    4    1    515      .186      .037
   126  .14912E+00  .19988E-02    4    1    519      .195      .037
   127  .15112E+00  .19988E-02    3    1    522      .192      .037
   128  .15372E+00  .26004E-02    4    1    526      .186      .048
   129  .15632E+00  .26004E-02    4    1    530      .181      .048
   130  .15892E+00  .26004E-02    4    1    534      .181      .047
   131  .16152E+00  .26004E-02    4    1    538      .176      .047
   132  .16412E+00  .26004E-02    4    1    542      .159      .046
   133  .16672E+00  .26004E-02    4    1    546      .153      .046
   134  .16932E+00  .26004E-02    4    1    550      .168      .046
   135  .17192E+00  .26004E-02    4    1    554      .185      .045
   136  .17452E+00  .26004E-02    4    1    558      .192      .045
   137  .17712E+00  .26004E-02    4    1    562      .188      .045
   138  .17972E+00  .26004E-02    4    1    566      .182      .044
   139  .18232E+00  .26004E-02    4    1    570      .179      .044
   140  .18493E+00  .26004E-02    4    1    574      .181      .043
   141  .18753E+00  .26004E-02    4    1    578      .177      .043
   142  .19013E+00  .26004E-02    3    1    581      .161      .043
   143  .19350E+00  .33766E-02    4    1    585      .154      .055
   144  .19688E+00  .33766E-02    4    1    589      .174      .055
   145  .20026E+00  .33766E-02    4    1    593      .190      .055
   146  .20363E+00  .33766E-02    4    1    597      .188      .054
   147  .20701E+00  .33766E-02    4    1    601      .179      .054
   148  .21039E+00  .33766E-02    4    1    605      .178      .054
   149  .21376E+00  .33766E-02    4    1    609      .178      .053
   150  .21714E+00  .33766E-02    4    1    613      .168      .053
   151  .22052E+00  .33766E-02    4    1    617      .156      .052
   152  .22389E+00  .33766E-02    4    1    621      .163      .052
   153  .22727E+00  .33766E-02    5    1    626      .182      .051
   154  .23065E+00  .33766E-02    5    1    631      .188      .050
   155  .23402E+00  .33766E-02    4    1    635      .184      .050
   156  .23740E+00  .33766E-02    4    1    639      .176      .050
   157  .24078E+00  .33766E-02    4    1    643      .178      .050
   158  .24415E+00  .33766E-02    4    1    647      .177      .050
   159  .24753E+00  .33766E-02    5    1    652      .168      .050
   160  .25091E+00  .33766E-02    4    1    656      .156      .050
   161  .25428E+00  .33766E-02    4    1    660      .162      .049
   162  .25766E+00  .33766E-02    4    1    664      .180      .049
   163  .26104E+00  .33766E-02    4    1    668      .189      .048
   164  .26441E+00  .33766E-02    4    1    672      .186      .048
   165  .26779E+00  .33766E-02    4    1    676      .179      .047
   166  .27117E+00  .33766E-02    4    1    680      .176      .047
   167  .27454E+00  .33766E-02    4    1    684      .178      .047
   168  .27792E+00  .33766E-02    4    1    688      .175      .046
   169  .28130E+00  .33766E-02    4    1    692      .159      .046
   170  .28467E+00  .33766E-02    4    1    696      .154      .046
   171  .28805E+00  .33766E-02    4    1    700      .169      .046
   172  .29142E+00  .33766E-02    4    1    704      .184      .046
   173  .29480E+00  .33766E-02    4    1    708      .187      .046
   174  .29818E+00  .33766E-02    5    1    713      .183      .046
   175  .30155E+00  .33766E-02    4    1    717      .176      .045
   176  .30493E+00  .33766E-02    4    1    721      .176      .045
   177  .30831E+00  .33766E-02    4    1    725      .177      .045
   178  .31168E+00  .33766E-02    4    1    729      .175      .044
   179  .31506E+00  .33766E-02    4    1    733      .161      .044
   180  .31844E+00  .33766E-02    4    1    737      .155      .044
   181  .32181E+00  .33766E-02    4    1    741      .166      .044
   182  .32519E+00  .33766E-02    4    1    745      .181      .043
   183  .32857E+00  .33766E-02    4    1    749      .188      .043
   184  .33194E+00  .33766E-02    4    1    753      .185      .043
   185  .33532E+00  .33766E-02    4    1    757      .180      .043
   186  .33870E+00  .33766E-02    4    1    761      .172      .043
   187  .34207E+00  .33766E-02    4    1    765      .177      .043
   188  .34545E+00  .33766E-02    4    1    769      .176      .043
   189  .34883E+00  .33766E-02    4    1    773      .171      .042
   190  .35220E+00  .33766E-02    4    1    777      .157      .042
   191  .35558E+00  .33766E-02    4    1    781      .155      .042
   192  .35896E+00  .33766E-02    4    1    785      .171      .042
   193  .36233E+00  .33766E-02    4    1    789      .183      .041
   194  .36571E+00  .33766E-02    4    1    793      .186      .041
   195  .36909E+00  .33766E-02    4    1    797      .183      .041
   196  .37246E+00  .33766E-02    4    1    801      .178      .041
   197  .37584E+00  .33766E-02    4    1    805      .173      .040
   198  .37922E+00  .33766E-02    4    1    809      .176      .040
   199  .38259E+00  .33766E-02    4    1    813      .175      .040
   200  .38597E+00  .33766E-02    4    1    817      .171      .040
   201  .38935E+00  .33766E-02    4    1    821      .157      .040
   202  .39272E+00  .33766E-02    4    1    825      .153      .040
   203  .39610E+00  .33766E-02    4    1    829      .167      .040
   204  .39948E+00  .33766E-02    4    1    833      .181      .040
   205  .40285E+00  .33766E-02    4    1    837      .187      .040
   206  .40623E+00  .33766E-02    4    1    841      .184      .039
   207  .40961E+00  .33766E-02    4    1    845      .180      .039
   208  .41298E+00  .33766E-02    4    1    849      .174      .039
   209  .41636E+00  .33766E-02    4    1    853      .176      .039
   210  .41974E+00  .33766E-02    4    1    857      .177      .039
   211  .42311E+00  .33766E-02    4    1    861      .175      .039
   212  .42649E+00  .33766E-02    4    1    865      .166      .038
   213  .42987E+00  .33766E-02    4    1    869      .156      .038
   214  .43324E+00  .33766E-02    4    1    873      .158      .038
   215  .43662E+00  .33766E-02    4    1    877      .172      .038
   216  .44000E+00  .33766E-02    3    1    880      .183      .038
   217  .44439E+00  .43944E-02    4    1    884      .184      .049
   218  .44879E+00  .43944E-02    3    1    887      .180      .049
   219  .45449E+00  .57030E-02    4    1    891      .172      .063
   220  .46019E+00  .57030E-02    4    1    895      .174      .063
   221  .46589E+00  .57030E-02    4    1    899      .167      .062
   222  .47160E+00  .57030E-02    5    1    904      .152      .062
   223  .47730E+00  .57030E-02    5    1    909      .174      .062
   224  .48300E+00  .57030E-02    4    1    913      .184      .061
   225  .48871E+00  .57030E-02    4    1    917      .179      .061
   226  .49441E+00  .57030E-02    4    1    921      .170      .061
   227  .50011E+00  .57030E-02    4    1    925      .176      .061
   228  .50582E+00  .57030E-02    4    1    929      .170      .060
   229  .51152E+00  .57030E-02    4    1    933      .153      .060
   230  .51722E+00  .57030E-02    5    1    938      .166      .060
   231  .52292E+00  .57030E-02    5    1    943      .183      .059
   232  .52863E+00  .57030E-02    4    1    947      .179      .059
   233  .53433E+00  .57030E-02    4    1    951      .172      .059
   234  .54003E+00  .57030E-02    4    1    955      .172      .059
   235  .54574E+00  .57030E-02    4    1    959      .173      .058
   236  .55144E+00  .57030E-02    4    1    963      .167      .058
   237  .55714E+00  .57030E-02    5    1    968      .151      .058
   238  .56285E+00  .57030E-02    5    1    973      .170      .057
   239  .56855E+00  .57030E-02    4    1    977      .184      .057
   240  .57425E+00  .57030E-02    4    1    981      .177      .057
   241  .57995E+00  .57030E-02    4    1    985      .170      .057
   242  .58566E+00  .57030E-02    4    1    989      .172      .057
   243  .59136E+00  .57030E-02    4    1    993      .173      .057
   244  .59706E+00  .57030E-02    4    1    997      .166      .056
   245  .60277E+00  .57030E-02    4    1   1001      .150      .056
   246  .60847E+00  .57030E-02    5    1   1006      .168      .056
   247  .61417E+00  .57030E-02    4    1   1010      .183      .056
   248  .61987E+00  .57030E-02    4    1   1014      .177      .055
   249  .62558E+00  .57030E-02    4    1   1018      .171      .055
   250  .63128E+00  .57030E-02    4    1   1022      .171      .055
   251  .63698E+00  .57030E-02    4    1   1026      .174      .055
   252  .64269E+00  .57030E-02    4    1   1030      .168      .054
   253  .64839E+00  .57030E-02    4    1   1034      .154      .054
   254  .65409E+00  .57030E-02    4    1   1038      .164      .054
   255  .65980E+00  .57030E-02    4    1   1042      .178      .054
   256  .66550E+00  .57030E-02    4    1   1046      .180      .054
   257  .67120E+00  .57030E-02    4    1   1050      .174      .053
   258  .67690E+00  .57030E-02    4    1   1054      .167      .053
   259  .68261E+00  .57030E-02    4    1   1058      .174      .053
   260  .68831E+00  .57030E-02    4    1   1062      .172      .053
   261  .69401E+00  .57030E-02    4    1   1066      .163      .053
   262  .69972E+00  .57030E-02    4    1   1070      .154      .053
   263  .70542E+00  .57030E-02    4    1   1074      .170      .053
   264  .71112E+00  .57030E-02    4    1   1078      .182      .052
   265  .71683E+00  .57030E-02    4    1   1082      .178      .052
   266  .72253E+00  .57030E-02    4    1   1086      .172      .052
   267  .72823E+00  .57030E-02    4    1   1090      .169      .052
   268  .73393E+00  .57030E-02    4    1   1094      .173      .052
   269  .73964E+00  .57030E-02    4    1   1098      .170      .051
   270  .74534E+00  .57030E-02    4    1   1102      .159      .051
   271  .75104E+00  .57030E-02    4    1   1106      .157      .051
   272  .75675E+00  .57030E-02    4    1   1110      .171      .051
   273  .76245E+00  .57030E-02    4    1   1114      .183      .051
   274  .76815E+00  .57030E-02    4    1   1118      .177      .051
   275  .77386E+00  .57030E-02    4    1   1122      .170      .050
   276  .77956E+00  .57030E-02    4    1   1126      .169      .050
   277  .78526E+00  .57030E-02    5    1   1131      .173      .050
   278  .79096E+00  .57030E-02    4    1   1135      .170      .050
   279  .79667E+00  .57030E-02    4    1   1139      .161      .050
   280  .80237E+00  .57030E-02    4    1   1143      .156      .050
   281  .80807E+00  .57030E-02    4    1   1147      .170      .050
   282  .81378E+00  .57030E-02    5    1   1152      .182      .050
   283  .81948E+00  .57030E-02    4    1   1156      .177      .049
   284  .82518E+00  .57030E-02    4    1   1160      .172      .049
   285  .83088E+00  .57030E-02    4    1   1164      .167      .049
   286  .83659E+00  .57030E-02    4    1   1168      .172      .049
   287  .84229E+00  .57030E-02    4    1   1172      .171      .049
   288  .84799E+00  .57030E-02    4    1   1176      .165      .049
   289  .85370E+00  .57030E-02    4    1   1180      .153      .048
   290  .85940E+00  .57030E-02    4    1   1184      .166      .048
   291  .86510E+00  .57030E-02    4    1   1188      .177      .048
   292  .87081E+00  .57030E-02    4    1   1192      .179      .048
   293  .87651E+00  .57030E-02    4    1   1196      .173      .048
   294  .88221E+00  .57030E-02    4    1   1200      .167      .048
   295  .88791E+00  .57030E-02    4    1   1204      .169      .048
   296  .89362E+00  .57030E-02    5    1   1209      .171      .048
   297  .89932E+00  .57030E-02    4    1   1213      .168      .048
   298  .90502E+00  .57030E-02    4    1   1217      .158      .048
   299  .91073E+00  .57030E-02    4    1   1221      .157      .047
   300  .91643E+00  .57030E-02    4    1   1225      .170      .047
   301  .92213E+00  .57030E-02    4    1   1229      .180      .047
   302  .92784E+00  .57030E-02    4    1   1233      .177      .047
   303  .93354E+00  .57030E-02    4    1   1237      .171      .047
   304  .93924E+00  .57030E-02    4    1   1241      .164      .047
   305  .94494E+00  .57030E-02    4    1   1245      .170      .047
   306  .95065E+00  .57030E-02    4    1   1249      .171      .047
   307  .95635E+00  .57030E-02    4    1   1253      .167      .046
   308  .96205E+00  .57030E-02    4    1   1257      .156      .046
   309  .96776E+00  .57030E-02    3    1   1260      .159      .046
   310  .97518E+00  .74262E-02    4    1   1264      .174      .060
   311  .98261E+00  .74262E-02    4    1   1268      .178      .060
   312  .99004E+00  .74262E-02    4    1   1272      .170      .060
   313  .99746E+00  .74262E-02    4    1   1276      .165      .060
   314  .10049E+01  .74262E-02    4    1   1280      .170      .059
   315  .10123E+01  .74262E-02    4    1   1284      .167      .059
   316  .10197E+01  .74262E-02    4    1   1288      .158      .059
   317  .10272E+01  .74262E-02    4    1   1292      .165      .059
   318  .10346E+01  .74262E-02    4    1   1296      .178      .059
   319  .10420E+01  .74262E-02    4    1   1300      .174      .059
   320  .10494E+01  .74262E-02    4    1   1304      .168      .058
   321  .10569E+01  .74262E-02    4    1   1308      .167      .058
   322  .10643E+01  .74262E-02    4    1   1312      .171      .058
   323  .10717E+01  .74262E-02    4    1   1316      .166      .058
   324  .10792E+01  .74262E-02    4    1   1320      .157      .058
   325  .10866E+01  .74262E-02    4    1   1324      .167      .057
   326  .10940E+01  .74262E-02    4    1   1328      .179      .057
   327  .11014E+01  .74262E-02    4    1   1332      .174      .057
   328  .11089E+01  .74262E-02    4    1   1336      .167      .057
   329  .11163E+01  .74262E-02    4    1   1340      .167      .057
   330  .11237E+01  .74262E-02    4    1   1344      .171      .057
   331  .11311E+01  .74262E-02    4    1   1348      .166      .057
   332  .11386E+01  .74262E-02    4    1   1352      .158      .057
   333  .11460E+01  .74262E-02    4    1   1356      .166      .056
   334  .11534E+01  .74262E-02    3    1   1359      .176      .056
   335  .11630E+01  .96203E-02    4    1   1363      .171      .073
   336  .11727E+01  .96203E-02    5    1   1368      .161      .072
   337  .11823E+01  .96203E-02    4    1   1372      .169      .072
   338  .11919E+01  .96203E-02    5    1   1377      .164      .072
   339  .12015E+01  .96203E-02    4    1   1381      .161      .072
   340  .12111E+01  .96203E-02    5    1   1386      .173      .072
   341  .12208E+01  .96203E-02    4    1   1390      .173      .071
   342  .12304E+01  .96203E-02    5    1   1395      .164      .071
   343  .12400E+01  .96203E-02    5    1   1400      .167      .071
   344  .12496E+01  .96203E-02    4    1   1404      .166      .071
   345  .12592E+01  .96203E-02    4    1   1408      .165      .071
   346  .12689E+01  .96203E-02    4    1   1412      .165      .070
   347  .12785E+01  .96203E-02    4    1   1416      .177      .070
   348  .12881E+01  .96203E-02    4    1   1420      .169      .070
   349  .12977E+01  .96203E-02    5    1   1425      .167      .070
   350  .13073E+01  .96203E-02    4    1   1429      .168      .070
   351  .13170E+01  .96203E-02    4    1   1433      .168      .069
   352  .13266E+01  .96203E-02    4    1   1437      .169      .069
   353  .13362E+01  .96203E-02    4    1   1441      .170      .069
   354  .13458E+01  .96203E-02    4    1   1445      .174      .069
   355  .13554E+01  .96203E-02    4    1   1449      .168      .069
   356  .13651E+01  .96203E-02    5    1   1454      .171      .069
   357  .13747E+01  .96203E-02    4    1   1458      .169      .068
   358  .13843E+01  .96203E-02    5    1   1463      .169      .068
   359  .13939E+01  .96203E-02    4    1   1467      .170      .068
   360  .14035E+01  .96203E-02    4    1   1471      .173      .068
   361  .14132E+01  .96203E-02    4    1   1475      .172      .068
   362  .14228E+01  .96203E-02    4    1   1479      .171      .067
   363  .14324E+01  .96203E-02    4    1   1483      .172      .067
   364  .14420E+01  .96203E-02    5    1   1488      .174      .067
   365  .14516E+01  .96203E-02    5    1   1493      .173      .067
   366  .14613E+01  .96203E-02    4    1   1497      .170      .067
   367  .14709E+01  .96203E-02    4    1   1501      .174      .067
   368  .14805E+01  .96203E-02    4    1   1505      .172      .067
   369  .14901E+01  .96203E-02    4    1   1509      .171      .066
   370  .14997E+01  .96203E-02    4    1   1513      .173      .066
   371  .15094E+01  .96203E-02    4    1   1517      .172      .066
   372  .15190E+01  .96203E-02    4    1   1521      .171      .066
   373  .15286E+01  .96203E-02    4    1   1525      .170      .066
   374  .15382E+01  .96203E-02    4    1   1529      .173      .066
   375  .15478E+01  .96203E-02    4    1   1533      .172      .065
   376  .15575E+01  .96203E-02    4    1   1537      .171      .065
   377  .15671E+01  .96203E-02    4    1   1541      .170      .065
   378  .15767E+01  .96203E-02    4    1   1545      .169      .065
   379  .15863E+01  .96203E-02    4    1   1549      .169      .065
   380  .15959E+01  .96203E-02    4    1   1553      .167      .065
   381  .16056E+01  .96203E-02    4    1   1557      .171      .065
   382  .16152E+01  .96203E-02    4    1   1561      .173      .065
   383  .16248E+01  .96203E-02    4    1   1565      .171      .064
   384  .16344E+01  .96203E-02    4    1   1569      .169      .064
   385  .16440E+01  .96203E-02    4    1   1573      .168      .064
   386  .16537E+01  .96203E-02    4    1   1577      .169      .064
   387  .16633E+01  .96203E-02    4    1   1581      .165      .064
   388  .16729E+01  .96203E-02    4    1   1585      .168      .064
   389  .16825E+01  .96203E-02    4    1   1589      .174      .064
   390  .16922E+01  .96203E-02    4    1   1593      .168      .064
   391  .17018E+01  .96203E-02    4    1   1597      .166      .063
   392  .17114E+01  .96203E-02    4    1   1601      .167      .063
   393  .17210E+01  .96203E-02    4    1   1605      .169      .063
   394  .17306E+01  .96203E-02    4    1   1609      .167      .063
   395  .17403E+01  .96203E-02    4    1   1613      .165      .063
   396  .17499E+01  .96203E-02    4    1   1617      .174      .063
   397  .17595E+01  .96203E-02    4    1   1621      .170      .063
   398  .17691E+01  .96203E-02    4    1   1625      .167      .063
   399  .17787E+01  .96203E-02    4    1   1629      .168      .062
   400  .17884E+01  .96203E-02    4    1   1633      .168      .062
   401  .17980E+01  .96203E-02    5    1   1638      .168      .062
   402  .18076E+01  .96203E-02    4    1   1642      .165      .062
   403  .18172E+01  .96203E-02    4    1   1646      .169      .062
   404  .18268E+01  .96203E-02    3    1   1649      .175      .062
   405  .18392E+01  .12369E-01    4    1   1653      .167      .079
   406  .18516E+01  .12369E-01    4    1   1657      .167      .079
   407  .18639E+01  .12369E-01    4    1   1661      .167      .079
   408  .18763E+01  .12369E-01    5    1   1666      .168      .079
   409  .18887E+01  .12369E-01    5    1   1671      .171      .079
   410  .19010E+01  .12369E-01    4    1   1675      .170      .078
   411  .19134E+01  .12369E-01    4    1   1679      .169      .078
   412  .19258E+01  .12369E-01    4    1   1683      .169      .078
   413  .19382E+01  .12369E-01    4    1   1687      .170      .078
   414  .19505E+01  .12369E-01    5    1   1692      .169      .078
   415  .19629E+01  .12369E-01    5    1   1697      .171      .078
   416  .19753E+01  .12369E-01    4    1   1701      .174      .078
   417  .19876E+01  .12369E-01    4    1   1705      .174      .077
   418  .20000E+01  .12369E-01    4    1   1709      .174      .077
   419  .20126E+01  .12579E-01    4    1   1713      .173      .078
   420  .20252E+01  .12579E-01    5    1   1718      .173      .078
   421  .20377E+01  .12579E-01    4    1   1722      .173      .078
   422  .20503E+01  .12579E-01    4    1   1726      .172      .078
   423  .20629E+01  .12579E-01    4    1   1730      .174      .078
   424  .20755E+01  .12579E-01    4    1   1734      .173      .078
   425  .20881E+01  .12579E-01    4    1   1738      .172      .077
   426  .21006E+01  .12579E-01    5    1   1743      .172      .077
   427  .21132E+01  .12579E-01    5    1   1748      .173      .077
   428  .21258E+01  .12579E-01    4    1   1752      .173      .077
   429  .21384E+01  .12579E-01    4    1   1756      .176      .077
   430  .21509E+01  .12579E-01    4    1   1760      .173      .077
   431  .21635E+01  .12579E-01    4    1   1764      .175      .076
   432  .21761E+01  .12579E-01    5    1   1769      .176      .076
   433  .21887E+01  .12579E-01    5    1   1774      .177      .076
   434  .22013E+01  .12579E-01    4    1   1778      .177      .076
   435  .22138E+01  .12579E-01    4    1   1782      .176      .076
   436  .22264E+01  .12579E-01    5    1   1787      .176      .076
   437  .22390E+01  .12579E-01    4    1   1791      .176      .076
   438  .22516E+01  .12579E-01    4    1   1795      .175      .076
   439  .22642E+01  .12579E-01    4    1   1799      .171      .075
   440  .22767E+01  .12579E-01    4    1   1803      .172      .075
   441  .22893E+01  .12579E-01    4    1   1807      .175      .075
   442  .23019E+01  .12579E-01    4    1   1811      .173      .075
   443  .23145E+01  .12579E-01    4    1   1815      .174      .075
   444  .23270E+01  .12579E-01    4    1   1819      .171      .075
   445  .23396E+01  .12579E-01    5    1   1824      .172      .075
   446  .23522E+01  .12579E-01    5    1   1829      .170      .075
   447  .23648E+01  .12579E-01    4    1   1833      .168      .074
   448  .23774E+01  .12579E-01    4    1   1837      .167      .074
   449  .23899E+01  .12579E-01    4    1   1841      .168      .074
   450  .24025E+01  .12579E-01    4    1   1845      .170      .074
   451  .24151E+01  .12579E-01    5    1   1850      .167      .074
   452  .24277E+01  .12579E-01    4    1   1854      .166      .074
   453  .24403E+01  .12579E-01    4    1   1858      .171      .074
   454  .24528E+01  .12579E-01    4    1   1862      .163      .074
   455  .24654E+01  .12579E-01    4    1   1866      .164      .073
   456  .24780E+01  .12579E-01    4    1   1870      .165      .073
   457  .24906E+01  .12579E-01    4    1   1874      .166      .073
   458  .25031E+01  .12579E-01    5    1   1879      .165      .073
   459  .25157E+01  .12579E-01    5    1   1884      .170      .073
   460  .25283E+01  .12579E-01    4    1   1888      .166      .073
   461  .25409E+01  .12579E-01    4    1   1892      .166      .073
   462  .25535E+01  .12579E-01    4    1   1896      .165      .073
   463  .25660E+01  .12579E-01    4    1   1900      .166      .072
   464  .25786E+01  .12579E-01    4    1   1904      .169      .072
   465  .25912E+01  .12579E-01    4    1   1908      .169      .072
   466  .26038E+01  .12579E-01    4    1   1912      .172      .072
   467  .26164E+01  .12579E-01    4    1   1916      .167      .072
   468  .26289E+01  .12579E-01    4    1   1920      .167      .072
   469  .26415E+01  .12579E-01    4    1   1924      .165      .072
   470  .26541E+01  .12579E-01    4    1   1928      .167      .072
   471  .26667E+01  .12579E-01    4    1   1932      .165      .072
   472  .26792E+01  .12579E-01    5    1   1937      .168      .071
   473  .26918E+01  .12579E-01    4    1   1941      .168      .071
   474  .27044E+01  .12579E-01    4    1   1945      .168      .071
   475  .27170E+01  .12579E-01    4    1   1949      .168      .071
   476  .27296E+01  .12579E-01    4    1   1953      .168      .071
   477  .27421E+01  .12579E-01    4    1   1957      .168      .071
   478  .27547E+01  .12579E-01    5    1   1962      .170      .071
   479  .27673E+01  .12579E-01    5    1   1967      .170      .071
   480  .27799E+01  .12579E-01    4    1   1971      .169      .071
   481  .27925E+01  .12579E-01    4    1   1975      .170      .071
   482  .28050E+01  .12579E-01    4    1   1979      .167      .071
   483  .28176E+01  .12579E-01    4    1   1983      .169      .070
   484  .28302E+01  .12579E-01    4    1   1987      .169      .070
   485  .28428E+01  .12579E-01    4    1   1991      .166      .070
   486  .28553E+01  .12579E-01    5    1   1996      .172      .070
   487  .28679E+01  .12579E-01    4    1   2000      .170      .070
   488  .28805E+01  .12579E-01    4    1   2004      .171      .070
   489  .28931E+01  .12579E-01    4    1   2008      .175      .070
   490  .29057E+01  .12579E-01    4    1   2012      .173      .070
   491  .29182E+01  .12579E-01    4    1   2016      .170      .070
   492  .29308E+01  .12579E-01    4    1   2020      .168      .070
   493  .29434E+01  .12579E-01    5    1   2025      .171      .070
   494  .29560E+01  .12579E-01    4    1   2029      .164      .070
   495  .29686E+01  .12579E-01    4    1   2033      .167      .069
   496  .29811E+01  .12579E-01    4    1   2037      .166      .069
   497  .29937E+01  .12579E-01    4    1   2041      .165      .069
   498  .30063E+01  .12579E-01    4    1   2045      .164      .069
   499  .30189E+01  .12579E-01    4    1   2049      .163      .069
   500  .30314E+01  .12579E-01    5    1   2054      .170      .069
   501  .30440E+01  .12579E-01    4    1   2058      .162      .069
   502  .30566E+01  .12579E-01    4    1   2062      .163      .069
   503  .30692E+01  .12579E-01    4    1   2066      .164      .069
   504  .30818E+01  .12579E-01    4    1   2070      .164      .069
   505  .30943E+01  .12579E-01    4    1   2074      .165      .069
   506  .31069E+01  .12579E-01    4    1   2078      .167      .069
   507  .31195E+01  .12579E-01    5    1   2083      .170      .068
   508  .31321E+01  .12579E-01    4    1   2087      .169      .068
   509  .31447E+01  .12579E-01    4    1   2091      .171      .068
   510  .31572E+01  .12579E-01    4    1   2095      .170      .068
   511  .31698E+01  .12579E-01    4    1   2099      .173      .068
   512  .31824E+01  .12579E-01    4    1   2103      .173      .068
   513  .31950E+01  .12579E-01    4    1   2107      .173      .068
   514  .32075E+01  .12579E-01    5    1   2112      .176      .068
   515  .32201E+01  .12579E-01    4    1   2116      .172      .068
   516  .32327E+01  .12579E-01    4    1   2120      .175      .068
   517  .32453E+01  .12579E-01    4    1   2124      .175      .068
   518  .32579E+01  .12579E-01    4    1   2128      .174      .068
   519  .32704E+01  .12579E-01    4    1   2132      .177      .068
   520  .32830E+01  .12579E-01    4    1   2136      .178      .068
   521  .32956E+01  .12579E-01    5    1   2141      .179      .067
   522  .33082E+01  .12579E-01    4    1   2145      .182      .067
   523  .33208E+01  .12579E-01    4    1   2149      .182      .067
   524  .33333E+01  .12579E-01    4    1   2153      .182      .067
   525  .33459E+01  .12579E-01    4    1   2157      .182      .067
   526  .33585E+01  .12579E-01    4    1   2161      .182      .067
   527  .33711E+01  .12579E-01    4    1   2165      .182      .067
   528  .33836E+01  .12579E-01    4    1   2169      .184      .067
   529  .33962E+01  .12579E-01    4    1   2173      .184      .067
   530  .34088E+01  .12579E-01    4    1   2177      .184      .067
   531  .34214E+01  .12579E-01    4    1   2181      .182      .067
   532  .34340E+01  .12579E-01    3    1   2184      .182      .067
   533  .34501E+01  .16172E-01    4    1   2188      .184      .086
   534  .34663E+01  .16172E-01    4    1   2192      .181      .086
   535  .34825E+01  .16172E-01    5    1   2197      .182      .085
   536  .34987E+01  .16172E-01    4    1   2201      .179      .085
   537  .35148E+01  .16173E-01    4    1   2205      .180      .085
   538  .35310E+01  .16173E-01    4    1   2209      .179      .085
   539  .35472E+01  .16173E-01    4    1   2213      .178      .085
   540  .35633E+01  .16173E-01    4    1   2217      .178      .085
   541  .35795E+01  .16173E-01    5    1   2222      .178      .085
   542  .35957E+01  .16173E-01    5    1   2227      .176      .085
   543  .36119E+01  .16173E-01    5    1   2232      .179      .085
   544  .36280E+01  .16173E-01    4    1   2236      .182      .085
   545  .36442E+01  .16173E-01    4    1   2240      .181      .085
   546  .36604E+01  .16173E-01    5    1   2245      .180      .084
   547  .36765E+01  .16173E-01    5    1   2250      .182      .084
   548  .36927E+01  .16173E-01    5    1   2255      .181      .084
   549  .37089E+01  .16173E-01    4    1   2259      .184      .084
   550  .37251E+01  .16173E-01    4    1   2263      .181      .084
   551  .37412E+01  .16173E-01    4    1   2267      .181      .084
   552  .37574E+01  .16173E-01    5    1   2272      .181      .084
   553  .37736E+01  .16173E-01    4    1   2276      .181      .084
   554  .37898E+01  .16173E-01    4    1   2280      .181      .084
   555  .38059E+01  .16173E-01    4    1   2284      .183      .084
   556  .38221E+01  .16173E-01    4    1   2288      .185      .084
   557  .38383E+01  .16173E-01    4    1   2292      .182      .083
   558  .38544E+01  .16173E-01    5    1   2297      .183      .083
   559  .38706E+01  .16173E-01    4    1   2301      .183      .083
   560  .38868E+01  .16173E-01    4    1   2305      .183      .083
   561  .39030E+01  .16173E-01    4    1   2309      .183      .083
   562  .39191E+01  .16173E-01    4    1   2313      .182      .083
   563  .39353E+01  .16173E-01    4    1   2317      .183      .083
   564  .39515E+01  .16173E-01    5    1   2322      .185      .083
   565  .39677E+01  .16173E-01    4    1   2326      .187      .083
   566  .39838E+01  .16173E-01    4    1   2330      .186      .083
   567  .40000E+01  .16172E-01    4    1   2334      .186      .083
   568  .40163E+01  .16260E-01    4    1   2338      .187      .083
   569  .40325E+01  .16260E-01    4    1   2342      .187      .083
   570  .40488E+01  .16260E-01    5    1   2347      .186      .083
   571  .40650E+01  .16260E-01    4    1   2351      .188      .083
   572  .40813E+01  .16260E-01    4    1   2355      .189      .083
   573  .40976E+01  .16260E-01    4    1   2359      .187      .083
   574  .41138E+01  .16260E-01    4    1   2363      .186      .082
   575  .41301E+01  .16260E-01    5    1   2368      .188      .082
   576  .41463E+01  .16260E-01    5    1   2373      .186      .082
   577  .41626E+01  .16260E-01    4    1   2377      .185      .082
   578  .41789E+01  .16260E-01    4    1   2381      .187      .082
   579  .41951E+01  .16260E-01    4    1   2385      .189      .082
   580  .42114E+01  .16260E-01    4    1   2389      .189      .082
   581  .42276E+01  .16260E-01    5    1   2394      .188      .082
   582  .42439E+01  .16260E-01    5    1   2399      .190      .082
   583  .42602E+01  .16260E-01    4    1   2403      .189      .082
   584  .42764E+01  .16260E-01    4    1   2407      .190      .082
   585  .42927E+01  .16260E-01    4    1   2411      .190      .082
   586  .43089E+01  .16260E-01    4    1   2415      .191      .082
   587  .43252E+01  .16260E-01    4    1   2419      .193      .082
   588  .43415E+01  .16260E-01    5    1   2424      .193      .081
   589  .43577E+01  .16260E-01    4    1   2428      .190      .081
   590  .43740E+01  .16260E-01    4    1   2432      .188      .081
   591  .43902E+01  .16260E-01    4    1   2436      .192      .081
   592  .44065E+01  .16260E-01    4    1   2440      .189      .081
   593  .44228E+01  .16260E-01    4    1   2444      .192      .081
   594  .44390E+01  .16260E-01    5    1   2449      .191      .081
   595  .44553E+01  .16260E-01    4    1   2453      .192      .081
   596  .44715E+01  .16260E-01    4    1   2457      .192      .081
   597  .44878E+01  .16260E-01    4    1   2461      .191      .081
   598  .45041E+01  .16260E-01    4    1   2465      .193      .081
   599  .45203E+01  .16260E-01    4    1   2469      .190      .081
   600  .45366E+01  .16260E-01    5    1   2474      .189      .081
   601  .45528E+01  .16260E-01    4    1   2478      .187      .081
   602  .45691E+01  .16260E-01    4    1   2482      .190      .081
   603  .45854E+01  .16260E-01    4    1   2486      .194      .080
   604  .46016E+01  .16260E-01    4    1   2490      .189      .080
   605  .46179E+01  .16260E-01    4    1   2494      .192      .080
   606  .46341E+01  .16260E-01    4    1   2498      .190      .080
   607  .46504E+01  .16260E-01    4    1   2502      .186      .080
   608  .46667E+01  .16260E-01    4    1   2506      .186      .080
   609  .46829E+01  .16260E-01    4    1   2510      .187      .080
   610  .46992E+01  .16260E-01    4    1   2514      .183      .080
   611  .47154E+01  .16260E-01    4    1   2518      .186      .080
   612  .47317E+01  .16260E-01    4    1   2522      .187      .080
   613  .47480E+01  .16260E-01    4    1   2526      .186      .080
   614  .47642E+01  .16260E-01    4    1   2530      .181      .080
   615  .47805E+01  .16260E-01    4    1   2534      .183      .080
   616  .47967E+01  .16260E-01    4    1   2538      .184      .080
   617  .48130E+01  .16260E-01    4    1   2542      .180      .080
   618  .48293E+01  .16260E-01    4    1   2546      .183      .080
   619  .48455E+01  .16260E-01    5    1   2551      .181      .079
   620  .48618E+01  .16260E-01    5    1   2556      .184      .079
   621  .48780E+01  .16260E-01    5    1   2561      .182      .079
   622  .48943E+01  .16260E-01    4    1   2565      .181      .079
   623  .49106E+01  .16260E-01    4    1   2569      .184      .079
   624  .49268E+01  .16260E-01    4    1   2573      .182      .079
   625  .49431E+01  .16260E-01    5    1   2578      .183      .079
   626  .49593E+01  .16260E-01    4    1   2582      .186      .079
   627  .49756E+01  .16260E-01    4    1   2586      .187      .079
   628  .49919E+01  .16260E-01    4    1   2590      .184      .079
   629  .50081E+01  .16260E-01    4    1   2594      .184      .079
   630  .50244E+01  .16260E-01    4    1   2598      .181      .079
   631  .50406E+01  .16260E-01    4    1   2602      .180      .079
   632  .50569E+01  .16260E-01    4    1   2606      .183      .079
   633  .50732E+01  .16260E-01    4    1   2610      .180      .079
   634  .50894E+01  .16260E-01    4    1   2614      .184      .079
   635  .51057E+01  .16260E-01    4    1   2618      .185      .079
   636  .51220E+01  .16260E-01    4    1   2622      .183      .079
   637  .51382E+01  .16260E-01    4    1   2626      .181      .079
   638  .51545E+01  .16260E-01    5    1   2631      .184      .078
   639  .51707E+01  .16260E-01    4    1   2635      .182      .078
   640  .51870E+01  .16260E-01    5    1   2640      .180      .078
   641  .52033E+01  .16260E-01    4    1   2644      .183      .078
   642  .52195E+01  .16260E-01    4    1   2648      .183      .078
   643  .52358E+01  .16260E-01    4    1   2652      .184      .078
   644  .52520E+01  .16260E-01    5    1   2657      .179      .078
   645  .52683E+01  .16260E-01    4    1   2661      .179      .078
   646  .52846E+01  .16260E-01    4    1   2665      .182      .078
   647  .53008E+01  .16260E-01    4    1   2669      .178      .078
   648  .53171E+01  .16260E-01    4    1   2673      .180      .078
   649  .53333E+01  .16260E-01    4    1   2677      .176      .078
   650  .53496E+01  .16260E-01    4    1   2681      .175      .078
   651  .53659E+01  .16260E-01    4    1   2685      .177      .078
   652  .53821E+01  .16260E-01    4    1   2689      .175      .078
   653  .53984E+01  .16260E-01    4    1   2693      .177      .078
   654  .54146E+01  .16260E-01    4    1   2697      .175      .078
   655  .54309E+01  .16260E-01    4    1   2701      .180      .078
   656  .54472E+01  .16260E-01    4    1   2705      .181      .078
   657  .54634E+01  .16260E-01    4    1   2709      .181      .078
   658  .54797E+01  .16260E-01    4    1   2713      .185      .078
   659  .54959E+01  .16260E-01    4    1   2717      .185      .077
   660  .55122E+01  .16260E-01    4    1   2721      .182      .077
   661  .55285E+01  .16260E-01    4    1   2725      .182      .077
   662  .55447E+01  .16260E-01    4    1   2729      .187      .077
   663  .55610E+01  .16260E-01    4    1   2733      .186      .077
   664  .55772E+01  .16260E-01    4    1   2737      .187      .077
   665  .55935E+01  .16260E-01    4    1   2741      .188      .077
   666  .56098E+01  .16260E-01    4    1   2745      .192      .077
   667  .56260E+01  .16260E-01    4    1   2749      .192      .077
   668  .56423E+01  .16260E-01    4    1   2753      .192      .077
   669  .56585E+01  .16260E-01    4    1   2757      .194      .077
   670  .56748E+01  .16260E-01    4    1   2761      .197      .077
   671  .56911E+01  .16260E-01    4    1   2765      .194      .077
   672  .57073E+01  .16260E-01    4    1   2769      .194      .077
   673  .57236E+01  .16260E-01    4    1   2773      .195      .077
   674  .57398E+01  .16260E-01    4    1   2777      .199      .077
   675  .57561E+01  .16260E-01    4    1   2781      .196      .077
   676  .57724E+01  .16260E-01    4    1   2785      .198      .077
   677  .57886E+01  .16260E-01    4    1   2789      .195      .077
   678  .58049E+01  .16260E-01    4    1   2793      .197      .077
   679  .58211E+01  .16260E-01    4    1   2797      .198      .077
   680  .58374E+01  .16260E-01    4    1   2801      .198      .077
   681  .58537E+01  .16260E-01    4    1   2805      .200      .077
   682  .58699E+01  .16260E-01    4    1   2809      .200      .076
   683  .58862E+01  .16260E-01    4    1   2813      .203      .076
   684  .59024E+01  .16260E-01    4    1   2817      .203      .076
   685  .59187E+01  .16260E-01    4    1   2821      .203      .076
   686  .59350E+01  .16260E-01    4    1   2825      .205      .076
   687  .59512E+01  .16260E-01    4    1   2829      .208      .076
   688  .59675E+01  .16260E-01    4    1   2833      .209      .076
   689  .59837E+01  .16260E-01    4    1   2837      .210      .076
   690  .60000E+01  .16260E-01    4    1   2841      .208      .076
   691  .60163E+01  .16260E-01    4    1   2845      .208      .076
   692  .60325E+01  .16260E-01    5    1   2850      .208      .076
   693  .60488E+01  .16260E-01    4    1   2854      .207      .076
   694  .60650E+01  .16260E-01    4    1   2858      .205      .076
   695  .60813E+01  .16260E-01    4    1   2862      .201      .076
   696  .60976E+01  .16260E-01    4    1   2866      .203      .076
   697  .61138E+01  .16260E-01    4    1   2870      .206      .076
   698  .61301E+01  .16260E-01    4    1   2874      .205      .076
   699  .61463E+01  .16260E-01    4    1   2878      .205      .076
   700  .61626E+01  .16260E-01    4    1   2882      .207      .076
   701  .61789E+01  .16260E-01    4    1   2886      .207      .076
   702  .61951E+01  .16260E-01    4    1   2890      .207      .076
   703  .62114E+01  .16260E-01    4    1   2894      .208      .076
   704  .62276E+01  .16260E-01    4    1   2898      .207      .076
   705  .62439E+01  .16260E-01    4    1   2902      .209      .076
   706  .62602E+01  .16260E-01    4    1   2906      .209      .076
   707  .62764E+01  .16260E-01    4    1   2910      .209      .076
   708  .62927E+01  .16260E-01    4    1   2914      .208      .076
   709  .63089E+01  .16260E-01    4    1   2918      .210      .075
   710  .63252E+01  .16260E-01    4    1   2922      .210      .075
   711  .63415E+01  .16260E-01    4    1   2926      .210      .075
   712  .63577E+01  .16260E-01    5    1   2931      .210      .075
   713  .63740E+01  .16260E-01    4    1   2935      .208      .075
   714  .63902E+01  .16260E-01    4    1   2939      .207      .075
   715  .64065E+01  .16260E-01    4    1   2943      .205      .075
   716  .64228E+01  .16260E-01    4    1   2947      .205      .075
   717  .64390E+01  .16260E-01    4    1   2951      .205      .075
   718  .64553E+01  .16260E-01    4    1   2955      .204      .075
   719  .64715E+01  .16260E-01    4    1   2959      .202      .075
   720  .64878E+01  .16260E-01    4    1   2963      .202      .075
   721  .65041E+01  .16260E-01    4    1   2967      .202      .075
   722  .65203E+01  .16260E-01    4    1   2971      .203      .075
   723  .65366E+01  .16260E-01    4    1   2975      .200      .075
   724  .65528E+01  .16260E-01    4    1   2979      .197      .075
   725  .65691E+01  .16260E-01    4    1   2983      .198      .075
   726  .65854E+01  .16260E-01    4    1   2987      .200      .075
   727  .66016E+01  .16260E-01    4    1   2991      .197      .075
   728  .66179E+01  .16260E-01    4    1   2995      .194      .075
   729  .66341E+01  .16260E-01    4    1   2999      .195      .075
   730  .66504E+01  .16260E-01    4    1   3003      .191      .075
   731  .66667E+01  .16260E-01    4    1   3007      .190      .075
   732  .66829E+01  .16260E-01    4    1   3011      .193      .075
   733  .66992E+01  .16260E-01    4    1   3015      .189      .075
   734  .67154E+01  .16260E-01    4    1   3019      .189      .075
   735  .67317E+01  .16260E-01    4    1   3023      .187      .075
   736  .67480E+01  .16260E-01    4    1   3027      .189      .075
   737  .67642E+01  .16260E-01    4    1   3031      .188      .075
   738  .67805E+01  .16260E-01    4    1   3035      .189      .075
   739  .67967E+01  .16260E-01    5    1   3040      .190      .075
   740  .68130E+01  .16260E-01    4    1   3044      .186      .075
   741  .68293E+01  .16260E-01    4    1   3048      .186      .074
   742  .68455E+01  .16260E-01    4    1   3052      .182      .074
   743  .68618E+01  .16260E-01    4    1   3056      .186      .074
   744  .68780E+01  .16260E-01    4    1   3060      .186      .074
   745  .68943E+01  .16260E-01    4    1   3064      .186      .074
   746  .69106E+01  .16260E-01    4    1   3068      .186      .074
   747  .69268E+01  .16260E-01    4    1   3072      .187      .074
   748  .69431E+01  .16260E-01    4    1   3076      .188      .074
   749  .69593E+01  .16260E-01    4    1   3080      .188      .074
   750  .69756E+01  .16260E-01    4    1   3084      .186      .074
   751  .69919E+01  .16260E-01    4    1   3088      .190      .074
   752  .70081E+01  .16260E-01    4    1   3092      .189      .074
   753  .70244E+01  .16260E-01    4    1   3096      .189      .074
   754  .70406E+01  .16260E-01    4    1   3100      .189      .074
   755  .70569E+01  .16260E-01    4    1   3104      .189      .074
   756  .70732E+01  .16260E-01    4    1   3108      .189      .074
   757  .70894E+01  .16260E-01    4    1   3112      .190      .074
   758  .71057E+01  .16260E-01    4    1   3116      .191      .074
   759  .71220E+01  .16260E-01    4    1   3120      .191      .074
   760  .71382E+01  .16260E-01    4    1   3124      .191      .074
   761  .71545E+01  .16260E-01    4    1   3128      .191      .074
   762  .71707E+01  .16260E-01    4    1   3132      .189      .074
   763  .71870E+01  .16260E-01    4    1   3136      .190      .074
   764  .72033E+01  .16260E-01    4    1   3140      .187      .074
   765  .72195E+01  .16260E-01    4    1   3144      .187      .074
   766  .72358E+01  .16260E-01    4    1   3148      .187      .074
   767  .72520E+01  .16260E-01    4    1   3152      .191      .074
   768  .72683E+01  .16260E-01    4    1   3156      .190      .074
   769  .72846E+01  .16260E-01    4    1   3160      .191      .074
   770  .73008E+01  .16260E-01    4    1   3164      .191      .074
   771  .73171E+01  .16260E-01    4    1   3168      .188      .074
   772  .73333E+01  .16260E-01    4    1   3172      .188      .074
   773  .73496E+01  .16260E-01    4    1   3176      .190      .074
   774  .73659E+01  .16260E-01    4    1   3180      .189      .074
   775  .73821E+01  .16260E-01    4    1   3184      .191      .074
   776  .73984E+01  .16260E-01    4    1   3188      .189      .074
   777  .74146E+01  .16260E-01    4    1   3192      .189      .074
   778  .74309E+01  .16260E-01    4    1   3196      .189      .073
   779  .74472E+01  .16260E-01    4    1   3200      .189      .073
   780  .74634E+01  .16260E-01    4    1   3204      .192      .073
   781  .74797E+01  .16260E-01    4    1   3208      .189      .073
   782  .74959E+01  .16260E-01    4    1   3212      .189      .073
   783  .75122E+01  .16260E-01    4    1   3216      .189      .073
   784  .75285E+01  .16260E-01    4    1   3220      .189      .073
   785  .75447E+01  .16260E-01    4    1   3224      .191      .073
   786  .75610E+01  .16260E-01    4    1   3228      .190      .073
   787  .75772E+01  .16260E-01    4    1   3232      .193      .073
   788  .75935E+01  .16260E-01    4    1   3236      .194      .073
   789  .76098E+01  .16260E-01    4    1   3240      .190      .073
   790  .76260E+01  .16260E-01    4    1   3244      .191      .073
   791  .76423E+01  .16260E-01    4    1   3248      .190      .073
   792  .76585E+01  .16260E-01    4    1   3252      .192      .073
   793  .76748E+01  .16260E-01    4    1   3256      .193      .073
   794  .76911E+01  .16260E-01    4    1   3260      .193      .073
   795  .77073E+01  .16260E-01    4    1   3264      .192      .073
   796  .77236E+01  .16260E-01    4    1   3268      .191      .073
   797  .77398E+01  .16260E-01    4    1   3272      .194      .073
   798  .77561E+01  .16260E-01    4    1   3276      .194      .073
   799  .77724E+01  .16260E-01    4    1   3280      .193      .073
   800  .77886E+01  .16260E-01    4    1   3284      .191      .073
   801  .78049E+01  .16260E-01    4    1   3288      .191      .073
   802  .78211E+01  .16260E-01    4    1   3292      .191      .073
   803  .78374E+01  .16260E-01    4    1   3296      .190      .073
   804  .78537E+01  .16260E-01    4    1   3300      .192      .073
   805  .78699E+01  .16260E-01    4    1   3304      .191      .073
   806  .78862E+01  .16260E-01    4    1   3308      .190      .073
   807  .79024E+01  .16260E-01    4    1   3312      .190      .073
   808  .79187E+01  .16260E-01    4    1   3316      .191      .073
   809  .79350E+01  .16260E-01    4    1   3320      .188      .073
   810  .79512E+01  .16260E-01    4    1   3324      .189      .073
   811  .79675E+01  .16260E-01    4    1   3328      .186      .073
   812  .79837E+01  .16260E-01    4    1   3332      .188      .073
   813  .80000E+01  .16260E-01    4    1   3336      .184      .073
   814  .80163E+01  .16260E-01    4    1   3340      .183      .073
   815  .80325E+01  .16260E-01    4    1   3344      .185      .073
   816  .80488E+01  .16260E-01    4    1   3348      .186      .073
   817  .80650E+01  .16260E-01    4    1   3352      .182      .073
   818  .80813E+01  .16260E-01    4    1   3356      .185      .073
   819  .80976E+01  .16260E-01    4    1   3360      .187      .073
   820  .81138E+01  .16260E-01    4    1   3364      .185      .073
   821  .81301E+01  .16260E-01    4    1   3368      .187      .073
   822  .81463E+01  .16260E-01    4    1   3372      .185      .073
   823  .81626E+01  .16260E-01    4    1   3376      .185      .072
   824  .81789E+01  .16260E-01    4    1   3380      .188      .072
   825  .81951E+01  .16260E-01    4    1   3384      .187      .072
   826  .82114E+01  .16260E-01    4    1   3388      .186      .072
   827  .82276E+01  .16260E-01    4    1   3392      .186      .072
   828  .82439E+01  .16260E-01    4    1   3396      .187      .072
   829  .82602E+01  .16260E-01    4    1   3400      .187      .072
   830  .82764E+01  .16260E-01    4    1   3404      .187      .072
   831  .82927E+01  .16260E-01    4    1   3408      .189      .072
   832  .83089E+01  .16260E-01    4    1   3412      .187      .072
   833  .83252E+01  .16260E-01    4    1   3416      .188      .072
   834  .83415E+01  .16260E-01    4    1   3420      .187      .072
   835  .83577E+01  .16260E-01    4    1   3424      .188      .072
   836  .83740E+01  .16260E-01    4    1   3428      .188      .072
   837  .83902E+01  .16260E-01    4    1   3432      .188      .072
   838  .84065E+01  .16260E-01    4    1   3436      .188      .072
   839  .84228E+01  .16260E-01    4    1   3440      .189      .072
   840  .84390E+01  .16260E-01    4    1   3444      .187      .072
   841  .84553E+01  .16260E-01    4    1   3448      .187      .072
   842  .84715E+01  .16260E-01    4    1   3452      .188      .072
   843  .84878E+01  .16260E-01    5    1   3457      .187      .072
   844  .85041E+01  .16260E-01    4    1   3461      .188      .072
   845  .85203E+01  .16260E-01    4    1   3465      .185      .072
   846  .85366E+01  .16260E-01    4    1   3469      .182      .072
   847  .85528E+01  .16260E-01    4    1   3473      .183      .072
   848  .85691E+01  .16260E-01    4    1   3477      .180      .072
   849  .85854E+01  .16260E-01    4    1   3481      .182      .072
   850  .86016E+01  .16260E-01    4    1   3485      .182      .072
   851  .86179E+01  .16260E-01    4    1   3489      .183      .072
   852  .86341E+01  .16260E-01    4    1   3493      .183      .072
   853  .86504E+01  .16260E-01    4    1   3497      .182      .072
   854  .86667E+01  .16260E-01    4    1   3501      .182      .072
   855  .86829E+01  .16260E-01    4    1   3505      .182      .072
   856  .86992E+01  .16260E-01    4    1   3509      .181      .072
   857  .87154E+01  .16260E-01    4    1   3513      .181      .072
   858  .87317E+01  .16260E-01    4    1   3517      .182      .072
   859  .87480E+01  .16260E-01    4    1   3521      .181      .072
   860  .87642E+01  .16260E-01    3    1   3524      .182      .072
   861  .87855E+01  .21306E-01    4    1   3528      .180      .094
   862  .88068E+01  .21306E-01    4    1   3532      .184      .094
   863  .88281E+01  .21306E-01    4    1   3536      .181      .094
   864  .88495E+01  .21306E-01    5    1   3541      .182      .094
   865  .88708E+01  .21306E-01    5    1   3546      .180      .094
   866  .88921E+01  .21306E-01    4    1   3550      .177      .094
   867  .89134E+01  .21306E-01    4    1   3554      .180      .094
   868  .89347E+01  .21306E-01    4    1   3558      .177      .094
   869  .89560E+01  .21306E-01    5    1   3563      .176      .094
   870  .89773E+01  .21307E-01    4    1   3567      .175      .094
   871  .89986E+01  .21307E-01    4    1   3571      .173      .094
   872  .90199E+01  .21307E-01    4    1   3575      .174      .094
   873  .90412E+01  .21307E-01    4    1   3579      .173      .094
   874  .90625E+01  .21307E-01    4    1   3583      .176      .094
   875  .90838E+01  .21307E-01    5    1   3588      .176      .094
   876  .91051E+01  .21307E-01    4    1   3592      .178      .094
   877  .91264E+01  .21307E-01    4    1   3596      .175      .094
   878  .91477E+01  .21307E-01    4    1   3600      .172      .094
   879  .91690E+01  .21307E-01    4    1   3604      .175      .094
   880  .91904E+01  .21307E-01    5    1   3609      .171      .094
   881  .92117E+01  .21307E-01    4    1   3613      .173      .093
   882  .92330E+01  .21307E-01    4    1   3617      .174      .093
   883  .92543E+01  .21307E-01    4    1   3621      .170      .093
   884  .92756E+01  .21307E-01    4    1   3625      .170      .093
   885  .92969E+01  .21307E-01    4    1   3629      .173      .093
   886  .93182E+01  .21307E-01    4    1   3633      .173      .093
   887  .93395E+01  .21307E-01    4    1   3637      .170      .093
   888  .93608E+01  .21306E-01    4    1   3641      .171      .093
   889  .93821E+01  .21307E-01    4    1   3645      .174      .093
   890  .94034E+01  .21307E-01    4    1   3649      .172      .093
   891  .94247E+01  .21307E-01    5    1   3654      .173      .093
   892  .94460E+01  .21306E-01    5    1   3659      .170      .093
   893  .94673E+01  .21307E-01    4    1   3663      .169      .093
   894  .94886E+01  .21307E-01    4    1   3667      .169      .093
   895  .95100E+01  .21307E-01    4    1   3671      .177      .093
   896  .95313E+01  .21306E-01    4    1   3675      .170      .093
   897  .95526E+01  .21307E-01    5    1   3680      .170      .093
   898  .95739E+01  .21307E-01    4    1   3684      .164      .093
   899  .95952E+01  .21307E-01    4    1   3688      .169      .093
   900  .96165E+01  .21306E-01    4    1   3692      .160      .093
   901  .96378E+01  .21307E-01    4    1   3696      .165      .093
   902  .96591E+01  .21307E-01    5    1   3701      .164      .093
   903  .96804E+01  .21307E-01    5    1   3706      .161      .093
   904  .97017E+01  .21306E-01    4    1   3710      .161      .093
   905  .97230E+01  .21307E-01    4    1   3714      .158      .093
   906  .97443E+01  .21307E-01    4    1   3718      .156      .093
   907  .97656E+01  .21307E-01    4    1   3722      .158      .093
   908  .97869E+01  .21306E-01    5    1   3727      .160      .093
   909  .98082E+01  .21307E-01    5    1   3732      .161      .093
   910  .98295E+01  .21307E-01    4    1   3736      .164      .093
   911  .98509E+01  .21307E-01    4    1   3740      .161      .093
   912  .98722E+01  .21306E-01    4    1   3744      .157      .093
   913  .98935E+01  .21307E-01    4    1   3748      .162      .093
   914  .99148E+01  .21307E-01    5    1   3753      .162      .093
   915  .99361E+01  .21307E-01    4    1   3757      .163      .093
   916  .99574E+01  .21306E-01    4    1   3761      .163      .093
   917  .99787E+01  .21307E-01    4    1   3765      .161      .093
   918  .10000E+02  .21307E-01    4    1   3769      .166      .093
   919  .10021E+02  .21277E-01    5    1   3774      .166      .092
   920  .10043E+02  .21277E-01    4    1   3778      .166      .092
   921  .10064E+02  .21277E-01    4    1   3782      .166      .092
   922  .10085E+02  .21277E-01    4    1   3786      .163      .092
   923  .10106E+02  .21277E-01    4    1   3790      .163      .092
   924  .10128E+02  .21277E-01    4    1   3794      .163      .092
   925  .10149E+02  .21277E-01    5    1   3799      .165      .092
   926  .10170E+02  .21277E-01    4    1   3803      .165      .092
   927  .10191E+02  .21277E-01    4    1   3807      .164      .092
   928  .10213E+02  .21277E-01    4    1   3811      .160      .092
   929  .10234E+02  .21277E-01    4    1   3815      .164      .092
   930  .10255E+02  .21277E-01    4    1   3819      .169      .092
   931  .10277E+02  .21277E-01    4    1   3823      .174      .092
   932  .10298E+02  .21277E-01    4    1   3827      .175      .092
   933  .10319E+02  .21277E-01    4    1   3831      .175      .092
   934  .10340E+02  .21277E-01    4    1   3835      .174      .092
   935  .10362E+02  .21277E-01    4    1   3839      .179      .092
   936  .10383E+02  .21277E-01    5    1   3844      .184      .092
   937  .10404E+02  .21277E-01    4    1   3848      .184      .092
   938  .10426E+02  .21277E-01    4    1   3852      .179      .092
   939  .10447E+02  .21277E-01    4    1   3856      .183      .092
   940  .10468E+02  .21277E-01    4    1   3860      .181      .092
   941  .10489E+02  .21277E-01    4    1   3864      .180      .092
   942  .10511E+02  .21277E-01    5    1   3869      .186      .092
   943  .10532E+02  .21277E-01    4    1   3873      .180      .092
   944  .10553E+02  .21277E-01    4    1   3877      .181      .092
   945  .10574E+02  .21277E-01    4    1   3881      .180      .092
   946  .10596E+02  .21277E-01    4    1   3885      .185      .092
   947  .10617E+02  .21277E-01    4    1   3889      .188      .092
   948  .10638E+02  .21277E-01    4    1   3893      .187      .092
   949  .10660E+02  .21277E-01    4    1   3897      .185      .092
   950  .10681E+02  .21277E-01    4    1   3901      .189      .092
   951  .10702E+02  .21277E-01    4    1   3905      .190      .092
   952  .10723E+02  .21277E-01    4    1   3909      .193      .092
   953  .10745E+02  .21277E-01    4    1   3913      .190      .092
   954  .10766E+02  .21277E-01    5    1   3918      .191      .092
   955  .10787E+02  .21277E-01    4    1   3922      .189      .092
   956  .10809E+02  .21277E-01    4    1   3926      .191      .092
   957  .10830E+02  .21277E-01    4    1   3930      .190      .092
   958  .10851E+02  .21277E-01    4    1   3934      .190      .092
   959  .10872E+02  .21277E-01    5    1   3939      .191      .092
   960  .10894E+02  .21277E-01    5    1   3944      .189      .092
   961  .10915E+02  .21277E-01    4    1   3948      .187      .092
   962  .10936E+02  .21277E-01    4    1   3952      .184      .092
   963  .10957E+02  .21277E-01    4    1   3956      .189      .092
   964  .10979E+02  .21277E-01    4    1   3960      .184      .092
   965  .11000E+02  .21277E-01    4    1   3964      .186      .092
   966  .11021E+02  .21277E-01    4    1   3968      .187      .092
   967  .11043E+02  .21277E-01    4    1   3972      .187      .092
   968  .11064E+02  .21277E-01    4    1   3976      .185      .092
   969  .11085E+02  .21277E-01    4    1   3980      .182      .091
   970  .11106E+02  .21277E-01    4    1   3984      .182      .091
   971  .11128E+02  .21277E-01    5    1   3989      .183      .091
   972  .11149E+02  .21277E-01    4    1   3993      .184      .091
   973  .11170E+02  .21277E-01    4    1   3997      .184      .091
   974  .11191E+02  .21277E-01    4    1   4001      .187      .091
   975  .11213E+02  .21277E-01    4    1   4005      .181      .091
   976  .11234E+02  .21277E-01    5    1   4010      .180      .091
   977  .11255E+02  .21277E-01    4    1   4014      .184      .091
   978  .11277E+02  .21277E-01    4    1   4018      .178      .091
   979  .11298E+02  .21277E-01    4    1   4022      .179      .091
   980  .11319E+02  .21277E-01    4    1   4026      .178      .091
   981  .11340E+02  .21277E-01    4    1   4030      .181      .091
   982  .11362E+02  .21277E-01    4    1   4034      .179      .091
   983  .11383E+02  .21277E-01    4    1   4038      .184      .091
   984  .11404E+02  .21277E-01    4    1   4042      .186      .091
   985  .11426E+02  .21277E-01    4    1   4046      .188      .091
   986  .11447E+02  .21277E-01    4    1   4050      .182      .091
   987  .11468E+02  .21277E-01    4    1   4054      .181      .091
   988  .11489E+02  .21277E-01    4    1   4058      .180      .091
   989  .11511E+02  .21277E-01    4    1   4062      .173      .091
   990  .11532E+02  .21277E-01    4    1   4066      .174      .091
   991  .11553E+02  .21277E-01    4    1   4070      .178      .091
   992  .11574E+02  .21277E-01    4    1   4074      .179      .091
   993  .11596E+02  .21277E-01    4    1   4078      .177      .091
   994  .11617E+02  .21277E-01    5    1   4083      .179      .091
   995  .11638E+02  .21277E-01    4    1   4087      .178      .091
   996  .11660E+02  .21277E-01    4    1   4091      .182      .091
   997  .11681E+02  .21277E-01    4    1   4095      .181      .091
   998  .11702E+02  .21277E-01    4    1   4099      .179      .091
   999  .11723E+02  .21277E-01    5    1   4104      .181      .091
  1000  .11745E+02  .21277E-01    4    1   4108      .179      .091
  1001  .11766E+02  .21277E-01    4    1   4112      .170      .091
  1002  .11787E+02  .21277E-01    4    1   4116      .173      .091
  1003  .11809E+02  .21277E-01    4    1   4120      .177      .091
  1004  .11830E+02  .21277E-01    4    1   4124      .183      .091
  1005  .11851E+02  .21277E-01    4    1   4128      .186      .091
  1006  .11872E+02  .21277E-01    5    1   4133      .185      .091
  1007  .11894E+02  .21277E-01    4    1   4137      .181      .091
  1008  .11915E+02  .21277E-01    4    1   4141      .182      .091
  1009  .11936E+02  .21277E-01    4    1   4145      .181      .091
  1010  .11957E+02  .21277E-01    4    1   4149      .181      .091
  1011  .11979E+02  .21277E-01    4    1   4153      .181      .091
  1012  .12000E+02  .21276E-01    4    1   4157      .185      .091
  1013  .12021E+02  .21277E-01    4    1   4161      .187      .091
  1014  .12043E+02  .21277E-01    4    1   4165      .185      .091
  1015  .12064E+02  .21277E-01    4    1   4169      .190      .091
  1016  .12085E+02  .21277E-01    4    1   4173      .190      .091
  1017  .12106E+02  .21277E-01    5    1   4178      .188      .091
  1018  .12128E+02  .21277E-01    4    1   4182      .191      .091
  1019  .12149E+02  .21277E-01    4    1   4186      .188      .091
  1020  .12170E+02  .21277E-01    4    1   4190      .188      .091
  1021  .12191E+02  .21277E-01    4    1   4194      .188      .091
  1022  .12213E+02  .21277E-01    4    1   4198      .188      .091
  1023  .12234E+02  .21277E-01    5    1   4203      .189      .091
  1024  .12255E+02  .21277E-01    4    1   4207      .193      .091
  1025  .12277E+02  .21277E-01    4    1   4211      .194      .091
  1026  .12298E+02  .21277E-01    4    1   4215      .190      .091
  1027  .12319E+02  .21277E-01    4    1   4219      .186      .091
  1028  .12340E+02  .21277E-01    4    1   4223      .185      .091
  1029  .12362E+02  .21277E-01    4    1   4227      .183      .091
  1030  .12383E+02  .21277E-01    4    1   4231      .176      .091
  1031  .12404E+02  .21277E-01    4    1   4235      .182      .091
  1032  .12426E+02  .21277E-01    4    1   4239      .182      .091
  1033  .12447E+02  .21277E-01    4    1   4243      .178      .091
  1034  .12468E+02  .21277E-01    5    1   4248      .181      .091
  1035  .12489E+02  .21277E-01    5    1   4253      .181      .091
  1036  .12511E+02  .21277E-01    4    1   4257      .177      .091
  1037  .12532E+02  .21277E-01    4    1   4261      .180      .091
  1038  .12553E+02  .21277E-01    4    1   4265      .179      .090
  1039  .12574E+02  .21277E-01    4    1   4269      .184      .090
  1040  .12596E+02  .21277E-01    4    1   4273      .182      .090
  1041  .12617E+02  .21277E-01    5    1   4278      .180      .090
  1042  .12638E+02  .21277E-01    4    1   4282      .185      .090
  1043  .12660E+02  .21277E-01    4    1   4286      .184      .090
  1044  .12681E+02  .21277E-01    4    1   4290      .177      .090
  1045  .12702E+02  .21277E-01    4    1   4294      .181      .090
  1046  .12723E+02  .21277E-01    4    1   4298      .180      .090
  1047  .12745E+02  .21277E-01    4    1   4302      .180      .090
  1048  .12766E+02  .21277E-01    4    1   4306      .175      .090
  1049  .12787E+02  .21277E-01    4    1   4310      .174      .090
  1050  .12809E+02  .21277E-01    4    1   4314      .170      .090
  1051  .12830E+02  .21277E-01    4    1   4318      .170      .090
  1052  .12851E+02  .21277E-01    4    1   4322      .169      .090
  1053  .12872E+02  .21277E-01    4    1   4326      .166      .090
  1054  .12894E+02  .21277E-01    4    1   4330      .161      .090
  1055  .12915E+02  .21277E-01    4    1   4334      .164      .090
  1056  .12936E+02  .21277E-01    4    1   4338      .158      .090
  1057  .12957E+02  .21277E-01    4    1   4342      .160      .090
  1058  .12979E+02  .21277E-01    4    1   4346      .163      .090
  1059  .13000E+02  .21277E-01    4    1   4350      .159      .090
  1060  .13021E+02  .21277E-01    4    1   4354      .163      .090
  1061  .13043E+02  .21277E-01    4    1   4358      .163      .090
  1062  .13064E+02  .21277E-01    4    1   4362      .159      .090
  1063  .13085E+02  .21277E-01    4    1   4366      .169      .090
  1064  .13106E+02  .21277E-01    5    1   4371      .164      .090
  1065  .13128E+02  .21277E-01    4    1   4375      .169      .090
  1066  .13149E+02  .21277E-01    4    1   4379      .170      .090
  1067  .13170E+02  .21277E-01    4    1   4383      .166      .090
  1068  .13191E+02  .21277E-01    4    1   4387      .167      .090
  1069  .13213E+02  .21277E-01    4    1   4391      .165      .090
  1070  .13234E+02  .21277E-01    4    1   4395      .165      .090
  1071  .13255E+02  .21277E-01    4    1   4399      .171      .090
  1072  .13277E+02  .21277E-01    4    1   4403      .172      .090
  1073  .13298E+02  .21277E-01    4    1   4407      .170      .090
  1074  .13319E+02  .21277E-01    4    1   4411      .167      .090
  1075  .13340E+02  .21277E-01    5    1   4416      .172      .090
  1076  .13362E+02  .21277E-01    5    1   4421      .173      .090
  1077  .13383E+02  .21277E-01    4    1   4425      .177      .090
  1078  .13404E+02  .21277E-01    4    1   4429      .169      .090
  1079  .13426E+02  .21277E-01    4    1   4433      .168      .090
  1080  .13447E+02  .21277E-01    4    1   4437      .164      .090
  1081  .13468E+02  .21277E-01    4    1   4441      .164      .090
  1082  .13489E+02  .21277E-01    5    1   4446      .166      .090
  1083  .13511E+02  .21277E-01    4    1   4450      .166      .090
  1084  .13532E+02  .21277E-01    4    1   4454      .159      .090
  1085  .13553E+02  .21277E-01    4    1   4458      .165      .090
  1086  .13574E+02  .21277E-01    4    1   4462      .168      .090
  1087  .13596E+02  .21277E-01    4    1   4466      .162      .090
  1088  .13617E+02  .21277E-01    4    1   4470      .161      .090
  1089  .13638E+02  .21277E-01    4    1   4474      .169      .090
  1090  .13660E+02  .21277E-01    4    1   4478      .165      .090
  1091  .13681E+02  .21277E-01    4    1   4482      .167      .090
  1092  .13702E+02  .21277E-01    4    1   4486      .162      .090
  1093  .13723E+02  .21277E-01    4    1   4490      .164      .090
  1094  .13745E+02  .21277E-01    4    1   4494      .160      .090
  1095  .13766E+02  .21277E-01    4    1   4498      .160      .090
  1096  .13787E+02  .21277E-01    4    1   4502      .158      .090
  1097  .13809E+02  .21277E-01    4    1   4506      .164      .090
  1098  .13830E+02  .21277E-01    4    1   4510      .164      .090
  1099  .13851E+02  .21277E-01    4    1   4514      .163      .090
  1100  .13872E+02  .21277E-01    4    1   4518      .164      .090
  1101  .13894E+02  .21277E-01    4    1   4522      .160      .090
  1102  .13915E+02  .21277E-01    4    1   4526      .163      .090
  1103  .13936E+02  .21277E-01    4    1   4530      .164      .090
  1104  .13957E+02  .21277E-01    4    1   4534      .163      .090
  1105  .13979E+02  .21277E-01    4    1   4538      .156      .090
  1106  .14000E+02  .21276E-01    4    1   4542      .164      .090
  1107  .14021E+02  .21277E-01    4    1   4546      .161      .090
  1108  .14043E+02  .21277E-01    4    1   4550      .159      .090
  1109  .14064E+02  .21277E-01    4    1   4554      .164      .090
  1110  .14085E+02  .21277E-01    4    1   4558      .166      .090
  1111  .14106E+02  .21277E-01    5    1   4563      .164      .090
  1112  .14128E+02  .21277E-01    4    1   4567      .163      .090
  1113  .14149E+02  .21277E-01    4    1   4571      .166      .090
  1114  .14170E+02  .21277E-01    4    1   4575      .162      .090
  1115  .14191E+02  .21277E-01    4    1   4579      .159      .090
  1116  .14213E+02  .21277E-01    4    1   4583      .163      .090
  1117  .14234E+02  .21277E-01    4    1   4587      .169      .090
  1118  .14255E+02  .21277E-01    4    1   4591      .169      .090
  1119  .14277E+02  .21277E-01    4    1   4595      .168      .090
  1120  .14298E+02  .21277E-01    4    1   4599      .167      .090
  1121  .14319E+02  .21277E-01    4    1   4603      .172      .090
  1122  .14340E+02  .21277E-01    4    1   4607      .171      .090
  1123  .14362E+02  .21277E-01    4    1   4611      .176      .090
  1124  .14383E+02  .21277E-01    4    1   4615      .175      .090
  1125  .14404E+02  .21277E-01    4    1   4619      .180      .090
  1126  .14426E+02  .21277E-01    4    1   4623      .174      .090
  1127  .14447E+02  .21277E-01    4    1   4627      .173      .090
  1128  .14468E+02  .21277E-01    4    1   4631      .172      .090
  1129  .14489E+02  .21277E-01    5    1   4636      .176      .090
  1130  .14511E+02  .21277E-01    4    1   4640      .174      .090
  1131  .14532E+02  .21277E-01    4    1   4644      .178      .090
  1132  .14553E+02  .21277E-01    4    1   4648      .181      .090
  1133  .14574E+02  .21277E-01    4    1   4652      .173      .090
  1134  .14596E+02  .21277E-01    4    1   4656      .180      .090
  1135  .14617E+02  .21277E-01    5    1   4661      .183      .090
  1136  .14638E+02  .21277E-01    4    1   4665      .178      .089
  1137  .14660E+02  .21277E-01    4    1   4669      .179      .089
  1138  .14681E+02  .21277E-01    4    1   4673      .181      .089
  1139  .14702E+02  .21277E-01    4    1   4677      .180      .089
  1140  .14723E+02  .21277E-01    4    1   4681      .180      .089
  1141  .14745E+02  .21277E-01    5    1   4686      .179      .089
  1142  .14766E+02  .21277E-01    4    1   4690      .171      .089
  1143  .14787E+02  .21277E-01    4    1   4694      .168      .089
  1144  .14809E+02  .21277E-01    4    1   4698      .168      .089
  1145  .14830E+02  .21277E-01    4    1   4702      .167      .089
  1146  .14851E+02  .21277E-01    4    1   4706      .169      .089
  1147  .14872E+02  .21277E-01    4    1   4710      .168      .089
  1148  .14894E+02  .21277E-01    4    1   4714      .167      .089
  1149  .14915E+02  .21277E-01    4    1   4718      .172      .089
  1150  .14936E+02  .21277E-01    4    1   4722      .170      .089
  1151  .14957E+02  .21277E-01    4    1   4726      .166      .089
  1152  .14979E+02  .21277E-01    4    1   4730      .167      .089
  1153  .15000E+02  .21277E-01    4    1   4734      .167      .089
  1154  .15021E+02  .21277E-01    4    1   4738      .168      .089
  1155  .15043E+02  .21277E-01    4    1   4742      .166      .089
  1156  .15064E+02  .21277E-01    4    1   4746      .170      .089
  1157  .15085E+02  .21277E-01    4    1   4750      .166      .089
  1158  .15106E+02  .21277E-01    5    1   4755      .164      .089
  1159  .15128E+02  .21277E-01    4    1   4759      .159      .089
  1160  .15149E+02  .21277E-01    4    1   4763      .163      .089
  1161  .15170E+02  .21277E-01    4    1   4767      .165      .089
  1162  .15191E+02  .21277E-01    4    1   4771      .171      .089
  1163  .15213E+02  .21277E-01    4    1   4775      .172      .089
  1164  .15234E+02  .21277E-01    5    1   4780      .171      .089
  1165  .15255E+02  .21277E-01    4    1   4784      .170      .089
  1166  .15277E+02  .21277E-01    4    1   4788      .174      .089
  1167  .15298E+02  .21277E-01    4    1   4792      .171      .089
  1168  .15319E+02  .21277E-01    4    1   4796      .171      .089
  1169  .15340E+02  .21277E-01    4    1   4800      .173      .089
  1170  .15362E+02  .21277E-01    5    1   4805      .172      .089
  1171  .15383E+02  .21277E-01    4    1   4809      .174      .089
  1172  .15404E+02  .21277E-01    4    1   4813      .176      .089
  1173  .15426E+02  .21277E-01    4    1   4817      .167      .089
  1174  .15447E+02  .21277E-01    4    1   4821      .170      .089
  1175  .15468E+02  .21277E-01    4    1   4825      .164      .089
  1176  .15489E+02  .21277E-01    5    1   4830      .165      .089
  1177  .15511E+02  .21277E-01    4    1   4834      .165      .089
  1178  .15532E+02  .21277E-01    4    1   4838      .165      .089
  1179  .15553E+02  .21277E-01    4    1   4842      .164      .089
  1180  .15574E+02  .21277E-01    4    1   4846      .167      .089
  1181  .15596E+02  .21277E-01    4    1   4850      .168      .089
  1182  .15617E+02  .21277E-01    5    1   4855      .169      .089
  1183  .15638E+02  .21277E-01    5    1   4860      .159      .089
  1184  .15660E+02  .21277E-01    4    1   4864      .163      .089
  1185  .15681E+02  .21277E-01    4    1   4868      .156      .089
  1186  .15702E+02  .21277E-01    4    1   4872      .160      .089
  1187  .15723E+02  .21277E-01    4    1   4876      .163      .089
  1188  .15745E+02  .21277E-01    5    1   4881      .158      .089
  1189  .15766E+02  .21277E-01    5    1   4886      .155      .089
  1190  .15787E+02  .21277E-01    4    1   4890      .163      .089
  1191  .15809E+02  .21277E-01    4    1   4894      .158      .089
  1192  .15830E+02  .21277E-01    4    1   4898      .161      .089
  1193  .15851E+02  .21277E-01    4    1   4902      .156      .089
  1194  .15872E+02  .21277E-01    5    1   4907      .159      .089
  1195  .15894E+02  .21277E-01    5    1   4912      .162      .089
  1196  .15915E+02  .21277E-01    4    1   4916      .163      .089
  1197  .15936E+02  .21277E-01    4    1   4920      .155      .089
  1198  .15957E+02  .21277E-01    4    1   4924      .155      .089
  1199  .15979E+02  .21277E-01    4    1   4928      .156      .089
  1200  .16000E+02  .21276E-01    5    1   4933      .159      .089
  1201  .16021E+02  .21277E-01    4    1   4937      .158      .089
  1202  .16043E+02  .21277E-01    4    1   4941      .163      .089
  1203  .16064E+02  .21277E-01    4    1   4945      .160      .089
  1204  .16085E+02  .21277E-01    4    1   4949      .162      .089
  1205  .16106E+02  .21277E-01    4    1   4953      .158      .089
  1206  .16128E+02  .21277E-01    5    1   4958      .157      .089
  1207  .16149E+02  .21277E-01    4    1   4962      .153      .089
  1208  .16170E+02  .21277E-01    4    1   4966      .163      .089
  1209  .16191E+02  .21277E-01    4    1   4970      .156      .089
  1210  .16213E+02  .21277E-01    4    1   4974      .153      .089
  1211  .16234E+02  .21277E-01    4    1   4978      .156      .089
  1212  .16255E+02  .21277E-01    4    1   4982      .156      .089
  1213  .16277E+02  .21277E-01    4    1   4986      .153      .089
  1214  .16298E+02  .21277E-01    4    1   4990      .162      .089
  1215  .16319E+02  .21277E-01    4    1   4994      .152      .089
  1216  .16340E+02  .21277E-01    4    1   4998      .152      .089
  1217  .16362E+02  .21277E-01    4    1   5002      .156      .089
  1218  .16383E+02  .21277E-01    4    1   5006      .156      .089
  1219  .16404E+02  .21277E-01    4    1   5010      .153      .089
  1220  .16426E+02  .21277E-01    4    1   5014      .162      .089
  1221  .16447E+02  .21277E-01    4    1   5018      .153      .089
  1222  .16468E+02  .21277E-01    4    1   5022      .156      .089
  1223  .16489E+02  .21277E-01    4    1   5026      .156      .089
  1224  .16511E+02  .21277E-01    4    1   5030      .156      .089
  1225  .16532E+02  .21277E-01    4    1   5034      .157      .089
  1226  .16553E+02  .21277E-01    4    1   5038      .162      .089
  1227  .16574E+02  .21277E-01    4    1   5042      .156      .089
  1228  .16596E+02  .21277E-01    4    1   5046      .154      .089
  1229  .16617E+02  .21277E-01    4    1   5050      .156      .089
  1230  .16638E+02  .21277E-01    4    1   5054      .156      .089
  1231  .16660E+02  .21277E-01    5    1   5059      .156      .089
  1232  .16681E+02  .21277E-01    4    1   5063      .162      .089
  1233  .16702E+02  .21277E-01    4    1   5067      .159      .089
  1234  .16723E+02  .21277E-01    4    1   5071      .159      .089
  1235  .16745E+02  .21277E-01    4    1   5075      .158      .089
  1236  .16766E+02  .21277E-01    4    1   5079      .157      .089
  1237  .16787E+02  .21277E-01    5    1   5084      .154      .089
  1238  .16809E+02  .21277E-01    4    1   5088      .162      .089
  1239  .16830E+02  .21277E-01    4    1   5092      .160      .089
  1240  .16851E+02  .21277E-01    4    1   5096      .160      .089
  1241  .16872E+02  .21277E-01    4    1   5100      .160      .089
  1242  .16894E+02  .21277E-01    4    1   5104      .162      .089
  1243  .16915E+02  .21277E-01    5    1   5109      .161      .089
  1244  .16936E+02  .21277E-01    4    1   5113      .162      .089
  1245  .16957E+02  .21277E-01    4    1   5117      .166      .089
  1246  .16979E+02  .21277E-01    4    1   5121      .165      .089
  1247  .17000E+02  .21277E-01    4    1   5125      .163      .089
  1248  .17021E+02  .21277E-01    4    1   5129      .165      .089
  1249  .17043E+02  .21277E-01    4    1   5133      .164      .089
  1250  .17064E+02  .21277E-01    4    1   5137      .163      .089
  1251  .17085E+02  .21277E-01    4    1   5141      .165      .089
  1252  .17106E+02  .21277E-01    4    1   5145      .167      .089
  1253  .17128E+02  .21277E-01    4    1   5149      .167      .089
  1254  .17149E+02  .21277E-01    4    1   5153      .168      .089
  1255  .17170E+02  .21277E-01    4    1   5157      .167      .089
  1256  .17191E+02  .21277E-01    4    1   5161      .166      .089
  1257  .17213E+02  .21277E-01    4    1   5165      .168      .089
  1258  .17234E+02  .21277E-01    4    1   5169      .162      .089
  1259  .17255E+02  .21277E-01    4    1   5173      .165      .089
  1260  .17277E+02  .21277E-01    4    1   5177      .165      .089
  1261  .17298E+02  .21277E-01    4    1   5181      .162      .089
  1262  .17319E+02  .21277E-01    4    1   5185      .165      .089
  1263  .17340E+02  .21277E-01    4    1   5189      .166      .089
  1264  .17362E+02  .21277E-01    4    1   5193      .169      .089
  1265  .17383E+02  .21277E-01    4    1   5197      .169      .089
  1266  .17404E+02  .21277E-01    4    1   5201      .171      .089
  1267  .17426E+02  .21277E-01    4    1   5205      .170      .089
  1268  .17447E+02  .21277E-01    4    1   5209      .174      .089
  1269  .17468E+02  .21277E-01    4    1   5213      .176      .089
  1270  .17489E+02  .21277E-01    4    1   5217      .176      .089
  1271  .17511E+02  .21277E-01    4    1   5221      .172      .089
  1272  .17532E+02  .21277E-01    4    1   5225      .173      .089
  1273  .17553E+02  .21277E-01    4    1   5229      .176      .089
  1274  .17574E+02  .21277E-01    4    1   5233      .177      .089
  1275  .17596E+02  .21277E-01    4    1   5237      .177      .089
  1276  .17617E+02  .21277E-01    4    1   5241      .174      .089
  1277  .17638E+02  .21277E-01    4    1   5245      .178      .089
  1278  .17660E+02  .21277E-01    4    1   5249      .180      .089
  1279  .17681E+02  .21277E-01    4    1   5253      .178      .089
  1280  .17702E+02  .21277E-01    4    1   5257      .177      .089
  1281  .17723E+02  .21277E-01    4    1   5261      .178      .089
  1282  .17745E+02  .21277E-01    4    1   5265      .175      .089
  1283  .17766E+02  .21277E-01    4    1   5269      .178      .089
  1284  .17787E+02  .21277E-01    4    1   5273      .175      .089
  1285  .17809E+02  .21277E-01    4    1   5277      .171      .089
  1286  .17830E+02  .21278E-01    4    1   5281      .174      .089
  1287  .17851E+02  .21277E-01    4    1   5285      .175      .089
  1288  .17872E+02  .21277E-01    4    1   5289      .176      .089
  1289  .17894E+02  .21277E-01    4    1   5293      .175      .089
  1290  .17915E+02  .21278E-01    4    1   5297      .173      .089
  1291  .17936E+02  .21277E-01    4    1   5301      .175      .089
  1292  .17957E+02  .21277E-01    4    1   5305      .176      .089
  1293  .17979E+02  .21277E-01    4    1   5309      .177      .089
  1294  .18000E+02  .21278E-01    4    1   5313      .174      .089
  1295  .18021E+02  .21277E-01    4    1   5317      .176      .089
  1296  .18043E+02  .21277E-01    4    1   5321      .176      .089
  1297  .18064E+02  .21277E-01    4    1   5325      .175      .089
  1298  .18085E+02  .21277E-01    4    1   5329      .174      .089
  1299  .18106E+02  .21277E-01    4    1   5333      .178      .089
  1300  .18128E+02  .21277E-01    4    1   5337      .179      .089
  1301  .18149E+02  .21277E-01    4    1   5341      .177      .088
  1302  .18170E+02  .21277E-01    4    1   5345      .177      .088
  1303  .18191E+02  .21277E-01    4    1   5349      .175      .088
  1304  .18213E+02  .21277E-01    5    1   5354      .174      .088
  1305  .18234E+02  .21277E-01    4    1   5358      .177      .088
  1306  .18255E+02  .21277E-01    4    1   5362      .178      .088
  1307  .18277E+02  .21277E-01    4    1   5366      .177      .088
  1308  .18298E+02  .21277E-01    4    1   5370      .177      .088
  1309  .18319E+02  .21277E-01    5    1   5375      .180      .088
  1310  .18340E+02  .21277E-01    5    1   5380      .176      .088
  1311  .18362E+02  .21277E-01    4    1   5384      .178      .088
  1312  .18383E+02  .21277E-01    4    1   5388      .179      .088
  1313  .18404E+02  .21277E-01    4    1   5392      .176      .088
  1314  .18426E+02  .21277E-01    4    1   5396      .180      .088
  1315  .18447E+02  .21277E-01    4    1   5400      .181      .088
  1316  .18468E+02  .21277E-01    4    1   5404      .179      .088
  1317  .18489E+02  .21277E-01    4    1   5408      .180      .088
  1318  .18511E+02  .21277E-01    4    1   5412      .179      .088
  1319  .18532E+02  .21277E-01    4    1   5416      .185      .088
  1320  .18553E+02  .21277E-01    4    1   5420      .182      .088
  1321  .18574E+02  .21277E-01    4    1   5424      .180      .088
  1322  .18596E+02  .21277E-01    5    1   5429      .179      .088
  1323  .18617E+02  .21277E-01    4    1   5433      .182      .088
  1324  .18638E+02  .21277E-01    4    1   5437      .179      .088
  1325  .18660E+02  .21277E-01    4    1   5441      .178      .088
  1326  .18681E+02  .21277E-01    4    1   5445      .169      .088
  1327  .18702E+02  .21277E-01    4    1   5449      .157      .088
  1328  .18723E+02  .21277E-01    4    1   5453      .165      .088
  1329  .18745E+02  .21277E-01    4    1   5457      .171      .088
  1330  .18766E+02  .21277E-01    4    1   5461      .158      .088
  1331  .18787E+02  .21277E-01    4    1   5465      .147      .088
  1332  .18809E+02  .21277E-01    4    1   5469      .159      .088
  1333  .18830E+02  .21277E-01    4    1   5473      .159      .088
  1334  .18851E+02  .21277E-01    4    1   5477      .168      .088
  1335  .18872E+02  .21277E-01    4    1   5481      .172      .088
  1336  .18894E+02  .21277E-01    4    1   5485      .161      .088
  1337  .18915E+02  .21277E-01    4    1   5489      .149      .088
  1338  .18936E+02  .21277E-01    4    1   5493      .160      .088
  1339  .18957E+02  .21277E-01    4    1   5497      .159      .088
  1340  .18979E+02  .21277E-01    4    1   5501      .156      .088
  1341  .19000E+02  .21277E-01    4    1   5505      .144      .088
  1342  .19021E+02  .21277E-01    4    1   5509      .130      .088
  1343  .19043E+02  .21277E-01    4    1   5513      .130      .088
  1344  .19064E+02  .21277E-01    4    1   5517      .117      .088
  1345  .19085E+02  .21277E-01    4    1   5521      .128      .088
  1346  .19106E+02  .21277E-01    4    1   5525      .141      .088
  1347  .19128E+02  .21277E-01    4    1   5529      .142      .088
  1348  .19149E+02  .21277E-01    4    1   5533      .132      .088
  1349  .19170E+02  .21277E-01    4    1   5537      .133      .088
  1350  .19191E+02  .21277E-01    4    1   5541      .120      .088
  1351  .19213E+02  .21277E-01    4    1   5545      .116      .088
  1352  .19234E+02  .21277E-01    4    1   5549      .106      .088
  1353  .19255E+02  .21277E-01    4    1   5553      .100      .088
  1354  .19277E+02  .21277E-01    5    1   5558      .100      .088
  1355  .19298E+02  .21277E-01    4    1   5562      .100      .088
  1356  .19319E+02  .21277E-01    4    1   5566      .100      .088
  1357  .19340E+02  .21277E-01    5    1   5571      .100      .088
  1358  .19362E+02  .21277E-01    4    1   5575      .100      .088
  1359  .19383E+02  .21277E-01    5    1   5580      .100      .088
  1360  .19404E+02  .21277E-01    4    1   5584      .100      .088
  1361  .19426E+02  .21277E-01    4    1   5588      .100      .088
  1362  .19447E+02  .21277E-01    4    1   5592      .100      .088
  1363  .19468E+02  .21277E-01    4    1   5596      .101      .088
  1364  .19489E+02  .21277E-01    4    1   5600      .115      .088
  1365  .19511E+02  .21277E-01    4    1   5604      .117      .088
  1366  .19532E+02  .21277E-01    4    1   5608      .118      .088
  1367  .19553E+02  .21277E-01    4    1   5612      .135      .088
  1368  .19574E+02  .21277E-01    4    1   5616      .143      .088
  1369  .19596E+02  .21277E-01    4    1   5620      .144      .088
  1370  .19617E+02  .21277E-01    4    1   5624      .127      .088
  1371  .19638E+02  .21277E-01    3    1   5627      .139      .088
  1372  .19666E+02  .27824E-01    4    1   5631      .150      .115
  1373  .19694E+02  .27824E-01    4    1   5635      .155      .115
  1374  .19722E+02  .27824E-01    4    1   5639      .157      .115
  1375  .19750E+02  .27824E-01    4    1   5643      .156      .115
  1376  .19777E+02  .27824E-01    3    1   5646      .145      .115
  1377  .19815E+02  .37098E-01    4    1   5650      .154      .154
  1378  .19852E+02  .37098E-01    4    1   5654      .159      .154
  1379  .19889E+02  .37098E-01    4    1   5658      .161      .154
  1380  .19926E+02  .37099E-01    4    1   5662      .162      .154
  1381  .19963E+02  .37099E-01    4    1   5666      .162      .154
  1382  .20000E+02  .37098E-01    4    1   5670      .162      .154
  1383  .20036E+02  .35714E-01    3    1   5673      .159      .148
  1384  .20082E+02  .46769E-01    3    1   5676      .162      .194
  1385  .20142E+02  .59922E-01    4    1   5680      .164      .248
  1386  .20202E+02  .59922E-01    4    1   5684      .164      .248
  1387  .20262E+02  .59922E-01    4    1   5688      .164      .248
  1388  .20322E+02  .59922E-01    4    1   5692      .164      .248
  1389  .20382E+02  .59922E-01    4    1   5696      .165      .248
  1390  .20442E+02  .59922E-01    4    1   5700      .166      .248
  1391  .20502E+02  .59922E-01    3    1   5703      .166      .248
  1392  .20581E+02  .78845E-01    4    1   5707      .166      .326
  1393  .20660E+02  .78845E-01    4    1   5711      .166      .326
  1394  .20738E+02  .78845E-01    4    1   5715      .166      .326
  1395  .20817E+02  .78845E-01    4    1   5719      .165      .326
  1396  .20896E+02  .78845E-01    4    1   5723      .165      .326
  1397  .20975E+02  .78845E-01    4    1   5727      .170      .326
  1398  .21054E+02  .78845E-01    4    1   5731      .169      .326
  1399  .21133E+02  .78845E-01    3    1   5734      .168      .326
  1400  .21241E+02  .10841E+00    4    1   5738      .167      .448
  1401  .21350E+02  .10841E+00    4    1   5742      .167      .448
  1402  .21458E+02  .10841E+00    4    1   5746      .167      .448
  1403  .21566E+02  .10841E+00    4    1   5750      .166      .448
  1404  .21675E+02  .10841E+00    4    1   5754      .170      .448
  1405  .21783E+02  .10841E+00    4    1   5758      .170      .448
  1406  .21892E+02  .10841E+00    4    1   5762      .169      .448
  1407  .22000E+02  .10841E+00    3    1   5765      .169      .448
  1408  .22133E+02  .13333E+00    4    1   5769      .168      .551
  1409  .22267E+02  .13333E+00    4    1   5773      .168      .551
  1410  .22400E+02  .13333E+00    4    1   5777      .167      .551
  1411  .22533E+02  .13333E+00    4    1   5781      .170      .550
  1412  .22667E+02  .13333E+00    4    1   5785      .171      .550
  1413  .22800E+02  .13333E+00    3    1   5788      .170      .550
  1414  .22971E+02  .17143E+00    4    1   5792      .169      .707
  1415  .23143E+02  .17143E+00    4    1   5796      .169      .707
  1416  .23314E+02  .17143E+00    4    1   5800      .168      .707
  1417  .23486E+02  .17143E+00    4    1   5804      .169      .707
  1418  .23657E+02  .17143E+00    4    1   5808      .171      .706
  1419  .23829E+02  .17143E+00    3    1   5811      .171      .706
  1420  .24000E+02  .17143E+00    3    1   5814      .170      .706
end
 
 Real time [sec]     136.000000000000000
