 Tension permeameter infiltration test - loam - multistep                
 
 Program HYDRUS2
 Date:   2. 3.    Time:  11: 2:51
 Time dependent boundary conditions
 Axisymmetric flow, V = L*L*L
 Units: L = cm   , T = sec  , M = -    


 Time:    645.0000

    i    n    x      z    Code     Q          v           h       th       Temp     Conc
                                 [V/T]      [L/T]        [L]     [-]        [C]    [M/L3]

    1    1     .0     .0   -6  -.354E-03   .376E-04      -48.6   .149     20.00
    2    2    3.0     .0   -6  -.213E-02   .376E-04      -48.6   .149     20.00
    3    3    6.0     .0   -6  -.425E-02   .376E-04      -48.6   .149     20.00
    4    4    9.0     .0   -6  -.512E-02   .376E-04      -48.6   .149     20.00
    5    5   11.0     .0   -6  -.448E-02   .376E-04      -48.6   .149     20.00
    6    6   12.5     .0   -6  -.287E-02   .376E-04      -48.6   .149     20.00
    7    7   13.0     .0   -6  -.233E-02   .376E-04      -48.6   .149     20.00
    8    8   14.0     .0   -6  -.693E-02   .376E-04      -48.6   .149     20.00
    9    9   17.0     .0   -6  -.120E-01   .376E-04      -48.6   .149     20.00
   10   10   20.0     .0   -6  -.195E-01   .376E-04      -48.6   .149     20.00
   11   11   25.0     .0   -6  -.295E-01   .376E-04      -48.6   .149     20.00
   12   12   30.0     .0   -6  -.354E-01   .376E-04      -48.6   .149     20.00
   13   13   35.0     .0   -6  -.413E-01   .376E-04      -48.6   .149     20.00
   14   14   40.0     .0   -6  -.524E-01   .376E-04      -48.6   .149     20.00
   15   15   46.0     .0   -6  -.711E-01   .376E-04      -48.6   .149     20.00
   16   16   53.0     .0   -6  -.876E-01   .376E-04      -48.6   .149     20.00
   17   17   60.0     .0   -6  -.122E+00   .376E-04      -48.6   .149     20.00
   18   18   70.0     .0   -6  -.212E+00   .376E-04      -48.6   .149     20.00
   19   19   85.0     .0   -6  -.301E+00   .376E-04      -48.6   .149     20.00
   20   20  100.0     .0   -6  -.168E+00   .376E-04      -48.6   .149     20.00
   21   53   12.5  100.0    3   .439E+00  -.777E-02      -11.5   .263     20.00
   22   54   11.0  100.0    3   .262E+00  -.220E-02      -11.5   .263     20.00
   23   55    9.0  100.0    3   .238E+00  -.175E-02      -11.5   .263     20.00
   24   56    6.0  100.0    3   .173E+00  -.153E-02      -11.5   .263     20.00
   25   57    3.0  100.0    3   .819E-01  -.145E-02      -11.5   .263     20.00
   26   58     .0  100.0    3   .136E-01  -.144E-02      -11.5   .263     20.00


 Time:   1290.0000

    i    n    x      z    Code     Q          v           h       th       Temp     Conc
                                 [V/T]      [L/T]        [L]     [-]        [C]    [M/L3]

    1    1     .0     .0   -6  -.354E-03   .376E-04      -48.6   .149     20.00
    2    2    3.0     .0   -6  -.213E-02   .376E-04      -48.6   .149     20.00
    3    3    6.0     .0   -6  -.425E-02   .376E-04      -48.6   .149     20.00
    4    4    9.0     .0   -6  -.512E-02   .376E-04      -48.6   .149     20.00
    5    5   11.0     .0   -6  -.448E-02   .376E-04      -48.6   .149     20.00
    6    6   12.5     .0   -6  -.287E-02   .376E-04      -48.6   .149     20.00
    7    7   13.0     .0   -6  -.233E-02   .376E-04      -48.6   .149     20.00
    8    8   14.0     .0   -6  -.693E-02   .376E-04      -48.6   .149     20.00
    9    9   17.0     .0   -6  -.120E-01   .376E-04      -48.6   .149     20.00
   10   10   20.0     .0   -6  -.195E-01   .376E-04      -48.6   .149     20.00
   11   11   25.0     .0   -6  -.295E-01   .376E-04      -48.6   .149     20.00
   12   12   30.0     .0   -6  -.354E-01   .376E-04      -48.6   .149     20.00
   13   13   35.0     .0   -6  -.413E-01   .376E-04      -48.6   .149     20.00
   14   14   40.0     .0   -6  -.524E-01   .376E-04      -48.6   .149     20.00
   15   15   46.0     .0   -6  -.711E-01   .376E-04      -48.6   .149     20.00
   16   16   53.0     .0   -6  -.876E-01   .376E-04      -48.6   .149     20.00
   17   17   60.0     .0   -6  -.122E+00   .376E-04      -48.6   .149     20.00
   18   18   70.0     .0   -6  -.212E+00   .376E-04      -48.6   .149     20.00
   19   19   85.0     .0   -6  -.301E+00   .376E-04      -48.6   .149     20.00
   20   20  100.0     .0   -6  -.168E+00   .376E-04      -48.6   .149     20.00
   21   53   12.5  100.0    3   .407E+00  -.720E-02      -11.5   .263     20.00
   22   54   11.0  100.0    3   .241E+00  -.202E-02      -11.5   .263     20.00
   23   55    9.0  100.0    3   .217E+00  -.160E-02      -11.5   .263     20.00
   24   56    6.0  100.0    3   .156E+00  -.138E-02      -11.5   .263     20.00
   25   57    3.0  100.0    3   .738E-01  -.130E-02      -11.5   .263     20.00
   26   58     .0  100.0    3   .121E-01  -.129E-02      -11.5   .263     20.00


 Time:   1935.0000

    i    n    x      z    Code     Q          v           h       th       Temp     Conc
                                 [V/T]      [L/T]        [L]     [-]        [C]    [M/L3]

    1    1     .0     .0   -6  -.354E-03   .376E-04      -48.6   .149     20.00
    2    2    3.0     .0   -6  -.213E-02   .376E-04      -48.6   .149     20.00
    3    3    6.0     .0   -6  -.425E-02   .376E-04      -48.6   .149     20.00
    4    4    9.0     .0   -6  -.512E-02   .376E-04      -48.6   .149     20.00
    5    5   11.0     .0   -6  -.448E-02   .376E-04      -48.6   .149     20.00
    6    6   12.5     .0   -6  -.287E-02   .376E-04      -48.6   .149     20.00
    7    7   13.0     .0   -6  -.233E-02   .376E-04      -48.6   .149     20.00
    8    8   14.0     .0   -6  -.693E-02   .376E-04      -48.6   .149     20.00
    9    9   17.0     .0   -6  -.120E-01   .376E-04      -48.6   .149     20.00
   10   10   20.0     .0   -6  -.195E-01   .376E-04      -48.6   .149     20.00
   11   11   25.0     .0   -6  -.295E-01   .376E-04      -48.6   .149     20.00
   12   12   30.0     .0   -6  -.354E-01   .376E-04      -48.6   .149     20.00
   13   13   35.0     .0   -6  -.413E-01   .376E-04      -48.6   .149     20.00
   14   14   40.0     .0   -6  -.524E-01   .376E-04      -48.6   .149     20.00
   15   15   46.0     .0   -6  -.711E-01   .376E-04      -48.6   .149     20.00
   16   16   53.0     .0   -6  -.876E-01   .376E-04      -48.6   .149     20.00
   17   17   60.0     .0   -6  -.122E+00   .376E-04      -48.6   .149     20.00
   18   18   70.0     .0   -6  -.212E+00   .376E-04      -48.6   .149     20.00
   19   19   85.0     .0   -6  -.301E+00   .376E-04      -48.6   .149     20.00
   20   20  100.0     .0   -6  -.168E+00   .376E-04      -48.6   .149     20.00
   21   53   12.5  100.0    3   .394E+00  -.697E-02      -11.5   .263     20.00
   22   54   11.0  100.0    3   .232E+00  -.195E-02      -11.5   .263     20.00
   23   55    9.0  100.0    3   .210E+00  -.154E-02      -11.5   .263     20.00
   24   56    6.0  100.0    3   .151E+00  -.133E-02      -11.5   .263     20.00
   25   57    3.0  100.0    3   .711E-01  -.126E-02      -11.5   .263     20.00
   26   58     .0  100.0    3   .117E-01  -.124E-02      -11.5   .263     20.00


 Time:   2580.0000

    i    n    x      z    Code     Q          v           h       th       Temp     Conc
                                 [V/T]      [L/T]        [L]     [-]        [C]    [M/L3]

    1    1     .0     .0   -6  -.354E-03   .376E-04      -48.6   .149     20.00
    2    2    3.0     .0   -6  -.213E-02   .376E-04      -48.6   .149     20.00
    3    3    6.0     .0   -6  -.425E-02   .376E-04      -48.6   .149     20.00
    4    4    9.0     .0   -6  -.512E-02   .376E-04      -48.6   .149     20.00
    5    5   11.0     .0   -6  -.448E-02   .376E-04      -48.6   .149     20.00
    6    6   12.5     .0   -6  -.287E-02   .376E-04      -48.6   .149     20.00
    7    7   13.0     .0   -6  -.233E-02   .376E-04      -48.6   .149     20.00
    8    8   14.0     .0   -6  -.693E-02   .376E-04      -48.6   .149     20.00
    9    9   17.0     .0   -6  -.120E-01   .376E-04      -48.6   .149     20.00
   10   10   20.0     .0   -6  -.195E-01   .376E-04      -48.6   .149     20.00
   11   11   25.0     .0   -6  -.295E-01   .376E-04      -48.6   .149     20.00
   12   12   30.0     .0   -6  -.354E-01   .376E-04      -48.6   .149     20.00
   13   13   35.0     .0   -6  -.413E-01   .376E-04      -48.6   .149     20.00
   14   14   40.0     .0   -6  -.524E-01   .376E-04      -48.6   .149     20.00
   15   15   46.0     .0   -6  -.711E-01   .376E-04      -48.6   .149     20.00
   16   16   53.0     .0   -6  -.876E-01   .376E-04      -48.6   .149     20.00
   17   17   60.0     .0   -6  -.122E+00   .376E-04      -48.6   .149     20.00
   18   18   70.0     .0   -6  -.212E+00   .376E-04      -48.6   .149     20.00
   19   19   85.0     .0   -6  -.301E+00   .376E-04      -48.6   .149     20.00
   20   20  100.0     .0   -6  -.168E+00   .376E-04      -48.6   .149     20.00
   21   53   12.5  100.0    3   .481E+00  -.851E-02       -9.0   .268     20.00
   22   54   11.0  100.0    3   .283E+00  -.237E-02       -9.0   .268     20.00
   23   55    9.0  100.0    3   .255E+00  -.187E-02       -9.0   .268     20.00
   24   56    6.0  100.0    3   .183E+00  -.162E-02       -9.0   .268     20.00
   25   57    3.0  100.0    3   .860E-01  -.152E-02       -9.0   .268     20.00
   26   58     .0  100.0    3   .141E-01  -.150E-02       -9.0   .268     20.00


 Time:   3225.0000

    i    n    x      z    Code     Q          v           h       th       Temp     Conc
                                 [V/T]      [L/T]        [L]     [-]        [C]    [M/L3]

    1    1     .0     .0   -6  -.354E-03   .376E-04      -48.6   .149     20.00
    2    2    3.0     .0   -6  -.213E-02   .376E-04      -48.6   .149     20.00
    3    3    6.0     .0   -6  -.425E-02   .376E-04      -48.6   .149     20.00
    4    4    9.0     .0   -6  -.512E-02   .376E-04      -48.6   .149     20.00
    5    5   11.0     .0   -6  -.448E-02   .376E-04      -48.6   .149     20.00
    6    6   12.5     .0   -6  -.287E-02   .376E-04      -48.6   .149     20.00
    7    7   13.0     .0   -6  -.233E-02   .376E-04      -48.6   .149     20.00
    8    8   14.0     .0   -6  -.693E-02   .376E-04      -48.6   .149     20.00
    9    9   17.0     .0   -6  -.120E-01   .376E-04      -48.6   .149     20.00
   10   10   20.0     .0   -6  -.195E-01   .376E-04      -48.6   .149     20.00
   11   11   25.0     .0   -6  -.295E-01   .376E-04      -48.6   .149     20.00
   12   12   30.0     .0   -6  -.354E-01   .376E-04      -48.6   .149     20.00
   13   13   35.0     .0   -6  -.413E-01   .376E-04      -48.6   .149     20.00
   14   14   40.0     .0   -6  -.524E-01   .376E-04      -48.6   .149     20.00
   15   15   46.0     .0   -6  -.711E-01   .376E-04      -48.6   .149     20.00
   16   16   53.0     .0   -6  -.876E-01   .376E-04      -48.6   .149     20.00
   17   17   60.0     .0   -6  -.122E+00   .376E-04      -48.6   .149     20.00
   18   18   70.0     .0   -6  -.212E+00   .376E-04      -48.6   .149     20.00
   19   19   85.0     .0   -6  -.301E+00   .376E-04      -48.6   .149     20.00
   20   20  100.0     .0   -6  -.168E+00   .376E-04      -48.6   .149     20.00
   21   53   12.5  100.0    3   .469E+00  -.830E-02       -9.0   .268     20.00
   22   54   11.0  100.0    3   .276E+00  -.231E-02       -9.0   .268     20.00
   23   55    9.0  100.0    3   .248E+00  -.182E-02       -9.0   .268     20.00
   24   56    6.0  100.0    3   .178E+00  -.157E-02       -9.0   .268     20.00
   25   57    3.0  100.0    3   .837E-01  -.148E-02       -9.0   .268     20.00
   26   58     .0  100.0    3   .137E-01  -.146E-02       -9.0   .268     20.00


 Time:   3870.0000

    i    n    x      z    Code     Q          v           h       th       Temp     Conc
                                 [V/T]      [L/T]        [L]     [-]        [C]    [M/L3]

    1    1     .0     .0   -6  -.354E-03   .376E-04      -48.6   .149     20.00
    2    2    3.0     .0   -6  -.213E-02   .376E-04      -48.6   .149     20.00
    3    3    6.0     .0   -6  -.425E-02   .376E-04      -48.6   .149     20.00
    4    4    9.0     .0   -6  -.512E-02   .376E-04      -48.6   .149     20.00
    5    5   11.0     .0   -6  -.448E-02   .376E-04      -48.6   .149     20.00
    6    6   12.5     .0   -6  -.287E-02   .376E-04      -48.6   .149     20.00
    7    7   13.0     .0   -6  -.233E-02   .376E-04      -48.6   .149     20.00
    8    8   14.0     .0   -6  -.693E-02   .376E-04      -48.6   .149     20.00
    9    9   17.0     .0   -6  -.120E-01   .376E-04      -48.6   .149     20.00
   10   10   20.0     .0   -6  -.195E-01   .376E-04      -48.6   .149     20.00
   11   11   25.0     .0   -6  -.295E-01   .376E-04      -48.6   .149     20.00
   12   12   30.0     .0   -6  -.354E-01   .376E-04      -48.6   .149     20.00
   13   13   35.0     .0   -6  -.413E-01   .376E-04      -48.6   .149     20.00
   14   14   40.0     .0   -6  -.524E-01   .376E-04      -48.6   .149     20.00
   15   15   46.0     .0   -6  -.711E-01   .376E-04      -48.6   .149     20.00
   16   16   53.0     .0   -6  -.876E-01   .376E-04      -48.6   .149     20.00
   17   17   60.0     .0   -6  -.122E+00   .376E-04      -48.6   .149     20.00
   18   18   70.0     .0   -6  -.212E+00   .376E-04      -48.6   .149     20.00
   19   19   85.0     .0   -6  -.301E+00   .376E-04      -48.6   .149     20.00
   20   20  100.0     .0   -6  -.168E+00   .376E-04      -48.6   .149     20.00
   21   53   12.5  100.0    3   .588E+00  -.104E-01       -6.0   .272     20.00
   22   54   11.0  100.0    3   .343E+00  -.288E-02       -6.0   .272     20.00
   23   55    9.0  100.0    3   .308E+00  -.226E-02       -6.0   .272     20.00
   24   56    6.0  100.0    3   .220E+00  -.195E-02       -6.0   .272     20.00
   25   57    3.0  100.0    3   .103E+00  -.183E-02       -6.0   .272     20.00
   26   58     .0  100.0    3   .169E-01  -.179E-02       -6.0   .272     20.00


 Time:   4515.0000

    i    n    x      z    Code     Q          v           h       th       Temp     Conc
                                 [V/T]      [L/T]        [L]     [-]        [C]    [M/L3]

    1    1     .0     .0   -6  -.354E-03   .376E-04      -48.6   .149     20.00
    2    2    3.0     .0   -6  -.213E-02   .376E-04      -48.6   .149     20.00
    3    3    6.0     .0   -6  -.425E-02   .376E-04      -48.6   .149     20.00
    4    4    9.0     .0   -6  -.512E-02   .376E-04      -48.6   .149     20.00
    5    5   11.0     .0   -6  -.448E-02   .376E-04      -48.6   .149     20.00
    6    6   12.5     .0   -6  -.287E-02   .376E-04      -48.6   .149     20.00
    7    7   13.0     .0   -6  -.233E-02   .376E-04      -48.6   .149     20.00
    8    8   14.0     .0   -6  -.693E-02   .376E-04      -48.6   .149     20.00
    9    9   17.0     .0   -6  -.120E-01   .376E-04      -48.6   .149     20.00
   10   10   20.0     .0   -6  -.195E-01   .376E-04      -48.6   .149     20.00
   11   11   25.0     .0   -6  -.295E-01   .376E-04      -48.6   .149     20.00
   12   12   30.0     .0   -6  -.354E-01   .376E-04      -48.6   .149     20.00
   13   13   35.0     .0   -6  -.413E-01   .376E-04      -48.6   .149     20.00
   14   14   40.0     .0   -6  -.524E-01   .376E-04      -48.6   .149     20.00
   15   15   46.0     .0   -6  -.711E-01   .376E-04      -48.6   .149     20.00
   16   16   53.0     .0   -6  -.876E-01   .376E-04      -48.6   .149     20.00
   17   17   60.0     .0   -6  -.122E+00   .376E-04      -48.6   .149     20.00
   18   18   70.0     .0   -6  -.212E+00   .376E-04      -48.6   .149     20.00
   19   19   85.0     .0   -6  -.301E+00   .376E-04      -48.6   .149     20.00
   20   20  100.0     .0   -6  -.168E+00   .376E-04      -48.6   .149     20.00
   21   53   12.5  100.0    3   .730E+00  -.129E-01       -3.0   .274     20.00
   22   54   11.0  100.0    3   .423E+00  -.355E-02       -3.0   .274     20.00
   23   55    9.0  100.0    3   .378E+00  -.278E-02       -3.0   .274     20.00
   24   56    6.0  100.0    3   .269E+00  -.238E-02       -3.0   .274     20.00
   25   57    3.0  100.0    3   .126E+00  -.223E-02       -3.0   .274     20.00
   26   58     .0  100.0    3   .206E-01  -.219E-02       -3.0   .274     20.00


 Time:   5160.0000

    i    n    x      z    Code     Q          v           h       th       Temp     Conc
                                 [V/T]      [L/T]        [L]     [-]        [C]    [M/L3]

    1    1     .0     .0   -6  -.354E-03   .376E-04      -48.6   .149     20.00
    2    2    3.0     .0   -6  -.213E-02   .376E-04      -48.6   .149     20.00
    3    3    6.0     .0   -6  -.425E-02   .376E-04      -48.6   .149     20.00
    4    4    9.0     .0   -6  -.512E-02   .376E-04      -48.6   .149     20.00
    5    5   11.0     .0   -6  -.448E-02   .376E-04      -48.6   .149     20.00
    6    6   12.5     .0   -6  -.287E-02   .376E-04      -48.6   .149     20.00
    7    7   13.0     .0   -6  -.233E-02   .376E-04      -48.6   .149     20.00
    8    8   14.0     .0   -6  -.693E-02   .376E-04      -48.6   .149     20.00
    9    9   17.0     .0   -6  -.120E-01   .376E-04      -48.6   .149     20.00
   10   10   20.0     .0   -6  -.195E-01   .376E-04      -48.6   .149     20.00
   11   11   25.0     .0   -6  -.295E-01   .376E-04      -48.6   .149     20.00
   12   12   30.0     .0   -6  -.354E-01   .376E-04      -48.6   .149     20.00
   13   13   35.0     .0   -6  -.413E-01   .376E-04      -48.6   .149     20.00
   14   14   40.0     .0   -6  -.524E-01   .376E-04      -48.6   .149     20.00
   15   15   46.0     .0   -6  -.711E-01   .376E-04      -48.6   .149     20.00
   16   16   53.0     .0   -6  -.876E-01   .376E-04      -48.6   .149     20.00
   17   17   60.0     .0   -6  -.122E+00   .376E-04      -48.6   .149     20.00
   18   18   70.0     .0   -6  -.212E+00   .376E-04      -48.6   .149     20.00
   19   19   85.0     .0   -6  -.301E+00   .376E-04      -48.6   .149     20.00
   20   20  100.0     .0   -6  -.168E+00   .376E-04      -48.6   .149     20.00
   21   53   12.5  100.0    3   .838E+00  -.148E-01       -1.0   .275     20.00
   22   54   11.0  100.0    3   .483E+00  -.405E-02       -1.0   .275     20.00
   23   55    9.0  100.0    3   .431E+00  -.316E-02       -1.0   .275     20.00
   24   56    6.0  100.0    3   .306E+00  -.271E-02       -1.0   .275     20.00
   25   57    3.0  100.0    3   .143E+00  -.254E-02       -1.0   .275     20.00
   26   58     .0  100.0    3   .235E-01  -.249E-02       -1.0   .275     20.00


 Time:   5805.0000

    i    n    x      z    Code     Q          v           h       th       Temp     Conc
                                 [V/T]      [L/T]        [L]     [-]        [C]    [M/L3]

    1    1     .0     .0   -6  -.354E-03   .376E-04      -48.6   .149     20.00
    2    2    3.0     .0   -6  -.213E-02   .376E-04      -48.6   .149     20.00
    3    3    6.0     .0   -6  -.425E-02   .376E-04      -48.6   .149     20.00
    4    4    9.0     .0   -6  -.512E-02   .376E-04      -48.6   .149     20.00
    5    5   11.0     .0   -6  -.448E-02   .376E-04      -48.6   .149     20.00
    6    6   12.5     .0   -6  -.287E-02   .376E-04      -48.6   .149     20.00
    7    7   13.0     .0   -6  -.233E-02   .376E-04      -48.6   .149     20.00
    8    8   14.0     .0   -6  -.693E-02   .376E-04      -48.6   .149     20.00
    9    9   17.0     .0   -6  -.120E-01   .376E-04      -48.6   .149     20.00
   10   10   20.0     .0   -6  -.195E-01   .376E-04      -48.6   .149     20.00
   11   11   25.0     .0   -6  -.295E-01   .376E-04      -48.6   .149     20.00
   12   12   30.0     .0   -6  -.354E-01   .376E-04      -48.6   .149     20.00
   13   13   35.0     .0   -6  -.413E-01   .376E-04      -48.6   .149     20.00
   14   14   40.0     .0   -6  -.524E-01   .376E-04      -48.6   .149     20.00
   15   15   46.0     .0   -6  -.711E-01   .376E-04      -48.6   .149     20.00
   16   16   53.0     .0   -6  -.876E-01   .376E-04      -48.6   .149     20.00
   17   17   60.0     .0   -6  -.122E+00   .376E-04      -48.6   .149     20.00
   18   18   70.0     .0   -6  -.212E+00   .376E-04      -48.6   .149     20.00
   19   19   85.0     .0   -6  -.301E+00   .376E-04      -48.6   .149     20.00
   20   20  100.0     .0   -6  -.168E+00   .376E-04      -48.6   .149     20.00
   21   53   12.5  100.0    3   .809E+00  -.143E-01       -1.0   .275     20.00
   22   54   11.0  100.0    3   .465E+00  -.391E-02       -1.0   .275     20.00
   23   55    9.0  100.0    3   .415E+00  -.305E-02       -1.0   .275     20.00
   24   56    6.0  100.0    3   .295E+00  -.261E-02       -1.0   .275     20.00
   25   57    3.0  100.0    3   .138E+00  -.244E-02       -1.0   .275     20.00
   26   58     .0  100.0    3   .225E-01  -.239E-02       -1.0   .275     20.00


 Time:   6450.0000

    i    n    x      z    Code     Q          v           h       th       Temp     Conc
                                 [V/T]      [L/T]        [L]     [-]        [C]    [M/L3]

    1    1     .0     .0   -6  -.354E-03   .376E-04      -48.6   .149     20.00
    2    2    3.0     .0   -6  -.213E-02   .376E-04      -48.6   .149     20.00
    3    3    6.0     .0   -6  -.425E-02   .376E-04      -48.6   .149     20.00
    4    4    9.0     .0   -6  -.512E-02   .376E-04      -48.6   .149     20.00
    5    5   11.0     .0   -6  -.448E-02   .376E-04      -48.6   .149     20.00
    6    6   12.5     .0   -6  -.287E-02   .376E-04      -48.6   .149     20.00
    7    7   13.0     .0   -6  -.233E-02   .376E-04      -48.6   .149     20.00
    8    8   14.0     .0   -6  -.693E-02   .376E-04      -48.6   .149     20.00
    9    9   17.0     .0   -6  -.120E-01   .376E-04      -48.6   .149     20.00
   10   10   20.0     .0   -6  -.195E-01   .376E-04      -48.6   .149     20.00
   11   11   25.0     .0   -6  -.295E-01   .376E-04      -48.6   .149     20.00
   12   12   30.0     .0   -6  -.354E-01   .376E-04      -48.6   .149     20.00
   13   13   35.0     .0   -6  -.413E-01   .376E-04      -48.6   .149     20.00
   14   14   40.0     .0   -6  -.524E-01   .376E-04      -48.6   .149     20.00
   15   15   46.0     .0   -6  -.711E-01   .376E-04      -48.6   .149     20.00
   16   16   53.0     .0   -6  -.876E-01   .376E-04      -48.6   .149     20.00
   17   17   60.0     .0   -6  -.122E+00   .376E-04      -48.6   .149     20.00
   18   18   70.0     .0   -6  -.212E+00   .376E-04      -48.6   .149     20.00
   19   19   85.0     .0   -6  -.301E+00   .376E-04      -48.6   .149     20.00
   20   20  100.0     .0   -6  -.168E+00   .376E-04      -48.6   .149     20.00
   21   53   12.5  100.0    3   .850E+00  -.150E-01        -.1   .275     20.00
   22   54   11.0  100.0    3   .487E+00  -.409E-02        -.1   .275     20.00
   23   55    9.0  100.0    3   .434E+00  -.319E-02        -.1   .275     20.00
   24   56    6.0  100.0    3   .308E+00  -.273E-02        -.1   .275     20.00
   25   57    3.0  100.0    3   .144E+00  -.255E-02        -.1   .275     20.00
   26   58     .0  100.0    3   .235E-01  -.249E-02        -.1   .275     20.00
