 Tension permeameter infiltration test - loam - multistep                
 
 Program HYDRUS2
 Date:   2. 3.    Time:  11: 2:51
 Time dependent boundary conditions
 Axisymmetric flow, V = L*L*L
 Units: L = cm   , T = sec  , M = -    
 All cumulative fluxes (CumQ) are positive out of the region

       Time     CumQAP      CumQRP     CumQA      CumQR     CumQ3       CumQ1      CumQS      CumQ5       CumQ6 ....
        [T]       [V]         [V]       [V]        [V]       [V]         [V]        [V]        [V]         [V]

         .1000   .000E+00   .000E+00   .000E+00   .000E+00  -.290E+02   .000E+00   .000E+00   .000E+00   .118E+00
         .2000   .000E+00   .000E+00   .000E+00   .000E+00  -.298E+02   .000E+00   .000E+00   .000E+00   .236E+00
         .3298   .000E+00   .000E+00   .000E+00   .000E+00  -.309E+02   .000E+00   .000E+00   .000E+00   .390E+00
         .4984   .000E+00   .000E+00   .000E+00   .000E+00  -.323E+02   .000E+00   .000E+00   .000E+00   .589E+00
         .7182   .000E+00   .000E+00   .000E+00   .000E+00  -.340E+02   .000E+00   .000E+00   .000E+00   .848E+00
        1.0038   .000E+00   .000E+00   .000E+00   .000E+00  -.362E+02   .000E+00   .000E+00   .000E+00   .119E+01
        1.3721   .000E+00   .000E+00   .000E+00   .000E+00  -.389E+02   .000E+00   .000E+00   .000E+00   .162E+01
        1.8588   .000E+00   .000E+00   .000E+00   .000E+00  -.423E+02   .000E+00   .000E+00   .000E+00   .220E+01
        2.4846   .000E+00   .000E+00   .000E+00   .000E+00  -.464E+02   .000E+00   .000E+00   .000E+00   .293E+01
        3.3190   .000E+00   .000E+00   .000E+00   .000E+00  -.515E+02   .000E+00   .000E+00   .000E+00   .392E+01
        4.3809   .000E+00   .000E+00   .000E+00   .000E+00  -.575E+02   .000E+00   .000E+00   .000E+00   .517E+01
        5.7083   .000E+00   .000E+00   .000E+00   .000E+00  -.643E+02   .000E+00   .000E+00   .000E+00   .674E+01
        7.5666   .000E+00   .000E+00   .000E+00   .000E+00  -.730E+02   .000E+00   .000E+00   .000E+00   .894E+01
       10.0444   .000E+00   .000E+00   .000E+00   .000E+00  -.833E+02   .000E+00   .000E+00   .000E+00   .119E+02
       12.5222   .000E+00   .000E+00   .000E+00   .000E+00  -.929E+02   .000E+00   .000E+00   .000E+00   .148E+02
       15.0000   .000E+00   .000E+00   .000E+00   .000E+00  -.102E+03   .000E+00   .000E+00   .000E+00   .177E+02
       18.7500   .000E+00   .000E+00   .000E+00   .000E+00  -.114E+03   .000E+00   .000E+00   .000E+00   .221E+02
       22.5000   .000E+00   .000E+00   .000E+00   .000E+00  -.126E+03   .000E+00   .000E+00   .000E+00   .266E+02
       30.0000   .000E+00   .000E+00   .000E+00   .000E+00  -.147E+03   .000E+00   .000E+00   .000E+00   .354E+02
       35.0000   .000E+00   .000E+00   .000E+00   .000E+00  -.161E+03   .000E+00   .000E+00   .000E+00   .413E+02
       40.0000   .000E+00   .000E+00   .000E+00   .000E+00  -.174E+03   .000E+00   .000E+00   .000E+00   .472E+02
       45.0000   .000E+00   .000E+00   .000E+00   .000E+00  -.186E+03   .000E+00   .000E+00   .000E+00   .532E+02
       52.5000   .000E+00   .000E+00   .000E+00   .000E+00  -.203E+03   .000E+00   .000E+00   .000E+00   .620E+02
       60.0000   .000E+00   .000E+00   .000E+00   .000E+00  -.219E+03   .000E+00   .000E+00   .000E+00   .709E+02
       67.5000   .000E+00   .000E+00   .000E+00   .000E+00  -.235E+03   .000E+00   .000E+00   .000E+00   .797E+02
       75.0000   .000E+00   .000E+00   .000E+00   .000E+00  -.250E+03   .000E+00   .000E+00   .000E+00   .886E+02
       90.0000   .000E+00   .000E+00   .000E+00   .000E+00  -.279E+03   .000E+00   .000E+00   .000E+00   .106E+03
      105.0000   .000E+00   .000E+00   .000E+00   .000E+00  -.306E+03   .000E+00   .000E+00   .000E+00   .124E+03
      120.0000   .000E+00   .000E+00   .000E+00   .000E+00  -.332E+03   .000E+00   .000E+00   .000E+00   .142E+03
      130.0000   .000E+00   .000E+00   .000E+00   .000E+00  -.349E+03   .000E+00   .000E+00   .000E+00   .154E+03
      150.0000   .000E+00   .000E+00   .000E+00   .000E+00  -.382E+03   .000E+00   .000E+00   .000E+00   .177E+03
      165.0000   .000E+00   .000E+00   .000E+00   .000E+00  -.406E+03   .000E+00   .000E+00   .000E+00   .195E+03
      180.0000   .000E+00   .000E+00   .000E+00   .000E+00  -.430E+03   .000E+00   .000E+00   .000E+00   .213E+03
      195.0000   .000E+00   .000E+00   .000E+00   .000E+00  -.452E+03   .000E+00   .000E+00   .000E+00   .230E+03
      210.0000   .000E+00   .000E+00   .000E+00   .000E+00  -.475E+03   .000E+00   .000E+00   .000E+00   .248E+03
      240.0000   .000E+00   .000E+00   .000E+00   .000E+00  -.519E+03   .000E+00   .000E+00   .000E+00   .283E+03
      270.0000   .000E+00   .000E+00   .000E+00   .000E+00  -.561E+03   .000E+00   .000E+00   .000E+00   .319E+03
      300.0000   .000E+00   .000E+00   .000E+00   .000E+00  -.603E+03   .000E+00   .000E+00   .000E+00   .354E+03
      330.0000   .000E+00   .000E+00   .000E+00   .000E+00  -.644E+03   .000E+00   .000E+00   .000E+00   .390E+03
      360.0000   .000E+00   .000E+00   .000E+00   .000E+00  -.684E+03   .000E+00   .000E+00   .000E+00   .425E+03
      390.0000   .000E+00   .000E+00   .000E+00   .000E+00  -.723E+03   .000E+00   .000E+00   .000E+00   .461E+03
      420.0000   .000E+00   .000E+00   .000E+00   .000E+00  -.762E+03   .000E+00   .000E+00   .000E+00   .496E+03
      450.0000   .000E+00   .000E+00   .000E+00   .000E+00  -.801E+03   .000E+00   .000E+00   .000E+00   .532E+03
      480.0000   .000E+00   .000E+00   .000E+00   .000E+00  -.839E+03   .000E+00   .000E+00   .000E+00   .567E+03
      510.0000   .000E+00   .000E+00   .000E+00   .000E+00  -.876E+03   .000E+00   .000E+00   .000E+00   .602E+03
      540.0000   .000E+00   .000E+00   .000E+00   .000E+00  -.914E+03   .000E+00   .000E+00   .000E+00   .638E+03
      570.0000   .000E+00   .000E+00   .000E+00   .000E+00  -.951E+03   .000E+00   .000E+00   .000E+00   .673E+03
      600.0000   .000E+00   .000E+00   .000E+00   .000E+00  -.987E+03   .000E+00   .000E+00   .000E+00   .709E+03
      630.0000   .000E+00   .000E+00   .000E+00   .000E+00  -.102E+04   .000E+00   .000E+00   .000E+00   .744E+03
      645.0000   .000E+00   .000E+00   .000E+00   .000E+00  -.104E+04   .000E+00   .000E+00   .000E+00   .762E+03
      660.0000   .000E+00   .000E+00   .000E+00   .000E+00  -.106E+04   .000E+00   .000E+00   .000E+00   .780E+03
      690.0000   .000E+00   .000E+00   .000E+00   .000E+00  -.110E+04   .000E+00   .000E+00   .000E+00   .815E+03
      720.0000   .000E+00   .000E+00   .000E+00   .000E+00  -.113E+04   .000E+00   .000E+00   .000E+00   .850E+03
      750.0000   .000E+00   .000E+00   .000E+00   .000E+00  -.117E+04   .000E+00   .000E+00   .000E+00   .886E+03
      780.0000   .000E+00   .000E+00   .000E+00   .000E+00  -.120E+04   .000E+00   .000E+00   .000E+00   .921E+03
      840.0000   .000E+00   .000E+00   .000E+00   .000E+00  -.127E+04   .000E+00   .000E+00   .000E+00   .992E+03
      840.1000   .000E+00   .000E+00   .000E+00   .000E+00  -.127E+04   .000E+00   .000E+00   .000E+00   .992E+03
      840.2300   .000E+00   .000E+00   .000E+00   .000E+00  -.127E+04   .000E+00   .000E+00   .000E+00   .992E+03
      840.3989   .000E+00   .000E+00   .000E+00   .000E+00  -.127E+04   .000E+00   .000E+00   .000E+00   .993E+03
      840.6185   .000E+00   .000E+00   .000E+00   .000E+00  -.127E+04   .000E+00   .000E+00   .000E+00   .993E+03
      840.9042   .000E+00   .000E+00   .000E+00   .000E+00  -.127E+04   .000E+00   .000E+00   .000E+00   .993E+03
      841.2755   .000E+00   .000E+00   .000E+00   .000E+00  -.127E+04   .000E+00   .000E+00   .000E+00   .994E+03
      841.7578   .000E+00   .000E+00   .000E+00   .000E+00  -.127E+04   .000E+00   .000E+00   .000E+00   .994E+03
      842.3847   .000E+00   .000E+00   .000E+00   .000E+00  -.127E+04   .000E+00   .000E+00   .000E+00   .995E+03
      843.2012   .000E+00   .000E+00   .000E+00   .000E+00  -.128E+04   .000E+00   .000E+00   .000E+00   .996E+03
      844.2631   .000E+00   .000E+00   .000E+00   .000E+00  -.128E+04   .000E+00   .000E+00   .000E+00   .997E+03
      845.6417   .000E+00   .000E+00   .000E+00   .000E+00  -.128E+04   .000E+00   .000E+00   .000E+00   .999E+03
      847.4307   .000E+00   .000E+00   .000E+00   .000E+00  -.128E+04   .000E+00   .000E+00   .000E+00   .100E+04
      849.7564   .000E+00   .000E+00   .000E+00   .000E+00  -.128E+04   .000E+00   .000E+00   .000E+00   .100E+04
      852.7859   .000E+00   .000E+00   .000E+00   .000E+00  -.129E+04   .000E+00   .000E+00   .000E+00   .101E+04
      856.7034   .000E+00   .000E+00   .000E+00   .000E+00  -.129E+04   .000E+00   .000E+00   .000E+00   .101E+04
      861.7784   .000E+00   .000E+00   .000E+00   .000E+00  -.130E+04   .000E+00   .000E+00   .000E+00   .102E+04
      868.3912   .000E+00   .000E+00   .000E+00   .000E+00  -.131E+04   .000E+00   .000E+00   .000E+00   .103E+04
      877.2082   .000E+00   .000E+00   .000E+00   .000E+00  -.132E+04   .000E+00   .000E+00   .000E+00   .104E+04
      888.4744   .000E+00   .000E+00   .000E+00   .000E+00  -.133E+04   .000E+00   .000E+00   .000E+00   .105E+04
      903.2072   .000E+00   .000E+00   .000E+00   .000E+00  -.135E+04   .000E+00   .000E+00   .000E+00   .107E+04
      922.8508   .000E+00   .000E+00   .000E+00   .000E+00  -.137E+04   .000E+00   .000E+00   .000E+00   .109E+04
      949.0424   .000E+00   .000E+00   .000E+00   .000E+00  -.140E+04   .000E+00   .000E+00   .000E+00   .112E+04
      981.7817   .000E+00   .000E+00   .000E+00   .000E+00  -.144E+04   .000E+00   .000E+00   .000E+00   .116E+04
     1030.8910   .000E+00   .000E+00   .000E+00   .000E+00  -.149E+04   .000E+00   .000E+00   .000E+00   .122E+04
     1080.0000   .000E+00   .000E+00   .000E+00   .000E+00  -.155E+04   .000E+00   .000E+00   .000E+00   .128E+04
     1110.0000   .000E+00   .000E+00   .000E+00   .000E+00  -.158E+04   .000E+00   .000E+00   .000E+00   .131E+04
     1140.0000   .000E+00   .000E+00   .000E+00   .000E+00  -.161E+04   .000E+00   .000E+00   .000E+00   .135E+04
     1170.0000   .000E+00   .000E+00   .000E+00   .000E+00  -.165E+04   .000E+00   .000E+00   .000E+00   .138E+04
     1200.0000   .000E+00   .000E+00   .000E+00   .000E+00  -.168E+04   .000E+00   .000E+00   .000E+00   .142E+04
     1230.0000   .000E+00   .000E+00   .000E+00   .000E+00  -.171E+04   .000E+00   .000E+00   .000E+00   .145E+04
     1260.0000   .000E+00   .000E+00   .000E+00   .000E+00  -.175E+04   .000E+00   .000E+00   .000E+00   .149E+04
     1290.0000   .000E+00   .000E+00   .000E+00   .000E+00  -.178E+04   .000E+00   .000E+00   .000E+00   .152E+04
     1320.0000   .000E+00   .000E+00   .000E+00   .000E+00  -.181E+04   .000E+00   .000E+00   .000E+00   .156E+04
     1380.0000   .000E+00   .000E+00   .000E+00   .000E+00  -.188E+04   .000E+00   .000E+00   .000E+00   .163E+04
     1440.0000   .000E+00   .000E+00   .000E+00   .000E+00  -.195E+04   .000E+00   .000E+00   .000E+00   .170E+04
     1500.0000   .000E+00   .000E+00   .000E+00   .000E+00  -.201E+04   .000E+00   .000E+00   .000E+00   .177E+04
     1560.0000   .000E+00   .000E+00   .000E+00   .000E+00  -.208E+04   .000E+00   .000E+00   .000E+00   .184E+04
     1620.0000   .000E+00   .000E+00   .000E+00   .000E+00  -.214E+04   .000E+00   .000E+00   .000E+00   .191E+04
     1680.0000   .000E+00   .000E+00   .000E+00   .000E+00  -.221E+04   .000E+00   .000E+00   .000E+00   .198E+04
     1740.0000   .000E+00   .000E+00   .000E+00   .000E+00  -.227E+04   .000E+00   .000E+00   .000E+00   .206E+04
     1800.0000   .000E+00   .000E+00   .000E+00   .000E+00  -.234E+04   .000E+00   .000E+00   .000E+00   .213E+04
     1860.0000   .000E+00   .000E+00   .000E+00   .000E+00  -.240E+04   .000E+00   .000E+00   .000E+00   .220E+04
     1920.0000   .000E+00   .000E+00   .000E+00   .000E+00  -.246E+04   .000E+00   .000E+00   .000E+00   .227E+04
     1935.0000   .000E+00   .000E+00   .000E+00   .000E+00  -.248E+04   .000E+00   .000E+00   .000E+00   .229E+04
     1980.0000   .000E+00   .000E+00   .000E+00   .000E+00  -.253E+04   .000E+00   .000E+00   .000E+00   .234E+04
     2040.0000   .000E+00   .000E+00   .000E+00   .000E+00  -.259E+04   .000E+00   .000E+00   .000E+00   .241E+04
     2100.0000   .000E+00   .000E+00   .000E+00   .000E+00  -.266E+04   .000E+00   .000E+00   .000E+00   .248E+04
     2160.0000   .000E+00   .000E+00   .000E+00   .000E+00  -.272E+04   .000E+00   .000E+00   .000E+00   .255E+04
     2220.0000   .000E+00   .000E+00   .000E+00   .000E+00  -.278E+04   .000E+00   .000E+00   .000E+00   .262E+04
     2250.0000   .000E+00   .000E+00   .000E+00   .000E+00  -.282E+04   .000E+00   .000E+00   .000E+00   .266E+04
     2250.1000   .000E+00   .000E+00   .000E+00   .000E+00  -.282E+04   .000E+00   .000E+00   .000E+00   .266E+04
     2250.2300   .000E+00   .000E+00   .000E+00   .000E+00  -.282E+04   .000E+00   .000E+00   .000E+00   .266E+04
     2250.3990   .000E+00   .000E+00   .000E+00   .000E+00  -.282E+04   .000E+00   .000E+00   .000E+00   .266E+04
     2250.6190   .000E+00   .000E+00   .000E+00   .000E+00  -.282E+04   .000E+00   .000E+00   .000E+00   .266E+04
     2250.9040   .000E+00   .000E+00   .000E+00   .000E+00  -.282E+04   .000E+00   .000E+00   .000E+00   .266E+04
     2251.2760   .000E+00   .000E+00   .000E+00   .000E+00  -.282E+04   .000E+00   .000E+00   .000E+00   .266E+04
     2251.7590   .000E+00   .000E+00   .000E+00   .000E+00  -.282E+04   .000E+00   .000E+00   .000E+00   .266E+04
     2252.3870   .000E+00   .000E+00   .000E+00   .000E+00  -.282E+04   .000E+00   .000E+00   .000E+00   .266E+04
     2253.2010   .000E+00   .000E+00   .000E+00   .000E+00  -.282E+04   .000E+00   .000E+00   .000E+00   .266E+04
     2254.2600   .000E+00   .000E+00   .000E+00   .000E+00  -.282E+04   .000E+00   .000E+00   .000E+00   .266E+04
     2255.6440   .000E+00   .000E+00   .000E+00   .000E+00  -.283E+04   .000E+00   .000E+00   .000E+00   .266E+04
     2257.4410   .000E+00   .000E+00   .000E+00   .000E+00  -.283E+04   .000E+00   .000E+00   .000E+00   .267E+04
     2259.7730   .000E+00   .000E+00   .000E+00   .000E+00  -.283E+04   .000E+00   .000E+00   .000E+00   .267E+04
     2262.8130   .000E+00   .000E+00   .000E+00   .000E+00  -.284E+04   .000E+00   .000E+00   .000E+00   .267E+04
     2266.7940   .000E+00   .000E+00   .000E+00   .000E+00  -.284E+04   .000E+00   .000E+00   .000E+00   .268E+04
     2271.8940   .000E+00   .000E+00   .000E+00   .000E+00  -.285E+04   .000E+00   .000E+00   .000E+00   .268E+04
     2278.4810   .000E+00   .000E+00   .000E+00   .000E+00  -.286E+04   .000E+00   .000E+00   .000E+00   .269E+04
     2286.8990   .000E+00   .000E+00   .000E+00   .000E+00  -.287E+04   .000E+00   .000E+00   .000E+00   .270E+04
     2297.9070   .000E+00   .000E+00   .000E+00   .000E+00  -.289E+04   .000E+00   .000E+00   .000E+00   .271E+04
     2312.5840   .000E+00   .000E+00   .000E+00   .000E+00  -.291E+04   .000E+00   .000E+00   .000E+00   .273E+04
     2332.1530   .000E+00   .000E+00   .000E+00   .000E+00  -.293E+04   .000E+00   .000E+00   .000E+00   .275E+04
     2356.6150   .000E+00   .000E+00   .000E+00   .000E+00  -.297E+04   .000E+00   .000E+00   .000E+00   .278E+04
     2393.3080   .000E+00   .000E+00   .000E+00   .000E+00  -.302E+04   .000E+00   .000E+00   .000E+00   .283E+04
     2430.0000   .000E+00   .000E+00   .000E+00   .000E+00  -.306E+04   .000E+00   .000E+00   .000E+00   .287E+04
     2440.0000   .000E+00   .000E+00   .000E+00   .000E+00  -.308E+04   .000E+00   .000E+00   .000E+00   .288E+04
     2450.0000   .000E+00   .000E+00   .000E+00   .000E+00  -.309E+04   .000E+00   .000E+00   .000E+00   .289E+04
     2460.0000   .000E+00   .000E+00   .000E+00   .000E+00  -.310E+04   .000E+00   .000E+00   .000E+00   .291E+04
     2470.0000   .000E+00   .000E+00   .000E+00   .000E+00  -.312E+04   .000E+00   .000E+00   .000E+00   .292E+04
     2480.0000   .000E+00   .000E+00   .000E+00   .000E+00  -.313E+04   .000E+00   .000E+00   .000E+00   .293E+04
     2490.0000   .000E+00   .000E+00   .000E+00   .000E+00  -.314E+04   .000E+00   .000E+00   .000E+00   .294E+04
     2505.0000   .000E+00   .000E+00   .000E+00   .000E+00  -.316E+04   .000E+00   .000E+00   .000E+00   .296E+04
     2520.0000   .000E+00   .000E+00   .000E+00   .000E+00  -.318E+04   .000E+00   .000E+00   .000E+00   .298E+04
     2535.0000   .000E+00   .000E+00   .000E+00   .000E+00  -.320E+04   .000E+00   .000E+00   .000E+00   .299E+04
     2550.0000   .000E+00   .000E+00   .000E+00   .000E+00  -.322E+04   .000E+00   .000E+00   .000E+00   .301E+04
     2580.0000   .000E+00   .000E+00   .000E+00   .000E+00  -.326E+04   .000E+00   .000E+00   .000E+00   .305E+04
     2610.0000   .000E+00   .000E+00   .000E+00   .000E+00  -.330E+04   .000E+00   .000E+00   .000E+00   .308E+04
     2640.0000   .000E+00   .000E+00   .000E+00   .000E+00  -.334E+04   .000E+00   .000E+00   .000E+00   .312E+04
     2670.0000   .000E+00   .000E+00   .000E+00   .000E+00  -.338E+04   .000E+00   .000E+00   .000E+00   .315E+04
     2730.0000   .000E+00   .000E+00   .000E+00   .000E+00  -.346E+04   .000E+00   .000E+00   .000E+00   .322E+04
     2790.0000   .000E+00   .000E+00   .000E+00   .000E+00  -.353E+04   .000E+00   .000E+00   .000E+00   .330E+04
     2880.0000   .000E+00   .000E+00   .000E+00   .000E+00  -.365E+04   .000E+00   .000E+00   .000E+00   .340E+04
     2910.0000   .000E+00   .000E+00   .000E+00   .000E+00  -.369E+04   .000E+00   .000E+00   .000E+00   .344E+04
     2970.0000   .000E+00   .000E+00   .000E+00   .000E+00  -.376E+04   .000E+00   .000E+00   .000E+00   .351E+04
     3030.0000   .000E+00   .000E+00   .000E+00   .000E+00  -.384E+04   .000E+00   .000E+00   .000E+00   .358E+04
     3090.0000   .000E+00   .000E+00   .000E+00   .000E+00  -.391E+04   .000E+00   .000E+00   .000E+00   .365E+04
     3150.0000   .000E+00   .000E+00   .000E+00   .000E+00  -.399E+04   .000E+00   .000E+00   .000E+00   .372E+04
     3210.0000   .000E+00   .000E+00   .000E+00   .000E+00  -.407E+04   .000E+00   .000E+00   .000E+00   .379E+04
     3225.0000   .000E+00   .000E+00   .000E+00   .000E+00  -.409E+04   .000E+00   .000E+00   .000E+00   .381E+04
     3270.0000   .000E+00   .000E+00   .000E+00   .000E+00  -.414E+04   .000E+00   .000E+00   .000E+00   .386E+04
     3330.0000   .000E+00   .000E+00   .000E+00   .000E+00  -.422E+04   .000E+00   .000E+00   .000E+00   .393E+04
     3330.1000   .000E+00   .000E+00   .000E+00   .000E+00  -.422E+04   .000E+00   .000E+00   .000E+00   .393E+04
     3330.2300   .000E+00   .000E+00   .000E+00   .000E+00  -.422E+04   .000E+00   .000E+00   .000E+00   .393E+04
     3330.3990   .000E+00   .000E+00   .000E+00   .000E+00  -.422E+04   .000E+00   .000E+00   .000E+00   .393E+04
     3330.6190   .000E+00   .000E+00   .000E+00   .000E+00  -.422E+04   .000E+00   .000E+00   .000E+00   .393E+04
     3330.9040   .000E+00   .000E+00   .000E+00   .000E+00  -.422E+04   .000E+00   .000E+00   .000E+00   .393E+04
     3331.2760   .000E+00   .000E+00   .000E+00   .000E+00  -.422E+04   .000E+00   .000E+00   .000E+00   .393E+04
     3331.7590   .000E+00   .000E+00   .000E+00   .000E+00  -.422E+04   .000E+00   .000E+00   .000E+00   .394E+04
     3332.3870   .000E+00   .000E+00   .000E+00   .000E+00  -.423E+04   .000E+00   .000E+00   .000E+00   .394E+04
     3333.2010   .000E+00   .000E+00   .000E+00   .000E+00  -.423E+04   .000E+00   .000E+00   .000E+00   .394E+04
     3334.2600   .000E+00   .000E+00   .000E+00   .000E+00  -.423E+04   .000E+00   .000E+00   .000E+00   .394E+04
     3335.6440   .000E+00   .000E+00   .000E+00   .000E+00  -.423E+04   .000E+00   .000E+00   .000E+00   .394E+04
     3337.4410   .000E+00   .000E+00   .000E+00   .000E+00  -.424E+04   .000E+00   .000E+00   .000E+00   .394E+04
     3339.7730   .000E+00   .000E+00   .000E+00   .000E+00  -.424E+04   .000E+00   .000E+00   .000E+00   .394E+04
     3342.8130   .000E+00   .000E+00   .000E+00   .000E+00  -.425E+04   .000E+00   .000E+00   .000E+00   .395E+04
     3346.7940   .000E+00   .000E+00   .000E+00   .000E+00  -.425E+04   .000E+00   .000E+00   .000E+00   .395E+04
     3351.8940   .000E+00   .000E+00   .000E+00   .000E+00  -.426E+04   .000E+00   .000E+00   .000E+00   .396E+04
     3358.4810   .000E+00   .000E+00   .000E+00   .000E+00  -.427E+04   .000E+00   .000E+00   .000E+00   .397E+04
     3366.8990   .000E+00   .000E+00   .000E+00   .000E+00  -.429E+04   .000E+00   .000E+00   .000E+00   .398E+04
     3377.9070   .000E+00   .000E+00   .000E+00   .000E+00  -.431E+04   .000E+00   .000E+00   .000E+00   .399E+04
     3392.5840   .000E+00   .000E+00   .000E+00   .000E+00  -.433E+04   .000E+00   .000E+00   .000E+00   .401E+04
     3412.1530   .000E+00   .000E+00   .000E+00   .000E+00  -.436E+04   .000E+00   .000E+00   .000E+00   .403E+04
     3436.6150   .000E+00   .000E+00   .000E+00   .000E+00  -.440E+04   .000E+00   .000E+00   .000E+00   .406E+04
     3473.3080   .000E+00   .000E+00   .000E+00   .000E+00  -.446E+04   .000E+00   .000E+00   .000E+00   .410E+04
     3510.0000   .000E+00   .000E+00   .000E+00   .000E+00  -.452E+04   .000E+00   .000E+00   .000E+00   .415E+04
     3520.0000   .000E+00   .000E+00   .000E+00   .000E+00  -.454E+04   .000E+00   .000E+00   .000E+00   .416E+04
     3530.0000   .000E+00   .000E+00   .000E+00   .000E+00  -.456E+04   .000E+00   .000E+00   .000E+00   .417E+04
     3540.0000   .000E+00   .000E+00   .000E+00   .000E+00  -.457E+04   .000E+00   .000E+00   .000E+00   .418E+04
     3550.0000   .000E+00   .000E+00   .000E+00   .000E+00  -.459E+04   .000E+00   .000E+00   .000E+00   .419E+04
     3560.0000   .000E+00   .000E+00   .000E+00   .000E+00  -.460E+04   .000E+00   .000E+00   .000E+00   .421E+04
     3570.0000   .000E+00   .000E+00   .000E+00   .000E+00  -.462E+04   .000E+00   .000E+00   .000E+00   .422E+04
     3585.0000   .000E+00   .000E+00   .000E+00   .000E+00  -.464E+04   .000E+00   .000E+00   .000E+00   .423E+04
     3600.0000   .000E+00   .000E+00   .000E+00   .000E+00  -.467E+04   .000E+00   .000E+00   .000E+00   .425E+04
     3615.0000   .000E+00   .000E+00   .000E+00   .000E+00  -.469E+04   .000E+00   .000E+00   .000E+00   .427E+04
     3630.0000   .000E+00   .000E+00   .000E+00   .000E+00  -.472E+04   .000E+00   .000E+00   .000E+00   .429E+04
     3660.0000   .000E+00   .000E+00   .000E+00   .000E+00  -.476E+04   .000E+00   .000E+00   .000E+00   .432E+04
     3690.0000   .000E+00   .000E+00   .000E+00   .000E+00  -.481E+04   .000E+00   .000E+00   .000E+00   .436E+04
     3720.0000   .000E+00   .000E+00   .000E+00   .000E+00  -.486E+04   .000E+00   .000E+00   .000E+00   .439E+04
     3765.0000   .000E+00   .000E+00   .000E+00   .000E+00  -.493E+04   .000E+00   .000E+00   .000E+00   .445E+04
     3810.0000   .000E+00   .000E+00   .000E+00   .000E+00  -.500E+04   .000E+00   .000E+00   .000E+00   .450E+04
     3870.0000   .000E+00   .000E+00   .000E+00   .000E+00  -.510E+04   .000E+00   .000E+00   .000E+00   .457E+04
     3930.0000   .000E+00   .000E+00   .000E+00   .000E+00  -.519E+04   .000E+00   .000E+00   .000E+00   .464E+04
     3990.0000   .000E+00   .000E+00   .000E+00   .000E+00  -.529E+04   .000E+00   .000E+00   .000E+00   .471E+04
     4020.0000   .000E+00   .000E+00   .000E+00   .000E+00  -.533E+04   .000E+00   .000E+00   .000E+00   .475E+04
     4050.0000   .000E+00   .000E+00   .000E+00   .000E+00  -.538E+04   .000E+00   .000E+00   .000E+00   .478E+04
     4080.0000   .000E+00   .000E+00   .000E+00   .000E+00  -.543E+04   .000E+00   .000E+00   .000E+00   .482E+04
     4110.0000   .000E+00   .000E+00   .000E+00   .000E+00  -.547E+04   .000E+00   .000E+00   .000E+00   .485E+04
     4140.0000   .000E+00   .000E+00   .000E+00   .000E+00  -.552E+04   .000E+00   .000E+00   .000E+00   .489E+04
     4170.0000   .000E+00   .000E+00   .000E+00   .000E+00  -.557E+04   .000E+00   .000E+00   .000E+00   .493E+04
     4200.0000   .000E+00   .000E+00   .000E+00   .000E+00  -.562E+04   .000E+00   .000E+00   .000E+00   .496E+04
     4230.0000   .000E+00   .000E+00   .000E+00   .000E+00  -.566E+04   .000E+00   .000E+00   .000E+00   .500E+04
     4260.0000   .000E+00   .000E+00   .000E+00   .000E+00  -.571E+04   .000E+00   .000E+00   .000E+00   .503E+04
     4290.0000   .000E+00   .000E+00   .000E+00   .000E+00  -.576E+04   .000E+00   .000E+00   .000E+00   .507E+04
     4290.1000   .000E+00   .000E+00   .000E+00   .000E+00  -.576E+04   .000E+00   .000E+00   .000E+00   .507E+04
     4290.2300   .000E+00   .000E+00   .000E+00   .000E+00  -.576E+04   .000E+00   .000E+00   .000E+00   .507E+04
     4290.3990   .000E+00   .000E+00   .000E+00   .000E+00  -.576E+04   .000E+00   .000E+00   .000E+00   .507E+04
     4290.6190   .000E+00   .000E+00   .000E+00   .000E+00  -.576E+04   .000E+00   .000E+00   .000E+00   .507E+04
     4290.9040   .000E+00   .000E+00   .000E+00   .000E+00  -.576E+04   .000E+00   .000E+00   .000E+00   .507E+04
     4291.2760   .000E+00   .000E+00   .000E+00   .000E+00  -.576E+04   .000E+00   .000E+00   .000E+00   .507E+04
     4291.7590   .000E+00   .000E+00   .000E+00   .000E+00  -.576E+04   .000E+00   .000E+00   .000E+00   .507E+04
     4292.3860   .000E+00   .000E+00   .000E+00   .000E+00  -.576E+04   .000E+00   .000E+00   .000E+00   .507E+04
     4293.2010   .000E+00   .000E+00   .000E+00   .000E+00  -.577E+04   .000E+00   .000E+00   .000E+00   .507E+04
     4294.2600   .000E+00   .000E+00   .000E+00   .000E+00  -.577E+04   .000E+00   .000E+00   .000E+00   .507E+04
     4295.6440   .000E+00   .000E+00   .000E+00   .000E+00  -.577E+04   .000E+00   .000E+00   .000E+00   .507E+04
     4297.4410   .000E+00   .000E+00   .000E+00   .000E+00  -.578E+04   .000E+00   .000E+00   .000E+00   .508E+04
     4299.7730   .000E+00   .000E+00   .000E+00   .000E+00  -.578E+04   .000E+00   .000E+00   .000E+00   .508E+04
     4302.8130   .000E+00   .000E+00   .000E+00   .000E+00  -.579E+04   .000E+00   .000E+00   .000E+00   .508E+04
     4306.7930   .000E+00   .000E+00   .000E+00   .000E+00  -.580E+04   .000E+00   .000E+00   .000E+00   .509E+04
     4311.8930   .000E+00   .000E+00   .000E+00   .000E+00  -.581E+04   .000E+00   .000E+00   .000E+00   .509E+04
     4318.4810   .000E+00   .000E+00   .000E+00   .000E+00  -.582E+04   .000E+00   .000E+00   .000E+00   .510E+04
     4326.8980   .000E+00   .000E+00   .000E+00   .000E+00  -.584E+04   .000E+00   .000E+00   .000E+00   .511E+04
     4337.9060   .000E+00   .000E+00   .000E+00   .000E+00  -.586E+04   .000E+00   .000E+00   .000E+00   .512E+04
     4352.5830   .000E+00   .000E+00   .000E+00   .000E+00  -.589E+04   .000E+00   .000E+00   .000E+00   .514E+04
     4372.1530   .000E+00   .000E+00   .000E+00   .000E+00  -.593E+04   .000E+00   .000E+00   .000E+00   .516E+04
     4396.6150   .000E+00   .000E+00   .000E+00   .000E+00  -.598E+04   .000E+00   .000E+00   .000E+00   .519E+04
     4433.3080   .000E+00   .000E+00   .000E+00   .000E+00  -.605E+04   .000E+00   .000E+00   .000E+00   .524E+04
     4470.0000   .000E+00   .000E+00   .000E+00   .000E+00  -.612E+04   .000E+00   .000E+00   .000E+00   .528E+04
     4480.0000   .000E+00   .000E+00   .000E+00   .000E+00  -.614E+04   .000E+00   .000E+00   .000E+00   .529E+04
     4490.0000   .000E+00   .000E+00   .000E+00   .000E+00  -.616E+04   .000E+00   .000E+00   .000E+00   .530E+04
     4500.0000   .000E+00   .000E+00   .000E+00   .000E+00  -.618E+04   .000E+00   .000E+00   .000E+00   .532E+04
     4510.0000   .000E+00   .000E+00   .000E+00   .000E+00  -.620E+04   .000E+00   .000E+00   .000E+00   .533E+04
     4515.0000   .000E+00   .000E+00   .000E+00   .000E+00  -.621E+04   .000E+00   .000E+00   .000E+00   .533E+04
     4520.0000   .000E+00   .000E+00   .000E+00   .000E+00  -.622E+04   .000E+00   .000E+00   .000E+00   .534E+04
     4530.0000   .000E+00   .000E+00   .000E+00   .000E+00  -.624E+04   .000E+00   .000E+00   .000E+00   .535E+04
     4545.0000   .000E+00   .000E+00   .000E+00   .000E+00  -.627E+04   .000E+00   .000E+00   .000E+00   .537E+04
     4560.0000   .000E+00   .000E+00   .000E+00   .000E+00  -.630E+04   .000E+00   .000E+00   .000E+00   .539E+04
     4575.0000   .000E+00   .000E+00   .000E+00   .000E+00  -.632E+04   .000E+00   .000E+00   .000E+00   .540E+04
     4590.0000   .000E+00   .000E+00   .000E+00   .000E+00  -.635E+04   .000E+00   .000E+00   .000E+00   .542E+04
     4605.0000   .000E+00   .000E+00   .000E+00   .000E+00  -.638E+04   .000E+00   .000E+00   .000E+00   .544E+04
     4620.0000   .000E+00   .000E+00   .000E+00   .000E+00  -.641E+04   .000E+00   .000E+00   .000E+00   .546E+04
     4635.0000   .000E+00   .000E+00   .000E+00   .000E+00  -.644E+04   .000E+00   .000E+00   .000E+00   .547E+04
     4650.0000   .000E+00   .000E+00   .000E+00   .000E+00  -.647E+04   .000E+00   .000E+00   .000E+00   .549E+04
     4665.0000   .000E+00   .000E+00   .000E+00   .000E+00  -.650E+04   .000E+00   .000E+00   .000E+00   .551E+04
     4680.0000   .000E+00   .000E+00   .000E+00   .000E+00  -.653E+04   .000E+00   .000E+00   .000E+00   .553E+04
     4695.0000   .000E+00   .000E+00   .000E+00   .000E+00  -.656E+04   .000E+00   .000E+00   .000E+00   .555E+04
     4710.0000   .000E+00   .000E+00   .000E+00   .000E+00  -.658E+04   .000E+00   .000E+00   .000E+00   .556E+04
     4725.0000   .000E+00   .000E+00   .000E+00   .000E+00  -.661E+04   .000E+00   .000E+00   .000E+00   .558E+04
     4740.0000   .000E+00   .000E+00   .000E+00   .000E+00  -.664E+04   .000E+00   .000E+00   .000E+00   .560E+04
     4755.0000   .000E+00   .000E+00   .000E+00   .000E+00  -.667E+04   .000E+00   .000E+00   .000E+00   .562E+04
     4770.0000   .000E+00   .000E+00   .000E+00   .000E+00  -.670E+04   .000E+00   .000E+00   .000E+00   .563E+04
     4785.0000   .000E+00   .000E+00   .000E+00   .000E+00  -.673E+04   .000E+00   .000E+00   .000E+00   .565E+04
     4800.0000   .000E+00   .000E+00   .000E+00   .000E+00  -.676E+04   .000E+00   .000E+00   .000E+00   .567E+04
     4815.0000   .000E+00   .000E+00   .000E+00   .000E+00  -.679E+04   .000E+00   .000E+00   .000E+00   .569E+04
     4830.0000   .000E+00   .000E+00   .000E+00   .000E+00  -.682E+04   .000E+00   .000E+00   .000E+00   .571E+04
     4845.0000   .000E+00   .000E+00   .000E+00   .000E+00  -.684E+04   .000E+00   .000E+00   .000E+00   .572E+04
     4860.0000   .000E+00   .000E+00   .000E+00   .000E+00  -.687E+04   .000E+00   .000E+00   .000E+00   .574E+04
     4875.0000   .000E+00   .000E+00   .000E+00   .000E+00  -.690E+04   .000E+00   .000E+00   .000E+00   .576E+04
     4905.0000   .000E+00   .000E+00   .000E+00   .000E+00  -.696E+04   .000E+00   .000E+00   .000E+00   .579E+04
     4920.0000   .000E+00   .000E+00   .000E+00   .000E+00  -.699E+04   .000E+00   .000E+00   .000E+00   .581E+04
     4935.0000   .000E+00   .000E+00   .000E+00   .000E+00  -.702E+04   .000E+00   .000E+00   .000E+00   .583E+04
     4950.0000   .000E+00   .000E+00   .000E+00   .000E+00  -.705E+04   .000E+00   .000E+00   .000E+00   .585E+04
     4965.0000   .000E+00   .000E+00   .000E+00   .000E+00  -.707E+04   .000E+00   .000E+00   .000E+00   .586E+04
     4980.0000   .000E+00   .000E+00   .000E+00   .000E+00  -.710E+04   .000E+00   .000E+00   .000E+00   .588E+04
     4995.0000   .000E+00   .000E+00   .000E+00   .000E+00  -.713E+04   .000E+00   .000E+00   .000E+00   .590E+04
     5010.0000   .000E+00   .000E+00   .000E+00   .000E+00  -.716E+04   .000E+00   .000E+00   .000E+00   .592E+04
     5025.0000   .000E+00   .000E+00   .000E+00   .000E+00  -.719E+04   .000E+00   .000E+00   .000E+00   .594E+04
     5040.0000   .000E+00   .000E+00   .000E+00   .000E+00  -.722E+04   .000E+00   .000E+00   .000E+00   .595E+04
     5055.0000   .000E+00   .000E+00   .000E+00   .000E+00  -.725E+04   .000E+00   .000E+00   .000E+00   .597E+04
     5070.0000   .000E+00   .000E+00   .000E+00   .000E+00  -.727E+04   .000E+00   .000E+00   .000E+00   .599E+04
     5085.0000   .000E+00   .000E+00   .000E+00   .000E+00  -.730E+04   .000E+00   .000E+00   .000E+00   .601E+04
     5100.0000   .000E+00   .000E+00   .000E+00   .000E+00  -.733E+04   .000E+00   .000E+00   .000E+00   .602E+04
     5115.0000   .000E+00   .000E+00   .000E+00   .000E+00  -.736E+04   .000E+00   .000E+00   .000E+00   .604E+04
     5115.1000   .000E+00   .000E+00   .000E+00   .000E+00  -.736E+04   .000E+00   .000E+00   .000E+00   .604E+04
     5115.2300   .000E+00   .000E+00   .000E+00   .000E+00  -.736E+04   .000E+00   .000E+00   .000E+00   .604E+04
     5115.3990   .000E+00   .000E+00   .000E+00   .000E+00  -.736E+04   .000E+00   .000E+00   .000E+00   .604E+04
     5115.6190   .000E+00   .000E+00   .000E+00   .000E+00  -.736E+04   .000E+00   .000E+00   .000E+00   .604E+04
     5115.9050   .000E+00   .000E+00   .000E+00   .000E+00  -.736E+04   .000E+00   .000E+00   .000E+00   .604E+04
     5116.2760   .000E+00   .000E+00   .000E+00   .000E+00  -.736E+04   .000E+00   .000E+00   .000E+00   .604E+04
     5116.7560   .000E+00   .000E+00   .000E+00   .000E+00  -.736E+04   .000E+00   .000E+00   .000E+00   .604E+04
     5117.3830   .000E+00   .000E+00   .000E+00   .000E+00  -.737E+04   .000E+00   .000E+00   .000E+00   .604E+04
     5118.2030   .000E+00   .000E+00   .000E+00   .000E+00  -.737E+04   .000E+00   .000E+00   .000E+00   .605E+04
     5119.2740   .000E+00   .000E+00   .000E+00   .000E+00  -.737E+04   .000E+00   .000E+00   .000E+00   .605E+04
     5120.6320   .000E+00   .000E+00   .000E+00   .000E+00  -.737E+04   .000E+00   .000E+00   .000E+00   .605E+04
     5122.4210   .000E+00   .000E+00   .000E+00   .000E+00  -.738E+04   .000E+00   .000E+00   .000E+00   .605E+04
     5124.7700   .000E+00   .000E+00   .000E+00   .000E+00  -.738E+04   .000E+00   .000E+00   .000E+00   .605E+04
     5127.7060   .000E+00   .000E+00   .000E+00   .000E+00  -.739E+04   .000E+00   .000E+00   .000E+00   .606E+04
     5131.7430   .000E+00   .000E+00   .000E+00   .000E+00  -.740E+04   .000E+00   .000E+00   .000E+00   .606E+04
     5136.4520   .000E+00   .000E+00   .000E+00   .000E+00  -.741E+04   .000E+00   .000E+00   .000E+00   .607E+04
     5142.3390   .000E+00   .000E+00   .000E+00   .000E+00  -.742E+04   .000E+00   .000E+00   .000E+00   .607E+04
     5151.1690   .000E+00   .000E+00   .000E+00   .000E+00  -.744E+04   .000E+00   .000E+00   .000E+00   .608E+04
     5160.0000   .000E+00   .000E+00   .000E+00   .000E+00  -.746E+04   .000E+00   .000E+00   .000E+00   .610E+04
     5171.2500   .000E+00   .000E+00   .000E+00   .000E+00  -.749E+04   .000E+00   .000E+00   .000E+00   .611E+04
     5186.7190   .000E+00   .000E+00   .000E+00   .000E+00  -.752E+04   .000E+00   .000E+00   .000E+00   .613E+04
     5204.7660   .000E+00   .000E+00   .000E+00   .000E+00  -.756E+04   .000E+00   .000E+00   .000E+00   .615E+04
     5227.3240   .000E+00   .000E+00   .000E+00   .000E+00  -.761E+04   .000E+00   .000E+00   .000E+00   .617E+04
     5261.1620   .000E+00   .000E+00   .000E+00   .000E+00  -.768E+04   .000E+00   .000E+00   .000E+00   .621E+04
     5295.0000   .000E+00   .000E+00   .000E+00   .000E+00  -.776E+04   .000E+00   .000E+00   .000E+00   .625E+04
     5305.0000   .000E+00   .000E+00   .000E+00   .000E+00  -.778E+04   .000E+00   .000E+00   .000E+00   .627E+04
     5315.0000   .000E+00   .000E+00   .000E+00   .000E+00  -.780E+04   .000E+00   .000E+00   .000E+00   .628E+04
     5325.0000   .000E+00   .000E+00   .000E+00   .000E+00  -.782E+04   .000E+00   .000E+00   .000E+00   .629E+04
     5335.0000   .000E+00   .000E+00   .000E+00   .000E+00  -.785E+04   .000E+00   .000E+00   .000E+00   .630E+04
     5345.0000   .000E+00   .000E+00   .000E+00   .000E+00  -.787E+04   .000E+00   .000E+00   .000E+00   .631E+04
     5355.0000   .000E+00   .000E+00   .000E+00   .000E+00  -.789E+04   .000E+00   .000E+00   .000E+00   .633E+04
     5370.0000   .000E+00   .000E+00   .000E+00   .000E+00  -.792E+04   .000E+00   .000E+00   .000E+00   .634E+04
     5385.0000   .000E+00   .000E+00   .000E+00   .000E+00  -.795E+04   .000E+00   .000E+00   .000E+00   .636E+04
     5400.0000   .000E+00   .000E+00   .000E+00   .000E+00  -.799E+04   .000E+00   .000E+00   .000E+00   .638E+04
     5415.0000   .000E+00   .000E+00   .000E+00   .000E+00  -.802E+04   .000E+00   .000E+00   .000E+00   .640E+04
     5430.0000   .000E+00   .000E+00   .000E+00   .000E+00  -.805E+04   .000E+00   .000E+00   .000E+00   .641E+04
     5445.0000   .000E+00   .000E+00   .000E+00   .000E+00  -.808E+04   .000E+00   .000E+00   .000E+00   .643E+04
     5475.0000   .000E+00   .000E+00   .000E+00   .000E+00  -.815E+04   .000E+00   .000E+00   .000E+00   .647E+04
     5490.0000   .000E+00   .000E+00   .000E+00   .000E+00  -.818E+04   .000E+00   .000E+00   .000E+00   .648E+04
     5505.0000   .000E+00   .000E+00   .000E+00   .000E+00  -.821E+04   .000E+00   .000E+00   .000E+00   .650E+04
     5520.0000   .000E+00   .000E+00   .000E+00   .000E+00  -.825E+04   .000E+00   .000E+00   .000E+00   .652E+04
     5535.0000   .000E+00   .000E+00   .000E+00   .000E+00  -.828E+04   .000E+00   .000E+00   .000E+00   .654E+04
     5550.0000   .000E+00   .000E+00   .000E+00   .000E+00  -.831E+04   .000E+00   .000E+00   .000E+00   .656E+04
     5565.0000   .000E+00   .000E+00   .000E+00   .000E+00  -.834E+04   .000E+00   .000E+00   .000E+00   .657E+04
     5580.0000   .000E+00   .000E+00   .000E+00   .000E+00  -.838E+04   .000E+00   .000E+00   .000E+00   .659E+04
     5595.0000   .000E+00   .000E+00   .000E+00   .000E+00  -.841E+04   .000E+00   .000E+00   .000E+00   .661E+04
     5610.0000   .000E+00   .000E+00   .000E+00   .000E+00  -.844E+04   .000E+00   .000E+00   .000E+00   .663E+04
     5625.0000   .000E+00   .000E+00   .000E+00   .000E+00  -.847E+04   .000E+00   .000E+00   .000E+00   .664E+04
     5640.0000   .000E+00   .000E+00   .000E+00   .000E+00  -.850E+04   .000E+00   .000E+00   .000E+00   .666E+04
     5655.0000   .000E+00   .000E+00   .000E+00   .000E+00  -.854E+04   .000E+00   .000E+00   .000E+00   .668E+04
     5685.0000   .000E+00   .000E+00   .000E+00   .000E+00  -.860E+04   .000E+00   .000E+00   .000E+00   .672E+04
     5700.0000   .000E+00   .000E+00   .000E+00   .000E+00  -.863E+04   .000E+00   .000E+00   .000E+00   .673E+04
     5715.0000   .000E+00   .000E+00   .000E+00   .000E+00  -.867E+04   .000E+00   .000E+00   .000E+00   .675E+04
     5730.0000   .000E+00   .000E+00   .000E+00   .000E+00  -.870E+04   .000E+00   .000E+00   .000E+00   .677E+04
     5745.0000   .000E+00   .000E+00   .000E+00   .000E+00  -.873E+04   .000E+00   .000E+00   .000E+00   .679E+04
     5760.0000   .000E+00   .000E+00   .000E+00   .000E+00  -.876E+04   .000E+00   .000E+00   .000E+00   .680E+04
     5775.0000   .000E+00   .000E+00   .000E+00   .000E+00  -.879E+04   .000E+00   .000E+00   .000E+00   .682E+04
     5790.0000   .000E+00   .000E+00   .000E+00   .000E+00  -.883E+04   .000E+00   .000E+00   .000E+00   .684E+04
     5805.0000   .000E+00   .000E+00   .000E+00   .000E+00  -.886E+04   .000E+00   .000E+00   .000E+00   .686E+04
     5820.0000   .000E+00   .000E+00   .000E+00   .000E+00  -.889E+04   .000E+00   .000E+00   .000E+00   .687E+04
     5835.0000   .000E+00   .000E+00   .000E+00   .000E+00  -.892E+04   .000E+00   .000E+00   .000E+00   .689E+04
     5835.1000   .000E+00   .000E+00   .000E+00   .000E+00  -.892E+04   .000E+00   .000E+00   .000E+00   .689E+04
     5835.2300   .000E+00   .000E+00   .000E+00   .000E+00  -.892E+04   .000E+00   .000E+00   .000E+00   .689E+04
     5835.3990   .000E+00   .000E+00   .000E+00   .000E+00  -.892E+04   .000E+00   .000E+00   .000E+00   .689E+04
     5835.6190   .000E+00   .000E+00   .000E+00   .000E+00  -.892E+04   .000E+00   .000E+00   .000E+00   .689E+04
     5835.9040   .000E+00   .000E+00   .000E+00   .000E+00  -.893E+04   .000E+00   .000E+00   .000E+00   .689E+04
     5836.2760   .000E+00   .000E+00   .000E+00   .000E+00  -.893E+04   .000E+00   .000E+00   .000E+00   .689E+04
     5836.7590   .000E+00   .000E+00   .000E+00   .000E+00  -.893E+04   .000E+00   .000E+00   .000E+00   .689E+04
     5837.3860   .000E+00   .000E+00   .000E+00   .000E+00  -.893E+04   .000E+00   .000E+00   .000E+00   .690E+04
     5838.2010   .000E+00   .000E+00   .000E+00   .000E+00  -.893E+04   .000E+00   .000E+00   .000E+00   .690E+04
     5839.2600   .000E+00   .000E+00   .000E+00   .000E+00  -.893E+04   .000E+00   .000E+00   .000E+00   .690E+04
     5840.6440   .000E+00   .000E+00   .000E+00   .000E+00  -.894E+04   .000E+00   .000E+00   .000E+00   .690E+04
     5842.4410   .000E+00   .000E+00   .000E+00   .000E+00  -.894E+04   .000E+00   .000E+00   .000E+00   .690E+04
     5844.7730   .000E+00   .000E+00   .000E+00   .000E+00  -.895E+04   .000E+00   .000E+00   .000E+00   .690E+04
     5847.8130   .000E+00   .000E+00   .000E+00   .000E+00  -.895E+04   .000E+00   .000E+00   .000E+00   .691E+04
     5851.7930   .000E+00   .000E+00   .000E+00   .000E+00  -.896E+04   .000E+00   .000E+00   .000E+00   .691E+04
     5856.8930   .000E+00   .000E+00   .000E+00   .000E+00  -.897E+04   .000E+00   .000E+00   .000E+00   .692E+04
     5863.4810   .000E+00   .000E+00   .000E+00   .000E+00  -.899E+04   .000E+00   .000E+00   .000E+00   .693E+04
     5871.8980   .000E+00   .000E+00   .000E+00   .000E+00  -.901E+04   .000E+00   .000E+00   .000E+00   .694E+04
     5882.9060   .000E+00   .000E+00   .000E+00   .000E+00  -.903E+04   .000E+00   .000E+00   .000E+00   .695E+04
     5897.5830   .000E+00   .000E+00   .000E+00   .000E+00  -.907E+04   .000E+00   .000E+00   .000E+00   .697E+04
     5917.1530   .000E+00   .000E+00   .000E+00   .000E+00  -.911E+04   .000E+00   .000E+00   .000E+00   .699E+04
     5941.6150   .000E+00   .000E+00   .000E+00   .000E+00  -.917E+04   .000E+00   .000E+00   .000E+00   .702E+04
     5978.3080   .000E+00   .000E+00   .000E+00   .000E+00  -.925E+04   .000E+00   .000E+00   .000E+00   .706E+04
     6015.0000   .000E+00   .000E+00   .000E+00   .000E+00  -.933E+04   .000E+00   .000E+00   .000E+00   .710E+04
     6025.0000   .000E+00   .000E+00   .000E+00   .000E+00  -.936E+04   .000E+00   .000E+00   .000E+00   .712E+04
     6035.0000   .000E+00   .000E+00   .000E+00   .000E+00  -.938E+04   .000E+00   .000E+00   .000E+00   .713E+04
     6045.0000   .000E+00   .000E+00   .000E+00   .000E+00  -.940E+04   .000E+00   .000E+00   .000E+00   .714E+04
     6055.0000   .000E+00   .000E+00   .000E+00   .000E+00  -.942E+04   .000E+00   .000E+00   .000E+00   .715E+04
     6065.0000   .000E+00   .000E+00   .000E+00   .000E+00  -.945E+04   .000E+00   .000E+00   .000E+00   .716E+04
     6075.0000   .000E+00   .000E+00   .000E+00   .000E+00  -.947E+04   .000E+00   .000E+00   .000E+00   .718E+04
     6090.0000   .000E+00   .000E+00   .000E+00   .000E+00  -.950E+04   .000E+00   .000E+00   .000E+00   .719E+04
     6105.0000   .000E+00   .000E+00   .000E+00   .000E+00  -.954E+04   .000E+00   .000E+00   .000E+00   .721E+04
     6120.0000   .000E+00   .000E+00   .000E+00   .000E+00  -.957E+04   .000E+00   .000E+00   .000E+00   .723E+04
     6135.0000   .000E+00   .000E+00   .000E+00   .000E+00  -.960E+04   .000E+00   .000E+00   .000E+00   .725E+04
     6150.0000   .000E+00   .000E+00   .000E+00   .000E+00  -.964E+04   .000E+00   .000E+00   .000E+00   .726E+04
     6165.0000   .000E+00   .000E+00   .000E+00   .000E+00  -.967E+04   .000E+00   .000E+00   .000E+00   .728E+04
     6180.0000   .000E+00   .000E+00   .000E+00   .000E+00  -.971E+04   .000E+00   .000E+00   .000E+00   .730E+04
     6195.0000   .000E+00   .000E+00   .000E+00   .000E+00  -.974E+04   .000E+00   .000E+00   .000E+00   .732E+04
     6210.0000   .000E+00   .000E+00   .000E+00   .000E+00  -.977E+04   .000E+00   .000E+00   .000E+00   .734E+04
     6225.0000   .000E+00   .000E+00   .000E+00   .000E+00  -.981E+04   .000E+00   .000E+00   .000E+00   .735E+04
     6240.0000   .000E+00   .000E+00   .000E+00   .000E+00  -.984E+04   .000E+00   .000E+00   .000E+00   .737E+04
     6255.0000   .000E+00   .000E+00   .000E+00   .000E+00  -.988E+04   .000E+00   .000E+00   .000E+00   .739E+04
     6270.0000   .000E+00   .000E+00   .000E+00   .000E+00  -.991E+04   .000E+00   .000E+00   .000E+00   .741E+04
     6285.0000   .000E+00   .000E+00   .000E+00   .000E+00  -.994E+04   .000E+00   .000E+00   .000E+00   .742E+04
     6300.0000   .000E+00   .000E+00   .000E+00   .000E+00  -.998E+04   .000E+00   .000E+00   .000E+00   .744E+04
     6315.0000   .000E+00   .000E+00   .000E+00   .000E+00  -.100E+05   .000E+00   .000E+00   .000E+00   .746E+04
     6330.0000   .000E+00   .000E+00   .000E+00   .000E+00  -.100E+05   .000E+00   .000E+00   .000E+00   .748E+04
     6345.0000   .000E+00   .000E+00   .000E+00   .000E+00  -.101E+05   .000E+00   .000E+00   .000E+00   .749E+04
     6360.0000   .000E+00   .000E+00   .000E+00   .000E+00  -.101E+05   .000E+00   .000E+00   .000E+00   .751E+04
     6375.0000   .000E+00   .000E+00   .000E+00   .000E+00  -.101E+05   .000E+00   .000E+00   .000E+00   .753E+04
     6390.0000   .000E+00   .000E+00   .000E+00   .000E+00  -.102E+05   .000E+00   .000E+00   .000E+00   .755E+04
     6405.0000   .000E+00   .000E+00   .000E+00   .000E+00  -.102E+05   .000E+00   .000E+00   .000E+00   .757E+04
     6435.0000   .000E+00   .000E+00   .000E+00   .000E+00  -.103E+05   .000E+00   .000E+00   .000E+00   .760E+04
     6450.0000   .000E+00   .000E+00   .000E+00   .000E+00  -.103E+05   .000E+00   .000E+00   .000E+00   .762E+04
end
