 ************************************************************************
 *                                                                      *
 *                                                                      *
 *Tension Permeameter - Rafael Angulo - Sahel Data                      *
 *Cumulative infiltration - final water content                         *
 *                                                                      *
 ************************************************************************


 PROGRAM PARAMETERS
 ==================
 MAX. ITERATIONS.....................(MIT)............... 50
 NO. OF OBSERVATIONS.................(NOBb)............. 223


 SOIL PROPERTIES
 =========================
 RESIDUAL MOISTURE CONTENT...........(WCR)............      .010
 SATURATED MOISTURE CONTENT..........(WCS)............      .280
 FIRST COEFFICIENT...................(ALPHA)..........      .070
 SECOND COEFFICIENT..................(N)..............     1.900
 SATURATED CONDUCTIVITY..............(CONDS).......... .3000E-02
 PORE CONECTIVITY FACTOR.............(L)..............      .500


 Observed QUANTITY 
 ==================
    Obs     Time    QUANTITY     Type  Position   Weight
     1     15.000    -44.349       0     3       .000022
     2     30.000    -90.809       0     3       .000022
     3     45.000   -137.269       0     3       .000022
     4     60.000   -173.171       0     3       .000022
     5     75.000   -209.072       0     3       .000022
     6     90.000   -238.638       0     3       .000022
     7    105.000   -268.203       0     3       .000022
     8    120.000   -293.545       0     3       .000022
     9    150.000   -346.341       0     3       .000022
    10    180.000   -397.025       0     3       .000022
    11    210.000   -447.710       0     3       .000022
    12    240.000   -496.282       0     3       .000022
    13    270.000   -544.854       0     3       .000022
    14    300.000   -593.426       0     3       .000022
    15    330.000   -638.831       0     3       .000022
    16    360.000   -686.347       0     3       .000022
    17    390.000   -795.107       0     3       .000022
    18    420.000   -776.100       0     3       .000022
    19    450.000   -820.449       0     3       .000022
    20    480.000   -865.853       0     3       .000022
    21    510.000   -910.202       0     3       .000022
    22    540.000   -954.551       0     3       .000022
    23    570.000   -997.843       0     3       .000022
    24    600.000  -1043.250       0     3       .000022
    25    630.000  -1084.430       0     3       .000022
    26    660.000  -1125.610       0     3       .000022
    27    690.000  -1173.130       0     3       .000022
    28    720.000  -1215.360       0     3       .000022
    29    780.000  -1300.890       0     3       .000022
    30    840.000  -1388.530       0     3       .000022
    31   1080.000  -1388.530       0     3       .000022
    32   1110.000  -1442.390       0     3       .000022
    33   1140.000  -1485.680       0     3       .000022
    34   1170.000  -1527.910       0     3       .000022
    35   1200.000  -1565.930       0     3       .000022
    36   1230.000  -1606.050       0     3       .000022
    37   1260.000  -1645.120       0     3       .000022
    38   1290.000  -1684.190       0     3       .000022
    39   1320.000  -1722.200       0     3       .000022
    40   1380.000  -1798.230       0     3       .000022
    41   1440.000  -1874.260       0     3       .000022
    42   1500.000  -1951.340       0     3       .000022
    43   1560.000  -2029.480       0     3       .000022
    44   1620.000  -2105.500       0     3       .000022
    45   1680.000  -2181.530       0     3       .000022
    46   1740.000  -2258.610       0     3       .000022
    47   1800.000  -2335.690       0     3       .000022
    48   1860.000  -2412.770       0     3       .000022
    49   1920.000  -2493.020       0     3       .000022
    50   1980.000  -2566.940       0     3       .000022
    51   2040.000  -2645.080       0     3       .000022
    52   2100.000  -2718.990       0     3       .000022
    53   2220.000  -2869.990       0     3       .000022
    54   2250.000  -2910.110       0     3       .000022
    55   2430.000  -2910.110       0     3       .000022
    56   2440.000  -2922.780       0     3       .000022
    57   2450.000  -2969.240       0     3       .000022
    58   2460.000  -2994.590       0     3       .000022
    59   2470.000  -3016.760       0     3       .000022
    60   2480.000  -3038.930       0     3       .000022
    61   2490.000  -3057.940       0     3       .000022
    62   2505.000  -3087.510       0     3       .000022
    63   2520.000  -3116.020       0     3       .000022
    64   2535.000  -3143.470       0     3       .000022
    65   2550.000  -3169.870       0     3       .000022
    66   2580.000  -3222.660       0     3       .000022
    67   2610.000  -3273.350       0     3       .000022
    68   2640.000  -3325.090       0     3       .000022
    69   2670.000  -3374.720       0     3       .000022
    70   2730.000  -3471.860       0     3       .000022
    71   2790.000  -3567.950       0     3       .000022
    72   2880.000  -3710.500       0     3       .000022
    73   2910.000  -3758.020       0     3       .000022
    74   2970.000  -3853.050       0     3       .000022
    75   3030.000  -3947.020       0     3       .000022
    76   3090.000  -4042.060       0     3       .000022
    77   3150.000  -4132.870       0     3       .000022
    78   3210.000  -4226.840       0     3       .000022
    79   3270.000  -4317.650       0     3       .000022
    80   3330.000  -4410.570       0     3       .000022
    81   3510.000  -4410.570       0     3       .000022
    82   3520.000  -4446.470       0     3       .000022
    83   3530.000  -4484.490       0     3       .000022
    84   3540.000  -4514.050       0     3       .000022
    85   3550.000  -4540.450       0     3       .000022
    86   3560.000  -4566.850       0     3       .000022
    87   3570.000  -4587.970       0     3       .000022
    88   3585.000  -4621.760       0     3       .000022
    89   3600.000  -4655.550       0     3       .000022
    90   3615.000  -4688.280       0     3       .000022
    91   3630.000  -4718.900       0     3       .000022
    92   3660.000  -4782.260       0     3       .000022
    93   3690.000  -4840.330       0     3       .000022
    94   3720.000  -4900.520       0     3       .000022
    95   3765.000  -4984.990       0     3       .000022
    96   3810.000  -5071.580       0     3       .000022
    97   3870.000  -5183.510       0     3       .000022
    98   3930.000  -5293.320       0     3       .000022
    99   3990.000  -5405.250       0     3       .000022
   100   4020.000  -5460.160       0     3       .000022
   101   4050.000  -5515.060       0     3       .000022
   102   4080.000  -5569.970       0     3       .000022
   103   4110.000  -5626.990       0     3       .000022
   104   4140.000  -5679.790       0     3       .000022
   105   4170.000  -5734.700       0     3       .000022
   106   4200.000  -5790.660       0     3       .000022
   107   4230.000  -5844.510       0     3       .000022
   108   4260.000  -5900.470       0     3       .000022
   109   4290.000  -5955.380       0     3       .000022
   110   4470.000  -5955.380       0     3       .000022
   111   4480.000  -5999.730       0     3       .000022
   112   4490.000  -6035.630       0     3       .000022
   113   4500.000  -6067.310       0     3       .000022
   114   4510.000  -6096.880       0     3       .000022
   115   4520.000  -6123.270       0     3       .000022
   116   4530.000  -6144.180       0     3       .000022
   117   4545.000  -6187.680       0     3       .000022
   118   4560.000  -6225.700       0     3       .000022
   119   4575.000  -6262.650       0     3       .000022
   120   4590.000  -6299.610       0     3       .000022
   121   4605.000  -6335.510       0     3       .000022
   122   4620.000  -6370.360       0     3       .000022
   123   4635.000  -6405.200       0     3       .000022
   124   4650.000  -6440.050       0     3       .000022
   125   4665.000  -6473.840       0     3       .000022
   126   4680.000  -6508.680       0     3       .000022
   127   4695.000  -6541.420       0     3       .000022
   128   4710.000  -6575.210       0     3       .000022
   129   4725.000  -6609.000       0     3       .000022
   130   4740.000  -6643.840       0     3       .000022
   131   4755.000  -6677.630       0     3       .000022
   132   4770.000  -6712.480       0     3       .000022
   133   4785.000  -6746.270       0     3       .000022
   134   4800.000  -6779.000       0     3       .000022
   135   4815.000  -6814.900       0     3       .000022
   136   4830.000  -6845.520       0     3       .000022
   137   4845.000  -6880.370       0     3       .000022
   138   4860.000  -6914.160       0     3       .000022
   139   4875.000  -6946.890       0     3       .000022
   140   4905.000  -7016.580       0     3       .000022
   141   4920.000  -7049.310       0     3       .000022
   142   4935.000  -7084.160       0     3       .000022
   143   4950.000  -7117.950       0     3       .000022
   144   4965.000  -7151.740       0     3       .000022
   145   4980.000  -7185.530       0     3       .000022
   146   4995.000  -7219.320       0     3       .000022
   147   5010.000  -7252.050       0     3       .000022
   148   5025.000  -7287.950       0     3       .000022
   149   5040.000  -7320.690       0     3       .000022
   150   5055.000  -7354.470       0     3       .000022
   151   5070.000  -7387.210       0     3       .000022
   152   5085.000  -7419.940       0     3       .000022
   153   5100.000  -7452.680       0     3       .000022
   154   5115.000  -7485.410       0     3       .000022
   155   5295.000  -7485.410       0     3       .000022
   156   5305.000  -7548.760       0     3       .000022
   157   5315.000  -7595.220       0     3       .000022
   158   5325.000  -7633.240       0     3       .000022
   159   5335.000  -7664.910       0     3       .000022
   160   5345.000  -7698.700       0     3       .000022
   161   5355.000  -7728.270       0     3       .000022
   162   5370.000  -7778.950       0     3       .000022
   163   5385.000  -7823.300       0     3       .000022
   164   5400.000  -7867.650       0     3       .000022
   165   5415.000  -7909.890       0     3       .000022
   166   5430.000  -7952.120       0     3       .000022
   167   5445.000  -7992.250       0     3       .000022
   168   5475.000  -8074.610       0     3       .000022
   169   5490.000  -8116.850       0     3       .000022
   170   5505.000  -8156.970       0     3       .000022
   171   5520.000  -8192.870       0     3       .000022
   172   5535.000  -8235.110       0     3       .000022
   173   5550.000  -8277.350       0     3       .000022
   174   5565.000  -8313.250       0     3       .000022
   175   5580.000  -8355.490       0     3       .000022
   176   5595.000  -8396.670       0     3       .000022
   177   5610.000  -8435.740       0     3       .000022
   178   5625.000  -8473.750       0     3       .000022
   179   5640.000  -8513.870       0     3       .000022
   180   5655.000  -8555.050       0     3       .000022
   181   5685.000  -8636.360       0     3       .000022
   182   5700.000  -8670.150       0     3       .000022
   183   5715.000  -8699.720       0     3       .000022
   184   5730.000  -8748.290       0     3       .000022
   185   5745.000  -8787.360       0     3       .000022
   186   5760.000  -8825.370       0     3       .000022
   187   5775.000  -8868.660       0     3       .000022
   188   5790.000  -8906.680       0     3       .000022
   189   5805.000  -8942.580       0     3       .000022
   190   5820.000  -8980.590       0     3       .000022
   191   5835.000  -9016.490       0     3       .000022
   192   6015.000  -9016.490       0     3       .000022
   193   6025.000  -9100.960       0     3       .000022
   194   6035.000  -9153.760       0     3       .000022
   195   6045.000  -9198.110       0     3       .000022
   196   6055.000  -9240.350       0     3       .000022
   197   6065.000  -9282.580       0     3       .000022
   198   6075.000  -9314.260       0     3       .000022
   199   6090.000  -9375.500       0     3       .000022
   200   6105.000  -9430.410       0     3       .000022
   201   6120.000  -9481.100       0     3       .000022
   202   6135.000  -9531.780       0     3       .000022
   203   6150.000  -9580.350       0     3       .000022
   204   6165.000  -9633.150       0     3       .000022
   205   6180.000  -9683.830       0     3       .000022
   206   6195.000  -9734.520       0     3       .000022
   207   6210.000  -9783.090       0     3       .000022
   208   6225.000  -9833.770       0     3       .000022
   209   6240.000  -9882.340       0     3       .000022
   210   6255.000  -9933.030       0     3       .000022
   211   6270.000  -9979.490       0     3       .000022
   212   6285.000 -10028.100       0     3       .000022
   213   6300.000 -10078.700       0     3       .000022
   214   6315.000 -10123.100       0     3       .000022
   215   6330.000 -10171.700       0     3       .000022
   216   6345.000 -10207.600       0     3       .000022
   217   6360.000 -10270.900       0     3       .000022
   218   6375.000 -10319.500       0     3       .000022
   219   6390.000 -10370.200       0     3       .000022
   220   6405.000 -10414.500       0     3       .000022
   221   6435.000 -10509.600       0     3       .000022
   222   6450.000 -10562.400       0     3       .000022
   223      -.100       .275       5     1     10.000000



 Parameter estimation with the  1. initial estimate
 ==================================================

 ITERATION     SSQ        WCS        ALPHA      N          CONDS 
      0    .1106D+01     .28000     .07000    1.90000     .00300
      1    .5606D+00     .27698     .04396    2.13995     .00366
      2    .1643D-01     .27542     .04046    1.96569     .00276
      3    .2003D-02     .27509     .02932    1.89968     .00192
      4    .1821D-02     .27499     .02738    1.97307     .00163
      5    .1173D-02     .27499     .02776    2.04580     .00157
      6    .1136D-02     .27499     .02811    2.10062     .00153
      7    .1127D-02     .27500     .02848    2.14605     .00151
      8    .1121D-02     .27500     .02870    2.18515     .00148
      9    .1119D-02     .27500     .02893    2.21698     .00146
     10    .1118D-02     .27499     .02908    2.24221     .00145
     11    .1118D-02     .27500     .02915    2.25383     .00144


 MASS BALANCE ERROR IN FE SOLUTION DURING FINAL RUN WAS   .1024 %


 CORRELATION MATRIX
 ==================
         1          2          3          4
   1   1.0000
   2    .0234     1.0000
   3    .0120      .9671     1.0000
   4   -.0075     -.9006     -.9814     1.0000

 NON-LINEAR LEAST-SQUARES ANALYSIS: FINAL RESULTS
 ================================================
                                           95% CONFIDENCE LIMITS
 VARIABLE        VALUE        S.E.COEFF.     LOWER         UPPER
   WCS          .274996         .00023       .27455       .27544
   ALPHA        .029151         .00097       .02723       .03107
   N           2.253828         .14570      1.96668      2.54098
   CONDS        .001440         .00008       .00128       .00160

 RSQUARE FOR REGRESSION OF PREDICTED VS OBSERVED = .99974


 Contributions to the final objective function

 Measurement Set   0:    .1118E-02
 Measurement Set   5:    .1643E-08


------------OBSERVED & FITTED QUANTITY -----------------------------
                                               RESI-
    NO      TIME          OBS        FITTED    DUAL   TYPE  POSITION
    1    15.000       -44.349     -101.748   57.399     0     3
    2    30.000       -90.809     -147.386   56.577     0     3
    3    45.000      -137.269     -185.807   48.538     0     3
    4    60.000      -173.171     -219.382   46.211     0     3
    5    75.000      -209.072     -250.152   41.080     0     3
    6    90.000      -238.638     -278.744   40.106     0     3
    7   105.000      -268.203     -306.039   37.836     0     3
    8   120.000      -293.545     -332.277   38.732     0     3
    9   150.000      -346.341     -382.162   35.821     0     3
   10   180.000      -397.025     -429.539   32.514     0     3
   11   210.000      -447.710     -474.962   27.252     0     3
   12   240.000      -496.282     -518.635   22.353     0     3
   13   270.000      -544.854     -561.192   16.338     0     3
   14   300.000      -593.426     -602.844    9.418     0     3
   15   330.000      -638.831     -643.662    4.831     0     3
   16   360.000      -686.347     -683.766   -2.581     0     3
   17   390.000      -795.107     -723.246  -71.861     0     3
   18   420.000      -776.100     -762.179  -13.921     0     3
   19   450.000      -820.449     -800.626  -19.823     0     3
   20   480.000      -865.853     -838.644  -27.209     0     3
   21   510.000      -910.202     -876.276  -33.926     0     3
   22   540.000      -954.551     -913.557  -40.994     0     3
   23   570.000      -997.843     -950.519  -47.324     0     3
   24   600.000     -1043.250     -987.186  -56.064     0     3
   25   630.000     -1084.430    -1023.583  -60.847     0     3
   26   660.000     -1125.610    -1059.691  -65.919     0     3
   27   690.000     -1173.130    -1095.560  -77.570     0     3
   28   720.000     -1215.360    -1131.231  -84.129     0     3
   29   780.000     -1300.890    -1202.007  -98.883     0     3
   30   840.000     -1388.530    -1272.043 -116.487     0     3
   31  1080.000     -1388.530    -1546.477  157.947     0     3
   32  1110.000     -1442.390    -1580.244  137.854     0     3
   33  1140.000     -1485.680    -1613.885  128.205     0     3
   34  1170.000     -1527.910    -1647.426  119.516     0     3
   35  1200.000     -1565.930    -1680.878  114.948     0     3
   36  1230.000     -1606.050    -1714.246  108.196     0     3
   37  1260.000     -1645.120    -1747.535  102.415     0     3
   38  1290.000     -1684.190    -1780.749   96.559     0     3
   39  1320.000     -1722.200    -1813.892   91.692     0     3
   40  1380.000     -1798.230    -1880.067   81.837     0     3
   41  1440.000     -1874.260    -1946.033   71.773     0     3
   42  1500.000     -1951.340    -2011.548   60.208     0     3
   43  1560.000     -2029.480    -2076.754   47.274     0     3
   44  1620.000     -2105.500    -2141.742   36.242     0     3
   45  1680.000     -2181.530    -2206.542   25.011     0     3
   46  1740.000     -2258.610    -2271.169   12.559     0     3
   47  1800.000     -2335.690    -2335.637    -.053     0     3
   48  1860.000     -2412.770    -2399.955  -12.815     0     3
   49  1920.000     -2493.020    -2464.134  -28.886     0     3
   50  1980.000     -2566.940    -2528.266  -38.674     0     3
   51  2040.000     -2645.080    -2592.222  -52.858     0     3
   52  2100.000     -2718.990    -2656.041  -62.949     0     3
   53  2220.000     -2869.990    -2783.347  -86.643     0     3
   54  2250.000     -2910.110    -2815.137  -94.973     0     3
   55  2430.000     -2910.110    -3064.806  154.696     0     3
   56  2440.000     -2922.780    -3077.994  155.214     0     3
   57  2450.000     -2969.240    -3091.176  121.936     0     3
   58  2460.000     -2994.590    -3104.345  109.755     0     3
   59  2470.000     -3016.760    -3117.500  100.740     0     3
   60  2480.000     -3038.930    -3130.640   91.710     0     3
   61  2490.000     -3057.940    -3143.767   85.827     0     3
   62  2505.000     -3087.510    -3163.423   75.913     0     3
   63  2520.000     -3116.020    -3183.049   67.029     0     3
   64  2535.000     -3143.470    -3202.648   59.178     0     3
   65  2550.000     -3169.870    -3222.222   52.352     0     3
   66  2580.000     -3222.660    -3261.255   38.595     0     3
   67  2610.000     -3273.350    -3300.195   26.845     0     3
   68  2640.000     -3325.090    -3339.060   13.970     0     3
   69  2670.000     -3374.720    -3377.858    3.138     0     3
   70  2730.000     -3471.860    -3455.118  -16.742     0     3
   71  2790.000     -3567.950    -3532.126  -35.823     0     3
   72  2880.000     -3710.500    -3647.101  -63.399     0     3
   73  2910.000     -3758.020    -3685.427  -72.593     0     3
   74  2970.000     -3853.050    -3761.985  -91.065     0     3
   75  3030.000     -3947.020    -3838.397 -108.623     0     3
   76  3090.000     -4042.060    -3914.690 -127.370     0     3
   77  3150.000     -4132.870    -3990.876 -141.994     0     3
   78  3210.000     -4226.840    -4066.962 -159.878     0     3
   79  3270.000     -4317.650    -4143.020 -174.630     0     3
   80  3330.000     -4410.570    -4218.947 -191.623     0     3
   81  3510.000     -4410.570    -4523.592  113.022     0     3
   82  3520.000     -4446.470    -4539.756   93.286     0     3
   83  3530.000     -4484.490    -4555.917   71.426     0     3
   84  3540.000     -4514.050    -4572.063   58.014     0     3
   85  3550.000     -4540.450    -4588.195   47.745     0     3
   86  3560.000     -4566.850    -4604.311   37.460     0     3
   87  3570.000     -4587.970    -4620.411   32.441     0     3
   88  3585.000     -4621.760    -4644.524   22.764     0     3
   89  3600.000     -4655.550    -4668.603   13.053     0     3
   90  3615.000     -4688.280    -4692.652    4.372     0     3
   91  3630.000     -4718.900    -4716.673   -2.227     0     3
   92  3660.000     -4782.260    -4764.584  -17.675     0     3
   93  3690.000     -4840.330    -4812.392  -27.938     0     3
   94  3720.000     -4900.520    -4860.118  -40.402     0     3
   95  3765.000     -4984.990    -4931.504  -53.486     0     3
   96  3810.000     -5071.580    -5002.730  -68.850     0     3
   97  3870.000     -5183.510    -5097.428  -86.082     0     3
   98  3930.000     -5293.320    -5191.914 -101.406     0     3
   99  3990.000     -5405.250    -5286.239 -119.011     0     3
  100  4020.000     -5460.160    -5333.395 -126.766     0     3
  101  4050.000     -5515.060    -5380.539 -134.521     0     3
  102  4080.000     -5569.970    -5427.657 -142.313     0     3
  103  4110.000     -5626.990    -5474.744 -152.246     0     3
  104  4140.000     -5679.790    -5521.802 -157.988     0     3
  105  4170.000     -5734.700    -5568.831 -165.870     0     3
  106  4200.000     -5790.660    -5615.831 -174.830     0     3
  107  4230.000     -5844.510    -5662.803 -181.707     0     3
  108  4260.000     -5900.470    -5709.750 -190.721     0     3
  109  4290.000     -5955.380    -5756.670 -198.710     0     3
  110  4470.000     -5955.380    -6119.935  164.555     0     3
  111  4480.000     -5999.730    -6139.445  139.715     0     3
  112  4490.000     -6035.630    -6158.956  123.326     0     3
  113  4500.000     -6067.310    -6178.454  111.144     0     3
  114  4510.000     -6096.880    -6197.937  101.057     0     3
  115  4520.000     -6123.270    -6217.412   94.142     0     3
  116  4530.000     -6144.180    -6236.866   92.686     0     3
  117  4545.000     -6187.680    -6266.008   78.328     0     3
  118  4560.000     -6225.700    -6295.116   69.416     0     3
  119  4575.000     -6262.650    -6324.194   61.544     0     3
  120  4590.000     -6299.610    -6353.246   53.636     0     3
  121  4605.000     -6335.510    -6382.272   46.763     0     3
  122  4620.000     -6370.360    -6411.275   40.915     0     3
  123  4635.000     -6405.200    -6440.255   35.055     0     3
  124  4650.000     -6440.050    -6469.213   29.164     0     3
  125  4665.000     -6473.840    -6498.152   24.312     0     3
  126  4680.000     -6508.680    -6527.071   18.391     0     3
  127  4695.000     -6541.420    -6555.972   14.552     0     3
  128  4710.000     -6575.210    -6584.856    9.646     0     3
  129  4725.000     -6609.000    -6613.723    4.723     0     3
  130  4740.000     -6643.840    -6642.573   -1.267     0     3
  131  4755.000     -6677.630    -6671.408   -6.222     0     3
  132  4770.000     -6712.480    -6700.229  -12.251     0     3
  133  4785.000     -6746.270    -6729.034  -17.236     0     3
  134  4800.000     -6779.000    -6757.826  -21.174     0     3
  135  4815.000     -6814.900    -6786.604  -28.295     0     3
  136  4830.000     -6845.520    -6815.370  -30.150     0     3
  137  4845.000     -6880.370    -6844.123  -36.247     0     3
  138  4860.000     -6914.160    -6872.864  -41.296     0     3
  139  4875.000     -6946.890    -6901.593  -45.297     0     3
  140  4905.000     -7016.580    -6958.987  -57.593     0     3
  141  4920.000     -7049.310    -6987.676  -61.634     0     3
  142  4935.000     -7084.160    -7016.358  -67.802     0     3
  143  4950.000     -7117.950    -7045.031  -72.919     0     3
  144  4965.000     -7151.740    -7073.694  -78.046     0     3
  145  4980.000     -7185.530    -7102.348  -83.182     0     3
  146  4995.000     -7219.320    -7130.992  -88.328     0     3
  147  5010.000     -7252.050    -7159.627  -92.422     0     3
  148  5025.000     -7287.950    -7188.254  -99.696     0     3
  149  5040.000     -7320.690    -7216.872 -103.818     0     3
  150  5055.000     -7354.470    -7245.481 -108.989     0     3
  151  5070.000     -7387.210    -7274.082 -113.128     0     3
  152  5085.000     -7419.940    -7302.675 -117.265     0     3
  153  5100.000     -7452.680    -7331.259 -121.421     0     3
  154  5115.000     -7485.410    -7359.836 -125.574     0     3
  155  5295.000     -7485.410    -7758.515  273.104     0     3
  156  5305.000     -7548.760    -7780.268  231.508     0     3
  157  5315.000     -7595.220    -7802.021  206.800     0     3
  158  5325.000     -7633.240    -7823.764  190.524     0     3
  159  5335.000     -7664.910    -7845.498  180.587     0     3
  160  5345.000     -7698.700    -7867.220  168.520     0     3
  161  5355.000     -7728.270    -7888.933  160.663     0     3
  162  5370.000     -7778.950    -7921.475  142.524     0     3
  163  5385.000     -7823.300    -7953.993  130.693     0     3
  164  5400.000     -7867.650    -7986.490  118.840     0     3
  165  5415.000     -7909.890    -8018.969  109.079     0     3
  166  5430.000     -7952.120    -8051.429   99.309     0     3
  167  5445.000     -7992.250    -8083.872   91.622     0     3
  168  5475.000     -8074.610    -8148.665   74.055     0     3
  169  5490.000     -8116.850    -8181.052   64.202     0     3
  170  5505.000     -8156.970    -8213.430   56.459     0     3
  171  5520.000     -8192.870    -8245.795   52.925     0     3
  172  5535.000     -8235.110    -8278.147   43.037     0     3
  173  5550.000     -8277.350    -8310.487   33.138     0     3
  174  5565.000     -8313.250    -8342.815   29.565     0     3
  175  5580.000     -8355.490    -8375.132   19.642     0     3
  176  5595.000     -8396.670    -8407.437   10.767     0     3
  177  5610.000     -8435.740    -8439.730    3.990     0     3
  178  5625.000     -8473.750    -8472.014   -1.736     0     3
  179  5640.000     -8513.870    -8504.286   -9.584     0     3
  180  5655.000     -8555.050    -8536.549  -18.501     0     3
  181  5685.000     -8636.360    -8601.019  -35.342     0     3
  182  5700.000     -8670.150    -8633.247  -36.903     0     3
  183  5715.000     -8699.720    -8665.470  -34.250     0     3
  184  5730.000     -8748.290    -8697.685  -50.605     0     3
  185  5745.000     -8787.360    -8729.892  -57.469     0     3
  186  5760.000     -8825.370    -8762.090  -63.280     0     3
  187  5775.000     -8868.660    -8794.280  -74.380     0     3
  188  5790.000     -8906.680    -8826.463  -80.217     0     3
  189  5805.000     -8942.580    -8858.639  -83.941     0     3
  190  5820.000     -8980.590    -8890.807  -89.783     0     3
  191  5835.000     -9016.490    -8922.967  -93.523     0     3
  192  6015.000     -9016.490    -9333.466  316.976     0     3
  193  6025.000     -9100.960    -9356.104  255.145     0     3
  194  6035.000     -9153.760    -9378.745  224.985     0     3
  195  6045.000     -9198.110    -9401.381  203.271     0     3
  196  6055.000     -9240.350    -9424.012  183.662     0     3
  197  6065.000     -9282.580    -9446.637  164.057     0     3
  198  6075.000     -9314.260    -9469.256  154.996     0     3
  199  6090.000     -9375.500    -9503.170  127.670     0     3
  200  6105.000     -9430.410    -9537.071  106.661     0     3
  201  6120.000     -9481.100    -9570.961   89.861     0     3
  202  6135.000     -9531.780    -9604.840   73.060     0     3
  203  6150.000     -9580.350    -9638.708   58.358     0     3
  204  6165.000     -9633.150    -9672.565   39.415     0     3
  205  6180.000     -9683.830    -9706.413   22.583     0     3
  206  6195.000     -9734.520    -9740.252    5.732     0     3
  207  6210.000     -9783.090    -9774.081   -9.009     0     3
  208  6225.000     -9833.770    -9807.901  -25.868     0     3
  209  6240.000     -9882.340    -9841.714  -40.626     0     3
  210  6255.000     -9933.030    -9875.518  -57.513     0     3
  211  6270.000     -9979.490    -9909.313  -70.177     0     3
  212  6285.000    -10028.100    -9943.102  -84.998     0     3
  213  6300.000    -10078.700    -9976.882 -101.818     0     3
  214  6315.000    -10123.100   -10010.660 -112.444     0     3
  215  6330.000    -10171.700   -10044.420 -127.279     0     3
  216  6345.000    -10207.600   -10078.180 -129.420     0     3
  217  6360.000    -10270.900   -10111.930 -158.969     0     3
  218  6375.000    -10319.500   -10145.680 -173.823     0     3
  219  6390.000    -10370.200   -10179.420 -190.784     0     3
  220  6405.000    -10414.500   -10213.150 -201.352     0     3
  221  6435.000    -10509.600   -10280.580 -229.022     0     3
  222  6450.000    -10562.400   -10314.290 -248.113     0     3
  223     -.100          .275         .275     .000     5     1


  PRESSURE    LOG P      WC       REL K     LOG RK      ABS K    LOG KA     DIFFUS     LOG D
  .000E+00             .2750     .100E+01             .144E-02
  .141E+01    .150     .2749     .964E+00   -.016     .139E-02  -2.858     .783E+01    .894
  .168E+01    .225     .2748     .955E+00   -.020     .137E-02  -2.862     .625E+01    .796
  .200E+01    .300     .2748     .944E+00   -.025     .136E-02  -2.867     .498E+01    .697
  .237E+01    .375     .2746     .931E+00   -.031     .134E-02  -2.873     .396E+01    .597
  .282E+01    .450     .2745     .914E+00   -.039     .132E-02  -2.881     .314E+01    .496
  .335E+01    .525     .2742     .894E+00   -.049     .129E-02  -2.890     .248E+01    .394
  .398E+01    .600     .2739     .869E+00   -.061     .125E-02  -2.903     .195E+01    .289
  .473E+01    .675     .2733     .838E+00   -.077     .121E-02  -2.918     .152E+01    .182
  .562E+01    .750     .2725     .802E+00   -.096     .115E-02  -2.938     .118E+01    .072
  .668E+01    .825     .2714     .757E+00   -.121     .109E-02  -2.962     .910E+00   -.041
  .794E+01    .900     .2697     .704E+00   -.152     .101E-02  -2.994     .694E+00   -.159
  .944E+01    .975     .2673     .642E+00   -.192     .925E-03  -3.034     .523E+00   -.281
  .112E+02   1.050     .2638     .571E+00   -.243     .823E-03  -3.085     .389E+00   -.410
  .133E+02   1.125     .2589     .492E+00   -.308     .709E-03  -3.149     .285E+00   -.545
  .158E+02   1.200     .2522     .408E+00   -.390     .587E-03  -3.231     .205E+00   -.688
  .188E+02   1.275     .2431     .321E+00   -.493     .462E-03  -3.335     .145E+00   -.839
  .224E+02   1.350     .2313     .239E+00   -.622     .344E-03  -3.464     .100E+00   -.999
  .266E+02   1.425     .2166     .166E+00   -.781     .238E-03  -3.623     .679E-01  -1.168
  .316E+02   1.500     .1992     .107E+00   -.972     .154E-03  -3.814     .451E-01  -1.346
  .376E+02   1.575     .1797     .636E-01  -1.196     .917E-04  -4.038     .294E-01  -1.532
  .447E+02   1.650     .1591     .353E-01  -1.453     .508E-04  -4.294     .188E-01  -1.725
  .531E+02   1.725     .1385     .183E-01  -1.739     .263E-04  -4.580     .119E-01  -1.924
  .631E+02   1.800     .1189     .893E-02  -2.049     .129E-04  -4.891     .745E-02  -2.128
  .750E+02   1.875     .1010     .417E-02  -2.380     .600E-05  -5.222     .462E-02  -2.335
  .891E+02   1.950     .0853     .188E-02  -2.726     .270E-05  -5.568     .285E-02  -2.545
  .106E+03   2.025     .0718     .824E-03  -3.084     .119E-05  -5.926     .175E-02  -2.757
  .126E+03   2.100     .0604     .355E-03  -3.450     .511E-06  -6.292     .107E-02  -2.970
  .150E+03   2.175     .0510     .151E-03  -3.822     .217E-06  -6.664     .655E-03  -3.184
  .178E+03   2.250     .0432     .634E-04  -4.198     .913E-07  -7.040     .399E-03  -3.399
  .211E+03   2.325     .0369     .265E-04  -4.577     .381E-07  -7.419     .243E-03  -3.614
  .251E+03   2.400     .0317     .110E-04  -4.958     .159E-07  -7.799     .148E-03  -3.829
  .299E+03   2.475     .0275     .457E-05  -5.340     .658E-08  -8.182     .902E-04  -4.045
  .355E+03   2.550     .0241     .189E-05  -5.724     .272E-08  -8.566     .547E-04  -4.262
  .422E+03   2.625     .0214     .781E-06  -6.108     .112E-08  -8.949     .333E-04  -4.477
  .501E+03   2.700     .0192     .322E-06  -6.492     .464E-09  -9.333     .203E-04  -4.693
  .596E+03   2.775     .0174     .133E-06  -6.876     .192E-09  -9.718     .123E-04  -4.909
  .708E+03   2.850     .0160     .549E-07  -7.260     .790E-10 -10.102     .751E-05  -5.125
  .841E+03   2.925     .0148     .226E-07  -7.645     .326E-10 -10.487     .457E-05  -5.341
  .100E+04   3.000     .0139     .933E-08  -8.030     .134E-10 -10.872     .278E-05  -5.556
  .119E+04   3.075     .0131     .385E-08  -8.415     .554E-11 -11.257     .169E-05  -5.772
  .141E+04   3.150     .0125     .158E-08  -8.800     .228E-11 -11.642     .103E-05  -5.989
  .168E+04   3.225     .0120     .653E-09  -9.185     .941E-12 -12.027     .624E-06  -6.205
  .200E+04   3.300     .0116     .269E-09  -9.570     .388E-12 -12.412     .380E-06  -6.421
  .237E+04   3.375     .0113     .111E-09  -9.955     .160E-12 -12.797     .231E-06  -6.637
  .282E+04   3.450     .0111     .457E-10 -10.340     .658E-13 -13.182     .140E-06  -6.853
  .335E+04   3.525     .0108     .188E-10 -10.725     .271E-13 -13.567     .854E-07  -7.069
  .398E+04   3.600     .0107     .776E-11 -11.110     .112E-13 -13.952     .519E-07  -7.285
  .473E+04   3.675     .0106     .320E-11 -11.495     .460E-14 -14.337     .316E-07  -7.501
  .562E+04   3.750     .0104     .132E-11 -11.880     .190E-14 -14.722     .192E-07  -7.717
  .668E+04   3.825     .0104     .543E-12 -12.266     .781E-15 -15.107     .117E-07  -7.933
  .794E+04   3.900     .0103     .224E-12 -12.651     .322E-15 -15.492     .710E-08  -8.149
  .944E+04   3.975     .0102     .921E-13 -13.036     .133E-15 -15.877     .431E-08  -8.365
  .112E+05   4.050     .0102     .379E-13 -13.421     .546E-16 -16.262     .262E-08  -8.581
  .133E+05   4.125     .0102     .156E-13 -13.806     .225E-16 -16.648     .160E-08  -8.797
  .158E+05   4.200     .0101     .644E-14 -14.191     .928E-17 -17.033     .970E-09  -9.013
  .188E+05   4.275     .0101     .265E-14 -14.576     .382E-17 -17.418     .590E-09  -9.229
  .224E+05   4.350     .0101     .109E-14 -14.961     .157E-17 -17.803     .359E-09  -9.445
  .266E+05   4.425     .0101     .451E-15 -15.346     .649E-18 -18.188     .218E-09  -9.661
  .316E+05   4.500     .0101     .186E-15 -15.731     .267E-18 -18.573     .133E-09  -9.877
  .376E+05   4.575     .0100     .765E-16 -16.116     .110E-18 -18.958     .806E-10 -10.093
 
 Real time [sec]    3675.000000000000000
