

       Time         hAtm       hRoot     hKode3     hKode1        hSeep     hKode5     hKode6 ... 
      [T]          [L]        [L]        [L]        [L]        [L]        [L]        [L]

         .1000         .0         .0      -11.5         .0         .0         .0      -48.6
         .2000         .0         .0      -11.5         .0         .0         .0      -48.6
         .3298         .0         .0      -11.5         .0         .0         .0      -48.6
         .4984         .0         .0      -11.5         .0         .0         .0      -48.6
         .7182         .0         .0      -11.5         .0         .0         .0      -48.6
        1.0038         .0         .0      -11.5         .0         .0         .0      -48.6
        1.3721         .0         .0      -11.5         .0         .0         .0      -48.6
        1.8588         .0         .0      -11.5         .0         .0         .0      -48.6
        2.4846         .0         .0      -11.5         .0         .0         .0      -48.6
        3.3190         .0         .0      -11.5         .0         .0         .0      -48.6
        4.3809         .0         .0      -11.5         .0         .0         .0      -48.6
        5.7083         .0         .0      -11.5         .0         .0         .0      -48.6
        7.5666         .0         .0      -11.5         .0         .0         .0      -48.6
       10.0444         .0         .0      -11.5         .0         .0         .0      -48.6
       12.5222         .0         .0      -11.5         .0         .0         .0      -48.6
       15.0000         .0         .0      -11.5         .0         .0         .0      -48.6
       18.7500         .0         .0      -11.5         .0         .0         .0      -48.6
       22.5000         .0         .0      -11.5         .0         .0         .0      -48.6
       30.0000         .0         .0      -11.5         .0         .0         .0      -48.6
       35.0000         .0         .0      -11.5         .0         .0         .0      -48.6
       40.0000         .0         .0      -11.5         .0         .0         .0      -48.6
       45.0000         .0         .0      -11.5         .0         .0         .0      -48.6
       52.5000         .0         .0      -11.5         .0         .0         .0      -48.6
       60.0000         .0         .0      -11.5         .0         .0         .0      -48.6
       67.5000         .0         .0      -11.5         .0         .0         .0      -48.6
       75.0000         .0         .0      -11.5         .0         .0         .0      -48.6
       90.0000         .0         .0      -11.5         .0         .0         .0      -48.6
      105.0000         .0         .0      -11.5         .0         .0         .0      -48.6
      120.0000         .0         .0      -11.5         .0         .0         .0      -48.6
      130.0000         .0         .0      -11.5         .0         .0         .0      -48.6
      150.0000         .0         .0      -11.5         .0         .0         .0      -48.6
      165.0000         .0         .0      -11.5         .0         .0         .0      -48.6
      180.0000         .0         .0      -11.5         .0         .0         .0      -48.6
      195.0000         .0         .0      -11.5         .0         .0         .0      -48.6
      210.0000         .0         .0      -11.5         .0         .0         .0      -48.6
      240.0000         .0         .0      -11.5         .0         .0         .0      -48.6
      270.0000         .0         .0      -11.5         .0         .0         .0      -48.6
      300.0000         .0         .0      -11.5         .0         .0         .0      -48.6
      330.0000         .0         .0      -11.5         .0         .0         .0      -48.6
      360.0000         .0         .0      -11.5         .0         .0         .0      -48.6
      390.0000         .0         .0      -11.5         .0         .0         .0      -48.6
      420.0000         .0         .0      -11.5         .0         .0         .0      -48.6
      450.0000         .0         .0      -11.5         .0         .0         .0      -48.6
      480.0000         .0         .0      -11.5         .0         .0         .0      -48.6
      510.0000         .0         .0      -11.5         .0         .0         .0      -48.6
      540.0000         .0         .0      -11.5         .0         .0         .0      -48.6
      570.0000         .0         .0      -11.5         .0         .0         .0      -48.6
      600.0000         .0         .0      -11.5         .0         .0         .0      -48.6
      630.0000         .0         .0      -11.5         .0         .0         .0      -48.6
      645.0000         .0         .0      -11.5         .0         .0         .0      -48.6
      660.0000         .0         .0      -11.5         .0         .0         .0      -48.6
      690.0000         .0         .0      -11.5         .0         .0         .0      -48.6
      720.0000         .0         .0      -11.5         .0         .0         .0      -48.6
      750.0000         .0         .0      -11.5         .0         .0         .0      -48.6
      780.0000         .0         .0      -11.5         .0         .0         .0      -48.6
      840.0000         .0         .0      -11.5         .0         .0         .0      -48.6
      840.1000         .0         .0      -11.5         .0         .0         .0      -48.6
      840.2300         .0         .0      -11.5         .0         .0         .0      -48.6
      840.3989         .0         .0      -11.5         .0         .0         .0      -48.6
      840.6185         .0         .0      -11.5         .0         .0         .0      -48.6
      840.9042         .0         .0      -11.5         .0         .0         .0      -48.6
      841.2755         .0         .0      -11.5         .0         .0         .0      -48.6
      841.7578         .0         .0      -11.5         .0         .0         .0      -48.6
      842.3847         .0         .0      -11.5         .0         .0         .0      -48.6
      843.2012         .0         .0      -11.5         .0         .0         .0      -48.6
      844.2631         .0         .0      -11.5         .0         .0         .0      -48.6
      845.6417         .0         .0      -11.5         .0         .0         .0      -48.6
      847.4307         .0         .0      -11.5         .0         .0         .0      -48.6
      849.7564         .0         .0      -11.5         .0         .0         .0      -48.6
      852.7859         .0         .0      -11.5         .0         .0         .0      -48.6
      856.7034         .0         .0      -11.5         .0         .0         .0      -48.6
      861.7784         .0         .0      -11.5         .0         .0         .0      -48.6
      868.3912         .0         .0      -11.5         .0         .0         .0      -48.6
      877.2082         .0         .0      -11.5         .0         .0         .0      -48.6
      888.4744         .0         .0      -11.5         .0         .0         .0      -48.6
      903.2072         .0         .0      -11.5         .0         .0         .0      -48.6
      922.8508         .0         .0      -11.5         .0         .0         .0      -48.6
      949.0424         .0         .0      -11.5         .0         .0         .0      -48.6
      981.7817         .0         .0      -11.5         .0         .0         .0      -48.6
     1030.8910         .0         .0      -11.5         .0         .0         .0      -48.6
     1080.0000         .0         .0      -11.5         .0         .0         .0      -48.6
     1110.0000         .0         .0      -11.5         .0         .0         .0      -48.6
     1140.0000         .0         .0      -11.5         .0         .0         .0      -48.6
     1170.0000         .0         .0      -11.5         .0         .0         .0      -48.6
     1200.0000         .0         .0      -11.5         .0         .0         .0      -48.6
     1230.0000         .0         .0      -11.5         .0         .0         .0      -48.6
     1260.0000         .0         .0      -11.5         .0         .0         .0      -48.6
     1290.0000         .0         .0      -11.5         .0         .0         .0      -48.6
     1320.0000         .0         .0      -11.5         .0         .0         .0      -48.6
     1380.0000         .0         .0      -11.5         .0         .0         .0      -48.6
     1440.0000         .0         .0      -11.5         .0         .0         .0      -48.6
     1500.0000         .0         .0      -11.5         .0         .0         .0      -48.6
     1560.0000         .0         .0      -11.5         .0         .0         .0      -48.6
     1620.0000         .0         .0      -11.5         .0         .0         .0      -48.6
     1680.0000         .0         .0      -11.5         .0         .0         .0      -48.6
     1740.0000         .0         .0      -11.5         .0         .0         .0      -48.6
     1800.0000         .0         .0      -11.5         .0         .0         .0      -48.6
     1860.0000         .0         .0      -11.5         .0         .0         .0      -48.6
     1920.0000         .0         .0      -11.5         .0         .0         .0      -48.6
     1935.0000         .0         .0      -11.5         .0         .0         .0      -48.6
     1980.0000         .0         .0      -11.5         .0         .0         .0      -48.6
     2040.0000         .0         .0      -11.5         .0         .0         .0      -48.6
     2100.0000         .0         .0      -11.5         .0         .0         .0      -48.6
     2160.0000         .0         .0      -11.5         .0         .0         .0      -48.6
     2220.0000         .0         .0      -11.5         .0         .0         .0      -48.6
     2250.0000         .0         .0      -11.5         .0         .0         .0      -48.6
     2250.1000         .0         .0       -9.0         .0         .0         .0      -48.6
     2250.2300         .0         .0       -9.0         .0         .0         .0      -48.6
     2250.3990         .0         .0       -9.0         .0         .0         .0      -48.6
     2250.6190         .0         .0       -9.0         .0         .0         .0      -48.6
     2250.9040         .0         .0       -9.0         .0         .0         .0      -48.6
     2251.2760         .0         .0       -9.0         .0         .0         .0      -48.6
     2251.7590         .0         .0       -9.0         .0         .0         .0      -48.6
     2252.3870         .0         .0       -9.0         .0         .0         .0      -48.6
     2253.2010         .0         .0       -9.0         .0         .0         .0      -48.6
     2254.2600         .0         .0       -9.0         .0         .0         .0      -48.6
     2255.6440         .0         .0       -9.0         .0         .0         .0      -48.6
     2257.4410         .0         .0       -9.0         .0         .0         .0      -48.6
     2259.7730         .0         .0       -9.0         .0         .0         .0      -48.6
     2262.8130         .0         .0       -9.0         .0         .0         .0      -48.6
     2266.7940         .0         .0       -9.0         .0         .0         .0      -48.6
     2271.8940         .0         .0       -9.0         .0         .0         .0      -48.6
     2278.4810         .0         .0       -9.0         .0         .0         .0      -48.6
     2286.8990         .0         .0       -9.0         .0         .0         .0      -48.6
     2297.9070         .0         .0       -9.0         .0         .0         .0      -48.6
     2312.5840         .0         .0       -9.0         .0         .0         .0      -48.6
     2332.1530         .0         .0       -9.0         .0         .0         .0      -48.6
     2356.6150         .0         .0       -9.0         .0         .0         .0      -48.6
     2393.3080         .0         .0       -9.0         .0         .0         .0      -48.6
     2430.0000         .0         .0       -9.0         .0         .0         .0      -48.6
     2440.0000         .0         .0       -9.0         .0         .0         .0      -48.6
     2450.0000         .0         .0       -9.0         .0         .0         .0      -48.6
     2460.0000         .0         .0       -9.0         .0         .0         .0      -48.6
     2470.0000         .0         .0       -9.0         .0         .0         .0      -48.6
     2480.0000         .0         .0       -9.0         .0         .0         .0      -48.6
     2490.0000         .0         .0       -9.0         .0         .0         .0      -48.6
     2505.0000         .0         .0       -9.0         .0         .0         .0      -48.6
     2520.0000         .0         .0       -9.0         .0         .0         .0      -48.6
     2535.0000         .0         .0       -9.0         .0         .0         .0      -48.6
     2550.0000         .0         .0       -9.0         .0         .0         .0      -48.6
     2580.0000         .0         .0       -9.0         .0         .0         .0      -48.6
     2610.0000         .0         .0       -9.0         .0         .0         .0      -48.6
     2640.0000         .0         .0       -9.0         .0         .0         .0      -48.6
     2670.0000         .0         .0       -9.0         .0         .0         .0      -48.6
     2730.0000         .0         .0       -9.0         .0         .0         .0      -48.6
     2790.0000         .0         .0       -9.0         .0         .0         .0      -48.6
     2880.0000         .0         .0       -9.0         .0         .0         .0      -48.6
     2910.0000         .0         .0       -9.0         .0         .0         .0      -48.6
     2970.0000         .0         .0       -9.0         .0         .0         .0      -48.6
     3030.0000         .0         .0       -9.0         .0         .0         .0      -48.6
     3090.0000         .0         .0       -9.0         .0         .0         .0      -48.6
     3150.0000         .0         .0       -9.0         .0         .0         .0      -48.6
     3210.0000         .0         .0       -9.0         .0         .0         .0      -48.6
     3225.0000         .0         .0       -9.0         .0         .0         .0      -48.6
     3270.0000         .0         .0       -9.0         .0         .0         .0      -48.6
     3330.0000         .0         .0       -9.0         .0         .0         .0      -48.6
     3330.1000         .0         .0       -6.0         .0         .0         .0      -48.6
     3330.2300         .0         .0       -6.0         .0         .0         .0      -48.6
     3330.3990         .0         .0       -6.0         .0         .0         .0      -48.6
     3330.6190         .0         .0       -6.0         .0         .0         .0      -48.6
     3330.9040         .0         .0       -6.0         .0         .0         .0      -48.6
     3331.2760         .0         .0       -6.0         .0         .0         .0      -48.6
     3331.7590         .0         .0       -6.0         .0         .0         .0      -48.6
     3332.3870         .0         .0       -6.0         .0         .0         .0      -48.6
     3333.2010         .0         .0       -6.0         .0         .0         .0      -48.6
     3334.2600         .0         .0       -6.0         .0         .0         .0      -48.6
     3335.6440         .0         .0       -6.0         .0         .0         .0      -48.6
     3337.4410         .0         .0       -6.0         .0         .0         .0      -48.6
     3339.7730         .0         .0       -6.0         .0         .0         .0      -48.6
     3342.8130         .0         .0       -6.0         .0         .0         .0      -48.6
     3346.7940         .0         .0       -6.0         .0         .0         .0      -48.6
     3351.8940         .0         .0       -6.0         .0         .0         .0      -48.6
     3358.4810         .0         .0       -6.0         .0         .0         .0      -48.6
     3366.8990         .0         .0       -6.0         .0         .0         .0      -48.6
     3377.9070         .0         .0       -6.0         .0         .0         .0      -48.6
     3392.5840         .0         .0       -6.0         .0         .0         .0      -48.6
     3412.1530         .0         .0       -6.0         .0         .0         .0      -48.6
     3436.6150         .0         .0       -6.0         .0         .0         .0      -48.6
     3473.3080         .0         .0       -6.0         .0         .0         .0      -48.6
     3510.0000         .0         .0       -6.0         .0         .0         .0      -48.6
     3520.0000         .0         .0       -6.0         .0         .0         .0      -48.6
     3530.0000         .0         .0       -6.0         .0         .0         .0      -48.6
     3540.0000         .0         .0       -6.0         .0         .0         .0      -48.6
     3550.0000         .0         .0       -6.0         .0         .0         .0      -48.6
     3560.0000         .0         .0       -6.0         .0         .0         .0      -48.6
     3570.0000         .0         .0       -6.0         .0         .0         .0      -48.6
     3585.0000         .0         .0       -6.0         .0         .0         .0      -48.6
     3600.0000         .0         .0       -6.0         .0         .0         .0      -48.6
     3615.0000         .0         .0       -6.0         .0         .0         .0      -48.6
     3630.0000         .0         .0       -6.0         .0         .0         .0      -48.6
     3660.0000         .0         .0       -6.0         .0         .0         .0      -48.6
     3690.0000         .0         .0       -6.0         .0         .0         .0      -48.6
     3720.0000         .0         .0       -6.0         .0         .0         .0      -48.6
     3765.0000         .0         .0       -6.0         .0         .0         .0      -48.6
     3810.0000         .0         .0       -6.0         .0         .0         .0      -48.6
     3870.0000         .0         .0       -6.0         .0         .0         .0      -48.6
     3930.0000         .0         .0       -6.0         .0         .0         .0      -48.6
     3990.0000         .0         .0       -6.0         .0         .0         .0      -48.6
     4020.0000         .0         .0       -6.0         .0         .0         .0      -48.6
     4050.0000         .0         .0       -6.0         .0         .0         .0      -48.6
     4080.0000         .0         .0       -6.0         .0         .0         .0      -48.6
     4110.0000         .0         .0       -6.0         .0         .0         .0      -48.6
     4140.0000         .0         .0       -6.0         .0         .0         .0      -48.6
     4170.0000         .0         .0       -6.0         .0         .0         .0      -48.6
     4200.0000         .0         .0       -6.0         .0         .0         .0      -48.6
     4230.0000         .0         .0       -6.0         .0         .0         .0      -48.6
     4260.0000         .0         .0       -6.0         .0         .0         .0      -48.6
     4290.0000         .0         .0       -6.0         .0         .0         .0      -48.6
     4290.1000         .0         .0       -3.0         .0         .0         .0      -48.6
     4290.2300         .0         .0       -3.0         .0         .0         .0      -48.6
     4290.3990         .0         .0       -3.0         .0         .0         .0      -48.6
     4290.6190         .0         .0       -3.0         .0         .0         .0      -48.6
     4290.9040         .0         .0       -3.0         .0         .0         .0      -48.6
     4291.2760         .0         .0       -3.0         .0         .0         .0      -48.6
     4291.7590         .0         .0       -3.0         .0         .0         .0      -48.6
     4292.3860         .0         .0       -3.0         .0         .0         .0      -48.6
     4293.2010         .0         .0       -3.0         .0         .0         .0      -48.6
     4294.2600         .0         .0       -3.0         .0         .0         .0      -48.6
     4295.6440         .0         .0       -3.0         .0         .0         .0      -48.6
     4297.4410         .0         .0       -3.0         .0         .0         .0      -48.6
     4299.7730         .0         .0       -3.0         .0         .0         .0      -48.6
     4302.8130         .0         .0       -3.0         .0         .0         .0      -48.6
     4306.7930         .0         .0       -3.0         .0         .0         .0      -48.6
     4311.8930         .0         .0       -3.0         .0         .0         .0      -48.6
     4318.4810         .0         .0       -3.0         .0         .0         .0      -48.6
     4326.8980         .0         .0       -3.0         .0         .0         .0      -48.6
     4337.9060         .0         .0       -3.0         .0         .0         .0      -48.6
     4352.5830         .0         .0       -3.0         .0         .0         .0      -48.6
     4372.1530         .0         .0       -3.0         .0         .0         .0      -48.6
     4396.6150         .0         .0       -3.0         .0         .0         .0      -48.6
     4433.3080         .0         .0       -3.0         .0         .0         .0      -48.6
     4470.0000         .0         .0       -3.0         .0         .0         .0      -48.6
     4480.0000         .0         .0       -3.0         .0         .0         .0      -48.6
     4490.0000         .0         .0       -3.0         .0         .0         .0      -48.6
     4500.0000         .0         .0       -3.0         .0         .0         .0      -48.6
     4510.0000         .0         .0       -3.0         .0         .0         .0      -48.6
     4515.0000         .0         .0       -3.0         .0         .0         .0      -48.6
     4520.0000         .0         .0       -3.0         .0         .0         .0      -48.6
     4530.0000         .0         .0       -3.0         .0         .0         .0      -48.6
     4545.0000         .0         .0       -3.0         .0         .0         .0      -48.6
     4560.0000         .0         .0       -3.0         .0         .0         .0      -48.6
     4575.0000         .0         .0       -3.0         .0         .0         .0      -48.6
     4590.0000         .0         .0       -3.0         .0         .0         .0      -48.6
     4605.0000         .0         .0       -3.0         .0         .0         .0      -48.6
     4620.0000         .0         .0       -3.0         .0         .0         .0      -48.6
     4635.0000         .0         .0       -3.0         .0         .0         .0      -48.6
     4650.0000         .0         .0       -3.0         .0         .0         .0      -48.6
     4665.0000         .0         .0       -3.0         .0         .0         .0      -48.6
     4680.0000         .0         .0       -3.0         .0         .0         .0      -48.6
     4695.0000         .0         .0       -3.0         .0         .0         .0      -48.6
     4710.0000         .0         .0       -3.0         .0         .0         .0      -48.6
     4725.0000         .0         .0       -3.0         .0         .0         .0      -48.6
     4740.0000         .0         .0       -3.0         .0         .0         .0      -48.6
     4755.0000         .0         .0       -3.0         .0         .0         .0      -48.6
     4770.0000         .0         .0       -3.0         .0         .0         .0      -48.6
     4785.0000         .0         .0       -3.0         .0         .0         .0      -48.6
     4800.0000         .0         .0       -3.0         .0         .0         .0      -48.6
     4815.0000         .0         .0       -3.0         .0         .0         .0      -48.6
     4830.0000         .0         .0       -3.0         .0         .0         .0      -48.6
     4845.0000         .0         .0       -3.0         .0         .0         .0      -48.6
     4860.0000         .0         .0       -3.0         .0         .0         .0      -48.6
     4875.0000         .0         .0       -3.0         .0         .0         .0      -48.6
     4905.0000         .0         .0       -3.0         .0         .0         .0      -48.6
     4920.0000         .0         .0       -3.0         .0         .0         .0      -48.6
     4935.0000         .0         .0       -3.0         .0         .0         .0      -48.6
     4950.0000         .0         .0       -3.0         .0         .0         .0      -48.6
     4965.0000         .0         .0       -3.0         .0         .0         .0      -48.6
     4980.0000         .0         .0       -3.0         .0         .0         .0      -48.6
     4995.0000         .0         .0       -3.0         .0         .0         .0      -48.6
     5010.0000         .0         .0       -3.0         .0         .0         .0      -48.6
     5025.0000         .0         .0       -3.0         .0         .0         .0      -48.6
     5040.0000         .0         .0       -3.0         .0         .0         .0      -48.6
     5055.0000         .0         .0       -3.0         .0         .0         .0      -48.6
     5070.0000         .0         .0       -3.0         .0         .0         .0      -48.6
     5085.0000         .0         .0       -3.0         .0         .0         .0      -48.6
     5100.0000         .0         .0       -3.0         .0         .0         .0      -48.6
     5115.0000         .0         .0       -3.0         .0         .0         .0      -48.6
     5115.1000         .0         .0       -1.0         .0         .0         .0      -48.6
     5115.2300         .0         .0       -1.0         .0         .0         .0      -48.6
     5115.3990         .0         .0       -1.0         .0         .0         .0      -48.6
     5115.6190         .0         .0       -1.0         .0         .0         .0      -48.6
     5115.9050         .0         .0       -1.0         .0         .0         .0      -48.6
     5116.2760         .0         .0       -1.0         .0         .0         .0      -48.6
     5116.7560         .0         .0       -1.0         .0         .0         .0      -48.6
     5117.3830         .0         .0       -1.0         .0         .0         .0      -48.6
     5118.2030         .0         .0       -1.0         .0         .0         .0      -48.6
     5119.2740         .0         .0       -1.0         .0         .0         .0      -48.6
     5120.6320         .0         .0       -1.0         .0         .0         .0      -48.6
     5122.4210         .0         .0       -1.0         .0         .0         .0      -48.6
     5124.7700         .0         .0       -1.0         .0         .0         .0      -48.6
     5127.7060         .0         .0       -1.0         .0         .0         .0      -48.6
     5131.7430         .0         .0       -1.0         .0         .0         .0      -48.6
     5136.4520         .0         .0       -1.0         .0         .0         .0      -48.6
     5142.3390         .0         .0       -1.0         .0         .0         .0      -48.6
     5151.1690         .0         .0       -1.0         .0         .0         .0      -48.6
     5160.0000         .0         .0       -1.0         .0         .0         .0      -48.6
     5171.2500         .0         .0       -1.0         .0         .0         .0      -48.6
     5186.7190         .0         .0       -1.0         .0         .0         .0      -48.6
     5204.7660         .0         .0       -1.0         .0         .0         .0      -48.6
     5227.3240         .0         .0       -1.0         .0         .0         .0      -48.6
     5261.1620         .0         .0       -1.0         .0         .0         .0      -48.6
     5295.0000         .0         .0       -1.0         .0         .0         .0      -48.6
     5305.0000         .0         .0       -1.0         .0         .0         .0      -48.6
     5315.0000         .0         .0       -1.0         .0         .0         .0      -48.6
     5325.0000         .0         .0       -1.0         .0         .0         .0      -48.6
     5335.0000         .0         .0       -1.0         .0         .0         .0      -48.6
     5345.0000         .0         .0       -1.0         .0         .0         .0      -48.6
     5355.0000         .0         .0       -1.0         .0         .0         .0      -48.6
     5370.0000         .0         .0       -1.0         .0         .0         .0      -48.6
     5385.0000         .0         .0       -1.0         .0         .0         .0      -48.6
     5400.0000         .0         .0       -1.0         .0         .0         .0      -48.6
     5415.0000         .0         .0       -1.0         .0         .0         .0      -48.6
     5430.0000         .0         .0       -1.0         .0         .0         .0      -48.6
     5445.0000         .0         .0       -1.0         .0         .0         .0      -48.6
     5475.0000         .0         .0       -1.0         .0         .0         .0      -48.6
     5490.0000         .0         .0       -1.0         .0         .0         .0      -48.6
     5505.0000         .0         .0       -1.0         .0         .0         .0      -48.6
     5520.0000         .0         .0       -1.0         .0         .0         .0      -48.6
     5535.0000         .0         .0       -1.0         .0         .0         .0      -48.6
     5550.0000         .0         .0       -1.0         .0         .0         .0      -48.6
     5565.0000         .0         .0       -1.0         .0         .0         .0      -48.6
     5580.0000         .0         .0       -1.0         .0         .0         .0      -48.6
     5595.0000         .0         .0       -1.0         .0         .0         .0      -48.6
     5610.0000         .0         .0       -1.0         .0         .0         .0      -48.6
     5625.0000         .0         .0       -1.0         .0         .0         .0      -48.6
     5640.0000         .0         .0       -1.0         .0         .0         .0      -48.6
     5655.0000         .0         .0       -1.0         .0         .0         .0      -48.6
     5685.0000         .0         .0       -1.0         .0         .0         .0      -48.6
     5700.0000         .0         .0       -1.0         .0         .0         .0      -48.6
     5715.0000         .0         .0       -1.0         .0         .0         .0      -48.6
     5730.0000         .0         .0       -1.0         .0         .0         .0      -48.6
     5745.0000         .0         .0       -1.0         .0         .0         .0      -48.6
     5760.0000         .0         .0       -1.0         .0         .0         .0      -48.6
     5775.0000         .0         .0       -1.0         .0         .0         .0      -48.6
     5790.0000         .0         .0       -1.0         .0         .0         .0      -48.6
     5805.0000         .0         .0       -1.0         .0         .0         .0      -48.6
     5820.0000         .0         .0       -1.0         .0         .0         .0      -48.6
     5835.0000         .0         .0       -1.0         .0         .0         .0      -48.6
     5835.1000         .0         .0        -.1         .0         .0         .0      -48.6
     5835.2300         .0         .0        -.1         .0         .0         .0      -48.6
     5835.3990         .0         .0        -.1         .0         .0         .0      -48.6
     5835.6190         .0         .0        -.1         .0         .0         .0      -48.6
     5835.9040         .0         .0        -.1         .0         .0         .0      -48.6
     5836.2760         .0         .0        -.1         .0         .0         .0      -48.6
     5836.7590         .0         .0        -.1         .0         .0         .0      -48.6
     5837.3860         .0         .0        -.1         .0         .0         .0      -48.6
     5838.2010         .0         .0        -.1         .0         .0         .0      -48.6
     5839.2600         .0         .0        -.1         .0         .0         .0      -48.6
     5840.6440         .0         .0        -.1         .0         .0         .0      -48.6
     5842.4410         .0         .0        -.1         .0         .0         .0      -48.6
     5844.7730         .0         .0        -.1         .0         .0         .0      -48.6
     5847.8130         .0         .0        -.1         .0         .0         .0      -48.6
     5851.7930         .0         .0        -.1         .0         .0         .0      -48.6
     5856.8930         .0         .0        -.1         .0         .0         .0      -48.6
     5863.4810         .0         .0        -.1         .0         .0         .0      -48.6
     5871.8980         .0         .0        -.1         .0         .0         .0      -48.6
     5882.9060         .0         .0        -.1         .0         .0         .0      -48.6
     5897.5830         .0         .0        -.1         .0         .0         .0      -48.6
     5917.1530         .0         .0        -.1         .0         .0         .0      -48.6
     5941.6150         .0         .0        -.1         .0         .0         .0      -48.6
     5978.3080         .0         .0        -.1         .0         .0         .0      -48.6
     6015.0000         .0         .0        -.1         .0         .0         .0      -48.6
     6025.0000         .0         .0        -.1         .0         .0         .0      -48.6
     6035.0000         .0         .0        -.1         .0         .0         .0      -48.6
     6045.0000         .0         .0        -.1         .0         .0         .0      -48.6
     6055.0000         .0         .0        -.1         .0         .0         .0      -48.6
     6065.0000         .0         .0        -.1         .0         .0         .0      -48.6
     6075.0000         .0         .0        -.1         .0         .0         .0      -48.6
     6090.0000         .0         .0        -.1         .0         .0         .0      -48.6
     6105.0000         .0         .0        -.1         .0         .0         .0      -48.6
     6120.0000         .0         .0        -.1         .0         .0         .0      -48.6
     6135.0000         .0         .0        -.1         .0         .0         .0      -48.6
     6150.0000         .0         .0        -.1         .0         .0         .0      -48.6
     6165.0000         .0         .0        -.1         .0         .0         .0      -48.6
     6180.0000         .0         .0        -.1         .0         .0         .0      -48.6
     6195.0000         .0         .0        -.1         .0         .0         .0      -48.6
     6210.0000         .0         .0        -.1         .0         .0         .0      -48.6
     6225.0000         .0         .0        -.1         .0         .0         .0      -48.6
     6240.0000         .0         .0        -.1         .0         .0         .0      -48.6
     6255.0000         .0         .0        -.1         .0         .0         .0      -48.6
     6270.0000         .0         .0        -.1         .0         .0         .0      -48.6
     6285.0000         .0         .0        -.1         .0         .0         .0      -48.6
     6300.0000         .0         .0        -.1         .0         .0         .0      -48.6
     6315.0000         .0         .0        -.1         .0         .0         .0      -48.6
     6330.0000         .0         .0        -.1         .0         .0         .0      -48.6
     6345.0000         .0         .0        -.1         .0         .0         .0      -48.6
     6360.0000         .0         .0        -.1         .0         .0         .0      -48.6
     6375.0000         .0         .0        -.1         .0         .0         .0      -48.6
     6390.0000         .0         .0        -.1         .0         .0         .0      -48.6
     6405.0000         .0         .0        -.1         .0         .0         .0      -48.6
     6435.0000         .0         .0        -.1         .0         .0         .0      -48.6
     6450.0000         .0         .0        -.1         .0         .0         .0      -48.6
end
