

  TLevel   Time         dt      Iter  ItCum

     1  .10000E+00  .10000E+00    3      3
     2  .20000E+00  .10000E+00    2      5
     3  .32982E+00  .12982E+00    2      7
     4  .49845E+00  .16862E+00    3     10
     5  .71817E+00  .21972E+00    2     12
     6  .10038E+01  .28564E+00    3     15
     7  .13721E+01  .36832E+00    2     17
     8  .18588E+01  .48671E+00    3     20
     9  .24846E+01  .62577E+00    3     23
    10  .33190E+01  .83436E+00    3     26
    11  .43809E+01  .10619E+01    3     29
    12  .57083E+01  .13274E+01    3     32
    13  .75666E+01  .18583E+01    3     35
    14  .10044E+02  .24778E+01    3     38
    15  .12522E+02  .24778E+01    3     41
    16  .15000E+02  .24778E+01    3     44
    17  .18750E+02  .37500E+01    4     48
    18  .22500E+02  .37500E+01    3     51
    19  .30000E+02  .75000E+01    4     55
    20  .35000E+02  .50000E+01    4     59
    21  .40000E+02  .50000E+01    3     62
    22  .45000E+02  .50000E+01    3     65
    23  .52500E+02  .75000E+01    4     69
    24  .60000E+02  .75000E+01    3     72
    25  .67500E+02  .75000E+01    3     75
    26  .75000E+02  .75000E+01    3     78
    27  .90000E+02  .15000E+02    4     82
    28  .10500E+03  .15000E+02    4     86
    29  .12000E+03  .15000E+02    4     90
    30  .13000E+03  .10000E+02    3     93
    31  .15000E+03  .20000E+02    4     97
    32  .16500E+03  .15000E+02    3    100
    33  .18000E+03  .15000E+02    3    103
    34  .19500E+03  .15000E+02    3    106
    35  .21000E+03  .15000E+02    3    109
    36  .24000E+03  .30000E+02    4    113
    37  .27000E+03  .30000E+02    4    117
    38  .30000E+03  .30000E+02    3    120
    39  .33000E+03  .30000E+02    3    123
    40  .36000E+03  .30000E+02    3    126
    41  .39000E+03  .30000E+02    3    129
    42  .42000E+03  .30000E+02    3    132
    43  .45000E+03  .30000E+02    3    135
    44  .48000E+03  .30000E+02    3    138
    45  .51000E+03  .30000E+02    3    141
    46  .54000E+03  .30000E+02    3    144
    47  .57000E+03  .30000E+02    3    147
    48  .60000E+03  .30000E+02    3    150
    49  .63000E+03  .30000E+02    3    153
    50  .64500E+03  .15000E+02    2    155
    51  .66000E+03  .15000E+02    2    157
    52  .69000E+03  .30000E+02    3    160
    53  .72000E+03  .30000E+02    3    163
    54  .75000E+03  .30000E+02    3    166
    55  .78000E+03  .30000E+02    3    169
    56  .84000E+03  .60000E+02    3    172
    57  .84010E+03  .10000E+00    2    174
    58  .84023E+03  .13003E+00    2    176
    59  .84040E+03  .16897E+00    2    178
    60  .84062E+03  .21962E+00    2    180
    61  .84090E+03  .28566E+00    2    182
    62  .84128E+03  .37127E+00    2    184
    63  .84176E+03  .48227E+00    2    186
    64  .84238E+03  .62695E+00    2    188
    65  .84320E+03  .81655E+00    2    190
    66  .84426E+03  .10619E+01    2    192
    67  .84564E+03  .13786E+01    2    194
    68  .84743E+03  .17890E+01    2    196
    69  .84976E+03  .23257E+01    2    198
    70  .85279E+03  .30295E+01    2    200
    71  .85670E+03  .39175E+01    2    202
    72  .86178E+03  .50749E+01    2    204
    73  .86839E+03  .66128E+01    2    206
    74  .87721E+03  .88170E+01    2    208
    75  .88847E+03  .11266E+02    2    210
    76  .90321E+03  .14733E+02    2    212
    77  .92285E+03  .19644E+02    2    214
    78  .94904E+03  .26192E+02    2    216
    79  .98178E+03  .32739E+02    2    218
    80  .10309E+04  .49109E+02    3    221
    81  .10800E+04  .49109E+02    3    224
    82  .11100E+04  .30000E+02    2    226
    83  .11400E+04  .30000E+02    2    228
    84  .11700E+04  .30000E+02    2    230
    85  .12000E+04  .30000E+02    2    232
    86  .12300E+04  .30000E+02    2    234
    87  .12600E+04  .30000E+02    2    236
    88  .12900E+04  .30000E+02    2    238
    89  .13200E+04  .30000E+02    2    240
    90  .13800E+04  .60000E+02    3    243
    91  .14400E+04  .60000E+02    3    246
    92  .15000E+04  .60000E+02    2    248
    93  .15600E+04  .60000E+02    2    250
    94  .16200E+04  .60000E+02    2    252
    95  .16800E+04  .60000E+02    2    254
    96  .17400E+04  .60000E+02    2    256
    97  .18000E+04  .60000E+02    2    258
    98  .18600E+04  .60000E+02    2    260
    99  .19200E+04  .60000E+02    2    262
   100  .19350E+04  .15000E+02    2    264
   101  .19800E+04  .45000E+02    2    266
   102  .20400E+04  .60000E+02    2    268
   103  .21000E+04  .60000E+02    2    270
   104  .21600E+04  .60000E+02    2    272
   105  .22200E+04  .60000E+02    2    274
   106  .22500E+04  .30000E+02    2    276
   107  .22501E+04  .10000E+00    2    278
   108  .22502E+04  .12999E+00    2    280
   109  .22504E+04  .16896E+00    2    282
   110  .22506E+04  .21983E+00    2    284
   111  .22509E+04  .28564E+00    2    286
   112  .22513E+04  .37157E+00    2    288
   113  .22518E+04  .48304E+00    2    290
   114  .22524E+04  .62761E+00    2    292
   115  .22532E+04  .81474E+00    2    294
   116  .22543E+04  .10587E+01    2    296
   117  .22556E+04  .13838E+01    2    298
   118  .22574E+04  .17975E+01    2    300
   119  .22598E+04  .23319E+01    2    302
   120  .22628E+04  .30398E+01    2    304
   121  .22668E+04  .39806E+01    2    306
   122  .22719E+04  .51002E+01    2    308
   123  .22785E+04  .65878E+01    2    310
   124  .22869E+04  .84177E+01    2    312
   125  .22979E+04  .11008E+02    2    314
   126  .23126E+04  .14677E+02    2    316
   127  .23322E+04  .19569E+02    2    318
   128  .23566E+04  .24462E+02    2    320
   129  .23933E+04  .36693E+02    2    322
   130  .24300E+04  .36692E+02    2    324
   131  .24400E+04  .10000E+02    2    326
   132  .24500E+04  .10000E+02    2    328
   133  .24600E+04  .10000E+02    2    330
   134  .24700E+04  .10000E+02    2    332
   135  .24800E+04  .10000E+02    2    334
   136  .24900E+04  .10000E+02    2    336
   137  .25050E+04  .15000E+02    2    338
   138  .25200E+04  .15000E+02    2    340
   139  .25350E+04  .15000E+02    2    342
   140  .25500E+04  .15000E+02    2    344
   141  .25800E+04  .30000E+02    2    346
   142  .26100E+04  .30000E+02    2    348
   143  .26400E+04  .30000E+02    2    350
   144  .26700E+04  .30000E+02    2    352
   145  .27300E+04  .60000E+02    2    354
   146  .27900E+04  .60000E+02    2    356
   147  .28800E+04  .90000E+02    2    358
   148  .29100E+04  .30000E+02    2    360
   149  .29700E+04  .60000E+02    2    362
   150  .30300E+04  .60000E+02    2    364
   151  .30900E+04  .60000E+02    2    366
   152  .31500E+04  .60000E+02    2    368
   153  .32100E+04  .60000E+02    2    370
   154  .32250E+04  .15000E+02    2    372
   155  .32700E+04  .45000E+02    2    374
   156  .33300E+04  .60000E+02    2    376
   157  .33301E+04  .10000E+00    2    378
   158  .33302E+04  .12999E+00    2    380
   159  .33304E+04  .16896E+00    2    382
   160  .33306E+04  .21983E+00    2    384
   161  .33309E+04  .28564E+00    2    386
   162  .33313E+04  .37157E+00    2    388
   163  .33318E+04  .48304E+00    2    390
   164  .33324E+04  .62761E+00    2    392
   165  .33332E+04  .81474E+00    2    394
   166  .33343E+04  .10587E+01    2    396
   167  .33356E+04  .13838E+01    2    398
   168  .33374E+04  .17975E+01    2    400
   169  .33398E+04  .23319E+01    2    402
   170  .33428E+04  .30398E+01    2    404
   171  .33468E+04  .39806E+01    2    406
   172  .33519E+04  .51002E+01    2    408
   173  .33585E+04  .65878E+01    2    410
   174  .33669E+04  .84177E+01    2    412
   175  .33779E+04  .11008E+02    2    414
   176  .33926E+04  .14677E+02    2    416
   177  .34122E+04  .19569E+02    2    418
   178  .34366E+04  .24462E+02    2    420
   179  .34733E+04  .36693E+02    2    422
   180  .35100E+04  .36692E+02    2    424
   181  .35200E+04  .10000E+02    2    426
   182  .35300E+04  .10000E+02    2    428
   183  .35400E+04  .10000E+02    2    430
   184  .35500E+04  .10000E+02    2    432
   185  .35600E+04  .10000E+02    2    434
   186  .35700E+04  .10000E+02    2    436
   187  .35850E+04  .15000E+02    2    438
   188  .36000E+04  .15000E+02    2    440
   189  .36150E+04  .15000E+02    2    442
   190  .36300E+04  .15000E+02    2    444
   191  .36600E+04  .30000E+02    2    446
   192  .36900E+04  .30000E+02    2    448
   193  .37200E+04  .30000E+02    2    450
   194  .37650E+04  .45000E+02    2    452
   195  .38100E+04  .45000E+02    2    454
   196  .38700E+04  .60000E+02    2    456
   197  .39300E+04  .60000E+02    2    458
   198  .39900E+04  .60000E+02    2    460
   199  .40200E+04  .30000E+02    2    462
   200  .40500E+04  .30000E+02    2    464
   201  .40800E+04  .30000E+02    2    466
   202  .41100E+04  .30000E+02    2    468
   203  .41400E+04  .30000E+02    2    470
   204  .41700E+04  .30000E+02    2    472
   205  .42000E+04  .30000E+02    2    474
   206  .42300E+04  .30000E+02    2    476
   207  .42600E+04  .30000E+02    2    478
   208  .42900E+04  .30000E+02    2    480
   209  .42901E+04  .10000E+00    2    482
   210  .42902E+04  .12999E+00    2    484
   211  .42904E+04  .16896E+00    2    486
   212  .42906E+04  .21983E+00    2    488
   213  .42909E+04  .28564E+00    2    490
   214  .42913E+04  .37157E+00    2    492
   215  .42918E+04  .48304E+00    2    494
   216  .42924E+04  .62761E+00    2    496
   217  .42932E+04  .81474E+00    2    498
   218  .42943E+04  .10587E+01    2    500
   219  .42956E+04  .13838E+01    2    502
   220  .42974E+04  .17975E+01    2    504
   221  .42998E+04  .23319E+01    2    506
   222  .43028E+04  .30398E+01    2    508
   223  .43068E+04  .39807E+01    2    510
   224  .43119E+04  .51002E+01    2    512
   225  .43185E+04  .65878E+01    2    514
   226  .43269E+04  .84177E+01    2    516
   227  .43379E+04  .11008E+02    2    518
   228  .43526E+04  .14677E+02    2    520
   229  .43722E+04  .19569E+02    2    522
   230  .43966E+04  .24462E+02    2    524
   231  .44333E+04  .36693E+02    2    526
   232  .44700E+04  .36692E+02    2    528
   233  .44800E+04  .10000E+02    2    530
   234  .44900E+04  .10000E+02    2    532
   235  .45000E+04  .10000E+02    2    534
   236  .45100E+04  .10000E+02    2    536
   237  .45150E+04  .50000E+01    2    538
   238  .45200E+04  .50000E+01    2    540
   239  .45300E+04  .10000E+02    2    542
   240  .45450E+04  .15000E+02    2    544
   241  .45600E+04  .15000E+02    2    546
   242  .45750E+04  .15000E+02    2    548
   243  .45900E+04  .15000E+02    2    550
   244  .46050E+04  .15000E+02    2    552
   245  .46200E+04  .15000E+02    2    554
   246  .46350E+04  .15000E+02    2    556
   247  .46500E+04  .15000E+02    2    558
   248  .46650E+04  .15000E+02    2    560
   249  .46800E+04  .15000E+02    2    562
   250  .46950E+04  .15000E+02    2    564
   251  .47100E+04  .15000E+02    2    566
   252  .47250E+04  .15000E+02    2    568
   253  .47400E+04  .15000E+02    2    570
   254  .47550E+04  .15000E+02    2    572
   255  .47700E+04  .15000E+02    2    574
   256  .47850E+04  .15000E+02    2    576
   257  .48000E+04  .15000E+02    2    578
   258  .48150E+04  .15000E+02    2    580
   259  .48300E+04  .15000E+02    2    582
   260  .48450E+04  .15000E+02    2    584
   261  .48600E+04  .15000E+02    2    586
   262  .48750E+04  .15000E+02    2    588
   263  .49050E+04  .30000E+02    2    590
   264  .49200E+04  .15000E+02    2    592
   265  .49350E+04  .15000E+02    2    594
   266  .49500E+04  .15000E+02    2    596
   267  .49650E+04  .15000E+02    2    598
   268  .49800E+04  .15000E+02    2    600
   269  .49950E+04  .15000E+02    2    602
   270  .50100E+04  .15000E+02    2    604
   271  .50250E+04  .15000E+02    2    606
   272  .50400E+04  .15000E+02    2    608
   273  .50550E+04  .15000E+02    2    610
   274  .50700E+04  .15000E+02    2    612
   275  .50850E+04  .15000E+02    2    614
   276  .51000E+04  .15000E+02    2    616
   277  .51150E+04  .15000E+02    2    618
   278  .51151E+04  .10000E+00    2    620
   279  .51152E+04  .13014E+00    2    622
   280  .51154E+04  .16894E+00    2    624
   281  .51156E+04  .21971E+00    2    626
   282  .51159E+04  .28633E+00    2    628
   283  .51163E+04  .37054E+00    2    630
   284  .51168E+04  .48048E+00    2    632
   285  .51174E+04  .62672E+00    2    634
   286  .51182E+04  .81955E+00    2    636
   287  .51193E+04  .10717E+01    2    638
   288  .51206E+04  .13575E+01    2    640
   289  .51224E+04  .17895E+01    2    642
   290  .51248E+04  .23487E+01    2    644
   291  .51277E+04  .29358E+01    2    646
   292  .51317E+04  .40367E+01    2    648
   293  .51365E+04  .47096E+01    2    650
   294  .51423E+04  .58870E+01    2    652
   295  .51512E+04  .88306E+01    2    654
   296  .51600E+04  .88306E+01    2    656
   297  .51713E+04  .11250E+02    2    658
   298  .51867E+04  .15469E+02    2    660
   299  .52048E+04  .18047E+02    2    662
   300  .52273E+04  .22559E+02    2    664
   301  .52612E+04  .33838E+02    2    666
   302  .52950E+04  .33838E+02    2    668
   303  .53050E+04  .10000E+02    2    670
   304  .53150E+04  .10000E+02    2    672
   305  .53250E+04  .10000E+02    2    674
   306  .53350E+04  .10000E+02    2    676
   307  .53450E+04  .10000E+02    2    678
   308  .53550E+04  .10000E+02    2    680
   309  .53700E+04  .15000E+02    2    682
   310  .53850E+04  .15000E+02    2    684
   311  .54000E+04  .15000E+02    2    686
   312  .54150E+04  .15000E+02    2    688
   313  .54300E+04  .15000E+02    2    690
   314  .54450E+04  .15000E+02    2    692
   315  .54750E+04  .30000E+02    2    694
   316  .54900E+04  .15000E+02    2    696
   317  .55050E+04  .15000E+02    2    698
   318  .55200E+04  .15000E+02    2    700
   319  .55350E+04  .15000E+02    2    702
   320  .55500E+04  .15000E+02    2    704
   321  .55650E+04  .15000E+02    2    706
   322  .55800E+04  .15000E+02    2    708
   323  .55950E+04  .15000E+02    2    710
   324  .56100E+04  .15000E+02    2    712
   325  .56250E+04  .15000E+02    2    714
   326  .56400E+04  .15000E+02    2    716
   327  .56550E+04  .15000E+02    2    718
   328  .56850E+04  .30000E+02    2    720
   329  .57000E+04  .15000E+02    2    722
   330  .57150E+04  .15000E+02    2    724
   331  .57300E+04  .15000E+02    2    726
   332  .57450E+04  .15000E+02    2    728
   333  .57600E+04  .15000E+02    2    730
   334  .57750E+04  .15000E+02    2    732
   335  .57900E+04  .15000E+02    2    734
   336  .58050E+04  .15000E+02    2    736
   337  .58200E+04  .15000E+02    2    738
   338  .58350E+04  .15000E+02    2    740
   339  .58351E+04  .10000E+00    2    742
   340  .58352E+04  .12999E+00    2    744
   341  .58354E+04  .16896E+00    2    746
   342  .58356E+04  .21983E+00    2    748
   343  .58359E+04  .28564E+00    2    750
   344  .58363E+04  .37157E+00    2    752
   345  .58368E+04  .48304E+00    2    754
   346  .58374E+04  .62761E+00    2    756
   347  .58382E+04  .81474E+00    2    758
   348  .58393E+04  .10587E+01    2    760
   349  .58406E+04  .13838E+01    2    762
   350  .58424E+04  .17975E+01    2    764
   351  .58448E+04  .23319E+01    2    766
   352  .58478E+04  .30398E+01    2    768
   353  .58518E+04  .39807E+01    2    770
   354  .58569E+04  .51002E+01    2    772
   355  .58635E+04  .65878E+01    2    774
   356  .58719E+04  .84177E+01    2    776
   357  .58829E+04  .11008E+02    2    778
   358  .58976E+04  .14677E+02    2    780
   359  .59172E+04  .19569E+02    2    782
   360  .59416E+04  .24462E+02    2    784
   361  .59783E+04  .36693E+02    2    786
   362  .60150E+04  .36692E+02    2    788
   363  .60250E+04  .10000E+02    2    790
   364  .60350E+04  .10000E+02    2    792
   365  .60450E+04  .10000E+02    2    794
   366  .60550E+04  .10000E+02    2    796
   367  .60650E+04  .10000E+02    2    798
   368  .60750E+04  .10000E+02    2    800
   369  .60900E+04  .15000E+02    2    802
   370  .61050E+04  .15000E+02    2    804
   371  .61200E+04  .15000E+02    2    806
   372  .61350E+04  .15000E+02    2    808
   373  .61500E+04  .15000E+02    2    810
   374  .61650E+04  .15000E+02    2    812
   375  .61800E+04  .15000E+02    2    814
   376  .61950E+04  .15000E+02    2    816
   377  .62100E+04  .15000E+02    2    818
   378  .62250E+04  .15000E+02    2    820
   379  .62400E+04  .15000E+02    2    822
   380  .62550E+04  .15000E+02    2    824
   381  .62700E+04  .15000E+02    2    826
   382  .62850E+04  .15000E+02    2    828
   383  .63000E+04  .15000E+02    2    830
   384  .63150E+04  .15000E+02    2    832
   385  .63300E+04  .15000E+02    2    834
   386  .63450E+04  .15000E+02    2    836
   387  .63600E+04  .15000E+02    2    838
   388  .63750E+04  .15000E+02    2    840
   389  .63900E+04  .15000E+02    2    842
   390  .64050E+04  .15000E+02    2    844
   391  .64350E+04  .30000E+02    2    846
   392  .64500E+04  .15000E+02    2    848
end
 
 Real time [sec]      45.000000
