 Tension permeameter infiltration test - loam - multistep                
 
 Program HYDRUS2
 Date:   2. 3.    Time:  11: 2:51
 Time dependent boundary conditions
 Axisymmetric flow, V = L*L*L
 Units: L = cm   , T = sec  , M = -    
 All fluxes (v) are positive out of the region

       Time       rAtm       rRoot      vAtm       vRoot      vKode3     vKode1     vSeep      vDrain     vBottom...
        [T]      [L/T]       [L/T]     [L/T]       [L/T]       [V/T]      [V/T]     [V/T]       [V/T]      [V/T]

         .1000   .000E+00   .000E+00   .000E+00   .000E+00  -.290E+03   .000E+00   .000E+00   .000E+00   .118E+01
         .2000   .000E+00   .000E+00   .000E+00   .000E+00  -.856E+01   .000E+00   .000E+00   .000E+00   .118E+01
         .3298   .000E+00   .000E+00   .000E+00   .000E+00  -.839E+01   .000E+00   .000E+00   .000E+00   .118E+01
         .4984   .000E+00   .000E+00   .000E+00   .000E+00  -.820E+01   .000E+00   .000E+00   .000E+00   .118E+01
         .7182   .000E+00   .000E+00   .000E+00   .000E+00  -.795E+01   .000E+00   .000E+00   .000E+00   .118E+01
        1.0038   .000E+00   .000E+00   .000E+00   .000E+00  -.768E+01   .000E+00   .000E+00   .000E+00   .118E+01
        1.3721   .000E+00   .000E+00   .000E+00   .000E+00  -.734E+01   .000E+00   .000E+00   .000E+00   .118E+01
        1.8588   .000E+00   .000E+00   .000E+00   .000E+00  -.697E+01   .000E+00   .000E+00   .000E+00   .118E+01
        2.4846   .000E+00   .000E+00   .000E+00   .000E+00  -.655E+01   .000E+00   .000E+00   .000E+00   .118E+01
        3.3190   .000E+00   .000E+00   .000E+00   .000E+00  -.610E+01   .000E+00   .000E+00   .000E+00   .118E+01
        4.3809   .000E+00   .000E+00   .000E+00   .000E+00  -.562E+01   .000E+00   .000E+00   .000E+00   .118E+01
        5.7083   .000E+00   .000E+00   .000E+00   .000E+00  -.515E+01   .000E+00   .000E+00   .000E+00   .118E+01
        7.5666   .000E+00   .000E+00   .000E+00   .000E+00  -.465E+01   .000E+00   .000E+00   .000E+00   .118E+01
       10.0444   .000E+00   .000E+00   .000E+00   .000E+00  -.418E+01   .000E+00   .000E+00   .000E+00   .118E+01
       12.5222   .000E+00   .000E+00   .000E+00   .000E+00  -.384E+01   .000E+00   .000E+00   .000E+00   .118E+01
       15.0000   .000E+00   .000E+00   .000E+00   .000E+00  -.359E+01   .000E+00   .000E+00   .000E+00   .118E+01
       18.7500   .000E+00   .000E+00   .000E+00   .000E+00  -.333E+01   .000E+00   .000E+00   .000E+00   .118E+01
       22.5000   .000E+00   .000E+00   .000E+00   .000E+00  -.313E+01   .000E+00   .000E+00   .000E+00   .118E+01
       30.0000   .000E+00   .000E+00   .000E+00   .000E+00  -.285E+01   .000E+00   .000E+00   .000E+00   .118E+01
       35.0000   .000E+00   .000E+00   .000E+00   .000E+00  -.270E+01   .000E+00   .000E+00   .000E+00   .118E+01
       40.0000   .000E+00   .000E+00   .000E+00   .000E+00  -.255E+01   .000E+00   .000E+00   .000E+00   .118E+01
       45.0000   .000E+00   .000E+00   .000E+00   .000E+00  -.243E+01   .000E+00   .000E+00   .000E+00   .118E+01
       52.5000   .000E+00   .000E+00   .000E+00   .000E+00  -.230E+01   .000E+00   .000E+00   .000E+00   .118E+01
       60.0000   .000E+00   .000E+00   .000E+00   .000E+00  -.218E+01   .000E+00   .000E+00   .000E+00   .118E+01
       67.5000   .000E+00   .000E+00   .000E+00   .000E+00  -.209E+01   .000E+00   .000E+00   .000E+00   .118E+01
       75.0000   .000E+00   .000E+00   .000E+00   .000E+00  -.201E+01   .000E+00   .000E+00   .000E+00   .118E+01
       90.0000   .000E+00   .000E+00   .000E+00   .000E+00  -.191E+01   .000E+00   .000E+00   .000E+00   .118E+01
      105.0000   .000E+00   .000E+00   .000E+00   .000E+00  -.182E+01   .000E+00   .000E+00   .000E+00   .118E+01
      120.0000   .000E+00   .000E+00   .000E+00   .000E+00  -.175E+01   .000E+00   .000E+00   .000E+00   .118E+01
      130.0000   .000E+00   .000E+00   .000E+00   .000E+00  -.171E+01   .000E+00   .000E+00   .000E+00   .118E+01
      150.0000   .000E+00   .000E+00   .000E+00   .000E+00  -.164E+01   .000E+00   .000E+00   .000E+00   .118E+01
      165.0000   .000E+00   .000E+00   .000E+00   .000E+00  -.160E+01   .000E+00   .000E+00   .000E+00   .118E+01
      180.0000   .000E+00   .000E+00   .000E+00   .000E+00  -.156E+01   .000E+00   .000E+00   .000E+00   .118E+01
      195.0000   .000E+00   .000E+00   .000E+00   .000E+00  -.153E+01   .000E+00   .000E+00   .000E+00   .118E+01
      210.0000   .000E+00   .000E+00   .000E+00   .000E+00  -.150E+01   .000E+00   .000E+00   .000E+00   .118E+01
      240.0000   .000E+00   .000E+00   .000E+00   .000E+00  -.146E+01   .000E+00   .000E+00   .000E+00   .118E+01
      270.0000   .000E+00   .000E+00   .000E+00   .000E+00  -.142E+01   .000E+00   .000E+00   .000E+00   .118E+01
      300.0000   .000E+00   .000E+00   .000E+00   .000E+00  -.139E+01   .000E+00   .000E+00   .000E+00   .118E+01
      330.0000   .000E+00   .000E+00   .000E+00   .000E+00  -.136E+01   .000E+00   .000E+00   .000E+00   .118E+01
      360.0000   .000E+00   .000E+00   .000E+00   .000E+00  -.134E+01   .000E+00   .000E+00   .000E+00   .118E+01
      390.0000   .000E+00   .000E+00   .000E+00   .000E+00  -.132E+01   .000E+00   .000E+00   .000E+00   .118E+01
      420.0000   .000E+00   .000E+00   .000E+00   .000E+00  -.130E+01   .000E+00   .000E+00   .000E+00   .118E+01
      450.0000   .000E+00   .000E+00   .000E+00   .000E+00  -.128E+01   .000E+00   .000E+00   .000E+00   .118E+01
      480.0000   .000E+00   .000E+00   .000E+00   .000E+00  -.127E+01   .000E+00   .000E+00   .000E+00   .118E+01
      510.0000   .000E+00   .000E+00   .000E+00   .000E+00  -.125E+01   .000E+00   .000E+00   .000E+00   .118E+01
      540.0000   .000E+00   .000E+00   .000E+00   .000E+00  -.124E+01   .000E+00   .000E+00   .000E+00   .118E+01
      570.0000   .000E+00   .000E+00   .000E+00   .000E+00  -.123E+01   .000E+00   .000E+00   .000E+00   .118E+01
      600.0000   .000E+00   .000E+00   .000E+00   .000E+00  -.122E+01   .000E+00   .000E+00   .000E+00   .118E+01
      630.0000   .000E+00   .000E+00   .000E+00   .000E+00  -.121E+01   .000E+00   .000E+00   .000E+00   .118E+01
      645.0000   .000E+00   .000E+00   .000E+00   .000E+00  -.121E+01   .000E+00   .000E+00   .000E+00   .118E+01
      660.0000   .000E+00   .000E+00   .000E+00   .000E+00  -.120E+01   .000E+00   .000E+00   .000E+00   .118E+01
      690.0000   .000E+00   .000E+00   .000E+00   .000E+00  -.120E+01   .000E+00   .000E+00   .000E+00   .118E+01
      720.0000   .000E+00   .000E+00   .000E+00   .000E+00  -.119E+01   .000E+00   .000E+00   .000E+00   .118E+01
      750.0000   .000E+00   .000E+00   .000E+00   .000E+00  -.118E+01   .000E+00   .000E+00   .000E+00   .118E+01
      780.0000   .000E+00   .000E+00   .000E+00   .000E+00  -.118E+01   .000E+00   .000E+00   .000E+00   .118E+01
      840.0000   .000E+00   .000E+00   .000E+00   .000E+00  -.117E+01   .000E+00   .000E+00   .000E+00   .118E+01
      840.1000   .000E+00   .000E+00   .000E+00   .000E+00  -.117E+01   .000E+00   .000E+00   .000E+00   .118E+01
      840.2300   .000E+00   .000E+00   .000E+00   .000E+00  -.117E+01   .000E+00   .000E+00   .000E+00   .118E+01
      840.3989   .000E+00   .000E+00   .000E+00   .000E+00  -.117E+01   .000E+00   .000E+00   .000E+00   .118E+01
      840.6185   .000E+00   .000E+00   .000E+00   .000E+00  -.117E+01   .000E+00   .000E+00   .000E+00   .118E+01
      840.9042   .000E+00   .000E+00   .000E+00   .000E+00  -.117E+01   .000E+00   .000E+00   .000E+00   .118E+01
      841.2755   .000E+00   .000E+00   .000E+00   .000E+00  -.117E+01   .000E+00   .000E+00   .000E+00   .118E+01
      841.7578   .000E+00   .000E+00   .000E+00   .000E+00  -.117E+01   .000E+00   .000E+00   .000E+00   .118E+01
      842.3847   .000E+00   .000E+00   .000E+00   .000E+00  -.117E+01   .000E+00   .000E+00   .000E+00   .118E+01
      843.2012   .000E+00   .000E+00   .000E+00   .000E+00  -.117E+01   .000E+00   .000E+00   .000E+00   .118E+01
      844.2631   .000E+00   .000E+00   .000E+00   .000E+00  -.117E+01   .000E+00   .000E+00   .000E+00   .118E+01
      845.6417   .000E+00   .000E+00   .000E+00   .000E+00  -.116E+01   .000E+00   .000E+00   .000E+00   .118E+01
      847.4307   .000E+00   .000E+00   .000E+00   .000E+00  -.116E+01   .000E+00   .000E+00   .000E+00   .118E+01
      849.7564   .000E+00   .000E+00   .000E+00   .000E+00  -.116E+01   .000E+00   .000E+00   .000E+00   .118E+01
      852.7859   .000E+00   .000E+00   .000E+00   .000E+00  -.116E+01   .000E+00   .000E+00   .000E+00   .118E+01
      856.7034   .000E+00   .000E+00   .000E+00   .000E+00  -.116E+01   .000E+00   .000E+00   .000E+00   .118E+01
      861.7784   .000E+00   .000E+00   .000E+00   .000E+00  -.116E+01   .000E+00   .000E+00   .000E+00   .118E+01
      868.3912   .000E+00   .000E+00   .000E+00   .000E+00  -.116E+01   .000E+00   .000E+00   .000E+00   .118E+01
      877.2082   .000E+00   .000E+00   .000E+00   .000E+00  -.116E+01   .000E+00   .000E+00   .000E+00   .118E+01
      888.4744   .000E+00   .000E+00   .000E+00   .000E+00  -.116E+01   .000E+00   .000E+00   .000E+00   .118E+01
      903.2072   .000E+00   .000E+00   .000E+00   .000E+00  -.115E+01   .000E+00   .000E+00   .000E+00   .118E+01
      922.8508   .000E+00   .000E+00   .000E+00   .000E+00  -.115E+01   .000E+00   .000E+00   .000E+00   .118E+01
      949.0424   .000E+00   .000E+00   .000E+00   .000E+00  -.114E+01   .000E+00   .000E+00   .000E+00   .118E+01
      981.7817   .000E+00   .000E+00   .000E+00   .000E+00  -.114E+01   .000E+00   .000E+00   .000E+00   .118E+01
     1030.8910   .000E+00   .000E+00   .000E+00   .000E+00  -.114E+01   .000E+00   .000E+00   .000E+00   .118E+01
     1080.0000   .000E+00   .000E+00   .000E+00   .000E+00  -.113E+01   .000E+00   .000E+00   .000E+00   .118E+01
     1110.0000   .000E+00   .000E+00   .000E+00   .000E+00  -.113E+01   .000E+00   .000E+00   .000E+00   .118E+01
     1140.0000   .000E+00   .000E+00   .000E+00   .000E+00  -.112E+01   .000E+00   .000E+00   .000E+00   .118E+01
     1170.0000   .000E+00   .000E+00   .000E+00   .000E+00  -.112E+01   .000E+00   .000E+00   .000E+00   .118E+01
     1200.0000   .000E+00   .000E+00   .000E+00   .000E+00  -.112E+01   .000E+00   .000E+00   .000E+00   .118E+01
     1230.0000   .000E+00   .000E+00   .000E+00   .000E+00  -.111E+01   .000E+00   .000E+00   .000E+00   .118E+01
     1260.0000   .000E+00   .000E+00   .000E+00   .000E+00  -.111E+01   .000E+00   .000E+00   .000E+00   .118E+01
     1290.0000   .000E+00   .000E+00   .000E+00   .000E+00  -.111E+01   .000E+00   .000E+00   .000E+00   .118E+01
     1320.0000   .000E+00   .000E+00   .000E+00   .000E+00  -.110E+01   .000E+00   .000E+00   .000E+00   .118E+01
     1380.0000   .000E+00   .000E+00   .000E+00   .000E+00  -.110E+01   .000E+00   .000E+00   .000E+00   .118E+01
     1440.0000   .000E+00   .000E+00   .000E+00   .000E+00  -.110E+01   .000E+00   .000E+00   .000E+00   .118E+01
     1500.0000   .000E+00   .000E+00   .000E+00   .000E+00  -.109E+01   .000E+00   .000E+00   .000E+00   .118E+01
     1560.0000   .000E+00   .000E+00   .000E+00   .000E+00  -.109E+01   .000E+00   .000E+00   .000E+00   .118E+01
     1620.0000   .000E+00   .000E+00   .000E+00   .000E+00  -.108E+01   .000E+00   .000E+00   .000E+00   .118E+01
     1680.0000   .000E+00   .000E+00   .000E+00   .000E+00  -.108E+01   .000E+00   .000E+00   .000E+00   .118E+01
     1740.0000   .000E+00   .000E+00   .000E+00   .000E+00  -.108E+01   .000E+00   .000E+00   .000E+00   .118E+01
     1800.0000   .000E+00   .000E+00   .000E+00   .000E+00  -.107E+01   .000E+00   .000E+00   .000E+00   .118E+01
     1860.0000   .000E+00   .000E+00   .000E+00   .000E+00  -.107E+01   .000E+00   .000E+00   .000E+00   .118E+01
     1920.0000   .000E+00   .000E+00   .000E+00   .000E+00  -.107E+01   .000E+00   .000E+00   .000E+00   .118E+01
     1935.0000   .000E+00   .000E+00   .000E+00   .000E+00  -.107E+01   .000E+00   .000E+00   .000E+00   .118E+01
     1980.0000   .000E+00   .000E+00   .000E+00   .000E+00  -.107E+01   .000E+00   .000E+00   .000E+00   .118E+01
     2040.0000   .000E+00   .000E+00   .000E+00   .000E+00  -.107E+01   .000E+00   .000E+00   .000E+00   .118E+01
     2100.0000   .000E+00   .000E+00   .000E+00   .000E+00  -.106E+01   .000E+00   .000E+00   .000E+00   .118E+01
     2160.0000   .000E+00   .000E+00   .000E+00   .000E+00  -.106E+01   .000E+00   .000E+00   .000E+00   .118E+01
     2220.0000   .000E+00   .000E+00   .000E+00   .000E+00  -.106E+01   .000E+00   .000E+00   .000E+00   .118E+01
     2250.0000   .000E+00   .000E+00   .000E+00   .000E+00  -.106E+01   .000E+00   .000E+00   .000E+00   .118E+01
     2250.1000   .000E+00   .000E+00   .000E+00   .000E+00  -.143E+02   .000E+00   .000E+00   .000E+00   .118E+01
     2250.2300   .000E+00   .000E+00   .000E+00   .000E+00  -.228E+01   .000E+00   .000E+00   .000E+00   .118E+01
     2250.3990   .000E+00   .000E+00   .000E+00   .000E+00  -.223E+01   .000E+00   .000E+00   .000E+00   .118E+01
     2250.6190   .000E+00   .000E+00   .000E+00   .000E+00  -.216E+01   .000E+00   .000E+00   .000E+00   .118E+01
     2250.9040   .000E+00   .000E+00   .000E+00   .000E+00  -.209E+01   .000E+00   .000E+00   .000E+00   .118E+01
     2251.2760   .000E+00   .000E+00   .000E+00   .000E+00  -.202E+01   .000E+00   .000E+00   .000E+00   .118E+01
     2251.7590   .000E+00   .000E+00   .000E+00   .000E+00  -.194E+01   .000E+00   .000E+00   .000E+00   .118E+01
     2252.3870   .000E+00   .000E+00   .000E+00   .000E+00  -.187E+01   .000E+00   .000E+00   .000E+00   .118E+01
     2253.2010   .000E+00   .000E+00   .000E+00   .000E+00  -.180E+01   .000E+00   .000E+00   .000E+00   .118E+01
     2254.2600   .000E+00   .000E+00   .000E+00   .000E+00  -.174E+01   .000E+00   .000E+00   .000E+00   .118E+01
     2255.6440   .000E+00   .000E+00   .000E+00   .000E+00  -.168E+01   .000E+00   .000E+00   .000E+00   .118E+01
     2257.4410   .000E+00   .000E+00   .000E+00   .000E+00  -.163E+01   .000E+00   .000E+00   .000E+00   .118E+01
     2259.7730   .000E+00   .000E+00   .000E+00   .000E+00  -.158E+01   .000E+00   .000E+00   .000E+00   .118E+01
     2262.8130   .000E+00   .000E+00   .000E+00   .000E+00  -.153E+01   .000E+00   .000E+00   .000E+00   .118E+01
     2266.7940   .000E+00   .000E+00   .000E+00   .000E+00  -.150E+01   .000E+00   .000E+00   .000E+00   .118E+01
     2271.8940   .000E+00   .000E+00   .000E+00   .000E+00  -.146E+01   .000E+00   .000E+00   .000E+00   .118E+01
     2278.4810   .000E+00   .000E+00   .000E+00   .000E+00  -.144E+01   .000E+00   .000E+00   .000E+00   .118E+01
     2286.8990   .000E+00   .000E+00   .000E+00   .000E+00  -.141E+01   .000E+00   .000E+00   .000E+00   .118E+01
     2297.9070   .000E+00   .000E+00   .000E+00   .000E+00  -.139E+01   .000E+00   .000E+00   .000E+00   .118E+01
     2312.5840   .000E+00   .000E+00   .000E+00   .000E+00  -.137E+01   .000E+00   .000E+00   .000E+00   .118E+01
     2332.1530   .000E+00   .000E+00   .000E+00   .000E+00  -.136E+01   .000E+00   .000E+00   .000E+00   .118E+01
     2356.6150   .000E+00   .000E+00   .000E+00   .000E+00  -.134E+01   .000E+00   .000E+00   .000E+00   .118E+01
     2393.3080   .000E+00   .000E+00   .000E+00   .000E+00  -.133E+01   .000E+00   .000E+00   .000E+00   .118E+01
     2430.0000   .000E+00   .000E+00   .000E+00   .000E+00  -.132E+01   .000E+00   .000E+00   .000E+00   .118E+01
     2440.0000   .000E+00   .000E+00   .000E+00   .000E+00  -.132E+01   .000E+00   .000E+00   .000E+00   .118E+01
     2450.0000   .000E+00   .000E+00   .000E+00   .000E+00  -.132E+01   .000E+00   .000E+00   .000E+00   .118E+01
     2460.0000   .000E+00   .000E+00   .000E+00   .000E+00  -.132E+01   .000E+00   .000E+00   .000E+00   .118E+01
     2470.0000   .000E+00   .000E+00   .000E+00   .000E+00  -.132E+01   .000E+00   .000E+00   .000E+00   .118E+01
     2480.0000   .000E+00   .000E+00   .000E+00   .000E+00  -.131E+01   .000E+00   .000E+00   .000E+00   .118E+01
     2490.0000   .000E+00   .000E+00   .000E+00   .000E+00  -.131E+01   .000E+00   .000E+00   .000E+00   .118E+01
     2505.0000   .000E+00   .000E+00   .000E+00   .000E+00  -.131E+01   .000E+00   .000E+00   .000E+00   .118E+01
     2520.0000   .000E+00   .000E+00   .000E+00   .000E+00  -.131E+01   .000E+00   .000E+00   .000E+00   .118E+01
     2535.0000   .000E+00   .000E+00   .000E+00   .000E+00  -.131E+01   .000E+00   .000E+00   .000E+00   .118E+01
     2550.0000   .000E+00   .000E+00   .000E+00   .000E+00  -.130E+01   .000E+00   .000E+00   .000E+00   .118E+01
     2580.0000   .000E+00   .000E+00   .000E+00   .000E+00  -.130E+01   .000E+00   .000E+00   .000E+00   .118E+01
     2610.0000   .000E+00   .000E+00   .000E+00   .000E+00  -.130E+01   .000E+00   .000E+00   .000E+00   .118E+01
     2640.0000   .000E+00   .000E+00   .000E+00   .000E+00  -.130E+01   .000E+00   .000E+00   .000E+00   .118E+01
     2670.0000   .000E+00   .000E+00   .000E+00   .000E+00  -.129E+01   .000E+00   .000E+00   .000E+00   .118E+01
     2730.0000   .000E+00   .000E+00   .000E+00   .000E+00  -.129E+01   .000E+00   .000E+00   .000E+00   .118E+01
     2790.0000   .000E+00   .000E+00   .000E+00   .000E+00  -.128E+01   .000E+00   .000E+00   .000E+00   .118E+01
     2880.0000   .000E+00   .000E+00   .000E+00   .000E+00  -.128E+01   .000E+00   .000E+00   .000E+00   .118E+01
     2910.0000   .000E+00   .000E+00   .000E+00   .000E+00  -.128E+01   .000E+00   .000E+00   .000E+00   .118E+01
     2970.0000   .000E+00   .000E+00   .000E+00   .000E+00  -.128E+01   .000E+00   .000E+00   .000E+00   .118E+01
     3030.0000   .000E+00   .000E+00   .000E+00   .000E+00  -.127E+01   .000E+00   .000E+00   .000E+00   .118E+01
     3090.0000   .000E+00   .000E+00   .000E+00   .000E+00  -.127E+01   .000E+00   .000E+00   .000E+00   .118E+01
     3150.0000   .000E+00   .000E+00   .000E+00   .000E+00  -.127E+01   .000E+00   .000E+00   .000E+00   .118E+01
     3210.0000   .000E+00   .000E+00   .000E+00   .000E+00  -.127E+01   .000E+00   .000E+00   .000E+00   .118E+01
     3225.0000   .000E+00   .000E+00   .000E+00   .000E+00  -.127E+01   .000E+00   .000E+00   .000E+00   .118E+01
     3270.0000   .000E+00   .000E+00   .000E+00   .000E+00  -.127E+01   .000E+00   .000E+00   .000E+00   .118E+01
     3330.0000   .000E+00   .000E+00   .000E+00   .000E+00  -.127E+01   .000E+00   .000E+00   .000E+00   .118E+01
     3330.1000   .000E+00   .000E+00   .000E+00   .000E+00  -.132E+02   .000E+00   .000E+00   .000E+00   .118E+01
     3330.2300   .000E+00   .000E+00   .000E+00   .000E+00  -.295E+01   .000E+00   .000E+00   .000E+00   .118E+01
     3330.3990   .000E+00   .000E+00   .000E+00   .000E+00  -.284E+01   .000E+00   .000E+00   .000E+00   .118E+01
     3330.6190   .000E+00   .000E+00   .000E+00   .000E+00  -.272E+01   .000E+00   .000E+00   .000E+00   .118E+01
     3330.9040   .000E+00   .000E+00   .000E+00   .000E+00  -.260E+01   .000E+00   .000E+00   .000E+00   .118E+01
     3331.2760   .000E+00   .000E+00   .000E+00   .000E+00  -.249E+01   .000E+00   .000E+00   .000E+00   .118E+01
     3331.7590   .000E+00   .000E+00   .000E+00   .000E+00  -.237E+01   .000E+00   .000E+00   .000E+00   .118E+01
     3332.3870   .000E+00   .000E+00   .000E+00   .000E+00  -.227E+01   .000E+00   .000E+00   .000E+00   .118E+01
     3333.2010   .000E+00   .000E+00   .000E+00   .000E+00  -.218E+01   .000E+00   .000E+00   .000E+00   .118E+01
     3334.2600   .000E+00   .000E+00   .000E+00   .000E+00  -.210E+01   .000E+00   .000E+00   .000E+00   .118E+01
     3335.6440   .000E+00   .000E+00   .000E+00   .000E+00  -.203E+01   .000E+00   .000E+00   .000E+00   .118E+01
     3337.4410   .000E+00   .000E+00   .000E+00   .000E+00  -.197E+01   .000E+00   .000E+00   .000E+00   .118E+01
     3339.7730   .000E+00   .000E+00   .000E+00   .000E+00  -.191E+01   .000E+00   .000E+00   .000E+00   .118E+01
     3342.8130   .000E+00   .000E+00   .000E+00   .000E+00  -.186E+01   .000E+00   .000E+00   .000E+00   .118E+01
     3346.7940   .000E+00   .000E+00   .000E+00   .000E+00  -.182E+01   .000E+00   .000E+00   .000E+00   .118E+01
     3351.8940   .000E+00   .000E+00   .000E+00   .000E+00  -.178E+01   .000E+00   .000E+00   .000E+00   .118E+01
     3358.4810   .000E+00   .000E+00   .000E+00   .000E+00  -.175E+01   .000E+00   .000E+00   .000E+00   .118E+01
     3366.8990   .000E+00   .000E+00   .000E+00   .000E+00  -.172E+01   .000E+00   .000E+00   .000E+00   .118E+01
     3377.9070   .000E+00   .000E+00   .000E+00   .000E+00  -.170E+01   .000E+00   .000E+00   .000E+00   .118E+01
     3392.5840   .000E+00   .000E+00   .000E+00   .000E+00  -.168E+01   .000E+00   .000E+00   .000E+00   .118E+01
     3412.1530   .000E+00   .000E+00   .000E+00   .000E+00  -.166E+01   .000E+00   .000E+00   .000E+00   .118E+01
     3436.6150   .000E+00   .000E+00   .000E+00   .000E+00  -.164E+01   .000E+00   .000E+00   .000E+00   .118E+01
     3473.3080   .000E+00   .000E+00   .000E+00   .000E+00  -.163E+01   .000E+00   .000E+00   .000E+00   .118E+01
     3510.0000   .000E+00   .000E+00   .000E+00   .000E+00  -.162E+01   .000E+00   .000E+00   .000E+00   .118E+01
     3520.0000   .000E+00   .000E+00   .000E+00   .000E+00  -.162E+01   .000E+00   .000E+00   .000E+00   .118E+01
     3530.0000   .000E+00   .000E+00   .000E+00   .000E+00  -.162E+01   .000E+00   .000E+00   .000E+00   .118E+01
     3540.0000   .000E+00   .000E+00   .000E+00   .000E+00  -.161E+01   .000E+00   .000E+00   .000E+00   .118E+01
     3550.0000   .000E+00   .000E+00   .000E+00   .000E+00  -.161E+01   .000E+00   .000E+00   .000E+00   .118E+01
     3560.0000   .000E+00   .000E+00   .000E+00   .000E+00  -.161E+01   .000E+00   .000E+00   .000E+00   .118E+01
     3570.0000   .000E+00   .000E+00   .000E+00   .000E+00  -.161E+01   .000E+00   .000E+00   .000E+00   .118E+01
     3585.0000   .000E+00   .000E+00   .000E+00   .000E+00  -.161E+01   .000E+00   .000E+00   .000E+00   .118E+01
     3600.0000   .000E+00   .000E+00   .000E+00   .000E+00  -.161E+01   .000E+00   .000E+00   .000E+00   .118E+01
     3615.0000   .000E+00   .000E+00   .000E+00   .000E+00  -.160E+01   .000E+00   .000E+00   .000E+00   .118E+01
     3630.0000   .000E+00   .000E+00   .000E+00   .000E+00  -.160E+01   .000E+00   .000E+00   .000E+00   .118E+01
     3660.0000   .000E+00   .000E+00   .000E+00   .000E+00  -.160E+01   .000E+00   .000E+00   .000E+00   .118E+01
     3690.0000   .000E+00   .000E+00   .000E+00   .000E+00  -.159E+01   .000E+00   .000E+00   .000E+00   .118E+01
     3720.0000   .000E+00   .000E+00   .000E+00   .000E+00  -.159E+01   .000E+00   .000E+00   .000E+00   .118E+01
     3765.0000   .000E+00   .000E+00   .000E+00   .000E+00  -.159E+01   .000E+00   .000E+00   .000E+00   .118E+01
     3810.0000   .000E+00   .000E+00   .000E+00   .000E+00  -.158E+01   .000E+00   .000E+00   .000E+00   .118E+01
     3870.0000   .000E+00   .000E+00   .000E+00   .000E+00  -.158E+01   .000E+00   .000E+00   .000E+00   .118E+01
     3930.0000   .000E+00   .000E+00   .000E+00   .000E+00  -.157E+01   .000E+00   .000E+00   .000E+00   .118E+01
     3990.0000   .000E+00   .000E+00   .000E+00   .000E+00  -.157E+01   .000E+00   .000E+00   .000E+00   .118E+01
     4020.0000   .000E+00   .000E+00   .000E+00   .000E+00  -.157E+01   .000E+00   .000E+00   .000E+00   .118E+01
     4050.0000   .000E+00   .000E+00   .000E+00   .000E+00  -.157E+01   .000E+00   .000E+00   .000E+00   .118E+01
     4080.0000   .000E+00   .000E+00   .000E+00   .000E+00  -.157E+01   .000E+00   .000E+00   .000E+00   .118E+01
     4110.0000   .000E+00   .000E+00   .000E+00   .000E+00  -.157E+01   .000E+00   .000E+00   .000E+00   .118E+01
     4140.0000   .000E+00   .000E+00   .000E+00   .000E+00  -.157E+01   .000E+00   .000E+00   .000E+00   .118E+01
     4170.0000   .000E+00   .000E+00   .000E+00   .000E+00  -.157E+01   .000E+00   .000E+00   .000E+00   .118E+01
     4200.0000   .000E+00   .000E+00   .000E+00   .000E+00  -.157E+01   .000E+00   .000E+00   .000E+00   .118E+01
     4230.0000   .000E+00   .000E+00   .000E+00   .000E+00  -.157E+01   .000E+00   .000E+00   .000E+00   .118E+01
     4260.0000   .000E+00   .000E+00   .000E+00   .000E+00  -.156E+01   .000E+00   .000E+00   .000E+00   .118E+01
     4290.0000   .000E+00   .000E+00   .000E+00   .000E+00  -.156E+01   .000E+00   .000E+00   .000E+00   .118E+01
     4290.1000   .000E+00   .000E+00   .000E+00   .000E+00  -.912E+01   .000E+00   .000E+00   .000E+00   .118E+01
     4290.2300   .000E+00   .000E+00   .000E+00   .000E+00  -.341E+01   .000E+00   .000E+00   .000E+00   .118E+01
     4290.3990   .000E+00   .000E+00   .000E+00   .000E+00  -.323E+01   .000E+00   .000E+00   .000E+00   .118E+01
     4290.6190   .000E+00   .000E+00   .000E+00   .000E+00  -.306E+01   .000E+00   .000E+00   .000E+00   .118E+01
     4290.9040   .000E+00   .000E+00   .000E+00   .000E+00  -.290E+01   .000E+00   .000E+00   .000E+00   .118E+01
     4291.2760   .000E+00   .000E+00   .000E+00   .000E+00  -.277E+01   .000E+00   .000E+00   .000E+00   .118E+01
     4291.7590   .000E+00   .000E+00   .000E+00   .000E+00  -.265E+01   .000E+00   .000E+00   .000E+00   .118E+01
     4292.3860   .000E+00   .000E+00   .000E+00   .000E+00  -.255E+01   .000E+00   .000E+00   .000E+00   .118E+01
     4293.2010   .000E+00   .000E+00   .000E+00   .000E+00  -.246E+01   .000E+00   .000E+00   .000E+00   .118E+01
     4294.2600   .000E+00   .000E+00   .000E+00   .000E+00  -.238E+01   .000E+00   .000E+00   .000E+00   .118E+01
     4295.6440   .000E+00   .000E+00   .000E+00   .000E+00  -.231E+01   .000E+00   .000E+00   .000E+00   .118E+01
     4297.4410   .000E+00   .000E+00   .000E+00   .000E+00  -.226E+01   .000E+00   .000E+00   .000E+00   .118E+01
     4299.7730   .000E+00   .000E+00   .000E+00   .000E+00  -.221E+01   .000E+00   .000E+00   .000E+00   .118E+01
     4302.8130   .000E+00   .000E+00   .000E+00   .000E+00  -.217E+01   .000E+00   .000E+00   .000E+00   .118E+01
     4306.7930   .000E+00   .000E+00   .000E+00   .000E+00  -.213E+01   .000E+00   .000E+00   .000E+00   .118E+01
     4311.8930   .000E+00   .000E+00   .000E+00   .000E+00  -.210E+01   .000E+00   .000E+00   .000E+00   .118E+01
     4318.4810   .000E+00   .000E+00   .000E+00   .000E+00  -.207E+01   .000E+00   .000E+00   .000E+00   .118E+01
     4326.8980   .000E+00   .000E+00   .000E+00   .000E+00  -.205E+01   .000E+00   .000E+00   .000E+00   .118E+01
     4337.9060   .000E+00   .000E+00   .000E+00   .000E+00  -.203E+01   .000E+00   .000E+00   .000E+00   .118E+01
     4352.5830   .000E+00   .000E+00   .000E+00   .000E+00  -.201E+01   .000E+00   .000E+00   .000E+00   .118E+01
     4372.1530   .000E+00   .000E+00   .000E+00   .000E+00  -.199E+01   .000E+00   .000E+00   .000E+00   .118E+01
     4396.6150   .000E+00   .000E+00   .000E+00   .000E+00  -.197E+01   .000E+00   .000E+00   .000E+00   .118E+01
     4433.3080   .000E+00   .000E+00   .000E+00   .000E+00  -.196E+01   .000E+00   .000E+00   .000E+00   .118E+01
     4470.0000   .000E+00   .000E+00   .000E+00   .000E+00  -.195E+01   .000E+00   .000E+00   .000E+00   .118E+01
     4480.0000   .000E+00   .000E+00   .000E+00   .000E+00  -.195E+01   .000E+00   .000E+00   .000E+00   .118E+01
     4490.0000   .000E+00   .000E+00   .000E+00   .000E+00  -.195E+01   .000E+00   .000E+00   .000E+00   .118E+01
     4500.0000   .000E+00   .000E+00   .000E+00   .000E+00  -.195E+01   .000E+00   .000E+00   .000E+00   .118E+01
     4510.0000   .000E+00   .000E+00   .000E+00   .000E+00  -.195E+01   .000E+00   .000E+00   .000E+00   .118E+01
     4515.0000   .000E+00   .000E+00   .000E+00   .000E+00  -.195E+01   .000E+00   .000E+00   .000E+00   .118E+01
     4520.0000   .000E+00   .000E+00   .000E+00   .000E+00  -.195E+01   .000E+00   .000E+00   .000E+00   .118E+01
     4530.0000   .000E+00   .000E+00   .000E+00   .000E+00  -.195E+01   .000E+00   .000E+00   .000E+00   .118E+01
     4545.0000   .000E+00   .000E+00   .000E+00   .000E+00  -.194E+01   .000E+00   .000E+00   .000E+00   .118E+01
     4560.0000   .000E+00   .000E+00   .000E+00   .000E+00  -.194E+01   .000E+00   .000E+00   .000E+00   .118E+01
     4575.0000   .000E+00   .000E+00   .000E+00   .000E+00  -.194E+01   .000E+00   .000E+00   .000E+00   .118E+01
     4590.0000   .000E+00   .000E+00   .000E+00   .000E+00  -.194E+01   .000E+00   .000E+00   .000E+00   .118E+01
     4605.0000   .000E+00   .000E+00   .000E+00   .000E+00  -.194E+01   .000E+00   .000E+00   .000E+00   .118E+01
     4620.0000   .000E+00   .000E+00   .000E+00   .000E+00  -.193E+01   .000E+00   .000E+00   .000E+00   .118E+01
     4635.0000   .000E+00   .000E+00   .000E+00   .000E+00  -.193E+01   .000E+00   .000E+00   .000E+00   .118E+01
     4650.0000   .000E+00   .000E+00   .000E+00   .000E+00  -.193E+01   .000E+00   .000E+00   .000E+00   .118E+01
     4665.0000   .000E+00   .000E+00   .000E+00   .000E+00  -.193E+01   .000E+00   .000E+00   .000E+00   .118E+01
     4680.0000   .000E+00   .000E+00   .000E+00   .000E+00  -.193E+01   .000E+00   .000E+00   .000E+00   .118E+01
     4695.0000   .000E+00   .000E+00   .000E+00   .000E+00  -.193E+01   .000E+00   .000E+00   .000E+00   .118E+01
     4710.0000   .000E+00   .000E+00   .000E+00   .000E+00  -.193E+01   .000E+00   .000E+00   .000E+00   .118E+01
     4725.0000   .000E+00   .000E+00   .000E+00   .000E+00  -.192E+01   .000E+00   .000E+00   .000E+00   .118E+01
     4740.0000   .000E+00   .000E+00   .000E+00   .000E+00  -.192E+01   .000E+00   .000E+00   .000E+00   .118E+01
     4755.0000   .000E+00   .000E+00   .000E+00   .000E+00  -.192E+01   .000E+00   .000E+00   .000E+00   .118E+01
     4770.0000   .000E+00   .000E+00   .000E+00   .000E+00  -.192E+01   .000E+00   .000E+00   .000E+00   .118E+01
     4785.0000   .000E+00   .000E+00   .000E+00   .000E+00  -.192E+01   .000E+00   .000E+00   .000E+00   .118E+01
     4800.0000   .000E+00   .000E+00   .000E+00   .000E+00  -.192E+01   .000E+00   .000E+00   .000E+00   .118E+01
     4815.0000   .000E+00   .000E+00   .000E+00   .000E+00  -.192E+01   .000E+00   .000E+00   .000E+00   .118E+01
     4830.0000   .000E+00   .000E+00   .000E+00   .000E+00  -.192E+01   .000E+00   .000E+00   .000E+00   .118E+01
     4845.0000   .000E+00   .000E+00   .000E+00   .000E+00  -.192E+01   .000E+00   .000E+00   .000E+00   .118E+01
     4860.0000   .000E+00   .000E+00   .000E+00   .000E+00  -.192E+01   .000E+00   .000E+00   .000E+00   .118E+01
     4875.0000   .000E+00   .000E+00   .000E+00   .000E+00  -.192E+01   .000E+00   .000E+00   .000E+00   .118E+01
     4905.0000   .000E+00   .000E+00   .000E+00   .000E+00  -.191E+01   .000E+00   .000E+00   .000E+00   .118E+01
     4920.0000   .000E+00   .000E+00   .000E+00   .000E+00  -.191E+01   .000E+00   .000E+00   .000E+00   .118E+01
     4935.0000   .000E+00   .000E+00   .000E+00   .000E+00  -.191E+01   .000E+00   .000E+00   .000E+00   .118E+01
     4950.0000   .000E+00   .000E+00   .000E+00   .000E+00  -.191E+01   .000E+00   .000E+00   .000E+00   .118E+01
     4965.0000   .000E+00   .000E+00   .000E+00   .000E+00  -.191E+01   .000E+00   .000E+00   .000E+00   .118E+01
     4980.0000   .000E+00   .000E+00   .000E+00   .000E+00  -.191E+01   .000E+00   .000E+00   .000E+00   .118E+01
     4995.0000   .000E+00   .000E+00   .000E+00   .000E+00  -.191E+01   .000E+00   .000E+00   .000E+00   .118E+01
     5010.0000   .000E+00   .000E+00   .000E+00   .000E+00  -.191E+01   .000E+00   .000E+00   .000E+00   .118E+01
     5025.0000   .000E+00   .000E+00   .000E+00   .000E+00  -.191E+01   .000E+00   .000E+00   .000E+00   .118E+01
     5040.0000   .000E+00   .000E+00   .000E+00   .000E+00  -.191E+01   .000E+00   .000E+00   .000E+00   .118E+01
     5055.0000   .000E+00   .000E+00   .000E+00   .000E+00  -.191E+01   .000E+00   .000E+00   .000E+00   .118E+01
     5070.0000   .000E+00   .000E+00   .000E+00   .000E+00  -.191E+01   .000E+00   .000E+00   .000E+00   .118E+01
     5085.0000   .000E+00   .000E+00   .000E+00   .000E+00  -.191E+01   .000E+00   .000E+00   .000E+00   .118E+01
     5100.0000   .000E+00   .000E+00   .000E+00   .000E+00  -.191E+01   .000E+00   .000E+00   .000E+00   .118E+01
     5115.0000   .000E+00   .000E+00   .000E+00   .000E+00  -.191E+01   .000E+00   .000E+00   .000E+00   .118E+01
     5115.1000   .000E+00   .000E+00   .000E+00   .000E+00  -.466E+01   .000E+00   .000E+00   .000E+00   .118E+01
     5115.2300   .000E+00   .000E+00   .000E+00   .000E+00  -.310E+01   .000E+00   .000E+00   .000E+00   .118E+01
     5115.3990   .000E+00   .000E+00   .000E+00   .000E+00  -.294E+01   .000E+00   .000E+00   .000E+00   .118E+01
     5115.6190   .000E+00   .000E+00   .000E+00   .000E+00  -.280E+01   .000E+00   .000E+00   .000E+00   .118E+01
     5115.9050   .000E+00   .000E+00   .000E+00   .000E+00  -.270E+01   .000E+00   .000E+00   .000E+00   .118E+01
     5116.2760   .000E+00   .000E+00   .000E+00   .000E+00  -.262E+01   .000E+00   .000E+00   .000E+00   .118E+01
     5116.7560   .000E+00   .000E+00   .000E+00   .000E+00  -.255E+01   .000E+00   .000E+00   .000E+00   .118E+01
     5117.3830   .000E+00   .000E+00   .000E+00   .000E+00  -.250E+01   .000E+00   .000E+00   .000E+00   .118E+01
     5118.2030   .000E+00   .000E+00   .000E+00   .000E+00  -.245E+01   .000E+00   .000E+00   .000E+00   .118E+01
     5119.2740   .000E+00   .000E+00   .000E+00   .000E+00  -.241E+01   .000E+00   .000E+00   .000E+00   .118E+01
     5120.6320   .000E+00   .000E+00   .000E+00   .000E+00  -.238E+01   .000E+00   .000E+00   .000E+00   .118E+01
     5122.4210   .000E+00   .000E+00   .000E+00   .000E+00  -.235E+01   .000E+00   .000E+00   .000E+00   .118E+01
     5124.7700   .000E+00   .000E+00   .000E+00   .000E+00  -.232E+01   .000E+00   .000E+00   .000E+00   .118E+01
     5127.7060   .000E+00   .000E+00   .000E+00   .000E+00  -.230E+01   .000E+00   .000E+00   .000E+00   .118E+01
     5131.7430   .000E+00   .000E+00   .000E+00   .000E+00  -.228E+01   .000E+00   .000E+00   .000E+00   .118E+01
     5136.4520   .000E+00   .000E+00   .000E+00   .000E+00  -.226E+01   .000E+00   .000E+00   .000E+00   .118E+01
     5142.3390   .000E+00   .000E+00   .000E+00   .000E+00  -.225E+01   .000E+00   .000E+00   .000E+00   .118E+01
     5151.1690   .000E+00   .000E+00   .000E+00   .000E+00  -.223E+01   .000E+00   .000E+00   .000E+00   .118E+01
     5160.0000   .000E+00   .000E+00   .000E+00   .000E+00  -.222E+01   .000E+00   .000E+00   .000E+00   .118E+01
     5171.2500   .000E+00   .000E+00   .000E+00   .000E+00  -.222E+01   .000E+00   .000E+00   .000E+00   .118E+01
     5186.7190   .000E+00   .000E+00   .000E+00   .000E+00  -.221E+01   .000E+00   .000E+00   .000E+00   .118E+01
     5204.7660   .000E+00   .000E+00   .000E+00   .000E+00  -.220E+01   .000E+00   .000E+00   .000E+00   .118E+01
     5227.3240   .000E+00   .000E+00   .000E+00   .000E+00  -.219E+01   .000E+00   .000E+00   .000E+00   .118E+01
     5261.1620   .000E+00   .000E+00   .000E+00   .000E+00  -.218E+01   .000E+00   .000E+00   .000E+00   .118E+01
     5295.0000   .000E+00   .000E+00   .000E+00   .000E+00  -.217E+01   .000E+00   .000E+00   .000E+00   .118E+01
     5305.0000   .000E+00   .000E+00   .000E+00   .000E+00  -.218E+01   .000E+00   .000E+00   .000E+00   .118E+01
     5315.0000   .000E+00   .000E+00   .000E+00   .000E+00  -.218E+01   .000E+00   .000E+00   .000E+00   .118E+01
     5325.0000   .000E+00   .000E+00   .000E+00   .000E+00  -.217E+01   .000E+00   .000E+00   .000E+00   .118E+01
     5335.0000   .000E+00   .000E+00   .000E+00   .000E+00  -.217E+01   .000E+00   .000E+00   .000E+00   .118E+01
     5345.0000   .000E+00   .000E+00   .000E+00   .000E+00  -.217E+01   .000E+00   .000E+00   .000E+00   .118E+01
     5355.0000   .000E+00   .000E+00   .000E+00   .000E+00  -.217E+01   .000E+00   .000E+00   .000E+00   .118E+01
     5370.0000   .000E+00   .000E+00   .000E+00   .000E+00  -.217E+01   .000E+00   .000E+00   .000E+00   .118E+01
     5385.0000   .000E+00   .000E+00   .000E+00   .000E+00  -.217E+01   .000E+00   .000E+00   .000E+00   .118E+01
     5400.0000   .000E+00   .000E+00   .000E+00   .000E+00  -.217E+01   .000E+00   .000E+00   .000E+00   .118E+01
     5415.0000   .000E+00   .000E+00   .000E+00   .000E+00  -.217E+01   .000E+00   .000E+00   .000E+00   .118E+01
     5430.0000   .000E+00   .000E+00   .000E+00   .000E+00  -.216E+01   .000E+00   .000E+00   .000E+00   .118E+01
     5445.0000   .000E+00   .000E+00   .000E+00   .000E+00  -.216E+01   .000E+00   .000E+00   .000E+00   .118E+01
     5475.0000   .000E+00   .000E+00   .000E+00   .000E+00  -.216E+01   .000E+00   .000E+00   .000E+00   .118E+01
     5490.0000   .000E+00   .000E+00   .000E+00   .000E+00  -.216E+01   .000E+00   .000E+00   .000E+00   .118E+01
     5505.0000   .000E+00   .000E+00   .000E+00   .000E+00  -.216E+01   .000E+00   .000E+00   .000E+00   .118E+01
     5520.0000   .000E+00   .000E+00   .000E+00   .000E+00  -.216E+01   .000E+00   .000E+00   .000E+00   .118E+01
     5535.0000   .000E+00   .000E+00   .000E+00   .000E+00  -.216E+01   .000E+00   .000E+00   .000E+00   .118E+01
     5550.0000   .000E+00   .000E+00   .000E+00   .000E+00  -.216E+01   .000E+00   .000E+00   .000E+00   .118E+01
     5565.0000   .000E+00   .000E+00   .000E+00   .000E+00  -.216E+01   .000E+00   .000E+00   .000E+00   .118E+01
     5580.0000   .000E+00   .000E+00   .000E+00   .000E+00  -.215E+01   .000E+00   .000E+00   .000E+00   .118E+01
     5595.0000   .000E+00   .000E+00   .000E+00   .000E+00  -.215E+01   .000E+00   .000E+00   .000E+00   .118E+01
     5610.0000   .000E+00   .000E+00   .000E+00   .000E+00  -.215E+01   .000E+00   .000E+00   .000E+00   .118E+01
     5625.0000   .000E+00   .000E+00   .000E+00   .000E+00  -.215E+01   .000E+00   .000E+00   .000E+00   .118E+01
     5640.0000   .000E+00   .000E+00   .000E+00   .000E+00  -.215E+01   .000E+00   .000E+00   .000E+00   .118E+01
     5655.0000   .000E+00   .000E+00   .000E+00   .000E+00  -.215E+01   .000E+00   .000E+00   .000E+00   .118E+01
     5685.0000   .000E+00   .000E+00   .000E+00   .000E+00  -.215E+01   .000E+00   .000E+00   .000E+00   .118E+01
     5700.0000   .000E+00   .000E+00   .000E+00   .000E+00  -.215E+01   .000E+00   .000E+00   .000E+00   .118E+01
     5715.0000   .000E+00   .000E+00   .000E+00   .000E+00  -.215E+01   .000E+00   .000E+00   .000E+00   .118E+01
     5730.0000   .000E+00   .000E+00   .000E+00   .000E+00  -.215E+01   .000E+00   .000E+00   .000E+00   .118E+01
     5745.0000   .000E+00   .000E+00   .000E+00   .000E+00  -.215E+01   .000E+00   .000E+00   .000E+00   .118E+01
     5760.0000   .000E+00   .000E+00   .000E+00   .000E+00  -.215E+01   .000E+00   .000E+00   .000E+00   .118E+01
     5775.0000   .000E+00   .000E+00   .000E+00   .000E+00  -.215E+01   .000E+00   .000E+00   .000E+00   .118E+01
     5790.0000   .000E+00   .000E+00   .000E+00   .000E+00  -.215E+01   .000E+00   .000E+00   .000E+00   .118E+01
     5805.0000   .000E+00   .000E+00   .000E+00   .000E+00  -.215E+01   .000E+00   .000E+00   .000E+00   .118E+01
     5820.0000   .000E+00   .000E+00   .000E+00   .000E+00  -.214E+01   .000E+00   .000E+00   .000E+00   .118E+01
     5835.0000   .000E+00   .000E+00   .000E+00   .000E+00  -.214E+01   .000E+00   .000E+00   .000E+00   .118E+01
     5835.1000   .000E+00   .000E+00   .000E+00   .000E+00  -.286E+01   .000E+00   .000E+00   .000E+00   .118E+01
     5835.2300   .000E+00   .000E+00   .000E+00   .000E+00  -.262E+01   .000E+00   .000E+00   .000E+00   .118E+01
     5835.3990   .000E+00   .000E+00   .000E+00   .000E+00  -.254E+01   .000E+00   .000E+00   .000E+00   .118E+01
     5835.6190   .000E+00   .000E+00   .000E+00   .000E+00  -.249E+01   .000E+00   .000E+00   .000E+00   .118E+01
     5835.9040   .000E+00   .000E+00   .000E+00   .000E+00  -.245E+01   .000E+00   .000E+00   .000E+00   .118E+01
     5836.2760   .000E+00   .000E+00   .000E+00   .000E+00  -.243E+01   .000E+00   .000E+00   .000E+00   .118E+01
     5836.7590   .000E+00   .000E+00   .000E+00   .000E+00  -.240E+01   .000E+00   .000E+00   .000E+00   .118E+01
     5837.3860   .000E+00   .000E+00   .000E+00   .000E+00  -.239E+01   .000E+00   .000E+00   .000E+00   .118E+01
     5838.2010   .000E+00   .000E+00   .000E+00   .000E+00  -.237E+01   .000E+00   .000E+00   .000E+00   .118E+01
     5839.2600   .000E+00   .000E+00   .000E+00   .000E+00  -.236E+01   .000E+00   .000E+00   .000E+00   .118E+01
     5840.6440   .000E+00   .000E+00   .000E+00   .000E+00  -.235E+01   .000E+00   .000E+00   .000E+00   .118E+01
     5842.4410   .000E+00   .000E+00   .000E+00   .000E+00  -.233E+01   .000E+00   .000E+00   .000E+00   .118E+01
     5844.7730   .000E+00   .000E+00   .000E+00   .000E+00  -.233E+01   .000E+00   .000E+00   .000E+00   .118E+01
     5847.8130   .000E+00   .000E+00   .000E+00   .000E+00  -.232E+01   .000E+00   .000E+00   .000E+00   .118E+01
     5851.7930   .000E+00   .000E+00   .000E+00   .000E+00  -.231E+01   .000E+00   .000E+00   .000E+00   .118E+01
     5856.8930   .000E+00   .000E+00   .000E+00   .000E+00  -.230E+01   .000E+00   .000E+00   .000E+00   .118E+01
     5863.4810   .000E+00   .000E+00   .000E+00   .000E+00  -.230E+01   .000E+00   .000E+00   .000E+00   .118E+01
     5871.8980   .000E+00   .000E+00   .000E+00   .000E+00  -.229E+01   .000E+00   .000E+00   .000E+00   .118E+01
     5882.9060   .000E+00   .000E+00   .000E+00   .000E+00  -.229E+01   .000E+00   .000E+00   .000E+00   .118E+01
     5897.5830   .000E+00   .000E+00   .000E+00   .000E+00  -.228E+01   .000E+00   .000E+00   .000E+00   .118E+01
     5917.1530   .000E+00   .000E+00   .000E+00   .000E+00  -.228E+01   .000E+00   .000E+00   .000E+00   .118E+01
     5941.6150   .000E+00   .000E+00   .000E+00   .000E+00  -.227E+01   .000E+00   .000E+00   .000E+00   .118E+01
     5978.3080   .000E+00   .000E+00   .000E+00   .000E+00  -.227E+01   .000E+00   .000E+00   .000E+00   .118E+01
     6015.0000   .000E+00   .000E+00   .000E+00   .000E+00  -.226E+01   .000E+00   .000E+00   .000E+00   .118E+01
     6025.0000   .000E+00   .000E+00   .000E+00   .000E+00  -.226E+01   .000E+00   .000E+00   .000E+00   .118E+01
     6035.0000   .000E+00   .000E+00   .000E+00   .000E+00  -.226E+01   .000E+00   .000E+00   .000E+00   .118E+01
     6045.0000   .000E+00   .000E+00   .000E+00   .000E+00  -.226E+01   .000E+00   .000E+00   .000E+00   .118E+01
     6055.0000   .000E+00   .000E+00   .000E+00   .000E+00  -.226E+01   .000E+00   .000E+00   .000E+00   .118E+01
     6065.0000   .000E+00   .000E+00   .000E+00   .000E+00  -.226E+01   .000E+00   .000E+00   .000E+00   .118E+01
     6075.0000   .000E+00   .000E+00   .000E+00   .000E+00  -.226E+01   .000E+00   .000E+00   .000E+00   .118E+01
     6090.0000   .000E+00   .000E+00   .000E+00   .000E+00  -.226E+01   .000E+00   .000E+00   .000E+00   .118E+01
     6105.0000   .000E+00   .000E+00   .000E+00   .000E+00  -.226E+01   .000E+00   .000E+00   .000E+00   .118E+01
     6120.0000   .000E+00   .000E+00   .000E+00   .000E+00  -.226E+01   .000E+00   .000E+00   .000E+00   .118E+01
     6135.0000   .000E+00   .000E+00   .000E+00   .000E+00  -.226E+01   .000E+00   .000E+00   .000E+00   .118E+01
     6150.0000   .000E+00   .000E+00   .000E+00   .000E+00  -.226E+01   .000E+00   .000E+00   .000E+00   .118E+01
     6165.0000   .000E+00   .000E+00   .000E+00   .000E+00  -.226E+01   .000E+00   .000E+00   .000E+00   .118E+01
     6180.0000   .000E+00   .000E+00   .000E+00   .000E+00  -.226E+01   .000E+00   .000E+00   .000E+00   .118E+01
     6195.0000   .000E+00   .000E+00   .000E+00   .000E+00  -.226E+01   .000E+00   .000E+00   .000E+00   .118E+01
     6210.0000   .000E+00   .000E+00   .000E+00   .000E+00  -.226E+01   .000E+00   .000E+00   .000E+00   .118E+01
     6225.0000   .000E+00   .000E+00   .000E+00   .000E+00  -.225E+01   .000E+00   .000E+00   .000E+00   .118E+01
     6240.0000   .000E+00   .000E+00   .000E+00   .000E+00  -.225E+01   .000E+00   .000E+00   .000E+00   .118E+01
     6255.0000   .000E+00   .000E+00   .000E+00   .000E+00  -.225E+01   .000E+00   .000E+00   .000E+00   .118E+01
     6270.0000   .000E+00   .000E+00   .000E+00   .000E+00  -.225E+01   .000E+00   .000E+00   .000E+00   .118E+01
     6285.0000   .000E+00   .000E+00   .000E+00   .000E+00  -.225E+01   .000E+00   .000E+00   .000E+00   .118E+01
     6300.0000   .000E+00   .000E+00   .000E+00   .000E+00  -.225E+01   .000E+00   .000E+00   .000E+00   .118E+01
     6315.0000   .000E+00   .000E+00   .000E+00   .000E+00  -.225E+01   .000E+00   .000E+00   .000E+00   .118E+01
     6330.0000   .000E+00   .000E+00   .000E+00   .000E+00  -.225E+01   .000E+00   .000E+00   .000E+00   .118E+01
     6345.0000   .000E+00   .000E+00   .000E+00   .000E+00  -.225E+01   .000E+00   .000E+00   .000E+00   .118E+01
     6360.0000   .000E+00   .000E+00   .000E+00   .000E+00  -.225E+01   .000E+00   .000E+00   .000E+00   .118E+01
     6375.0000   .000E+00   .000E+00   .000E+00   .000E+00  -.225E+01   .000E+00   .000E+00   .000E+00   .118E+01
     6390.0000   .000E+00   .000E+00   .000E+00   .000E+00  -.225E+01   .000E+00   .000E+00   .000E+00   .118E+01
     6405.0000   .000E+00   .000E+00   .000E+00   .000E+00  -.225E+01   .000E+00   .000E+00   .000E+00   .118E+01
     6435.0000   .000E+00   .000E+00   .000E+00   .000E+00  -.225E+01   .000E+00   .000E+00   .000E+00   .118E+01
     6450.0000   .000E+00   .000E+00   .000E+00   .000E+00  -.225E+01   .000E+00   .000E+00   .000E+00   .118E+01
end
