 Furrow irrigation of NH4 water into a drained profile                   
 
 Program HYDRUS2
 Date:  24. 7.    Time:  17:30:12
 Time independent boundary conditions
 Vertical plane flow, V = L*L
 Units: L = cm   , T = days , M = mmol 


 Time:       .5000

    i    n    x      z    Code     Q          v           h       th       Temp     Conc
                                 [V/T]      [L/T]        [L]     [-]        [C]    [M/L3]

    1    1  149.7   16.3    2  -.388E+02   .201E+02         .0   .460     20.00  .000E+00  .000E+00  .000E+00
    2    2  151.5   16.9    2  -.329E+02   .171E+02         .0   .460     20.00  .000E+00  .000E+00  .000E+00
    3    3  152.5   18.6    2  -.246E+02   .127E+02         .0   .460     20.00  .000E+00  .000E+00  .000E+00
    4    4  152.2   20.5    2  -.174E+02   .902E+01         .0   .460     20.00  .000E+00  .000E+00  .000E+00
    5    5  150.8   21.8    2  -.120E+02   .620E+01         .0   .460     20.00  .000E+00  .000E+00  .000E+00
    6    6  148.8   21.8    2  -.149E+02   .775E+01         .0   .460     20.00  .000E+00  .000E+00  .000E+00
    7    7  147.3   20.6    2  -.235E+02   .122E+02         .0   .460     20.00  .000E+00  .000E+00  .000E+00
    8    8  147.0   18.7    2  -.318E+02   .165E+02         .0   .460     20.00  .000E+00  .000E+00  .000E+00
    9    9  147.9   17.0    2  -.365E+02   .189E+02         .0   .460     20.00  .000E+00  .000E+00  .000E+00
   10   71   31.0   91.0    1   .296E+02  -.105E+02        1.0   .460     21.73  .686E+00  .201E-01  .485E-02
   11   72   27.0   87.0    1   .241E+02  -.445E+01        5.0   .460     21.93  .610E+00  .226E-01  .618E-02
   12   73   23.3   83.3    1   .222E+02  -.450E+01        8.7   .460     21.98  .666E+00  .230E-01  .611E-02
   13   74   20.0   80.0    1   .310E+02  -.638E+01       12.0   .460     21.97  .912E+00  .188E-01  .375E-02
   14   75   15.0   80.0    1   .186E+02  -.373E+01       12.0   .460     21.91  .657E+00  .240E-01  .633E-02
   15   76   10.0   80.0    1   .163E+02  -.326E+01       12.0   .460     21.85  .530E+00  .212E-01  .646E-02
   16   77    5.0   80.0    1   .153E+02  -.306E+01       12.0   .460     21.82  .621E+00  .208E-01  .582E-02
   17   78     .0   80.0    1   .749E+01  -.299E+01       12.0   .460     21.80  .519E+00  .205E-01  .622E-02


 Time:      1.0000

    i    n    x      z    Code     Q          v           h       th       Temp     Conc
                                 [V/T]      [L/T]        [L]     [-]        [C]    [M/L3]

    1    1  149.7   16.3    2  -.373E+02   .193E+02         .0   .460     20.00  .000E+00  .000E+00  .231E-28
    2    2  151.5   16.9    2  -.307E+02   .159E+02         .0   .460     20.00  .000E+00  .000E+00 -.265E-29
    3    3  152.5   18.6    2  -.217E+02   .112E+02         .0   .460     20.00  .000E+00  .000E+00  .000E+00
    4    4  152.2   20.5    2  -.137E+02   .713E+01         .0   .460     20.00  .000E+00  .000E+00  .000E+00
    5    5  150.8   21.8    2  -.839E+01   .435E+01         .0   .460     20.00  .000E+00  .000E+00  .000E+00
    6    6  148.8   21.8    2  -.131E+02   .678E+01         .0   .460     20.00  .000E+00  .000E+00  .318E-29
    7    7  147.3   20.6    2  -.229E+02   .119E+02         .0   .460     20.00  .000E+00  .000E+00  .313E-28
    8    8  147.0   18.7    2  -.313E+02   .162E+02         .0   .460     20.00  .000E+00  .000E+00  .155E-27
    9    9  147.9   17.0    2  -.357E+02   .185E+02         .0   .460     20.00  .000E+00  .000E+00  .118E-27
   10   71   31.0   91.0    1   .281E+02  -.994E+01        1.0   .460     22.00  .934E+00  .318E-01  .105E-01
   11   72   27.0   87.0    1   .229E+02  -.422E+01        5.0   .460     22.20  .881E+00  .379E-01  .139E-01
   12   73   23.3   83.3    1   .212E+02  -.429E+01        8.7   .460     22.28  .943E+00  .359E-01  .117E-01
   13   74   20.0   80.0    1   .297E+02  -.611E+01       12.0   .460     22.30  .105E+01  .228E-01  .460E-02
   14   75   15.0   80.0    1   .179E+02  -.359E+01       12.0   .460     22.27  .917E+00  .364E-01  .120E-01
   15   76   10.0   80.0    1   .157E+02  -.315E+01       12.0   .460     22.25  .795E+00  .374E-01  .162E-01
   16   77    5.0   80.0    1   .147E+02  -.295E+01       12.0   .460     22.23  .861E+00  .335E-01  .134E-01
   17   78     .0   80.0    1   .723E+01  -.289E+01       12.0   .460     22.22  .773E+00  .365E-01  .165E-01


 Time:      2.0000

    i    n    x      z    Code     Q          v           h       th       Temp     Conc
                                 [V/T]      [L/T]        [L]     [-]        [C]    [M/L3]

    1    1  149.7   16.3    2  -.356E+02   .184E+02         .0   .460     20.00  .000E+00  .000E+00  .685E-22
    2    2  151.5   16.9    2  -.282E+02   .146E+02         .0   .460     20.00  .000E+00  .000E+00 -.817E-23
    3    3  152.5   18.6    2  -.186E+02   .964E+01         .0   .460     20.00  .000E+00  .000E+00  .842E-24
    4    4  152.2   20.5    2  -.104E+02   .537E+01         .0   .460     20.00  .000E+00  .000E+00  .387E-25
    5    5  150.8   21.8    2  -.582E+01   .302E+01         .0   .460     20.00  .000E+00  .000E+00  .319E-23
    6    6  148.8   21.8    2  -.115E+02   .597E+01         .0   .460     20.00  .000E+00  .000E+00  .547E-22
    7    7  147.3   20.6    2  -.220E+02   .114E+02         .0   .460     20.00  .000E+00  .000E+00  .315E-21
    8    8  147.0   18.7    2  -.305E+02   .158E+02         .0   .460     20.00  .000E+00  .000E+00  .758E-21
    9    9  147.9   17.0    2  -.347E+02   .180E+02         .0   .460     20.00  .000E+00  .000E+00  .421E-21
   10   71   31.0   91.0    1   .278E+02  -.983E+01        1.0   .460     22.39  .110E+01  .347E-01  .176E-02
   11   72   27.0   87.0    1   .225E+02  -.416E+01        5.0   .460     22.60  .110E+01  .433E-01  .230E-02
   12   73   23.3   83.3    1   .209E+02  -.423E+01        8.7   .460     22.69  .112E+01  .379E-01 -.630E-03
   13   74   20.0   80.0    1   .293E+02  -.604E+01       12.0   .460     22.73  .106E+01  .210E-01 -.130E-02
   14   75   15.0   80.0    1   .178E+02  -.355E+01       12.0   .460     22.73  .109E+01  .389E-01  .218E-02
   15   76   10.0   80.0    1   .156E+02  -.312E+01       12.0   .460     22.72  .104E+01  .470E-01  .121E-01
   16   77    5.0   80.0    1   .146E+02  -.292E+01       12.0   .460     22.71  .104E+01  .402E-01  .113E-01
   17   78     .0   80.0    1   .716E+01  -.287E+01       12.0   .460     22.71  .102E+01  .475E-01  .168E-01


 Time:      3.0000

    i    n    x      z    Code     Q          v           h       th       Temp     Conc
                                 [V/T]      [L/T]        [L]     [-]        [C]    [M/L3]

    1    1  149.7   16.3    2  -.345E+02   .179E+02         .0   .460     20.01  .642E-29  .533E-28  .379E-18
    2    2  151.5   16.9    2  -.268E+02   .139E+02         .0   .460     20.01  .000E+00 -.122E-28 -.415E-19
    3    3  152.5   18.6    2  -.168E+02   .868E+01         .0   .460     20.01  .000E+00  .000E+00  .489E-20
    4    4  152.2   20.5    2  -.794E+01   .411E+01         .0   .460     20.01  .000E+00  .000E+00  .327E-20
    5    5  150.8   21.8    2  -.471E+01   .244E+01         .0   .460     20.01  .000E+00  .672E-29  .594E-19
    6    6  148.8   21.8    2  -.107E+02   .554E+01         .0   .460     20.01  .000E+00  .167E-27  .640E-18
    7    7  147.3   20.6    2  -.214E+02   .111E+02         .0   .460     20.01  .666E-29  .123E-26  .304E-17
    8    8  147.0   18.7    2  -.299E+02   .155E+02         .0   .460     20.01  .461E-28  .282E-26  .552E-17
    9    9  147.9   17.0    2  -.339E+02   .176E+02         .0   .460     20.01  .324E-28  .907E-27  .261E-17
   10   71   31.0   91.0    1   .278E+02  -.984E+01        1.0   .460     22.68  .111E+01  .304E-01 -.115E-01
   11   72   27.0   87.0    1   .226E+02  -.416E+01        5.0   .460     22.89  .112E+01  .381E-01 -.140E-01
   12   73   23.3   83.3    1   .210E+02  -.424E+01        8.7   .460     22.98  .109E+01  .323E-01 -.882E-02
   13   74   20.0   80.0    1   .294E+02  -.605E+01       12.0   .460     23.03  .102E+01  .183E-01 -.387E-02
   14   75   15.0   80.0    1   .178E+02  -.356E+01       12.0   .460     23.04  .108E+01  .343E-01 -.771E-02
   15   76   10.0   80.0    1   .156E+02  -.313E+01       12.0   .460     23.04  .109E+01  .449E-01 -.643E-03
   16   77    5.0   80.0    1   .146E+02  -.293E+01       12.0   .460     23.03  .105E+01  .387E-01  .460E-02
   17   78     .0   80.0    1   .718E+01  -.287E+01       12.0   .460     23.03  .107E+01  .470E-01  .555E-02


 Time:      5.0000

    i    n    x      z    Code     Q          v           h       th       Temp     Conc
                                 [V/T]      [L/T]        [L]     [-]        [C]    [M/L3]

    1    1  149.7   16.3    2  -.332E+02   .172E+02         .0   .460     20.06  .338E-24  .736E-24  .174E-13
    2    2  151.5   16.9    2  -.250E+02   .130E+02         .0   .460     20.05 -.351E-25 -.186E-24 -.139E-14
    3    3  152.5   18.6    2  -.146E+02   .756E+01         .0   .460     20.05  .275E-26  .265E-25  .225E-15
    4    4  152.2   20.5    2  -.576E+01   .298E+01         .0   .460     20.05  .209E-27  .326E-25  .107E-14
    5    5  150.8   21.8    2  -.336E+01   .174E+01         .0   .460     20.06  .844E-26  .466E-24  .858E-14
    6    6  148.8   21.8    2  -.950E+01   .492E+01         .0   .460     20.06  .170E-24  .611E-23  .574E-13
    7    7  147.3   20.6    2  -.207E+02   .107E+02         .0   .460     20.07  .109E-23  .371E-22  .218E-12
    8    8  147.0   18.7    2  -.292E+02   .151E+02         .0   .460     20.07  .315E-23  .655E-22  .310E-12
    9    9  147.9   17.0    2  -.331E+02   .172E+02         .0   .460     20.06  .185E-23  .195E-22  .129E-12
   10   71   31.0   91.0    1   .279E+02  -.986E+01        1.0   .460     23.09  .102E+01  .226E-01 -.104E-01
   11   72   27.0   87.0    1   .227E+02  -.418E+01        5.0   .460     23.30  .101E+01  .280E-01 -.992E-02
   12   73   23.3   83.3    1   .211E+02  -.426E+01        8.7   .460     23.40  .978E+00  .249E-01 -.659E-02
   13   74   20.0   80.0    1   .295E+02  -.608E+01       12.0   .460     23.45  .978E+00  .161E-01 -.183E-02
   14   75   15.0   80.0    1   .179E+02  -.358E+01       12.0   .460     23.47  .987E+00  .274E-01 -.394E-02
   15   76   10.0   80.0    1   .157E+02  -.314E+01       12.0   .460     23.48  .101E+01  .366E-01 -.358E-02
   16   77    5.0   80.0    1   .147E+02  -.294E+01       12.0   .460     23.48  .982E+00  .337E-01  .249E-02
   17   78     .0   80.0    1   .721E+01  -.288E+01       12.0   .460     23.48  .101E+01  .401E-01 -.535E-03


 Time:     10.0000

    i    n    x      z    Code     Q          v           h       th       Temp     Conc
                                 [V/T]      [L/T]        [L]     [-]        [C]    [M/L3]

    1    1  149.7   16.3    2  -.320E+02   .166E+02         .0   .460     20.35  .509E-18  .326E-18  .200E-07
    2    2  151.5   16.9    2  -.233E+02   .121E+02         .0   .460     20.33 -.455E-19 -.696E-19 -.284E-09
    3    3  152.5   18.6    2  -.126E+02   .651E+01         .0   .460     20.31  .503E-20  .143E-19  .100E-08
    4    4  152.2   20.5    2  -.390E+01   .202E+01         .0   .460     20.32  .855E-20  .675E-19  .757E-08
    5    5  150.8   21.8    2  -.220E+01   .114E+01         .0   .460     20.34  .918E-19  .495E-18  .290E-07
    6    6  148.8   21.8    2  -.853E+01   .442E+01         .0   .460     20.37  .915E-18  .393E-17  .106E-06
    7    7  147.3   20.6    2  -.200E+02   .104E+02         .0   .460     20.39  .444E-17  .189E-16  .286E-06
    8    8  147.0   18.7    2  -.285E+02   .148E+02         .0   .460     20.40  .789E-17  .278E-16  .331E-06
    9    9  147.9   17.0    2  -.323E+02   .167E+02         .0   .460     20.38  .358E-17  .843E-17  .133E-06
   10   71   31.0   91.0    1   .279E+02  -.988E+01        1.0   .460     23.79  .973E+00  .218E-01 -.919E-02
   11   72   27.0   87.0    1   .227E+02  -.419E+01        5.0   .460     23.99  .964E+00  .282E-01 -.673E-02
   12   73   23.3   83.3    1   .211E+02  -.427E+01        8.7   .460     24.09  .981E+00  .266E-01 -.473E-02
   13   74   20.0   80.0    1   .296E+02  -.610E+01       12.0   .460     24.15  .983E+00  .168E-01 -.969E-03
   14   75   15.0   80.0    1   .179E+02  -.359E+01       12.0   .460     24.19  .965E+00  .281E-01 -.103E-02
   15   76   10.0   80.0    1   .158E+02  -.315E+01       12.0   .460     24.20  .958E+00  .350E-01 -.137E-02
   16   77    5.0   80.0    1   .148E+02  -.295E+01       12.0   .460     24.20  .960E+00  .328E-01  .354E-02
   17   78     .0   80.0    1   .724E+01  -.290E+01       12.0   .460     24.20  .952E+00  .373E-01  .130E-02


 Time:     15.0000

    i    n    x      z    Code     Q          v           h       th       Temp     Conc
                                 [V/T]      [L/T]        [L]     [-]        [C]    [M/L3]

    1    1  149.7   16.3    2  -.315E+02   .163E+02         .0   .460     20.74  .156E-14  .689E-15  .272E-04
    2    2  151.5   16.9    2  -.227E+02   .118E+02         .0   .460     20.70 -.104E-15 -.104E-15  .110E-05
    3    3  152.5   18.6    2  -.119E+02   .617E+01         .0   .460     20.67  .187E-16  .318E-16  .400E-05
    4    4  152.2   20.5    2  -.332E+01   .172E+01         .0   .460     20.68  .107E-15  .191E-15  .208E-04
    5    5  150.8   21.8    2  -.185E+01   .961E+00         .0   .460     20.71  .737E-15  .109E-14  .566E-04
    6    6  148.8   21.8    2  -.823E+01   .426E+01         .0   .460     20.76  .512E-14  .681E-14  .151E-03
    7    7  147.3   20.6    2  -.198E+02   .102E+02         .0   .460     20.80  .207E-13  .282E-13  .329E-03
    8    8  147.0   18.7    2  -.283E+02   .147E+02         .0   .460     20.81  .304E-13  .383E-13  .349E-03
    9    9  147.9   17.0    2  -.320E+02   .166E+02         .0   .460     20.78  .124E-13  .123E-13  .147E-03
   10   71   31.0   91.0    1   .280E+02  -.989E+01        1.0   .460     24.30  .992E+00  .230E-01 -.102E-01
   11   72   27.0   87.0    1   .228E+02  -.420E+01        5.0   .460     24.49  .985E+00  .292E-01 -.808E-02
   12   73   23.3   83.3    1   .212E+02  -.428E+01        8.7   .460     24.59  .979E+00  .261E-01 -.529E-02
   13   74   20.0   80.0    1   .297E+02  -.611E+01       12.0   .460     24.66  .985E+00  .168E-01 -.100E-02
   14   75   15.0   80.0    1   .180E+02  -.359E+01       12.0   .460     24.69  .976E+00  .285E-01 -.130E-02
   15   76   10.0   80.0    1   .158E+02  -.316E+01       12.0   .460     24.71  .969E+00  .355E-01 -.171E-02
   16   77    5.0   80.0    1   .148E+02  -.296E+01       12.0   .460     24.71  .965E+00  .330E-01  .340E-02
   17   78     .0   80.0    1   .725E+01  -.290E+01       12.0   .460     24.71  .962E+00  .379E-01  .125E-02


 Time:     20.0000

    i    n    x      z    Code     Q          v           h       th       Temp     Conc
                                 [V/T]      [L/T]        [L]     [-]        [C]    [M/L3]

    1    1  149.7   16.3    2  -.314E+02   .163E+02         .0   .460     21.14  .353E-12  .129E-12  .186E-02
    2    2  151.5   16.9    2  -.225E+02   .117E+02         .0   .460     21.08 -.159E-13 -.140E-13  .178E-03
    3    3  152.5   18.6    2  -.116E+02   .604E+01         .0   .460     21.05  .699E-14  .706E-14  .524E-03
    4    4  152.2   20.5    2  -.311E+01   .161E+01         .0   .460     21.06  .570E-13  .467E-13  .209E-02
    5    5  150.8   21.8    2  -.173E+01   .895E+00         .0   .460     21.10  .303E-12  .221E-12  .456E-02
    6    6  148.8   21.8    2  -.812E+01   .421E+01         .0   .460     21.16  .165E-11  .115E-11  .974E-02
    7    7  147.3   20.6    2  -.197E+02   .102E+02         .0   .460     21.21  .580E-11  .415E-11  .179E-01
    8    8  147.0   18.7    2  -.283E+02   .146E+02         .0   .460     21.22  .766E-11  .530E-11  .180E-01
    9    9  147.9   17.0    2  -.319E+02   .165E+02         .0   .460     21.19  .296E-11  .177E-11  .811E-02
   10   71   31.0   91.0    1   .280E+02  -.989E+01        1.0   .460     24.71  .989E+00  .224E-01 -.932E-02
   11   72   27.0   87.0    1   .228E+02  -.420E+01        5.0   .460     24.89  .979E+00  .285E-01 -.680E-02
   12   73   23.3   83.3    1   .212E+02  -.428E+01        8.7   .460     24.99  .978E+00  .261E-01 -.478E-02
   13   74   20.0   80.0    1   .297E+02  -.611E+01       12.0   .460     25.06  .984E+00  .167E-01 -.988E-03
   14   75   15.0   80.0    1   .180E+02  -.359E+01       12.0   .460     25.09  .973E+00  .282E-01 -.138E-02
   15   76   10.0   80.0    1   .158E+02  -.316E+01       12.0   .460     25.11  .966E+00  .352E-01 -.187E-02
   16   77    5.0   80.0    1   .148E+02  -.296E+01       12.0   .460     25.12  .963E+00  .329E-01  .340E-02
   17   78     .0   80.0    1   .725E+01  -.290E+01       12.0   .460     25.12  .961E+00  .378E-01  .107E-02


 Time:     25.0000

    i    n    x      z    Code     Q          v           h       th       Temp     Conc
                                 [V/T]      [L/T]        [L]     [-]        [C]    [M/L3]

    1    1  149.7   16.3    2  -.313E+02   .162E+02         .0   .460     21.52  .187E-10  .603E-11  .228E-01
    2    2  151.5   16.9    2  -.224E+02   .116E+02         .0   .460     21.46 -.490E-12 -.470E-12  .357E-02
    3    3  152.5   18.6    2  -.115E+02   .597E+01         .0   .460     21.42  .675E-12  .435E-12  .984E-02
    4    4  152.2   20.5    2  -.301E+01   .156E+01         .0   .460     21.43  .543E-11  .286E-11  .319E-01
    5    5  150.8   21.8    2  -.170E+01   .880E+00         .0   .460     21.48  .240E-10  .117E-10  .586E-01
    6    6  148.8   21.8    2  -.809E+01   .419E+01         .0   .460     21.54  .109E-09  .517E-10  .104E+00
    7    7  147.3   20.6    2  -.197E+02   .102E+02         .0   .460     21.59  .343E-09  .167E-09  .165E+00
    8    8  147.0   18.7    2  -.282E+02   .146E+02         .0   .460     21.61  .423E-09  .202E-09  .161E+00
    9    9  147.9   17.0    2  -.319E+02   .165E+02         .0   .460     21.58  .159E-09  .695E-10  .791E-01
   10   71   31.0   91.0    1   .280E+02  -.989E+01        1.0   .460     25.05  .986E+00  .223E-01 -.893E-02
   11   72   27.0   87.0    1   .228E+02  -.420E+01        5.0   .460     25.23  .977E+00  .284E-01 -.641E-02
   12   73   23.3   83.3    1   .212E+02  -.428E+01        8.7   .460     25.32  .979E+00  .261E-01 -.480E-02
   13   74   20.0   80.0    1   .297E+02  -.611E+01       12.0   .460     25.39  .984E+00  .167E-01 -.955E-03
   14   75   15.0   80.0    1   .180E+02  -.360E+01       12.0   .460     25.43  .972E+00  .282E-01 -.124E-02
   15   76   10.0   80.0    1   .158E+02  -.316E+01       12.0   .460     25.44  .966E+00  .353E-01 -.175E-02
   16   77    5.0   80.0    1   .148E+02  -.296E+01       12.0   .460     25.45  .964E+00  .329E-01  .341E-02
   17   78     .0   80.0    1   .725E+01  -.290E+01       12.0   .460     25.45  .961E+00  .378E-01  .112E-02


 Time:     30.0000

    i    n    x      z    Code     Q          v           h       th       Temp     Conc
                                 [V/T]      [L/T]        [L]     [-]        [C]    [M/L3]

    1    1  149.7   16.3    2  -.313E+02   .162E+02         .0   .460     21.88  .388E-09  .114E-09  .954E-01
    2    2  151.5   16.9    2  -.224E+02   .116E+02         .0   .460     21.81 -.371E-11 -.614E-11  .215E-01
    3    3  152.5   18.6    2  -.115E+02   .594E+01         .0   .460     21.77  .239E-10  .112E-10  .536E-01
    4    4  152.2   20.5    2  -.297E+01   .154E+01         .0   .460     21.78  .173E-09  .696E-10  .146E+00
    5    5  150.8   21.8    2  -.168E+01   .873E+00         .0   .460     21.83  .663E-09  .252E-09  .231E+00
    6    6  148.8   21.8    2  -.807E+01   .418E+01         .0   .460     21.90  .262E-08  .975E-09  .352E+00
    7    7  147.3   20.6    2  -.196E+02   .102E+02         .0   .460     21.96  .752E-08  .285E-08  .490E+00
    8    8  147.0   18.7    2  -.282E+02   .146E+02         .0   .460     21.98  .880E-08  .329E-08  .472E+00
    9    9  147.9   17.0    2  -.319E+02   .165E+02         .0   .460     21.94  .327E-08  .116E-08  .262E+00
   10   71   31.0   91.0    1   .280E+02  -.989E+01        1.0   .460     25.35  .986E+00  .223E-01 -.885E-02
   11   72   27.0   87.0    1   .228E+02  -.420E+01        5.0   .460     25.52  .978E+00  .285E-01 -.632E-02
   12   73   23.3   83.3    1   .212E+02  -.428E+01        8.7   .460     25.61  .979E+00  .261E-01 -.473E-02
   13   74   20.0   80.0    1   .297E+02  -.611E+01       12.0   .460     25.67  .984E+00  .167E-01 -.969E-03
   14   75   15.0   80.0    1   .180E+02  -.360E+01       12.0   .460     25.71  .973E+00  .282E-01 -.131E-02
   15   76   10.0   80.0    1   .158E+02  -.316E+01       12.0   .460     25.73  .967E+00  .353E-01 -.178E-02
   16   77    5.0   80.0    1   .148E+02  -.296E+01       12.0   .460     25.73  .964E+00  .329E-01  .340E-02
   17   78     .0   80.0    1   .725E+01  -.290E+01       12.0   .460     25.74  .961E+00  .378E-01  .108E-02


 Time:     40.0000

    i    n    x      z    Code     Q          v           h       th       Temp     Conc
                                 [V/T]      [L/T]        [L]     [-]        [C]    [M/L3]

    1    1  149.7   16.3    2  -.313E+02   .162E+02         .0   .460     22.54  .271E-07  .663E-08  .364E+00
    2    2  151.5   16.9    2  -.224E+02   .116E+02         .0   .460     22.47  .511E-09 -.762E-10  .130E+00
    3    3  152.5   18.6    2  -.114E+02   .592E+01         .0   .460     22.43  .381E-08  .122E-08  .211E+00
    4    4  152.2   20.5    2  -.295E+01   .153E+01         .0   .460     22.44  .221E-07  .652E-08  .438E+00
    5    5  150.8   21.8    2  -.167E+01   .868E+00         .0   .460     22.50  .687E-07  .196E-07  .570E+00
    6    6  148.8   21.8    2  -.807E+01   .418E+01         .0   .460     22.57  .218E-06  .612E-07  .710E+00
    7    7  147.3   20.6    2  -.196E+02   .102E+02         .0   .460     22.63  .540E-06  .152E-06  .851E+00
    8    8  147.0   18.7    2  -.282E+02   .146E+02         .0   .460     22.65  .587E-06  .164E-06  .869E+00
    9    9  147.9   17.0    2  -.319E+02   .165E+02         .0   .460     22.61  .217E-06  .589E-07  .649E+00
   10   71   31.0   91.0    1   .280E+02  -.989E+01        1.0   .460     25.84  .987E+00  .223E-01 -.909E-02
   11   72   27.0   87.0    1   .228E+02  -.420E+01        5.0   .460     25.99  .978E+00  .285E-01 -.655E-02
   12   73   23.3   83.3    1   .212E+02  -.428E+01        8.7   .460     26.07  .979E+00  .261E-01 -.478E-02
   13   74   20.0   80.0    1   .297E+02  -.611E+01       12.0   .460     26.13  .984E+00  .167E-01 -.967E-03
   14   75   15.0   80.0    1   .180E+02  -.360E+01       12.0   .460     26.17  .973E+00  .282E-01 -.130E-02
   15   76   10.0   80.0    1   .158E+02  -.316E+01       12.0   .460     26.19  .967E+00  .353E-01 -.179E-02
   16   77    5.0   80.0    1   .148E+02  -.296E+01       12.0   .460     26.19  .964E+00  .329E-01  .340E-02
   17   78     .0   80.0    1   .725E+01  -.290E+01       12.0   .460     26.20  .961E+00  .378E-01  .110E-02


 Time:     50.0000

    i    n    x      z    Code     Q          v           h       th       Temp     Conc
                                 [V/T]      [L/T]        [L]     [-]        [C]    [M/L3]

    1    1  149.7   16.3    2  -.313E+02   .162E+02         .0   .460     23.14  .396E-06  .891E-07  .635E+00
    2    2  151.5   16.9    2  -.223E+02   .116E+02         .0   .460     23.07  .173E-07  .175E-08  .296E+00
    3    3  152.5   18.6    2  -.114E+02   .592E+01         .0   .460     23.03  .999E-07  .260E-07  .334E+00
    4    4  152.2   20.5    2  -.295E+01   .153E+01         .0   .460     23.04  .486E-06  .121E-06  .600E+00
    5    5  150.8   21.8    2  -.167E+01   .867E+00         .0   .460     23.10  .129E-05  .314E-06  .722E+00
    6    6  148.8   21.8    2  -.806E+01   .418E+01         .0   .460     23.17  .349E-05  .836E-06  .835E+00
    7    7  147.3   20.6    2  -.196E+02   .102E+02         .0   .460     23.23  .765E-05  .183E-05  .939E+00
    8    8  147.0   18.7    2  -.282E+02   .146E+02         .0   .460     23.25  .790E-05  .187E-05  .972E+00
    9    9  147.9   17.0    2  -.319E+02   .165E+02         .0   .460     23.21  .293E-05  .688E-06  .859E+00
   10   71   31.0   91.0    1   .280E+02  -.989E+01        1.0   .460     26.23  .987E+00  .224E-01 -.917E-02
   11   72   27.0   87.0    1   .228E+02  -.420E+01        5.0   .460     26.37  .978E+00  .285E-01 -.663E-02
   12   73   23.3   83.3    1   .212E+02  -.428E+01        8.7   .460     26.45  .979E+00  .261E-01 -.479E-02
   13   74   20.0   80.0    1   .297E+02  -.611E+01       12.0   .460     26.50  .984E+00  .167E-01 -.964E-03
   14   75   15.0   80.0    1   .180E+02  -.360E+01       12.0   .460     26.54  .973E+00  .282E-01 -.129E-02
   15   76   10.0   80.0    1   .158E+02  -.316E+01       12.0   .460     26.55  .966E+00  .353E-01 -.178E-02
   16   77    5.0   80.0    1   .148E+02  -.296E+01       12.0   .460     26.56  .964E+00  .329E-01  .340E-02
   17   78     .0   80.0    1   .725E+01  -.290E+01       12.0   .460     26.56  .961E+00  .378E-01  .110E-02


 Time:     50.5000

    i    n    x      z    Code     Q          v           h       th       Temp     Conc
                                 [V/T]      [L/T]        [L]     [-]        [C]    [M/L3]

    1    1  149.7   16.3    2  -.313E+02   .162E+02         .0   .460     23.17  .439E-06  .104E-06  .648E+00
    2    2  151.5   16.9    2  -.223E+02   .116E+02         .0   .460     23.10  .197E-07  .168E-08  .305E+00
    3    3  152.5   18.6    2  -.114E+02   .592E+01         .0   .460     23.06  .114E-06  .294E-07  .339E+00
    4    4  152.2   20.5    2  -.295E+01   .153E+01         .0   .460     23.07  .549E-06  .135E-06  .607E+00
    5    5  150.8   21.8    2  -.167E+01   .867E+00         .0   .460     23.13  .145E-05  .350E-06  .727E+00
    6    6  148.8   21.8    2  -.806E+01   .418E+01         .0   .460     23.20  .389E-05  .925E-06  .839E+00
    7    7  147.3   20.6    2  -.196E+02   .102E+02         .0   .460     23.26  .847E-05  .202E-05  .941E+00
    8    8  147.0   18.7    2  -.282E+02   .146E+02         .0   .460     23.27  .873E-05  .206E-05  .974E+00
    9    9  147.9   17.0    2  -.319E+02   .165E+02         .0   .460     23.24  .324E-05  .761E-06  .865E+00
   10   71   31.0   91.0    1   .280E+02  -.989E+01        1.0   .460     26.25  .432E+00  .653E-02 -.128E-01
   11   72   27.0   87.0    1   .228E+02  -.420E+01        5.0   .460     26.39  .489E+00  .109E-01 -.112E-01
   12   73   23.3   83.3    1   .212E+02  -.428E+01        8.7   .460     26.47  .446E+00  .812E-02 -.933E-02
   13   74   20.0   80.0    1   .297E+02  -.611E+01       12.0   .460     26.52  .184E+00  .303E-03 -.408E-02
   14   75   15.0   80.0    1   .180E+02  -.360E+01       12.0   .460     26.55  .436E+00  .920E-02 -.598E-02
   15   76   10.0   80.0    1   .158E+02  -.316E+01       12.0   .460     26.57  .542E+00  .193E-01 -.622E-02
   16   77    5.0   80.0    1   .148E+02  -.296E+01       12.0   .460     26.58  .454E+00  .168E-01 -.669E-03
   17   78     .0   80.0    1   .725E+01  -.290E+01       12.0   .460     26.58  .546E+00  .224E-01 -.310E-02


 Time:     51.0000

    i    n    x      z    Code     Q          v           h       th       Temp     Conc
                                 [V/T]      [L/T]        [L]     [-]        [C]    [M/L3]

    1    1  149.7   16.3    2  -.313E+02   .162E+02         .0   .460     23.20  .486E-06  .114E-06  .659E+00
    2    2  151.5   16.9    2  -.223E+02   .116E+02         .0   .460     23.13  .224E-07  .200E-08  .314E+00
    3    3  152.5   18.6    2  -.114E+02   .592E+01         .0   .460     23.09  .129E-06  .331E-07  .344E+00
    4    4  152.2   20.5    2  -.295E+01   .153E+01         .0   .460     23.10  .618E-06  .151E-06  .613E+00
    5    5  150.8   21.8    2  -.167E+01   .867E+00         .0   .460     23.15  .162E-05  .389E-06  .732E+00
    6    6  148.8   21.8    2  -.806E+01   .418E+01         .0   .460     23.23  .432E-05  .102E-05  .843E+00
    7    7  147.3   20.6    2  -.196E+02   .102E+02         .0   .460     23.29  .936E-05  .221E-05  .943E+00
    8    8  147.0   18.7    2  -.282E+02   .146E+02         .0   .460     23.30  .962E-05  .226E-05  .976E+00
    9    9  147.9   17.0    2  -.319E+02   .165E+02         .0   .460     23.27  .357E-05  .834E-06  .871E+00
   10   71   31.0   91.0    1   .280E+02  -.989E+01        1.0   .460     26.27  .128E+00 -.686E-02 -.188E-01
   11   72   27.0   87.0    1   .228E+02  -.420E+01        5.0   .460     26.40  .177E+00 -.603E-02 -.194E-01
   12   73   23.3   83.3    1   .212E+02  -.428E+01        8.7   .460     26.48  .114E+00 -.706E-02 -.159E-01
   13   74   20.0   80.0    1   .297E+02  -.611E+01       12.0   .460     26.54 -.343E-01 -.558E-02 -.572E-02
   14   75   15.0   80.0    1   .180E+02  -.360E+01       12.0   .460     26.57  .123E+00 -.568E-02 -.125E-01
   15   76   10.0   80.0    1   .158E+02  -.316E+01       12.0   .460     26.59  .244E+00  .176E-02 -.160E-01
   16   77    5.0   80.0    1   .148E+02  -.296E+01       12.0   .460     26.59  .167E+00  .236E-02 -.839E-02
   17   78     .0   80.0    1   .725E+01  -.290E+01       12.0   .460     26.60  .259E+00  .526E-02 -.131E-01


 Time:     52.0000

    i    n    x      z    Code     Q          v           h       th       Temp     Conc
                                 [V/T]      [L/T]        [L]     [-]        [C]    [M/L3]

    1    1  149.7   16.3    2  -.313E+02   .162E+02         .0   .460     23.26  .591E-06  .132E-06  .679E+00
    2    2  151.5   16.9    2  -.223E+02   .116E+02         .0   .460     23.19  .286E-07  .327E-08  .330E+00
    3    3  152.5   18.6    2  -.114E+02   .592E+01         .0   .460     23.15  .165E-06  .416E-07  .355E+00
    4    4  152.2   20.5    2  -.295E+01   .153E+01         .0   .460     23.16  .777E-06  .188E-06  .624E+00
    5    5  150.8   21.8    2  -.167E+01   .867E+00         .0   .460     23.21  .201E-05  .477E-06  .742E+00
    6    6  148.8   21.8    2  -.806E+01   .418E+01         .0   .460     23.28  .528E-05  .123E-05  .850E+00
    7    7  147.3   20.6    2  -.196E+02   .102E+02         .0   .460     23.34  .113E-04  .264E-05  .947E+00
    8    8  147.0   18.7    2  -.282E+02   .146E+02         .0   .460     23.36  .116E-04  .268E-05  .979E+00
    9    9  147.9   17.0    2  -.319E+02   .165E+02         .0   .460     23.32  .431E-05  .990E-06  .883E+00
   10   71   31.0   91.0    1   .280E+02  -.989E+01        1.0   .460     26.30 -.104E+00 -.125E-01 -.128E-01
   11   72   27.0   87.0    1   .228E+02  -.420E+01        5.0   .460     26.44 -.104E+00 -.146E-01 -.113E-01
   12   73   23.3   83.3    1   .212E+02  -.428E+01        8.7   .460     26.52 -.134E+00 -.119E-01 -.601E-02
   13   74   20.0   80.0    1   .297E+02  -.611E+01       12.0   .460     26.57 -.780E-01 -.440E-02 -.275E-03
   14   75   15.0   80.0    1   .180E+02  -.360E+01       12.0   .460     26.60 -.107E+00 -.107E-01 -.493E-02
   15   76   10.0   80.0    1   .158E+02  -.316E+01       12.0   .460     26.62 -.579E-01 -.109E-01 -.149E-01
   16   77    5.0   80.0    1   .148E+02  -.296E+01       12.0   .460     26.63 -.608E-01 -.666E-02 -.836E-02
   17   78     .0   80.0    1   .725E+01  -.290E+01       12.0   .460     26.63 -.346E-01 -.862E-02 -.161E-01


 Time:     53.0000

    i    n    x      z    Code     Q          v           h       th       Temp     Conc
                                 [V/T]      [L/T]        [L]     [-]        [C]    [M/L3]

    1    1  149.7   16.3    2  -.313E+02   .162E+02         .0   .460     23.31  .712E-06  .158E-06  .700E+00
    2    2  151.5   16.9    2  -.223E+02   .116E+02         .0   .460     23.24  .361E-07  .436E-08  .346E+00
    3    3  152.5   18.6    2  -.114E+02   .592E+01         .0   .460     23.20  .208E-06  .519E-07  .364E+00
    4    4  152.2   20.5    2  -.295E+01   .153E+01         .0   .460     23.21  .966E-06  .231E-06  .635E+00
    5    5  150.8   21.8    2  -.167E+01   .867E+00         .0   .460     23.27  .247E-05  .580E-06  .751E+00
    6    6  148.8   21.8    2  -.806E+01   .418E+01         .0   .460     23.34  .640E-05  .148E-05  .857E+00
    7    7  147.3   20.6    2  -.196E+02   .102E+02         .0   .460     23.40  .136E-04  .313E-05  .950E+00
    8    8  147.0   18.7    2  -.282E+02   .146E+02         .0   .460     23.41  .138E-04  .317E-05  .982E+00
    9    9  147.9   17.0    2  -.319E+02   .165E+02         .0   .460     23.38  .515E-05  .117E-05  .894E+00
   10   71   31.0   91.0    1   .280E+02  -.989E+01        1.0   .460     26.34 -.126E+00 -.871E-02  .838E-03
   11   72   27.0   87.0    1   .228E+02  -.420E+01        5.0   .460     26.47 -.145E+00 -.103E-01  .571E-02
   12   73   23.3   83.3    1   .212E+02  -.428E+01        8.7   .460     26.55 -.127E+00 -.671E-02  .339E-02
   13   74   20.0   80.0    1   .297E+02  -.611E+01       12.0   .460     26.60 -.403E-01 -.166E-02  .278E-02
   14   75   15.0   80.0    1   .180E+02  -.360E+01       12.0   .460     26.64 -.112E+00 -.639E-02  .572E-02
   15   76   10.0   80.0    1   .158E+02  -.316E+01       12.0   .460     26.65 -.125E+00 -.980E-02 -.215E-02
   16   77    5.0   80.0    1   .148E+02  -.296E+01       12.0   .460     26.66 -.871E-01 -.583E-02 -.154E-02
   17   78     .0   80.0    1   .725E+01  -.290E+01       12.0   .460     26.66 -.109E+00 -.915E-02 -.535E-02


 Time:     55.0000

    i    n    x      z    Code     Q          v           h       th       Temp     Conc
                                 [V/T]      [L/T]        [L]     [-]        [C]    [M/L3]

    1    1  149.7   16.3    2  -.313E+02   .162E+02         .0   .460     23.42  .101E-05  .230E-06  .740E+00
    2    2  151.5   16.9    2  -.223E+02   .116E+02         .0   .460     23.35  .557E-07  .642E-08  .379E+00
    3    3  152.5   18.6    2  -.114E+02   .592E+01         .0   .460     23.32  .322E-06  .783E-07  .384E+00
    4    4  152.2   20.5    2  -.295E+01   .153E+01         .0   .460     23.33  .145E-05  .340E-06  .655E+00
    5    5  150.8   21.8    2  -.167E+01   .867E+00         .0   .460     23.38  .363E-05  .833E-06  .768E+00
    6    6  148.8   21.8    2  -.806E+01   .418E+01         .0   .460     23.45  .915E-05  .207E-05  .869E+00
    7    7  147.3   20.6    2  -.196E+02   .102E+02         .0   .460     23.51  .190E-04  .430E-05  .956E+00
    8    8  147.0   18.7    2  -.282E+02   .146E+02         .0   .460     23.52  .192E-04  .431E-05  .986E+00
    9    9  147.9   17.0    2  -.319E+02   .165E+02         .0   .460     23.49  .716E-05  .161E-05  .912E+00
   10   71   31.0   91.0    1   .280E+02  -.989E+01        1.0   .460     26.40 -.413E-01 -.501E-03  .180E-02
   11   72   27.0   87.0    1   .228E+02  -.420E+01        5.0   .460     26.54 -.427E-01  .211E-03  .398E-02
   12   73   23.3   83.3    1   .212E+02  -.428E+01        8.7   .460     26.61 -.440E-02  .125E-02  .193E-02
   13   74   20.0   80.0    1   .297E+02  -.611E+01       12.0   .460     26.67  .491E-02  .743E-03  .103E-02
   14   75   15.0   80.0    1   .180E+02  -.360E+01       12.0   .460     26.70 -.190E-01  .848E-03  .310E-02
   15   76   10.0   80.0    1   .158E+02  -.316E+01       12.0   .460     26.71 -.479E-01 -.143E-02  .199E-02
   16   77    5.0   80.0    1   .148E+02  -.296E+01       12.0   .460     26.72 -.219E-01 -.751E-03  .105E-02
   17   78     .0   80.0    1   .725E+01  -.290E+01       12.0   .460     26.72 -.521E-01 -.238E-02  .172E-02


 Time:     60.0000

    i    n    x      z    Code     Q          v           h       th       Temp     Conc
                                 [V/T]      [L/T]        [L]     [-]        [C]    [M/L3]

    1    1  149.7   16.3    2  -.313E+02   .162E+02         .0   .460     23.69  .207E-05  .460E-06  .820E+00
    2    2  151.5   16.9    2  -.223E+02   .116E+02         .0   .460     23.62  .138E-06  .188E-07  .454E+00
    3    3  152.5   18.6    2  -.114E+02   .592E+01         .0   .460     23.58  .819E-06  .188E-06  .428E+00
    4    4  152.2   20.5    2  -.295E+01   .153E+01         .0   .460     23.59  .345E-05  .770E-06  .699E+00
    5    5  150.8   21.8    2  -.167E+01   .867E+00         .0   .460     23.64  .813E-05  .178E-05  .804E+00
    6    6  148.8   21.8    2  -.806E+01   .418E+01         .0   .460     23.71  .193E-04  .417E-05  .893E+00
    7    7  147.3   20.6    2  -.196E+02   .102E+02         .0   .460     23.77  .382E-04  .824E-05  .967E+00
    8    8  147.0   18.7    2  -.282E+02   .146E+02         .0   .460     23.79  .379E-04  .810E-05  .993E+00
    9    9  147.9   17.0    2  -.319E+02   .165E+02         .0   .460     23.75  .142E-04  .305E-05  .946E+00
   10   71   31.0   91.0    1   .280E+02  -.989E+01        1.0   .460     26.56  .146E-01  .633E-03 -.722E-04
   11   72   27.0   87.0    1   .228E+02  -.420E+01        5.0   .460     26.69  .151E-01  .430E-03  .127E-04
   12   73   23.3   83.3    1   .212E+02  -.428E+01        8.7   .460     26.76 -.186E-02 -.368E-03 -.826E-04
   13   74   20.0   80.0    1   .297E+02  -.611E+01       12.0   .460     26.82  .936E-03  .132E-05  .261E-05
   14   75   15.0   80.0    1   .180E+02  -.360E+01       12.0   .460     26.85  .857E-02  .233E-03 -.266E-03
   15   76   10.0   80.0    1   .158E+02  -.316E+01       12.0   .460     26.86  .936E-02  .417E-03 -.356E-03
   16   77    5.0   80.0    1   .148E+02  -.296E+01       12.0   .460     26.87  .365E-02  .161E-03 -.930E-04
   17   78     .0   80.0    1   .725E+01  -.290E+01       12.0   .460     26.87  .954E-02  .595E-03 -.158E-03


 Time:     65.0000

    i    n    x      z    Code     Q          v           h       th       Temp     Conc
                                 [V/T]      [L/T]        [L]     [-]        [C]    [M/L3]

    1    1  149.7   16.3    2  -.313E+02   .162E+02         .0   .460     23.94  .357E-05  .773E-06  .878E+00
    2    2  151.5   16.9    2  -.223E+02   .116E+02         .0   .460     23.88  .278E-06  .412E-07  .518E+00
    3    3  152.5   18.6    2  -.114E+02   .592E+01         .0   .460     23.84  .170E-05  .374E-06  .467E+00
    4    4  152.2   20.5    2  -.295E+01   .153E+01         .0   .460     23.85  .677E-05  .145E-05  .734E+00
    5    5  150.8   21.8    2  -.167E+01   .867E+00         .0   .460     23.90  .151E-04  .320E-05  .832E+00
    6    6  148.8   21.8    2  -.806E+01   .418E+01         .0   .460     23.97  .339E-04  .707E-05  .911E+00
    7    7  147.3   20.6    2  -.196E+02   .102E+02         .0   .460     24.02  .642E-04  .134E-04  .974E+00
    8    8  147.0   18.7    2  -.282E+02   .146E+02         .0   .460     24.04  .626E-04  .129E-04  .996E+00
    9    9  147.9   17.0    2  -.319E+02   .165E+02         .0   .460     24.01  .236E-04  .490E-05  .966E+00
   10   71   31.0   91.0    1   .280E+02  -.989E+01        1.0   .460     26.71 -.541E-02 -.645E-03  .106E-02
   11   72   27.0   87.0    1   .228E+02  -.420E+01        5.0   .460     26.84 -.701E-02 -.688E-03  .145E-02
   12   73   23.3   83.3    1   .212E+02  -.428E+01        8.7   .460     26.90 -.833E-03  .185E-04  .511E-03
   13   74   20.0   80.0    1   .297E+02  -.611E+01       12.0   .460     26.95 -.702E-03 -.822E-04  .287E-04
   14   75   15.0   80.0    1   .180E+02  -.360E+01       12.0   .460     26.98 -.323E-02 -.276E-03 -.121E-04
   15   76   10.0   80.0    1   .158E+02  -.316E+01       12.0   .460     27.00 -.281E-02 -.229E-03 -.884E-04
   16   77    5.0   80.0    1   .148E+02  -.296E+01       12.0   .460     27.01 -.107E-02 -.583E-04  .127E-04
   17   78     .0   80.0    1   .725E+01  -.290E+01       12.0   .460     27.01 -.142E-02 -.124E-03 -.142E-03


 Time:     70.0000

    i    n    x      z    Code     Q          v           h       th       Temp     Conc
                                 [V/T]      [L/T]        [L]     [-]        [C]    [M/L3]

    1    1  149.7   16.3    2  -.313E+02   .162E+02         .0   .460     24.19  .532E-05  .113E-05  .918E+00
    2    2  151.5   16.9    2  -.223E+02   .116E+02         .0   .460     24.12  .471E-06  .731E-07  .570E+00
    3    3  152.5   18.6    2  -.114E+02   .592E+01         .0   .460     24.09  .300E-05  .635E-06  .501E+00
    4    4  152.2   20.5    2  -.295E+01   .153E+01         .0   .460     24.10  .113E-04  .234E-05  .762E+00
    5    5  150.8   21.8    2  -.167E+01   .867E+00         .0   .460     24.15  .240E-04  .492E-05  .850E+00
    6    6  148.8   21.8    2  -.806E+01   .418E+01         .0   .460     24.21  .512E-04  .104E-04  .917E+00
    7    7  147.3   20.6    2  -.196E+02   .102E+02         .0   .460     24.26  .932E-04  .188E-04  .963E+00
    8    8  147.0   18.7    2  -.282E+02   .146E+02         .0   .460     24.28  .894E-04  .179E-04  .980E+00
    9    9  147.9   17.0    2  -.319E+02   .165E+02         .0   .460     24.25  .339E-04  .685E-05  .971E+00
   10   71   31.0   91.0    1   .280E+02  -.989E+01        1.0   .460     26.85 -.196E-02 -.643E-04  .174E-03
   11   72   27.0   87.0    1   .228E+02  -.420E+01        5.0   .460     26.97 -.910E-03  .206E-04  .190E-03
   12   73   23.3   83.3    1   .212E+02  -.428E+01        8.7   .460     27.04  .900E-03  .319E-04 -.753E-05
   13   74   20.0   80.0    1   .297E+02  -.611E+01       12.0   .460     27.09 -.174E-03  .116E-04  .243E-04
   14   75   15.0   80.0    1   .180E+02  -.360E+01       12.0   .460     27.11 -.106E-03  .506E-04  .937E-04
   15   76   10.0   80.0    1   .158E+02  -.316E+01       12.0   .460     27.13  .315E-03  .592E-04  .932E-04
   16   77    5.0   80.0    1   .148E+02  -.296E+01       12.0   .460     27.13  .275E-03  .161E-04  .140E-04
   17   78     .0   80.0    1   .725E+01  -.290E+01       12.0   .460     27.14 -.545E-04 -.945E-06  .379E-04


 Time:     75.0000

    i    n    x      z    Code     Q          v           h       th       Temp     Conc
                                 [V/T]      [L/T]        [L]     [-]        [C]    [M/L3]

    1    1  149.7   16.3    2  -.313E+02   .162E+02         .0   .460     24.42  .704E-05  .146E-05  .926E+00
    2    2  151.5   16.9    2  -.223E+02   .116E+02         .0   .460     24.36  .692E-06  .111E-06  .609E+00
    3    3  152.5   18.6    2  -.114E+02   .592E+01         .0   .460     24.32  .459E-05  .940E-06  .524E+00
    4    4  152.2   20.5    2  -.295E+01   .153E+01         .0   .460     24.33  .164E-04  .330E-05  .758E+00
    5    5  150.8   21.8    2  -.167E+01   .867E+00         .0   .460     24.38  .335E-04  .669E-05  .816E+00
    6    6  148.8   21.8    2  -.806E+01   .418E+01         .0   .460     24.44  .682E-04  .135E-04  .837E+00
    7    7  147.3   20.6    2  -.196E+02   .102E+02         .0   .460     24.50  .120E-03  .236E-04  .824E+00
    8    8  147.0   18.7    2  -.282E+02   .146E+02         .0   .460     24.51  .114E-03  .222E-04  .843E+00
    9    9  147.9   17.0    2  -.319E+02   .165E+02         .0   .460     24.48  .434E-04  .858E-05  .910E+00
   10   71   31.0   91.0    1   .280E+02  -.989E+01        1.0   .460     26.99  .631E-03  .862E-04 -.232E-03
   11   72   27.0   87.0    1   .228E+02  -.420E+01        5.0   .460     27.10  .773E-03  .850E-04 -.209E-03
   12   73   23.3   83.3    1   .212E+02  -.428E+01        8.7   .460     27.16 -.192E-03 -.888E-05  .127E-04
   13   74   20.0   80.0    1   .297E+02  -.611E+01       12.0   .460     27.21  .252E-03  .243E-04 -.118E-04
   14   75   15.0   80.0    1   .180E+02  -.360E+01       12.0   .460     27.24  .583E-03  .539E-04 -.604E-04
   15   76   10.0   80.0    1   .158E+02  -.316E+01       12.0   .460     27.25  .301E-03  .221E-04 -.389E-04
   16   77    5.0   80.0    1   .148E+02  -.296E+01       12.0   .460     27.26 -.487E-04 -.328E-05 -.799E-05
   17   78     .0   80.0    1   .725E+01  -.290E+01       12.0   .460     27.26 -.619E-04 -.376E-05 -.190E-04


 Time:     80.0000

    i    n    x      z    Code     Q          v           h       th       Temp     Conc
                                 [V/T]      [L/T]        [L]     [-]        [C]    [M/L3]

    1    1  149.7   16.3    2  -.313E+02   .162E+02         .0   .460     24.64  .848E-05  .174E-05  .875E+00
    2    2  151.5   16.9    2  -.223E+02   .116E+02         .0   .460     24.59  .909E-06  .148E-06  .626E+00
    3    3  152.5   18.6    2  -.114E+02   .592E+01         .0   .460     24.55  .623E-05  .125E-05  .509E+00
    4    4  152.2   20.5    2  -.295E+01   .153E+01         .0   .460     24.56  .213E-04  .420E-05  .667E+00
    5    5  150.8   21.8    2  -.167E+01   .867E+00         .0   .460     24.60  .420E-04  .822E-05  .662E+00
    6    6  148.8   21.8    2  -.806E+01   .418E+01         .0   .460     24.67  .823E-04  .160E-04  .601E+00
    7    7  147.3   20.6    2  -.196E+02   .102E+02         .0   .460     24.72  .140E-03  .271E-04  .505E+00
    8    8  147.0   18.7    2  -.282E+02   .146E+02         .0   .460     24.73  .131E-03  .252E-04  .534E+00
    9    9  147.9   17.0    2  -.319E+02   .165E+02         .0   .460     24.70  .507E-04  .987E-05  .734E+00
   10   71   31.0   91.0    1   .280E+02  -.989E+01        1.0   .460     27.11  .364E-03  .334E-04 -.328E-03
   11   72   27.0   87.0    1   .228E+02  -.420E+01        5.0   .460     27.22  .274E-03  .288E-04 -.311E-03
   12   73   23.3   83.3    1   .212E+02  -.428E+01        8.7   .460     27.28  .110E-04  .745E-05 -.624E-04
   13   74   20.0   80.0    1   .297E+02  -.611E+01       12.0   .460     27.32  .535E-04 -.115E-05  .192E-05
   14   75   15.0   80.0    1   .180E+02  -.360E+01       12.0   .460     27.35  .974E-04 -.140E-05  .612E-05
   15   76   10.0   80.0    1   .158E+02  -.316E+01       12.0   .460     27.36 -.361E-04 -.755E-05 -.726E-05
   16   77    5.0   80.0    1   .148E+02  -.296E+01       12.0   .460     27.37  .448E-05  .155E-05  .385E-05
   17   78     .0   80.0    1   .725E+01  -.290E+01       12.0   .460     27.37  .392E-04  .481E-05  .147E-04


 Time:     90.0000

    i    n    x      z    Code     Q          v           h       th       Temp     Conc
                                 [V/T]      [L/T]        [L]     [-]        [C]    [M/L3]

    1    1  149.7   16.3    2  -.313E+02   .162E+02         .0   .460     25.06  .103E-04  .199E-05  .630E+00
    2    2  151.5   16.9    2  -.223E+02   .116E+02         .0   .460     25.01  .124E-05  .212E-06  .564E+00
    3    3  152.5   18.6    2  -.114E+02   .592E+01         .0   .460     24.98  .879E-05  .170E-05  .400E+00
    4    4  152.2   20.5    2  -.295E+01   .153E+01         .0   .460     24.99  .281E-04  .537E-05  .408E+00
    5    5  150.8   21.8    2  -.167E+01   .867E+00         .0   .460     25.03  .524E-04  .999E-05  .344E+00
    6    6  148.8   21.8    2  -.806E+01   .418E+01         .0   .460     25.08  .970E-04  .184E-04  .252E+00
    7    7  147.3   20.6    2  -.196E+02   .102E+02         .0   .460     25.13  .159E-03  .300E-04  .141E+00
    8    8  147.0   18.7    2  -.282E+02   .146E+02         .0   .460     25.14  .147E-03  .277E-04  .132E+00
    9    9  147.9   17.0    2  -.319E+02   .165E+02         .0   .460     25.12  .581E-04  .110E-04  .351E+00
   10   71   31.0   91.0    1   .280E+02  -.989E+01        1.0   .460     27.34  .575E-04  .715E-05 -.852E-04
   11   72   27.0   87.0    1   .228E+02  -.420E+01        5.0   .460     27.44  .693E-04  .743E-05 -.833E-04
   12   73   23.3   83.3    1   .212E+02  -.428E+01        8.7   .460     27.50  .178E-04  .168E-05 -.131E-04
   13   74   20.0   80.0    1   .297E+02  -.611E+01       12.0   .460     27.54 -.169E-04 -.571E-06  .402E-06
   14   75   15.0   80.0    1   .180E+02  -.360E+01       12.0   .460     27.56 -.442E-04 -.290E-05 -.953E-06
   15   76   10.0   80.0    1   .158E+02  -.316E+01       12.0   .460     27.58 -.119E-04 -.620E-06  .573E-06
   16   77    5.0   80.0    1   .148E+02  -.296E+01       12.0   .460     27.58 -.480E-05 -.469E-06 -.101E-05
   17   78     .0   80.0    1   .725E+01  -.290E+01       12.0   .460     27.58 -.173E-04 -.198E-05 -.338E-05


 Time:    100.0000

    i    n    x      z    Code     Q          v           h       th       Temp     Conc
                                 [V/T]      [L/T]        [L]     [-]        [C]    [M/L3]

    1    1  149.7   16.3    2  -.313E+02   .162E+02         .0   .460     25.45  .107E-04  .205E-05  .368E+00
    2    2  151.5   16.9    2  -.223E+02   .116E+02         .0   .460     25.40  .140E-05  .242E-06  .430E+00
    3    3  152.5   18.6    2  -.114E+02   .592E+01         .0   .460     25.37  .983E-05  .186E-05  .317E+00
    4    4  152.2   20.5    2  -.295E+01   .153E+01         .0   .460     25.38  .300E-04  .565E-05  .272E+00
    5    5  150.8   21.8    2  -.167E+01   .867E+00         .0   .460     25.42  .541E-04  .102E-04  .209E+00
    6    6  148.8   21.8    2  -.806E+01   .418E+01         .0   .460     25.47  .967E-04  .181E-04  .135E+00
    7    7  147.3   20.6    2  -.196E+02   .102E+02         .0   .460     25.51  .154E-03  .287E-04  .553E-01
    8    8  147.0   18.7    2  -.282E+02   .146E+02         .0   .460     25.52  .143E-03  .264E-04  .277E-01
    9    9  147.9   17.0    2  -.319E+02   .165E+02         .0   .460     25.50  .575E-04  .108E-04  .141E+00
   10   71   31.0   91.0    1   .280E+02  -.989E+01        1.0   .460     27.55  .102E-05 -.675E-06 -.142E-06
   11   72   27.0   87.0    1   .228E+02  -.420E+01        5.0   .460     27.65 -.856E-05 -.152E-05 -.184E-05
   12   73   23.3   83.3    1   .212E+02  -.428E+01        8.7   .460     27.70 -.573E-05 -.716E-06  .218E-05
   13   74   20.0   80.0    1   .297E+02  -.611E+01       12.0   .460     27.74  .402E-05  .251E-06 -.301E-05
   14   75   15.0   80.0    1   .180E+02  -.360E+01       12.0   .460     27.76  .803E-05  .780E-06 -.781E-05
   15   76   10.0   80.0    1   .158E+02  -.316E+01       12.0   .460     27.77  .365E-05  .371E-06 -.328E-05
   16   77    5.0   80.0    1   .148E+02  -.296E+01       12.0   .460     27.77  .206E-05  .189E-06 -.158E-06
   17   78     .0   80.0    1   .725E+01  -.290E+01       12.0   .460     27.78  .259E-05  .417E-06 -.180E-05
