 Furrow irrigation of NH4 water into a drained profile                   
 
 Program HYDRUS2
 Date:  24. 7.    Time:  17:30:12
 Time independent boundary conditions
 Vertical plane flow, V = L*L
 Units: L = cm   , T = days , M = mmol 

 Max. number of iterations             20
 Absolute water content tolerance [-]  .00050
 Absolute pressure head tolerance [L]  .10000



MatNum, Param. array:

   Mat     Qr     Qs        Alfa         n          Ks      l

    1     .034   .460    .160E-01    .137E+01    .600E+01   .500

       Table of Hydraulic Properties which are interpolated in simulation
       =================================================================

  theta         h        log h        C             K        log K          S
 
   .4600   -.100E-05  -.6000E+01   .3290E-05   .5986E+01   .7771E+00    1.0000
   .4600   -.126E-05  -.5899E+01   .3586E-05   .5984E+01   .7770E+00    1.0000
   .4600   -.159E-05  -.5798E+01   .3908E-05   .5983E+01   .7769E+00    1.0000
   .4600   -.201E-05  -.5697E+01   .4260E-05   .5981E+01   .7768E+00    1.0000
   .4600   -.254E-05  -.5596E+01   .4642E-05   .5979E+01   .7767E+00    1.0000
   .4600   -.320E-05  -.5495E+01   .5060E-05   .5977E+01   .7765E+00    1.0000
   .4600   -.404E-05  -.5394E+01   .5514E-05   .5975E+01   .7764E+00    1.0000
   .4600   -.509E-05  -.5293E+01   .6010E-05   .5973E+01   .7762E+00    1.0000
   .4600   -.643E-05  -.5192E+01   .6550E-05   .5970E+01   .7760E+00    1.0000
   .4600   -.811E-05  -.5091E+01   .7139E-05   .5968E+01   .7758E+00    1.0000
   .4600   -.102E-04  -.4990E+01   .7780E-05   .5965E+01   .7756E+00    1.0000
   .4600   -.129E-04  -.4889E+01   .8479E-05   .5961E+01   .7753E+00    1.0000
   .4600   -.163E-04  -.4788E+01   .9241E-05   .5958E+01   .7751E+00    1.0000
   .4600   -.206E-04  -.4687E+01   .1007E-04   .5954E+01   .7748E+00    1.0000
   .4600   -.260E-04  -.4586E+01   .1098E-04   .5949E+01   .7745E+00    1.0000
   .4600   -.327E-04  -.4485E+01   .1196E-04   .5945E+01   .7741E+00    1.0000
   .4600   -.413E-04  -.4384E+01   .1304E-04   .5940E+01   .7738E+00    1.0000
   .4600   -.521E-04  -.4283E+01   .1421E-04   .5934E+01   .7734E+00    1.0000
   .4600   -.658E-04  -.4182E+01   .1549E-04   .5928E+01   .7729E+00    1.0000
   .4600   -.830E-04  -.4081E+01   .1688E-04   .5921E+01   .7724E+00    1.0000
   .4600   -.105E-03  -.3980E+01   .1840E-04   .5914E+01   .7719E+00    1.0000
   .4600   -.132E-03  -.3879E+01   .2005E-04   .5906E+01   .7713E+00    1.0000
   .4600   -.167E-03  -.3778E+01   .2185E-04   .5898E+01   .7707E+00    1.0000
   .4600   -.210E-03  -.3677E+01   .2382E-04   .5889E+01   .7700E+00    1.0000
   .4600   -.266E-03  -.3576E+01   .2596E-04   .5879E+01   .7693E+00    1.0000
   .4600   -.335E-03  -.3475E+01   .2829E-04   .5868E+01   .7685E+00    1.0000
   .4600   -.423E-03  -.3374E+01   .3083E-04   .5856E+01   .7676E+00    1.0000
   .4600   -.534E-03  -.3273E+01   .3360E-04   .5843E+01   .7666E+00    1.0000
   .4600   -.673E-03  -.3172E+01   .3662E-04   .5828E+01   .7656E+00    1.0000
   .4600   -.850E-03  -.3071E+01   .3991E-04   .5813E+01   .7644E+00    1.0000
   .4600   -.107E-02  -.2970E+01   .4350E-04   .5796E+01   .7631E+00    1.0000
   .4600   -.135E-02  -.2869E+01   .4741E-04   .5778E+01   .7618E+00    1.0000
   .4600   -.171E-02  -.2768E+01   .5167E-04   .5758E+01   .7603E+00    1.0000
   .4600   -.215E-02  -.2667E+01   .5631E-04   .5737E+01   .7586E+00    1.0000
   .4600   -.272E-02  -.2566E+01   .6137E-04   .5713E+01   .7569E+00    1.0000
   .4600   -.343E-02  -.2465E+01   .6689E-04   .5687E+01   .7549E+00    1.0000
   .4600   -.433E-02  -.2364E+01   .7290E-04   .5660E+01   .7528E+00    1.0000
   .4600   -.546E-02  -.2263E+01   .7945E-04   .5629E+01   .7505E+00    1.0000
   .4600   -.689E-02  -.2162E+01   .8659E-04   .5596E+01   .7479E+00    1.0000
   .4600   -.870E-02  -.2061E+01   .9437E-04   .5561E+01   .7451E+00    1.0000
   .4600   -.110E-01  -.1960E+01   .1028E-03   .5522E+01   .7421E+00    1.0000
   .4600   -.138E-01  -.1859E+01   .1121E-03   .5480E+01   .7388E+00    1.0000
   .4600   -.175E-01  -.1758E+01   .1222E-03   .5434E+01   .7351E+00    1.0000
   .4600   -.221E-01  -.1657E+01   .1331E-03   .5385E+01   .7311E+00    1.0000
   .4600   -.278E-01  -.1556E+01   .1451E-03   .5331E+01   .7268E+00    1.0000
   .4600   -.351E-01  -.1455E+01   .1581E-03   .5272E+01   .7220E+00    1.0000
   .4600   -.443E-01  -.1354E+01   .1724E-03   .5209E+01   .7168E+00    1.0000
   .4600   -.559E-01  -.1253E+01   .1878E-03   .5141E+01   .7110E+00    1.0000
   .4600   -.705E-01  -.1152E+01   .2047E-03   .5067E+01   .7047E+00    1.0000
   .4600   -.890E-01  -.1051E+01   .2231E-03   .4986E+01   .6978E+00    1.0000
   .4600   -.112E+00  -.9495E+00   .2431E-03   .4900E+01   .6902E+00    1.0000
   .4600   -.142E+00  -.8485E+00   .2650E-03   .4806E+01   .6818E+00     .9999
   .4600   -.179E+00  -.7475E+00   .2887E-03   .4705E+01   .6726E+00     .9999
   .4599   -.226E+00  -.6465E+00   .3146E-03   .4597E+01   .6624E+00     .9999
   .4599   -.285E+00  -.5455E+00   .3428E-03   .4479E+01   .6512E+00     .9998
   .4599   -.359E+00  -.4444E+00   .3735E-03   .4354E+01   .6388E+00     .9998
   .4599   -.453E+00  -.3434E+00   .4069E-03   .4218E+01   .6251E+00     .9997
   .4598   -.572E+00  -.2424E+00   .4433E-03   .4073E+01   .6100E+00     .9996
   .4597   -.722E+00  -.1414E+00   .4827E-03   .3919E+01   .5931E+00     .9994
   .4596   -.911E+00  -.4040E-01   .5256E-03   .3753E+01   .5744E+00     .9992
   .4595   -.115E+01   .6061E-01   .5720E-03   .3577E+01   .5535E+00     .9989
   .4593   -.145E+01   .1616E+00   .6221E-03   .3390E+01   .5302E+00     .9984
   .4591   -.183E+01   .2626E+00   .6762E-03   .3193E+01   .5041E+00     .9979
   .4588   -.231E+01   .3636E+00   .7342E-03   .2984E+01   .4749E+00     .9971
   .4583   -.292E+01   .4646E+00   .7961E-03   .2766E+01   .4419E+00     .9960
   .4577   -.368E+01   .5657E+00   .8616E-03   .2539E+01   .4047E+00     .9945
   .4568   -.464E+01   .6667E+00   .9300E-03   .2304E+01   .3625E+00     .9925
   .4556   -.586E+01   .7677E+00   .1000E-02   .2063E+01   .3145E+00     .9897
   .4540   -.739E+01   .8687E+00   .1071E-02   .1819E+01   .2598E+00     .9860
   .4519   -.933E+01   .9697E+00   .1140E-02   .1575E+01   .1973E+00     .9810
   .4490   -.118E+02   .1071E+01   .1203E-02   .1335E+01   .1256E+00     .9742
   .4452   -.148E+02   .1172E+01   .1255E-02   .1105E+01   .4318E-01     .9653
   .4403   -.187E+02   .1273E+01   .1292E-02   .8882E+00  -.5149E-01     .9537
   .4339   -.236E+02   .1374E+01   .1307E-02   .6916E+00  -.1602E+00     .9387
   .4258   -.298E+02   .1475E+01   .1294E-02   .5194E+00  -.2845E+00     .9197
   .4159   -.376E+02   .1576E+01   .1250E-02   .3750E+00  -.4260E+00     .8964
   .4039   -.475E+02   .1677E+01   .1173E-02   .2597E+00  -.5856E+00     .8683
   .3900   -.599E+02   .1778E+01   .1067E-02   .1722E+00  -.7639E+00     .8356
   .3742   -.756E+02   .1879E+01   .9403E-03   .1095E+00  -.9606E+00     .7987
   .3570   -.955E+02   .1980E+01   .8027E-03   .6689E-01  -.1175E+01     .7582
   .3387   -.120E+03   .2081E+01   .6653E-03   .3940E-01  -.1404E+01     .7154
   .3199   -.152E+03   .2182E+01   .5370E-03   .2248E-01  -.1648E+01     .6711
   .3009   -.192E+03   .2283E+01   .4237E-03   .1249E-01  -.1903E+01     .6266
   .2822   -.242E+03   .2384E+01   .3281E-03   .6792E-02  -.2168E+01     .5826
   .2641   -.305E+03   .2485E+01   .2503E-03   .3629E-02  -.2440E+01     .5401
   .2467   -.385E+03   .2586E+01   .1886E-03   .1913E-02  -.2718E+01     .4993
   .2303   -.486E+03   .2687E+01   .1409E-03   .9984E-03  -.3001E+01     .4608
   .2149   -.614E+03   .2788E+01   .1045E-03   .5169E-03  -.3287E+01     .4246
   .2005   -.774E+03   .2889E+01   .7710E-04   .2661E-03  -.3575E+01     .3908
   .1871   -.977E+03   .2990E+01   .5666E-04   .1364E-03  -.3865E+01     .3594
   .1747   -.123E+04   .3091E+01   .4153E-04   .6967E-04  -.4157E+01     .3303
   .1633   -.156E+04   .3192E+01   .3037E-04   .3551E-04  -.4450E+01     .3034
   .1527   -.196E+04   .3293E+01   .2218E-04   .1807E-04  -.4743E+01     .2786
   .1430   -.248E+04   .3394E+01   .1617E-04   .9183E-05  -.5037E+01     .2558
   .1340   -.313E+04   .3495E+01   .1179E-04   .4662E-05  -.5331E+01     .2349
   .1258   -.394E+04   .3596E+01   .8585E-05   .2365E-05  -.5626E+01     .2156
   .1183   -.498E+04   .3697E+01   .6250E-05   .1200E-05  -.5921E+01     .1978
   .1113   -.628E+04   .3798E+01   .4548E-05   .6081E-06  -.6216E+01     .1816
   .1050   -.792E+04   .3899E+01   .3309E-05   .3082E-06  -.6511E+01     .1666
   .0991   -.100E+05   .4000E+01   .2407E-05   .1562E-06  -.6806E+01     .1529
end

 Solute transport information
 ============================

 Galerkin finite-element method

 Artificial dispersion is added when Peclet number is higher than     2.000

 Number of species in the chain :   3

 Mat.     Bulk.D.    DispL     DispT    Fraction  ImmobileWC
   1    1000.0000     .1000     .0100    1.0000     .0000

    Dif.w.      Dif.g.   -------------------------------------------------- ( 1.solute)
   .4320E+01   .0000E+00
 Mat.     KS         Nu         Beta      Henry      SinkL1     SinkS1     SinkG1     SinkL1`    SinkS1`    SinkG1`    SinkL0     SinkS0     SinkG0      Alfa
   1  .1000E-02  .0000E+00  .1000E+01  .0000E+00  .0000E+00  .0000E+00  .0000E+00  .1200E+00  .1200E+00  .0000E+00  .0000E+00  .0000E+00  .0000E+00  .0000E+00

 No adsorption or linear adsorp. isotherm for material  1

    Dif.w.      Dif.g.   -------------------------------------------------- ( 2.solute)
   .4320E+01   .0000E+00
 Mat.     KS         Nu         Beta      Henry      SinkL1     SinkS1     SinkG1     SinkL1`    SinkS1`    SinkG1`    SinkL0     SinkS0     SinkG0      Alfa
   1  .0000E+00  .0000E+00  .1000E+01  .0000E+00  .0000E+00  .0000E+00  .0000E+00  .2400E+01  .0000E+00  .0000E+00  .0000E+00  .0000E+00  .0000E+00  .0000E+00

 No adsorption or linear adsorp. isotherm for material  1

    Dif.w.      Dif.g.   -------------------------------------------------- ( 3.solute)
   .4320E+01   .0000E+00
 Mat.     KS         Nu         Beta      Henry      SinkL1     SinkS1     SinkG1     SinkL1`    SinkS1`    SinkG1`    SinkL0     SinkS0     SinkG0      Alfa
   1  .0000E+00  .0000E+00  .1000E+01  .0000E+00  .0000E+00  .0000E+00  .0000E+00  .0000E+00  .0000E+00  .0000E+00  .0000E+00  .0000E+00  .0000E+00  .0000E+00

 No adsorption or linear adsorp. isotherm for material  1

   Conc1     Conc2     Conc3     Conc4     cSink     cWell     Conc7     gAtm          d
  .100E+01  .000E+00  .000E+00  .000E+00  .000E+00  .000E+00  .000E+00  .000E+00     .0000
  .000E+00  .000E+00  .000E+00  .000E+00  .000E+00  .000E+00  .000E+00  .000E+00     .0000
  .000E+00  .000E+00  .000E+00  .000E+00  .000E+00  .000E+00  .000E+00  .000E+00     .0000

 tPulse =            50.000

 Heat transport information
 ==========================

    Qn     Qo      Thermal. Disper.      B1         B2         B3        Cn         Co         Cw
   .539   .001      .500      .100   .157E+17   .253E+17   .989E+17   .143E+15   .187E+15   .312E+15

    BValT1    BValT2    BValT3    BValT4    BValT5...  
    30.000      .000      .000      .000      .000      .000
