

  TLevel   Time         dt     IterW IterC   ItCum  Peclet   Courant

    22  .50000E+00  .17053E-01    2    1     70    18.886      .587
    39  .10000E+01  .29493E-01    2    1    104    19.315      .975
    72  .20000E+01  .30305E-01    2    1    170    19.558      .952
   103  .30000E+01  .32398E-01    2    1    232    19.621      .985
   163  .50000E+01  .33463E-01    2    1    352    19.678      .976
   306  .10000E+02  .35179E-01    2    1    638    19.754      .984
   445  .15000E+02  .36049E-01    2    1    916    19.783      .994
   583  .20000E+02  .36232E-01    2    1   1192    19.794      .994
   720  .25000E+02  .36503E-01    2    1   1466    19.799      .999
   857  .30000E+02  .36495E-01    2    1   1740    19.801      .998
  1131  .40000E+02  .23506E-01    2    1   2288    19.802      .642
  1405  .50000E+02  .22186E-01    2    1   2836    19.802      .606
  1419  .50500E+02  .35713E-01    2    1   2864    19.802      .976
  1433  .51000E+02  .35713E-01    2    1   2892    19.802      .976
  1461  .52000E+02  .24174E-01    2    1   2948    19.802      .660
  1489  .53000E+02  .24174E-01    2    1   3004    19.802      .660
  1544  .55000E+02  .36362E-01    2    1   3114    19.802      .993
  1681  .60000E+02  .36499E-01    2    1   3388    19.802      .997
  1818  .65000E+02  .36499E-01    2    1   3662    19.802      .997
  1955  .70000E+02  .36499E-01    2    1   3936    19.802      .997
  2092  .75000E+02  .36499E-01    2    1   4210    19.802      .997
  2229  .80000E+02  .36499E-01    2    1   4484    19.802      .997
  2503  .90000E+02  .21606E-01    2    1   5032    19.802      .590
  2777  .10000E+03  .21606E-01    2    1   5580    19.802      .590
end
 
 Real time [sec]    1793.000000000000000
