 All solute fluxes (SMean) and cumulative solute fluxes (ChemS) are positive out of the region

     Time     CumCh0     CumCh1     CumChR     CumChN   --------------------  ChemS(i),i=1,NumKD  ----------------------  ---------------------  SMean(j),j=1,NumKD ----------------------
      [T]    [VM/L3]    [VM/L3]    [VM/L3]    [VM/L3]                               [VM/L3]                                                           [VM/T/L3]

       .50  -.112E+01   .000E+00   .000E+00   .000E+00   .000E+00   .000E+00   .000E+00   .000E+00   .000E+00   .000E+00   .000E+00   .000E+00   .000E+00   .000E+00   .000E+00   .000E+00
      1.00  -.578E+01   .000E+00   .000E+00   .000E+00   .000E+00   .296E-27   .000E+00   .000E+00   .000E+00   .000E+00   .000E+00   .541E-26   .000E+00   .000E+00   .000E+00   .000E+00
      2.00  -.268E+02   .000E+00   .000E+00   .000E+00   .000E+00   .344E-20   .000E+00   .000E+00   .000E+00   .000E+00   .000E+00   .339E-19   .000E+00   .000E+00   .000E+00   .000E+00
      3.00  -.624E+02   .000E+00   .000E+00   .000E+00   .000E+00   .393E-16   .000E+00   .000E+00   .000E+00   .000E+00   .000E+00   .267E-15   .000E+00   .000E+00   .000E+00   .000E+00
      5.00  -.172E+03   .000E+00   .000E+00   .000E+00   .000E+00   .398E-11   .000E+00   .000E+00   .000E+00   .000E+00   .000E+00   .165E-10   .000E+00   .000E+00   .000E+00   .000E+00
     10.00  -.610E+03   .000E+00   .000E+00   .000E+00   .000E+00   .102E-04   .000E+00   .000E+00   .000E+00   .000E+00   .000E+00   .197E-04   .000E+00   .000E+00   .000E+00   .000E+00
     15.00  -.120E+04   .000E+00   .000E+00   .000E+00   .000E+00   .201E-01   .000E+00   .000E+00   .000E+00   .000E+00   .000E+00   .226E-01   .000E+00   .000E+00   .000E+00   .000E+00
     20.00  -.187E+04   .000E+00   .000E+00   .000E+00   .000E+00   .182E+01   .000E+00   .000E+00   .000E+00   .000E+00   .000E+00   .125E+01   .000E+00   .000E+00   .000E+00   .000E+00
     25.00  -.259E+04   .000E+00   .000E+00   .000E+00   .000E+00   .286E+02   .000E+00   .000E+00   .000E+00   .000E+00   .000E+00   .121E+02   .000E+00   .000E+00   .000E+00   .000E+00
     30.00  -.333E+04   .000E+00   .000E+00   .000E+00   .000E+00   .152E+03   .000E+00   .000E+00   .000E+00   .000E+00   .000E+00   .388E+02   .000E+00   .000E+00   .000E+00   .000E+00
     40.00  -.485E+04   .000E+00   .000E+00   .000E+00   .000E+00   .803E+03   .000E+00   .000E+00   .000E+00   .000E+00   .000E+00   .865E+02   .000E+00   .000E+00   .000E+00   .000E+00
     50.00  -.638E+04   .000E+00   .000E+00   .000E+00   .000E+00   .181E+04   .000E+00   .000E+00   .000E+00   .000E+00   .000E+00   .113E+03   .000E+00   .000E+00   .000E+00   .000E+00
     50.50  -.646E+04   .000E+00   .000E+00   .000E+00   .000E+00   .187E+04   .000E+00   .000E+00   .000E+00   .000E+00   .000E+00   .114E+03   .000E+00   .000E+00   .000E+00   .000E+00
     51.00  -.653E+04   .000E+00   .000E+00   .000E+00   .000E+00   .193E+04   .000E+00   .000E+00   .000E+00   .000E+00   .000E+00   .115E+03   .000E+00   .000E+00   .000E+00   .000E+00
     52.00  -.667E+04   .000E+00   .000E+00   .000E+00   .000E+00   .204E+04   .000E+00   .000E+00   .000E+00   .000E+00   .000E+00   .117E+03   .000E+00   .000E+00   .000E+00   .000E+00
     53.00  -.679E+04   .000E+00   .000E+00   .000E+00   .000E+00   .216E+04   .000E+00   .000E+00   .000E+00   .000E+00   .000E+00   .119E+03   .000E+00   .000E+00   .000E+00   .000E+00
     55.00  -.699E+04   .000E+00   .000E+00   .000E+00   .000E+00   .240E+04   .000E+00   .000E+00   .000E+00   .000E+00   .000E+00   .122E+03   .000E+00   .000E+00   .000E+00   .000E+00
     60.00  -.733E+04   .000E+00   .000E+00   .000E+00   .000E+00   .303E+04   .000E+00   .000E+00   .000E+00   .000E+00   .000E+00   .128E+03   .000E+00   .000E+00   .000E+00   .000E+00
     65.00  -.751E+04   .000E+00   .000E+00   .000E+00   .000E+00   .368E+04   .000E+00   .000E+00   .000E+00   .000E+00   .000E+00   .133E+03   .000E+00   .000E+00   .000E+00   .000E+00
     70.00  -.762E+04   .000E+00   .000E+00   .000E+00   .000E+00   .436E+04   .000E+00   .000E+00   .000E+00   .000E+00   .000E+00   .136E+03   .000E+00   .000E+00   .000E+00   .000E+00
     75.00  -.767E+04   .000E+00   .000E+00   .000E+00   .000E+00   .502E+04   .000E+00   .000E+00   .000E+00   .000E+00   .000E+00   .128E+03   .000E+00   .000E+00   .000E+00   .000E+00
     80.00  -.770E+04   .000E+00   .000E+00   .000E+00   .000E+00   .561E+04   .000E+00   .000E+00   .000E+00   .000E+00   .000E+00   .104E+03   .000E+00   .000E+00   .000E+00   .000E+00
     90.00  -.773E+04   .000E+00   .000E+00   .000E+00   .000E+00   .640E+04   .000E+00   .000E+00   .000E+00   .000E+00   .000E+00   .584E+02   .000E+00   .000E+00   .000E+00   .000E+00
    100.00  -.774E+04   .000E+00   .000E+00   .000E+00   .000E+00   .684E+04   .000E+00   .000E+00   .000E+00   .000E+00   .000E+00   .333E+02   .000E+00   .000E+00   .000E+00   .000E+00
end
