 All solute fluxes (SMean) and cumulative solute fluxes (ChemS) are positive out of the region

     Time     CumCh0     CumCh1     CumChR     CumChN   --------------------  ChemS(i),i=1,NumKD  ----------------------  ---------------------  SMean(j),j=1,NumKD ----------------------
      [T]    [VM/L3]    [VM/L3]    [VM/L3]    [VM/L3]                               [VM/L3]                                                           [VM/T/L3]

       .50   .000E+00   .328E+01   .000E+00   .000E+00  -.103E+03   .000E+00   .000E+00   .000E+00   .000E+00   .000E+00  -.165E+03   .000E+00   .000E+00   .000E+00   .000E+00   .000E+00
      1.00   .000E+00   .111E+02   .000E+00   .000E+00  -.183E+03   .000E+00   .000E+00   .000E+00   .000E+00   .000E+00  -.158E+03   .000E+00   .000E+00   .000E+00   .000E+00   .000E+00
      2.00   .000E+00   .381E+02   .000E+00   .000E+00  -.339E+03   .000E+00   .000E+00   .000E+00   .000E+00   .000E+00  -.156E+03   .000E+00   .000E+00   .000E+00   .000E+00   .000E+00
      3.00   .000E+00   .788E+02   .000E+00   .000E+00  -.495E+03   .231E-27   .000E+00   .000E+00   .000E+00   .000E+00  -.156E+03   .216E-26   .000E+00   .000E+00   .000E+00   .000E+00
      5.00   .000E+00   .196E+03   .000E+00   .000E+00  -.808E+03   .388E-22   .000E+00   .000E+00   .000E+00   .000E+00  -.157E+03   .163E-21   .000E+00   .000E+00   .000E+00   .000E+00
     10.00   .000E+00   .648E+03   .000E+00   .000E+00  -.159E+04   .199E-15   .000E+00   .000E+00   .000E+00   .000E+00  -.157E+03   .421E-15   .000E+00   .000E+00   .000E+00   .000E+00
     15.00   .000E+00   .124E+04   .000E+00   .000E+00  -.238E+04   .123E-11   .000E+00   .000E+00   .000E+00   .000E+00  -.157E+03   .167E-11   .000E+00   .000E+00   .000E+00   .000E+00
     20.00   .000E+00   .191E+04   .000E+00   .000E+00  -.317E+04   .445E-09   .000E+00   .000E+00   .000E+00   .000E+00  -.157E+03   .435E-09   .000E+00   .000E+00   .000E+00   .000E+00
     25.00   .000E+00   .263E+04   .000E+00   .000E+00  -.395E+04   .333E-07   .000E+00   .000E+00   .000E+00   .000E+00  -.157E+03   .246E-07   .000E+00   .000E+00   .000E+00   .000E+00
     30.00   .000E+00   .337E+04   .000E+00   .000E+00  -.474E+04   .909E-06   .000E+00   .000E+00   .000E+00   .000E+00  -.157E+03   .525E-06   .000E+00   .000E+00   .000E+00   .000E+00
     40.00   .000E+00   .488E+04   .000E+00   .000E+00  -.631E+04   .983E-04   .000E+00   .000E+00   .000E+00   .000E+00  -.157E+03   .366E-04   .000E+00   .000E+00   .000E+00   .000E+00
     50.00   .000E+00   .641E+04   .000E+00   .000E+00  -.789E+04   .207E-02   .000E+00   .000E+00   .000E+00   .000E+00  -.157E+03   .510E-03   .000E+00   .000E+00   .000E+00   .000E+00
     50.50   .000E+00   .649E+04   .000E+00   .000E+00  -.789E+04   .234E-02   .000E+00   .000E+00   .000E+00   .000E+00   .000E+00   .563E-03   .000E+00   .000E+00   .000E+00   .000E+00
     51.00   .000E+00   .656E+04   .000E+00   .000E+00  -.789E+04   .264E-02   .000E+00   .000E+00   .000E+00   .000E+00   .000E+00   .621E-03   .000E+00   .000E+00   .000E+00   .000E+00
     52.00   .000E+00   .669E+04   .000E+00   .000E+00  -.789E+04   .333E-02   .000E+00   .000E+00   .000E+00   .000E+00   .000E+00   .753E-03   .000E+00   .000E+00   .000E+00   .000E+00
     53.00   .000E+00   .680E+04   .000E+00   .000E+00  -.789E+04   .415E-02   .000E+00   .000E+00   .000E+00   .000E+00   .000E+00   .902E-03   .000E+00   .000E+00   .000E+00   .000E+00
     55.00   .000E+00   .699E+04   .000E+00   .000E+00  -.789E+04   .630E-02   .000E+00   .000E+00   .000E+00   .000E+00   .000E+00   .126E-02   .000E+00   .000E+00   .000E+00   .000E+00
     60.00   .000E+00   .732E+04   .000E+00   .000E+00  -.789E+04   .155E-01   .000E+00   .000E+00   .000E+00   .000E+00   .000E+00   .252E-02   .000E+00   .000E+00   .000E+00   .000E+00
     65.00   .000E+00   .749E+04   .000E+00   .000E+00  -.789E+04   .323E-01   .000E+00   .000E+00   .000E+00   .000E+00   .000E+00   .422E-02   .000E+00   .000E+00   .000E+00   .000E+00
     70.00   .000E+00   .759E+04   .000E+00   .000E+00  -.789E+04   .581E-01   .000E+00   .000E+00   .000E+00   .000E+00   .000E+00   .612E-02   .000E+00   .000E+00   .000E+00   .000E+00
     75.00   .000E+00   .764E+04   .000E+00   .000E+00  -.789E+04   .932E-01   .000E+00   .000E+00   .000E+00   .000E+00   .000E+00   .787E-02   .000E+00   .000E+00   .000E+00   .000E+00
     80.00   .000E+00   .767E+04   .000E+00   .000E+00  -.789E+04   .136E+00   .000E+00   .000E+00   .000E+00   .000E+00   .000E+00   .922E-02   .000E+00   .000E+00   .000E+00   .000E+00
     90.00   .000E+00   .770E+04   .000E+00   .000E+00  -.789E+04   .236E+00   .000E+00   .000E+00   .000E+00   .000E+00   .000E+00   .105E-01   .000E+00   .000E+00   .000E+00   .000E+00
    100.00   .000E+00   .771E+04   .000E+00   .000E+00  -.789E+04   .342E+00   .000E+00   .000E+00   .000E+00   .000E+00   .000E+00   .103E-01   .000E+00   .000E+00   .000E+00   .000E+00
end
