 All solute fluxes (SMean) and cumulative solute fluxes (ChemS) are positive out of the region

     Time     CumCh0     CumCh1     CumChR     CumChN   --------------------  ChemS(i),i=1,NumKD  ----------------------  ---------------------  SMean(j),j=1,NumKD ----------------------
      [T]    [VM/L3]    [VM/L3]    [VM/L3]    [VM/L3]                               [VM/L3]                                                           [VM/T/L3]

       .50  -.341E+01   .106E+01   .000E+00   .000E+00   .000E+00   .000E+00   .000E+00   .000E+00   .000E+00   .000E+00   .000E+00   .000E+00   .000E+00   .000E+00   .000E+00   .000E+00
      1.00  -.113E+02   .559E+01   .000E+00   .000E+00   .000E+00   .000E+00   .000E+00   .000E+00   .000E+00   .000E+00   .000E+00   .000E+00   .000E+00   .000E+00   .000E+00   .000E+00
      2.00  -.385E+02   .264E+02   .000E+00   .000E+00   .000E+00   .000E+00   .000E+00   .000E+00   .000E+00   .000E+00   .000E+00   .000E+00   .000E+00   .000E+00   .000E+00   .000E+00
      3.00  -.795E+02   .618E+02   .000E+00   .000E+00   .000E+00   .181E-25   .000E+00   .000E+00   .000E+00   .000E+00   .000E+00   .116E-24   .000E+00   .000E+00   .000E+00   .000E+00
      5.00  -.197E+03   .171E+03   .000E+00   .000E+00   .000E+00   .782E-21   .000E+00   .000E+00   .000E+00   .000E+00   .000E+00   .299E-20   .000E+00   .000E+00   .000E+00   .000E+00
     10.00  -.649E+03   .609E+03   .000E+00   .000E+00   .000E+00   .745E-15   .000E+00   .000E+00   .000E+00   .000E+00   .000E+00   .139E-14   .000E+00   .000E+00   .000E+00   .000E+00
     15.00  -.124E+04   .120E+04   .000E+00   .000E+00   .000E+00   .166E-11   .000E+00   .000E+00   .000E+00   .000E+00   .000E+00   .203E-11   .000E+00   .000E+00   .000E+00   .000E+00
     20.00  -.192E+04   .187E+04   .000E+00   .000E+00   .000E+00   .329E-09   .000E+00   .000E+00   .000E+00   .000E+00   .000E+00   .293E-09   .000E+00   .000E+00   .000E+00   .000E+00
     25.00  -.263E+04   .258E+04   .000E+00   .000E+00   .000E+00   .170E-07   .000E+00   .000E+00   .000E+00   .000E+00   .000E+00   .115E-07   .000E+00   .000E+00   .000E+00   .000E+00
     30.00  -.337E+04   .332E+04   .000E+00   .000E+00   .000E+00   .361E-06   .000E+00   .000E+00   .000E+00   .000E+00   .000E+00   .194E-06   .000E+00   .000E+00   .000E+00   .000E+00
     40.00  -.488E+04   .484E+04   .000E+00   .000E+00   .000E+00   .291E-04   .000E+00   .000E+00   .000E+00   .000E+00   .000E+00   .102E-04   .000E+00   .000E+00   .000E+00   .000E+00
     50.00  -.642E+04   .638E+04   .000E+00   .000E+00   .000E+00   .520E-03   .000E+00   .000E+00   .000E+00   .000E+00   .000E+00   .121E-03   .000E+00   .000E+00   .000E+00   .000E+00
     50.50  -.649E+04   .646E+04   .000E+00   .000E+00   .000E+00   .584E-03   .000E+00   .000E+00   .000E+00   .000E+00   .000E+00   .133E-03   .000E+00   .000E+00   .000E+00   .000E+00
     51.00  -.656E+04   .653E+04   .000E+00   .000E+00   .000E+00   .654E-03   .000E+00   .000E+00   .000E+00   .000E+00   .000E+00   .146E-03   .000E+00   .000E+00   .000E+00   .000E+00
     52.00  -.669E+04   .667E+04   .000E+00   .000E+00   .000E+00   .815E-03   .000E+00   .000E+00   .000E+00   .000E+00   .000E+00   .174E-03   .000E+00   .000E+00   .000E+00   .000E+00
     53.00  -.680E+04   .679E+04   .000E+00   .000E+00   .000E+00   .101E-02   .000E+00   .000E+00   .000E+00   .000E+00   .000E+00   .207E-03   .000E+00   .000E+00   .000E+00   .000E+00
     55.00  -.700E+04   .699E+04   .000E+00   .000E+00   .000E+00   .149E-02   .000E+00   .000E+00   .000E+00   .000E+00   .000E+00   .283E-03   .000E+00   .000E+00   .000E+00   .000E+00
     60.00  -.732E+04   .733E+04   .000E+00   .000E+00   .000E+00   .352E-02   .000E+00   .000E+00   .000E+00   .000E+00   .000E+00   .541E-03   .000E+00   .000E+00   .000E+00   .000E+00
     65.00  -.749E+04   .751E+04   .000E+00   .000E+00   .000E+00   .704E-02   .000E+00   .000E+00   .000E+00   .000E+00   .000E+00   .875E-03   .000E+00   .000E+00   .000E+00   .000E+00
     70.00  -.759E+04   .762E+04   .000E+00   .000E+00   .000E+00   .123E-01   .000E+00   .000E+00   .000E+00   .000E+00   .000E+00   .123E-02   .000E+00   .000E+00   .000E+00   .000E+00
     75.00  -.764E+04   .767E+04   .000E+00   .000E+00   .000E+00   .193E-01   .000E+00   .000E+00   .000E+00   .000E+00   .000E+00   .155E-02   .000E+00   .000E+00   .000E+00   .000E+00
     80.00  -.767E+04   .770E+04   .000E+00   .000E+00   .000E+00   .277E-01   .000E+00   .000E+00   .000E+00   .000E+00   .000E+00   .178E-02   .000E+00   .000E+00   .000E+00   .000E+00
     90.00  -.770E+04   .773E+04   .000E+00   .000E+00   .000E+00   .468E-01   .000E+00   .000E+00   .000E+00   .000E+00   .000E+00   .199E-02   .000E+00   .000E+00   .000E+00   .000E+00
    100.00  -.771E+04   .774E+04   .000E+00   .000E+00   .000E+00   .667E-01   .000E+00   .000E+00   .000E+00   .000E+00   .000E+00   .192E-02   .000E+00   .000E+00   .000E+00   .000E+00
end
