 Welcome to HYDRUS-2D                                                    
 
 Program HYDRUS2
 Date:  18. 2.    Time:  15:54:45
 Time independent boundary conditions
 Vertical plane flow, V = L*L
 Units: L = cm   , T = days , M = mmol 


 Time:       .1000

    i    n    x      z    Code     Q          v           h       th       Temp     Conc
                                 [V/T]      [L/T]        [L]     [-]        [C]    [M/L3]

    1   61     .0     .0    1   .143E-01  -.457E-02      102.0  1.000     20.00
    2   91  200.0     .0    1  -.155E-01   .496E-02      100.0  1.000     20.00
    3   92  200.0    6.3    1  -.309E-01   .494E-02       93.8  1.000     20.00
    4   93  200.0   12.5    1  -.305E-01   .488E-02       87.5  1.000     20.00
    5   94  200.0   18.8    1  -.298E-01   .477E-02       81.3  1.000     20.00
    6   95  200.0   25.0    1  -.288E-01   .461E-02       75.0  1.000     20.00
    7   96  200.0   31.3    1  -.276E-01   .441E-02       68.8  1.000     20.00
    8   97  200.0   37.5    1  -.261E-01   .418E-02       62.5  1.000     20.00
    9   98  200.0   43.8    1  -.250E-01   .400E-02       56.3  1.000     20.00
   10   99  200.0   50.0    1  -.245E-01   .393E-02       50.0  1.000     20.00
   11  100  200.0   56.3    1  -.250E-01   .400E-02       43.8  1.000     20.00
   12  101  200.0   62.5    1  -.261E-01   .418E-02       37.5  1.000     20.00
   13  102  200.0   68.8    1  -.276E-01   .441E-02       31.3  1.000     20.00
   14  103  200.0   75.0    1  -.288E-01   .461E-02       25.0  1.000     20.00
   15  104  200.0   81.3    1  -.299E-01   .478E-02       18.8  1.000     20.00
   16  105  200.0   87.5    1  -.305E-01   .488E-02       12.5  1.000     20.00
   17  106  200.0   93.8    1  -.309E-01   .494E-02        6.3  1.000     20.00
   18  107  200.0  100.0    1  -.155E-01   .496E-02         .0  1.000     20.00
   19  138     .0  100.0    1   .143E-01  -.457E-02        2.0  1.000     20.00
   20  139     .0   93.8    1   .285E-01  -.456E-02        8.3  1.000     20.00
   21  140     .0   87.5    1   .285E-01  -.456E-02       14.5  1.000     20.00
   22  141     .0   81.3    1   .284E-01  -.454E-02       20.8  1.000     20.00
   23  142     .0   75.0    1   .283E-01  -.453E-02       27.0  1.000     20.00
   24  143     .0   68.8    1   .282E-01  -.452E-02       33.3  1.000     20.00
   25  144     .0   62.5    1   .282E-01  -.451E-02       39.5  1.000     20.00
   26  145     .0   56.3    1   .281E-01  -.450E-02       45.8  1.000     20.00
   27  146     .0   50.0    1   .281E-01  -.449E-02       52.0  1.000     20.00
   28  147     .0   43.8    1   .281E-01  -.450E-02       58.3  1.000     20.00
   29  148     .0   37.5    1   .282E-01  -.451E-02       64.5  1.000     20.00
   30  149     .0   31.3    1   .282E-01  -.452E-02       70.8  1.000     20.00
   31  150     .0   25.0    1   .283E-01  -.453E-02       77.0  1.000     20.00
   32  151     .0   18.8    1   .284E-01  -.455E-02       83.3  1.000     20.00
   33  152     .0   12.5    1   .285E-01  -.456E-02       89.5  1.000     20.00
   34  153     .0    6.3    1   .285E-01  -.456E-02       95.8  1.000     20.00
