 Welcome to HYDRUS-2D                                                    
 
 Program HYDRUS2
 Date:  18. 2.    Time:  15:54:45
 Time independent boundary conditions
 Vertical plane flow, V = L*L
 Units: L = cm   , T = days , M = mmol 

 Max. number of iterations             20
 Absolute water content tolerance [-]  .00010
 Absolute pressure head tolerance [L]  .00100



MatNum, Param. array:

   Mat     Qr     Qs        Alfa         n          Ks      l       Qm     Qa     Qk       Kk

    1     .000  1.000    .150E+01    .120E+01    .500E+00   .500  1.000   .000  1.000    .500E+00

       Table of Hydraulic Properties which are interpolated in simulation
       =================================================================

  theta         h        log h        C             K        log K          S
 
  1.0000   -.100E-07  -.8000E+01   .8172E-02   .4772E+00  -.3213E+00    1.0000
  1.0000   -.126E-07  -.7899E+01   .8561E-02   .4759E+00  -.3225E+00    1.0000
  1.0000   -.159E-07  -.7798E+01   .8969E-02   .4746E+00  -.3237E+00    1.0000
  1.0000   -.201E-07  -.7697E+01   .9396E-02   .4732E+00  -.3250E+00    1.0000
  1.0000   -.254E-07  -.7596E+01   .9843E-02   .4717E+00  -.3263E+00    1.0000
  1.0000   -.320E-07  -.7495E+01   .1031E-01   .4702E+00  -.3277E+00    1.0000
  1.0000   -.404E-07  -.7394E+01   .1080E-01   .4686E+00  -.3292E+00    1.0000
  1.0000   -.509E-07  -.7293E+01   .1132E-01   .4670E+00  -.3307E+00    1.0000
  1.0000   -.643E-07  -.7192E+01   .1186E-01   .4652E+00  -.3323E+00    1.0000
  1.0000   -.811E-07  -.7091E+01   .1242E-01   .4634E+00  -.3340E+00    1.0000
  1.0000   -.102E-06  -.6990E+01   .1301E-01   .4615E+00  -.3358E+00    1.0000
  1.0000   -.129E-06  -.6889E+01   .1363E-01   .4595E+00  -.3377E+00    1.0000
  1.0000   -.163E-06  -.6788E+01   .1428E-01   .4574E+00  -.3397E+00    1.0000
  1.0000   -.206E-06  -.6687E+01   .1496E-01   .4552E+00  -.3418E+00    1.0000
  1.0000   -.260E-06  -.6586E+01   .1567E-01   .4530E+00  -.3439E+00    1.0000
  1.0000   -.327E-06  -.6485E+01   .1642E-01   .4506E+00  -.3462E+00    1.0000
  1.0000   -.413E-06  -.6384E+01   .1720E-01   .4481E+00  -.3486E+00    1.0000
  1.0000   -.521E-06  -.6283E+01   .1802E-01   .4455E+00  -.3511E+00    1.0000
  1.0000   -.658E-06  -.6182E+01   .1888E-01   .4428E+00  -.3538E+00    1.0000
  1.0000   -.830E-06  -.6081E+01   .1978E-01   .4400E+00  -.3566E+00    1.0000
  1.0000   -.105E-05  -.5980E+01   .2072E-01   .4370E+00  -.3595E+00    1.0000
  1.0000   -.132E-05  -.5879E+01   .2171E-01   .4340E+00  -.3626E+00    1.0000
  1.0000   -.167E-05  -.5778E+01   .2274E-01   .4307E+00  -.3658E+00    1.0000
  1.0000   -.210E-05  -.5677E+01   .2382E-01   .4274E+00  -.3692E+00    1.0000
  1.0000   -.266E-05  -.5576E+01   .2496E-01   .4239E+00  -.3728E+00    1.0000
  1.0000   -.335E-05  -.5475E+01   .2615E-01   .4202E+00  -.3765E+00    1.0000
  1.0000   -.423E-05  -.5374E+01   .2739E-01   .4164E+00  -.3805E+00    1.0000
  1.0000   -.534E-05  -.5273E+01   .2869E-01   .4124E+00  -.3846E+00    1.0000
  1.0000   -.673E-05  -.5172E+01   .3006E-01   .4083E+00  -.3890E+00    1.0000
  1.0000   -.850E-05  -.5071E+01   .3149E-01   .4040E+00  -.3936E+00    1.0000
  1.0000   -.107E-04  -.4970E+01   .3299E-01   .3995E+00  -.3985E+00    1.0000
  1.0000   -.135E-04  -.4869E+01   .3456E-01   .3948E+00  -.4036E+00    1.0000
  1.0000   -.171E-04  -.4768E+01   .3621E-01   .3899E+00  -.4090E+00    1.0000
  1.0000   -.215E-04  -.4667E+01   .3793E-01   .3848E+00  -.4147E+00    1.0000
  1.0000   -.272E-04  -.4566E+01   .3974E-01   .3795E+00  -.4207E+00    1.0000
  1.0000   -.343E-04  -.4465E+01   .4163E-01   .3740E+00  -.4271E+00    1.0000
  1.0000   -.433E-04  -.4364E+01   .4361E-01   .3683E+00  -.4338E+00    1.0000
  1.0000   -.546E-04  -.4263E+01   .4569E-01   .3624E+00  -.4408E+00    1.0000
  1.0000   -.689E-04  -.4162E+01   .4786E-01   .3562E+00  -.4483E+00    1.0000
  1.0000   -.870E-04  -.4061E+01   .5014E-01   .3498E+00  -.4562E+00    1.0000
  1.0000   -.110E-03  -.3960E+01   .5253E-01   .3431E+00  -.4645E+00    1.0000
  1.0000   -.138E-03  -.3859E+01   .5503E-01   .3362E+00  -.4733E+00    1.0000
  1.0000   -.175E-03  -.3758E+01   .5765E-01   .3291E+00  -.4827E+00    1.0000
  1.0000   -.221E-03  -.3657E+01   .6039E-01   .3217E+00  -.4926E+00    1.0000
  1.0000   -.278E-03  -.3556E+01   .6327E-01   .3140E+00  -.5031E+00    1.0000
  1.0000   -.351E-03  -.3455E+01   .6628E-01   .3061E+00  -.5142E+00    1.0000
  1.0000   -.443E-03  -.3354E+01   .6943E-01   .2978E+00  -.5260E+00    1.0000
  1.0000   -.559E-03  -.3253E+01   .7273E-01   .2894E+00  -.5386E+00    1.0000
  1.0000   -.705E-03  -.3152E+01   .7619E-01   .2806E+00  -.5519E+00    1.0000
   .9999   -.890E-03  -.3051E+01   .7981E-01   .2716E+00  -.5661E+00     .9999
   .9999   -.112E-02  -.2949E+01   .8360E-01   .2623E+00  -.5812E+00     .9999
   .9999   -.142E-02  -.2848E+01   .8756E-01   .2527E+00  -.5974E+00     .9999
   .9999   -.179E-02  -.2747E+01   .9171E-01   .2429E+00  -.6146E+00     .9999
   .9998   -.226E-02  -.2646E+01   .9605E-01   .2328E+00  -.6330E+00     .9998
   .9998   -.285E-02  -.2545E+01   .1006E+00   .2225E+00  -.6527E+00     .9998
   .9997   -.359E-02  -.2444E+01   .1053E+00   .2119E+00  -.6739E+00     .9997
   .9996   -.453E-02  -.2343E+01   .1103E+00   .2011E+00  -.6966E+00     .9996
   .9994   -.572E-02  -.2242E+01   .1154E+00   .1901E+00  -.7210E+00     .9994
   .9993   -.722E-02  -.2141E+01   .1207E+00   .1789E+00  -.7473E+00     .9993
   .9990   -.911E-02  -.2040E+01   .1263E+00   .1676E+00  -.7757E+00     .9990
   .9987   -.115E-01  -.1939E+01   .1320E+00   .1561E+00  -.8065E+00     .9987
   .9983   -.145E-01  -.1838E+01   .1379E+00   .1446E+00  -.8399E+00     .9983
   .9978   -.183E-01  -.1737E+01   .1439E+00   .1330E+00  -.8761E+00     .9978
   .9971   -.231E-01  -.1636E+01   .1500E+00   .1214E+00  -.9157E+00     .9971
   .9962   -.292E-01  -.1535E+01   .1562E+00   .1099E+00  -.9589E+00     .9962
   .9949   -.368E-01  -.1434E+01   .1622E+00   .9855E-01  -.1006E+01     .9949
   .9933   -.464E-01  -.1333E+01   .1680E+00   .8741E-01  -.1058E+01     .9933
   .9913   -.586E-01  -.1232E+01   .1735E+00   .7658E-01  -.1116E+01     .9913
   .9886   -.739E-01  -.1131E+01   .1783E+00   .6616E-01  -.1179E+01     .9886
   .9851   -.933E-01  -.1030E+01   .1822E+00   .5627E-01  -.1250E+01     .9851
   .9806   -.118E+00  -.9293E+00   .1849E+00   .4701E-01  -.1328E+01     .9806
   .9749   -.148E+00  -.8283E+00   .1859E+00   .3849E-01  -.1415E+01     .9749
   .9677   -.187E+00  -.7273E+00   .1849E+00   .3082E-01  -.1511E+01     .9677
   .9587   -.236E+00  -.6263E+00   .1814E+00   .2408E-01  -.1618E+01     .9587
   .9476   -.298E+00  -.5253E+00   .1753E+00   .1831E-01  -.1737E+01     .9476
   .9343   -.376E+00  -.4242E+00   .1663E+00   .1353E-01  -.1869E+01     .9343
   .9185   -.475E+00  -.3232E+00   .1546E+00   .9707E-02  -.2013E+01     .9185
   .9001   -.599E+00  -.2222E+00   .1406E+00   .6754E-02  -.2170E+01     .9001
   .8793   -.756E+00  -.1212E+00   .1250E+00   .4560E-02  -.2341E+01     .8793
   .8562   -.955E+00  -.2020E-01   .1087E+00   .2992E-02  -.2524E+01     .8562
   .8311   -.120E+01   .8081E-01   .9251E-01   .1912E-02  -.2719E+01     .8311
   .8045   -.152E+01   .1818E+00   .7716E-01   .1192E-02  -.2924E+01     .8045
   .7767   -.192E+01   .2828E+00   .6321E-01   .7283E-03  -.3138E+01     .7767
   .7482   -.242E+01   .3838E+00   .5098E-01   .4370E-03  -.3360E+01     .7482
   .7195   -.305E+01   .4848E+00   .4058E-01   .2583E-03  -.3588E+01     .7195
   .6907   -.385E+01   .5859E+00   .3196E-01   .1509E-03  -.3821E+01     .6907
   .6623   -.486E+01   .6869E+00   .2494E-01   .8727E-04  -.4059E+01     .6623
   .6344   -.614E+01   .7879E+00   .1933E-01   .5009E-04  -.4300E+01     .6344
   .6071   -.774E+01   .8889E+00   .1490E-01   .2857E-04  -.4544E+01     .6071
   .5807   -.977E+01   .9899E+00   .1143E-01   .1622E-04  -.4790E+01     .5807
   .5552   -.123E+02   .1091E+01   .8743E-02   .9177E-05  -.5037E+01     .5552
   .5306   -.156E+02   .1192E+01   .6669E-02   .5177E-05  -.5286E+01     .5306
   .5069   -.196E+02   .1293E+01   .5077E-02   .2914E-05  -.5535E+01     .5069
   .4842   -.248E+02   .1394E+01   .3859E-02   .1638E-05  -.5786E+01     .4842
   .4625   -.313E+02   .1495E+01   .2930E-02   .9193E-06  -.6037E+01     .4625
   .4416   -.394E+02   .1596E+01   .2223E-02   .5155E-06  -.6288E+01     .4416
   .4217   -.498E+02   .1697E+01   .1685E-02   .2888E-06  -.6539E+01     .4217
   .4026   -.628E+02   .1798E+01   .1277E-02   .1618E-06  -.6791E+01     .4026
   .3844   -.792E+02   .1899E+01   .9669E-03   .9056E-07  -.7043E+01     .3844
   .3669   -.100E+03   .2000E+01   .7321E-03   .5068E-07  -.7295E+01     .3669
end
