 Welcome to HYDRUS-2D                                                    
 
 Program HYDRUS2
 Date:  23. 2.    Time:  13:52:18
 Time independent boundary conditions
 Vertical plane flow, V = L*L
 Units: L = m    , T = days , M = mmol 

 Time [T]             Total     Sub-region number ...

       .0000                      1
 Area    [V]          .974E+02   .974E+02
 Volume  [V]          .236E+02   .236E+02
 InFlow  [V/T]        .000E+00   .000E+00
 hMean   [L]         -.100E+01       -1.0
 ConcVol [VM/L3] 1    .000E+00   .000E+00
 cMean   [M/L3]  1    .000E+00   .000E+00

     10.0000                      1
 Area    [V]          .974E+02   .974E+02
 Volume  [V]          .261E+02   .261E+02
 InFlow  [V/T]        .247E+00   .247E+00
 hMean   [L]         -.847E+00        -.8
 ConcVol [VM/L3] 1    .250E+01   .250E+01
 cMean   [M/L3]  1    .672E-01   .672E-01
 WatBalT [V]         -.703E-04
 WatBalR [%]              .003
 CncBalT [VM/L3] 1   -.284E-02
 CncBalR [%]     1        .114

     20.0000                      1
 Area    [V]          .974E+02   .974E+02
 Volume  [V]          .285E+02   .285E+02
 InFlow  [V/T]        .230E+00   .230E+00
 hMean   [L]         -.701E+00        -.7
 ConcVol [VM/L3] 1    .250E+01   .250E+01
 cMean   [M/L3]  1    .671E-01   .671E-01
 WatBalT [V]         -.677E-04
 WatBalR [%]              .001
 CncBalT [VM/L3] 1   -.125E-02
 CncBalR [%]     1        .050

     30.0000                      1
 Area    [V]          .974E+02   .974E+02
 Volume  [V]          .306E+02   .306E+02
 InFlow  [V/T]        .204E+00   .204E+00
 hMean   [L]         -.582E+00        -.6
 ConcVol [VM/L3] 1    .247E+01   .247E+01
 cMean   [M/L3]  1    .661E-01   .661E-01
 WatBalT [V]         -.379E-03
 WatBalR [%]              .005
 CncBalT [VM/L3] 1   -.176E-02
 CncBalR [%]     1        .069

     40.0000                      1
 Area    [V]          .974E+02   .974E+02
 Volume  [V]          .326E+02   .326E+02
 InFlow  [V/T]        .205E+00   .205E+00
 hMean   [L]         -.458E+00        -.5
 ConcVol [VM/L3] 1    .240E+01   .240E+01
 cMean   [M/L3]  1    .641E-01   .641E-01
 WatBalT [V]          .885E-03
 WatBalR [%]              .008
 CncBalT [VM/L3] 1   -.273E-02
 CncBalR [%]     1        .105

     50.0000                      1
 Area    [V]          .974E+02   .974E+02
 Volume  [V]          .347E+02   .347E+02
 InFlow  [V/T]        .204E+00   .204E+00
 hMean   [L]         -.332E+00        -.3
 ConcVol [VM/L3] 1    .232E+01   .232E+01
 cMean   [M/L3]  1    .618E-01   .618E-01
 WatBalT [V]          .276E-02
 WatBalR [%]              .020
 CncBalT [VM/L3] 1   -.340E-02
 CncBalR [%]     1        .127

     60.0000                      1
 Area    [V]          .974E+02   .974E+02
 Volume  [V]          .362E+02   .362E+02
 InFlow  [V/T]        .353E-01   .353E-01
 hMean   [L]         -.245E+00        -.2
 ConcVol [VM/L3] 1    .225E+01   .225E+01
 cMean   [M/L3]  1    .598E-01   .598E-01
 WatBalT [V]          .493E-02
 WatBalR [%]              .028
 CncBalT [VM/L3] 1   -.401E-02
 CncBalR [%]     1        .146

     70.0000                      1
 Area    [V]          .974E+02   .974E+02
 Volume  [V]          .363E+02   .363E+02
 InFlow  [V/T]        .114E-01   .114E-01
 hMean   [L]         -.233E+00        -.2
 ConcVol [VM/L3] 1    .219E+01   .219E+01
 cMean   [M/L3]  1    .582E-01   .582E-01
 WatBalT [V]          .527E-02
 WatBalR [%]              .024
 CncBalT [VM/L3] 1   -.457E-02
 CncBalR [%]     1        .163

     80.0000                      1
 Area    [V]          .974E+02   .974E+02
 Volume  [V]          .364E+02   .364E+02
 InFlow  [V/T]        .676E-02   .676E-02
 hMean   [L]         -.226E+00        -.2
 ConcVol [VM/L3] 1    .213E+01   .213E+01
 cMean   [M/L3]  1    .566E-01   .566E-01
 WatBalT [V]          .522E-02
 WatBalR [%]              .019
 CncBalT [VM/L3] 1   -.495E-02
 CncBalR [%]     1        .173

     90.0000                      1
 Area    [V]          .974E+02   .974E+02
 Volume  [V]          .365E+02   .365E+02
 InFlow  [V/T]        .409E-02   .409E-02
 hMean   [L]         -.222E+00        -.2
 ConcVol [VM/L3] 1    .205E+01   .205E+01
 cMean   [M/L3]  1    .546E-01   .546E-01
 WatBalT [V]          .532E-02
 WatBalR [%]              .017
 CncBalT [VM/L3] 1   -.514E-02
 CncBalR [%]     1        .174

    100.0000                      1
 Area    [V]          .974E+02   .974E+02
 Volume  [V]          .365E+02   .365E+02
 InFlow  [V/T]        .230E-02   .230E-02
 hMean   [L]         -.219E+00        -.2
 ConcVol [VM/L3] 1    .195E+01   .195E+01
 cMean   [M/L3]  1    .520E-01   .520E-01
 WatBalT [V]          .523E-02
 WatBalR [%]              .014
 CncBalT [VM/L3] 1   -.514E-02
 CncBalR [%]     1        .169
