 Welcome to HYDRUS-2D                                                    
 
 Program HYDRUS2
 Date:  23. 2.    Time:  13:52:18
 Time independent boundary conditions
 Vertical plane flow, V = L*L
 Units: L = m    , T = days , M = mmol 

 Max. number of iterations             20
 Absolute water content tolerance [-]  .00010
 Absolute pressure head tolerance [L]  .00500



MatNum, Param. array:

   Mat     Qr     Qs        Alfa         n          Ks      l

    1     .078   .430    .360E+01    .156E+01    .250E+00   .500

       Table of Hydraulic Properties which are interpolated in simulation
       =================================================================

  theta         h        log h        C             K        log K          S
 
   .4300   -.100E-03  -.4000E+01   .8367E-02   .2438E+00  -.6131E+00    1.0000
   .4300   -.111E-03  -.3957E+01   .8849E-02   .2434E+00  -.6136E+00    1.0000
   .4300   -.122E-03  -.3913E+01   .9359E-02   .2431E+00  -.6143E+00    1.0000
   .4300   -.135E-03  -.3870E+01   .9898E-02   .2427E+00  -.6150E+00    1.0000
   .4300   -.149E-03  -.3826E+01   .1047E-01   .2423E+00  -.6157E+00    1.0000
   .4300   -.165E-03  -.3783E+01   .1107E-01   .2419E+00  -.6164E+00    1.0000
   .4300   -.182E-03  -.3739E+01   .1171E-01   .2414E+00  -.6172E+00    1.0000
   .4300   -.201E-03  -.3696E+01   .1238E-01   .2410E+00  -.6180E+00    1.0000
   .4300   -.223E-03  -.3652E+01   .1310E-01   .2405E+00  -.6189E+00    1.0000
   .4300   -.246E-03  -.3609E+01   .1385E-01   .2400E+00  -.6199E+00    1.0000
   .4300   -.272E-03  -.3566E+01   .1465E-01   .2394E+00  -.6209E+00    1.0000
   .4300   -.301E-03  -.3522E+01   .1549E-01   .2388E+00  -.6219E+00    1.0000
   .4300   -.332E-03  -.3479E+01   .1639E-01   .2382E+00  -.6230E+00    1.0000
   .4300   -.367E-03  -.3435E+01   .1733E-01   .2376E+00  -.6242E+00    1.0000
   .4300   -.406E-03  -.3392E+01   .1833E-01   .2369E+00  -.6255E+00    1.0000
   .4300   -.448E-03  -.3348E+01   .1939E-01   .2361E+00  -.6268E+00    1.0000
   .4300   -.496E-03  -.3305E+01   .2050E-01   .2354E+00  -.6282E+00    1.0000
   .4300   -.548E-03  -.3261E+01   .2168E-01   .2346E+00  -.6297E+00    1.0000
   .4300   -.605E-03  -.3218E+01   .2293E-01   .2337E+00  -.6313E+00    1.0000
   .4300   -.669E-03  -.3175E+01   .2425E-01   .2328E+00  -.6330E+00    1.0000
   .4300   -.739E-03  -.3131E+01   .2565E-01   .2319E+00  -.6347E+00    1.0000
   .4300   -.817E-03  -.3088E+01   .2713E-01   .2309E+00  -.6366E+00    1.0000
   .4300   -.903E-03  -.3044E+01   .2869E-01   .2298E+00  -.6386E+00    1.0000
   .4300   -.998E-03  -.3001E+01   .3034E-01   .2287E+00  -.6407E+00     .9999
   .4300   -.110E-02  -.2957E+01   .3209E-01   .2275E+00  -.6430E+00     .9999
   .4300   -.122E-02  -.2914E+01   .3394E-01   .2263E+00  -.6453E+00     .9999
   .4300   -.135E-02  -.2870E+01   .3589E-01   .2250E+00  -.6479E+00     .9999
   .4300   -.149E-02  -.2827E+01   .3796E-01   .2236E+00  -.6505E+00     .9999
   .4300   -.165E-02  -.2784E+01   .4014E-01   .2221E+00  -.6534E+00     .9999
   .4300   -.182E-02  -.2740E+01   .4245E-01   .2206E+00  -.6564E+00     .9999
   .4299   -.201E-02  -.2697E+01   .4489E-01   .2190E+00  -.6596E+00     .9998
   .4299   -.222E-02  -.2653E+01   .4747E-01   .2173E+00  -.6630E+00     .9998
   .4299   -.246E-02  -.2610E+01   .5020E-01   .2155E+00  -.6666E+00     .9998
   .4299   -.271E-02  -.2566E+01   .5309E-01   .2136E+00  -.6704E+00     .9997
   .4299   -.300E-02  -.2523E+01   .5614E-01   .2116E+00  -.6745E+00     .9997
   .4299   -.332E-02  -.2479E+01   .5936E-01   .2095E+00  -.6788E+00     .9996
   .4299   -.366E-02  -.2436E+01   .6277E-01   .2073E+00  -.6834E+00     .9996
   .4298   -.405E-02  -.2393E+01   .6636E-01   .2050E+00  -.6883E+00     .9995
   .4298   -.448E-02  -.2349E+01   .7017E-01   .2026E+00  -.6935E+00     .9994
   .4298   -.495E-02  -.2306E+01   .7418E-01   .2000E+00  -.6990E+00     .9993
   .4297   -.547E-02  -.2262E+01   .7842E-01   .1973E+00  -.7049E+00     .9992
   .4297   -.604E-02  -.2219E+01   .8290E-01   .1945E+00  -.7111E+00     .9991
   .4296   -.668E-02  -.2175E+01   .8762E-01   .1915E+00  -.7178E+00     .9989
   .4296   -.738E-02  -.2132E+01   .9261E-01   .1884E+00  -.7249E+00     .9988
   .4295   -.816E-02  -.2088E+01   .9787E-01   .1851E+00  -.7325E+00     .9985
   .4294   -.902E-02  -.2045E+01   .1034E+00   .1817E+00  -.7406E+00     .9983
   .4293   -.996E-02  -.2002E+01   .1093E+00   .1781E+00  -.7493E+00     .9980
   .4292   -.110E-01  -.1958E+01   .1154E+00   .1744E+00  -.7585E+00     .9977
   .4290   -.122E-01  -.1915E+01   .1219E+00   .1705E+00  -.7684E+00     .9973
   .4289   -.135E-01  -.1871E+01   .1287E+00   .1664E+00  -.7789E+00     .9968
   .4287   -.149E-01  -.1828E+01   .1358E+00   .1621E+00  -.7902E+00     .9963
   .4285   -.164E-01  -.1784E+01   .1433E+00   .1577E+00  -.8023E+00     .9957
   .4282   -.182E-01  -.1741E+01   .1511E+00   .1530E+00  -.8152E+00     .9950
   .4279   -.201E-01  -.1697E+01   .1593E+00   .1482E+00  -.8291E+00     .9941
   .4276   -.222E-01  -.1654E+01   .1679E+00   .1432E+00  -.8439E+00     .9931
   .4272   -.245E-01  -.1611E+01   .1768E+00   .1381E+00  -.8599E+00     .9920
   .4267   -.271E-01  -.1567E+01   .1860E+00   .1327E+00  -.8770E+00     .9907
   .4262   -.299E-01  -.1524E+01   .1956E+00   .1272E+00  -.8955E+00     .9891
   .4255   -.331E-01  -.1480E+01   .2054E+00   .1215E+00  -.9153E+00     .9873
   .4248   -.366E-01  -.1437E+01   .2155E+00   .1157E+00  -.9366E+00     .9852
   .4240   -.404E-01  -.1393E+01   .2258E+00   .1098E+00  -.9596E+00     .9828
   .4230   -.447E-01  -.1350E+01   .2363E+00   .1037E+00  -.9843E+00     .9800
   .4218   -.494E-01  -.1306E+01   .2468E+00   .9750E-01  -.1011E+01     .9768
   .4205   -.546E-01  -.1263E+01   .2573E+00   .9126E-01  -.1040E+01     .9731
   .4190   -.603E-01  -.1220E+01   .2676E+00   .8496E-01  -.1071E+01     .9688
   .4173   -.667E-01  -.1176E+01   .2776E+00   .7866E-01  -.1104E+01     .9639
   .4153   -.737E-01  -.1133E+01   .2872E+00   .7237E-01  -.1140E+01     .9582
   .4130   -.814E-01  -.1089E+01   .2961E+00   .6616E-01  -.1179E+01     .9518
   .4105   -.900E-01  -.1046E+01   .3041E+00   .6005E-01  -.1222E+01     .9445
   .4076   -.995E-01  -.1002E+01   .3111E+00   .5409E-01  -.1267E+01     .9362
   .4043   -.110E+00  -.9589E+00   .3168E+00   .4832E-01  -.1316E+01     .9269
   .4006   -.122E+00  -.9154E+00   .3209E+00   .4281E-01  -.1368E+01     .9164
   .3965   -.134E+00  -.8720E+00   .3233E+00   .3757E-01  -.1425E+01     .9047
   .3919   -.148E+00  -.8285E+00   .3237E+00   .3266E-01  -.1486E+01     .8917
   .3868   -.164E+00  -.7851E+00   .3220E+00   .2811E-01  -.1551E+01     .8774
   .3813   -.181E+00  -.7416E+00   .3181E+00   .2395E-01  -.1621E+01     .8617
   .3753   -.200E+00  -.6982E+00   .3118E+00   .2018E-01  -.1695E+01     .8446
   .3688   -.221E+00  -.6548E+00   .3034E+00   .1682E-01  -.1774E+01     .8262
   .3619   -.245E+00  -.6113E+00   .2928E+00   .1387E-01  -.1858E+01     .8065
   .3545   -.270E+00  -.5679E+00   .2803E+00   .1131E-01  -.1946E+01     .7855
   .3467   -.299E+00  -.5244E+00   .2661E+00   .9125E-02  -.2040E+01     .7634
   .3386   -.330E+00  -.4810E+00   .2505E+00   .7283E-02  -.2138E+01     .7403
   .3302   -.365E+00  -.4375E+00   .2340E+00   .5753E-02  -.2240E+01     .7164
   .3215   -.404E+00  -.3941E+00   .2168E+00   .4500E-02  -.2347E+01     .6918
   .3127   -.446E+00  -.3506E+00   .1994E+00   .3487E-02  -.2458E+01     .6667
   .3037   -.493E+00  -.3072E+00   .1821E+00   .2678E-02  -.2572E+01     .6413
   .2948   -.545E+00  -.2638E+00   .1651E+00   .2040E-02  -.2690E+01     .6158
   .2858   -.602E+00  -.2203E+00   .1487E+00   .1542E-02  -.2812E+01     .5903
   .2769   -.665E+00  -.1769E+00   .1332E+00   .1157E-02  -.2937E+01     .5649
   .2680   -.735E+00  -.1334E+00   .1187E+00   .8631E-03  -.3064E+01     .5399
   .2594   -.813E+00  -.8997E-01   .1053E+00   .6401E-03  -.3194E+01     .5153
   .2509   -.898E+00  -.4653E-01   .9291E-01   .4722E-03  -.3326E+01     .4913
   .2427   -.993E+00  -.3083E-02   .8169E-01   .3468E-03  -.3460E+01     .4679
   .2347   -.110E+01   .4036E-01   .7158E-01   .2537E-03  -.3596E+01     .4452
   .2270   -.121E+01   .8381E-01   .6252E-01   .1849E-03  -.3733E+01     .4233
   .2196   -.134E+01   .1273E+00   .5446E-01   .1343E-03  -.3872E+01     .4021
   .2124   -.148E+01   .1707E+00   .4733E-01   .9729E-04  -.4012E+01     .3818
   .2055   -.164E+01   .2141E+00   .4104E-01   .7031E-04  -.4153E+01     .3623
   .1989   -.181E+01   .2576E+00   .3552E-01   .5071E-04  -.4295E+01     .3436
   .1927   -.200E+01   .3010E+00   .3069E-01   .3650E-04  -.4438E+01     .3258
end

 Solute transport information
 ============================

 Galerkin finite-element method

 Artificial dispersion is added when Peclet number is higher than     2.000

 Number of species in the chain :   1

 Mat.     Bulk.D.    DispL     DispT    Fraction  ImmobileWC
   1       1.5000     .5000     .0500    1.0000     .0000

    Dif.w.      Dif.g.   -------------------------------------------------- ( 1.solute)
   .0000E+00   .0000E+00
 Mat.     KS         Nu         Beta      Henry      SinkL1     SinkS1     SinkG1     SinkL1`    SinkS1`    SinkG1`    SinkL0     SinkS0     SinkG0      Alfa
   1  .0000E+00  .0000E+00  .1000E+01  .0000E+00  .0000E+00  .0000E+00  .0000E+00  .0000E+00  .0000E+00  .0000E+00  .0000E+00  .0000E+00  .0000E+00  .0000E+00

 No adsorption or linear adsorp. isotherm for material  1

   Conc1     Conc2     Conc3     Conc4     cSink     cWell     Conc7     gAtm          d
  .100E+01  .000E+00  .000E+00  .000E+00  .000E+00  .000E+00  .000E+00  .000E+00     .0000

 tPulse =            10.000
