 Welcome to HYDRUS-2D                                                    
 
 Program HYDRUS2
 Date:  18. 2.    Time:   8:31:11
 Time independent boundary conditions
 Vertical plane flow, V = L*L
 Units: L = cm   , T = hours, M = mmol 


 Time:      1.0000

    i    n    x      z    Code     Q          v           h       th       Temp     Conc
                                 [V/T]      [L/T]        [L]     [-]        [C]    [M/L3]

    1  120     .0     .0   -6  -.736E+01   .662E+00       -9.9   .264     20.00
    2  121   22.2     .0   -6  -.147E+02   .661E+00       -9.9   .264     20.00
    3  122   44.4     .0   -6  -.145E+02   .653E+00       -9.9   .263     20.00
    4  123   66.7     .0   -6  -.145E+02   .651E+00       -9.9   .263     20.00
    5  124   88.9     .0   -6  -.144E+02   .650E+00       -9.9   .263     20.00
    6  125  111.1     .0   -6  -.147E+02   .664E+00       -9.9   .264     20.00
    7  126  133.3     .0   -6  -.147E+02   .663E+00       -9.9   .264     20.00
    8  127  155.6     .0   -6  -.147E+02   .662E+00       -9.9   .264     20.00
    9  128  177.8     .0   -6  -.147E+02   .663E+00       -9.9   .264     20.00
   10  129  200.0     .0   -6  -.148E+02   .664E+00       -9.9   .264     20.00
   11  130  222.2     .0   -6  -.147E+02   .662E+00       -9.9   .264     20.00
   12  131  244.4     .0   -6  -.147E+02   .662E+00       -9.9   .264     20.00
   13  132  266.7     .0   -6  -.147E+02   .660E+00       -9.9   .264     20.00
   14  133  288.9     .0   -6  -.147E+02   .662E+00       -9.9   .264     20.00
   15  134  311.1     .0   -6  -.147E+02   .662E+00       -9.9   .264     20.00
   16  135  333.3     .0   -6  -.147E+02   .660E+00       -9.9   .264     20.00
   17  136  355.6     .0   -6  -.147E+02   .660E+00       -9.9   .264     20.00
   18  137  377.8     .0   -6  -.146E+02   .657E+00       -9.9   .264     20.00
   19  138  400.0     .0   -6  -.737E+01   .663E+00       -9.9   .264     20.00
   20  161  400.0  400.0    1   .360E+01  -.629E+00      -10.0   .262     20.00
   21  162  388.6  400.0    1   .719E+01  -.629E+00      -10.0   .262     20.00
   22  163  377.1  400.0    1   .719E+01  -.629E+00      -10.0   .262     20.00
   23  164  365.7  400.0    1   .719E+01  -.629E+00      -10.0   .262     20.00
   24  165  354.3  400.0    1   .719E+01  -.629E+00      -10.0   .262     20.00
   25  166  342.9  400.0    1   .719E+01  -.629E+00      -10.0   .262     20.00
   26  167  331.4  400.0    1   .719E+01  -.629E+00      -10.0   .262     20.00
   27  168  320.0  400.0    1   .719E+01  -.629E+00      -10.0   .262     20.00
   28  169  308.6  400.0    1   .719E+01  -.629E+00      -10.0   .262     20.00
   29  170  297.1  400.0    1   .719E+01  -.629E+00      -10.0   .262     20.00
   30  171  285.7  400.0    1   .719E+01  -.629E+00      -10.0   .262     20.00
   31  172  274.3  400.0    1   .719E+01  -.629E+00      -10.0   .262     20.00
   32  173  262.9  400.0    1   .719E+01  -.629E+00      -10.0   .262     20.00
   33  174  251.4  400.0    1   .719E+01  -.629E+00      -10.0   .262     20.00
   34  175  240.0  400.0    1   .719E+01  -.629E+00      -10.0   .262     20.00
   35  176  228.6  400.0    1   .719E+01  -.629E+00      -10.0   .262     20.00
   36  177  217.1  400.0    1   .719E+01  -.629E+00      -10.0   .262     20.00
   37  178  205.7  400.0    1   .719E+01  -.629E+00      -10.0   .262     20.00
   38  179  194.3  400.0    1   .719E+01  -.629E+00      -10.0   .262     20.00
   39  180  182.9  400.0    1   .719E+01  -.629E+00      -10.0   .262     20.00
   40  181  171.4  400.0    1   .719E+01  -.629E+00      -10.0   .262     20.00
   41  182  160.0  400.0    1   .719E+01  -.629E+00      -10.0   .262     20.00
   42  183  148.6  400.0    1   .719E+01  -.629E+00      -10.0   .262     20.00
   43  184  137.1  400.0    1   .719E+01  -.629E+00      -10.0   .262     20.00
   44  185  125.7  400.0    1   .719E+01  -.629E+00      -10.0   .262     20.00
   45  186  114.3  400.0    1   .719E+01  -.629E+00      -10.0   .262     20.00
   46  187  102.9  400.0    1   .719E+01  -.629E+00      -10.0   .262     20.00
   47  188   91.4  400.0    1   .719E+01  -.629E+00      -10.0   .262     20.00
   48  189   80.0  400.0    1   .719E+01  -.629E+00      -10.0   .262     20.00
   49  190   68.6  400.0    1   .719E+01  -.629E+00      -10.0   .262     20.00
   50  191   57.1  400.0    1   .719E+01  -.629E+00      -10.0   .262     20.00
   51  192   45.7  400.0    1   .719E+01  -.629E+00      -10.0   .262     20.00
   52  193   34.3  400.0    1   .719E+01  -.629E+00      -10.0   .262     20.00
   53  194   22.9  400.0    1   .719E+01  -.629E+00      -10.0   .262     20.00
   54  195   11.4  400.0    1   .719E+01  -.629E+00      -10.0   .262     20.00
   55  196     .0  400.0    1   .360E+01  -.629E+00      -10.0   .262     20.00


 Time:      2.0000

    i    n    x      z    Code     Q          v           h       th       Temp     Conc
                                 [V/T]      [L/T]        [L]     [-]        [C]    [M/L3]

    1  120     .0     .0   -6  -.703E+01   .632E+00      -10.0   .262     20.00
    2  121   22.2     .0   -6  -.140E+02   .631E+00      -10.0   .262     20.00
    3  122   44.4     .0   -6  -.139E+02   .625E+00      -10.0   .262     20.00
    4  123   66.7     .0   -6  -.138E+02   .623E+00      -10.0   .262     20.00
    5  124   88.9     .0   -6  -.139E+02   .624E+00      -10.0   .262     20.00
    6  125  111.1     .0   -6  -.140E+02   .632E+00      -10.0   .262     20.00
    7  126  133.3     .0   -6  -.140E+02   .631E+00      -10.0   .262     20.00
    8  127  155.6     .0   -6  -.140E+02   .630E+00      -10.0   .262     20.00
    9  128  177.8     .0   -6  -.140E+02   .631E+00      -10.0   .262     20.00
   10  129  200.0     .0   -6  -.141E+02   .633E+00      -10.0   .262     20.00
   11  130  222.2     .0   -6  -.140E+02   .628E+00      -10.0   .262     20.00
   12  131  244.4     .0   -6  -.139E+02   .627E+00      -10.0   .262     20.00
   13  132  266.7     .0   -6  -.139E+02   .627E+00      -10.0   .262     20.00
   14  133  288.9     .0   -6  -.140E+02   .632E+00      -10.0   .262     20.00
   15  134  311.1     .0   -6  -.140E+02   .628E+00      -10.0   .262     20.00
   16  135  333.3     .0   -6  -.139E+02   .627E+00      -10.0   .262     20.00
   17  136  355.6     .0   -6  -.140E+02   .629E+00      -10.0   .262     20.00
   18  137  377.8     .0   -6  -.139E+02   .626E+00      -10.0   .262     20.00
   19  138  400.0     .0   -6  -.704E+01   .634E+00      -10.0   .262     20.00
   20  161  400.0  400.0    1   .360E+01  -.629E+00      -10.0   .262     20.00
   21  162  388.6  400.0    1   .719E+01  -.629E+00      -10.0   .262     20.00
   22  163  377.1  400.0    1   .719E+01  -.629E+00      -10.0   .262     20.00
   23  164  365.7  400.0    1   .719E+01  -.629E+00      -10.0   .262     20.00
   24  165  354.3  400.0    1   .719E+01  -.629E+00      -10.0   .262     20.00
   25  166  342.9  400.0    1   .719E+01  -.629E+00      -10.0   .262     20.00
   26  167  331.4  400.0    1   .719E+01  -.629E+00      -10.0   .262     20.00
   27  168  320.0  400.0    1   .719E+01  -.629E+00      -10.0   .262     20.00
   28  169  308.6  400.0    1   .719E+01  -.629E+00      -10.0   .262     20.00
   29  170  297.1  400.0    1   .719E+01  -.629E+00      -10.0   .262     20.00
   30  171  285.7  400.0    1   .719E+01  -.629E+00      -10.0   .262     20.00
   31  172  274.3  400.0    1   .719E+01  -.629E+00      -10.0   .262     20.00
   32  173  262.9  400.0    1   .719E+01  -.629E+00      -10.0   .262     20.00
   33  174  251.4  400.0    1   .719E+01  -.629E+00      -10.0   .262     20.00
   34  175  240.0  400.0    1   .719E+01  -.629E+00      -10.0   .262     20.00
   35  176  228.6  400.0    1   .719E+01  -.629E+00      -10.0   .262     20.00
   36  177  217.1  400.0    1   .719E+01  -.629E+00      -10.0   .262     20.00
   37  178  205.7  400.0    1   .719E+01  -.629E+00      -10.0   .262     20.00
   38  179  194.3  400.0    1   .719E+01  -.629E+00      -10.0   .262     20.00
   39  180  182.9  400.0    1   .719E+01  -.629E+00      -10.0   .262     20.00
   40  181  171.4  400.0    1   .719E+01  -.629E+00      -10.0   .262     20.00
   41  182  160.0  400.0    1   .719E+01  -.629E+00      -10.0   .262     20.00
   42  183  148.6  400.0    1   .719E+01  -.629E+00      -10.0   .262     20.00
   43  184  137.1  400.0    1   .719E+01  -.629E+00      -10.0   .262     20.00
   44  185  125.7  400.0    1   .719E+01  -.629E+00      -10.0   .262     20.00
   45  186  114.3  400.0    1   .719E+01  -.629E+00      -10.0   .262     20.00
   46  187  102.9  400.0    1   .719E+01  -.629E+00      -10.0   .262     20.00
   47  188   91.4  400.0    1   .719E+01  -.629E+00      -10.0   .262     20.00
   48  189   80.0  400.0    1   .719E+01  -.629E+00      -10.0   .262     20.00
   49  190   68.6  400.0    1   .719E+01  -.629E+00      -10.0   .262     20.00
   50  191   57.1  400.0    1   .719E+01  -.629E+00      -10.0   .262     20.00
   51  192   45.7  400.0    1   .719E+01  -.629E+00      -10.0   .262     20.00
   52  193   34.3  400.0    1   .719E+01  -.629E+00      -10.0   .262     20.00
   53  194   22.9  400.0    1   .719E+01  -.629E+00      -10.0   .262     20.00
   54  195   11.4  400.0    1   .719E+01  -.629E+00      -10.0   .262     20.00
   55  196     .0  400.0    1   .360E+01  -.629E+00      -10.0   .262     20.00


 Time:      4.0000

    i    n    x      z    Code     Q          v           h       th       Temp     Conc
                                 [V/T]      [L/T]        [L]     [-]        [C]    [M/L3]

    1  120     .0     .0   -6  -.696E+01   .627E+00      -10.0   .262     20.00
    2  121   22.2     .0   -6  -.139E+02   .627E+00      -10.0   .262     20.00
    3  122   44.4     .0   -6  -.139E+02   .628E+00      -10.0   .262     20.00
    4  123   66.7     .0   -6  -.140E+02   .629E+00      -10.0   .262     20.00
    5  124   88.9     .0   -6  -.140E+02   .628E+00      -10.0   .262     20.00
    6  125  111.1     .0   -6  -.139E+02   .626E+00      -10.0   .262     20.00
    7  126  133.3     .0   -6  -.139E+02   .626E+00      -10.0   .262     20.00
    8  127  155.6     .0   -6  -.139E+02   .626E+00      -10.0   .262     20.00
    9  128  177.8     .0   -6  -.139E+02   .626E+00      -10.0   .262     20.00
   10  129  200.0     .0   -6  -.139E+02   .626E+00      -10.0   .262     20.00
   11  130  222.2     .0   -6  -.139E+02   .626E+00      -10.0   .262     20.00
   12  131  244.4     .0   -6  -.139E+02   .626E+00      -10.0   .262     20.00
   13  132  266.7     .0   -6  -.139E+02   .626E+00      -10.0   .262     20.00
   14  133  288.9     .0   -6  -.139E+02   .627E+00      -10.0   .262     20.00
   15  134  311.1     .0   -6  -.139E+02   .626E+00      -10.0   .262     20.00
   16  135  333.3     .0   -6  -.139E+02   .627E+00      -10.0   .262     20.00
   17  136  355.6     .0   -6  -.139E+02   .627E+00      -10.0   .262     20.00
   18  137  377.8     .0   -6  -.139E+02   .627E+00      -10.0   .262     20.00
   19  138  400.0     .0   -6  -.697E+01   .627E+00      -10.0   .262     20.00
   20  161  400.0  400.0    1   .360E+01  -.629E+00      -10.0   .262     20.00
   21  162  388.6  400.0    1   .719E+01  -.629E+00      -10.0   .262     20.00
   22  163  377.1  400.0    1   .719E+01  -.629E+00      -10.0   .262     20.00
   23  164  365.7  400.0    1   .719E+01  -.629E+00      -10.0   .262     20.00
   24  165  354.3  400.0    1   .719E+01  -.629E+00      -10.0   .262     20.00
   25  166  342.9  400.0    1   .719E+01  -.629E+00      -10.0   .262     20.00
   26  167  331.4  400.0    1   .719E+01  -.629E+00      -10.0   .262     20.00
   27  168  320.0  400.0    1   .719E+01  -.629E+00      -10.0   .262     20.00
   28  169  308.6  400.0    1   .719E+01  -.629E+00      -10.0   .262     20.00
   29  170  297.1  400.0    1   .719E+01  -.629E+00      -10.0   .262     20.00
   30  171  285.7  400.0    1   .719E+01  -.629E+00      -10.0   .262     20.00
   31  172  274.3  400.0    1   .719E+01  -.629E+00      -10.0   .262     20.00
   32  173  262.9  400.0    1   .719E+01  -.629E+00      -10.0   .262     20.00
   33  174  251.4  400.0    1   .719E+01  -.629E+00      -10.0   .262     20.00
   34  175  240.0  400.0    1   .719E+01  -.629E+00      -10.0   .262     20.00
   35  176  228.6  400.0    1   .719E+01  -.629E+00      -10.0   .262     20.00
   36  177  217.1  400.0    1   .719E+01  -.629E+00      -10.0   .262     20.00
   37  178  205.7  400.0    1   .719E+01  -.629E+00      -10.0   .262     20.00
   38  179  194.3  400.0    1   .719E+01  -.629E+00      -10.0   .262     20.00
   39  180  182.9  400.0    1   .719E+01  -.629E+00      -10.0   .262     20.00
   40  181  171.4  400.0    1   .719E+01  -.629E+00      -10.0   .262     20.00
   41  182  160.0  400.0    1   .719E+01  -.629E+00      -10.0   .262     20.00
   42  183  148.6  400.0    1   .719E+01  -.629E+00      -10.0   .262     20.00
   43  184  137.1  400.0    1   .719E+01  -.629E+00      -10.0   .262     20.00
   44  185  125.7  400.0    1   .719E+01  -.629E+00      -10.0   .262     20.00
   45  186  114.3  400.0    1   .719E+01  -.629E+00      -10.0   .262     20.00
   46  187  102.9  400.0    1   .719E+01  -.629E+00      -10.0   .262     20.00
   47  188   91.4  400.0    1   .719E+01  -.629E+00      -10.0   .262     20.00
   48  189   80.0  400.0    1   .719E+01  -.629E+00      -10.0   .262     20.00
   49  190   68.6  400.0    1   .719E+01  -.629E+00      -10.0   .262     20.00
   50  191   57.1  400.0    1   .719E+01  -.629E+00      -10.0   .262     20.00
   51  192   45.7  400.0    1   .719E+01  -.629E+00      -10.0   .262     20.00
   52  193   34.3  400.0    1   .719E+01  -.629E+00      -10.0   .262     20.00
   53  194   22.9  400.0    1   .719E+01  -.629E+00      -10.0   .262     20.00
   54  195   11.4  400.0    1   .719E+01  -.629E+00      -10.0   .262     20.00
   55  196     .0  400.0    1   .360E+01  -.629E+00      -10.0   .262     20.00


 Time:      8.0000

    i    n    x      z    Code     Q          v           h       th       Temp     Conc
                                 [V/T]      [L/T]        [L]     [-]        [C]    [M/L3]

    1  120     .0     .0   -6  -.700E+01   .630E+00      -10.0   .262     20.00
    2  121   22.2     .0   -6  -.140E+02   .630E+00      -10.0   .262     20.00
    3  122   44.4     .0   -6  -.140E+02   .629E+00      -10.0   .262     20.00
    4  123   66.7     .0   -6  -.140E+02   .629E+00      -10.0   .262     20.00
    5  124   88.9     .0   -6  -.140E+02   .629E+00      -10.0   .262     20.00
    6  125  111.1     .0   -6  -.139E+02   .628E+00      -10.0   .262     20.00
    7  126  133.3     .0   -6  -.139E+02   .627E+00      -10.0   .262     20.00
    8  127  155.6     .0   -6  -.139E+02   .627E+00      -10.0   .262     20.00
    9  128  177.8     .0   -6  -.139E+02   .627E+00      -10.0   .262     20.00
   10  129  200.0     .0   -6  -.139E+02   .627E+00      -10.0   .262     20.00
   11  130  222.2     .0   -6  -.139E+02   .627E+00      -10.0   .262     20.00
   12  131  244.4     .0   -6  -.139E+02   .627E+00      -10.0   .262     20.00
   13  132  266.7     .0   -6  -.139E+02   .627E+00      -10.0   .262     20.00
   14  133  288.9     .0   -6  -.139E+02   .628E+00      -10.0   .262     20.00
   15  134  311.1     .0   -6  -.140E+02   .629E+00      -10.0   .262     20.00
   16  135  333.3     .0   -6  -.140E+02   .629E+00      -10.0   .262     20.00
   17  136  355.6     .0   -6  -.140E+02   .629E+00      -10.0   .262     20.00
   18  137  377.8     .0   -6  -.140E+02   .630E+00      -10.0   .262     20.00
   19  138  400.0     .0   -6  -.699E+01   .630E+00      -10.0   .262     20.00
   20  161  400.0  400.0    1   .360E+01  -.629E+00      -10.0   .262     20.00
   21  162  388.6  400.0    1   .719E+01  -.629E+00      -10.0   .262     20.00
   22  163  377.1  400.0    1   .719E+01  -.629E+00      -10.0   .262     20.00
   23  164  365.7  400.0    1   .719E+01  -.629E+00      -10.0   .262     20.00
   24  165  354.3  400.0    1   .719E+01  -.629E+00      -10.0   .262     20.00
   25  166  342.9  400.0    1   .719E+01  -.629E+00      -10.0   .262     20.00
   26  167  331.4  400.0    1   .719E+01  -.629E+00      -10.0   .262     20.00
   27  168  320.0  400.0    1   .719E+01  -.629E+00      -10.0   .262     20.00
   28  169  308.6  400.0    1   .719E+01  -.629E+00      -10.0   .262     20.00
   29  170  297.1  400.0    1   .719E+01  -.629E+00      -10.0   .262     20.00
   30  171  285.7  400.0    1   .719E+01  -.629E+00      -10.0   .262     20.00
   31  172  274.3  400.0    1   .719E+01  -.629E+00      -10.0   .262     20.00
   32  173  262.9  400.0    1   .719E+01  -.629E+00      -10.0   .262     20.00
   33  174  251.4  400.0    1   .719E+01  -.629E+00      -10.0   .262     20.00
   34  175  240.0  400.0    1   .719E+01  -.629E+00      -10.0   .262     20.00
   35  176  228.6  400.0    1   .719E+01  -.629E+00      -10.0   .262     20.00
   36  177  217.1  400.0    1   .719E+01  -.629E+00      -10.0   .262     20.00
   37  178  205.7  400.0    1   .719E+01  -.629E+00      -10.0   .262     20.00
   38  179  194.3  400.0    1   .719E+01  -.629E+00      -10.0   .262     20.00
   39  180  182.9  400.0    1   .719E+01  -.629E+00      -10.0   .262     20.00
   40  181  171.4  400.0    1   .719E+01  -.629E+00      -10.0   .262     20.00
   41  182  160.0  400.0    1   .719E+01  -.629E+00      -10.0   .262     20.00
   42  183  148.6  400.0    1   .719E+01  -.629E+00      -10.0   .262     20.00
   43  184  137.1  400.0    1   .719E+01  -.629E+00      -10.0   .262     20.00
   44  185  125.7  400.0    1   .719E+01  -.629E+00      -10.0   .262     20.00
   45  186  114.3  400.0    1   .719E+01  -.629E+00      -10.0   .262     20.00
   46  187  102.9  400.0    1   .719E+01  -.629E+00      -10.0   .262     20.00
   47  188   91.4  400.0    1   .719E+01  -.629E+00      -10.0   .262     20.00
   48  189   80.0  400.0    1   .719E+01  -.629E+00      -10.0   .262     20.00
   49  190   68.6  400.0    1   .719E+01  -.629E+00      -10.0   .262     20.00
   50  191   57.1  400.0    1   .719E+01  -.629E+00      -10.0   .262     20.00
   51  192   45.7  400.0    1   .719E+01  -.629E+00      -10.0   .262     20.00
   52  193   34.3  400.0    1   .719E+01  -.629E+00      -10.0   .262     20.00
   53  194   22.9  400.0    1   .719E+01  -.629E+00      -10.0   .262     20.00
   54  195   11.4  400.0    1   .719E+01  -.629E+00      -10.0   .262     20.00
   55  196     .0  400.0    1   .360E+01  -.629E+00      -10.0   .262     20.00


 Time:     12.0000

    i    n    x      z    Code     Q          v           h       th       Temp     Conc
                                 [V/T]      [L/T]        [L]     [-]        [C]    [M/L3]

    1  120     .0     .0   -6  -.701E+01   .631E+00      -10.0   .262     20.00
    2  121   22.2     .0   -6  -.141E+02   .633E+00      -10.0   .263     20.00
    3  122   44.4     .0   -6  -.142E+02   .638E+00      -10.0   .263     20.00
    4  123   66.7     .0   -6  -.142E+02   .639E+00       -9.9   .263     20.00
    5  124   88.9     .0   -6  -.140E+02   .631E+00      -10.0   .263     20.00
    6  125  111.1     .0   -6  -.136E+02   .612E+00      -10.1   .261     20.00
    7  126  133.3     .0   -6  -.131E+02   .591E+00      -10.2   .259     20.00
    8  127  155.6     .0   -6  -.129E+02   .581E+00      -10.2   .259     20.00
    9  128  177.8     .0   -6  -.128E+02   .578E+00      -10.2   .258     20.00
   10  129  200.0     .0   -6  -.128E+02   .577E+00      -10.2   .258     20.00
   11  130  222.2     .0   -6  -.128E+02   .578E+00      -10.2   .258     20.00
   12  131  244.4     .0   -6  -.129E+02   .581E+00      -10.2   .259     20.00
   13  132  266.7     .0   -6  -.131E+02   .592E+00      -10.2   .259     20.00
   14  133  288.9     .0   -6  -.136E+02   .613E+00      -10.1   .261     20.00
   15  134  311.1     .0   -6  -.141E+02   .635E+00      -10.0   .263     20.00
   16  135  333.3     .0   -6  -.143E+02   .643E+00       -9.9   .263     20.00
   17  136  355.6     .0   -6  -.142E+02   .639E+00       -9.9   .263     20.00
   18  137  377.8     .0   -6  -.141E+02   .633E+00      -10.0   .263     20.00
   19  138  400.0     .0   -6  -.701E+01   .631E+00      -10.0   .262     20.00
   20  161  400.0  400.0    1   .360E+01  -.629E+00      -10.0   .262     20.00
   21  162  388.6  400.0    1   .719E+01  -.629E+00      -10.0   .262     20.00
   22  163  377.1  400.0    1   .719E+01  -.629E+00      -10.0   .262     20.00
   23  164  365.7  400.0    1   .719E+01  -.629E+00      -10.0   .262     20.00
   24  165  354.3  400.0    1   .719E+01  -.629E+00      -10.0   .262     20.00
   25  166  342.9  400.0    1   .719E+01  -.629E+00      -10.0   .262     20.00
   26  167  331.4  400.0    1   .719E+01  -.629E+00      -10.0   .262     20.00
   27  168  320.0  400.0    1   .719E+01  -.629E+00      -10.0   .262     20.00
   28  169  308.6  400.0    1   .719E+01  -.629E+00      -10.0   .262     20.00
   29  170  297.1  400.0    1   .719E+01  -.629E+00      -10.0   .262     20.00
   30  171  285.7  400.0    1   .719E+01  -.629E+00      -10.0   .262     20.00
   31  172  274.3  400.0    1   .719E+01  -.629E+00      -10.0   .262     20.00
   32  173  262.9  400.0    1   .719E+01  -.629E+00      -10.0   .262     20.00
   33  174  251.4  400.0    1   .719E+01  -.629E+00      -10.0   .262     20.00
   34  175  240.0  400.0    1   .719E+01  -.629E+00      -10.0   .262     20.00
   35  176  228.6  400.0    1   .719E+01  -.629E+00      -10.0   .262     20.00
   36  177  217.1  400.0    1   .719E+01  -.629E+00      -10.0   .262     20.00
   37  178  205.7  400.0    1   .719E+01  -.629E+00      -10.0   .262     20.00
   38  179  194.3  400.0    1   .719E+01  -.629E+00      -10.0   .262     20.00
   39  180  182.9  400.0    1   .719E+01  -.629E+00      -10.0   .262     20.00
   40  181  171.4  400.0    1   .719E+01  -.629E+00      -10.0   .262     20.00
   41  182  160.0  400.0    1   .719E+01  -.629E+00      -10.0   .262     20.00
   42  183  148.6  400.0    1   .719E+01  -.629E+00      -10.0   .262     20.00
   43  184  137.1  400.0    1   .719E+01  -.629E+00      -10.0   .262     20.00
   44  185  125.7  400.0    1   .719E+01  -.629E+00      -10.0   .262     20.00
   45  186  114.3  400.0    1   .719E+01  -.629E+00      -10.0   .262     20.00
   46  187  102.9  400.0    1   .719E+01  -.629E+00      -10.0   .262     20.00
   47  188   91.4  400.0    1   .719E+01  -.629E+00      -10.0   .262     20.00
   48  189   80.0  400.0    1   .719E+01  -.629E+00      -10.0   .262     20.00
   49  190   68.6  400.0    1   .719E+01  -.629E+00      -10.0   .262     20.00
   50  191   57.1  400.0    1   .719E+01  -.629E+00      -10.0   .262     20.00
   51  192   45.7  400.0    1   .719E+01  -.629E+00      -10.0   .262     20.00
   52  193   34.3  400.0    1   .719E+01  -.629E+00      -10.0   .262     20.00
   53  194   22.9  400.0    1   .719E+01  -.629E+00      -10.0   .262     20.00
   54  195   11.4  400.0    1   .719E+01  -.629E+00      -10.0   .262     20.00
   55  196     .0  400.0    1   .360E+01  -.629E+00      -10.0   .262     20.00


 Time:     20.0000

    i    n    x      z    Code     Q          v           h       th       Temp     Conc
                                 [V/T]      [L/T]        [L]     [-]        [C]    [M/L3]

    1  120     .0     .0   -6  -.739E+01   .665E+00       -9.9   .265     20.00
    2  121   22.2     .0   -6  -.158E+02   .709E+00       -9.7   .268     20.00
    3  122   44.4     .0   -6  -.189E+02   .850E+00       -9.1   .277     20.00
    4  123   66.7     .0   -6  -.231E+02   .104E+01       -8.6   .286     20.00
    5  124   88.9     .0   -6  -.244E+02   .110E+01       -8.5   .289     20.00
    6  125  111.1     .0   -6  -.203E+02   .915E+00       -8.9   .280     20.00
    7  126  133.3     .0   -6  -.141E+02   .636E+00      -10.0   .263     20.00
    8  127  155.6     .0   -6  -.105E+02   .472E+00      -10.8   .249     20.00
    9  128  177.8     .0   -6  -.930E+01   .419E+00      -11.2   .244     20.00
   10  129  200.0     .0   -6  -.908E+01   .408E+00      -11.3   .243     20.00
   11  130  222.2     .0   -6  -.933E+01   .420E+00      -11.2   .244     20.00
   12  131  244.4     .0   -6  -.106E+02   .477E+00      -10.8   .250     20.00
   13  132  266.7     .0   -6  -.144E+02   .646E+00       -9.9   .263     20.00
   14  133  288.9     .0   -6  -.206E+02   .928E+00       -8.9   .281     20.00
   15  134  311.1     .0   -6  -.247E+02   .111E+01       -8.4   .290     20.00
   16  135  333.3     .0   -6  -.234E+02   .105E+01       -8.6   .287     20.00
   17  136  355.6     .0   -6  -.189E+02   .852E+00       -9.1   .277     20.00
   18  137  377.8     .0   -6  -.158E+02   .711E+00       -9.7   .268     20.00
   19  138  400.0     .0   -6  -.740E+01   .666E+00       -9.8   .265     20.00
   20  161  400.0  400.0    1   .360E+01  -.629E+00      -10.0   .262     20.00
   21  162  388.6  400.0    1   .719E+01  -.629E+00      -10.0   .262     20.00
   22  163  377.1  400.0    1   .719E+01  -.629E+00      -10.0   .262     20.00
   23  164  365.7  400.0    1   .719E+01  -.629E+00      -10.0   .262     20.00
   24  165  354.3  400.0    1   .719E+01  -.629E+00      -10.0   .262     20.00
   25  166  342.9  400.0    1   .719E+01  -.629E+00      -10.0   .262     20.00
   26  167  331.4  400.0    1   .719E+01  -.629E+00      -10.0   .262     20.00
   27  168  320.0  400.0    1   .719E+01  -.629E+00      -10.0   .262     20.00
   28  169  308.6  400.0    1   .719E+01  -.629E+00      -10.0   .262     20.00
   29  170  297.1  400.0    1   .719E+01  -.629E+00      -10.0   .262     20.00
   30  171  285.7  400.0    1   .719E+01  -.629E+00      -10.0   .262     20.00
   31  172  274.3  400.0    1   .719E+01  -.629E+00      -10.0   .262     20.00
   32  173  262.9  400.0    1   .719E+01  -.629E+00      -10.0   .262     20.00
   33  174  251.4  400.0    1   .719E+01  -.629E+00      -10.0   .262     20.00
   34  175  240.0  400.0    1   .719E+01  -.629E+00      -10.0   .262     20.00
   35  176  228.6  400.0    1   .719E+01  -.629E+00      -10.0   .262     20.00
   36  177  217.1  400.0    1   .719E+01  -.629E+00      -10.0   .262     20.00
   37  178  205.7  400.0    1   .719E+01  -.629E+00      -10.0   .262     20.00
   38  179  194.3  400.0    1   .719E+01  -.629E+00      -10.0   .262     20.00
   39  180  182.9  400.0    1   .719E+01  -.629E+00      -10.0   .262     20.00
   40  181  171.4  400.0    1   .719E+01  -.629E+00      -10.0   .262     20.00
   41  182  160.0  400.0    1   .719E+01  -.629E+00      -10.0   .262     20.00
   42  183  148.6  400.0    1   .719E+01  -.629E+00      -10.0   .262     20.00
   43  184  137.1  400.0    1   .719E+01  -.629E+00      -10.0   .262     20.00
   44  185  125.7  400.0    1   .719E+01  -.629E+00      -10.0   .262     20.00
   45  186  114.3  400.0    1   .719E+01  -.629E+00      -10.0   .262     20.00
   46  187  102.9  400.0    1   .719E+01  -.629E+00      -10.0   .262     20.00
   47  188   91.4  400.0    1   .719E+01  -.629E+00      -10.0   .262     20.00
   48  189   80.0  400.0    1   .719E+01  -.629E+00      -10.0   .262     20.00
   49  190   68.6  400.0    1   .719E+01  -.629E+00      -10.0   .262     20.00
   50  191   57.1  400.0    1   .719E+01  -.629E+00      -10.0   .262     20.00
   51  192   45.7  400.0    1   .719E+01  -.629E+00      -10.0   .262     20.00
   52  193   34.3  400.0    1   .719E+01  -.629E+00      -10.0   .262     20.00
   53  194   22.9  400.0    1   .719E+01  -.629E+00      -10.0   .262     20.00
   54  195   11.4  400.0    1   .719E+01  -.629E+00      -10.0   .262     20.00
   55  196     .0  400.0    1   .360E+01  -.629E+00      -10.0   .262     20.00


 Time:     30.0000

    i    n    x      z    Code     Q          v           h       th       Temp     Conc
                                 [V/T]      [L/T]        [L]     [-]        [C]    [M/L3]

    1  120     .0     .0   -6  -.744E+01   .669E+00       -9.8   .265     20.00
    2  121   22.2     .0   -6  -.159E+02   .716E+00       -9.6   .268     20.00
    3  122   44.4     .0   -6  -.191E+02   .858E+00       -9.1   .277     20.00
    4  123   66.7     .0   -6  -.232E+02   .104E+01       -8.6   .286     20.00
    5  124   88.9     .0   -6  -.242E+02   .109E+01       -8.5   .289     20.00
    6  125  111.1     .0   -6  -.197E+02   .888E+00       -9.0   .279     20.00
    7  126  133.3     .0   -6  -.126E+02   .569E+00      -10.3   .258     20.00
    8  127  155.6     .0   -6  -.796E+01   .358E+00      -11.6   .238     20.00
    9  128  177.8     .0   -6  -.631E+01   .284E+00      -12.4   .228     20.00
   10  129  200.0     .0   -6  -.596E+01   .268E+00      -12.6   .225     20.00
   11  130  222.2     .0   -6  -.633E+01   .285E+00      -12.4   .228     20.00
   12  131  244.4     .0   -6  -.805E+01   .362E+00      -11.6   .238     20.00
   13  132  266.7     .0   -6  -.128E+02   .577E+00      -10.2   .258     20.00
   14  133  288.9     .0   -6  -.200E+02   .899E+00       -9.0   .279     20.00
   15  134  311.1     .0   -6  -.245E+02   .110E+01       -8.4   .289     20.00
   16  135  333.3     .0   -6  -.234E+02   .105E+01       -8.6   .287     20.00
   17  136  355.6     .0   -6  -.191E+02   .859E+00       -9.1   .277     20.00
   18  137  377.8     .0   -6  -.159E+02   .717E+00       -9.6   .268     20.00
   19  138  400.0     .0   -6  -.744E+01   .670E+00       -9.8   .265     20.00
   20  161  400.0  400.0    1   .360E+01  -.629E+00      -10.0   .262     20.00
   21  162  388.6  400.0    1   .719E+01  -.629E+00      -10.0   .262     20.00
   22  163  377.1  400.0    1   .719E+01  -.629E+00      -10.0   .262     20.00
   23  164  365.7  400.0    1   .719E+01  -.629E+00      -10.0   .262     20.00
   24  165  354.3  400.0    1   .719E+01  -.629E+00      -10.0   .262     20.00
   25  166  342.9  400.0    1   .719E+01  -.629E+00      -10.0   .262     20.00
   26  167  331.4  400.0    1   .719E+01  -.629E+00      -10.0   .262     20.00
   27  168  320.0  400.0    1   .719E+01  -.629E+00      -10.0   .262     20.00
   28  169  308.6  400.0    1   .719E+01  -.629E+00      -10.0   .262     20.00
   29  170  297.1  400.0    1   .719E+01  -.629E+00      -10.0   .262     20.00
   30  171  285.7  400.0    1   .719E+01  -.629E+00      -10.0   .262     20.00
   31  172  274.3  400.0    1   .719E+01  -.629E+00      -10.0   .262     20.00
   32  173  262.9  400.0    1   .719E+01  -.629E+00      -10.0   .262     20.00
   33  174  251.4  400.0    1   .719E+01  -.629E+00      -10.0   .262     20.00
   34  175  240.0  400.0    1   .719E+01  -.629E+00      -10.0   .262     20.00
   35  176  228.6  400.0    1   .719E+01  -.629E+00      -10.0   .262     20.00
   36  177  217.1  400.0    1   .719E+01  -.629E+00      -10.0   .262     20.00
   37  178  205.7  400.0    1   .719E+01  -.629E+00      -10.0   .262     20.00
   38  179  194.3  400.0    1   .719E+01  -.629E+00      -10.0   .262     20.00
   39  180  182.9  400.0    1   .719E+01  -.629E+00      -10.0   .262     20.00
   40  181  171.4  400.0    1   .719E+01  -.629E+00      -10.0   .262     20.00
   41  182  160.0  400.0    1   .719E+01  -.629E+00      -10.0   .262     20.00
   42  183  148.6  400.0    1   .719E+01  -.629E+00      -10.0   .262     20.00
   43  184  137.1  400.0    1   .719E+01  -.629E+00      -10.0   .262     20.00
   44  185  125.7  400.0    1   .719E+01  -.629E+00      -10.0   .262     20.00
   45  186  114.3  400.0    1   .719E+01  -.629E+00      -10.0   .262     20.00
   46  187  102.9  400.0    1   .719E+01  -.629E+00      -10.0   .262     20.00
   47  188   91.4  400.0    1   .719E+01  -.629E+00      -10.0   .262     20.00
   48  189   80.0  400.0    1   .719E+01  -.629E+00      -10.0   .262     20.00
   49  190   68.6  400.0    1   .719E+01  -.629E+00      -10.0   .262     20.00
   50  191   57.1  400.0    1   .719E+01  -.629E+00      -10.0   .262     20.00
   51  192   45.7  400.0    1   .719E+01  -.629E+00      -10.0   .262     20.00
   52  193   34.3  400.0    1   .719E+01  -.629E+00      -10.0   .262     20.00
   53  194   22.9  400.0    1   .719E+01  -.629E+00      -10.0   .262     20.00
   54  195   11.4  400.0    1   .719E+01  -.629E+00      -10.0   .262     20.00
   55  196     .0  400.0    1   .360E+01  -.629E+00      -10.0   .262     20.00


 Time:     40.0000

    i    n    x      z    Code     Q          v           h       th       Temp     Conc
                                 [V/T]      [L/T]        [L]     [-]        [C]    [M/L3]

    1  120     .0     .0   -6  -.744E+01   .669E+00       -9.8   .265     20.00
    2  121   22.2     .0   -6  -.159E+02   .716E+00       -9.6   .268     20.00
    3  122   44.4     .0   -6  -.191E+02   .857E+00       -9.1   .277     20.00
    4  123   66.7     .0   -6  -.232E+02   .104E+01       -8.6   .286     20.00
    5  124   88.9     .0   -6  -.241E+02   .108E+01       -8.5   .288     20.00
    6  125  111.1     .0   -6  -.193E+02   .871E+00       -9.1   .278     20.00
    7  126  133.3     .0   -6  -.118E+02   .530E+00      -10.4   .255     20.00
    8  127  155.6     .0   -6  -.664E+01   .299E+00      -12.2   .230     20.00
    9  128  177.8     .0   -6  -.457E+01   .206E+00      -13.3   .216     20.00
   10  129  200.0     .0   -6  -.426E+01   .192E+00      -13.6   .213     20.00
   11  130  222.2     .0   -6  -.460E+01   .207E+00      -13.3   .217     20.00
   12  131  244.4     .0   -6  -.671E+01   .302E+00      -12.2   .231     20.00
   13  132  266.7     .0   -6  -.120E+02   .538E+00      -10.4   .256     20.00
   14  133  288.9     .0   -6  -.196E+02   .883E+00       -9.0   .279     20.00
   15  134  311.1     .0   -6  -.244E+02   .110E+01       -8.5   .289     20.00
   16  135  333.3     .0   -6  -.234E+02   .105E+01       -8.6   .287     20.00
   17  136  355.6     .0   -6  -.191E+02   .858E+00       -9.1   .277     20.00
   18  137  377.8     .0   -6  -.159E+02   .717E+00       -9.6   .268     20.00
   19  138  400.0     .0   -6  -.744E+01   .670E+00       -9.8   .265     20.00
   20  161  400.0  400.0    1   .360E+01  -.629E+00      -10.0   .262     20.00
   21  162  388.6  400.0    1   .719E+01  -.629E+00      -10.0   .262     20.00
   22  163  377.1  400.0    1   .719E+01  -.629E+00      -10.0   .262     20.00
   23  164  365.7  400.0    1   .719E+01  -.629E+00      -10.0   .262     20.00
   24  165  354.3  400.0    1   .719E+01  -.629E+00      -10.0   .262     20.00
   25  166  342.9  400.0    1   .719E+01  -.629E+00      -10.0   .262     20.00
   26  167  331.4  400.0    1   .719E+01  -.629E+00      -10.0   .262     20.00
   27  168  320.0  400.0    1   .719E+01  -.629E+00      -10.0   .262     20.00
   28  169  308.6  400.0    1   .719E+01  -.629E+00      -10.0   .262     20.00
   29  170  297.1  400.0    1   .719E+01  -.629E+00      -10.0   .262     20.00
   30  171  285.7  400.0    1   .719E+01  -.629E+00      -10.0   .262     20.00
   31  172  274.3  400.0    1   .719E+01  -.629E+00      -10.0   .262     20.00
   32  173  262.9  400.0    1   .719E+01  -.629E+00      -10.0   .262     20.00
   33  174  251.4  400.0    1   .719E+01  -.629E+00      -10.0   .262     20.00
   34  175  240.0  400.0    1   .719E+01  -.629E+00      -10.0   .262     20.00
   35  176  228.6  400.0    1   .719E+01  -.629E+00      -10.0   .262     20.00
   36  177  217.1  400.0    1   .719E+01  -.629E+00      -10.0   .262     20.00
   37  178  205.7  400.0    1   .719E+01  -.629E+00      -10.0   .262     20.00
   38  179  194.3  400.0    1   .719E+01  -.629E+00      -10.0   .262     20.00
   39  180  182.9  400.0    1   .719E+01  -.629E+00      -10.0   .262     20.00
   40  181  171.4  400.0    1   .719E+01  -.629E+00      -10.0   .262     20.00
   41  182  160.0  400.0    1   .719E+01  -.629E+00      -10.0   .262     20.00
   42  183  148.6  400.0    1   .719E+01  -.629E+00      -10.0   .262     20.00
   43  184  137.1  400.0    1   .719E+01  -.629E+00      -10.0   .262     20.00
   44  185  125.7  400.0    1   .719E+01  -.629E+00      -10.0   .262     20.00
   45  186  114.3  400.0    1   .719E+01  -.629E+00      -10.0   .262     20.00
   46  187  102.9  400.0    1   .719E+01  -.629E+00      -10.0   .262     20.00
   47  188   91.4  400.0    1   .719E+01  -.629E+00      -10.0   .262     20.00
   48  189   80.0  400.0    1   .719E+01  -.629E+00      -10.0   .262     20.00
   49  190   68.6  400.0    1   .719E+01  -.629E+00      -10.0   .262     20.00
   50  191   57.1  400.0    1   .719E+01  -.629E+00      -10.0   .262     20.00
   51  192   45.7  400.0    1   .719E+01  -.629E+00      -10.0   .262     20.00
   52  193   34.3  400.0    1   .719E+01  -.629E+00      -10.0   .262     20.00
   53  194   22.9  400.0    1   .719E+01  -.629E+00      -10.0   .262     20.00
   54  195   11.4  400.0    1   .719E+01  -.629E+00      -10.0   .262     20.00
   55  196     .0  400.0    1   .360E+01  -.629E+00      -10.0   .262     20.00


 Time:     60.0000

    i    n    x      z    Code     Q          v           h       th       Temp     Conc
                                 [V/T]      [L/T]        [L]     [-]        [C]    [M/L3]

    1  120     .0     .0   -6  -.744E+01   .669E+00       -9.8   .265     20.00
    2  121   22.2     .0   -6  -.159E+02   .716E+00       -9.6   .268     20.00
    3  122   44.4     .0   -6  -.191E+02   .857E+00       -9.1   .277     20.00
    4  123   66.7     .0   -6  -.232E+02   .104E+01       -8.6   .286     20.00
    5  124   88.9     .0   -6  -.240E+02   .108E+01       -8.5   .288     20.00
    6  125  111.1     .0   -6  -.191E+02   .858E+00       -9.1   .277     20.00
    7  126  133.3     .0   -6  -.112E+02   .503E+00      -10.6   .252     20.00
    8  127  155.6     .0   -6  -.551E+01   .248E+00      -12.8   .223     20.00
    9  128  177.8     .0   -6  -.320E+01   .144E+00      -14.6   .203     20.00
   10  129  200.0     .0   -6  -.267E+01   .120E+00      -15.1   .197     20.00
   11  130  222.2     .0   -6  -.323E+01   .145E+00      -14.5   .203     20.00
   12  131  244.4     .0   -6  -.565E+01   .254E+00      -12.7   .224     20.00
   13  132  266.7     .0   -6  -.114E+02   .511E+00      -10.6   .253     20.00
   14  133  288.9     .0   -6  -.193E+02   .869E+00       -9.1   .278     20.00
   15  134  311.1     .0   -6  -.244E+02   .110E+01       -8.5   .289     20.00
   16  135  333.3     .0   -6  -.234E+02   .105E+01       -8.6   .287     20.00
   17  136  355.6     .0   -6  -.191E+02   .858E+00       -9.1   .277     20.00
   18  137  377.8     .0   -6  -.159E+02   .717E+00       -9.6   .268     20.00
   19  138  400.0     .0   -6  -.744E+01   .670E+00       -9.8   .265     20.00
   20  161  400.0  400.0    1   .360E+01  -.629E+00      -10.0   .262     20.00
   21  162  388.6  400.0    1   .719E+01  -.629E+00      -10.0   .262     20.00
   22  163  377.1  400.0    1   .719E+01  -.629E+00      -10.0   .262     20.00
   23  164  365.7  400.0    1   .719E+01  -.629E+00      -10.0   .262     20.00
   24  165  354.3  400.0    1   .719E+01  -.629E+00      -10.0   .262     20.00
   25  166  342.9  400.0    1   .719E+01  -.629E+00      -10.0   .262     20.00
   26  167  331.4  400.0    1   .719E+01  -.629E+00      -10.0   .262     20.00
   27  168  320.0  400.0    1   .719E+01  -.629E+00      -10.0   .262     20.00
   28  169  308.6  400.0    1   .719E+01  -.629E+00      -10.0   .262     20.00
   29  170  297.1  400.0    1   .719E+01  -.629E+00      -10.0   .262     20.00
   30  171  285.7  400.0    1   .719E+01  -.629E+00      -10.0   .262     20.00
   31  172  274.3  400.0    1   .719E+01  -.629E+00      -10.0   .262     20.00
   32  173  262.9  400.0    1   .719E+01  -.629E+00      -10.0   .262     20.00
   33  174  251.4  400.0    1   .719E+01  -.629E+00      -10.0   .262     20.00
   34  175  240.0  400.0    1   .719E+01  -.629E+00      -10.0   .262     20.00
   35  176  228.6  400.0    1   .719E+01  -.629E+00      -10.0   .262     20.00
   36  177  217.1  400.0    1   .719E+01  -.629E+00      -10.0   .262     20.00
   37  178  205.7  400.0    1   .719E+01  -.629E+00      -10.0   .262     20.00
   38  179  194.3  400.0    1   .719E+01  -.629E+00      -10.0   .262     20.00
   39  180  182.9  400.0    1   .719E+01  -.629E+00      -10.0   .262     20.00
   40  181  171.4  400.0    1   .719E+01  -.629E+00      -10.0   .262     20.00
   41  182  160.0  400.0    1   .719E+01  -.629E+00      -10.0   .262     20.00
   42  183  148.6  400.0    1   .719E+01  -.629E+00      -10.0   .262     20.00
   43  184  137.1  400.0    1   .719E+01  -.629E+00      -10.0   .262     20.00
   44  185  125.7  400.0    1   .719E+01  -.629E+00      -10.0   .262     20.00
   45  186  114.3  400.0    1   .719E+01  -.629E+00      -10.0   .262     20.00
   46  187  102.9  400.0    1   .719E+01  -.629E+00      -10.0   .262     20.00
   47  188   91.4  400.0    1   .719E+01  -.629E+00      -10.0   .262     20.00
   48  189   80.0  400.0    1   .719E+01  -.629E+00      -10.0   .262     20.00
   49  190   68.6  400.0    1   .719E+01  -.629E+00      -10.0   .262     20.00
   50  191   57.1  400.0    1   .719E+01  -.629E+00      -10.0   .262     20.00
   51  192   45.7  400.0    1   .719E+01  -.629E+00      -10.0   .262     20.00
   52  193   34.3  400.0    1   .719E+01  -.629E+00      -10.0   .262     20.00
   53  194   22.9  400.0    1   .719E+01  -.629E+00      -10.0   .262     20.00
   54  195   11.4  400.0    1   .719E+01  -.629E+00      -10.0   .262     20.00
   55  196     .0  400.0    1   .360E+01  -.629E+00      -10.0   .262     20.00


 Time:     80.0000

    i    n    x      z    Code     Q          v           h       th       Temp     Conc
                                 [V/T]      [L/T]        [L]     [-]        [C]    [M/L3]

    1  120     .0     .0   -6  -.744E+01   .669E+00       -9.8   .265     20.00
    2  121   22.2     .0   -6  -.159E+02   .716E+00       -9.6   .268     20.00
    3  122   44.4     .0   -6  -.191E+02   .857E+00       -9.1   .277     20.00
    4  123   66.7     .0   -6  -.231E+02   .104E+01       -8.6   .286     20.00
    5  124   88.9     .0   -6  -.240E+02   .108E+01       -8.5   .288     20.00
    6  125  111.1     .0   -6  -.189E+02   .853E+00       -9.1   .277     20.00
    7  126  133.3     .0   -6  -.109E+02   .492E+00      -10.7   .251     20.00
    8  127  155.6     .0   -6  -.507E+01   .228E+00      -13.0   .220     20.00
    9  128  177.8     .0   -6  -.259E+01   .117E+00      -15.2   .196     20.00
   10  129  200.0     .0   -6  -.203E+01   .915E-01      -16.2   .188     20.00
   11  130  222.2     .0   -6  -.262E+01   .118E+00      -15.2   .197     20.00
   12  131  244.4     .0   -6  -.518E+01   .233E+00      -13.0   .221     20.00
   13  132  266.7     .0   -6  -.111E+02   .500E+00      -10.6   .252     20.00
   14  133  288.9     .0   -6  -.192E+02   .864E+00       -9.1   .278     20.00
   15  134  311.1     .0   -6  -.243E+02   .110E+01       -8.5   .289     20.00
   16  135  333.3     .0   -6  -.234E+02   .105E+01       -8.6   .287     20.00
   17  136  355.6     .0   -6  -.191E+02   .858E+00       -9.1   .277     20.00
   18  137  377.8     .0   -6  -.159E+02   .717E+00       -9.6   .268     20.00
   19  138  400.0     .0   -6  -.744E+01   .670E+00       -9.8   .265     20.00
   20  161  400.0  400.0    1   .360E+01  -.629E+00      -10.0   .262     20.00
   21  162  388.6  400.0    1   .719E+01  -.629E+00      -10.0   .262     20.00
   22  163  377.1  400.0    1   .719E+01  -.629E+00      -10.0   .262     20.00
   23  164  365.7  400.0    1   .719E+01  -.629E+00      -10.0   .262     20.00
   24  165  354.3  400.0    1   .719E+01  -.629E+00      -10.0   .262     20.00
   25  166  342.9  400.0    1   .719E+01  -.629E+00      -10.0   .262     20.00
   26  167  331.4  400.0    1   .719E+01  -.629E+00      -10.0   .262     20.00
   27  168  320.0  400.0    1   .719E+01  -.629E+00      -10.0   .262     20.00
   28  169  308.6  400.0    1   .719E+01  -.629E+00      -10.0   .262     20.00
   29  170  297.1  400.0    1   .719E+01  -.629E+00      -10.0   .262     20.00
   30  171  285.7  400.0    1   .719E+01  -.629E+00      -10.0   .262     20.00
   31  172  274.3  400.0    1   .719E+01  -.629E+00      -10.0   .262     20.00
   32  173  262.9  400.0    1   .719E+01  -.629E+00      -10.0   .262     20.00
   33  174  251.4  400.0    1   .719E+01  -.629E+00      -10.0   .262     20.00
   34  175  240.0  400.0    1   .719E+01  -.629E+00      -10.0   .262     20.00
   35  176  228.6  400.0    1   .719E+01  -.629E+00      -10.0   .262     20.00
   36  177  217.1  400.0    1   .719E+01  -.629E+00      -10.0   .262     20.00
   37  178  205.7  400.0    1   .719E+01  -.629E+00      -10.0   .262     20.00
   38  179  194.3  400.0    1   .719E+01  -.629E+00      -10.0   .262     20.00
   39  180  182.9  400.0    1   .719E+01  -.629E+00      -10.0   .262     20.00
   40  181  171.4  400.0    1   .719E+01  -.629E+00      -10.0   .262     20.00
   41  182  160.0  400.0    1   .719E+01  -.629E+00      -10.0   .262     20.00
   42  183  148.6  400.0    1   .719E+01  -.629E+00      -10.0   .262     20.00
   43  184  137.1  400.0    1   .719E+01  -.629E+00      -10.0   .262     20.00
   44  185  125.7  400.0    1   .719E+01  -.629E+00      -10.0   .262     20.00
   45  186  114.3  400.0    1   .719E+01  -.629E+00      -10.0   .262     20.00
   46  187  102.9  400.0    1   .719E+01  -.629E+00      -10.0   .262     20.00
   47  188   91.4  400.0    1   .719E+01  -.629E+00      -10.0   .262     20.00
   48  189   80.0  400.0    1   .719E+01  -.629E+00      -10.0   .262     20.00
   49  190   68.6  400.0    1   .719E+01  -.629E+00      -10.0   .262     20.00
   50  191   57.1  400.0    1   .719E+01  -.629E+00      -10.0   .262     20.00
   51  192   45.7  400.0    1   .719E+01  -.629E+00      -10.0   .262     20.00
   52  193   34.3  400.0    1   .719E+01  -.629E+00      -10.0   .262     20.00
   53  194   22.9  400.0    1   .719E+01  -.629E+00      -10.0   .262     20.00
   54  195   11.4  400.0    1   .719E+01  -.629E+00      -10.0   .262     20.00
   55  196     .0  400.0    1   .360E+01  -.629E+00      -10.0   .262     20.00
