 Welcome to HYDRUS-2D                                                    
 
 Program HYDRUS2
 Date:  18. 2.    Time:   8:31:11
 Time independent boundary conditions
 Vertical plane flow, V = L*L
 Units: L = cm   , T = hours, M = mmol 

 Max. number of iterations             20
 Absolute water content tolerance [-]  .00020
 Absolute pressure head tolerance [L]  .10000



MatNum, Param. array:

   Mat     Qr     Qs        Alfa         n          Ks      l

    1     .057   .410    .124E+00    .228E+01    .146E+02   .500

       Table of Hydraulic Properties which are interpolated in simulation
       =================================================================

  theta         h        log h        C             K        log K          S
 
   .4100   -.100E-02  -.3000E+01   .5597E-06   .1459E+02   .1164E+01    1.0000
   .4100   -.113E-02  -.2946E+01   .6554E-06   .1459E+02   .1164E+01    1.0000
   .4100   -.128E-02  -.2893E+01   .7675E-06   .1459E+02   .1164E+01    1.0000
   .4100   -.145E-02  -.2839E+01   .8987E-06   .1459E+02   .1164E+01    1.0000
   .4100   -.164E-02  -.2786E+01   .1052E-05   .1459E+02   .1164E+01    1.0000
   .4100   -.185E-02  -.2732E+01   .1232E-05   .1459E+02   .1164E+01    1.0000
   .4100   -.210E-02  -.2679E+01   .1443E-05   .1459E+02   .1164E+01    1.0000
   .4100   -.237E-02  -.2625E+01   .1689E-05   .1459E+02   .1164E+01    1.0000
   .4100   -.268E-02  -.2572E+01   .1978E-05   .1459E+02   .1164E+01    1.0000
   .4100   -.303E-02  -.2518E+01   .2317E-05   .1459E+02   .1164E+01    1.0000
   .4100   -.343E-02  -.2465E+01   .2713E-05   .1459E+02   .1164E+01    1.0000
   .4100   -.388E-02  -.2411E+01   .3176E-05   .1459E+02   .1164E+01    1.0000
   .4100   -.439E-02  -.2357E+01   .3719E-05   .1459E+02   .1164E+01    1.0000
   .4100   -.497E-02  -.2304E+01   .4355E-05   .1459E+02   .1164E+01    1.0000
   .4100   -.562E-02  -.2250E+01   .5099E-05   .1459E+02   .1164E+01    1.0000
   .4100   -.636E-02  -.2197E+01   .5971E-05   .1459E+02   .1164E+01    1.0000
   .4100   -.719E-02  -.2143E+01   .6992E-05   .1459E+02   .1164E+01    1.0000
   .4100   -.813E-02  -.2090E+01   .8187E-05   .1459E+02   .1164E+01    1.0000
   .4100   -.920E-02  -.2036E+01   .9587E-05   .1459E+02   .1164E+01    1.0000
   .4100   -.104E-01  -.1983E+01   .1123E-04   .1459E+02   .1164E+01    1.0000
   .4100   -.118E-01  -.1929E+01   .1314E-04   .1459E+02   .1164E+01    1.0000
   .4100   -.133E-01  -.1876E+01   .1539E-04   .1458E+02   .1164E+01    1.0000
   .4100   -.151E-01  -.1822E+01   .1802E-04   .1458E+02   .1164E+01    1.0000
   .4100   -.170E-01  -.1768E+01   .2110E-04   .1458E+02   .1164E+01    1.0000
   .4100   -.193E-01  -.1715E+01   .2471E-04   .1458E+02   .1164E+01    1.0000
   .4100   -.218E-01  -.1661E+01   .2894E-04   .1458E+02   .1164E+01    1.0000
   .4100   -.247E-01  -.1608E+01   .3388E-04   .1457E+02   .1164E+01    1.0000
   .4100   -.279E-01  -.1554E+01   .3968E-04   .1457E+02   .1163E+01    1.0000
   .4100   -.316E-01  -.1501E+01   .4646E-04   .1457E+02   .1163E+01    1.0000
   .4100   -.357E-01  -.1447E+01   .5440E-04   .1456E+02   .1163E+01    1.0000
   .4100   -.404E-01  -.1394E+01   .6370E-04   .1456E+02   .1163E+01    1.0000
   .4100   -.457E-01  -.1340E+01   .7459E-04   .1455E+02   .1163E+01    1.0000
   .4100   -.517E-01  -.1287E+01   .8734E-04   .1455E+02   .1163E+01    1.0000
   .4100   -.585E-01  -.1233E+01   .1023E-03   .1454E+02   .1163E+01    1.0000
   .4100   -.662E-01  -.1179E+01   .1198E-03   .1453E+02   .1162E+01    1.0000
   .4100   -.748E-01  -.1126E+01   .1402E-03   .1452E+02   .1162E+01    1.0000
   .4100   -.847E-01  -.1072E+01   .1642E-03   .1451E+02   .1162E+01    1.0000
   .4100   -.958E-01  -.1019E+01   .1923E-03   .1449E+02   .1161E+01    1.0000
   .4100   -.108E+00  -.9653E+00   .2251E-03   .1447E+02   .1161E+01    1.0000
   .4100   -.123E+00  -.9117E+00   .2636E-03   .1445E+02   .1160E+01    1.0000
   .4100   -.139E+00  -.8582E+00   .3086E-03   .1443E+02   .1159E+01     .9999
   .4100   -.157E+00  -.8046E+00   .3614E-03   .1440E+02   .1158E+01     .9999
   .4100   -.177E+00  -.7511E+00   .4231E-03   .1437E+02   .1158E+01     .9999
   .4100   -.201E+00  -.6975E+00   .4954E-03   .1433E+02   .1156E+01     .9999
   .4099   -.227E+00  -.6440E+00   .5801E-03   .1429E+02   .1155E+01     .9998
   .4099   -.257E+00  -.5904E+00   .6791E-03   .1424E+02   .1153E+01     .9998
   .4099   -.290E+00  -.5369E+00   .7951E-03   .1418E+02   .1152E+01     .9997
   .4099   -.329E+00  -.4833E+00   .9308E-03   .1411E+02   .1149E+01     .9996
   .4098   -.372E+00  -.4298E+00   .1090E-02   .1403E+02   .1147E+01     .9995
   .4098   -.420E+00  -.3763E+00   .1275E-02   .1393E+02   .1144E+01     .9993
   .4097   -.476E+00  -.3227E+00   .1492E-02   .1382E+02   .1140E+01     .9991
   .4096   -.538E+00  -.2692E+00   .1746E-02   .1369E+02   .1136E+01     .9988
   .4095   -.609E+00  -.2156E+00   .2042E-02   .1353E+02   .1131E+01     .9985
   .4093   -.689E+00  -.1621E+00   .2388E-02   .1336E+02   .1126E+01     .9980
   .4090   -.779E+00  -.1085E+00   .2791E-02   .1315E+02   .1119E+01     .9973
   .4087   -.881E+00  -.5498E-01   .3260E-02   .1291E+02   .1111E+01     .9964
   .4083   -.997E+00  -.1438E-02   .3805E-02   .1263E+02   .1101E+01     .9953
   .4078   -.113E+01   .5211E-01   .4437E-02   .1231E+02   .1090E+01     .9937
   .4071   -.128E+01   .1057E+00   .5166E-02   .1194E+02   .1077E+01     .9917
   .4061   -.144E+01   .1592E+00   .6005E-02   .1151E+02   .1061E+01     .9891
   .4049   -.163E+01   .2127E+00   .6963E-02   .1103E+02   .1042E+01     .9856
   .4033   -.185E+01   .2663E+00   .8049E-02   .1048E+02   .1020E+01     .9810
   .4012   -.209E+01   .3198E+00   .9267E-02   .9855E+01   .9937E+00     .9751
   .3985   -.236E+01   .3734E+00   .1061E-01   .9163E+01   .9621E+00     .9674
   .3950   -.267E+01   .4269E+00   .1207E-01   .8402E+01   .9244E+00     .9574
   .3905   -.302E+01   .4805E+00   .1362E-01   .7577E+01   .8795E+00     .9446
   .3847   -.342E+01   .5340E+00   .1520E-01   .6701E+01   .8261E+00     .9284
   .3776   -.387E+01   .5876E+00   .1673E-01   .5791E+01   .7628E+00     .9081
   .3687   -.438E+01   .6411E+00   .1813E-01   .4874E+01   .6879E+00     .8830
   .3579   -.495E+01   .6947E+00   .1925E-01   .3980E+01   .5999E+00     .8525
   .3452   -.560E+01   .7482E+00   .1998E-01   .3142E+01   .4971E+00     .8163
   .3304   -.634E+01   .8017E+00   .2020E-01   .2390E+01   .3784E+00     .7744
   .3137   -.717E+01   .8553E+00   .1986E-01   .1748E+01   .2427E+00     .7271
   .2954   -.811E+01   .9088E+00   .1893E-01   .1229E+01   .8946E-01     .6754
   .2760   -.917E+01   .9624E+00   .1751E-01   .8297E+00  -.8109E-01     .6204
   .2560   -.104E+02   .1016E+01   .1571E-01   .5391E+00  -.2683E+00     .5638
   .2360   -.117E+02   .1069E+01   .1370E-01   .3381E+00  -.4710E+00     .5071
   .2165   -.133E+02   .1123E+01   .1164E-01   .2054E+00  -.6875E+00     .4519
   .1980   -.150E+02   .1177E+01   .9676E-02   .1213E+00  -.9161E+00     .3995
   .1808   -.170E+02   .1230E+01   .7885E-02   .7001E-01  -.1155E+01     .3507
   .1650   -.192E+02   .1284E+01   .6323E-02   .3962E-01  -.1402E+01     .3060
   .1508   -.217E+02   .1337E+01   .5004E-02   .2207E-01  -.1656E+01     .2658
   .1382   -.246E+02   .1391E+01   .3918E-02   .1214E-01  -.1916E+01     .2300
   .1271   -.278E+02   .1444E+01   .3043E-02   .6611E-02  -.2180E+01     .1984
   .1173   -.315E+02   .1498E+01   .2347E-02   .3572E-02  -.2447E+01     .1708
   .1088   -.356E+02   .1551E+01   .1802E-02   .1919E-02  -.2717E+01     .1467
   .1014   -.403E+02   .1605E+01   .1377E-02   .1026E-02  -.2989E+01     .1259
   .0951   -.455E+02   .1658E+01   .1050E-02   .5463E-03  -.3263E+01     .1079
   .0896   -.515E+02   .1712E+01   .7983E-03   .2902E-03  -.3537E+01     .0924
   .0849   -.583E+02   .1766E+01   .6060E-03   .1539E-03  -.3813E+01     .0790
   .0809   -.659E+02   .1819E+01   .4594E-03   .8144E-04  -.4089E+01     .0676
   .0774   -.746E+02   .1873E+01   .3479E-03   .4305E-04  -.4366E+01     .0578
   .0744   -.844E+02   .1926E+01   .2633E-03   .2274E-04  -.4643E+01     .0494
   .0719   -.954E+02   .1980E+01   .1991E-03   .1200E-04  -.4921E+01     .0422
   .0697   -.108E+03   .2033E+01   .1505E-03   .6332E-05  -.5198E+01     .0361
   .0679   -.122E+03   .2087E+01   .1138E-03   .3339E-05  -.5476E+01     .0308
   .0663   -.138E+03   .2140E+01   .8595E-04   .1760E-05  -.5754E+01     .0263
   .0649   -.156E+03   .2194E+01   .6493E-04   .9278E-06  -.6033E+01     .0225
   .0638   -.177E+03   .2247E+01   .4904E-04   .4889E-06  -.6311E+01     .0192
   .0628   -.200E+03   .2301E+01   .3703E-04   .2576E-06  -.6589E+01     .0164
end
