 Welcome to HYDRUS-2D                                                    
 
 Program HYDRUS2
 Date:  18. 2.    Time:   8:31:11
 Time independent boundary conditions
 Vertical plane flow, V = L*L
 Units: L = cm   , T = hours, M = mmol 
 All cumulative fluxes (CumQ) are positive out of the region

       Time     CumQAP      CumQRP     CumQA      CumQR     CumQ3       CumQ1      CumQS      CumQ5       CumQ6 ....
        [T]       [V]         [V]       [V]        [V]       [V]         [V]        [V]        [V]         [V]

         .1000   .000E+00   .000E+00   .000E+00   .000E+00   .000E+00  -.252E+02   .000E+00   .000E+00   .000E+00
         .2000   .000E+00   .000E+00   .000E+00   .000E+00   .000E+00  -.503E+02   .000E+00   .000E+00   .300E+02
         .3000   .000E+00   .000E+00   .000E+00   .000E+00   .000E+00  -.755E+02   .000E+00   .000E+00   .593E+02
         .4000   .000E+00   .000E+00   .000E+00   .000E+00   .000E+00  -.101E+03   .000E+00   .000E+00   .880E+02
         .5000   .000E+00   .000E+00   .000E+00   .000E+00   .000E+00  -.126E+03   .000E+00   .000E+00   .116E+03
         .6000   .000E+00   .000E+00   .000E+00   .000E+00   .000E+00  -.151E+03   .000E+00   .000E+00   .144E+03
         .7000   .000E+00   .000E+00   .000E+00   .000E+00   .000E+00  -.176E+03   .000E+00   .000E+00   .171E+03
         .8000   .000E+00   .000E+00   .000E+00   .000E+00   .000E+00  -.201E+03   .000E+00   .000E+00   .198E+03
         .9000   .000E+00   .000E+00   .000E+00   .000E+00   .000E+00  -.227E+03   .000E+00   .000E+00   .225E+03
        1.0000   .000E+00   .000E+00   .000E+00   .000E+00   .000E+00  -.252E+03   .000E+00   .000E+00   .251E+03
        1.1000   .000E+00   .000E+00   .000E+00   .000E+00   .000E+00  -.277E+03   .000E+00   .000E+00   .277E+03
        1.2000   .000E+00   .000E+00   .000E+00   .000E+00   .000E+00  -.302E+03   .000E+00   .000E+00   .303E+03
        1.3000   .000E+00   .000E+00   .000E+00   .000E+00   .000E+00  -.327E+03   .000E+00   .000E+00   .329E+03
        1.4000   .000E+00   .000E+00   .000E+00   .000E+00   .000E+00  -.352E+03   .000E+00   .000E+00   .355E+03
        1.5000   .000E+00   .000E+00   .000E+00   .000E+00   .000E+00  -.378E+03   .000E+00   .000E+00   .380E+03
        1.6000   .000E+00   .000E+00   .000E+00   .000E+00   .000E+00  -.403E+03   .000E+00   .000E+00   .406E+03
        1.7000   .000E+00   .000E+00   .000E+00   .000E+00   .000E+00  -.428E+03   .000E+00   .000E+00   .431E+03
        1.8000   .000E+00   .000E+00   .000E+00   .000E+00   .000E+00  -.453E+03   .000E+00   .000E+00   .456E+03
        1.9000   .000E+00   .000E+00   .000E+00   .000E+00   .000E+00  -.478E+03   .000E+00   .000E+00   .482E+03
        2.0000   .000E+00   .000E+00   .000E+00   .000E+00   .000E+00  -.503E+03   .000E+00   .000E+00   .507E+03
        2.1333   .000E+00   .000E+00   .000E+00   .000E+00   .000E+00  -.537E+03   .000E+00   .000E+00   .540E+03
        2.2667   .000E+00   .000E+00   .000E+00   .000E+00   .000E+00  -.571E+03   .000E+00   .000E+00   .574E+03
        2.4000   .000E+00   .000E+00   .000E+00   .000E+00   .000E+00  -.604E+03   .000E+00   .000E+00   .607E+03
        2.5333   .000E+00   .000E+00   .000E+00   .000E+00   .000E+00  -.638E+03   .000E+00   .000E+00   .640E+03
        2.6667   .000E+00   .000E+00   .000E+00   .000E+00   .000E+00  -.671E+03   .000E+00   .000E+00   .674E+03
        2.8000   .000E+00   .000E+00   .000E+00   .000E+00   .000E+00  -.705E+03   .000E+00   .000E+00   .707E+03
        2.9333   .000E+00   .000E+00   .000E+00   .000E+00   .000E+00  -.738E+03   .000E+00   .000E+00   .740E+03
        3.0667   .000E+00   .000E+00   .000E+00   .000E+00   .000E+00  -.772E+03   .000E+00   .000E+00   .774E+03
        3.2000   .000E+00   .000E+00   .000E+00   .000E+00   .000E+00  -.806E+03   .000E+00   .000E+00   .807E+03
        3.3333   .000E+00   .000E+00   .000E+00   .000E+00   .000E+00  -.839E+03   .000E+00   .000E+00   .840E+03
        3.4667   .000E+00   .000E+00   .000E+00   .000E+00   .000E+00  -.873E+03   .000E+00   .000E+00   .874E+03
        3.6000   .000E+00   .000E+00   .000E+00   .000E+00   .000E+00  -.906E+03   .000E+00   .000E+00   .907E+03
        3.7333   .000E+00   .000E+00   .000E+00   .000E+00   .000E+00  -.940E+03   .000E+00   .000E+00   .940E+03
        3.8667   .000E+00   .000E+00   .000E+00   .000E+00   .000E+00  -.973E+03   .000E+00   .000E+00   .974E+03
        4.0000   .000E+00   .000E+00   .000E+00   .000E+00   .000E+00  -.101E+04   .000E+00   .000E+00   .101E+04
        4.1290   .000E+00   .000E+00   .000E+00   .000E+00   .000E+00  -.104E+04   .000E+00   .000E+00   .104E+04
        4.2581   .000E+00   .000E+00   .000E+00   .000E+00   .000E+00  -.107E+04   .000E+00   .000E+00   .107E+04
        4.3871   .000E+00   .000E+00   .000E+00   .000E+00   .000E+00  -.110E+04   .000E+00   .000E+00   .110E+04
        4.5161   .000E+00   .000E+00   .000E+00   .000E+00   .000E+00  -.114E+04   .000E+00   .000E+00   .114E+04
        4.6452   .000E+00   .000E+00   .000E+00   .000E+00   .000E+00  -.117E+04   .000E+00   .000E+00   .117E+04
        4.7742   .000E+00   .000E+00   .000E+00   .000E+00   .000E+00  -.120E+04   .000E+00   .000E+00   .120E+04
        4.9032   .000E+00   .000E+00   .000E+00   .000E+00   .000E+00  -.123E+04   .000E+00   .000E+00   .123E+04
        5.0323   .000E+00   .000E+00   .000E+00   .000E+00   .000E+00  -.127E+04   .000E+00   .000E+00   .127E+04
        5.1613   .000E+00   .000E+00   .000E+00   .000E+00   .000E+00  -.130E+04   .000E+00   .000E+00   .130E+04
        5.2903   .000E+00   .000E+00   .000E+00   .000E+00   .000E+00  -.133E+04   .000E+00   .000E+00   .133E+04
        5.4194   .000E+00   .000E+00   .000E+00   .000E+00   .000E+00  -.136E+04   .000E+00   .000E+00   .136E+04
        5.5484   .000E+00   .000E+00   .000E+00   .000E+00   .000E+00  -.140E+04   .000E+00   .000E+00   .140E+04
        5.6774   .000E+00   .000E+00   .000E+00   .000E+00   .000E+00  -.143E+04   .000E+00   .000E+00   .143E+04
        5.8064   .000E+00   .000E+00   .000E+00   .000E+00   .000E+00  -.146E+04   .000E+00   .000E+00   .146E+04
        5.9752   .000E+00   .000E+00   .000E+00   .000E+00   .000E+00  -.150E+04   .000E+00   .000E+00   .150E+04
        6.1439   .000E+00   .000E+00   .000E+00   .000E+00   .000E+00  -.155E+04   .000E+00   .000E+00   .155E+04
        6.3127   .000E+00   .000E+00   .000E+00   .000E+00   .000E+00  -.159E+04   .000E+00   .000E+00   .159E+04
        6.4814   .000E+00   .000E+00   .000E+00   .000E+00   .000E+00  -.163E+04   .000E+00   .000E+00   .163E+04
        6.6501   .000E+00   .000E+00   .000E+00   .000E+00   .000E+00  -.167E+04   .000E+00   .000E+00   .167E+04
        6.8189   .000E+00   .000E+00   .000E+00   .000E+00   .000E+00  -.172E+04   .000E+00   .000E+00   .172E+04
        6.9876   .000E+00   .000E+00   .000E+00   .000E+00   .000E+00  -.176E+04   .000E+00   .000E+00   .176E+04
        7.1563   .000E+00   .000E+00   .000E+00   .000E+00   .000E+00  -.180E+04   .000E+00   .000E+00   .180E+04
        7.3251   .000E+00   .000E+00   .000E+00   .000E+00   .000E+00  -.184E+04   .000E+00   .000E+00   .184E+04
        7.4938   .000E+00   .000E+00   .000E+00   .000E+00   .000E+00  -.189E+04   .000E+00   .000E+00   .189E+04
        7.6625   .000E+00   .000E+00   .000E+00   .000E+00   .000E+00  -.193E+04   .000E+00   .000E+00   .193E+04
        7.8313   .000E+00   .000E+00   .000E+00   .000E+00   .000E+00  -.197E+04   .000E+00   .000E+00   .197E+04
        8.0000   .000E+00   .000E+00   .000E+00   .000E+00   .000E+00  -.201E+04   .000E+00   .000E+00   .201E+04
        8.1667   .000E+00   .000E+00   .000E+00   .000E+00   .000E+00  -.206E+04   .000E+00   .000E+00   .206E+04
        8.3333   .000E+00   .000E+00   .000E+00   .000E+00   .000E+00  -.210E+04   .000E+00   .000E+00   .210E+04
        8.5000   .000E+00   .000E+00   .000E+00   .000E+00   .000E+00  -.214E+04   .000E+00   .000E+00   .214E+04
        8.6667   .000E+00   .000E+00   .000E+00   .000E+00   .000E+00  -.218E+04   .000E+00   .000E+00   .218E+04
        8.8333   .000E+00   .000E+00   .000E+00   .000E+00   .000E+00  -.222E+04   .000E+00   .000E+00   .222E+04
        9.0595   .000E+00   .000E+00   .000E+00   .000E+00   .000E+00  -.228E+04   .000E+00   .000E+00   .228E+04
        9.2857   .000E+00   .000E+00   .000E+00   .000E+00   .000E+00  -.234E+04   .000E+00   .000E+00   .234E+04
        9.5119   .000E+00   .000E+00   .000E+00   .000E+00   .000E+00  -.239E+04   .000E+00   .000E+00   .239E+04
        9.7381   .000E+00   .000E+00   .000E+00   .000E+00   .000E+00  -.245E+04   .000E+00   .000E+00   .245E+04
        9.9643   .000E+00   .000E+00   .000E+00   .000E+00   .000E+00  -.251E+04   .000E+00   .000E+00   .250E+04
       10.1905   .000E+00   .000E+00   .000E+00   .000E+00   .000E+00  -.257E+04   .000E+00   .000E+00   .256E+04
       10.4167   .000E+00   .000E+00   .000E+00   .000E+00   .000E+00  -.262E+04   .000E+00   .000E+00   .262E+04
       10.6429   .000E+00   .000E+00   .000E+00   .000E+00   .000E+00  -.268E+04   .000E+00   .000E+00   .267E+04
       10.8690   .000E+00   .000E+00   .000E+00   .000E+00   .000E+00  -.274E+04   .000E+00   .000E+00   .273E+04
       11.0952   .000E+00   .000E+00   .000E+00   .000E+00   .000E+00  -.279E+04   .000E+00   .000E+00   .278E+04
       11.3214   .000E+00   .000E+00   .000E+00   .000E+00   .000E+00  -.285E+04   .000E+00   .000E+00   .284E+04
       11.5476   .000E+00   .000E+00   .000E+00   .000E+00   .000E+00  -.291E+04   .000E+00   .000E+00   .290E+04
       11.7738   .000E+00   .000E+00   .000E+00   .000E+00   .000E+00  -.296E+04   .000E+00   .000E+00   .295E+04
       12.0000   .000E+00   .000E+00   .000E+00   .000E+00   .000E+00  -.302E+04   .000E+00   .000E+00   .301E+04
       12.2222   .000E+00   .000E+00   .000E+00   .000E+00   .000E+00  -.308E+04   .000E+00   .000E+00   .306E+04
       12.5103   .000E+00   .000E+00   .000E+00   .000E+00   .000E+00  -.315E+04   .000E+00   .000E+00   .313E+04
       12.7984   .000E+00   .000E+00   .000E+00   .000E+00   .000E+00  -.322E+04   .000E+00   .000E+00   .320E+04
       13.0864   .000E+00   .000E+00   .000E+00   .000E+00   .000E+00  -.329E+04   .000E+00   .000E+00   .327E+04
       13.3745   .000E+00   .000E+00   .000E+00   .000E+00   .000E+00  -.337E+04   .000E+00   .000E+00   .334E+04
       13.6626   .000E+00   .000E+00   .000E+00   .000E+00   .000E+00  -.344E+04   .000E+00   .000E+00   .342E+04
       13.9506   .000E+00   .000E+00   .000E+00   .000E+00   .000E+00  -.351E+04   .000E+00   .000E+00   .349E+04
       14.2387   .000E+00   .000E+00   .000E+00   .000E+00   .000E+00  -.358E+04   .000E+00   .000E+00   .356E+04
       14.5267   .000E+00   .000E+00   .000E+00   .000E+00   .000E+00  -.366E+04   .000E+00   .000E+00   .364E+04
       14.8148   .000E+00   .000E+00   .000E+00   .000E+00   .000E+00  -.373E+04   .000E+00   .000E+00   .371E+04
       15.1029   .000E+00   .000E+00   .000E+00   .000E+00   .000E+00  -.380E+04   .000E+00   .000E+00   .379E+04
       15.3909   .000E+00   .000E+00   .000E+00   .000E+00   .000E+00  -.387E+04   .000E+00   .000E+00   .387E+04
       15.5190   .000E+00   .000E+00   .000E+00   .000E+00   .000E+00  -.391E+04   .000E+00   .000E+00   .390E+04
       15.6849   .000E+00   .000E+00   .000E+00   .000E+00   .000E+00  -.395E+04   .000E+00   .000E+00   .395E+04
       15.8509   .000E+00   .000E+00   .000E+00   .000E+00   .000E+00  -.399E+04   .000E+00   .000E+00   .400E+04
       16.0693   .000E+00   .000E+00   .000E+00   .000E+00   .000E+00  -.405E+04   .000E+00   .000E+00   .406E+04
       16.2877   .000E+00   .000E+00   .000E+00   .000E+00   .000E+00  -.410E+04   .000E+00   .000E+00   .412E+04
       16.5732   .000E+00   .000E+00   .000E+00   .000E+00   .000E+00  -.417E+04   .000E+00   .000E+00   .420E+04
       16.9540   .000E+00   .000E+00   .000E+00   .000E+00   .000E+00  -.427E+04   .000E+00   .000E+00   .431E+04
       17.3347   .000E+00   .000E+00   .000E+00   .000E+00   .000E+00  -.436E+04   .000E+00   .000E+00   .443E+04
       17.4616   .000E+00   .000E+00   .000E+00   .000E+00   .000E+00  -.440E+04   .000E+00   .000E+00   .446E+04
       17.6309   .000E+00   .000E+00   .000E+00   .000E+00   .000E+00  -.444E+04   .000E+00   .000E+00   .451E+04
       17.8462   .000E+00   .000E+00   .000E+00   .000E+00   .000E+00  -.449E+04   .000E+00   .000E+00   .458E+04
       18.1155   .000E+00   .000E+00   .000E+00   .000E+00   .000E+00  -.456E+04   .000E+00   .000E+00   .466E+04
       18.4924   .000E+00   .000E+00   .000E+00   .000E+00   .000E+00  -.466E+04   .000E+00   .000E+00   .477E+04
       18.6599   .000E+00   .000E+00   .000E+00   .000E+00   .000E+00  -.470E+04   .000E+00   .000E+00   .482E+04
       18.8832   .000E+00   .000E+00   .000E+00   .000E+00   .000E+00  -.475E+04   .000E+00   .000E+00   .489E+04
       19.1624   .000E+00   .000E+00   .000E+00   .000E+00   .000E+00  -.482E+04   .000E+00   .000E+00   .497E+04
       19.5812   .000E+00   .000E+00   .000E+00   .000E+00   .000E+00  -.493E+04   .000E+00   .000E+00   .510E+04
       19.7208   .000E+00   .000E+00   .000E+00   .000E+00   .000E+00  -.496E+04   .000E+00   .000E+00   .514E+04
       19.8604   .000E+00   .000E+00   .000E+00   .000E+00   .000E+00  -.500E+04   .000E+00   .000E+00   .518E+04
       20.0000   .000E+00   .000E+00   .000E+00   .000E+00   .000E+00  -.503E+04   .000E+00   .000E+00   .522E+04
       20.2381   .000E+00   .000E+00   .000E+00   .000E+00   .000E+00  -.509E+04   .000E+00   .000E+00   .529E+04
       20.5432   .000E+00   .000E+00   .000E+00   .000E+00   .000E+00  -.517E+04   .000E+00   .000E+00   .538E+04
       20.9372   .000E+00   .000E+00   .000E+00   .000E+00   .000E+00  -.527E+04   .000E+00   .000E+00   .550E+04
       21.4703   .000E+00   .000E+00   .000E+00   .000E+00   .000E+00  -.540E+04   .000E+00   .000E+00   .566E+04
       21.6890   .000E+00   .000E+00   .000E+00   .000E+00   .000E+00  -.546E+04   .000E+00   .000E+00   .572E+04
       21.9756   .000E+00   .000E+00   .000E+00   .000E+00   .000E+00  -.553E+04   .000E+00   .000E+00   .581E+04
       22.3403   .000E+00   .000E+00   .000E+00   .000E+00   .000E+00  -.562E+04   .000E+00   .000E+00   .591E+04
       22.4999   .000E+00   .000E+00   .000E+00   .000E+00   .000E+00  -.566E+04   .000E+00   .000E+00   .596E+04
       22.7083   .000E+00   .000E+00   .000E+00   .000E+00   .000E+00  -.572E+04   .000E+00   .000E+00   .602E+04
       22.9783   .000E+00   .000E+00   .000E+00   .000E+00   .000E+00  -.578E+04   .000E+00   .000E+00   .610E+04
       23.3294   .000E+00   .000E+00   .000E+00   .000E+00   .000E+00  -.587E+04   .000E+00   .000E+00   .620E+04
       23.7741   .000E+00   .000E+00   .000E+00   .000E+00   .000E+00  -.598E+04   .000E+00   .000E+00   .633E+04
       23.9628   .000E+00   .000E+00   .000E+00   .000E+00   .000E+00  -.603E+04   .000E+00   .000E+00   .639E+04
       24.2043   .000E+00   .000E+00   .000E+00   .000E+00   .000E+00  -.609E+04   .000E+00   .000E+00   .646E+04
       24.5262   .000E+00   .000E+00   .000E+00   .000E+00   .000E+00  -.617E+04   .000E+00   .000E+00   .655E+04
       24.6666   .000E+00   .000E+00   .000E+00   .000E+00   .000E+00  -.621E+04   .000E+00   .000E+00   .659E+04
       24.8505   .000E+00   .000E+00   .000E+00   .000E+00   .000E+00  -.626E+04   .000E+00   .000E+00   .664E+04
       25.0846   .000E+00   .000E+00   .000E+00   .000E+00   .000E+00  -.631E+04   .000E+00   .000E+00   .671E+04
       25.3918   .000E+00   .000E+00   .000E+00   .000E+00   .000E+00  -.639E+04   .000E+00   .000E+00   .680E+04
       25.8107   .000E+00   .000E+00   .000E+00   .000E+00   .000E+00  -.650E+04   .000E+00   .000E+00   .692E+04
       26.3344   .000E+00   .000E+00   .000E+00   .000E+00   .000E+00  -.663E+04   .000E+00   .000E+00   .707E+04
       26.5788   .000E+00   .000E+00   .000E+00   .000E+00   .000E+00  -.669E+04   .000E+00   .000E+00   .714E+04
       26.8898   .000E+00   .000E+00   .000E+00   .000E+00   .000E+00  -.677E+04   .000E+00   .000E+00   .723E+04
       27.0194   .000E+00   .000E+00   .000E+00   .000E+00   .000E+00  -.680E+04   .000E+00   .000E+00   .726E+04
       27.1850   .000E+00   .000E+00   .000E+00   .000E+00   .000E+00  -.684E+04   .000E+00   .000E+00   .731E+04
       27.4015   .000E+00   .000E+00   .000E+00   .000E+00   .000E+00  -.690E+04   .000E+00   .000E+00   .737E+04
       27.6902   .000E+00   .000E+00   .000E+00   .000E+00   .000E+00  -.697E+04   .000E+00   .000E+00   .745E+04
       28.0752   .000E+00   .000E+00   .000E+00   .000E+00   .000E+00  -.707E+04   .000E+00   .000E+00   .756E+04
       28.5564   .000E+00   .000E+00   .000E+00   .000E+00   .000E+00  -.719E+04   .000E+00   .000E+00   .770E+04
       28.7970   .000E+00   .000E+00   .000E+00   .000E+00   .000E+00  -.725E+04   .000E+00   .000E+00   .777E+04
       29.0977   .000E+00   .000E+00   .000E+00   .000E+00   .000E+00  -.733E+04   .000E+00   .000E+00   .785E+04
       29.2481   .000E+00   .000E+00   .000E+00   .000E+00   .000E+00  -.736E+04   .000E+00   .000E+00   .789E+04
       29.4361   .000E+00   .000E+00   .000E+00   .000E+00   .000E+00  -.741E+04   .000E+00   .000E+00   .794E+04
       29.7180   .000E+00   .000E+00   .000E+00   .000E+00   .000E+00  -.748E+04   .000E+00   .000E+00   .802E+04
       30.0000   .000E+00   .000E+00   .000E+00   .000E+00   .000E+00  -.755E+04   .000E+00   .000E+00   .810E+04
       30.3333   .000E+00   .000E+00   .000E+00   .000E+00   .000E+00  -.764E+04   .000E+00   .000E+00   .820E+04
       30.7536   .000E+00   .000E+00   .000E+00   .000E+00   .000E+00  -.774E+04   .000E+00   .000E+00   .831E+04
       30.9349   .000E+00   .000E+00   .000E+00   .000E+00   .000E+00  -.779E+04   .000E+00   .000E+00   .836E+04
       31.1735   .000E+00   .000E+00   .000E+00   .000E+00   .000E+00  -.785E+04   .000E+00   .000E+00   .843E+04
       31.4778   .000E+00   .000E+00   .000E+00   .000E+00   .000E+00  -.792E+04   .000E+00   .000E+00   .851E+04
       31.8837   .000E+00   .000E+00   .000E+00   .000E+00   .000E+00  -.803E+04   .000E+00   .000E+00   .863E+04
       32.0527   .000E+00   .000E+00   .000E+00   .000E+00   .000E+00  -.807E+04   .000E+00   .000E+00   .867E+04
       32.2735   .000E+00   .000E+00   .000E+00   .000E+00   .000E+00  -.812E+04   .000E+00   .000E+00   .873E+04
       32.5597   .000E+00   .000E+00   .000E+00   .000E+00   .000E+00  -.820E+04   .000E+00   .000E+00   .881E+04
       32.9317   .000E+00   .000E+00   .000E+00   .000E+00   .000E+00  -.829E+04   .000E+00   .000E+00   .892E+04
       33.4029   .000E+00   .000E+00   .000E+00   .000E+00   .000E+00  -.841E+04   .000E+00   .000E+00   .905E+04
       33.6028   .000E+00   .000E+00   .000E+00   .000E+00   .000E+00  -.846E+04   .000E+00   .000E+00   .910E+04
       33.8587   .000E+00   .000E+00   .000E+00   .000E+00   .000E+00  -.852E+04   .000E+00   .000E+00   .917E+04
       34.1999   .000E+00   .000E+00   .000E+00   .000E+00   .000E+00  -.861E+04   .000E+00   .000E+00   .926E+04
       34.6461   .000E+00   .000E+00   .000E+00   .000E+00   .000E+00  -.872E+04   .000E+00   .000E+00   .939E+04
       34.8444   .000E+00   .000E+00   .000E+00   .000E+00   .000E+00  -.877E+04   .000E+00   .000E+00   .944E+04
       35.1021   .000E+00   .000E+00   .000E+00   .000E+00   .000E+00  -.884E+04   .000E+00   .000E+00   .951E+04
       35.4287   .000E+00   .000E+00   .000E+00   .000E+00   .000E+00  -.892E+04   .000E+00   .000E+00   .960E+04
       35.8858   .000E+00   .000E+00   .000E+00   .000E+00   .000E+00  -.903E+04   .000E+00   .000E+00   .973E+04
       36.0817   .000E+00   .000E+00   .000E+00   .000E+00   .000E+00  -.908E+04   .000E+00   .000E+00   .978E+04
       36.3429   .000E+00   .000E+00   .000E+00   .000E+00   .000E+00  -.915E+04   .000E+00   .000E+00   .985E+04
       36.6754   .000E+00   .000E+00   .000E+00   .000E+00   .000E+00  -.923E+04   .000E+00   .000E+00   .994E+04
       37.0910   .000E+00   .000E+00   .000E+00   .000E+00   .000E+00  -.934E+04   .000E+00   .000E+00   .101E+05
       37.2849   .000E+00   .000E+00   .000E+00   .000E+00   .000E+00  -.939E+04   .000E+00   .000E+00   .101E+05
       37.5317   .000E+00   .000E+00   .000E+00   .000E+00   .000E+00  -.945E+04   .000E+00   .000E+00   .102E+05
       37.8403   .000E+00   .000E+00   .000E+00   .000E+00   .000E+00  -.953E+04   .000E+00   .000E+00   .103E+05
       38.2722   .000E+00   .000E+00   .000E+00   .000E+00   .000E+00  -.963E+04   .000E+00   .000E+00   .104E+05
       38.4642   .000E+00   .000E+00   .000E+00   .000E+00   .000E+00  -.968E+04   .000E+00   .000E+00   .104E+05
       38.7202   .000E+00   .000E+00   .000E+00   .000E+00   .000E+00  -.975E+04   .000E+00   .000E+00   .105E+05
       39.0401   .000E+00   .000E+00   .000E+00   .000E+00   .000E+00  -.983E+04   .000E+00   .000E+00   .106E+05
       39.5201   .000E+00   .000E+00   .000E+00   .000E+00   .000E+00  -.995E+04   .000E+00   .000E+00   .107E+05
       39.6800   .000E+00   .000E+00   .000E+00   .000E+00   .000E+00  -.999E+04   .000E+00   .000E+00   .108E+05
       39.8400   .000E+00   .000E+00   .000E+00   .000E+00   .000E+00  -.100E+05   .000E+00   .000E+00   .108E+05
       40.0000   .000E+00   .000E+00   .000E+00   .000E+00   .000E+00  -.101E+05   .000E+00   .000E+00   .108E+05
       40.2703   .000E+00   .000E+00   .000E+00   .000E+00   .000E+00  -.101E+05   .000E+00   .000E+00   .109E+05
       40.6226   .000E+00   .000E+00   .000E+00   .000E+00   .000E+00  -.102E+05   .000E+00   .000E+00   .110E+05
       41.0840   .000E+00   .000E+00   .000E+00   .000E+00   .000E+00  -.103E+05   .000E+00   .000E+00   .111E+05
       41.6751   .000E+00   .000E+00   .000E+00   .000E+00   .000E+00  -.105E+05   .000E+00   .000E+00   .113E+05
       41.9296   .000E+00   .000E+00   .000E+00   .000E+00   .000E+00  -.106E+05   .000E+00   .000E+00   .114E+05
       42.2581   .000E+00   .000E+00   .000E+00   .000E+00   .000E+00  -.106E+05   .000E+00   .000E+00   .114E+05
       42.4024   .000E+00   .000E+00   .000E+00   .000E+00   .000E+00  -.107E+05   .000E+00   .000E+00   .115E+05
       42.5896   .000E+00   .000E+00   .000E+00   .000E+00   .000E+00  -.107E+05   .000E+00   .000E+00   .115E+05
       42.8348   .000E+00   .000E+00   .000E+00   .000E+00   .000E+00  -.108E+05   .000E+00   .000E+00   .116E+05
       43.1527   .000E+00   .000E+00   .000E+00   .000E+00   .000E+00  -.109E+05   .000E+00   .000E+00   .117E+05
       43.5636   .000E+00   .000E+00   .000E+00   .000E+00   .000E+00  -.110E+05   .000E+00   .000E+00   .118E+05
       44.0938   .000E+00   .000E+00   .000E+00   .000E+00   .000E+00  -.111E+05   .000E+00   .000E+00   .119E+05
       44.3243   .000E+00   .000E+00   .000E+00   .000E+00   .000E+00  -.112E+05   .000E+00   .000E+00   .120E+05
       44.6258   .000E+00   .000E+00   .000E+00   .000E+00   .000E+00  -.112E+05   .000E+00   .000E+00   .121E+05
       45.0200   .000E+00   .000E+00   .000E+00   .000E+00   .000E+00  -.113E+05   .000E+00   .000E+00   .122E+05
       45.1864   .000E+00   .000E+00   .000E+00   .000E+00   .000E+00  -.114E+05   .000E+00   .000E+00   .122E+05
       45.4043   .000E+00   .000E+00   .000E+00   .000E+00   .000E+00  -.114E+05   .000E+00   .000E+00   .123E+05
       45.6850   .000E+00   .000E+00   .000E+00   .000E+00   .000E+00  -.115E+05   .000E+00   .000E+00   .124E+05
       46.0520   .000E+00   .000E+00   .000E+00   .000E+00   .000E+00  -.116E+05   .000E+00   .000E+00   .125E+05
       46.5330   .000E+00   .000E+00   .000E+00   .000E+00   .000E+00  -.117E+05   .000E+00   .000E+00   .126E+05
       46.7370   .000E+00   .000E+00   .000E+00   .000E+00   .000E+00  -.118E+05   .000E+00   .000E+00   .126E+05
       47.0023   .000E+00   .000E+00   .000E+00   .000E+00   .000E+00  -.118E+05   .000E+00   .000E+00   .127E+05
       47.3443   .000E+00   .000E+00   .000E+00   .000E+00   .000E+00  -.119E+05   .000E+00   .000E+00   .128E+05
       47.7963   .000E+00   .000E+00   .000E+00   .000E+00   .000E+00  -.120E+05   .000E+00   .000E+00   .129E+05
       47.9900   .000E+00   .000E+00   .000E+00   .000E+00   .000E+00  -.121E+05   .000E+00   .000E+00   .130E+05
       48.2402   .000E+00   .000E+00   .000E+00   .000E+00   .000E+00  -.121E+05   .000E+00   .000E+00   .130E+05
       48.5669   .000E+00   .000E+00   .000E+00   .000E+00   .000E+00  -.122E+05   .000E+00   .000E+00   .131E+05
       48.9903   .000E+00   .000E+00   .000E+00   .000E+00   .000E+00  -.123E+05   .000E+00   .000E+00   .132E+05
       49.1738   .000E+00   .000E+00   .000E+00   .000E+00   .000E+00  -.124E+05   .000E+00   .000E+00   .133E+05
       49.4144   .000E+00   .000E+00   .000E+00   .000E+00   .000E+00  -.124E+05   .000E+00   .000E+00   .134E+05
       49.7258   .000E+00   .000E+00   .000E+00   .000E+00   .000E+00  -.125E+05   .000E+00   .000E+00   .134E+05
       50.1367   .000E+00   .000E+00   .000E+00   .000E+00   .000E+00  -.126E+05   .000E+00   .000E+00   .135E+05
       50.6559   .000E+00   .000E+00   .000E+00   .000E+00   .000E+00  -.128E+05   .000E+00   .000E+00   .137E+05
       50.8783   .000E+00   .000E+00   .000E+00   .000E+00   .000E+00  -.128E+05   .000E+00   .000E+00   .137E+05
       51.1634   .000E+00   .000E+00   .000E+00   .000E+00   .000E+00  -.129E+05   .000E+00   .000E+00   .138E+05
       51.5316   .000E+00   .000E+00   .000E+00   .000E+00   .000E+00  -.130E+05   .000E+00   .000E+00   .139E+05
       51.6976   .000E+00   .000E+00   .000E+00   .000E+00   .000E+00  -.130E+05   .000E+00   .000E+00   .140E+05
       51.9161   .000E+00   .000E+00   .000E+00   .000E+00   .000E+00  -.131E+05   .000E+00   .000E+00   .140E+05
       52.1949   .000E+00   .000E+00   .000E+00   .000E+00   .000E+00  -.131E+05   .000E+00   .000E+00   .141E+05
       52.5665   .000E+00   .000E+00   .000E+00   .000E+00   .000E+00  -.132E+05   .000E+00   .000E+00   .142E+05
       53.0311   .000E+00   .000E+00   .000E+00   .000E+00   .000E+00  -.133E+05   .000E+00   .000E+00   .143E+05
       53.2423   .000E+00   .000E+00   .000E+00   .000E+00   .000E+00  -.134E+05   .000E+00   .000E+00   .144E+05
       53.5126   .000E+00   .000E+00   .000E+00   .000E+00   .000E+00  -.135E+05   .000E+00   .000E+00   .144E+05
       53.8730   .000E+00   .000E+00   .000E+00   .000E+00   .000E+00  -.136E+05   .000E+00   .000E+00   .145E+05
       54.3443   .000E+00   .000E+00   .000E+00   .000E+00   .000E+00  -.137E+05   .000E+00   .000E+00   .147E+05
       54.5538   .000E+00   .000E+00   .000E+00   .000E+00   .000E+00  -.137E+05   .000E+00   .000E+00   .147E+05
       54.8261   .000E+00   .000E+00   .000E+00   .000E+00   .000E+00  -.138E+05   .000E+00   .000E+00   .148E+05
       55.1710   .000E+00   .000E+00   .000E+00   .000E+00   .000E+00  -.139E+05   .000E+00   .000E+00   .149E+05
       55.3320   .000E+00   .000E+00   .000E+00   .000E+00   .000E+00  -.139E+05   .000E+00   .000E+00   .149E+05
       55.5442   .000E+00   .000E+00   .000E+00   .000E+00   .000E+00  -.140E+05   .000E+00   .000E+00   .150E+05
       55.8227   .000E+00   .000E+00   .000E+00   .000E+00   .000E+00  -.141E+05   .000E+00   .000E+00   .150E+05
       56.1708   .000E+00   .000E+00   .000E+00   .000E+00   .000E+00  -.141E+05   .000E+00   .000E+00   .151E+05
       56.6494   .000E+00   .000E+00   .000E+00   .000E+00   .000E+00  -.143E+05   .000E+00   .000E+00   .153E+05
       57.2079   .000E+00   .000E+00   .000E+00   .000E+00   .000E+00  -.144E+05   .000E+00   .000E+00   .154E+05
       57.4405   .000E+00   .000E+00   .000E+00   .000E+00   .000E+00  -.145E+05   .000E+00   .000E+00   .155E+05
       57.7605   .000E+00   .000E+00   .000E+00   .000E+00   .000E+00  -.145E+05   .000E+00   .000E+00   .155E+05
       57.8849   .000E+00   .000E+00   .000E+00   .000E+00   .000E+00  -.146E+05   .000E+00   .000E+00   .156E+05
       58.0476   .000E+00   .000E+00   .000E+00   .000E+00   .000E+00  -.146E+05   .000E+00   .000E+00   .156E+05
       58.2645   .000E+00   .000E+00   .000E+00   .000E+00   .000E+00  -.147E+05   .000E+00   .000E+00   .157E+05
       58.5538   .000E+00   .000E+00   .000E+00   .000E+00   .000E+00  -.147E+05   .000E+00   .000E+00   .158E+05
       58.9153   .000E+00   .000E+00   .000E+00   .000E+00   .000E+00  -.148E+05   .000E+00   .000E+00   .158E+05
       59.4577   .000E+00   .000E+00   .000E+00   .000E+00   .000E+00  -.150E+05   .000E+00   .000E+00   .160E+05
       60.0000   .000E+00   .000E+00   .000E+00   .000E+00   .000E+00  -.151E+05   .000E+00   .000E+00   .161E+05
       60.2020   .000E+00   .000E+00   .000E+00   .000E+00   .000E+00  -.152E+05   .000E+00   .000E+00   .162E+05
       60.4660   .000E+00   .000E+00   .000E+00   .000E+00   .000E+00  -.152E+05   .000E+00   .000E+00   .163E+05
       60.8087   .000E+00   .000E+00   .000E+00   .000E+00   .000E+00  -.153E+05   .000E+00   .000E+00   .163E+05
       61.2550   .000E+00   .000E+00   .000E+00   .000E+00   .000E+00  -.154E+05   .000E+00   .000E+00   .165E+05
       61.4503   .000E+00   .000E+00   .000E+00   .000E+00   .000E+00  -.155E+05   .000E+00   .000E+00   .165E+05
       61.7044   .000E+00   .000E+00   .000E+00   .000E+00   .000E+00  -.155E+05   .000E+00   .000E+00   .166E+05
       62.0370   .000E+00   .000E+00   .000E+00   .000E+00   .000E+00  -.156E+05   .000E+00   .000E+00   .167E+05
       62.4647   .000E+00   .000E+00   .000E+00   .000E+00   .000E+00  -.157E+05   .000E+00   .000E+00   .168E+05
       62.6533   .000E+00   .000E+00   .000E+00   .000E+00   .000E+00  -.158E+05   .000E+00   .000E+00   .168E+05
       62.8976   .000E+00   .000E+00   .000E+00   .000E+00   .000E+00  -.158E+05   .000E+00   .000E+00   .169E+05
       63.2143   .000E+00   .000E+00   .000E+00   .000E+00   .000E+00  -.159E+05   .000E+00   .000E+00   .170E+05
       63.6237   .000E+00   .000E+00   .000E+00   .000E+00   .000E+00  -.160E+05   .000E+00   .000E+00   .171E+05
       63.8057   .000E+00   .000E+00   .000E+00   .000E+00   .000E+00  -.161E+05   .000E+00   .000E+00   .171E+05
       64.0438   .000E+00   .000E+00   .000E+00   .000E+00   .000E+00  -.161E+05   .000E+00   .000E+00   .172E+05
       64.3507   .000E+00   .000E+00   .000E+00   .000E+00   .000E+00  -.162E+05   .000E+00   .000E+00   .173E+05
       64.7519   .000E+00   .000E+00   .000E+00   .000E+00   .000E+00  -.163E+05   .000E+00   .000E+00   .174E+05
       65.2777   .000E+00   .000E+00   .000E+00   .000E+00   .000E+00  -.164E+05   .000E+00   .000E+00   .175E+05
       65.5008   .000E+00   .000E+00   .000E+00   .000E+00   .000E+00  -.165E+05   .000E+00   .000E+00   .176E+05
       65.7908   .000E+00   .000E+00   .000E+00   .000E+00   .000E+00  -.166E+05   .000E+00   .000E+00   .176E+05
       66.1647   .000E+00   .000E+00   .000E+00   .000E+00   .000E+00  -.167E+05   .000E+00   .000E+00   .177E+05
       66.3294   .000E+00   .000E+00   .000E+00   .000E+00   .000E+00  -.167E+05   .000E+00   .000E+00   .178E+05
       66.5430   .000E+00   .000E+00   .000E+00   .000E+00   .000E+00  -.168E+05   .000E+00   .000E+00   .178E+05
       66.8234   .000E+00   .000E+00   .000E+00   .000E+00   .000E+00  -.168E+05   .000E+00   .000E+00   .179E+05
       67.1894   .000E+00   .000E+00   .000E+00   .000E+00   .000E+00  -.169E+05   .000E+00   .000E+00   .180E+05
       67.6638   .000E+00   .000E+00   .000E+00   .000E+00   .000E+00  -.170E+05   .000E+00   .000E+00   .181E+05
       67.8694   .000E+00   .000E+00   .000E+00   .000E+00   .000E+00  -.171E+05   .000E+00   .000E+00   .182E+05
       68.1390   .000E+00   .000E+00   .000E+00   .000E+00   .000E+00  -.172E+05   .000E+00   .000E+00   .182E+05
       68.4879   .000E+00   .000E+00   .000E+00   .000E+00   .000E+00  -.172E+05   .000E+00   .000E+00   .183E+05
       68.9484   .000E+00   .000E+00   .000E+00   .000E+00   .000E+00  -.174E+05   .000E+00   .000E+00   .185E+05
       69.1422   .000E+00   .000E+00   .000E+00   .000E+00   .000E+00  -.174E+05   .000E+00   .000E+00   .185E+05
       69.3947   .000E+00   .000E+00   .000E+00   .000E+00   .000E+00  -.175E+05   .000E+00   .000E+00   .186E+05
       69.7262   .000E+00   .000E+00   .000E+00   .000E+00   .000E+00  -.176E+05   .000E+00   .000E+00   .187E+05
       70.1542   .000E+00   .000E+00   .000E+00   .000E+00   .000E+00  -.177E+05   .000E+00   .000E+00   .188E+05
       70.3366   .000E+00   .000E+00   .000E+00   .000E+00   .000E+00  -.177E+05   .000E+00   .000E+00   .188E+05
       70.5723   .000E+00   .000E+00   .000E+00   .000E+00   .000E+00  -.178E+05   .000E+00   .000E+00   .189E+05
       70.8764   .000E+00   .000E+00   .000E+00   .000E+00   .000E+00  -.178E+05   .000E+00   .000E+00   .190E+05
       71.2731   .000E+00   .000E+00   .000E+00   .000E+00   .000E+00  -.179E+05   .000E+00   .000E+00   .191E+05
       71.7864   .000E+00   .000E+00   .000E+00   .000E+00   .000E+00  -.181E+05   .000E+00   .000E+00   .192E+05
       72.0146   .000E+00   .000E+00   .000E+00   .000E+00   .000E+00  -.181E+05   .000E+00   .000E+00   .193E+05
       72.3103   .000E+00   .000E+00   .000E+00   .000E+00   .000E+00  -.182E+05   .000E+00   .000E+00   .193E+05
       72.6948   .000E+00   .000E+00   .000E+00   .000E+00   .000E+00  -.183E+05   .000E+00   .000E+00   .194E+05
       72.8571   .000E+00   .000E+00   .000E+00   .000E+00   .000E+00  -.183E+05   .000E+00   .000E+00   .195E+05
       73.0672   .000E+00   .000E+00   .000E+00   .000E+00   .000E+00  -.184E+05   .000E+00   .000E+00   .195E+05
       73.3445   .000E+00   .000E+00   .000E+00   .000E+00   .000E+00  -.185E+05   .000E+00   .000E+00   .196E+05
       73.6948   .000E+00   .000E+00   .000E+00   .000E+00   .000E+00  -.186E+05   .000E+00   .000E+00   .197E+05
       74.1452   .000E+00   .000E+00   .000E+00   .000E+00   .000E+00  -.187E+05   .000E+00   .000E+00   .198E+05
       74.3404   .000E+00   .000E+00   .000E+00   .000E+00   .000E+00  -.187E+05   .000E+00   .000E+00   .199E+05
       74.5976   .000E+00   .000E+00   .000E+00   .000E+00   .000E+00  -.188E+05   .000E+00   .000E+00   .199E+05
       74.9353   .000E+00   .000E+00   .000E+00   .000E+00   .000E+00  -.189E+05   .000E+00   .000E+00   .200E+05
       75.3573   .000E+00   .000E+00   .000E+00   .000E+00   .000E+00  -.190E+05   .000E+00   .000E+00   .201E+05
       75.5508   .000E+00   .000E+00   .000E+00   .000E+00   .000E+00  -.190E+05   .000E+00   .000E+00   .202E+05
       75.7979   .000E+00   .000E+00   .000E+00   .000E+00   .000E+00  -.191E+05   .000E+00   .000E+00   .202E+05
       76.1212   .000E+00   .000E+00   .000E+00   .000E+00   .000E+00  -.192E+05   .000E+00   .000E+00   .203E+05
       76.5522   .000E+00   .000E+00   .000E+00   .000E+00   .000E+00  -.193E+05   .000E+00   .000E+00   .204E+05
       76.7437   .000E+00   .000E+00   .000E+00   .000E+00   .000E+00  -.193E+05   .000E+00   .000E+00   .205E+05
       76.9942   .000E+00   .000E+00   .000E+00   .000E+00   .000E+00  -.194E+05   .000E+00   .000E+00   .205E+05
       77.3282   .000E+00   .000E+00   .000E+00   .000E+00   .000E+00  -.195E+05   .000E+00   .000E+00   .206E+05
       77.7735   .000E+00   .000E+00   .000E+00   .000E+00   .000E+00  -.196E+05   .000E+00   .000E+00   .207E+05
       78.3301   .000E+00   .000E+00   .000E+00   .000E+00   .000E+00  -.197E+05   .000E+00   .000E+00   .209E+05
       78.4229   .000E+00   .000E+00   .000E+00   .000E+00   .000E+00  -.197E+05   .000E+00   .000E+00   .209E+05
       78.5442   .000E+00   .000E+00   .000E+00   .000E+00   .000E+00  -.198E+05   .000E+00   .000E+00   .209E+05
       78.7059   .000E+00   .000E+00   .000E+00   .000E+00   .000E+00  -.198E+05   .000E+00   .000E+00   .210E+05
       78.9216   .000E+00   .000E+00   .000E+00   .000E+00   .000E+00  -.199E+05   .000E+00   .000E+00   .210E+05
       79.1912   .000E+00   .000E+00   .000E+00   .000E+00   .000E+00  -.199E+05   .000E+00   .000E+00   .211E+05
       79.5956   .000E+00   .000E+00   .000E+00   .000E+00   .000E+00  -.200E+05   .000E+00   .000E+00   .212E+05
       80.0000   .000E+00   .000E+00   .000E+00   .000E+00   .000E+00  -.201E+05   .000E+00   .000E+00   .213E+05
end
