

       Time         hAtm       hRoot     hKode3     hKode1        hSeep     hKode5     hKode6 ... 
      [T]          [L]        [L]        [L]        [L]        [L]        [L]        [L]

         .1000         .0         .0         .0      -10.0         .0         .0       -9.5
         .2000         .0         .0         .0      -10.0         .0         .0       -9.6
         .3000         .0         .0         .0      -10.0         .0         .0       -9.6
         .4000         .0         .0         .0      -10.0         .0         .0       -9.7
         .5000         .0         .0         .0      -10.0         .0         .0       -9.7
         .6000         .0         .0         .0      -10.0         .0         .0       -9.8
         .7000         .0         .0         .0      -10.0         .0         .0       -9.8
         .8000         .0         .0         .0      -10.0         .0         .0       -9.8
         .9000         .0         .0         .0      -10.0         .0         .0       -9.9
        1.0000         .0         .0         .0      -10.0         .0         .0       -9.9
        1.1000         .0         .0         .0      -10.0         .0         .0       -9.9
        1.2000         .0         .0         .0      -10.0         .0         .0       -9.9
        1.3000         .0         .0         .0      -10.0         .0         .0       -9.9
        1.4000         .0         .0         .0      -10.0         .0         .0      -10.0
        1.5000         .0         .0         .0      -10.0         .0         .0      -10.0
        1.6000         .0         .0         .0      -10.0         .0         .0      -10.0
        1.7000         .0         .0         .0      -10.0         .0         .0      -10.0
        1.8000         .0         .0         .0      -10.0         .0         .0      -10.0
        1.9000         .0         .0         .0      -10.0         .0         .0      -10.0
        2.0000         .0         .0         .0      -10.0         .0         .0      -10.0
        2.1333         .0         .0         .0      -10.0         .0         .0      -10.0
        2.2667         .0         .0         .0      -10.0         .0         .0      -10.0
        2.4000         .0         .0         .0      -10.0         .0         .0      -10.0
        2.5333         .0         .0         .0      -10.0         .0         .0      -10.0
        2.6667         .0         .0         .0      -10.0         .0         .0      -10.0
        2.8000         .0         .0         .0      -10.0         .0         .0      -10.0
        2.9333         .0         .0         .0      -10.0         .0         .0      -10.0
        3.0667         .0         .0         .0      -10.0         .0         .0      -10.0
        3.2000         .0         .0         .0      -10.0         .0         .0      -10.0
        3.3333         .0         .0         .0      -10.0         .0         .0      -10.0
        3.4667         .0         .0         .0      -10.0         .0         .0      -10.0
        3.6000         .0         .0         .0      -10.0         .0         .0      -10.0
        3.7333         .0         .0         .0      -10.0         .0         .0      -10.0
        3.8667         .0         .0         .0      -10.0         .0         .0      -10.0
        4.0000         .0         .0         .0      -10.0         .0         .0      -10.0
        4.1290         .0         .0         .0      -10.0         .0         .0      -10.0
        4.2581         .0         .0         .0      -10.0         .0         .0      -10.0
        4.3871         .0         .0         .0      -10.0         .0         .0      -10.0
        4.5161         .0         .0         .0      -10.0         .0         .0      -10.0
        4.6452         .0         .0         .0      -10.0         .0         .0      -10.0
        4.7742         .0         .0         .0      -10.0         .0         .0      -10.0
        4.9032         .0         .0         .0      -10.0         .0         .0      -10.0
        5.0323         .0         .0         .0      -10.0         .0         .0      -10.0
        5.1613         .0         .0         .0      -10.0         .0         .0      -10.0
        5.2903         .0         .0         .0      -10.0         .0         .0      -10.0
        5.4194         .0         .0         .0      -10.0         .0         .0      -10.0
        5.5484         .0         .0         .0      -10.0         .0         .0      -10.0
        5.6774         .0         .0         .0      -10.0         .0         .0      -10.0
        5.8064         .0         .0         .0      -10.0         .0         .0      -10.0
        5.9752         .0         .0         .0      -10.0         .0         .0      -10.0
        6.1439         .0         .0         .0      -10.0         .0         .0      -10.0
        6.3127         .0         .0         .0      -10.0         .0         .0      -10.0
        6.4814         .0         .0         .0      -10.0         .0         .0      -10.0
        6.6501         .0         .0         .0      -10.0         .0         .0      -10.0
        6.8189         .0         .0         .0      -10.0         .0         .0      -10.0
        6.9876         .0         .0         .0      -10.0         .0         .0      -10.0
        7.1563         .0         .0         .0      -10.0         .0         .0      -10.0
        7.3251         .0         .0         .0      -10.0         .0         .0      -10.0
        7.4938         .0         .0         .0      -10.0         .0         .0      -10.0
        7.6625         .0         .0         .0      -10.0         .0         .0      -10.0
        7.8313         .0         .0         .0      -10.0         .0         .0      -10.0
        8.0000         .0         .0         .0      -10.0         .0         .0      -10.0
        8.1667         .0         .0         .0      -10.0         .0         .0      -10.0
        8.3333         .0         .0         .0      -10.0         .0         .0      -10.0
        8.5000         .0         .0         .0      -10.0         .0         .0      -10.0
        8.6667         .0         .0         .0      -10.0         .0         .0      -10.0
        8.8333         .0         .0         .0      -10.0         .0         .0      -10.0
        9.0595         .0         .0         .0      -10.0         .0         .0      -10.0
        9.2857         .0         .0         .0      -10.0         .0         .0      -10.0
        9.5119         .0         .0         .0      -10.0         .0         .0      -10.0
        9.7381         .0         .0         .0      -10.0         .0         .0      -10.0
        9.9643         .0         .0         .0      -10.0         .0         .0      -10.0
       10.1905         .0         .0         .0      -10.0         .0         .0      -10.0
       10.4167         .0         .0         .0      -10.0         .0         .0      -10.0
       10.6429         .0         .0         .0      -10.0         .0         .0      -10.1
       10.8690         .0         .0         .0      -10.0         .0         .0      -10.1
       11.0952         .0         .0         .0      -10.0         .0         .0      -10.1
       11.3214         .0         .0         .0      -10.0         .0         .0      -10.1
       11.5476         .0         .0         .0      -10.0         .0         .0      -10.1
       11.7738         .0         .0         .0      -10.0         .0         .0      -10.1
       12.0000         .0         .0         .0      -10.0         .0         .0      -10.1
       12.2222         .0         .0         .0      -10.0         .0         .0      -10.1
       12.5103         .0         .0         .0      -10.0         .0         .0      -10.1
       12.7984         .0         .0         .0      -10.0         .0         .0      -10.1
       13.0864         .0         .0         .0      -10.0         .0         .0      -10.0
       13.3745         .0         .0         .0      -10.0         .0         .0      -10.0
       13.6626         .0         .0         .0      -10.0         .0         .0      -10.0
       13.9506         .0         .0         .0      -10.0         .0         .0      -10.0
       14.2387         .0         .0         .0      -10.0         .0         .0       -9.9
       14.5267         .0         .0         .0      -10.0         .0         .0       -9.9
       14.8148         .0         .0         .0      -10.0         .0         .0       -9.8
       15.1029         .0         .0         .0      -10.0         .0         .0       -9.8
       15.3909         .0         .0         .0      -10.0         .0         .0       -9.8
       15.5190         .0         .0         .0      -10.0         .0         .0       -9.8
       15.6849         .0         .0         .0      -10.0         .0         .0       -9.8
       15.8509         .0         .0         .0      -10.0         .0         .0       -9.7
       16.0693         .0         .0         .0      -10.0         .0         .0       -9.7
       16.2877         .0         .0         .0      -10.0         .0         .0       -9.7
       16.5732         .0         .0         .0      -10.0         .0         .0       -9.7
       16.9540         .0         .0         .0      -10.0         .0         .0       -9.6
       17.3347         .0         .0         .0      -10.0         .0         .0       -9.6
       17.4616         .0         .0         .0      -10.0         .0         .0       -9.6
       17.6309         .0         .0         .0      -10.0         .0         .0       -9.6
       17.8462         .0         .0         .0      -10.0         .0         .0       -9.6
       18.1155         .0         .0         .0      -10.0         .0         .0       -9.6
       18.4924         .0         .0         .0      -10.0         .0         .0       -9.7
       18.6599         .0         .0         .0      -10.0         .0         .0       -9.7
       18.8832         .0         .0         .0      -10.0         .0         .0       -9.7
       19.1624         .0         .0         .0      -10.0         .0         .0       -9.7
       19.5812         .0         .0         .0      -10.0         .0         .0       -9.7
       19.7208         .0         .0         .0      -10.0         .0         .0       -9.7
       19.8604         .0         .0         .0      -10.0         .0         .0       -9.7
       20.0000         .0         .0         .0      -10.0         .0         .0       -9.7
       20.2381         .0         .0         .0      -10.0         .0         .0       -9.7
       20.5432         .0         .0         .0      -10.0         .0         .0       -9.7
       20.9372         .0         .0         .0      -10.0         .0         .0       -9.7
       21.4703         .0         .0         .0      -10.0         .0         .0       -9.8
       21.6890         .0         .0         .0      -10.0         .0         .0       -9.8
       21.9756         .0         .0         .0      -10.0         .0         .0       -9.8
       22.3403         .0         .0         .0      -10.0         .0         .0       -9.8
       22.4999         .0         .0         .0      -10.0         .0         .0       -9.8
       22.7083         .0         .0         .0      -10.0         .0         .0       -9.8
       22.9783         .0         .0         .0      -10.0         .0         .0       -9.8
       23.3294         .0         .0         .0      -10.0         .0         .0       -9.8
       23.7741         .0         .0         .0      -10.0         .0         .0       -9.8
       23.9628         .0         .0         .0      -10.0         .0         .0       -9.8
       24.2043         .0         .0         .0      -10.0         .0         .0       -9.8
       24.5262         .0         .0         .0      -10.0         .0         .0       -9.9
       24.6666         .0         .0         .0      -10.0         .0         .0       -9.9
       24.8505         .0         .0         .0      -10.0         .0         .0       -9.9
       25.0846         .0         .0         .0      -10.0         .0         .0       -9.9
       25.3918         .0         .0         .0      -10.0         .0         .0       -9.9
       25.8107         .0         .0         .0      -10.0         .0         .0       -9.9
       26.3344         .0         .0         .0      -10.0         .0         .0       -9.9
       26.5788         .0         .0         .0      -10.0         .0         .0       -9.9
       26.8898         .0         .0         .0      -10.0         .0         .0       -9.9
       27.0194         .0         .0         .0      -10.0         .0         .0       -9.9
       27.1850         .0         .0         .0      -10.0         .0         .0       -9.9
       27.4015         .0         .0         .0      -10.0         .0         .0       -9.9
       27.6902         .0         .0         .0      -10.0         .0         .0      -10.0
       28.0752         .0         .0         .0      -10.0         .0         .0      -10.0
       28.5564         .0         .0         .0      -10.0         .0         .0      -10.0
       28.7970         .0         .0         .0      -10.0         .0         .0      -10.0
       29.0977         .0         .0         .0      -10.0         .0         .0      -10.0
       29.2481         .0         .0         .0      -10.0         .0         .0      -10.0
       29.4361         .0         .0         .0      -10.0         .0         .0      -10.0
       29.7180         .0         .0         .0      -10.0         .0         .0      -10.0
       30.0000         .0         .0         .0      -10.0         .0         .0      -10.0
       30.3333         .0         .0         .0      -10.0         .0         .0      -10.0
       30.7536         .0         .0         .0      -10.0         .0         .0      -10.1
       30.9349         .0         .0         .0      -10.0         .0         .0      -10.1
       31.1735         .0         .0         .0      -10.0         .0         .0      -10.1
       31.4778         .0         .0         .0      -10.0         .0         .0      -10.1
       31.8837         .0         .0         .0      -10.0         .0         .0      -10.1
       32.0527         .0         .0         .0      -10.0         .0         .0      -10.1
       32.2735         .0         .0         .0      -10.0         .0         .0      -10.1
       32.5597         .0         .0         .0      -10.0         .0         .0      -10.1
       32.9317         .0         .0         .0      -10.0         .0         .0      -10.1
       33.4029         .0         .0         .0      -10.0         .0         .0      -10.1
       33.6028         .0         .0         .0      -10.0         .0         .0      -10.1
       33.8587         .0         .0         .0      -10.0         .0         .0      -10.1
       34.1999         .0         .0         .0      -10.0         .0         .0      -10.1
       34.6461         .0         .0         .0      -10.0         .0         .0      -10.2
       34.8444         .0         .0         .0      -10.0         .0         .0      -10.2
       35.1021         .0         .0         .0      -10.0         .0         .0      -10.2
       35.4287         .0         .0         .0      -10.0         .0         .0      -10.2
       35.8858         .0         .0         .0      -10.0         .0         .0      -10.2
       36.0817         .0         .0         .0      -10.0         .0         .0      -10.2
       36.3429         .0         .0         .0      -10.0         .0         .0      -10.2
       36.6754         .0         .0         .0      -10.0         .0         .0      -10.2
       37.0910         .0         .0         .0      -10.0         .0         .0      -10.2
       37.2849         .0         .0         .0      -10.0         .0         .0      -10.2
       37.5317         .0         .0         .0      -10.0         .0         .0      -10.2
       37.8403         .0         .0         .0      -10.0         .0         .0      -10.2
       38.2722         .0         .0         .0      -10.0         .0         .0      -10.2
       38.4642         .0         .0         .0      -10.0         .0         .0      -10.2
       38.7202         .0         .0         .0      -10.0         .0         .0      -10.2
       39.0401         .0         .0         .0      -10.0         .0         .0      -10.2
       39.5201         .0         .0         .0      -10.0         .0         .0      -10.3
       39.6800         .0         .0         .0      -10.0         .0         .0      -10.3
       39.8400         .0         .0         .0      -10.0         .0         .0      -10.3
       40.0000         .0         .0         .0      -10.0         .0         .0      -10.3
       40.2703         .0         .0         .0      -10.0         .0         .0      -10.3
       40.6226         .0         .0         .0      -10.0         .0         .0      -10.3
       41.0840         .0         .0         .0      -10.0         .0         .0      -10.3
       41.6751         .0         .0         .0      -10.0         .0         .0      -10.3
       41.9296         .0         .0         .0      -10.0         .0         .0      -10.3
       42.2581         .0         .0         .0      -10.0         .0         .0      -10.3
       42.4024         .0         .0         .0      -10.0         .0         .0      -10.3
       42.5896         .0         .0         .0      -10.0         .0         .0      -10.3
       42.8348         .0         .0         .0      -10.0         .0         .0      -10.3
       43.1527         .0         .0         .0      -10.0         .0         .0      -10.3
       43.5636         .0         .0         .0      -10.0         .0         .0      -10.3
       44.0938         .0         .0         .0      -10.0         .0         .0      -10.3
       44.3243         .0         .0         .0      -10.0         .0         .0      -10.3
       44.6258         .0         .0         .0      -10.0         .0         .0      -10.4
       45.0200         .0         .0         .0      -10.0         .0         .0      -10.4
       45.1864         .0         .0         .0      -10.0         .0         .0      -10.4
       45.4043         .0         .0         .0      -10.0         .0         .0      -10.4
       45.6850         .0         .0         .0      -10.0         .0         .0      -10.4
       46.0520         .0         .0         .0      -10.0         .0         .0      -10.4
       46.5330         .0         .0         .0      -10.0         .0         .0      -10.4
       46.7370         .0         .0         .0      -10.0         .0         .0      -10.4
       47.0023         .0         .0         .0      -10.0         .0         .0      -10.4
       47.3443         .0         .0         .0      -10.0         .0         .0      -10.4
       47.7963         .0         .0         .0      -10.0         .0         .0      -10.4
       47.9900         .0         .0         .0      -10.0         .0         .0      -10.4
       48.2402         .0         .0         .0      -10.0         .0         .0      -10.4
       48.5669         .0         .0         .0      -10.0         .0         .0      -10.4
       48.9903         .0         .0         .0      -10.0         .0         .0      -10.4
       49.1738         .0         .0         .0      -10.0         .0         .0      -10.4
       49.4144         .0         .0         .0      -10.0         .0         .0      -10.4
       49.7258         .0         .0         .0      -10.0         .0         .0      -10.5
       50.1367         .0         .0         .0      -10.0         .0         .0      -10.5
       50.6559         .0         .0         .0      -10.0         .0         .0      -10.5
       50.8783         .0         .0         .0      -10.0         .0         .0      -10.5
       51.1634         .0         .0         .0      -10.0         .0         .0      -10.5
       51.5316         .0         .0         .0      -10.0         .0         .0      -10.5
       51.6976         .0         .0         .0      -10.0         .0         .0      -10.5
       51.9161         .0         .0         .0      -10.0         .0         .0      -10.5
       52.1949         .0         .0         .0      -10.0         .0         .0      -10.5
       52.5665         .0         .0         .0      -10.0         .0         .0      -10.5
       53.0311         .0         .0         .0      -10.0         .0         .0      -10.5
       53.2423         .0         .0         .0      -10.0         .0         .0      -10.5
       53.5126         .0         .0         .0      -10.0         .0         .0      -10.5
       53.8730         .0         .0         .0      -10.0         .0         .0      -10.5
       54.3443         .0         .0         .0      -10.0         .0         .0      -10.5
       54.5538         .0         .0         .0      -10.0         .0         .0      -10.5
       54.8261         .0         .0         .0      -10.0         .0         .0      -10.5
       55.1710         .0         .0         .0      -10.0         .0         .0      -10.5
       55.3320         .0         .0         .0      -10.0         .0         .0      -10.5
       55.5442         .0         .0         .0      -10.0         .0         .0      -10.5
       55.8227         .0         .0         .0      -10.0         .0         .0      -10.5
       56.1708         .0         .0         .0      -10.0         .0         .0      -10.5
       56.6494         .0         .0         .0      -10.0         .0         .0      -10.6
       57.2079         .0         .0         .0      -10.0         .0         .0      -10.6
       57.4405         .0         .0         .0      -10.0         .0         .0      -10.6
       57.7605         .0         .0         .0      -10.0         .0         .0      -10.6
       57.8849         .0         .0         .0      -10.0         .0         .0      -10.6
       58.0476         .0         .0         .0      -10.0         .0         .0      -10.6
       58.2645         .0         .0         .0      -10.0         .0         .0      -10.6
       58.5538         .0         .0         .0      -10.0         .0         .0      -10.6
       58.9153         .0         .0         .0      -10.0         .0         .0      -10.6
       59.4577         .0         .0         .0      -10.0         .0         .0      -10.6
       60.0000         .0         .0         .0      -10.0         .0         .0      -10.6
       60.2020         .0         .0         .0      -10.0         .0         .0      -10.6
       60.4660         .0         .0         .0      -10.0         .0         .0      -10.6
       60.8087         .0         .0         .0      -10.0         .0         .0      -10.6
       61.2550         .0         .0         .0      -10.0         .0         .0      -10.6
       61.4503         .0         .0         .0      -10.0         .0         .0      -10.6
       61.7044         .0         .0         .0      -10.0         .0         .0      -10.6
       62.0370         .0         .0         .0      -10.0         .0         .0      -10.6
       62.4647         .0         .0         .0      -10.0         .0         .0      -10.6
       62.6533         .0         .0         .0      -10.0         .0         .0      -10.6
       62.8976         .0         .0         .0      -10.0         .0         .0      -10.6
       63.2143         .0         .0         .0      -10.0         .0         .0      -10.6
       63.6237         .0         .0         .0      -10.0         .0         .0      -10.6
       63.8057         .0         .0         .0      -10.0         .0         .0      -10.6
       64.0438         .0         .0         .0      -10.0         .0         .0      -10.6
       64.3507         .0         .0         .0      -10.0         .0         .0      -10.6
       64.7519         .0         .0         .0      -10.0         .0         .0      -10.6
       65.2777         .0         .0         .0      -10.0         .0         .0      -10.6
       65.5008         .0         .0         .0      -10.0         .0         .0      -10.6
       65.7908         .0         .0         .0      -10.0         .0         .0      -10.6
       66.1647         .0         .0         .0      -10.0         .0         .0      -10.6
       66.3294         .0         .0         .0      -10.0         .0         .0      -10.6
       66.5430         .0         .0         .0      -10.0         .0         .0      -10.6
       66.8234         .0         .0         .0      -10.0         .0         .0      -10.6
       67.1894         .0         .0         .0      -10.0         .0         .0      -10.6
       67.6638         .0         .0         .0      -10.0         .0         .0      -10.6
       67.8694         .0         .0         .0      -10.0         .0         .0      -10.7
       68.1390         .0         .0         .0      -10.0         .0         .0      -10.7
       68.4879         .0         .0         .0      -10.0         .0         .0      -10.7
       68.9484         .0         .0         .0      -10.0         .0         .0      -10.7
       69.1422         .0         .0         .0      -10.0         .0         .0      -10.7
       69.3947         .0         .0         .0      -10.0         .0         .0      -10.7
       69.7262         .0         .0         .0      -10.0         .0         .0      -10.7
       70.1542         .0         .0         .0      -10.0         .0         .0      -10.7
       70.3366         .0         .0         .0      -10.0         .0         .0      -10.7
       70.5723         .0         .0         .0      -10.0         .0         .0      -10.7
       70.8764         .0         .0         .0      -10.0         .0         .0      -10.7
       71.2731         .0         .0         .0      -10.0         .0         .0      -10.7
       71.7864         .0         .0         .0      -10.0         .0         .0      -10.7
       72.0146         .0         .0         .0      -10.0         .0         .0      -10.7
       72.3103         .0         .0         .0      -10.0         .0         .0      -10.7
       72.6948         .0         .0         .0      -10.0         .0         .0      -10.7
       72.8571         .0         .0         .0      -10.0         .0         .0      -10.7
       73.0672         .0         .0         .0      -10.0         .0         .0      -10.7
       73.3445         .0         .0         .0      -10.0         .0         .0      -10.7
       73.6948         .0         .0         .0      -10.0         .0         .0      -10.7
       74.1452         .0         .0         .0      -10.0         .0         .0      -10.7
       74.3404         .0         .0         .0      -10.0         .0         .0      -10.7
       74.5976         .0         .0         .0      -10.0         .0         .0      -10.7
       74.9353         .0         .0         .0      -10.0         .0         .0      -10.7
       75.3573         .0         .0         .0      -10.0         .0         .0      -10.7
       75.5508         .0         .0         .0      -10.0         .0         .0      -10.7
       75.7979         .0         .0         .0      -10.0         .0         .0      -10.7
       76.1212         .0         .0         .0      -10.0         .0         .0      -10.7
       76.5522         .0         .0         .0      -10.0         .0         .0      -10.7
       76.7437         .0         .0         .0      -10.0         .0         .0      -10.7
       76.9942         .0         .0         .0      -10.0         .0         .0      -10.7
       77.3282         .0         .0         .0      -10.0         .0         .0      -10.7
       77.7735         .0         .0         .0      -10.0         .0         .0      -10.7
       78.3301         .0         .0         .0      -10.0         .0         .0      -10.7
       78.4229         .0         .0         .0      -10.0         .0         .0      -10.7
       78.5442         .0         .0         .0      -10.0         .0         .0      -10.7
       78.7059         .0         .0         .0      -10.0         .0         .0      -10.7
       78.9216         .0         .0         .0      -10.0         .0         .0      -10.7
       79.1912         .0         .0         .0      -10.0         .0         .0      -10.7
       79.5956         .0         .0         .0      -10.0         .0         .0      -10.7
       80.0000         .0         .0         .0      -10.0         .0         .0      -10.8
end
