

  TLevel   Time         dt      Iter  ItCum

     1  .10000E+00  .10000E+00    5      5
     2  .20000E+00  .10000E+00    5     10
     3  .30000E+00  .10000E+00    4     14
     4  .40000E+00  .10000E+00    4     18
     5  .50000E+00  .10000E+00    4     22
     6  .60000E+00  .10000E+00    4     26
     7  .70000E+00  .10000E+00    4     30
     8  .80000E+00  .10000E+00    4     34
     9  .90000E+00  .10000E+00    4     38
    10  .10000E+01  .10000E+00    4     42
    11  .11000E+01  .10000E+00    4     46
    12  .12000E+01  .10000E+00    4     50
    13  .13000E+01  .10000E+00    4     54
    14  .14000E+01  .10000E+00    4     58
    15  .15000E+01  .10000E+00    4     62
    16  .16000E+01  .10000E+00    4     66
    17  .17000E+01  .10000E+00    4     70
    18  .18000E+01  .10000E+00    4     74
    19  .19000E+01  .10000E+00    4     78
    20  .20000E+01  .10000E+00    3     81
    21  .21333E+01  .13333E+00    4     85
    22  .22667E+01  .13333E+00    4     89
    23  .24000E+01  .13333E+00    4     93
    24  .25333E+01  .13333E+00    4     97
    25  .26667E+01  .13333E+00    5    102
    26  .28000E+01  .13333E+00    5    107
    27  .29333E+01  .13333E+00    4    111
    28  .30667E+01  .13333E+00    4    115
    29  .32000E+01  .13333E+00    5    120
    30  .33333E+01  .13333E+00    5    125
    31  .34667E+01  .13333E+00    4    129
    32  .36000E+01  .13333E+00    4    133
    33  .37333E+01  .13333E+00    5    138
    34  .38667E+01  .13333E+00    5    143
    35  .40000E+01  .13333E+00    4    147
    36  .41290E+01  .12903E+00    4    151
    37  .42581E+01  .12903E+00    4    155
    38  .43871E+01  .12903E+00    5    160
    39  .45161E+01  .12903E+00    5    165
    40  .46452E+01  .12903E+00    5    170
    41  .47742E+01  .12903E+00    4    174
    42  .49032E+01  .12903E+00    4    178
    43  .50323E+01  .12903E+00    4    182
    44  .51613E+01  .12903E+00    5    187
    45  .52903E+01  .12903E+00    4    191
    46  .54194E+01  .12903E+00    4    195
    47  .55484E+01  .12903E+00    4    199
    48  .56774E+01  .12903E+00    4    203
    49  .58064E+01  .12903E+00    3    206
    50  .59752E+01  .16873E+00    5    211
    51  .61439E+01  .16873E+00    4    215
    52  .63127E+01  .16873E+00    4    219
    53  .64814E+01  .16873E+00    4    223
    54  .66501E+01  .16873E+00    4    227
    55  .68189E+01  .16873E+00    4    231
    56  .69876E+01  .16873E+00    4    235
    57  .71563E+01  .16873E+00    4    239
    58  .73251E+01  .16873E+00    4    243
    59  .74938E+01  .16873E+00    4    247
    60  .76625E+01  .16873E+00    4    251
    61  .78313E+01  .16873E+00    4    255
    62  .80000E+01  .16873E+00    4    259
    63  .81667E+01  .16667E+00    4    263
    64  .83333E+01  .16667E+00    4    267
    65  .85000E+01  .16667E+00    4    271
    66  .86667E+01  .16667E+00    4    275
    67  .88333E+01  .16667E+00    3    278
    68  .90595E+01  .22619E+00    4    282
    69  .92857E+01  .22619E+00    4    286
    70  .95119E+01  .22619E+00    4    290
    71  .97381E+01  .22619E+00    4    294
    72  .99643E+01  .22619E+00    4    298
    73  .10190E+02  .22619E+00    4    302
    74  .10417E+02  .22619E+00    4    306
    75  .10643E+02  .22619E+00    4    310
    76  .10869E+02  .22619E+00    4    314
    77  .11095E+02  .22619E+00    4    318
    78  .11321E+02  .22619E+00    4    322
    79  .11548E+02  .22619E+00    4    326
    80  .11774E+02  .22619E+00    4    330
    81  .12000E+02  .22619E+00    4    334
    82  .12222E+02  .22222E+00    3    337
    83  .12510E+02  .28807E+00    4    341
    84  .12798E+02  .28807E+00    4    345
    85  .13086E+02  .28807E+00    4    349
    86  .13374E+02  .28807E+00    4    353
    87  .13663E+02  .28807E+00    4    357
    88  .13951E+02  .28807E+00    4    361
    89  .14239E+02  .28807E+00    4    365
    90  .14527E+02  .28807E+00    4    369
    91  .14815E+02  .28807E+00    4    373
    92  .15103E+02  .28807E+00    4    377
    93  .15391E+02  .28807E+00    3    380
    94  .15519E+02  .12803E+00    3    403
    95  .15685E+02  .16596E+00    4    407
    96  .15851E+02  .16596E+00    3    410
    97  .16069E+02  .21837E+00    4    414
    98  .16288E+02  .21837E+00    3    417
    99  .16573E+02  .28557E+00    3    420
   100  .16954E+02  .38075E+00    4    424
   101  .17335E+02  .38075E+00    5    429
   102  .17462E+02  .12692E+00    2    451
   103  .17631E+02  .16922E+00    3    454
   104  .17846E+02  .21538E+00    2    456
   105  .18115E+02  .26922E+00    3    459
   106  .18492E+02  .37691E+00    3    462
   107  .18660E+02  .16751E+00    2    484
   108  .18883E+02  .22335E+00    3    487
   109  .19162E+02  .27919E+00    3    490
   110  .19581E+02  .41879E+00    3    493
   111  .19721E+02  .13960E+00    2    515
   112  .19860E+02  .13960E+00    2    517
   113  .20000E+02  .13960E+00    2    519
   114  .20238E+02  .23810E+00    2    521
   115  .20543E+02  .30506E+00    3    524
   116  .20937E+02  .39404E+00    3    527
   117  .21470E+02  .53311E+00    3    530
   118  .21689E+02  .21871E+00    2    552
   119  .21976E+02  .28659E+00    2    554
   120  .22340E+02  .36475E+00    3    557
   121  .22500E+02  .15958E+00    2    579
   122  .22708E+02  .20834E+00    2    581
   123  .22978E+02  .27006E+00    2    583
   124  .23329E+02  .35108E+00    3    586
   125  .23774E+02  .44471E+00    3    589
   126  .23963E+02  .18866E+00    2    611
   127  .24204E+02  .24149E+00    2    613
   128  .24526E+02  .32199E+00    3    616
   129  .24667E+02  .14035E+00    2    638
   130  .24851E+02  .18391E+00    2    640
   131  .25085E+02  .23407E+00    2    642
   132  .25392E+02  .30721E+00    2    644
   133  .25811E+02  .41893E+00    3    647
   134  .26334E+02  .52366E+00    3    650
   135  .26579E+02  .24437E+00    2    672
   136  .26890E+02  .31102E+00    2    674
   137  .27019E+02  .12959E+00    2    696
   138  .27185E+02  .16559E+00    2    698
   139  .27401E+02  .21654E+00    2    700
   140  .27690E+02  .28872E+00    2    702
   141  .28075E+02  .38496E+00    3    705
   142  .28556E+02  .48120E+00    3    708
   143  .28797E+02  .24060E+00    2    730
   144  .29098E+02  .30075E+00    2    732
   145  .29248E+02  .15038E+00    2    754
   146  .29436E+02  .18797E+00    2    756
   147  .29718E+02  .28196E+00    2    758
   148  .30000E+02  .28196E+00    2    760
   149  .30333E+02  .33333E+00    2    762
   150  .30754E+02  .42029E+00    3    765
   151  .30935E+02  .18130E+00    2    787
   152  .31173E+02  .23855E+00    2    789
   153  .31478E+02  .30436E+00    2    791
   154  .31884E+02  .40582E+00    3    794
   155  .32053E+02  .16909E+00    2    816
   156  .32274E+02  .22076E+00    2    818
   157  .32560E+02  .28617E+00    2    820
   158  .32932E+02  .37202E+00    2    822
   159  .33403E+02  .47122E+00    3    825
   160  .33603E+02  .19991E+00    2    847
   161  .33859E+02  .25589E+00    2    849
   162  .34200E+02  .34118E+00    2    851
   163  .34646E+02  .44616E+00    3    854
   164  .34844E+02  .19829E+00    2    876
   165  .35102E+02  .25778E+00    2    878
   166  .35429E+02  .32652E+00    2    880
   167  .35886E+02  .45713E+00    3    883
   168  .36082E+02  .19591E+00    2    905
   169  .36343E+02  .26122E+00    2    907
   170  .36675E+02  .33246E+00    2    909
   171  .37091E+02  .41558E+00    2    911
   172  .37285E+02  .19394E+00    2    933
   173  .37532E+02  .24683E+00    2    935
   174  .37840E+02  .30853E+00    2    937
   175  .38272E+02  .43195E+00    2    939
   176  .38464E+02  .19198E+00    2    961
   177  .38720E+02  .25597E+00    2    963
   178  .39040E+02  .31996E+00    2    965
   179  .39520E+02  .47994E+00    2    967
   180  .39680E+02  .15998E+00    2    989
   181  .39840E+02  .15998E+00    2    991
   182  .40000E+02  .15998E+00    2    993
   183  .40270E+02  .27027E+00    2    995
   184  .40623E+02  .35232E+00    2    997
   185  .41084E+02  .46137E+00    2    999
   186  .41675E+02  .59113E+00    3   1002
   187  .41930E+02  .25451E+00    2   1024
   188  .42258E+02  .32855E+00    2   1026
   189  .42402E+02  .14424E+00    2   1048
   190  .42590E+02  .18721E+00    2   1050
   191  .42835E+02  .24522E+00    2   1052
   192  .43153E+02  .31787E+00    2   1054
   193  .43564E+02  .41091E+00    2   1056
   194  .44094E+02  .53021E+00    2   1058
   195  .44324E+02  .23052E+00    2   1080
   196  .44626E+02  .30146E+00    2   1082
   197  .45020E+02  .39421E+00    2   1084
   198  .45186E+02  .16644E+00    2   1106
   199  .45404E+02  .21785E+00    2   1108
   200  .45685E+02  .28069E+00    2   1110
   201  .46052E+02  .36705E+00    2   1112
   202  .46533E+02  .48096E+00    2   1114
   203  .46737E+02  .20405E+00    2   1136
   204  .47002E+02  .26526E+00    2   1138
   205  .47344E+02  .34204E+00    2   1140
   206  .47796E+02  .45199E+00    2   1142
   207  .47990E+02  .19371E+00    2   1164
   208  .48240E+02  .25021E+00    2   1166
   209  .48567E+02  .32666E+00    2   1168
   210  .48990E+02  .42345E+00    2   1170
   211  .49174E+02  .18349E+00    2   1192
   212  .49414E+02  .24058E+00    2   1194
   213  .49726E+02  .31134E+00    2   1196
   214  .50137E+02  .41097E+00    2   1198
   215  .50656E+02  .51912E+00    2   1200
   216  .50878E+02  .22248E+00    2   1222
   217  .51163E+02  .28505E+00    2   1224
   218  .51532E+02  .36819E+00    2   1226
   219  .51698E+02  .16605E+00    2   1248
   220  .51916E+02  .21848E+00    2   1250
   221  .52195E+02  .27875E+00    2   1252
   222  .52567E+02  .37167E+00    2   1254
   223  .53031E+02  .46459E+00    2   1256
   224  .53242E+02  .21118E+00    2   1278
   225  .53513E+02  .27031E+00    2   1280
   226  .53873E+02  .36041E+00    2   1282
   227  .54344E+02  .47131E+00    2   1284
   228  .54554E+02  .20947E+00    2   1306
   229  .54826E+02  .27231E+00    2   1308
   230  .55171E+02  .34493E+00    2   1310
   231  .55332E+02  .16097E+00    2   1332
   232  .55544E+02  .21218E+00    2   1334
   233  .55823E+02  .27849E+00    2   1336
   234  .56171E+02  .34811E+00    2   1338
   235  .56649E+02  .47865E+00    2   1340
   236  .57208E+02  .55843E+00    2   1342
   237  .57441E+02  .23268E+00    2   1364
   238  .57760E+02  .31993E+00    2   1366
   239  .57885E+02  .12442E+00    2   1388
   240  .58048E+02  .16270E+00    2   1390
   241  .58265E+02  .21693E+00    2   1392
   242  .58554E+02  .28925E+00    2   1394
   243  .58915E+02  .36156E+00    2   1396
   244  .59458E+02  .54234E+00    2   1398
   245  .60000E+02  .54234E+00    2   1400
   246  .60202E+02  .20202E+00    2   1422
   247  .60466E+02  .26397E+00    2   1424
   248  .60809E+02  .34270E+00    2   1426
   249  .61255E+02  .44631E+00    2   1428
   250  .61450E+02  .19526E+00    2   1450
   251  .61704E+02  .25411E+00    2   1452
   252  .62037E+02  .33265E+00    2   1454
   253  .62465E+02  .42769E+00    2   1456
   254  .62653E+02  .18855E+00    2   1478
   255  .62898E+02  .24432E+00    2   1480
   256  .63214E+02  .31671E+00    2   1482
   257  .63624E+02  .40941E+00    2   1484
   258  .63806E+02  .18196E+00    2   1506
   259  .64044E+02  .23815E+00    2   1508
   260  .64351E+02  .30685E+00    2   1510
   261  .64752E+02  .40127E+00    2   1512
   262  .65278E+02  .52580E+00    2   1514
   263  .65501E+02  .22306E+00    2   1536
   264  .65791E+02  .28998E+00    2   1538
   265  .66165E+02  .37393E+00    2   1540
   266  .66329E+02  .16471E+00    2   1562
   267  .66543E+02  .21360E+00    2   1564
   268  .66823E+02  .28035E+00    2   1566
   269  .67189E+02  .36602E+00    2   1568
   270  .67664E+02  .47447E+00    2   1570
   271  .67869E+02  .20560E+00    2   1592
   272  .68139E+02  .26957E+00    2   1594
   273  .68488E+02  .34885E+00    2   1596
   274  .68948E+02  .46049E+00    2   1598
   275  .69142E+02  .19389E+00    2   1620
   276  .69395E+02  .25251E+00    2   1622
   277  .69726E+02  .33141E+00    2   1624
   278  .70154E+02  .42808E+00    2   1626
   279  .70337E+02  .18233E+00    2   1648
   280  .70572E+02  .23569E+00    2   1650
   281  .70876E+02  .30412E+00    2   1652
   282  .71273E+02  .39668E+00    2   1654
   283  .71786E+02  .51335E+00    2   1656
   284  .72015E+02  .22816E+00    2   1678
   285  .72310E+02  .29576E+00    2   1680
   286  .72695E+02  .38448E+00    2   1682
   287  .72857E+02  .16234E+00    2   1704
   288  .73067E+02  .21008E+00    2   1706
   289  .73345E+02  .27731E+00    2   1708
   290  .73695E+02  .35029E+00    2   1710
   291  .74145E+02  .45037E+00    2   1712
   292  .74340E+02  .19516E+00    2   1734
   293  .74598E+02  .25726E+00    2   1736
   294  .74935E+02  .33765E+00    2   1738
   295  .75357E+02  .42206E+00    2   1740
   296  .75551E+02  .19344E+00    2   1762
   297  .75798E+02  .24718E+00    2   1764
   298  .76121E+02  .32324E+00    2   1766
   299  .76552E+02  .43098E+00    2   1768
   300  .76744E+02  .19155E+00    2   1790
   301  .76994E+02  .25048E+00    2   1792
   302  .77328E+02  .33398E+00    2   1794
   303  .77773E+02  .44531E+00    2   1796
   304  .78330E+02  .55663E+00    2   1798
   305  .78423E+02  .92772E-01    2   1840
   306  .78544E+02  .12132E+00    2   1842
   307  .78706E+02  .16176E+00    2   1844
   308  .78922E+02  .21568E+00    2   1846
   309  .79191E+02  .26959E+00    2   1848
   310  .79596E+02  .40439E+00    2   1850
   311  .80000E+02  .40439E+00    2   1852
end
 
 Real time [sec]     606.000000000000000
