 Welcome to HYDRUS-2D                                                    
 
 Program HYDRUS2
 Date:  18. 2.    Time:   8:31:11
 Time independent boundary conditions
 Vertical plane flow, V = L*L
 Units: L = cm   , T = hours, M = mmol 
 All fluxes (v) are positive out of the region

       Time       rAtm       rRoot      vAtm       vRoot      vKode3     vKode1     vSeep      vDrain     vBottom...
        [T]      [L/T]       [L/T]     [L/T]       [L/T]       [V/T]      [V/T]     [V/T]       [V/T]      [V/T]

         .1000   .000E+00   .000E+00   .000E+00   .000E+00   .000E+00  -.252E+03   .000E+00   .000E+00   .000E+00
         .2000   .000E+00   .000E+00   .000E+00   .000E+00   .000E+00  -.252E+03   .000E+00   .000E+00   .300E+03
         .3000   .000E+00   .000E+00   .000E+00   .000E+00   .000E+00  -.252E+03   .000E+00   .000E+00   .293E+03
         .4000   .000E+00   .000E+00   .000E+00   .000E+00   .000E+00  -.252E+03   .000E+00   .000E+00   .287E+03
         .5000   .000E+00   .000E+00   .000E+00   .000E+00   .000E+00  -.252E+03   .000E+00   .000E+00   .282E+03
         .6000   .000E+00   .000E+00   .000E+00   .000E+00   .000E+00  -.252E+03   .000E+00   .000E+00   .277E+03
         .7000   .000E+00   .000E+00   .000E+00   .000E+00   .000E+00  -.252E+03   .000E+00   .000E+00   .273E+03
         .8000   .000E+00   .000E+00   .000E+00   .000E+00   .000E+00  -.252E+03   .000E+00   .000E+00   .270E+03
         .9000   .000E+00   .000E+00   .000E+00   .000E+00   .000E+00  -.252E+03   .000E+00   .000E+00   .267E+03
        1.0000   .000E+00   .000E+00   .000E+00   .000E+00   .000E+00  -.252E+03   .000E+00   .000E+00   .264E+03
        1.1000   .000E+00   .000E+00   .000E+00   .000E+00   .000E+00  -.252E+03   .000E+00   .000E+00   .262E+03
        1.2000   .000E+00   .000E+00   .000E+00   .000E+00   .000E+00  -.252E+03   .000E+00   .000E+00   .260E+03
        1.3000   .000E+00   .000E+00   .000E+00   .000E+00   .000E+00  -.252E+03   .000E+00   .000E+00   .258E+03
        1.4000   .000E+00   .000E+00   .000E+00   .000E+00   .000E+00  -.252E+03   .000E+00   .000E+00   .257E+03
        1.5000   .000E+00   .000E+00   .000E+00   .000E+00   .000E+00  -.252E+03   .000E+00   .000E+00   .255E+03
        1.6000   .000E+00   .000E+00   .000E+00   .000E+00   .000E+00  -.252E+03   .000E+00   .000E+00   .254E+03
        1.7000   .000E+00   .000E+00   .000E+00   .000E+00   .000E+00  -.252E+03   .000E+00   .000E+00   .253E+03
        1.8000   .000E+00   .000E+00   .000E+00   .000E+00   .000E+00  -.252E+03   .000E+00   .000E+00   .253E+03
        1.9000   .000E+00   .000E+00   .000E+00   .000E+00   .000E+00  -.252E+03   .000E+00   .000E+00   .252E+03
        2.0000   .000E+00   .000E+00   .000E+00   .000E+00   .000E+00  -.252E+03   .000E+00   .000E+00   .252E+03
        2.1333   .000E+00   .000E+00   .000E+00   .000E+00   .000E+00  -.252E+03   .000E+00   .000E+00   .251E+03
        2.2667   .000E+00   .000E+00   .000E+00   .000E+00   .000E+00  -.252E+03   .000E+00   .000E+00   .251E+03
        2.4000   .000E+00   .000E+00   .000E+00   .000E+00   .000E+00  -.252E+03   .000E+00   .000E+00   .250E+03
        2.5333   .000E+00   .000E+00   .000E+00   .000E+00   .000E+00  -.252E+03   .000E+00   .000E+00   .250E+03
        2.6667   .000E+00   .000E+00   .000E+00   .000E+00   .000E+00  -.252E+03   .000E+00   .000E+00   .250E+03
        2.8000   .000E+00   .000E+00   .000E+00   .000E+00   .000E+00  -.252E+03   .000E+00   .000E+00   .250E+03
        2.9333   .000E+00   .000E+00   .000E+00   .000E+00   .000E+00  -.252E+03   .000E+00   .000E+00   .250E+03
        3.0667   .000E+00   .000E+00   .000E+00   .000E+00   .000E+00  -.252E+03   .000E+00   .000E+00   .250E+03
        3.2000   .000E+00   .000E+00   .000E+00   .000E+00   .000E+00  -.252E+03   .000E+00   .000E+00   .250E+03
        3.3333   .000E+00   .000E+00   .000E+00   .000E+00   .000E+00  -.252E+03   .000E+00   .000E+00   .250E+03
        3.4667   .000E+00   .000E+00   .000E+00   .000E+00   .000E+00  -.252E+03   .000E+00   .000E+00   .250E+03
        3.6000   .000E+00   .000E+00   .000E+00   .000E+00   .000E+00  -.252E+03   .000E+00   .000E+00   .250E+03
        3.7333   .000E+00   .000E+00   .000E+00   .000E+00   .000E+00  -.252E+03   .000E+00   .000E+00   .250E+03
        3.8667   .000E+00   .000E+00   .000E+00   .000E+00   .000E+00  -.252E+03   .000E+00   .000E+00   .251E+03
        4.0000   .000E+00   .000E+00   .000E+00   .000E+00   .000E+00  -.252E+03   .000E+00   .000E+00   .251E+03
        4.1290   .000E+00   .000E+00   .000E+00   .000E+00   .000E+00  -.252E+03   .000E+00   .000E+00   .251E+03
        4.2581   .000E+00   .000E+00   .000E+00   .000E+00   .000E+00  -.252E+03   .000E+00   .000E+00   .251E+03
        4.3871   .000E+00   .000E+00   .000E+00   .000E+00   .000E+00  -.252E+03   .000E+00   .000E+00   .251E+03
        4.5161   .000E+00   .000E+00   .000E+00   .000E+00   .000E+00  -.252E+03   .000E+00   .000E+00   .251E+03
        4.6452   .000E+00   .000E+00   .000E+00   .000E+00   .000E+00  -.252E+03   .000E+00   .000E+00   .251E+03
        4.7742   .000E+00   .000E+00   .000E+00   .000E+00   .000E+00  -.252E+03   .000E+00   .000E+00   .251E+03
        4.9032   .000E+00   .000E+00   .000E+00   .000E+00   .000E+00  -.252E+03   .000E+00   .000E+00   .251E+03
        5.0323   .000E+00   .000E+00   .000E+00   .000E+00   .000E+00  -.252E+03   .000E+00   .000E+00   .251E+03
        5.1613   .000E+00   .000E+00   .000E+00   .000E+00   .000E+00  -.252E+03   .000E+00   .000E+00   .252E+03
        5.2903   .000E+00   .000E+00   .000E+00   .000E+00   .000E+00  -.252E+03   .000E+00   .000E+00   .252E+03
        5.4194   .000E+00   .000E+00   .000E+00   .000E+00   .000E+00  -.252E+03   .000E+00   .000E+00   .252E+03
        5.5484   .000E+00   .000E+00   .000E+00   .000E+00   .000E+00  -.252E+03   .000E+00   .000E+00   .252E+03
        5.6774   .000E+00   .000E+00   .000E+00   .000E+00   .000E+00  -.252E+03   .000E+00   .000E+00   .252E+03
        5.8064   .000E+00   .000E+00   .000E+00   .000E+00   .000E+00  -.252E+03   .000E+00   .000E+00   .252E+03
        5.9752   .000E+00   .000E+00   .000E+00   .000E+00   .000E+00  -.252E+03   .000E+00   .000E+00   .252E+03
        6.1439   .000E+00   .000E+00   .000E+00   .000E+00   .000E+00  -.252E+03   .000E+00   .000E+00   .252E+03
        6.3127   .000E+00   .000E+00   .000E+00   .000E+00   .000E+00  -.252E+03   .000E+00   .000E+00   .252E+03
        6.4814   .000E+00   .000E+00   .000E+00   .000E+00   .000E+00  -.252E+03   .000E+00   .000E+00   .252E+03
        6.6501   .000E+00   .000E+00   .000E+00   .000E+00   .000E+00  -.252E+03   .000E+00   .000E+00   .252E+03
        6.8189   .000E+00   .000E+00   .000E+00   .000E+00   .000E+00  -.252E+03   .000E+00   .000E+00   .252E+03
        6.9876   .000E+00   .000E+00   .000E+00   .000E+00   .000E+00  -.252E+03   .000E+00   .000E+00   .252E+03
        7.1563   .000E+00   .000E+00   .000E+00   .000E+00   .000E+00  -.252E+03   .000E+00   .000E+00   .252E+03
        7.3251   .000E+00   .000E+00   .000E+00   .000E+00   .000E+00  -.252E+03   .000E+00   .000E+00   .252E+03
        7.4938   .000E+00   .000E+00   .000E+00   .000E+00   .000E+00  -.252E+03   .000E+00   .000E+00   .252E+03
        7.6625   .000E+00   .000E+00   .000E+00   .000E+00   .000E+00  -.252E+03   .000E+00   .000E+00   .251E+03
        7.8313   .000E+00   .000E+00   .000E+00   .000E+00   .000E+00  -.252E+03   .000E+00   .000E+00   .251E+03
        8.0000   .000E+00   .000E+00   .000E+00   .000E+00   .000E+00  -.252E+03   .000E+00   .000E+00   .251E+03
        8.1667   .000E+00   .000E+00   .000E+00   .000E+00   .000E+00  -.252E+03   .000E+00   .000E+00   .251E+03
        8.3333   .000E+00   .000E+00   .000E+00   .000E+00   .000E+00  -.252E+03   .000E+00   .000E+00   .251E+03
        8.5000   .000E+00   .000E+00   .000E+00   .000E+00   .000E+00  -.252E+03   .000E+00   .000E+00   .251E+03
        8.6667   .000E+00   .000E+00   .000E+00   .000E+00   .000E+00  -.252E+03   .000E+00   .000E+00   .251E+03
        8.8333   .000E+00   .000E+00   .000E+00   .000E+00   .000E+00  -.252E+03   .000E+00   .000E+00   .250E+03
        9.0595   .000E+00   .000E+00   .000E+00   .000E+00   .000E+00  -.252E+03   .000E+00   .000E+00   .250E+03
        9.2857   .000E+00   .000E+00   .000E+00   .000E+00   .000E+00  -.252E+03   .000E+00   .000E+00   .250E+03
        9.5119   .000E+00   .000E+00   .000E+00   .000E+00   .000E+00  -.252E+03   .000E+00   .000E+00   .249E+03
        9.7381   .000E+00   .000E+00   .000E+00   .000E+00   .000E+00  -.252E+03   .000E+00   .000E+00   .249E+03
        9.9643   .000E+00   .000E+00   .000E+00   .000E+00   .000E+00  -.252E+03   .000E+00   .000E+00   .249E+03
       10.1905   .000E+00   .000E+00   .000E+00   .000E+00   .000E+00  -.252E+03   .000E+00   .000E+00   .248E+03
       10.4167   .000E+00   .000E+00   .000E+00   .000E+00   .000E+00  -.252E+03   .000E+00   .000E+00   .248E+03
       10.6429   .000E+00   .000E+00   .000E+00   .000E+00   .000E+00  -.252E+03   .000E+00   .000E+00   .247E+03
       10.8690   .000E+00   .000E+00   .000E+00   .000E+00   .000E+00  -.252E+03   .000E+00   .000E+00   .247E+03
       11.0952   .000E+00   .000E+00   .000E+00   .000E+00   .000E+00  -.252E+03   .000E+00   .000E+00   .246E+03
       11.3214   .000E+00   .000E+00   .000E+00   .000E+00   .000E+00  -.252E+03   .000E+00   .000E+00   .246E+03
       11.5476   .000E+00   .000E+00   .000E+00   .000E+00   .000E+00  -.252E+03   .000E+00   .000E+00   .245E+03
       11.7738   .000E+00   .000E+00   .000E+00   .000E+00   .000E+00  -.252E+03   .000E+00   .000E+00   .245E+03
       12.0000   .000E+00   .000E+00   .000E+00   .000E+00   .000E+00  -.252E+03   .000E+00   .000E+00   .245E+03
       12.2222   .000E+00   .000E+00   .000E+00   .000E+00   .000E+00  -.252E+03   .000E+00   .000E+00   .245E+03
       12.5103   .000E+00   .000E+00   .000E+00   .000E+00   .000E+00  -.252E+03   .000E+00   .000E+00   .245E+03
       12.7984   .000E+00   .000E+00   .000E+00   .000E+00   .000E+00  -.252E+03   .000E+00   .000E+00   .246E+03
       13.0864   .000E+00   .000E+00   .000E+00   .000E+00   .000E+00  -.252E+03   .000E+00   .000E+00   .247E+03
       13.3745   .000E+00   .000E+00   .000E+00   .000E+00   .000E+00  -.252E+03   .000E+00   .000E+00   .248E+03
       13.6626   .000E+00   .000E+00   .000E+00   .000E+00   .000E+00  -.252E+03   .000E+00   .000E+00   .250E+03
       13.9506   .000E+00   .000E+00   .000E+00   .000E+00   .000E+00  -.252E+03   .000E+00   .000E+00   .253E+03
       14.2387   .000E+00   .000E+00   .000E+00   .000E+00   .000E+00  -.252E+03   .000E+00   .000E+00   .256E+03
       14.5267   .000E+00   .000E+00   .000E+00   .000E+00   .000E+00  -.252E+03   .000E+00   .000E+00   .259E+03
       14.8148   .000E+00   .000E+00   .000E+00   .000E+00   .000E+00  -.252E+03   .000E+00   .000E+00   .263E+03
       15.1029   .000E+00   .000E+00   .000E+00   .000E+00   .000E+00  -.252E+03   .000E+00   .000E+00   .267E+03
       15.3909   .000E+00   .000E+00   .000E+00   .000E+00   .000E+00  -.252E+03   .000E+00   .000E+00   .273E+03
       15.5190   .000E+00   .000E+00   .000E+00   .000E+00   .000E+00  -.252E+03   .000E+00   .000E+00   .278E+03
       15.6849   .000E+00   .000E+00   .000E+00   .000E+00   .000E+00  -.252E+03   .000E+00   .000E+00   .278E+03
       15.8509   .000E+00   .000E+00   .000E+00   .000E+00   .000E+00  -.252E+03   .000E+00   .000E+00   .280E+03
       16.0693   .000E+00   .000E+00   .000E+00   .000E+00   .000E+00  -.252E+03   .000E+00   .000E+00   .282E+03
       16.2877   .000E+00   .000E+00   .000E+00   .000E+00   .000E+00  -.252E+03   .000E+00   .000E+00   .285E+03
       16.5732   .000E+00   .000E+00   .000E+00   .000E+00   .000E+00  -.252E+03   .000E+00   .000E+00   .288E+03
       16.9540   .000E+00   .000E+00   .000E+00   .000E+00   .000E+00  -.252E+03   .000E+00   .000E+00   .292E+03
       17.3347   .000E+00   .000E+00   .000E+00   .000E+00   .000E+00  -.252E+03   .000E+00   .000E+00   .296E+03
       17.4616   .000E+00   .000E+00   .000E+00   .000E+00   .000E+00  -.252E+03   .000E+00   .000E+00   .298E+03
       17.6309   .000E+00   .000E+00   .000E+00   .000E+00   .000E+00  -.252E+03   .000E+00   .000E+00   .297E+03
       17.8462   .000E+00   .000E+00   .000E+00   .000E+00   .000E+00  -.252E+03   .000E+00   .000E+00   .298E+03
       18.1155   .000E+00   .000E+00   .000E+00   .000E+00   .000E+00  -.252E+03   .000E+00   .000E+00   .298E+03
       18.4924   .000E+00   .000E+00   .000E+00   .000E+00   .000E+00  -.252E+03   .000E+00   .000E+00   .299E+03
       18.6599   .000E+00   .000E+00   .000E+00   .000E+00   .000E+00  -.252E+03   .000E+00   .000E+00   .300E+03
       18.8832   .000E+00   .000E+00   .000E+00   .000E+00   .000E+00  -.252E+03   .000E+00   .000E+00   .300E+03
       19.1624   .000E+00   .000E+00   .000E+00   .000E+00   .000E+00  -.252E+03   .000E+00   .000E+00   .299E+03
       19.5812   .000E+00   .000E+00   .000E+00   .000E+00   .000E+00  -.252E+03   .000E+00   .000E+00   .299E+03
       19.7208   .000E+00   .000E+00   .000E+00   .000E+00   .000E+00  -.252E+03   .000E+00   .000E+00   .299E+03
       19.8604   .000E+00   .000E+00   .000E+00   .000E+00   .000E+00  -.252E+03   .000E+00   .000E+00   .298E+03
       20.0000   .000E+00   .000E+00   .000E+00   .000E+00   .000E+00  -.252E+03   .000E+00   .000E+00   .298E+03
       20.2381   .000E+00   .000E+00   .000E+00   .000E+00   .000E+00  -.252E+03   .000E+00   .000E+00   .298E+03
       20.5432   .000E+00   .000E+00   .000E+00   .000E+00   .000E+00  -.252E+03   .000E+00   .000E+00   .297E+03
       20.9372   .000E+00   .000E+00   .000E+00   .000E+00   .000E+00  -.252E+03   .000E+00   .000E+00   .297E+03
       21.4703   .000E+00   .000E+00   .000E+00   .000E+00   .000E+00  -.252E+03   .000E+00   .000E+00   .295E+03
       21.6890   .000E+00   .000E+00   .000E+00   .000E+00   .000E+00  -.252E+03   .000E+00   .000E+00   .294E+03
       21.9756   .000E+00   .000E+00   .000E+00   .000E+00   .000E+00  -.252E+03   .000E+00   .000E+00   .293E+03
       22.3403   .000E+00   .000E+00   .000E+00   .000E+00   .000E+00  -.252E+03   .000E+00   .000E+00   .293E+03
       22.4999   .000E+00   .000E+00   .000E+00   .000E+00   .000E+00  -.252E+03   .000E+00   .000E+00   .292E+03
       22.7083   .000E+00   .000E+00   .000E+00   .000E+00   .000E+00  -.252E+03   .000E+00   .000E+00   .292E+03
       22.9783   .000E+00   .000E+00   .000E+00   .000E+00   .000E+00  -.252E+03   .000E+00   .000E+00   .291E+03
       23.3294   .000E+00   .000E+00   .000E+00   .000E+00   .000E+00  -.252E+03   .000E+00   .000E+00   .291E+03
       23.7741   .000E+00   .000E+00   .000E+00   .000E+00   .000E+00  -.252E+03   .000E+00   .000E+00   .290E+03
       23.9628   .000E+00   .000E+00   .000E+00   .000E+00   .000E+00  -.252E+03   .000E+00   .000E+00   .289E+03
       24.2043   .000E+00   .000E+00   .000E+00   .000E+00   .000E+00  -.252E+03   .000E+00   .000E+00   .289E+03
       24.5262   .000E+00   .000E+00   .000E+00   .000E+00   .000E+00  -.252E+03   .000E+00   .000E+00   .288E+03
       24.6666   .000E+00   .000E+00   .000E+00   .000E+00   .000E+00  -.252E+03   .000E+00   .000E+00   .288E+03
       24.8505   .000E+00   .000E+00   .000E+00   .000E+00   .000E+00  -.252E+03   .000E+00   .000E+00   .288E+03
       25.0846   .000E+00   .000E+00   .000E+00   .000E+00   .000E+00  -.252E+03   .000E+00   .000E+00   .288E+03
       25.3918   .000E+00   .000E+00   .000E+00   .000E+00   .000E+00  -.252E+03   .000E+00   .000E+00   .287E+03
       25.8107   .000E+00   .000E+00   .000E+00   .000E+00   .000E+00  -.252E+03   .000E+00   .000E+00   .287E+03
       26.3344   .000E+00   .000E+00   .000E+00   .000E+00   .000E+00  -.252E+03   .000E+00   .000E+00   .286E+03
       26.5788   .000E+00   .000E+00   .000E+00   .000E+00   .000E+00  -.252E+03   .000E+00   .000E+00   .285E+03
       26.8898   .000E+00   .000E+00   .000E+00   .000E+00   .000E+00  -.252E+03   .000E+00   .000E+00   .285E+03
       27.0194   .000E+00   .000E+00   .000E+00   .000E+00   .000E+00  -.252E+03   .000E+00   .000E+00   .284E+03
       27.1850   .000E+00   .000E+00   .000E+00   .000E+00   .000E+00  -.252E+03   .000E+00   .000E+00   .284E+03
       27.4015   .000E+00   .000E+00   .000E+00   .000E+00   .000E+00  -.252E+03   .000E+00   .000E+00   .284E+03
       27.6902   .000E+00   .000E+00   .000E+00   .000E+00   .000E+00  -.252E+03   .000E+00   .000E+00   .284E+03
       28.0752   .000E+00   .000E+00   .000E+00   .000E+00   .000E+00  -.252E+03   .000E+00   .000E+00   .283E+03
       28.5564   .000E+00   .000E+00   .000E+00   .000E+00   .000E+00  -.252E+03   .000E+00   .000E+00   .282E+03
       28.7970   .000E+00   .000E+00   .000E+00   .000E+00   .000E+00  -.252E+03   .000E+00   .000E+00   .281E+03
       29.0977   .000E+00   .000E+00   .000E+00   .000E+00   .000E+00  -.252E+03   .000E+00   .000E+00   .281E+03
       29.2481   .000E+00   .000E+00   .000E+00   .000E+00   .000E+00  -.252E+03   .000E+00   .000E+00   .281E+03
       29.4361   .000E+00   .000E+00   .000E+00   .000E+00   .000E+00  -.252E+03   .000E+00   .000E+00   .281E+03
       29.7180   .000E+00   .000E+00   .000E+00   .000E+00   .000E+00  -.252E+03   .000E+00   .000E+00   .280E+03
       30.0000   .000E+00   .000E+00   .000E+00   .000E+00   .000E+00  -.252E+03   .000E+00   .000E+00   .280E+03
       30.3333   .000E+00   .000E+00   .000E+00   .000E+00   .000E+00  -.252E+03   .000E+00   .000E+00   .280E+03
       30.7536   .000E+00   .000E+00   .000E+00   .000E+00   .000E+00  -.252E+03   .000E+00   .000E+00   .279E+03
       30.9349   .000E+00   .000E+00   .000E+00   .000E+00   .000E+00  -.252E+03   .000E+00   .000E+00   .278E+03
       31.1735   .000E+00   .000E+00   .000E+00   .000E+00   .000E+00  -.252E+03   .000E+00   .000E+00   .278E+03
       31.4778   .000E+00   .000E+00   .000E+00   .000E+00   .000E+00  -.252E+03   .000E+00   .000E+00   .278E+03
       31.8837   .000E+00   .000E+00   .000E+00   .000E+00   .000E+00  -.252E+03   .000E+00   .000E+00   .277E+03
       32.0527   .000E+00   .000E+00   .000E+00   .000E+00   .000E+00  -.252E+03   .000E+00   .000E+00   .277E+03
       32.2735   .000E+00   .000E+00   .000E+00   .000E+00   .000E+00  -.252E+03   .000E+00   .000E+00   .276E+03
       32.5597   .000E+00   .000E+00   .000E+00   .000E+00   .000E+00  -.252E+03   .000E+00   .000E+00   .276E+03
       32.9317   .000E+00   .000E+00   .000E+00   .000E+00   .000E+00  -.252E+03   .000E+00   .000E+00   .276E+03
       33.4029   .000E+00   .000E+00   .000E+00   .000E+00   .000E+00  -.252E+03   .000E+00   .000E+00   .275E+03
       33.6028   .000E+00   .000E+00   .000E+00   .000E+00   .000E+00  -.252E+03   .000E+00   .000E+00   .275E+03
       33.8587   .000E+00   .000E+00   .000E+00   .000E+00   .000E+00  -.252E+03   .000E+00   .000E+00   .275E+03
       34.1999   .000E+00   .000E+00   .000E+00   .000E+00   .000E+00  -.252E+03   .000E+00   .000E+00   .274E+03
       34.6461   .000E+00   .000E+00   .000E+00   .000E+00   .000E+00  -.252E+03   .000E+00   .000E+00   .274E+03
       34.8444   .000E+00   .000E+00   .000E+00   .000E+00   .000E+00  -.252E+03   .000E+00   .000E+00   .273E+03
       35.1021   .000E+00   .000E+00   .000E+00   .000E+00   .000E+00  -.252E+03   .000E+00   .000E+00   .273E+03
       35.4287   .000E+00   .000E+00   .000E+00   .000E+00   .000E+00  -.252E+03   .000E+00   .000E+00   .273E+03
       35.8858   .000E+00   .000E+00   .000E+00   .000E+00   .000E+00  -.252E+03   .000E+00   .000E+00   .273E+03
       36.0817   .000E+00   .000E+00   .000E+00   .000E+00   .000E+00  -.252E+03   .000E+00   .000E+00   .272E+03
       36.3429   .000E+00   .000E+00   .000E+00   .000E+00   .000E+00  -.252E+03   .000E+00   .000E+00   .272E+03
       36.6754   .000E+00   .000E+00   .000E+00   .000E+00   .000E+00  -.252E+03   .000E+00   .000E+00   .272E+03
       37.0910   .000E+00   .000E+00   .000E+00   .000E+00   .000E+00  -.252E+03   .000E+00   .000E+00   .272E+03
       37.2849   .000E+00   .000E+00   .000E+00   .000E+00   .000E+00  -.252E+03   .000E+00   .000E+00   .271E+03
       37.5317   .000E+00   .000E+00   .000E+00   .000E+00   .000E+00  -.252E+03   .000E+00   .000E+00   .271E+03
       37.8403   .000E+00   .000E+00   .000E+00   .000E+00   .000E+00  -.252E+03   .000E+00   .000E+00   .271E+03
       38.2722   .000E+00   .000E+00   .000E+00   .000E+00   .000E+00  -.252E+03   .000E+00   .000E+00   .271E+03
       38.4642   .000E+00   .000E+00   .000E+00   .000E+00   .000E+00  -.252E+03   .000E+00   .000E+00   .271E+03
       38.7202   .000E+00   .000E+00   .000E+00   .000E+00   .000E+00  -.252E+03   .000E+00   .000E+00   .270E+03
       39.0401   .000E+00   .000E+00   .000E+00   .000E+00   .000E+00  -.252E+03   .000E+00   .000E+00   .270E+03
       39.5201   .000E+00   .000E+00   .000E+00   .000E+00   .000E+00  -.252E+03   .000E+00   .000E+00   .270E+03
       39.6800   .000E+00   .000E+00   .000E+00   .000E+00   .000E+00  -.252E+03   .000E+00   .000E+00   .270E+03
       39.8400   .000E+00   .000E+00   .000E+00   .000E+00   .000E+00  -.252E+03   .000E+00   .000E+00   .270E+03
       40.0000   .000E+00   .000E+00   .000E+00   .000E+00   .000E+00  -.252E+03   .000E+00   .000E+00   .269E+03
       40.2703   .000E+00   .000E+00   .000E+00   .000E+00   .000E+00  -.252E+03   .000E+00   .000E+00   .269E+03
       40.6226   .000E+00   .000E+00   .000E+00   .000E+00   .000E+00  -.252E+03   .000E+00   .000E+00   .269E+03
       41.0840   .000E+00   .000E+00   .000E+00   .000E+00   .000E+00  -.252E+03   .000E+00   .000E+00   .269E+03
       41.6751   .000E+00   .000E+00   .000E+00   .000E+00   .000E+00  -.252E+03   .000E+00   .000E+00   .269E+03
       41.9296   .000E+00   .000E+00   .000E+00   .000E+00   .000E+00  -.252E+03   .000E+00   .000E+00   .268E+03
       42.2581   .000E+00   .000E+00   .000E+00   .000E+00   .000E+00  -.252E+03   .000E+00   .000E+00   .268E+03
       42.4024   .000E+00   .000E+00   .000E+00   .000E+00   .000E+00  -.252E+03   .000E+00   .000E+00   .268E+03
       42.5896   .000E+00   .000E+00   .000E+00   .000E+00   .000E+00  -.252E+03   .000E+00   .000E+00   .268E+03
       42.8348   .000E+00   .000E+00   .000E+00   .000E+00   .000E+00  -.252E+03   .000E+00   .000E+00   .268E+03
       43.1527   .000E+00   .000E+00   .000E+00   .000E+00   .000E+00  -.252E+03   .000E+00   .000E+00   .268E+03
       43.5636   .000E+00   .000E+00   .000E+00   .000E+00   .000E+00  -.252E+03   .000E+00   .000E+00   .268E+03
       44.0938   .000E+00   .000E+00   .000E+00   .000E+00   .000E+00  -.252E+03   .000E+00   .000E+00   .267E+03
       44.3243   .000E+00   .000E+00   .000E+00   .000E+00   .000E+00  -.252E+03   .000E+00   .000E+00   .267E+03
       44.6258   .000E+00   .000E+00   .000E+00   .000E+00   .000E+00  -.252E+03   .000E+00   .000E+00   .267E+03
       45.0200   .000E+00   .000E+00   .000E+00   .000E+00   .000E+00  -.252E+03   .000E+00   .000E+00   .267E+03
       45.1864   .000E+00   .000E+00   .000E+00   .000E+00   .000E+00  -.252E+03   .000E+00   .000E+00   .267E+03
       45.4043   .000E+00   .000E+00   .000E+00   .000E+00   .000E+00  -.252E+03   .000E+00   .000E+00   .267E+03
       45.6850   .000E+00   .000E+00   .000E+00   .000E+00   .000E+00  -.252E+03   .000E+00   .000E+00   .266E+03
       46.0520   .000E+00   .000E+00   .000E+00   .000E+00   .000E+00  -.252E+03   .000E+00   .000E+00   .266E+03
       46.5330   .000E+00   .000E+00   .000E+00   .000E+00   .000E+00  -.252E+03   .000E+00   .000E+00   .266E+03
       46.7370   .000E+00   .000E+00   .000E+00   .000E+00   .000E+00  -.252E+03   .000E+00   .000E+00   .266E+03
       47.0023   .000E+00   .000E+00   .000E+00   .000E+00   .000E+00  -.252E+03   .000E+00   .000E+00   .266E+03
       47.3443   .000E+00   .000E+00   .000E+00   .000E+00   .000E+00  -.252E+03   .000E+00   .000E+00   .266E+03
       47.7963   .000E+00   .000E+00   .000E+00   .000E+00   .000E+00  -.252E+03   .000E+00   .000E+00   .265E+03
       47.9900   .000E+00   .000E+00   .000E+00   .000E+00   .000E+00  -.252E+03   .000E+00   .000E+00   .265E+03
       48.2402   .000E+00   .000E+00   .000E+00   .000E+00   .000E+00  -.252E+03   .000E+00   .000E+00   .265E+03
       48.5669   .000E+00   .000E+00   .000E+00   .000E+00   .000E+00  -.252E+03   .000E+00   .000E+00   .265E+03
       48.9903   .000E+00   .000E+00   .000E+00   .000E+00   .000E+00  -.252E+03   .000E+00   .000E+00   .265E+03
       49.1738   .000E+00   .000E+00   .000E+00   .000E+00   .000E+00  -.252E+03   .000E+00   .000E+00   .265E+03
       49.4144   .000E+00   .000E+00   .000E+00   .000E+00   .000E+00  -.252E+03   .000E+00   .000E+00   .265E+03
       49.7258   .000E+00   .000E+00   .000E+00   .000E+00   .000E+00  -.252E+03   .000E+00   .000E+00   .264E+03
       50.1367   .000E+00   .000E+00   .000E+00   .000E+00   .000E+00  -.252E+03   .000E+00   .000E+00   .264E+03
       50.6559   .000E+00   .000E+00   .000E+00   .000E+00   .000E+00  -.252E+03   .000E+00   .000E+00   .264E+03
       50.8783   .000E+00   .000E+00   .000E+00   .000E+00   .000E+00  -.252E+03   .000E+00   .000E+00   .264E+03
       51.1634   .000E+00   .000E+00   .000E+00   .000E+00   .000E+00  -.252E+03   .000E+00   .000E+00   .264E+03
       51.5316   .000E+00   .000E+00   .000E+00   .000E+00   .000E+00  -.252E+03   .000E+00   .000E+00   .264E+03
       51.6976   .000E+00   .000E+00   .000E+00   .000E+00   .000E+00  -.252E+03   .000E+00   .000E+00   .263E+03
       51.9161   .000E+00   .000E+00   .000E+00   .000E+00   .000E+00  -.252E+03   .000E+00   .000E+00   .263E+03
       52.1949   .000E+00   .000E+00   .000E+00   .000E+00   .000E+00  -.252E+03   .000E+00   .000E+00   .263E+03
       52.5665   .000E+00   .000E+00   .000E+00   .000E+00   .000E+00  -.252E+03   .000E+00   .000E+00   .263E+03
       53.0311   .000E+00   .000E+00   .000E+00   .000E+00   .000E+00  -.252E+03   .000E+00   .000E+00   .263E+03
       53.2423   .000E+00   .000E+00   .000E+00   .000E+00   .000E+00  -.252E+03   .000E+00   .000E+00   .263E+03
       53.5126   .000E+00   .000E+00   .000E+00   .000E+00   .000E+00  -.252E+03   .000E+00   .000E+00   .263E+03
       53.8730   .000E+00   .000E+00   .000E+00   .000E+00   .000E+00  -.252E+03   .000E+00   .000E+00   .263E+03
       54.3443   .000E+00   .000E+00   .000E+00   .000E+00   .000E+00  -.252E+03   .000E+00   .000E+00   .263E+03
       54.5538   .000E+00   .000E+00   .000E+00   .000E+00   .000E+00  -.252E+03   .000E+00   .000E+00   .262E+03
       54.8261   .000E+00   .000E+00   .000E+00   .000E+00   .000E+00  -.252E+03   .000E+00   .000E+00   .262E+03
       55.1710   .000E+00   .000E+00   .000E+00   .000E+00   .000E+00  -.252E+03   .000E+00   .000E+00   .262E+03
       55.3320   .000E+00   .000E+00   .000E+00   .000E+00   .000E+00  -.252E+03   .000E+00   .000E+00   .262E+03
       55.5442   .000E+00   .000E+00   .000E+00   .000E+00   .000E+00  -.252E+03   .000E+00   .000E+00   .262E+03
       55.8227   .000E+00   .000E+00   .000E+00   .000E+00   .000E+00  -.252E+03   .000E+00   .000E+00   .262E+03
       56.1708   .000E+00   .000E+00   .000E+00   .000E+00   .000E+00  -.252E+03   .000E+00   .000E+00   .262E+03
       56.6494   .000E+00   .000E+00   .000E+00   .000E+00   .000E+00  -.252E+03   .000E+00   .000E+00   .262E+03
       57.2079   .000E+00   .000E+00   .000E+00   .000E+00   .000E+00  -.252E+03   .000E+00   .000E+00   .262E+03
       57.4405   .000E+00   .000E+00   .000E+00   .000E+00   .000E+00  -.252E+03   .000E+00   .000E+00   .261E+03
       57.7605   .000E+00   .000E+00   .000E+00   .000E+00   .000E+00  -.252E+03   .000E+00   .000E+00   .261E+03
       57.8849   .000E+00   .000E+00   .000E+00   .000E+00   .000E+00  -.252E+03   .000E+00   .000E+00   .261E+03
       58.0476   .000E+00   .000E+00   .000E+00   .000E+00   .000E+00  -.252E+03   .000E+00   .000E+00   .261E+03
       58.2645   .000E+00   .000E+00   .000E+00   .000E+00   .000E+00  -.252E+03   .000E+00   .000E+00   .261E+03
       58.5538   .000E+00   .000E+00   .000E+00   .000E+00   .000E+00  -.252E+03   .000E+00   .000E+00   .261E+03
       58.9153   .000E+00   .000E+00   .000E+00   .000E+00   .000E+00  -.252E+03   .000E+00   .000E+00   .261E+03
       59.4577   .000E+00   .000E+00   .000E+00   .000E+00   .000E+00  -.252E+03   .000E+00   .000E+00   .261E+03
       60.0000   .000E+00   .000E+00   .000E+00   .000E+00   .000E+00  -.252E+03   .000E+00   .000E+00   .261E+03
       60.2020   .000E+00   .000E+00   .000E+00   .000E+00   .000E+00  -.252E+03   .000E+00   .000E+00   .261E+03
       60.4660   .000E+00   .000E+00   .000E+00   .000E+00   .000E+00  -.252E+03   .000E+00   .000E+00   .261E+03
       60.8087   .000E+00   .000E+00   .000E+00   .000E+00   .000E+00  -.252E+03   .000E+00   .000E+00   .261E+03
       61.2550   .000E+00   .000E+00   .000E+00   .000E+00   .000E+00  -.252E+03   .000E+00   .000E+00   .261E+03
       61.4503   .000E+00   .000E+00   .000E+00   .000E+00   .000E+00  -.252E+03   .000E+00   .000E+00   .261E+03
       61.7044   .000E+00   .000E+00   .000E+00   .000E+00   .000E+00  -.252E+03   .000E+00   .000E+00   .261E+03
       62.0370   .000E+00   .000E+00   .000E+00   .000E+00   .000E+00  -.252E+03   .000E+00   .000E+00   .260E+03
       62.4647   .000E+00   .000E+00   .000E+00   .000E+00   .000E+00  -.252E+03   .000E+00   .000E+00   .260E+03
       62.6533   .000E+00   .000E+00   .000E+00   .000E+00   .000E+00  -.252E+03   .000E+00   .000E+00   .260E+03
       62.8976   .000E+00   .000E+00   .000E+00   .000E+00   .000E+00  -.252E+03   .000E+00   .000E+00   .260E+03
       63.2143   .000E+00   .000E+00   .000E+00   .000E+00   .000E+00  -.252E+03   .000E+00   .000E+00   .260E+03
       63.6237   .000E+00   .000E+00   .000E+00   .000E+00   .000E+00  -.252E+03   .000E+00   .000E+00   .260E+03
       63.8057   .000E+00   .000E+00   .000E+00   .000E+00   .000E+00  -.252E+03   .000E+00   .000E+00   .260E+03
       64.0438   .000E+00   .000E+00   .000E+00   .000E+00   .000E+00  -.252E+03   .000E+00   .000E+00   .260E+03
       64.3507   .000E+00   .000E+00   .000E+00   .000E+00   .000E+00  -.252E+03   .000E+00   .000E+00   .260E+03
       64.7519   .000E+00   .000E+00   .000E+00   .000E+00   .000E+00  -.252E+03   .000E+00   .000E+00   .260E+03
       65.2777   .000E+00   .000E+00   .000E+00   .000E+00   .000E+00  -.252E+03   .000E+00   .000E+00   .260E+03
       65.5008   .000E+00   .000E+00   .000E+00   .000E+00   .000E+00  -.252E+03   .000E+00   .000E+00   .260E+03
       65.7908   .000E+00   .000E+00   .000E+00   .000E+00   .000E+00  -.252E+03   .000E+00   .000E+00   .260E+03
       66.1647   .000E+00   .000E+00   .000E+00   .000E+00   .000E+00  -.252E+03   .000E+00   .000E+00   .260E+03
       66.3294   .000E+00   .000E+00   .000E+00   .000E+00   .000E+00  -.252E+03   .000E+00   .000E+00   .260E+03
       66.5430   .000E+00   .000E+00   .000E+00   .000E+00   .000E+00  -.252E+03   .000E+00   .000E+00   .260E+03
       66.8234   .000E+00   .000E+00   .000E+00   .000E+00   .000E+00  -.252E+03   .000E+00   .000E+00   .260E+03
       67.1894   .000E+00   .000E+00   .000E+00   .000E+00   .000E+00  -.252E+03   .000E+00   .000E+00   .259E+03
       67.6638   .000E+00   .000E+00   .000E+00   .000E+00   .000E+00  -.252E+03   .000E+00   .000E+00   .259E+03
       67.8694   .000E+00   .000E+00   .000E+00   .000E+00   .000E+00  -.252E+03   .000E+00   .000E+00   .259E+03
       68.1390   .000E+00   .000E+00   .000E+00   .000E+00   .000E+00  -.252E+03   .000E+00   .000E+00   .259E+03
       68.4879   .000E+00   .000E+00   .000E+00   .000E+00   .000E+00  -.252E+03   .000E+00   .000E+00   .259E+03
       68.9484   .000E+00   .000E+00   .000E+00   .000E+00   .000E+00  -.252E+03   .000E+00   .000E+00   .259E+03
       69.1422   .000E+00   .000E+00   .000E+00   .000E+00   .000E+00  -.252E+03   .000E+00   .000E+00   .259E+03
       69.3947   .000E+00   .000E+00   .000E+00   .000E+00   .000E+00  -.252E+03   .000E+00   .000E+00   .259E+03
       69.7262   .000E+00   .000E+00   .000E+00   .000E+00   .000E+00  -.252E+03   .000E+00   .000E+00   .259E+03
       70.1542   .000E+00   .000E+00   .000E+00   .000E+00   .000E+00  -.252E+03   .000E+00   .000E+00   .259E+03
       70.3366   .000E+00   .000E+00   .000E+00   .000E+00   .000E+00  -.252E+03   .000E+00   .000E+00   .259E+03
       70.5723   .000E+00   .000E+00   .000E+00   .000E+00   .000E+00  -.252E+03   .000E+00   .000E+00   .259E+03
       70.8764   .000E+00   .000E+00   .000E+00   .000E+00   .000E+00  -.252E+03   .000E+00   .000E+00   .259E+03
       71.2731   .000E+00   .000E+00   .000E+00   .000E+00   .000E+00  -.252E+03   .000E+00   .000E+00   .259E+03
       71.7864   .000E+00   .000E+00   .000E+00   .000E+00   .000E+00  -.252E+03   .000E+00   .000E+00   .259E+03
       72.0146   .000E+00   .000E+00   .000E+00   .000E+00   .000E+00  -.252E+03   .000E+00   .000E+00   .259E+03
       72.3103   .000E+00   .000E+00   .000E+00   .000E+00   .000E+00  -.252E+03   .000E+00   .000E+00   .258E+03
       72.6948   .000E+00   .000E+00   .000E+00   .000E+00   .000E+00  -.252E+03   .000E+00   .000E+00   .258E+03
       72.8571   .000E+00   .000E+00   .000E+00   .000E+00   .000E+00  -.252E+03   .000E+00   .000E+00   .258E+03
       73.0672   .000E+00   .000E+00   .000E+00   .000E+00   .000E+00  -.252E+03   .000E+00   .000E+00   .258E+03
       73.3445   .000E+00   .000E+00   .000E+00   .000E+00   .000E+00  -.252E+03   .000E+00   .000E+00   .258E+03
       73.6948   .000E+00   .000E+00   .000E+00   .000E+00   .000E+00  -.252E+03   .000E+00   .000E+00   .258E+03
       74.1452   .000E+00   .000E+00   .000E+00   .000E+00   .000E+00  -.252E+03   .000E+00   .000E+00   .258E+03
       74.3404   .000E+00   .000E+00   .000E+00   .000E+00   .000E+00  -.252E+03   .000E+00   .000E+00   .258E+03
       74.5976   .000E+00   .000E+00   .000E+00   .000E+00   .000E+00  -.252E+03   .000E+00   .000E+00   .258E+03
       74.9353   .000E+00   .000E+00   .000E+00   .000E+00   .000E+00  -.252E+03   .000E+00   .000E+00   .258E+03
       75.3573   .000E+00   .000E+00   .000E+00   .000E+00   .000E+00  -.252E+03   .000E+00   .000E+00   .258E+03
       75.5508   .000E+00   .000E+00   .000E+00   .000E+00   .000E+00  -.252E+03   .000E+00   .000E+00   .258E+03
       75.7979   .000E+00   .000E+00   .000E+00   .000E+00   .000E+00  -.252E+03   .000E+00   .000E+00   .258E+03
       76.1212   .000E+00   .000E+00   .000E+00   .000E+00   .000E+00  -.252E+03   .000E+00   .000E+00   .258E+03
       76.5522   .000E+00   .000E+00   .000E+00   .000E+00   .000E+00  -.252E+03   .000E+00   .000E+00   .258E+03
       76.7437   .000E+00   .000E+00   .000E+00   .000E+00   .000E+00  -.252E+03   .000E+00   .000E+00   .258E+03
       76.9942   .000E+00   .000E+00   .000E+00   .000E+00   .000E+00  -.252E+03   .000E+00   .000E+00   .258E+03
       77.3282   .000E+00   .000E+00   .000E+00   .000E+00   .000E+00  -.252E+03   .000E+00   .000E+00   .258E+03
       77.7735   .000E+00   .000E+00   .000E+00   .000E+00   .000E+00  -.252E+03   .000E+00   .000E+00   .258E+03
       78.3301   .000E+00   .000E+00   .000E+00   .000E+00   .000E+00  -.252E+03   .000E+00   .000E+00   .258E+03
       78.4229   .000E+00   .000E+00   .000E+00   .000E+00   .000E+00  -.252E+03   .000E+00   .000E+00   .258E+03
       78.5442   .000E+00   .000E+00   .000E+00   .000E+00   .000E+00  -.252E+03   .000E+00   .000E+00   .258E+03
       78.7059   .000E+00   .000E+00   .000E+00   .000E+00   .000E+00  -.252E+03   .000E+00   .000E+00   .257E+03
       78.9216   .000E+00   .000E+00   .000E+00   .000E+00   .000E+00  -.252E+03   .000E+00   .000E+00   .257E+03
       79.1912   .000E+00   .000E+00   .000E+00   .000E+00   .000E+00  -.252E+03   .000E+00   .000E+00   .257E+03
       79.5956   .000E+00   .000E+00   .000E+00   .000E+00   .000E+00  -.252E+03   .000E+00   .000E+00   .257E+03
       80.0000   .000E+00   .000E+00   .000E+00   .000E+00   .000E+00  -.252E+03   .000E+00   .000E+00   .257E+03
end
