 Flow under a dam                                                        
 
 Program HYDRUS2
 Date:  18. 2.    Time:  11:49:50
 Time independent boundary conditions
 Vertical plane flow, V = L*L
 Units: L = m    , T = days , M = mmol 


 Time:     25.0000

    i    n    x      z    Code     Q          v           h       th       Temp     Conc
                                 [V/T]      [L/T]        [L]     [-]        [C]    [M/L3]

    1    1  -70.0     .0    1   .141E+00  -.678E-01       50.0   .430     20.00  .931E-05
    2   52   80.0     .0    2  -.111E+00   .568E-01         .0   .430     20.00  .000E+00
    3   53   76.1     .0    2  -.220E+00   .572E-01         .0   .430     20.00  .000E+00
    4   54   72.3     .0    2  -.217E+00   .585E-01         .0   .430     20.00  .000E+00
    5   55   68.7     .0    2  -.216E+00   .607E-01         .0   .430     20.00  .000E+00
    6   56   65.2     .0    2  -.218E+00   .637E-01         .0   .430     20.00  .000E+00
    7   57   61.8     .0    2  -.223E+00   .678E-01         .0   .430     20.00  .000E+00
    8   58   58.6     .0    2  -.229E+00   .727E-01         .0   .430     20.00  .000E+00
    9   59   55.6     .0    2  -.237E+00   .790E-01         .0   .430     20.00  .000E+00
   10   60   52.6     .0    2  -.249E+00   .870E-01         .0   .430     20.00  .000E+00
   11   61   49.8     .0    2  -.263E+00   .966E-01         .0   .430     20.00  .000E+00
   12   62   47.2     .0    2  -.283E+00   .110E+00         .0   .430     20.00  .000E+00
   13   63   44.7     .0    2  -.309E+00   .126E+00         .0   .430     20.00  .109E-27
   14   64   42.3     .0    2  -.345E+00   .150E+00         .0   .430     20.00  .907E-27
   15   65   40.1     .0    2  -.390E+00   .180E+00         .0   .430     20.00  .451E-26
   16   66   38.0     .0    2  -.430E+00   .212E+00         .0   .430     20.00  .801E-26
   17   67   36.0     .0    2  -.222E+00   .227E+00         .0   .430     20.00  .611E-26
   18  124  -20.0     .0    1   .117E+00  -.112E+00       50.0   .430     20.00  .484E-07
   19  125  -22.1     .0    1   .236E+00  -.109E+00       50.0   .430     20.00 -.144E-06
   20  126  -24.3     .0    1   .240E+00  -.105E+00       50.0   .430     20.00 -.895E-05
   21  127  -26.7     .0    1   .245E+00  -.101E+00       50.0   .430     20.00  .248E-03
   22  128  -29.2     .0    1   .250E+00  -.972E-01       50.0   .430     20.00  .410E-02
   23  129  -31.8     .0    1   .256E+00  -.945E-01       50.0   .430     20.00  .533E-01
   24  130  -34.6     .0    1   .259E+00  -.909E-01       50.0   .430     20.00  .678E+00
   25  131  -37.5     .0    1   .263E+00  -.880E-01       50.0   .430     20.00  .722E+00
   26  132  -40.6     .0    1   .265E+00  -.847E-01       50.0   .430     20.00  .720E+00
   27  133  -43.7     .0    1   .266E+00  -.815E-01       50.0   .430     20.00  .713E+00
   28  134  -47.1     .0    1   .267E+00  -.785E-01       50.0   .430     20.00  .701E+00
   29  135  -50.6     .0    1   .267E+00  -.753E-01       50.0   .430     20.00  .699E+00
   30  136  -54.2     .0    1   .268E+00  -.729E-01       50.0   .430     20.00  .660E+00
   31  137  -57.9     .0    1   .271E+00  -.708E-01       50.0   .430     20.00  .253E-01
   32  138  -61.8     .0    1   .274E+00  -.692E-01       50.0   .430     20.00 -.108E-02
   33  139  -65.8     .0    1   .279E+00  -.682E-01       50.0   .430     20.00 -.956E-04


 Time:     50.0000

    i    n    x      z    Code     Q          v           h       th       Temp     Conc
                                 [V/T]      [L/T]        [L]     [-]        [C]    [M/L3]

    1    1  -70.0     .0    1   .141E+00  -.678E-01       50.0   .430     20.00  .782E-05
    2   52   80.0     .0    2  -.111E+00   .568E-01         .0   .430     20.00  .000E+00
    3   53   76.1     .0    2  -.220E+00   .572E-01         .0   .430     20.00  .000E+00
    4   54   72.3     .0    2  -.217E+00   .585E-01         .0   .430     20.00  .656E-28
    5   55   68.7     .0    2  -.216E+00   .607E-01         .0   .430     20.00 -.113E-26
    6   56   65.2     .0    2  -.218E+00   .637E-01         .0   .430     20.00  .274E-25
    7   57   61.8     .0    2  -.223E+00   .678E-01         .0   .430     20.00 -.281E-24
    8   58   58.6     .0    2  -.229E+00   .727E-01         .0   .430     20.00  .536E-23
    9   59   55.6     .0    2  -.237E+00   .790E-01         .0   .430     20.00  .972E-22
   10   60   52.6     .0    2  -.249E+00   .870E-01         .0   .430     20.00  .661E-22
   11   61   49.8     .0    2  -.263E+00   .966E-01         .0   .430     20.00  .319E-19
   12   62   47.2     .0    2  -.283E+00   .110E+00         .0   .430     20.00  .537E-18
   13   63   44.7     .0    2  -.309E+00   .126E+00         .0   .430     20.00  .541E-17
   14   64   42.3     .0    2  -.345E+00   .150E+00         .0   .430     20.00  .280E-16
   15   65   40.1     .0    2  -.390E+00   .180E+00         .0   .430     20.00  .802E-16
   16   66   38.0     .0    2  -.430E+00   .212E+00         .0   .430     20.00  .104E-15
   17   67   36.0     .0    2  -.222E+00   .227E+00         .0   .430     20.00  .796E-16
   18  124  -20.0     .0    1   .117E+00  -.112E+00       50.0   .430     20.00  .143E-06
   19  125  -22.1     .0    1   .236E+00  -.109E+00       50.0   .430     20.00  .239E-04
   20  126  -24.3     .0    1   .240E+00  -.105E+00       50.0   .430     20.00  .183E-03
   21  127  -26.7     .0    1   .245E+00  -.101E+00       50.0   .430     20.00  .226E-02
   22  128  -29.2     .0    1   .250E+00  -.972E-01       50.0   .430     20.00  .143E-01
   23  129  -31.8     .0    1   .256E+00  -.945E-01       50.0   .430     20.00  .909E-01
   24  130  -34.6     .0    1   .259E+00  -.909E-01       50.0   .430     20.00  .767E+00
   25  131  -37.5     .0    1   .263E+00  -.880E-01       50.0   .430     20.00  .843E+00
   26  132  -40.6     .0    1   .265E+00  -.847E-01       50.0   .430     20.00  .850E+00
   27  133  -43.7     .0    1   .266E+00  -.815E-01       50.0   .430     20.00  .845E+00
   28  134  -47.1     .0    1   .267E+00  -.785E-01       50.0   .430     20.00  .836E+00
   29  135  -50.6     .0    1   .267E+00  -.753E-01       50.0   .430     20.00  .833E+00
   30  136  -54.2     .0    1   .268E+00  -.729E-01       50.0   .430     20.00  .760E+00
   31  137  -57.9     .0    1   .271E+00  -.708E-01       50.0   .430     20.00  .590E-01
   32  138  -61.8     .0    1   .274E+00  -.692E-01       50.0   .430     20.00  .181E-02
   33  139  -65.8     .0    1   .279E+00  -.682E-01       50.0   .430     20.00 -.685E-03


 Time:    100.0000

    i    n    x      z    Code     Q          v           h       th       Temp     Conc
                                 [V/T]      [L/T]        [L]     [-]        [C]    [M/L3]

    1    1  -70.0     .0    1   .141E+00  -.678E-01       50.0   .430     20.00 -.253E-03
    2   52   80.0     .0    2  -.111E+00   .568E-01         .0   .430     20.00  .104E-19
    3   53   76.1     .0    2  -.220E+00   .572E-01         .0   .430     20.00 -.958E-19
    4   54   72.3     .0    2  -.217E+00   .585E-01         .0   .430     20.00  .985E-18
    5   55   68.7     .0    2  -.216E+00   .607E-01         .0   .430     20.00 -.551E-17
    6   56   65.2     .0    2  -.218E+00   .637E-01         .0   .430     20.00  .163E-15
    7   57   61.8     .0    2  -.223E+00   .678E-01         .0   .430     20.00 -.117E-14
    8   58   58.6     .0    2  -.229E+00   .727E-01         .0   .430     20.00  .216E-13
    9   59   55.6     .0    2  -.237E+00   .790E-01         .0   .430     20.00  .133E-12
   10   60   52.6     .0    2  -.249E+00   .870E-01         .0   .430     20.00  .129E-11
   11   61   49.8     .0    2  -.263E+00   .966E-01         .0   .430     20.00  .223E-10
   12   62   47.2     .0    2  -.283E+00   .110E+00         .0   .430     20.00  .156E-09
   13   63   44.7     .0    2  -.309E+00   .126E+00         .0   .430     20.00  .736E-09
   14   64   42.3     .0    2  -.345E+00   .150E+00         .0   .430     20.00  .213E-08
   15   65   40.1     .0    2  -.390E+00   .180E+00         .0   .430     20.00  .364E-08
   16   66   38.0     .0    2  -.430E+00   .212E+00         .0   .430     20.00  .357E-08
   17   67   36.0     .0    2  -.222E+00   .227E+00         .0   .430     20.00  .286E-08
   18  124  -20.0     .0    1   .117E+00  -.112E+00       50.0   .430     20.00  .136E-03
   19  125  -22.1     .0    1   .236E+00  -.109E+00       50.0   .430     20.00  .393E-03
   20  126  -24.3     .0    1   .240E+00  -.105E+00       50.0   .430     20.00  .145E-02
   21  127  -26.7     .0    1   .245E+00  -.101E+00       50.0   .430     20.00  .701E-02
   22  128  -29.2     .0    1   .250E+00  -.972E-01       50.0   .430     20.00  .276E-01
   23  129  -31.8     .0    1   .256E+00  -.945E-01       50.0   .430     20.00  .122E+00
   24  130  -34.6     .0    1   .259E+00  -.909E-01       50.0   .430     20.00  .825E+00
   25  131  -37.5     .0    1   .263E+00  -.880E-01       50.0   .430     20.00  .923E+00
   26  132  -40.6     .0    1   .265E+00  -.847E-01       50.0   .430     20.00  .941E+00
   27  133  -43.7     .0    1   .266E+00  -.815E-01       50.0   .430     20.00  .940E+00
   28  134  -47.1     .0    1   .267E+00  -.785E-01       50.0   .430     20.00  .935E+00
   29  135  -50.6     .0    1   .267E+00  -.753E-01       50.0   .430     20.00  .927E+00
   30  136  -54.2     .0    1   .268E+00  -.729E-01       50.0   .430     20.00  .832E+00
   31  137  -57.9     .0    1   .271E+00  -.708E-01       50.0   .430     20.00  .909E-01
   32  138  -61.8     .0    1   .274E+00  -.692E-01       50.0   .430     20.00  .888E-02
   33  139  -65.8     .0    1   .279E+00  -.682E-01       50.0   .430     20.00 -.985E-03


 Time:    200.0000

    i    n    x      z    Code     Q          v           h       th       Temp     Conc
                                 [V/T]      [L/T]        [L]     [-]        [C]    [M/L3]

    1    1  -70.0     .0    1   .141E+00  -.678E-01       50.0   .430     20.00 -.250E-03
    2   52   80.0     .0    2  -.111E+00   .568E-01         .0   .430     20.00  .716E-12
    3   53   76.1     .0    2  -.220E+00   .572E-01         .0   .430     20.00 -.426E-11
    4   54   72.3     .0    2  -.217E+00   .585E-01         .0   .430     20.00  .182E-10
    5   55   68.7     .0    2  -.216E+00   .607E-01         .0   .430     20.00  .161E-09
    6   56   65.2     .0    2  -.218E+00   .637E-01         .0   .430     20.00  .210E-08
    7   57   61.8     .0    2  -.223E+00   .678E-01         .0   .430     20.00  .650E-08
    8   58   58.6     .0    2  -.229E+00   .727E-01         .0   .430     20.00  .157E-06
    9   59   55.6     .0    2  -.237E+00   .790E-01         .0   .430     20.00  .723E-06
   10   60   52.6     .0    2  -.249E+00   .870E-01         .0   .430     20.00  .451E-05
   11   61   49.8     .0    2  -.263E+00   .966E-01         .0   .430     20.00  .196E-04
   12   62   47.2     .0    2  -.283E+00   .110E+00         .0   .430     20.00  .588E-04
   13   63   44.7     .0    2  -.309E+00   .126E+00         .0   .430     20.00  .131E-03
   14   64   42.3     .0    2  -.345E+00   .150E+00         .0   .430     20.00  .212E-03
   15   65   40.1     .0    2  -.390E+00   .180E+00         .0   .430     20.00  .240E-03
   16   66   38.0     .0    2  -.430E+00   .212E+00         .0   .430     20.00  .201E-03
   17   67   36.0     .0    2  -.222E+00   .227E+00         .0   .430     20.00  .171E-03
   18  124  -20.0     .0    1   .117E+00  -.112E+00       50.0   .430     20.00  .784E-03
   19  125  -22.1     .0    1   .236E+00  -.109E+00       50.0   .430     20.00  .115E-02
   20  126  -24.3     .0    1   .240E+00  -.105E+00       50.0   .430     20.00  .218E-02
   21  127  -26.7     .0    1   .245E+00  -.101E+00       50.0   .430     20.00  .468E-02
   22  128  -29.2     .0    1   .250E+00  -.972E-01       50.0   .430     20.00  .901E-02
   23  129  -31.8     .0    1   .256E+00  -.945E-01       50.0   .430     20.00  .159E-01
   24  130  -34.6     .0    1   .259E+00  -.909E-01       50.0   .430     20.00  .255E-01
   25  131  -37.5     .0    1   .263E+00  -.880E-01       50.0   .430     20.00  .346E-01
   26  132  -40.6     .0    1   .265E+00  -.847E-01       50.0   .430     20.00  .414E-01
   27  133  -43.7     .0    1   .266E+00  -.815E-01       50.0   .430     20.00  .462E-01
   28  134  -47.1     .0    1   .267E+00  -.785E-01       50.0   .430     20.00  .486E-01
   29  135  -50.6     .0    1   .267E+00  -.753E-01       50.0   .430     20.00  .449E-01
   30  136  -54.2     .0    1   .268E+00  -.729E-01       50.0   .430     20.00  .352E-01
   31  137  -57.9     .0    1   .271E+00  -.708E-01       50.0   .430     20.00  .197E-01
   32  138  -61.8     .0    1   .274E+00  -.692E-01       50.0   .430     20.00  .724E-02
   33  139  -65.8     .0    1   .279E+00  -.682E-01       50.0   .430     20.00  .887E-03


 Time:    300.0000

    i    n    x      z    Code     Q          v           h       th       Temp     Conc
                                 [V/T]      [L/T]        [L]     [-]        [C]    [M/L3]

    1    1  -70.0     .0    1   .141E+00  -.678E-01       50.0   .430     20.00  .103E-03
    2   52   80.0     .0    2  -.111E+00   .568E-01         .0   .430     20.00  .781E-09
    3   53   76.1     .0    2  -.220E+00   .572E-01         .0   .430     20.00 -.744E-08
    4   54   72.3     .0    2  -.217E+00   .585E-01         .0   .430     20.00  .481E-07
    5   55   68.7     .0    2  -.216E+00   .607E-01         .0   .430     20.00  .442E-06
    6   56   65.2     .0    2  -.218E+00   .637E-01         .0   .430     20.00  .335E-05
    7   57   61.8     .0    2  -.223E+00   .678E-01         .0   .430     20.00  .160E-04
    8   58   58.6     .0    2  -.229E+00   .727E-01         .0   .430     20.00  .996E-04
    9   59   55.6     .0    2  -.237E+00   .790E-01         .0   .430     20.00  .338E-03
   10   60   52.6     .0    2  -.249E+00   .870E-01         .0   .430     20.00  .115E-02
   11   61   49.8     .0    2  -.263E+00   .966E-01         .0   .430     20.00  .286E-02
   12   62   47.2     .0    2  -.283E+00   .110E+00         .0   .430     20.00  .560E-02
   13   63   44.7     .0    2  -.309E+00   .126E+00         .0   .430     20.00  .869E-02
   14   64   42.3     .0    2  -.345E+00   .150E+00         .0   .430     20.00  .107E-01
   15   65   40.1     .0    2  -.390E+00   .180E+00         .0   .430     20.00  .103E-01
   16   66   38.0     .0    2  -.430E+00   .212E+00         .0   .430     20.00  .832E-02
   17   67   36.0     .0    2  -.222E+00   .227E+00         .0   .430     20.00  .733E-02
   18  124  -20.0     .0    1   .117E+00  -.112E+00       50.0   .430     20.00  .541E-03
   19  125  -22.1     .0    1   .236E+00  -.109E+00       50.0   .430     20.00  .634E-03
   20  126  -24.3     .0    1   .240E+00  -.105E+00       50.0   .430     20.00  .854E-03
   21  127  -26.7     .0    1   .245E+00  -.101E+00       50.0   .430     20.00  .132E-02
   22  128  -29.2     .0    1   .250E+00  -.972E-01       50.0   .430     20.00  .203E-02
   23  129  -31.8     .0    1   .256E+00  -.945E-01       50.0   .430     20.00  .303E-02
   24  130  -34.6     .0    1   .259E+00  -.909E-01       50.0   .430     20.00  .446E-02
   25  131  -37.5     .0    1   .263E+00  -.880E-01       50.0   .430     20.00  .601E-02
   26  132  -40.6     .0    1   .265E+00  -.847E-01       50.0   .430     20.00  .742E-02
   27  133  -43.7     .0    1   .266E+00  -.815E-01       50.0   .430     20.00  .872E-02
   28  134  -47.1     .0    1   .267E+00  -.785E-01       50.0   .430     20.00  .944E-02
   29  135  -50.6     .0    1   .267E+00  -.753E-01       50.0   .430     20.00  .891E-02
   30  136  -54.2     .0    1   .268E+00  -.729E-01       50.0   .430     20.00  .745E-02
   31  137  -57.9     .0    1   .271E+00  -.708E-01       50.0   .430     20.00  .483E-02
   32  138  -61.8     .0    1   .274E+00  -.692E-01       50.0   .430     20.00  .236E-02
   33  139  -65.8     .0    1   .279E+00  -.682E-01       50.0   .430     20.00  .670E-03


 Time:    400.0000

    i    n    x      z    Code     Q          v           h       th       Temp     Conc
                                 [V/T]      [L/T]        [L]     [-]        [C]    [M/L3]

    1    1  -70.0     .0    1   .141E+00  -.678E-01       50.0   .430     20.00  .114E-03
    2   52   80.0     .0    2  -.111E+00   .568E-01         .0   .430     20.00 -.357E-07
    3   53   76.1     .0    2  -.220E+00   .572E-01         .0   .430     20.00 -.204E-06
    4   54   72.3     .0    2  -.217E+00   .585E-01         .0   .430     20.00  .569E-05
    5   55   68.7     .0    2  -.216E+00   .607E-01         .0   .430     20.00  .387E-04
    6   56   65.2     .0    2  -.218E+00   .637E-01         .0   .430     20.00  .207E-03
    7   57   61.8     .0    2  -.223E+00   .678E-01         .0   .430     20.00  .777E-03
    8   58   58.6     .0    2  -.229E+00   .727E-01         .0   .430     20.00  .277E-02
    9   59   55.6     .0    2  -.237E+00   .790E-01         .0   .430     20.00  .697E-02
   10   60   52.6     .0    2  -.249E+00   .870E-01         .0   .430     20.00  .158E-01
   11   61   49.8     .0    2  -.263E+00   .966E-01         .0   .430     20.00  .282E-01
   12   62   47.2     .0    2  -.283E+00   .110E+00         .0   .430     20.00  .417E-01
   13   63   44.7     .0    2  -.309E+00   .126E+00         .0   .430     20.00  .514E-01
   14   64   42.3     .0    2  -.345E+00   .150E+00         .0   .430     20.00  .533E-01
   15   65   40.1     .0    2  -.390E+00   .180E+00         .0   .430     20.00  .469E-01
   16   66   38.0     .0    2  -.430E+00   .212E+00         .0   .430     20.00  .379E-01
   17   67   36.0     .0    2  -.222E+00   .227E+00         .0   .430     20.00  .343E-01
   18  124  -20.0     .0    1   .117E+00  -.112E+00       50.0   .430     20.00  .208E-03
   19  125  -22.1     .0    1   .236E+00  -.109E+00       50.0   .430     20.00  .228E-03
   20  126  -24.3     .0    1   .240E+00  -.105E+00       50.0   .430     20.00  .270E-03
   21  127  -26.7     .0    1   .245E+00  -.101E+00       50.0   .430     20.00  .363E-03
   22  128  -29.2     .0    1   .250E+00  -.972E-01       50.0   .430     20.00  .499E-03
   23  129  -31.8     .0    1   .256E+00  -.945E-01       50.0   .430     20.00  .697E-03
   24  130  -34.6     .0    1   .259E+00  -.909E-01       50.0   .430     20.00  .989E-03
   25  131  -37.5     .0    1   .263E+00  -.880E-01       50.0   .430     20.00  .133E-02
   26  132  -40.6     .0    1   .265E+00  -.847E-01       50.0   .430     20.00  .167E-02
   27  133  -43.7     .0    1   .266E+00  -.815E-01       50.0   .430     20.00  .203E-02
   28  134  -47.1     .0    1   .267E+00  -.785E-01       50.0   .430     20.00  .227E-02
   29  135  -50.6     .0    1   .267E+00  -.753E-01       50.0   .430     20.00  .223E-02
   30  136  -54.2     .0    1   .268E+00  -.729E-01       50.0   .430     20.00  .198E-02
   31  137  -57.9     .0    1   .271E+00  -.708E-01       50.0   .430     20.00  .141E-02
   32  138  -61.8     .0    1   .274E+00  -.692E-01       50.0   .430     20.00  .794E-03
   33  139  -65.8     .0    1   .279E+00  -.682E-01       50.0   .430     20.00  .312E-03


 Time:    500.0000

    i    n    x      z    Code     Q          v           h       th       Temp     Conc
                                 [V/T]      [L/T]        [L]     [-]        [C]    [M/L3]

    1    1  -70.0     .0    1   .141E+00  -.678E-01       50.0   .430     20.00  .667E-04
    2   52   80.0     .0    2  -.111E+00   .568E-01         .0   .430     20.00 -.116E-05
    3   53   76.1     .0    2  -.220E+00   .572E-01         .0   .430     20.00  .755E-05
    4   54   72.3     .0    2  -.217E+00   .585E-01         .0   .430     20.00  .127E-03
    5   55   68.7     .0    2  -.216E+00   .607E-01         .0   .430     20.00  .626E-03
    6   56   65.2     .0    2  -.218E+00   .637E-01         .0   .430     20.00  .242E-02
    7   57   61.8     .0    2  -.223E+00   .678E-01         .0   .430     20.00  .696E-02
    8   58   58.6     .0    2  -.229E+00   .727E-01         .0   .430     20.00  .173E-01
    9   59   55.6     .0    2  -.237E+00   .790E-01         .0   .430     20.00  .338E-01
   10   60   52.6     .0    2  -.249E+00   .870E-01         .0   .430     20.00  .571E-01
   11   61   49.8     .0    2  -.263E+00   .966E-01         .0   .430     20.00  .800E-01
   12   62   47.2     .0    2  -.283E+00   .110E+00         .0   .430     20.00  .963E-01
   13   63   44.7     .0    2  -.309E+00   .126E+00         .0   .430     20.00  .100E+00
   14   64   42.3     .0    2  -.345E+00   .150E+00         .0   .430     20.00  .924E-01
   15   65   40.1     .0    2  -.390E+00   .180E+00         .0   .430     20.00  .771E-01
   16   66   38.0     .0    2  -.430E+00   .212E+00         .0   .430     20.00  .633E-01
   17   67   36.0     .0    2  -.222E+00   .227E+00         .0   .430     20.00  .586E-01
   18  124  -20.0     .0    1   .117E+00  -.112E+00       50.0   .430     20.00  .676E-04
   19  125  -22.1     .0    1   .236E+00  -.109E+00       50.0   .430     20.00  .723E-04
   20  126  -24.3     .0    1   .240E+00  -.105E+00       50.0   .430     20.00  .808E-04
   21  127  -26.7     .0    1   .245E+00  -.101E+00       50.0   .430     20.00  .101E-03
   22  128  -29.2     .0    1   .250E+00  -.972E-01       50.0   .430     20.00  .132E-03
   23  129  -31.8     .0    1   .256E+00  -.945E-01       50.0   .430     20.00  .177E-03
   24  130  -34.6     .0    1   .259E+00  -.909E-01       50.0   .430     20.00  .246E-03
   25  131  -37.5     .0    1   .263E+00  -.880E-01       50.0   .430     20.00  .332E-03
   26  132  -40.6     .0    1   .265E+00  -.847E-01       50.0   .430     20.00  .423E-03
   27  133  -43.7     .0    1   .266E+00  -.815E-01       50.0   .430     20.00  .527E-03
   28  134  -47.1     .0    1   .267E+00  -.785E-01       50.0   .430     20.00  .611E-03
   29  135  -50.6     .0    1   .267E+00  -.753E-01       50.0   .430     20.00  .628E-03
   30  136  -54.2     .0    1   .268E+00  -.729E-01       50.0   .430     20.00  .588E-03
   31  137  -57.9     .0    1   .271E+00  -.708E-01       50.0   .430     20.00  .451E-03
   32  138  -61.8     .0    1   .274E+00  -.692E-01       50.0   .430     20.00  .281E-03
   33  139  -65.8     .0    1   .279E+00  -.682E-01       50.0   .430     20.00  .134E-03


 Time:    600.0000

    i    n    x      z    Code     Q          v           h       th       Temp     Conc
                                 [V/T]      [L/T]        [L]     [-]        [C]    [M/L3]

    1    1  -70.0     .0    1   .141E+00  -.678E-01       50.0   .430     20.00  .336E-04
    2   52   80.0     .0    2  -.111E+00   .568E-01         .0   .430     20.00  .438E-05
    3   53   76.1     .0    2  -.220E+00   .572E-01         .0   .430     20.00  .143E-03
    4   54   72.3     .0    2  -.217E+00   .585E-01         .0   .430     20.00  .991E-03
    5   55   68.7     .0    2  -.216E+00   .607E-01         .0   .430     20.00  .370E-02
    6   56   65.2     .0    2  -.218E+00   .637E-01         .0   .430     20.00  .109E-01
    7   57   61.8     .0    2  -.223E+00   .678E-01         .0   .430     20.00  .246E-01
    8   58   58.6     .0    2  -.229E+00   .727E-01         .0   .430     20.00  .469E-01
    9   59   55.6     .0    2  -.237E+00   .790E-01         .0   .430     20.00  .745E-01
   10   60   52.6     .0    2  -.249E+00   .870E-01         .0   .430     20.00  .100E+00
   11   61   49.8     .0    2  -.263E+00   .966E-01         .0   .430     20.00  .117E+00
   12   62   47.2     .0    2  -.283E+00   .110E+00         .0   .430     20.00  .120E+00
   13   63   44.7     .0    2  -.309E+00   .126E+00         .0   .430     20.00  .111E+00
   14   64   42.3     .0    2  -.345E+00   .150E+00         .0   .430     20.00  .937E-01
   15   65   40.1     .0    2  -.390E+00   .180E+00         .0   .430     20.00  .761E-01
   16   66   38.0     .0    2  -.430E+00   .212E+00         .0   .430     20.00  .641E-01
   17   67   36.0     .0    2  -.222E+00   .227E+00         .0   .430     20.00  .606E-01
   18  124  -20.0     .0    1   .117E+00  -.112E+00       50.0   .430     20.00  .212E-04
   19  125  -22.1     .0    1   .236E+00  -.109E+00       50.0   .430     20.00  .224E-04
   20  126  -24.3     .0    1   .240E+00  -.105E+00       50.0   .430     20.00  .243E-04
   21  127  -26.7     .0    1   .245E+00  -.101E+00       50.0   .430     20.00  .293E-04
   22  128  -29.2     .0    1   .250E+00  -.972E-01       50.0   .430     20.00  .368E-04
   23  129  -31.8     .0    1   .256E+00  -.945E-01       50.0   .430     20.00  .481E-04
   24  130  -34.6     .0    1   .259E+00  -.909E-01       50.0   .430     20.00  .663E-04
   25  131  -37.5     .0    1   .263E+00  -.880E-01       50.0   .430     20.00  .896E-04
   26  132  -40.6     .0    1   .265E+00  -.847E-01       50.0   .430     20.00  .116E-03
   27  133  -43.7     .0    1   .266E+00  -.815E-01       50.0   .430     20.00  .147E-03
   28  134  -47.1     .0    1   .267E+00  -.785E-01       50.0   .430     20.00  .177E-03
   29  135  -50.6     .0    1   .267E+00  -.753E-01       50.0   .430     20.00  .190E-03
   30  136  -54.2     .0    1   .268E+00  -.729E-01       50.0   .430     20.00  .187E-03
   31  137  -57.9     .0    1   .271E+00  -.708E-01       50.0   .430     20.00  .153E-03
   32  138  -61.8     .0    1   .274E+00  -.692E-01       50.0   .430     20.00  .104E-03
   33  139  -65.8     .0    1   .279E+00  -.682E-01       50.0   .430     20.00  .571E-04


 Time:    700.0000

    i    n    x      z    Code     Q          v           h       th       Temp     Conc
                                 [V/T]      [L/T]        [L]     [-]        [C]    [M/L3]

    1    1  -70.0     .0    1   .141E+00  -.678E-01       50.0   .430     20.00  .161E-04
    2   52   80.0     .0    2  -.111E+00   .568E-01         .0   .430     20.00  .136E-03
    3   53   76.1     .0    2  -.220E+00   .572E-01         .0   .430     20.00  .886E-03
    4   54   72.3     .0    2  -.217E+00   .585E-01         .0   .430     20.00  .392E-02
    5   55   68.7     .0    2  -.216E+00   .607E-01         .0   .430     20.00  .115E-01
    6   56   65.2     .0    2  -.218E+00   .637E-01         .0   .430     20.00  .268E-01
    7   57   61.8     .0    2  -.223E+00   .678E-01         .0   .430     20.00  .498E-01
    8   58   58.6     .0    2  -.229E+00   .727E-01         .0   .430     20.00  .773E-01
    9   59   55.6     .0    2  -.237E+00   .790E-01         .0   .430     20.00  .103E+00
   10   60   52.6     .0    2  -.249E+00   .870E-01         .0   .430     20.00  .117E+00
   11   61   49.8     .0    2  -.263E+00   .966E-01         .0   .430     20.00  .118E+00
   12   62   47.2     .0    2  -.283E+00   .110E+00         .0   .430     20.00  .107E+00
   13   63   44.7     .0    2  -.309E+00   .126E+00         .0   .430     20.00  .892E-01
   14   64   42.3     .0    2  -.345E+00   .150E+00         .0   .430     20.00  .711E-01
   15   65   40.1     .0    2  -.390E+00   .180E+00         .0   .430     20.00  .571E-01
   16   66   38.0     .0    2  -.430E+00   .212E+00         .0   .430     20.00  .497E-01
   17   67   36.0     .0    2  -.222E+00   .227E+00         .0   .430     20.00  .479E-01
   18  124  -20.0     .0    1   .117E+00  -.112E+00       50.0   .430     20.00  .676E-05
   19  125  -22.1     .0    1   .236E+00  -.109E+00       50.0   .430     20.00  .709E-05
   20  126  -24.3     .0    1   .240E+00  -.105E+00       50.0   .430     20.00  .756E-05
   21  127  -26.7     .0    1   .245E+00  -.101E+00       50.0   .430     20.00  .885E-05
   22  128  -29.2     .0    1   .250E+00  -.972E-01       50.0   .430     20.00  .108E-04
   23  129  -31.8     .0    1   .256E+00  -.945E-01       50.0   .430     20.00  .139E-04
   24  130  -34.6     .0    1   .259E+00  -.909E-01       50.0   .430     20.00  .190E-04
   25  131  -37.5     .0    1   .263E+00  -.880E-01       50.0   .430     20.00  .258E-04
   26  132  -40.6     .0    1   .265E+00  -.847E-01       50.0   .430     20.00  .336E-04
   27  133  -43.7     .0    1   .266E+00  -.815E-01       50.0   .430     20.00  .437E-04
   28  134  -47.1     .0    1   .267E+00  -.785E-01       50.0   .430     20.00  .542E-04
   29  135  -50.6     .0    1   .267E+00  -.753E-01       50.0   .430     20.00  .605E-04
   30  136  -54.2     .0    1   .268E+00  -.729E-01       50.0   .430     20.00  .626E-04
   31  137  -57.9     .0    1   .271E+00  -.708E-01       50.0   .430     20.00  .545E-04
   32  138  -61.8     .0    1   .274E+00  -.692E-01       50.0   .430     20.00  .397E-04
   33  139  -65.8     .0    1   .279E+00  -.682E-01       50.0   .430     20.00  .245E-04


 Time:    800.0000

    i    n    x      z    Code     Q          v           h       th       Temp     Conc
                                 [V/T]      [L/T]        [L]     [-]        [C]    [M/L3]

    1    1  -70.0     .0    1   .141E+00  -.678E-01       50.0   .430     20.00  .765E-05
    2   52   80.0     .0    2  -.111E+00   .568E-01         .0   .430     20.00  .805E-03
    3   53   76.1     .0    2  -.220E+00   .572E-01         .0   .430     20.00  .301E-02
    4   54   72.3     .0    2  -.217E+00   .585E-01         .0   .430     20.00  .975E-02
    5   55   68.7     .0    2  -.216E+00   .607E-01         .0   .430     20.00  .234E-01
    6   56   65.2     .0    2  -.218E+00   .637E-01         .0   .430     20.00  .450E-01
    7   57   61.8     .0    2  -.223E+00   .678E-01         .0   .430     20.00  .704E-01
    8   58   58.6     .0    2  -.229E+00   .727E-01         .0   .430     20.00  .926E-01
    9   59   55.6     .0    2  -.237E+00   .790E-01         .0   .430     20.00  .107E+00
   10   60   52.6     .0    2  -.249E+00   .870E-01         .0   .430     20.00  .105E+00
   11   61   49.8     .0    2  -.263E+00   .966E-01         .0   .430     20.00  .944E-01
   12   62   47.2     .0    2  -.283E+00   .110E+00         .0   .430     20.00  .774E-01
   13   63   44.7     .0    2  -.309E+00   .126E+00         .0   .430     20.00  .598E-01
   14   64   42.3     .0    2  -.345E+00   .150E+00         .0   .430     20.00  .456E-01
   15   65   40.1     .0    2  -.390E+00   .180E+00         .0   .430     20.00  .368E-01
   16   66   38.0     .0    2  -.430E+00   .212E+00         .0   .430     20.00  .332E-01
   17   67   36.0     .0    2  -.222E+00   .227E+00         .0   .430     20.00  .326E-01
   18  124  -20.0     .0    1   .117E+00  -.112E+00       50.0   .430     20.00  .224E-05
   19  125  -22.1     .0    1   .236E+00  -.109E+00       50.0   .430     20.00  .234E-05
   20  126  -24.3     .0    1   .240E+00  -.105E+00       50.0   .430     20.00  .246E-05
   21  127  -26.7     .0    1   .245E+00  -.101E+00       50.0   .430     20.00  .281E-05
   22  128  -29.2     .0    1   .250E+00  -.972E-01       50.0   .430     20.00  .337E-05
   23  129  -31.8     .0    1   .256E+00  -.945E-01       50.0   .430     20.00  .424E-05
   24  130  -34.6     .0    1   .259E+00  -.909E-01       50.0   .430     20.00  .574E-05
   25  131  -37.5     .0    1   .263E+00  -.880E-01       50.0   .430     20.00  .781E-05
   26  132  -40.6     .0    1   .265E+00  -.847E-01       50.0   .430     20.00  .103E-04
   27  133  -43.7     .0    1   .266E+00  -.815E-01       50.0   .430     20.00  .136E-04
   28  134  -47.1     .0    1   .267E+00  -.785E-01       50.0   .430     20.00  .174E-04
   29  135  -50.6     .0    1   .267E+00  -.753E-01       50.0   .430     20.00  .202E-04
   30  136  -54.2     .0    1   .268E+00  -.729E-01       50.0   .430     20.00  .219E-04
   31  137  -57.9     .0    1   .271E+00  -.708E-01       50.0   .430     20.00  .201E-04
   32  138  -61.8     .0    1   .274E+00  -.692E-01       50.0   .430     20.00  .157E-04
   33  139  -65.8     .0    1   .279E+00  -.682E-01       50.0   .430     20.00  .106E-04


 Time:    900.0000

    i    n    x      z    Code     Q          v           h       th       Temp     Conc
                                 [V/T]      [L/T]        [L]     [-]        [C]    [M/L3]

    1    1  -70.0     .0    1   .141E+00  -.678E-01       50.0   .430     20.00  .364E-05
    2   52   80.0     .0    2  -.111E+00   .568E-01         .0   .430     20.00  .262E-02
    3   53   76.1     .0    2  -.220E+00   .572E-01         .0   .430     20.00  .693E-02
    4   54   72.3     .0    2  -.217E+00   .585E-01         .0   .430     20.00  .177E-01
    5   55   68.7     .0    2  -.216E+00   .607E-01         .0   .430     20.00  .356E-01
    6   56   65.2     .0    2  -.218E+00   .637E-01         .0   .430     20.00  .581E-01
    7   57   61.8     .0    2  -.223E+00   .678E-01         .0   .430     20.00  .786E-01
    8   58   58.6     .0    2  -.229E+00   .727E-01         .0   .430     20.00  .899E-01
    9   59   55.6     .0    2  -.237E+00   .790E-01         .0   .430     20.00  .912E-01
   10   60   52.6     .0    2  -.249E+00   .870E-01         .0   .430     20.00  .805E-01
   11   61   49.8     .0    2  -.263E+00   .966E-01         .0   .430     20.00  .654E-01
   12   62   47.2     .0    2  -.283E+00   .110E+00         .0   .430     20.00  .493E-01
   13   63   44.7     .0    2  -.309E+00   .126E+00         .0   .430     20.00  .358E-01
   14   64   42.3     .0    2  -.345E+00   .150E+00         .0   .430     20.00  .265E-01
   15   65   40.1     .0    2  -.390E+00   .180E+00         .0   .430     20.00  .217E-01
   16   66   38.0     .0    2  -.430E+00   .212E+00         .0   .430     20.00  .204E-01
   17   67   36.0     .0    2  -.222E+00   .227E+00         .0   .430     20.00  .203E-01
   18  124  -20.0     .0    1   .117E+00  -.112E+00       50.0   .430     20.00  .782E-06
   19  125  -22.1     .0    1   .236E+00  -.109E+00       50.0   .430     20.00  .812E-06
   20  126  -24.3     .0    1   .240E+00  -.105E+00       50.0   .430     20.00  .841E-06
   21  127  -26.7     .0    1   .245E+00  -.101E+00       50.0   .430     20.00  .943E-06
   22  128  -29.2     .0    1   .250E+00  -.972E-01       50.0   .430     20.00  .110E-05
   23  129  -31.8     .0    1   .256E+00  -.945E-01       50.0   .430     20.00  .137E-05
   24  130  -34.6     .0    1   .259E+00  -.909E-01       50.0   .430     20.00  .183E-05
   25  131  -37.5     .0    1   .263E+00  -.880E-01       50.0   .430     20.00  .249E-05
   26  132  -40.6     .0    1   .265E+00  -.847E-01       50.0   .430     20.00  .329E-05
   27  133  -43.7     .0    1   .266E+00  -.815E-01       50.0   .430     20.00  .445E-05
   28  134  -47.1     .0    1   .267E+00  -.785E-01       50.0   .430     20.00  .584E-05
   29  135  -50.6     .0    1   .267E+00  -.753E-01       50.0   .430     20.00  .700E-05
   30  136  -54.2     .0    1   .268E+00  -.729E-01       50.0   .430     20.00  .792E-05
   31  137  -57.9     .0    1   .271E+00  -.708E-01       50.0   .430     20.00  .770E-05
   32  138  -61.8     .0    1   .274E+00  -.692E-01       50.0   .430     20.00  .641E-05
   33  139  -65.8     .0    1   .279E+00  -.682E-01       50.0   .430     20.00  .472E-05


 Time:   1000.0000

    i    n    x      z    Code     Q          v           h       th       Temp     Conc
                                 [V/T]      [L/T]        [L]     [-]        [C]    [M/L3]

    1    1  -70.0     .0    1   .141E+00  -.678E-01       50.0   .430     20.00  .175E-05
    2   52   80.0     .0    2  -.111E+00   .568E-01         .0   .430     20.00  .593E-02
    3   53   76.1     .0    2  -.220E+00   .572E-01         .0   .430     20.00  .122E-01
    4   54   72.3     .0    2  -.217E+00   .585E-01         .0   .430     20.00  .256E-01
    5   55   68.7     .0    2  -.216E+00   .607E-01         .0   .430     20.00  .442E-01
    6   56   65.2     .0    2  -.218E+00   .637E-01         .0   .430     20.00  .626E-01
    7   57   61.8     .0    2  -.223E+00   .678E-01         .0   .430     20.00  .744E-01
    8   58   58.6     .0    2  -.229E+00   .727E-01         .0   .430     20.00  .756E-01
    9   59   55.6     .0    2  -.237E+00   .790E-01         .0   .430     20.00  .686E-01
   10   60   52.6     .0    2  -.249E+00   .870E-01         .0   .430     20.00  .551E-01
   11   61   49.8     .0    2  -.263E+00   .966E-01         .0   .430     20.00  .412E-01
   12   62   47.2     .0    2  -.283E+00   .110E+00         .0   .430     20.00  .289E-01
   13   63   44.7     .0    2  -.309E+00   .126E+00         .0   .430     20.00  .200E-01
   14   64   42.3     .0    2  -.345E+00   .150E+00         .0   .430     20.00  .145E-01
   15   65   40.1     .0    2  -.390E+00   .180E+00         .0   .430     20.00  .122E-01
   16   66   38.0     .0    2  -.430E+00   .212E+00         .0   .430     20.00  .119E-01
   17   67   36.0     .0    2  -.222E+00   .227E+00         .0   .430     20.00  .121E-01
   18  124  -20.0     .0    1   .117E+00  -.112E+00       50.0   .430     20.00  .288E-06
   19  125  -22.1     .0    1   .236E+00  -.109E+00       50.0   .430     20.00  .298E-06
   20  126  -24.3     .0    1   .240E+00  -.105E+00       50.0   .430     20.00  .304E-06
   21  127  -26.7     .0    1   .245E+00  -.101E+00       50.0   .430     20.00  .334E-06
   22  128  -29.2     .0    1   .250E+00  -.972E-01       50.0   .430     20.00  .381E-06
   23  129  -31.8     .0    1   .256E+00  -.945E-01       50.0   .430     20.00  .462E-06
   24  130  -34.6     .0    1   .259E+00  -.909E-01       50.0   .430     20.00  .611E-06
   25  131  -37.5     .0    1   .263E+00  -.880E-01       50.0   .430     20.00  .828E-06
   26  132  -40.6     .0    1   .265E+00  -.847E-01       50.0   .430     20.00  .110E-05
   27  133  -43.7     .0    1   .266E+00  -.815E-01       50.0   .430     20.00  .151E-05
   28  134  -47.1     .0    1   .267E+00  -.785E-01       50.0   .430     20.00  .203E-05
   29  135  -50.6     .0    1   .267E+00  -.753E-01       50.0   .430     20.00  .252E-05
   30  136  -54.2     .0    1   .268E+00  -.729E-01       50.0   .430     20.00  .297E-05
   31  137  -57.9     .0    1   .271E+00  -.708E-01       50.0   .430     20.00  .304E-05
   32  138  -61.8     .0    1   .274E+00  -.692E-01       50.0   .430     20.00  .269E-05
   33  139  -65.8     .0    1   .279E+00  -.682E-01       50.0   .430     20.00  .214E-05
