 Flow under a dam                                                        
 
 Program HYDRUS2
 Date:  18. 2.    Time:  11:49:50
 Time independent boundary conditions
 Vertical plane flow, V = L*L
 Units: L = m    , T = days , M = mmol 

 Max. number of iterations             20
 Absolute water content tolerance [-]  .00010
 Absolute pressure head tolerance [L]  .00100



MatNum, Param. array:

   Mat     Qr     Qs        Alfa         n          Ks      l

    1     .078   .430    .360E+01    .156E+01    .250E+00   .500

       Table of Hydraulic Properties which are interpolated in simulation
       =================================================================

  theta         h        log h        C             K        log K          S
 
   .4300   -.100E-04  -.5000E+01   .2304E-02   .2480E+00  -.6056E+00    1.0000
   .4300   -.115E-04  -.4939E+01   .2492E-02   .2479E+00  -.6058E+00    1.0000
   .4300   -.132E-04  -.4879E+01   .2694E-02   .2477E+00  -.6061E+00    1.0000
   .4300   -.152E-04  -.4818E+01   .2913E-02   .2476E+00  -.6063E+00    1.0000
   .4300   -.175E-04  -.4758E+01   .3150E-02   .2474E+00  -.6066E+00    1.0000
   .4300   -.201E-04  -.4697E+01   .3406E-02   .2472E+00  -.6069E+00    1.0000
   .4300   -.231E-04  -.4636E+01   .3683E-02   .2470E+00  -.6073E+00    1.0000
   .4300   -.266E-04  -.4576E+01   .3982E-02   .2468E+00  -.6076E+00    1.0000
   .4300   -.305E-04  -.4515E+01   .4306E-02   .2466E+00  -.6080E+00    1.0000
   .4300   -.351E-04  -.4455E+01   .4656E-02   .2463E+00  -.6085E+00    1.0000
   .4300   -.404E-04  -.4394E+01   .5034E-02   .2461E+00  -.6089E+00    1.0000
   .4300   -.464E-04  -.4333E+01   .5444E-02   .2458E+00  -.6094E+00    1.0000
   .4300   -.534E-04  -.4273E+01   .5886E-02   .2455E+00  -.6100E+00    1.0000
   .4300   -.614E-04  -.4212E+01   .6365E-02   .2451E+00  -.6106E+00    1.0000
   .4300   -.705E-04  -.4152E+01   .6882E-02   .2448E+00  -.6112E+00    1.0000
   .4300   -.811E-04  -.4091E+01   .7441E-02   .2444E+00  -.6119E+00    1.0000
   .4300   -.933E-04  -.4030E+01   .8046E-02   .2440E+00  -.6127E+00    1.0000
   .4300   -.107E-03  -.3970E+01   .8700E-02   .2435E+00  -.6135E+00    1.0000
   .4300   -.123E-03  -.3909E+01   .9407E-02   .2430E+00  -.6143E+00    1.0000
   .4300   -.142E-03  -.3848E+01   .1017E-01   .2425E+00  -.6153E+00    1.0000
   .4300   -.163E-03  -.3788E+01   .1100E-01   .2419E+00  -.6163E+00    1.0000
   .4300   -.187E-03  -.3727E+01   .1189E-01   .2413E+00  -.6174E+00    1.0000
   .4300   -.215E-03  -.3667E+01   .1286E-01   .2406E+00  -.6186E+00    1.0000
   .4300   -.248E-03  -.3606E+01   .1390E-01   .2399E+00  -.6199E+00    1.0000
   .4300   -.285E-03  -.3545E+01   .1503E-01   .2391E+00  -.6214E+00    1.0000
   .4300   -.327E-03  -.3485E+01   .1626E-01   .2383E+00  -.6229E+00    1.0000
   .4300   -.376E-03  -.3424E+01   .1758E-01   .2374E+00  -.6245E+00    1.0000
   .4300   -.433E-03  -.3364E+01   .1901E-01   .2364E+00  -.6263E+00    1.0000
   .4300   -.498E-03  -.3303E+01   .2055E-01   .2354E+00  -.6283E+00    1.0000
   .4300   -.572E-03  -.3242E+01   .2222E-01   .2342E+00  -.6304E+00    1.0000
   .4300   -.658E-03  -.3182E+01   .2403E-01   .2330E+00  -.6327E+00    1.0000
   .4300   -.756E-03  -.3121E+01   .2598E-01   .2317E+00  -.6352E+00    1.0000
   .4300   -.870E-03  -.3061E+01   .2809E-01   .2302E+00  -.6378E+00    1.0000
   .4300   -.100E-02  -.3000E+01   .3037E-01   .2287E+00  -.6408E+00     .9999
   .4300   -.115E-02  -.2939E+01   .3284E-01   .2270E+00  -.6439E+00     .9999
   .4300   -.132E-02  -.2879E+01   .3551E-01   .2252E+00  -.6474E+00     .9999
   .4300   -.152E-02  -.2818E+01   .3839E-01   .2233E+00  -.6511E+00     .9999
   .4300   -.175E-02  -.2758E+01   .4151E-01   .2212E+00  -.6551E+00     .9999
   .4299   -.201E-02  -.2697E+01   .4487E-01   .2190E+00  -.6596E+00     .9998
   .4299   -.231E-02  -.2636E+01   .4851E-01   .2166E+00  -.6643E+00     .9998
   .4299   -.266E-02  -.2576E+01   .5245E-01   .2140E+00  -.6695E+00     .9997
   .4299   -.305E-02  -.2515E+01   .5670E-01   .2112E+00  -.6752E+00     .9997
   .4299   -.351E-02  -.2455E+01   .6129E-01   .2083E+00  -.6814E+00     .9996
   .4298   -.404E-02  -.2394E+01   .6625E-01   .2051E+00  -.6881E+00     .9995
   .4298   -.464E-02  -.2333E+01   .7160E-01   .2016E+00  -.6954E+00     .9994
   .4297   -.534E-02  -.2273E+01   .7737E-01   .1980E+00  -.7034E+00     .9992
   .4297   -.614E-02  -.2212E+01   .8361E-01   .1940E+00  -.7121E+00     .9991
   .4296   -.705E-02  -.2152E+01   .9032E-01   .1898E+00  -.7217E+00     .9988
   .4295   -.811E-02  -.2091E+01   .9756E-01   .1853E+00  -.7321E+00     .9986
   .4294   -.933E-02  -.2030E+01   .1054E+00   .1805E+00  -.7435E+00     .9982
   .4292   -.107E-01  -.1970E+01   .1137E+00   .1754E+00  -.7560E+00     .9978
   .4290   -.123E-01  -.1909E+01   .1227E+00   .1699E+00  -.7697E+00     .9972
   .4288   -.142E-01  -.1848E+01   .1324E+00   .1642E+00  -.7847E+00     .9966
   .4285   -.163E-01  -.1788E+01   .1427E+00   .1580E+00  -.8013E+00     .9957
   .4281   -.187E-01  -.1727E+01   .1537E+00   .1515E+00  -.8194E+00     .9947
   .4277   -.215E-01  -.1667E+01   .1653E+00   .1447E+00  -.8395E+00     .9934
   .4271   -.248E-01  -.1606E+01   .1777E+00   .1375E+00  -.8616E+00     .9919
   .4265   -.285E-01  -.1545E+01   .1907E+00   .1300E+00  -.8861E+00     .9899
   .4256   -.327E-01  -.1485E+01   .2044E+00   .1222E+00  -.9131E+00     .9875
   .4246   -.376E-01  -.1424E+01   .2185E+00   .1140E+00  -.9430E+00     .9846
   .4233   -.433E-01  -.1364E+01   .2330E+00   .1056E+00  -.9763E+00     .9810
   .4217   -.498E-01  -.1303E+01   .2476E+00   .9702E-01  -.1013E+01     .9765
   .4198   -.572E-01  -.1242E+01   .2622E+00   .8828E-01  -.1054E+01     .9711
   .4175   -.658E-01  -.1182E+01   .2763E+00   .7949E-01  -.1100E+01     .9646
   .4147   -.756E-01  -.1121E+01   .2896E+00   .7073E-01  -.1150E+01     .9566
   .4114   -.870E-01  -.1061E+01   .3015E+00   .6212E-01  -.1207E+01     .9471
   .4074   -.100E+00  -.1000E+01   .3115E+00   .5377E-01  -.1269E+01     .9358
   .4027   -.115E+00  -.9394E+00   .3189E+00   .4582E-01  -.1339E+01     .9223
   .3971   -.132E+00  -.8788E+00   .3231E+00   .3837E-01  -.1416E+01     .9066
   .3907   -.152E+00  -.8182E+00   .3235E+00   .3155E-01  -.1501E+01     .8884
   .3834   -.175E+00  -.7576E+00   .3198E+00   .2543E-01  -.1595E+01     .8676
   .3751   -.201E+00  -.6970E+00   .3116E+00   .2008E-01  -.1697E+01     .8441
   .3659   -.231E+00  -.6364E+00   .2992E+00   .1552E-01  -.1809E+01     .8180
   .3559   -.266E+00  -.5758E+00   .2827E+00   .1175E-01  -.1930E+01     .7894
   .3450   -.305E+00  -.5152E+00   .2629E+00   .8705E-02  -.2060E+01     .7586
   .3335   -.351E+00  -.4545E+00   .2406E+00   .6318E-02  -.2199E+01     .7259
   .3215   -.404E+00  -.3939E+00   .2168E+00   .4496E-02  -.2347E+01     .6917
   .3091   -.464E+00  -.3333E+00   .1925E+00   .3142E-02  -.2503E+01     .6566
   .2966   -.534E+00  -.2727E+00   .1685E+00   .2159E-02  -.2666E+01     .6211
   .2841   -.614E+00  -.2121E+00   .1458E+00   .1461E-02  -.2835E+01     .5855
   .2717   -.705E+00  -.1515E+00   .1246E+00   .9759E-03  -.3011E+01     .5503
   .2596   -.811E+00  -.9091E-01   .1055E+00   .6442E-03  -.3191E+01     .5159
   .2478   -.933E+00  -.3030E-01   .8859E-01   .4210E-03  -.3376E+01     .4825
   .2365   -.107E+01   .3030E-01   .7383E-01   .2728E-03  -.3564E+01     .4504
   .2258   -.123E+01   .9091E-01   .6114E-01   .1755E-03  -.3756E+01     .4198
   .2155   -.142E+01   .1515E+00   .5037E-01   .1122E-03  -.3950E+01     .3907
   .2058   -.163E+01   .2121E+00   .4131E-01   .7139E-04  -.4146E+01     .3632
   .1967   -.187E+01   .2727E+00   .3376E-01   .4523E-04  -.4345E+01     .3373
   .1882   -.215E+01   .3333E+00   .2751E-01   .2856E-04  -.4544E+01     .3130
   .1802   -.248E+01   .3939E+00   .2236E-01   .1798E-04  -.4745E+01     .2903
   .1727   -.285E+01   .4545E+00   .1814E-01   .1130E-04  -.4947E+01     .2691
   .1657   -.327E+01   .5152E+00   .1469E-01   .7085E-05  -.5150E+01     .2493
   .1593   -.376E+01   .5758E+00   .1188E-01   .4436E-05  -.5353E+01     .2309
   .1533   -.433E+01   .6364E+00   .9603E-02   .2774E-05  -.5557E+01     .2138
   .1477   -.498E+01   .6970E+00   .7752E-02   .1733E-05  -.5761E+01     .1979
   .1425   -.572E+01   .7576E+00   .6254E-02   .1082E-05  -.5966E+01     .1832
   .1377   -.658E+01   .8182E+00   .5042E-02   .6751E-06  -.6171E+01     .1695
   .1332   -.756E+01   .8788E+00   .4063E-02   .4209E-06  -.6376E+01     .1568
   .1291   -.870E+01   .9394E+00   .3274E-02   .2624E-06  -.6581E+01     .1451
   .1253   -.100E+02   .1000E+01   .2636E-02   .1635E-06  -.6787E+01     .1342
end

 Solute transport information
 ============================

 Galerkin finite-element method

 Number of species in the chain :   1

 Mat.     Bulk.D.    DispL     DispT    Fraction  ImmobileWC
   1       1.5000    5.0000     .5000    1.0000     .0000

    Dif.w.      Dif.g.   -------------------------------------------------- ( 1.solute)
   .0000E+00   .0000E+00
 Mat.     KS         Nu         Beta      Henry      SinkL1     SinkS1     SinkG1     SinkL1`    SinkS1`    SinkG1`    SinkL0     SinkS0     SinkG0      Alfa
   1  .0000E+00  .0000E+00  .1000E+01  .0000E+00  .0000E+00  .0000E+00  .0000E+00  .0000E+00  .0000E+00  .0000E+00  .0000E+00  .0000E+00  .0000E+00  .0000E+00

 No adsorption or linear adsorp. isotherm for material  1

   Conc1     Conc2     Conc3     Conc4     cSink     cWell     Conc7     gAtm          d
  .000E+00  .100E+01  .000E+00  .000E+00  .000E+00  .000E+00  .000E+00  .000E+00     .0000

 tPulse =           100.000
