 Water flow to a stream - 1                                              
 
 Program HYDRUS2
 Date:  17. 2.    Time:  13:11:31
 Time independent boundary conditions
 Vertical plane flow, V = L*L
 Units: L = cm   , T = days , M = mmol 

 Time [T]             Total     Sub-region number ...

       .0000                      1
 Area    [V]          .159E+07   .159E+07
 Volume  [V]          .616E+06   .616E+06
 InFlow  [V/T]        .000E+00   .000E+00
 hMean   [L]          .598E+02       59.8

       .5000                      1
 Area    [V]          .159E+07   .159E+07
 Volume  [V]          .617E+06   .617E+06
 InFlow  [V/T]        .195E+04   .195E+04
 hMean   [L]          .637E+02       63.7
 WatBalT [V]         -.694E+00
 WatBalR [%]              .026

      1.0000                      1
 Area    [V]          .159E+07   .159E+07
 Volume  [V]          .618E+06   .618E+06
 InFlow  [V/T]        .164E+04   .164E+04
 hMean   [L]          .649E+02       64.9
 WatBalT [V]          .427E+00
 WatBalR [%]              .011

     10.0000                      1
 Area    [V]          .159E+07   .159E+07
 Volume  [V]          .628E+06   .628E+06
 InFlow  [V/T]        .906E+03   .906E+03
 hMean   [L]          .774E+02       77.4
 WatBalT [V]         -.243E+01
 WatBalR [%]              .011

     25.0000                      1
 Area    [V]          .159E+07   .159E+07
 Volume  [V]          .639E+06   .639E+06
 InFlow  [V/T]        .657E+03   .657E+03
 hMean   [L]          .907E+02       90.7
 WatBalT [V]         -.349E+01
 WatBalR [%]              .007

     50.0000                      1
 Area    [V]          .159E+07   .159E+07
 Volume  [V]          .652E+06   .652E+06
 InFlow  [V/T]        .418E+03   .418E+03
 hMean   [L]          .106E+03      105.8
 WatBalT [V]         -.444E+01
 WatBalR [%]              .005

    100.0000                      1
 Area    [V]          .159E+07   .159E+07
 Volume  [V]          .665E+06   .665E+06
 InFlow  [V/T]        .134E+03   .134E+03
 hMean   [L]          .122E+03      122.2
 WatBalT [V]         -.576E+01
 WatBalR [%]              .003
