 Water flow to a stream - 1                                              
 
 Program HYDRUS2
 Date:  17. 2.    Time:  13:11:31
 Time independent boundary conditions
 Vertical plane flow, V = L*L
 Units: L = cm   , T = days , M = mmol 


 Time:       .5000

    i    n    x      z    Code     Q          v           h       th       Temp     Conc
                                 [V/T]      [L/T]        [L]     [-]        [C]    [M/L3]

    1    1     .0     .0    1   .280E+02  -.403E+01      400.0   .430     20.00
    2   90 5000.0     .0    1   .157E+02  -.220E+01      200.0   .430     20.00
    3   91 5000.0   14.3    1   .313E+02  -.219E+01      185.7   .430     20.00
    4   92 5000.0   28.6    1   .314E+02  -.220E+01      171.4   .430     20.00
    5   93 5000.0   42.9    1   .315E+02  -.220E+01      157.1   .430     20.00
    6   94 5000.0   57.1    1   .316E+02  -.221E+01      142.9   .430     20.00
    7   95 5000.0   71.4    1   .317E+02  -.222E+01      128.6   .430     20.00
    8   96 5000.0   85.7    1   .319E+02  -.223E+01      114.3   .430     20.00
    9   97 5000.0  100.0    1   .320E+02  -.224E+01      100.0   .430     20.00
   10   98 5000.0  114.3    1   .321E+02  -.225E+01       85.7   .430     20.00
   11   99 5000.0  128.6    1   .322E+02  -.226E+01       71.4   .430     20.00
   12  100 5000.0  142.9    1   .323E+02  -.226E+01       57.1   .430     20.00
   13  101 5000.0  157.1    1   .323E+02  -.226E+01       42.9   .430     20.00
   14  102 5000.0  171.4    1   .322E+02  -.225E+01       28.6   .430     20.00
   15  103 5000.0  185.7    1   .316E+02  -.221E+01       14.3   .430     20.00
   16  104 5000.0  200.0    1   .152E+02  -.213E+01         .0   .430     20.00
   17  119 4791.7  176.0    1  -.988E+02   .145E+02        -.2   .430     20.00
   18  120 4779.8  169.4    1  -.539E+02   .394E+01        6.4   .430     20.00
   19  121 4768.1  162.2    1  -.415E+02   .302E+01       13.5   .430     20.00
   20  122 4756.6  154.8    1  -.349E+02   .253E+01       21.0   .430     20.00
   21  123 4745.1  147.1    1  -.305E+02   .221E+01       28.7   .430     20.00
   22  124 4733.6  139.5    1  -.271E+02   .197E+01       36.2   .430     20.00
   23  125 4722.0  132.2    1  -.240E+02   .176E+01       43.6   .430     20.00
   24  126 4710.2  125.3    1  -.211E+02   .156E+01       50.4   .430     20.00
   25  127 4698.2  119.1    1  -.184E+02   .136E+01       56.6   .430     20.00
   26  128 4685.9  113.8    1  -.156E+02   .116E+01       62.0   .430     20.00
   27  129 4673.3  109.2    1  -.131E+02   .975E+00       66.6   .430     20.00
   28  130 4660.5  105.3    1  -.108E+02   .802E+00       70.5   .430     20.00
   29  131 4647.4  102.2    1  -.884E+01   .654E+00       73.6   .430     20.00
   30  132 4634.0   99.7    1  -.713E+01   .523E+00       76.1   .430     20.00
   31  133 4620.5   97.9    1  -.568E+01   .413E+00       77.9   .430     20.00
   32  134 4606.7   96.6    1  -.453E+01   .326E+00       79.1   .430     20.00
   33  135 4592.8   95.9    1  -.354E+01   .253E+00       79.8   .430     20.00
   34  136 4578.7   95.8    1  -.277E+01   .196E+00       80.0   .430     20.00
   35  137 4564.5   96.1    1  -.214E+01   .150E+00       79.7   .430     20.00
   36  138 4550.2   96.8    1  -.168E+01   .117E+00       79.0   .430     20.00
   37  139 4535.8   97.9    1  -.126E+01   .870E-01       77.9   .430     20.00
   38  140 4521.3   99.4    1  -.979E+00   .671E-01       76.4   .430     20.00
   39  141 4506.8  101.2    1  -.756E+00   .515E-01       74.6   .430     20.00
   40  142 4492.2  103.2    1  -.587E+00   .399E-01       72.6   .430     20.00
   41  143 4477.6  105.5    1  -.445E+00   .302E-01       70.3   .430     20.00
   42  144 4463.0  108.0    1  -.348E+00   .236E-01       67.8   .430     20.00
   43  145 4448.5  110.6    1  -.270E+00   .183E-01       65.2   .430     20.00
   44  146 4434.0  113.3    1  -.210E+00   .143E-01       62.5   .430     20.00
   45  147 4419.6  116.1    1  -.165E+00   .112E-01       59.6   .430     20.00
   46  148 4405.2  119.0    1  -.128E+00   .875E-02       56.8   .430     20.00
   47  149 4391.0  121.8    1  -.101E+00   .696E-02       54.0   .430     20.00
   48  150 4376.9  124.6    1  -.791E-01   .551E-02       51.2   .430     20.00
   49  151 4362.8  127.4    1  -.620E-01   .434E-02       48.4   .430     20.00
   50  152 4348.9  130.2    1  -.485E-01   .342E-02       45.6   .430     20.00
   51  153 4335.0  132.9    1  -.364E-01   .258E-02       42.9   .430     20.00
   52  154 4321.2  135.7    1  -.273E-01   .194E-02       40.1   .430     20.00
   53  155 4307.5  138.4    1  -.190E-01   .136E-02       37.4   .430     20.00
   54  156 4293.8  141.1    1  -.117E-01   .838E-03       34.7   .430     20.00
   55  157 4280.2  143.8    1  -.525E-02   .378E-03       31.9   .430     20.00
   56  158 4266.6  146.6    1   .188E-02  -.135E-03       29.2   .430     20.00
   57  159 4253.0  149.3    1   .842E-02  -.608E-03       26.5   .430     20.00
   58  160 4239.4  152.0    1   .157E-01  -.113E-02       23.7   .430     20.00
   59  161 4225.9  154.8    1   .240E-01  -.173E-02       21.0   .430     20.00
   60  162 4212.3  157.5    1   .340E-01  -.246E-02       18.3   .430     20.00
   61  163 4198.7  160.3    1   .471E-01  -.340E-02       15.5   .430     20.00
   62  164 4185.1  163.0    1   .651E-01  -.468E-02       12.7   .430     20.00
   63  165 4171.5  165.8    1   .923E-01  -.663E-02       10.0   .430     20.00
   64  166 4157.9  168.6    1   .138E+00  -.988E-02        7.2   .430     20.00
   65  167 4144.2  171.4    1   .228E+00  -.163E-01        4.4   .430     20.00
   66  168 4130.5  174.2    1   .556E+00  -.398E-01        1.6   .430     20.00
   67  169 4116.8  177.0   -2   .000E+00   .000E+00       -1.2   .429     20.00
   68  170 4103.1  179.8   -2   .000E+00   .000E+00       -4.0   .424     20.00
   69  171 4089.4  182.5   -2   .000E+00   .000E+00       -6.8   .417     20.00
   70  172 4075.7  185.3   -2   .000E+00   .000E+00       -9.6   .409     20.00
   71  173 4061.9  188.0   -2   .000E+00   .000E+00      -12.4   .400     20.00
   72  174 4048.2  190.7   -2   .000E+00   .000E+00      -15.1   .391     20.00
   73  175 4034.4  193.4   -2   .000E+00   .000E+00      -17.8   .382     20.00
   74  176 4020.7  196.1   -2   .000E+00   .000E+00      -20.5   .374     20.00
   75  177 4006.9  198.7   -2   .000E+00   .000E+00      -23.2   .366     20.00
   76  178 3993.1  201.3   -2   .000E+00   .000E+00      -25.9   .358     20.00
   77  179 3979.3  203.8   -2   .000E+00   .000E+00      -28.5   .351     20.00
   78  180 3965.6  206.3   -2   .000E+00   .000E+00      -31.0   .344     20.00
   79  181 3951.8  208.8   -2   .000E+00   .000E+00      -33.6   .337     20.00
   80  182 3938.0  211.3   -2   .000E+00   .000E+00      -36.1   .331     20.00
   81  183 3924.2  213.7   -2   .000E+00   .000E+00      -38.5   .326     20.00
   82  184 3910.4  216.0   -2   .000E+00   .000E+00      -40.9   .320     20.00
   83  185 3896.5  218.3   -2   .000E+00   .000E+00      -43.3   .316     20.00
   84  186 3882.7  220.6   -2   .000E+00   .000E+00      -45.6   .311     20.00
   85  187 3868.9  222.9   -2   .000E+00   .000E+00      -47.8   .307     20.00
   86  188 3855.1  225.1   -2   .000E+00   .000E+00      -50.1   .303     20.00
   87  189 3841.3  227.3   -2   .000E+00   .000E+00      -52.3   .299     20.00
   88  190 3827.4  229.5   -2   .000E+00   .000E+00      -54.4   .295     20.00
   89  191 3813.6  231.6   -2   .000E+00   .000E+00      -56.6   .292     20.00
   90  192 3799.8  233.7   -2   .000E+00   .000E+00      -58.6   .288     20.00
   91  193 3785.9  235.7   -2   .000E+00   .000E+00      -60.7   .285     20.00
   92  194 3772.1  237.7   -2   .000E+00   .000E+00      -62.7   .282     20.00
   93  195 3758.2  239.7   -2   .000E+00   .000E+00      -64.7   .280     20.00
   94  196 3744.4  241.7   -2   .000E+00   .000E+00      -66.7   .277     20.00
   95  197 3730.5  243.6   -2   .000E+00   .000E+00      -68.6   .274     20.00
   96  198 3716.6  245.5   -2   .000E+00   .000E+00      -70.5   .272     20.00
   97  199 3702.8  247.3   -2   .000E+00   .000E+00      -72.3   .270     20.00
   98  200 3688.9  249.2   -2   .000E+00   .000E+00      -74.2   .268     20.00
   99  201 3675.0  251.0   -2   .000E+00   .000E+00      -76.0   .266     20.00
  100  202 3661.1  252.7   -2   .000E+00   .000E+00      -77.7   .263     20.00
  101  203 3647.3  254.5   -2   .000E+00   .000E+00      -79.5   .261     20.00
  102  204 3633.4  256.2   -2   .000E+00   .000E+00      -81.2   .260     20.00
  103  205 3619.5  257.8   -2   .000E+00   .000E+00      -82.8   .258     20.00
  104  206 3605.6  259.5   -2   .000E+00   .000E+00      -84.5   .256     20.00
  105  207 3591.7  261.1   -2   .000E+00   .000E+00      -86.1   .255     20.00
  106  208 3577.8  262.7   -2   .000E+00   .000E+00      -87.7   .253     20.00
  107  209 3563.9  264.3   -2   .000E+00   .000E+00      -89.3   .252     20.00
  108  210 3550.0  265.8   -2   .000E+00   .000E+00      -90.8   .250     20.00
  109  211 3536.1  267.3   -2   .000E+00   .000E+00      -92.3   .249     20.00
  110  212 3522.2  268.8   -2   .000E+00   .000E+00      -93.8   .247     20.00
  111  213 3508.2  270.3   -2   .000E+00   .000E+00      -95.3   .246     20.00
  112  214 3494.3  271.7   -2   .000E+00   .000E+00      -96.7   .245     20.00
  113  215 3480.4  273.1   -2   .000E+00   .000E+00      -98.1   .244     20.00
  114  216 3466.5  274.5   -2   .000E+00   .000E+00      -99.5   .243     20.00
  115  217 3452.5  275.9   -2   .000E+00   .000E+00     -100.9   .242     20.00
  116  218 3438.6  277.2   -2   .000E+00   .000E+00     -102.2   .241     20.00
  117  219 3424.7  278.6   -2   .000E+00   .000E+00     -103.6   .240     20.00
  118  220 3410.7  279.8   -2   .000E+00   .000E+00     -104.8   .238     20.00
  119  221 3396.8  281.1   -2   .000E+00   .000E+00     -106.1   .237     20.00
  120  222 3382.9  282.4   -2   .000E+00   .000E+00     -107.4   .236     20.00
  121  223 3368.9  283.6   -2   .000E+00   .000E+00     -108.6   .236     20.00
  122  224 3355.0  284.8   -2   .000E+00   .000E+00     -109.8   .235     20.00
  123  225 3341.0  286.0   -2   .000E+00   .000E+00     -111.0   .234     20.00
  124  226 3327.1  287.1   -2   .000E+00   .000E+00     -111.8   .233     20.00
  125  227 3313.1  288.3   -2   .000E+00   .000E+00     -106.4   .237     20.00
  126  228 3299.1  289.4   -2   .000E+00   .000E+00      -90.8   .250     20.00
  127  229 3285.2  290.5   -2   .000E+00   .000E+00      -90.6   .250     20.00
  128  230 3271.2  291.6   -2   .000E+00   .000E+00      -91.6   .249     20.00
  129  231 3257.2  292.6   -2   .000E+00   .000E+00      -92.6   .248     20.00
  130  232 3243.3  293.7   -2   .000E+00   .000E+00      -93.7   .248     20.00
  131  233 3229.3  294.7   -2   .000E+00   .000E+00      -94.7   .247     20.00
  132  234 3215.3  295.7   -2   .000E+00   .000E+00      -95.7   .246     20.00
  133  235 3201.4  296.7   -2   .000E+00   .000E+00      -96.7   .245     20.00
  134  236 3187.4  297.6   -2   .000E+00   .000E+00      -97.6   .244     20.00
  135  237 3173.4  298.6   -2   .000E+00   .000E+00      -98.6   .244     20.00
  136  464     .0  500.0    1   .677E+00  -.975E-01     -100.0   .242     20.00
  137  465     .0  486.1    1   .225E+01  -.162E+00      -86.1   .255     20.00
  138  466     .0  472.2    1   .285E+01  -.205E+00      -72.2   .270     20.00
  139  467     .0  458.3    1   .483E+01  -.348E+00      -58.3   .289     20.00
  140  468     .0  444.4    1   .705E+01  -.507E+00      -44.4   .313     20.00
  141  469     .0  430.6    1   .120E+02  -.863E+00      -30.6   .345     20.00
  142  470     .0  416.7    1   .191E+02  -.137E+01      -16.7   .386     20.00
  143  471     .0  402.8    1   .536E+02  -.386E+01       -2.8   .427     20.00
  144  472     .0  388.9    1   .857E+02  -.617E+01       11.1   .430     20.00
  145  473     .0  375.0    1   .863E+02  -.622E+01       25.0   .430     20.00
  146  474     .0  361.1    1   .828E+02  -.596E+01       38.9   .430     20.00
  147  475     .0  347.2    1   .792E+02  -.571E+01       52.8   .430     20.00
  148  476     .0  333.3    1   .761E+02  -.548E+01       66.7   .430     20.00
  149  477     .0  319.4    1   .732E+02  -.527E+01       80.6   .430     20.00
  150  478     .0  305.6    1   .708E+02  -.510E+01       94.4   .430     20.00
  151  479     .0  291.7    1   .685E+02  -.493E+01      108.3   .430     20.00
  152  480     .0  277.8    1   .667E+02  -.480E+01      122.2   .430     20.00
  153  481     .0  263.9    1   .651E+02  -.469E+01      136.1   .430     20.00
  154  482     .0  250.0    1   .638E+02  -.460E+01      150.0   .430     20.00
  155  483     .0  236.1    1   .626E+02  -.451E+01      163.9   .430     20.00
  156  484     .0  222.2    1   .615E+02  -.443E+01      177.8   .430     20.00
  157  485     .0  208.3    1   .606E+02  -.437E+01      191.7   .430     20.00
  158  486     .0  194.4    1   .598E+02  -.431E+01      205.6   .430     20.00
  159  487     .0  180.6    1   .591E+02  -.426E+01      219.4   .430     20.00
  160  488     .0  166.7    1   .585E+02  -.421E+01      233.3   .430     20.00
  161  489     .0  152.8    1   .580E+02  -.418E+01      247.2   .430     20.00
  162  490     .0  138.9    1   .575E+02  -.414E+01      261.1   .430     20.00
  163  491     .0  125.0    1   .571E+02  -.411E+01      275.0   .430     20.00
  164  492     .0  111.1    1   .568E+02  -.409E+01      288.9   .430     20.00
  165  493     .0   97.2    1   .565E+02  -.407E+01      302.8   .430     20.00
  166  494     .0   83.3    1   .563E+02  -.405E+01      316.7   .430     20.00
  167  495     .0   69.4    1   .560E+02  -.403E+01      330.6   .430     20.00
  168  496     .0   55.6    1   .559E+02  -.402E+01      344.4   .430     20.00
  169  497     .0   41.7    1   .557E+02  -.401E+01      358.3   .430     20.00
  170  498     .0   27.8    1   .556E+02  -.401E+01      372.2   .430     20.00
  171  499     .0   13.9    1   .556E+02  -.400E+01      386.1   .430     20.00


 Time:      1.0000

    i    n    x      z    Code     Q          v           h       th       Temp     Conc
                                 [V/T]      [L/T]        [L]     [-]        [C]    [M/L3]

    1    1     .0     .0    1   .257E+02  -.370E+01      400.0   .430     20.00
    2   90 5000.0     .0    1   .156E+02  -.218E+01      200.0   .430     20.00
    3   91 5000.0   14.3    1   .311E+02  -.218E+01      185.7   .430     20.00
    4   92 5000.0   28.6    1   .311E+02  -.218E+01      171.4   .430     20.00
    5   93 5000.0   42.9    1   .312E+02  -.218E+01      157.1   .430     20.00
    6   94 5000.0   57.1    1   .313E+02  -.219E+01      142.9   .430     20.00
    7   95 5000.0   71.4    1   .314E+02  -.220E+01      128.6   .430     20.00
    8   96 5000.0   85.7    1   .315E+02  -.220E+01      114.3   .430     20.00
    9   97 5000.0  100.0    1   .316E+02  -.221E+01      100.0   .430     20.00
   10   98 5000.0  114.3    1   .316E+02  -.221E+01       85.7   .430     20.00
   11   99 5000.0  128.6    1   .317E+02  -.222E+01       71.4   .430     20.00
   12  100 5000.0  142.9    1   .316E+02  -.221E+01       57.1   .430     20.00
   13  101 5000.0  157.1    1   .316E+02  -.221E+01       42.9   .430     20.00
   14  102 5000.0  171.4    1   .313E+02  -.219E+01       28.6   .430     20.00
   15  103 5000.0  185.7    1   .307E+02  -.215E+01       14.3   .430     20.00
   16  104 5000.0  200.0    1   .148E+02  -.207E+01         .0   .430     20.00
   17  119 4791.7  176.0    1  -.101E+03   .148E+02        -.2   .430     20.00
   18  120 4779.8  169.4    1  -.548E+02   .401E+01        6.4   .430     20.00
   19  121 4768.1  162.2    1  -.421E+02   .307E+01       13.5   .430     20.00
   20  122 4756.6  154.8    1  -.353E+02   .256E+01       21.0   .430     20.00
   21  123 4745.1  147.1    1  -.309E+02   .224E+01       28.7   .430     20.00
   22  124 4733.6  139.5    1  -.273E+02   .199E+01       36.2   .430     20.00
   23  125 4722.0  132.2    1  -.243E+02   .178E+01       43.6   .430     20.00
   24  126 4710.2  125.3    1  -.213E+02   .157E+01       50.4   .430     20.00
   25  127 4698.2  119.1    1  -.185E+02   .137E+01       56.6   .430     20.00
   26  128 4685.9  113.8    1  -.157E+02   .117E+01       62.0   .430     20.00
   27  129 4673.3  109.2    1  -.132E+02   .983E+00       66.6   .430     20.00
   28  130 4660.5  105.3    1  -.109E+02   .809E+00       70.5   .430     20.00
   29  131 4647.4  102.2    1  -.892E+01   .659E+00       73.6   .430     20.00
   30  132 4634.0   99.7    1  -.719E+01   .527E+00       76.1   .430     20.00
   31  133 4620.5   97.9    1  -.573E+01   .417E+00       77.9   .430     20.00
   32  134 4606.7   96.6    1  -.457E+01   .329E+00       79.1   .430     20.00
   33  135 4592.8   95.9    1  -.358E+01   .255E+00       79.8   .430     20.00
   34  136 4578.7   95.8    1  -.280E+01   .198E+00       80.0   .430     20.00
   35  137 4564.5   96.1    1  -.216E+01   .152E+00       79.7   .430     20.00
   36  138 4550.2   96.8    1  -.170E+01   .118E+00       79.0   .430     20.00
   37  139 4535.8   97.9    1  -.128E+01   .883E-01       77.9   .430     20.00
   38  140 4521.3   99.4    1  -.998E+00   .684E-01       76.4   .430     20.00
   39  141 4506.8  101.2    1  -.776E+00   .529E-01       74.6   .430     20.00
   40  142 4492.2  103.2    1  -.609E+00   .413E-01       72.6   .430     20.00
   41  143 4477.6  105.5    1  -.470E+00   .318E-01       70.3   .430     20.00
   42  144 4463.0  108.0    1  -.377E+00   .255E-01       67.8   .430     20.00
   43  145 4448.5  110.6    1  -.303E+00   .205E-01       65.2   .430     20.00
   44  146 4434.0  113.3    1  -.249E+00   .169E-01       62.5   .430     20.00
   45  147 4419.6  116.1    1  -.209E+00   .143E-01       59.6   .430     20.00
   46  148 4405.2  119.0    1  -.180E+00   .124E-01       56.8   .430     20.00
   47  149 4391.0  121.8    1  -.162E+00   .112E-01       54.0   .430     20.00
   48  150 4376.9  124.6    1  -.150E+00   .104E-01       51.2   .430     20.00
   49  151 4362.8  127.4    1  -.144E+00   .101E-01       48.4   .430     20.00
   50  152 4348.9  130.2    1  -.143E+00   .101E-01       45.6   .430     20.00
   51  153 4335.0  132.9    1  -.146E+00   .104E-01       42.9   .430     20.00
   52  154 4321.2  135.7    1  -.153E+00   .109E-01       40.1   .430     20.00
   53  155 4307.5  138.4    1  -.164E+00   .117E-01       37.4   .430     20.00
   54  156 4293.8  141.1    1  -.178E+00   .128E-01       34.7   .430     20.00
   55  157 4280.2  143.8    1  -.195E+00   .140E-01       31.9   .430     20.00
   56  158 4266.6  146.6    1  -.218E+00   .157E-01       29.2   .430     20.00
   57  159 4253.0  149.3    1  -.243E+00   .176E-01       26.5   .430     20.00
   58  160 4239.4  152.0    1  -.275E+00   .198E-01       23.7   .430     20.00
   59  161 4225.9  154.8    1  -.311E+00   .225E-01       21.0   .430     20.00
   60  162 4212.3  157.5    1  -.355E+00   .257E-01       18.3   .430     20.00
   61  163 4198.7  160.3    1  -.409E+00   .295E-01       15.5   .430     20.00
   62  164 4185.1  163.0    1  -.476E+00   .343E-01       12.7   .430     20.00
   63  165 4171.5  165.8    1  -.567E+00   .408E-01       10.0   .430     20.00
   64  166 4157.9  168.6    1  -.703E+00   .504E-01        7.2   .430     20.00
   65  167 4144.2  171.4    1  -.948E+00   .679E-01        4.4   .430     20.00
   66  168 4130.5  174.2    1  -.182E+01   .131E+00        1.6   .430     20.00
   67  169 4116.8  177.0   -2   .000E+00   .000E+00       -1.1   .429     20.00
   68  170 4103.1  179.8   -2   .000E+00   .000E+00       -3.9   .424     20.00
   69  171 4089.4  182.5   -2   .000E+00   .000E+00       -6.6   .417     20.00
   70  172 4075.7  185.3   -2   .000E+00   .000E+00       -9.4   .409     20.00
   71  173 4061.9  188.0   -2   .000E+00   .000E+00      -12.1   .401     20.00
   72  174 4048.2  190.7   -2   .000E+00   .000E+00      -14.8   .392     20.00
   73  175 4034.4  193.4   -2   .000E+00   .000E+00      -17.5   .383     20.00
   74  176 4020.7  196.1   -2   .000E+00   .000E+00      -20.2   .375     20.00
   75  177 4006.9  198.7   -2   .000E+00   .000E+00      -22.8   .367     20.00
   76  178 3993.1  201.3   -2   .000E+00   .000E+00      -25.4   .359     20.00
   77  179 3979.3  203.8   -2   .000E+00   .000E+00      -28.0   .352     20.00
   78  180 3965.6  206.3   -2   .000E+00   .000E+00      -30.6   .345     20.00
   79  181 3951.8  208.8   -2   .000E+00   .000E+00      -33.1   .339     20.00
   80  182 3938.0  211.3   -2   .000E+00   .000E+00      -35.6   .332     20.00
   81  183 3924.2  213.7   -2   .000E+00   .000E+00      -38.1   .327     20.00
   82  184 3910.4  216.0   -2   .000E+00   .000E+00      -40.5   .321     20.00
   83  185 3896.5  218.3   -2   .000E+00   .000E+00      -42.9   .316     20.00
   84  186 3882.7  220.6   -2   .000E+00   .000E+00      -45.3   .312     20.00
   85  187 3868.9  222.9   -2   .000E+00   .000E+00      -47.6   .307     20.00
   86  188 3855.1  225.1   -2   .000E+00   .000E+00      -49.8   .303     20.00
   87  189 3841.3  227.3   -2   .000E+00   .000E+00      -52.1   .299     20.00
   88  190 3827.4  229.5   -2   .000E+00   .000E+00      -54.2   .295     20.00
   89  191 3813.6  231.6   -2   .000E+00   .000E+00      -56.4   .292     20.00
   90  192 3799.8  233.7   -2   .000E+00   .000E+00      -58.5   .289     20.00
   91  193 3785.9  235.7   -2   .000E+00   .000E+00      -60.6   .285     20.00
   92  194 3772.1  237.7   -2   .000E+00   .000E+00      -62.6   .282     20.00
   93  195 3758.2  239.7   -2   .000E+00   .000E+00      -64.6   .280     20.00
   94  196 3744.4  241.7   -2   .000E+00   .000E+00      -66.6   .277     20.00
   95  197 3730.5  243.6   -2   .000E+00   .000E+00      -68.5   .274     20.00
   96  198 3716.6  245.5   -2   .000E+00   .000E+00      -70.4   .272     20.00
   97  199 3702.8  247.3   -2   .000E+00   .000E+00      -72.3   .270     20.00
   98  200 3688.9  249.2   -2   .000E+00   .000E+00      -74.1   .268     20.00
   99  201 3675.0  251.0   -2   .000E+00   .000E+00      -75.9   .266     20.00
  100  202 3661.1  252.7   -2   .000E+00   .000E+00      -77.7   .263     20.00
  101  203 3647.3  254.5   -2   .000E+00   .000E+00      -79.4   .261     20.00
  102  204 3633.4  256.2   -2   .000E+00   .000E+00      -81.2   .260     20.00
  103  205 3619.5  257.8   -2   .000E+00   .000E+00      -82.8   .258     20.00
  104  206 3605.6  259.5   -2   .000E+00   .000E+00      -84.5   .256     20.00
  105  207 3591.7  261.1   -2   .000E+00   .000E+00      -86.1   .255     20.00
  106  208 3577.8  262.7   -2   .000E+00   .000E+00      -87.7   .253     20.00
  107  209 3563.9  264.3   -2   .000E+00   .000E+00      -89.3   .252     20.00
  108  210 3550.0  265.8   -2   .000E+00   .000E+00      -90.8   .250     20.00
  109  211 3536.1  267.3   -2   .000E+00   .000E+00      -92.3   .249     20.00
  110  212 3522.2  268.8   -2   .000E+00   .000E+00      -93.8   .247     20.00
  111  213 3508.2  270.3   -2   .000E+00   .000E+00      -95.3   .246     20.00
  112  214 3494.3  271.7   -2   .000E+00   .000E+00      -96.7   .245     20.00
  113  215 3480.4  273.1   -2   .000E+00   .000E+00      -98.1   .244     20.00
  114  216 3466.5  274.5   -2   .000E+00   .000E+00      -99.5   .243     20.00
  115  217 3452.5  275.9   -2   .000E+00   .000E+00     -100.9   .242     20.00
  116  218 3438.6  277.2   -2   .000E+00   .000E+00     -102.2   .241     20.00
  117  219 3424.7  278.6   -2   .000E+00   .000E+00     -103.6   .240     20.00
  118  220 3410.7  279.8   -2   .000E+00   .000E+00     -104.8   .238     20.00
  119  221 3396.8  281.1   -2   .000E+00   .000E+00     -106.1   .237     20.00
  120  222 3382.9  282.4   -2   .000E+00   .000E+00     -107.4   .236     20.00
  121  223 3368.9  283.6   -2   .000E+00   .000E+00     -108.6   .236     20.00
  122  224 3355.0  284.8   -2   .000E+00   .000E+00     -109.8   .235     20.00
  123  225 3341.0  286.0   -2   .000E+00   .000E+00     -110.9   .234     20.00
  124  226 3327.1  287.1   -2   .000E+00   .000E+00     -111.2   .234     20.00
  125  227 3313.1  288.3   -2   .000E+00   .000E+00     -104.4   .239     20.00
  126  228 3299.1  289.4   -2   .000E+00   .000E+00      -92.3   .249     20.00
  127  229 3285.2  290.5   -2   .000E+00   .000E+00      -90.8   .250     20.00
  128  230 3271.2  291.6   -2   .000E+00   .000E+00      -91.6   .249     20.00
  129  231 3257.2  292.6   -2   .000E+00   .000E+00      -92.6   .248     20.00
  130  232 3243.3  293.7   -2   .000E+00   .000E+00      -93.7   .248     20.00
  131  233 3229.3  294.7   -2   .000E+00   .000E+00      -94.7   .247     20.00
  132  234 3215.3  295.7   -2   .000E+00   .000E+00      -95.7   .246     20.00
  133  235 3201.4  296.7   -2   .000E+00   .000E+00      -96.7   .245     20.00
  134  236 3187.4  297.6   -2   .000E+00   .000E+00      -97.7   .244     20.00
  135  237 3173.4  298.6   -2   .000E+00   .000E+00      -98.6   .244     20.00
  136  464     .0  500.0    1   .559E+00  -.805E-01     -100.0   .242     20.00
  137  465     .0  486.1    1   .177E+01  -.128E+00      -86.1   .255     20.00
  138  466     .0  472.2    1   .227E+01  -.163E+00      -72.2   .270     20.00
  139  467     .0  458.3    1   .354E+01  -.255E+00      -58.3   .289     20.00
  140  468     .0  444.4    1   .479E+01  -.345E+00      -44.4   .313     20.00
  141  469     .0  430.6    1   .724E+01  -.521E+00      -30.6   .345     20.00
  142  470     .0  416.7    1   .123E+02  -.885E+00      -16.7   .386     20.00
  143  471     .0  402.8    1   .378E+02  -.272E+01       -2.8   .427     20.00
  144  472     .0  388.9    1   .628E+02  -.452E+01       11.1   .430     20.00
  145  473     .0  375.0    1   .644E+02  -.464E+01       25.0   .430     20.00
  146  474     .0  361.1    1   .631E+02  -.454E+01       38.9   .430     20.00
  147  475     .0  347.2    1   .619E+02  -.445E+01       52.8   .430     20.00
  148  476     .0  333.3    1   .607E+02  -.437E+01       66.7   .430     20.00
  149  477     .0  319.4    1   .596E+02  -.429E+01       80.6   .430     20.00
  150  478     .0  305.6    1   .586E+02  -.422E+01       94.4   .430     20.00
  151  479     .0  291.7    1   .576E+02  -.415E+01      108.3   .430     20.00
  152  480     .0  277.8    1   .568E+02  -.409E+01      122.2   .430     20.00
  153  481     .0  263.9    1   .561E+02  -.404E+01      136.1   .430     20.00
  154  482     .0  250.0    1   .555E+02  -.399E+01      150.0   .430     20.00
  155  483     .0  236.1    1   .549E+02  -.395E+01      163.9   .430     20.00
  156  484     .0  222.2    1   .543E+02  -.391E+01      177.8   .430     20.00
  157  485     .0  208.3    1   .539E+02  -.388E+01      191.7   .430     20.00
  158  486     .0  194.4    1   .535E+02  -.385E+01      205.6   .430     20.00
  159  487     .0  180.6    1   .531E+02  -.383E+01      219.4   .430     20.00
  160  488     .0  166.7    1   .528E+02  -.380E+01      233.3   .430     20.00
  161  489     .0  152.8    1   .525E+02  -.378E+01      247.2   .430     20.00
  162  490     .0  138.9    1   .523E+02  -.376E+01      261.1   .430     20.00
  163  491     .0  125.0    1   .520E+02  -.375E+01      275.0   .430     20.00
  164  492     .0  111.1    1   .518E+02  -.373E+01      288.9   .430     20.00
  165  493     .0   97.2    1   .517E+02  -.372E+01      302.8   .430     20.00
  166  494     .0   83.3    1   .515E+02  -.371E+01      316.7   .430     20.00
  167  495     .0   69.4    1   .514E+02  -.370E+01      330.6   .430     20.00
  168  496     .0   55.6    1   .513E+02  -.370E+01      344.4   .430     20.00
  169  497     .0   41.7    1   .512E+02  -.369E+01      358.3   .430     20.00
  170  498     .0   27.8    1   .512E+02  -.369E+01      372.2   .430     20.00
  171  499     .0   13.9    1   .511E+02  -.368E+01      386.1   .430     20.00


 Time:     10.0000

    i    n    x      z    Code     Q          v           h       th       Temp     Conc
                                 [V/T]      [L/T]        [L]     [-]        [C]    [M/L3]

    1    1     .0     .0    1   .168E+02  -.242E+01      400.0   .430     20.00
    2   90 5000.0     .0    1   .156E+02  -.218E+01      200.0   .430     20.00
    3   91 5000.0   14.3    1   .311E+02  -.217E+01      185.7   .430     20.00
    4   92 5000.0   28.6    1   .311E+02  -.218E+01      171.4   .430     20.00
    5   93 5000.0   42.9    1   .312E+02  -.218E+01      157.1   .430     20.00
    6   94 5000.0   57.1    1   .313E+02  -.219E+01      142.9   .430     20.00
    7   95 5000.0   71.4    1   .314E+02  -.220E+01      128.6   .430     20.00
    8   96 5000.0   85.7    1   .315E+02  -.220E+01      114.3   .430     20.00
    9   97 5000.0  100.0    1   .316E+02  -.221E+01      100.0   .430     20.00
   10   98 5000.0  114.3    1   .316E+02  -.221E+01       85.7   .430     20.00
   11   99 5000.0  128.6    1   .316E+02  -.222E+01       71.4   .430     20.00
   12  100 5000.0  142.9    1   .316E+02  -.221E+01       57.1   .430     20.00
   13  101 5000.0  157.1    1   .315E+02  -.221E+01       42.9   .430     20.00
   14  102 5000.0  171.4    1   .313E+02  -.219E+01       28.6   .430     20.00
   15  103 5000.0  185.7    1   .307E+02  -.215E+01       14.3   .430     20.00
   16  104 5000.0  200.0    1   .148E+02  -.207E+01         .0   .430     20.00
   17  119 4791.7  176.0    1  -.101E+03   .148E+02        -.2   .430     20.00
   18  120 4779.8  169.4    1  -.548E+02   .401E+01        6.4   .430     20.00
   19  121 4768.1  162.2    1  -.421E+02   .307E+01       13.5   .430     20.00
   20  122 4756.6  154.8    1  -.353E+02   .256E+01       21.0   .430     20.00
   21  123 4745.1  147.1    1  -.309E+02   .224E+01       28.7   .430     20.00
   22  124 4733.6  139.5    1  -.273E+02   .199E+01       36.2   .430     20.00
   23  125 4722.0  132.2    1  -.243E+02   .178E+01       43.6   .430     20.00
   24  126 4710.2  125.3    1  -.213E+02   .157E+01       50.4   .430     20.00
   25  127 4698.2  119.1    1  -.185E+02   .138E+01       56.6   .430     20.00
   26  128 4685.9  113.8    1  -.157E+02   .117E+01       62.0   .430     20.00
   27  129 4673.3  109.2    1  -.132E+02   .984E+00       66.6   .430     20.00
   28  130 4660.5  105.3    1  -.109E+02   .810E+00       70.5   .430     20.00
   29  131 4647.4  102.2    1  -.892E+01   .660E+00       73.6   .430     20.00
   30  132 4634.0   99.7    1  -.720E+01   .528E+00       76.1   .430     20.00
   31  133 4620.5   97.9    1  -.574E+01   .418E+00       77.9   .430     20.00
   32  134 4606.7   96.6    1  -.458E+01   .330E+00       79.1   .430     20.00
   33  135 4592.8   95.9    1  -.360E+01   .257E+00       79.8   .430     20.00
   34  136 4578.7   95.8    1  -.282E+01   .200E+00       80.0   .430     20.00
   35  137 4564.5   96.1    1  -.220E+01   .154E+00       79.7   .430     20.00
   36  138 4550.2   96.8    1  -.174E+01   .121E+00       79.0   .430     20.00
   37  139 4535.8   97.9    1  -.134E+01   .921E-01       77.9   .430     20.00
   38  140 4521.3   99.4    1  -.107E+01   .731E-01       76.4   .430     20.00
   39  141 4506.8  101.2    1  -.862E+00   .587E-01       74.6   .430     20.00
   40  142 4492.2  103.2    1  -.714E+00   .485E-01       72.6   .430     20.00
   41  143 4477.6  105.5    1  -.601E+00   .407E-01       70.3   .430     20.00
   42  144 4463.0  108.0    1  -.535E+00   .362E-01       67.8   .430     20.00
   43  145 4448.5  110.6    1  -.495E+00   .335E-01       65.2   .430     20.00
   44  146 4434.0  113.3    1  -.477E+00   .324E-01       62.5   .430     20.00
   45  147 4419.6  116.1    1  -.480E+00   .328E-01       59.6   .430     20.00
   46  148 4405.2  119.0    1  -.501E+00   .344E-01       56.8   .430     20.00
   47  149 4391.0  121.8    1  -.536E+00   .371E-01       54.0   .430     20.00
   48  150 4376.9  124.6    1  -.586E+00   .408E-01       51.2   .430     20.00
   49  151 4362.8  127.4    1  -.650E+00   .456E-01       48.4   .430     20.00
   50  152 4348.9  130.2    1  -.727E+00   .513E-01       45.6   .430     20.00
   51  153 4335.0  132.9    1  -.828E+00   .587E-01       42.9   .430     20.00
   52  154 4321.2  135.7    1  -.935E+00   .666E-01       40.1   .430     20.00
   53  155 4307.5  138.4    1  -.106E+01   .761E-01       37.4   .430     20.00
   54  156 4293.8  141.1    1  -.121E+01   .869E-01       34.7   .430     20.00
   55  157 4280.2  143.8    1  -.137E+01   .986E-01       31.9   .430     20.00
   56  158 4266.6  146.6    1  -.158E+01   .114E+00       29.2   .430     20.00
   57  159 4253.0  149.3    1  -.181E+01   .130E+00       26.5   .430     20.00
   58  160 4239.4  152.0    1  -.208E+01   .150E+00       23.7   .430     20.00
   59  161 4225.9  154.8    1  -.239E+01   .173E+00       21.0   .430     20.00
   60  162 4212.3  157.5    1  -.277E+01   .200E+00       18.3   .430     20.00
   61  163 4198.7  160.3    1  -.324E+01   .234E+00       15.5   .430     20.00
   62  164 4185.1  163.0    1  -.384E+01   .277E+00       12.7   .430     20.00
   63  165 4171.5  165.8    1  -.467E+01   .336E+00       10.0   .430     20.00
   64  166 4157.9  168.6    1  -.594E+01   .426E+00        7.2   .430     20.00
   65  167 4144.2  171.4    1  -.827E+01   .593E+00        4.4   .430     20.00
   66  168 4130.5  174.2    1  -.169E+02   .121E+01        1.6   .430     20.00
   67  169 4116.8  177.0   -2   .000E+00   .000E+00        -.5   .430     20.00
   68  170 4103.1  179.8   -2   .000E+00   .000E+00       -2.9   .426     20.00
   69  171 4089.4  182.5   -2   .000E+00   .000E+00       -5.4   .421     20.00
   70  172 4075.7  185.3   -2   .000E+00   .000E+00       -7.9   .414     20.00
   71  173 4061.9  188.0   -2   .000E+00   .000E+00      -10.4   .406     20.00
   72  174 4048.2  190.7   -2   .000E+00   .000E+00      -12.9   .398     20.00
   73  175 4034.4  193.4   -2   .000E+00   .000E+00      -15.4   .390     20.00
   74  176 4020.7  196.1   -2   .000E+00   .000E+00      -17.9   .382     20.00
   75  177 4006.9  198.7   -2   .000E+00   .000E+00      -20.3   .374     20.00
   76  178 3993.1  201.3   -2   .000E+00   .000E+00      -22.7   .367     20.00
   77  179 3979.3  203.8   -2   .000E+00   .000E+00      -25.1   .360     20.00
   78  180 3965.6  206.3   -2   .000E+00   .000E+00      -27.4   .354     20.00
   79  181 3951.8  208.8   -2   .000E+00   .000E+00      -29.7   .347     20.00
   80  182 3938.0  211.3   -2   .000E+00   .000E+00      -31.9   .341     20.00
   81  183 3924.2  213.7   -2   .000E+00   .000E+00      -34.2   .336     20.00
   82  184 3910.4  216.0   -2   .000E+00   .000E+00      -36.4   .331     20.00
   83  185 3896.5  218.3   -2   .000E+00   .000E+00      -38.5   .326     20.00
   84  186 3882.7  220.6   -2   .000E+00   .000E+00      -40.7   .321     20.00
   85  187 3868.9  222.9   -2   .000E+00   .000E+00      -42.8   .317     20.00
   86  188 3855.1  225.1   -2   .000E+00   .000E+00      -44.8   .312     20.00
   87  189 3841.3  227.3   -2   .000E+00   .000E+00      -46.9   .308     20.00
   88  190 3827.4  229.5   -2   .000E+00   .000E+00      -48.9   .305     20.00
   89  191 3813.6  231.6   -2   .000E+00   .000E+00      -50.9   .301     20.00
   90  192 3799.8  233.7   -2   .000E+00   .000E+00      -52.9   .298     20.00
   91  193 3785.9  235.7   -2   .000E+00   .000E+00      -54.8   .294     20.00
   92  194 3772.1  237.7   -2   .000E+00   .000E+00      -56.7   .291     20.00
   93  195 3758.2  239.7   -2   .000E+00   .000E+00      -58.6   .288     20.00
   94  196 3744.4  241.7   -2   .000E+00   .000E+00      -60.5   .285     20.00
   95  197 3730.5  243.6   -2   .000E+00   .000E+00      -62.4   .283     20.00
   96  198 3716.6  245.5   -2   .000E+00   .000E+00      -64.3   .280     20.00
   97  199 3702.8  247.3   -2   .000E+00   .000E+00      -66.1   .278     20.00
   98  200 3688.9  249.2   -2   .000E+00   .000E+00      -68.0   .275     20.00
   99  201 3675.0  251.0   -2   .000E+00   .000E+00      -69.8   .273     20.00
  100  202 3661.1  252.7   -2   .000E+00   .000E+00      -71.7   .270     20.00
  101  203 3647.3  254.5   -2   .000E+00   .000E+00      -73.5   .268     20.00
  102  204 3633.4  256.2   -2   .000E+00   .000E+00      -75.3   .266     20.00
  103  205 3619.5  257.8   -2   .000E+00   .000E+00      -77.0   .264     20.00
  104  206 3605.6  259.5   -2   .000E+00   .000E+00      -78.7   .262     20.00
  105  207 3591.7  261.1   -2   .000E+00   .000E+00      -80.4   .260     20.00
  106  208 3577.8  262.7   -2   .000E+00   .000E+00      -82.1   .259     20.00
  107  209 3563.9  264.3   -2   .000E+00   .000E+00      -83.7   .257     20.00
  108  210 3550.0  265.8   -2   .000E+00   .000E+00      -85.4   .255     20.00
  109  211 3536.1  267.3   -2   .000E+00   .000E+00      -87.1   .254     20.00
  110  212 3522.2  268.8   -2   .000E+00   .000E+00      -88.6   .252     20.00
  111  213 3508.2  270.3   -2   .000E+00   .000E+00      -90.3   .251     20.00
  112  214 3494.3  271.7   -2   .000E+00   .000E+00      -91.8   .249     20.00
  113  215 3480.4  273.1   -2   .000E+00   .000E+00      -93.3   .248     20.00
  114  216 3466.5  274.5   -2   .000E+00   .000E+00      -94.8   .247     20.00
  115  217 3452.5  275.9   -2   .000E+00   .000E+00      -96.3   .245     20.00
  116  218 3438.6  277.2   -2   .000E+00   .000E+00      -97.7   .244     20.00
  117  219 3424.7  278.6   -2   .000E+00   .000E+00      -99.2   .243     20.00
  118  220 3410.7  279.8   -2   .000E+00   .000E+00     -100.5   .242     20.00
  119  221 3396.8  281.1   -2   .000E+00   .000E+00     -101.7   .241     20.00
  120  222 3382.9  282.4   -2   .000E+00   .000E+00     -102.9   .240     20.00
  121  223 3368.9  283.6   -2   .000E+00   .000E+00     -103.8   .239     20.00
  122  224 3355.0  284.8   -2   .000E+00   .000E+00     -104.2   .239     20.00
  123  225 3341.0  286.0   -2   .000E+00   .000E+00     -103.6   .239     20.00
  124  226 3327.1  287.1   -2   .000E+00   .000E+00     -102.5   .240     20.00
  125  227 3313.1  288.3   -2   .000E+00   .000E+00     -100.7   .242     20.00
  126  228 3299.1  289.4   -2   .000E+00   .000E+00      -99.1   .243     20.00
  127  229 3285.2  290.5   -2   .000E+00   .000E+00      -97.9   .244     20.00
  128  230 3271.2  291.6   -2   .000E+00   .000E+00      -97.4   .244     20.00
  129  231 3257.2  292.6   -2   .000E+00   .000E+00      -97.4   .245     20.00
  130  232 3243.3  293.7   -2   .000E+00   .000E+00      -97.7   .244     20.00
  131  233 3229.3  294.7   -2   .000E+00   .000E+00      -98.2   .244     20.00
  132  234 3215.3  295.7   -2   .000E+00   .000E+00      -98.8   .243     20.00
  133  235 3201.4  296.7   -2   .000E+00   .000E+00      -99.5   .243     20.00
  134  236 3187.4  297.6   -2   .000E+00   .000E+00     -100.2   .242     20.00
  135  237 3173.4  298.6   -2   .000E+00   .000E+00     -100.9   .242     20.00
  136  464     .0  500.0    1   .154E+00  -.222E-01     -100.0   .242     20.00
  137  465     .0  486.1    1   .434E+00  -.313E-01      -86.1   .255     20.00
  138  466     .0  472.2    1   .523E+00  -.376E-01      -72.2   .270     20.00
  139  467     .0  458.3    1   .614E+00  -.442E-01      -58.3   .289     20.00
  140  468     .0  444.4    1   .804E+00  -.579E-01      -44.4   .313     20.00
  141  469     .0  430.6    1   .147E+01  -.106E+00      -30.6   .345     20.00
  142  470     .0  416.7    1   .437E+01  -.315E+00      -16.7   .386     20.00
  143  471     .0  402.8    1   .173E+02  -.125E+01       -2.8   .427     20.00
  144  472     .0  388.9    1   .302E+02  -.217E+01       11.1   .430     20.00
  145  473     .0  375.0    1   .317E+02  -.228E+01       25.0   .430     20.00
  146  474     .0  361.1    1   .321E+02  -.231E+01       38.9   .430     20.00
  147  475     .0  347.2    1   .324E+02  -.233E+01       52.8   .430     20.00
  148  476     .0  333.3    1   .326E+02  -.235E+01       66.7   .430     20.00
  149  477     .0  319.4    1   .328E+02  -.236E+01       80.6   .430     20.00
  150  478     .0  305.6    1   .329E+02  -.237E+01       94.4   .430     20.00
  151  479     .0  291.7    1   .330E+02  -.238E+01      108.3   .430     20.00
  152  480     .0  277.8    1   .331E+02  -.238E+01      122.2   .430     20.00
  153  481     .0  263.9    1   .332E+02  -.239E+01      136.1   .430     20.00
  154  482     .0  250.0    1   .332E+02  -.239E+01      150.0   .430     20.00
  155  483     .0  236.1    1   .333E+02  -.240E+01      163.9   .430     20.00
  156  484     .0  222.2    1   .334E+02  -.240E+01      177.8   .430     20.00
  157  485     .0  208.3    1   .334E+02  -.241E+01      191.7   .430     20.00
  158  486     .0  194.4    1   .334E+02  -.241E+01      205.6   .430     20.00
  159  487     .0  180.6    1   .335E+02  -.241E+01      219.4   .430     20.00
  160  488     .0  166.7    1   .335E+02  -.241E+01      233.3   .430     20.00
  161  489     .0  152.8    1   .335E+02  -.241E+01      247.2   .430     20.00
  162  490     .0  138.9    1   .336E+02  -.242E+01      261.1   .430     20.00
  163  491     .0  125.0    1   .336E+02  -.242E+01      275.0   .430     20.00
  164  492     .0  111.1    1   .336E+02  -.242E+01      288.9   .430     20.00
  165  493     .0   97.2    1   .336E+02  -.242E+01      302.8   .430     20.00
  166  494     .0   83.3    1   .336E+02  -.242E+01      316.7   .430     20.00
  167  495     .0   69.4    1   .336E+02  -.242E+01      330.6   .430     20.00
  168  496     .0   55.6    1   .336E+02  -.242E+01      344.4   .430     20.00
  169  497     .0   41.7    1   .336E+02  -.242E+01      358.3   .430     20.00
  170  498     .0   27.8    1   .336E+02  -.242E+01      372.2   .430     20.00
  171  499     .0   13.9    1   .336E+02  -.242E+01      386.1   .430     20.00


 Time:     25.0000

    i    n    x      z    Code     Q          v           h       th       Temp     Conc
                                 [V/T]      [L/T]        [L]     [-]        [C]    [M/L3]

    1    1     .0     .0    1   .133E+02  -.191E+01      400.0   .430     20.00
    2   90 5000.0     .0    1   .156E+02  -.218E+01      200.0   .430     20.00
    3   91 5000.0   14.3    1   .311E+02  -.217E+01      185.7   .430     20.00
    4   92 5000.0   28.6    1   .311E+02  -.218E+01      171.4   .430     20.00
    5   93 5000.0   42.9    1   .312E+02  -.218E+01      157.1   .430     20.00
    6   94 5000.0   57.1    1   .313E+02  -.219E+01      142.9   .430     20.00
    7   95 5000.0   71.4    1   .314E+02  -.220E+01      128.6   .430     20.00
    8   96 5000.0   85.7    1   .315E+02  -.220E+01      114.3   .430     20.00
    9   97 5000.0  100.0    1   .316E+02  -.221E+01      100.0   .430     20.00
   10   98 5000.0  114.3    1   .316E+02  -.221E+01       85.7   .430     20.00
   11   99 5000.0  128.6    1   .316E+02  -.222E+01       71.4   .430     20.00
   12  100 5000.0  142.9    1   .316E+02  -.221E+01       57.1   .430     20.00
   13  101 5000.0  157.1    1   .315E+02  -.221E+01       42.9   .430     20.00
   14  102 5000.0  171.4    1   .313E+02  -.219E+01       28.6   .430     20.00
   15  103 5000.0  185.7    1   .307E+02  -.215E+01       14.3   .430     20.00
   16  104 5000.0  200.0    1   .148E+02  -.207E+01         .0   .430     20.00
   17  119 4791.7  176.0    1  -.101E+03   .148E+02        -.2   .430     20.00
   18  120 4779.8  169.4    1  -.548E+02   .401E+01        6.4   .430     20.00
   19  121 4768.1  162.2    1  -.421E+02   .307E+01       13.5   .430     20.00
   20  122 4756.6  154.8    1  -.353E+02   .256E+01       21.0   .430     20.00
   21  123 4745.1  147.1    1  -.309E+02   .224E+01       28.7   .430     20.00
   22  124 4733.6  139.5    1  -.273E+02   .199E+01       36.2   .430     20.00
   23  125 4722.0  132.2    1  -.243E+02   .178E+01       43.6   .430     20.00
   24  126 4710.2  125.3    1  -.213E+02   .157E+01       50.4   .430     20.00
   25  127 4698.2  119.1    1  -.185E+02   .138E+01       56.6   .430     20.00
   26  128 4685.9  113.8    1  -.157E+02   .117E+01       62.0   .430     20.00
   27  129 4673.3  109.2    1  -.132E+02   .984E+00       66.6   .430     20.00
   28  130 4660.5  105.3    1  -.109E+02   .810E+00       70.5   .430     20.00
   29  131 4647.4  102.2    1  -.893E+01   .660E+00       73.6   .430     20.00
   30  132 4634.0   99.7    1  -.720E+01   .529E+00       76.1   .430     20.00
   31  133 4620.5   97.9    1  -.575E+01   .418E+00       77.9   .430     20.00
   32  134 4606.7   96.6    1  -.459E+01   .331E+00       79.1   .430     20.00
   33  135 4592.8   95.9    1  -.361E+01   .258E+00       79.8   .430     20.00
   34  136 4578.7   95.8    1  -.284E+01   .201E+00       80.0   .430     20.00
   35  137 4564.5   96.1    1  -.222E+01   .156E+00       79.7   .430     20.00
   36  138 4550.2   96.8    1  -.177E+01   .123E+00       79.0   .430     20.00
   37  139 4535.8   97.9    1  -.138E+01   .949E-01       77.9   .430     20.00
   38  140 4521.3   99.4    1  -.112E+01   .766E-01       76.4   .430     20.00
   39  141 4506.8  101.2    1  -.926E+00   .631E-01       74.6   .430     20.00
   40  142 4492.2  103.2    1  -.793E+00   .538E-01       72.6   .430     20.00
   41  143 4477.6  105.5    1  -.700E+00   .474E-01       70.3   .430     20.00
   42  144 4463.0  108.0    1  -.654E+00   .442E-01       67.8   .430     20.00
   43  145 4448.5  110.6    1  -.638E+00   .432E-01       65.2   .430     20.00
   44  146 4434.0  113.3    1  -.648E+00   .440E-01       62.5   .430     20.00
   45  147 4419.6  116.1    1  -.682E+00   .465E-01       59.6   .430     20.00
   46  148 4405.2  119.0    1  -.741E+00   .508E-01       56.8   .430     20.00
   47  149 4391.0  121.8    1  -.815E+00   .564E-01       54.0   .430     20.00
   48  150 4376.9  124.6    1  -.911E+00   .634E-01       51.2   .430     20.00
   49  151 4362.8  127.4    1  -.103E+01   .720E-01       48.4   .430     20.00
   50  152 4348.9  130.2    1  -.116E+01   .820E-01       45.6   .430     20.00
   51  153 4335.0  132.9    1  -.134E+01   .947E-01       42.9   .430     20.00
   52  154 4321.2  135.7    1  -.152E+01   .108E+00       40.1   .430     20.00
   53  155 4307.5  138.4    1  -.173E+01   .124E+00       37.4   .430     20.00
   54  156 4293.8  141.1    1  -.198E+01   .142E+00       34.7   .430     20.00
   55  157 4280.2  143.8    1  -.225E+01   .162E+00       31.9   .430     20.00
   56  158 4266.6  146.6    1  -.260E+01   .188E+00       29.2   .430     20.00
   57  159 4253.0  149.3    1  -.297E+01   .215E+00       26.5   .430     20.00
   58  160 4239.4  152.0    1  -.342E+01   .247E+00       23.7   .430     20.00
   59  161 4225.9  154.8    1  -.395E+01   .285E+00       21.0   .430     20.00
   60  162 4212.3  157.5    1  -.458E+01   .330E+00       18.3   .430     20.00
   61  163 4198.7  160.3    1  -.535E+01   .386E+00       15.5   .430     20.00
   62  164 4185.1  163.0    1  -.634E+01   .457E+00       12.7   .430     20.00
   63  165 4171.5  165.8    1  -.772E+01   .555E+00       10.0   .430     20.00
   64  166 4157.9  168.6    1  -.980E+01   .704E+00        7.2   .430     20.00
   65  167 4144.2  171.4    1  -.137E+02   .980E+00        4.4   .430     20.00
   66  168 4130.5  174.2    1  -.284E+02   .203E+01        1.6   .430     20.00
   67  169 4116.8  177.0   -2   .000E+00   .000E+00        -.1   .430     20.00
   68  170 4103.1  179.8   -2   .000E+00   .000E+00       -2.2   .428     20.00
   69  171 4089.4  182.5   -2   .000E+00   .000E+00       -4.5   .423     20.00
   70  172 4075.7  185.3   -2   .000E+00   .000E+00       -6.9   .417     20.00
   71  173 4061.9  188.0   -2   .000E+00   .000E+00       -9.2   .410     20.00
   72  174 4048.2  190.7   -2   .000E+00   .000E+00      -11.6   .402     20.00
   73  175 4034.4  193.4   -2   .000E+00   .000E+00      -14.0   .395     20.00
   74  176 4020.7  196.1   -2   .000E+00   .000E+00      -16.3   .387     20.00
   75  177 4006.9  198.7   -2   .000E+00   .000E+00      -18.6   .380     20.00
   76  178 3993.1  201.3   -2   .000E+00   .000E+00      -20.8   .373     20.00
   77  179 3979.3  203.8   -2   .000E+00   .000E+00      -23.1   .366     20.00
   78  180 3965.6  206.3   -2   .000E+00   .000E+00      -25.3   .360     20.00
   79  181 3951.8  208.8   -2   .000E+00   .000E+00      -27.4   .354     20.00
   80  182 3938.0  211.3   -2   .000E+00   .000E+00      -29.6   .348     20.00
   81  183 3924.2  213.7   -2   .000E+00   .000E+00      -31.7   .342     20.00
   82  184 3910.4  216.0   -2   .000E+00   .000E+00      -33.7   .337     20.00
   83  185 3896.5  218.3   -2   .000E+00   .000E+00      -35.8   .332     20.00
   84  186 3882.7  220.6   -2   .000E+00   .000E+00      -37.8   .327     20.00
   85  187 3868.9  222.9   -2   .000E+00   .000E+00      -39.8   .323     20.00
   86  188 3855.1  225.1   -2   .000E+00   .000E+00      -41.7   .319     20.00
   87  189 3841.3  227.3   -2   .000E+00   .000E+00      -43.6   .315     20.00
   88  190 3827.4  229.5   -2   .000E+00   .000E+00      -45.5   .311     20.00
   89  191 3813.6  231.6   -2   .000E+00   .000E+00      -47.3   .308     20.00
   90  192 3799.8  233.7   -2   .000E+00   .000E+00      -49.1   .304     20.00
   91  193 3785.9  235.7   -2   .000E+00   .000E+00      -50.9   .301     20.00
   92  194 3772.1  237.7   -2   .000E+00   .000E+00      -52.7   .298     20.00
   93  195 3758.2  239.7   -2   .000E+00   .000E+00      -54.4   .295     20.00
   94  196 3744.4  241.7   -2   .000E+00   .000E+00      -56.1   .292     20.00
   95  197 3730.5  243.6   -2   .000E+00   .000E+00      -57.8   .290     20.00
   96  198 3716.6  245.5   -2   .000E+00   .000E+00      -59.5   .287     20.00
   97  199 3702.8  247.3   -2   .000E+00   .000E+00      -61.1   .284     20.00
   98  200 3688.9  249.2   -2   .000E+00   .000E+00      -62.7   .282     20.00
   99  201 3675.0  251.0   -2   .000E+00   .000E+00      -64.3   .280     20.00
  100  202 3661.1  252.7   -2   .000E+00   .000E+00      -65.9   .278     20.00
  101  203 3647.3  254.5   -2   .000E+00   .000E+00      -67.4   .276     20.00
  102  204 3633.4  256.2   -2   .000E+00   .000E+00      -69.0   .274     20.00
  103  205 3619.5  257.8   -2   .000E+00   .000E+00      -70.5   .272     20.00
  104  206 3605.6  259.5   -2   .000E+00   .000E+00      -71.9   .270     20.00
  105  207 3591.7  261.1   -2   .000E+00   .000E+00      -73.4   .268     20.00
  106  208 3577.8  262.7   -2   .000E+00   .000E+00      -74.8   .267     20.00
  107  209 3563.9  264.3   -2   .000E+00   .000E+00      -76.3   .265     20.00
  108  210 3550.0  265.8   -2   .000E+00   .000E+00      -77.7   .264     20.00
  109  211 3536.1  267.3   -2   .000E+00   .000E+00      -79.1   .262     20.00
  110  212 3522.2  268.8   -2   .000E+00   .000E+00      -80.4   .260     20.00
  111  213 3508.2  270.3   -2   .000E+00   .000E+00      -81.8   .259     20.00
  112  214 3494.3  271.7   -2   .000E+00   .000E+00      -83.1   .258     20.00
  113  215 3480.4  273.1   -2   .000E+00   .000E+00      -84.5   .256     20.00
  114  216 3466.5  274.5   -2   .000E+00   .000E+00      -85.8   .255     20.00
  115  217 3452.5  275.9   -2   .000E+00   .000E+00      -87.1   .254     20.00
  116  218 3438.6  277.2   -2   .000E+00   .000E+00      -88.3   .253     20.00
  117  219 3424.7  278.6   -2   .000E+00   .000E+00      -89.7   .251     20.00
  118  220 3410.7  279.8   -2   .000E+00   .000E+00      -90.8   .250     20.00
  119  221 3396.8  281.1   -2   .000E+00   .000E+00      -91.9   .249     20.00
  120  222 3382.9  282.4   -2   .000E+00   .000E+00      -93.0   .248     20.00
  121  223 3368.9  283.6   -2   .000E+00   .000E+00      -93.9   .247     20.00
  122  224 3355.0  284.8   -2   .000E+00   .000E+00      -94.8   .247     20.00
  123  225 3341.0  286.0   -2   .000E+00   .000E+00      -95.5   .246     20.00
  124  226 3327.1  287.1   -2   .000E+00   .000E+00      -96.2   .245     20.00
  125  227 3313.1  288.3   -2   .000E+00   .000E+00      -96.8   .245     20.00
  126  228 3299.1  289.4   -2   .000E+00   .000E+00      -97.3   .245     20.00
  127  229 3285.2  290.5   -2   .000E+00   .000E+00      -97.8   .244     20.00
  128  230 3271.2  291.6   -2   .000E+00   .000E+00      -98.3   .244     20.00
  129  231 3257.2  292.6   -2   .000E+00   .000E+00      -98.9   .243     20.00
  130  232 3243.3  293.7   -2   .000E+00   .000E+00      -99.4   .243     20.00
  131  233 3229.3  294.7   -2   .000E+00   .000E+00     -100.0   .242     20.00
  132  234 3215.3  295.7   -2   .000E+00   .000E+00     -100.6   .242     20.00
  133  235 3201.4  296.7   -2   .000E+00   .000E+00     -101.3   .241     20.00
  134  236 3187.4  297.6   -2   .000E+00   .000E+00     -101.9   .241     20.00
  135  237 3173.4  298.6   -2   .000E+00   .000E+00     -102.6   .240     20.00
  136  464     .0  500.0    1   .484E-01  -.698E-02     -100.0   .242     20.00
  137  465     .0  486.1    1   .137E+00  -.984E-02      -86.1   .255     20.00
  138  466     .0  472.2    1   .185E+00  -.133E-01      -72.2   .270     20.00
  139  467     .0  458.3    1   .259E+00  -.186E-01      -58.3   .289     20.00
  140  468     .0  444.4    1   .435E+00  -.313E-01      -44.4   .313     20.00
  141  469     .0  430.6    1   .996E+00  -.717E-01      -30.6   .345     20.00
  142  470     .0  416.7    1   .335E+01  -.241E+00      -16.7   .386     20.00
  143  471     .0  402.8    1   .135E+02  -.974E+00       -2.8   .427     20.00
  144  472     .0  388.9    1   .235E+02  -.169E+01       11.1   .430     20.00
  145  473     .0  375.0    1   .247E+02  -.178E+01       25.0   .430     20.00
  146  474     .0  361.1    1   .251E+02  -.180E+01       38.9   .430     20.00
  147  475     .0  347.2    1   .253E+02  -.182E+01       52.8   .430     20.00
  148  476     .0  333.3    1   .255E+02  -.184E+01       66.7   .430     20.00
  149  477     .0  319.4    1   .257E+02  -.185E+01       80.6   .430     20.00
  150  478     .0  305.6    1   .258E+02  -.186E+01       94.4   .430     20.00
  151  479     .0  291.7    1   .259E+02  -.186E+01      108.3   .430     20.00
  152  480     .0  277.8    1   .260E+02  -.187E+01      122.2   .430     20.00
  153  481     .0  263.9    1   .261E+02  -.188E+01      136.1   .430     20.00
  154  482     .0  250.0    1   .261E+02  -.188E+01      150.0   .430     20.00
  155  483     .0  236.1    1   .262E+02  -.189E+01      163.9   .430     20.00
  156  484     .0  222.2    1   .263E+02  -.189E+01      177.8   .430     20.00
  157  485     .0  208.3    1   .263E+02  -.189E+01      191.7   .430     20.00
  158  486     .0  194.4    1   .263E+02  -.190E+01      205.6   .430     20.00
  159  487     .0  180.6    1   .264E+02  -.190E+01      219.4   .430     20.00
  160  488     .0  166.7    1   .264E+02  -.190E+01      233.3   .430     20.00
  161  489     .0  152.8    1   .264E+02  -.190E+01      247.2   .430     20.00
  162  490     .0  138.9    1   .265E+02  -.191E+01      261.1   .430     20.00
  163  491     .0  125.0    1   .265E+02  -.191E+01      275.0   .430     20.00
  164  492     .0  111.1    1   .265E+02  -.191E+01      288.9   .430     20.00
  165  493     .0   97.2    1   .265E+02  -.191E+01      302.8   .430     20.00
  166  494     .0   83.3    1   .265E+02  -.191E+01      316.7   .430     20.00
  167  495     .0   69.4    1   .265E+02  -.191E+01      330.6   .430     20.00
  168  496     .0   55.6    1   .266E+02  -.191E+01      344.4   .430     20.00
  169  497     .0   41.7    1   .266E+02  -.191E+01      358.3   .430     20.00
  170  498     .0   27.8    1   .266E+02  -.191E+01      372.2   .430     20.00
  171  499     .0   13.9    1   .266E+02  -.191E+01      386.1   .430     20.00


 Time:     50.0000

    i    n    x      z    Code     Q          v           h       th       Temp     Conc
                                 [V/T]      [L/T]        [L]     [-]        [C]    [M/L3]

    1    1     .0     .0    1   .105E+02  -.152E+01      400.0   .430     20.00
    2   90 5000.0     .0    1   .156E+02  -.218E+01      200.0   .430     20.00
    3   91 5000.0   14.3    1   .311E+02  -.217E+01      185.7   .430     20.00
    4   92 5000.0   28.6    1   .311E+02  -.218E+01      171.4   .430     20.00
    5   93 5000.0   42.9    1   .312E+02  -.218E+01      157.1   .430     20.00
    6   94 5000.0   57.1    1   .313E+02  -.219E+01      142.9   .430     20.00
    7   95 5000.0   71.4    1   .314E+02  -.220E+01      128.6   .430     20.00
    8   96 5000.0   85.7    1   .315E+02  -.220E+01      114.3   .430     20.00
    9   97 5000.0  100.0    1   .316E+02  -.221E+01      100.0   .430     20.00
   10   98 5000.0  114.3    1   .316E+02  -.221E+01       85.7   .430     20.00
   11   99 5000.0  128.6    1   .316E+02  -.222E+01       71.4   .430     20.00
   12  100 5000.0  142.9    1   .316E+02  -.221E+01       57.1   .430     20.00
   13  101 5000.0  157.1    1   .315E+02  -.221E+01       42.9   .430     20.00
   14  102 5000.0  171.4    1   .313E+02  -.219E+01       28.6   .430     20.00
   15  103 5000.0  185.7    1   .307E+02  -.215E+01       14.3   .430     20.00
   16  104 5000.0  200.0    1   .148E+02  -.207E+01         .0   .430     20.00
   17  119 4791.7  176.0    1  -.101E+03   .148E+02        -.2   .430     20.00
   18  120 4779.8  169.4    1  -.548E+02   .401E+01        6.4   .430     20.00
   19  121 4768.1  162.2    1  -.421E+02   .307E+01       13.5   .430     20.00
   20  122 4756.6  154.8    1  -.353E+02   .256E+01       21.0   .430     20.00
   21  123 4745.1  147.1    1  -.309E+02   .224E+01       28.7   .430     20.00
   22  124 4733.6  139.5    1  -.273E+02   .199E+01       36.2   .430     20.00
   23  125 4722.0  132.2    1  -.243E+02   .178E+01       43.6   .430     20.00
   24  126 4710.2  125.3    1  -.213E+02   .157E+01       50.4   .430     20.00
   25  127 4698.2  119.1    1  -.185E+02   .138E+01       56.6   .430     20.00
   26  128 4685.9  113.8    1  -.157E+02   .117E+01       62.0   .430     20.00
   27  129 4673.3  109.2    1  -.132E+02   .984E+00       66.6   .430     20.00
   28  130 4660.5  105.3    1  -.109E+02   .810E+00       70.5   .430     20.00
   29  131 4647.4  102.2    1  -.894E+01   .661E+00       73.6   .430     20.00
   30  132 4634.0   99.7    1  -.721E+01   .529E+00       76.1   .430     20.00
   31  133 4620.5   97.9    1  -.577E+01   .420E+00       77.9   .430     20.00
   32  134 4606.7   96.6    1  -.461E+01   .333E+00       79.1   .430     20.00
   33  135 4592.8   95.9    1  -.364E+01   .260E+00       79.8   .430     20.00
   34  136 4578.7   95.8    1  -.288E+01   .203E+00       80.0   .430     20.00
   35  137 4564.5   96.1    1  -.227E+01   .159E+00       79.7   .430     20.00
   36  138 4550.2   96.8    1  -.183E+01   .127E+00       79.0   .430     20.00
   37  139 4535.8   97.9    1  -.145E+01   .999E-01       77.9   .430     20.00
   38  140 4521.3   99.4    1  -.121E+01   .829E-01       76.4   .430     20.00
   39  141 4506.8  101.2    1  -.104E+01   .708E-01       74.6   .430     20.00
   40  142 4492.2  103.2    1  -.933E+00   .633E-01       72.6   .430     20.00
   41  143 4477.6  105.5    1  -.874E+00   .592E-01       70.3   .430     20.00
   42  144 4463.0  108.0    1  -.864E+00   .585E-01       67.8   .430     20.00
   43  145 4448.5  110.6    1  -.892E+00   .604E-01       65.2   .430     20.00
   44  146 4434.0  113.3    1  -.951E+00   .646E-01       62.5   .430     20.00
   45  147 4419.6  116.1    1  -.104E+01   .710E-01       59.6   .430     20.00
   46  148 4405.2  119.0    1  -.117E+01   .800E-01       56.8   .430     20.00
   47  149 4391.0  121.8    1  -.131E+01   .906E-01       54.0   .430     20.00
   48  150 4376.9  124.6    1  -.149E+01   .104E+00       51.2   .430     20.00
   49  151 4362.8  127.4    1  -.170E+01   .119E+00       48.4   .430     20.00
   50  152 4348.9  130.2    1  -.194E+01   .137E+00       45.6   .430     20.00
   51  153 4335.0  132.9    1  -.224E+01   .159E+00       42.9   .430     20.00
   52  154 4321.2  135.7    1  -.255E+01   .182E+00       40.1   .430     20.00
   53  155 4307.5  138.4    1  -.292E+01   .209E+00       37.4   .430     20.00
   54  156 4293.8  141.1    1  -.335E+01   .240E+00       34.7   .430     20.00
   55  157 4280.2  143.8    1  -.380E+01   .273E+00       31.9   .430     20.00
   56  158 4266.6  146.6    1  -.440E+01   .317E+00       29.2   .430     20.00
   57  159 4253.0  149.3    1  -.503E+01   .363E+00       26.5   .430     20.00
   58  160 4239.4  152.0    1  -.578E+01   .418E+00       23.7   .430     20.00
   59  161 4225.9  154.8    1  -.666E+01   .481E+00       21.0   .430     20.00
   60  162 4212.3  157.5    1  -.771E+01   .557E+00       18.3   .430     20.00
   61  163 4198.7  160.3    1  -.898E+01   .648E+00       15.5   .430     20.00
   62  164 4185.1  163.0    1  -.106E+02   .763E+00       12.7   .430     20.00
   63  165 4171.5  165.8    1  -.128E+02   .920E+00       10.0   .430     20.00
   64  166 4157.9  168.6    1  -.160E+02   .115E+01        7.2   .430     20.00
   65  167 4144.2  171.4    1  -.216E+02   .155E+01        4.4   .430     20.00
   66  168 4130.5  174.2    1  -.404E+02   .290E+01        1.6   .430     20.00
   67  169 4116.8  177.0    2  -.200E+02   .143E+01         .0   .430     20.00
   68  170 4103.1  179.8   -2   .000E+00   .000E+00       -1.3   .429     20.00
   69  171 4089.4  182.5   -2   .000E+00   .000E+00       -3.1   .426     20.00
   70  172 4075.7  185.3   -2   .000E+00   .000E+00       -5.1   .421     20.00
   71  173 4061.9  188.0   -2   .000E+00   .000E+00       -7.1   .416     20.00
   72  174 4048.2  190.7   -2   .000E+00   .000E+00       -9.2   .410     20.00
   73  175 4034.4  193.4   -2   .000E+00   .000E+00      -11.2   .403     20.00
   74  176 4020.7  196.1   -2   .000E+00   .000E+00      -13.3   .397     20.00
   75  177 4006.9  198.7   -2   .000E+00   .000E+00      -15.3   .390     20.00
   76  178 3993.1  201.3   -2   .000E+00   .000E+00      -17.3   .384     20.00
   77  179 3979.3  203.8   -2   .000E+00   .000E+00      -19.3   .378     20.00
   78  180 3965.6  206.3   -2   .000E+00   .000E+00      -21.3   .371     20.00
   79  181 3951.8  208.8   -2   .000E+00   .000E+00      -23.2   .366     20.00
   80  182 3938.0  211.3   -2   .000E+00   .000E+00      -25.1   .360     20.00
   81  183 3924.2  213.7   -2   .000E+00   .000E+00      -26.9   .355     20.00
   82  184 3910.4  216.0   -2   .000E+00   .000E+00      -28.8   .350     20.00
   83  185 3896.5  218.3   -2   .000E+00   .000E+00      -30.6   .345     20.00
   84  186 3882.7  220.6   -2   .000E+00   .000E+00      -32.4   .340     20.00
   85  187 3868.9  222.9   -2   .000E+00   .000E+00      -34.1   .336     20.00
   86  188 3855.1  225.1   -2   .000E+00   .000E+00      -35.8   .332     20.00
   87  189 3841.3  227.3   -2   .000E+00   .000E+00      -37.5   .328     20.00
   88  190 3827.4  229.5   -2   .000E+00   .000E+00      -39.1   .324     20.00
   89  191 3813.6  231.6   -2   .000E+00   .000E+00      -40.8   .321     20.00
   90  192 3799.8  233.7   -2   .000E+00   .000E+00      -42.3   .317     20.00
   91  193 3785.9  235.7   -2   .000E+00   .000E+00      -43.9   .314     20.00
   92  194 3772.1  237.7   -2   .000E+00   .000E+00      -45.4   .311     20.00
   93  195 3758.2  239.7   -2   .000E+00   .000E+00      -46.9   .308     20.00
   94  196 3744.4  241.7   -2   .000E+00   .000E+00      -48.3   .306     20.00
   95  197 3730.5  243.6   -2   .000E+00   .000E+00      -49.8   .303     20.00
   96  198 3716.6  245.5   -2   .000E+00   .000E+00      -51.2   .300     20.00
   97  199 3702.8  247.3   -2   .000E+00   .000E+00      -52.6   .298     20.00
   98  200 3688.9  249.2   -2   .000E+00   .000E+00      -54.0   .296     20.00
   99  201 3675.0  251.0   -2   .000E+00   .000E+00      -55.3   .294     20.00
  100  202 3661.1  252.7   -2   .000E+00   .000E+00      -56.6   .292     20.00
  101  203 3647.3  254.5   -2   .000E+00   .000E+00      -57.9   .290     20.00
  102  204 3633.4  256.2   -2   .000E+00   .000E+00      -59.2   .288     20.00
  103  205 3619.5  257.8   -2   .000E+00   .000E+00      -60.4   .286     20.00
  104  206 3605.6  259.5   -2   .000E+00   .000E+00      -61.6   .284     20.00
  105  207 3591.7  261.1   -2   .000E+00   .000E+00      -62.7   .282     20.00
  106  208 3577.8  262.7   -2   .000E+00   .000E+00      -63.9   .281     20.00
  107  209 3563.9  264.3   -2   .000E+00   .000E+00      -65.0   .279     20.00
  108  210 3550.0  265.8   -2   .000E+00   .000E+00      -66.1   .278     20.00
  109  211 3536.1  267.3   -2   .000E+00   .000E+00      -67.3   .276     20.00
  110  212 3522.2  268.8   -2   .000E+00   .000E+00      -68.3   .275     20.00
  111  213 3508.2  270.3   -2   .000E+00   .000E+00      -69.4   .273     20.00
  112  214 3494.3  271.7   -2   .000E+00   .000E+00      -70.4   .272     20.00
  113  215 3480.4  273.1   -2   .000E+00   .000E+00      -71.4   .271     20.00
  114  216 3466.5  274.5   -2   .000E+00   .000E+00      -72.4   .270     20.00
  115  217 3452.5  275.9   -2   .000E+00   .000E+00      -73.4   .268     20.00
  116  218 3438.6  277.2   -2   .000E+00   .000E+00      -74.3   .267     20.00
  117  219 3424.7  278.6   -2   .000E+00   .000E+00      -75.3   .266     20.00
  118  220 3410.7  279.8   -2   .000E+00   .000E+00      -76.1   .265     20.00
  119  221 3396.8  281.1   -2   .000E+00   .000E+00      -77.0   .264     20.00
  120  222 3382.9  282.4   -2   .000E+00   .000E+00      -77.8   .263     20.00
  121  223 3368.9  283.6   -2   .000E+00   .000E+00      -78.7   .262     20.00
  122  224 3355.0  284.8   -2   .000E+00   .000E+00      -79.5   .261     20.00
  123  225 3341.0  286.0   -2   .000E+00   .000E+00      -80.2   .261     20.00
  124  226 3327.1  287.1   -2   .000E+00   .000E+00      -81.0   .260     20.00
  125  227 3313.1  288.3   -2   .000E+00   .000E+00      -81.7   .259     20.00
  126  228 3299.1  289.4   -2   .000E+00   .000E+00      -82.4   .258     20.00
  127  229 3285.2  290.5   -2   .000E+00   .000E+00      -83.2   .258     20.00
  128  230 3271.2  291.6   -2   .000E+00   .000E+00      -83.8   .257     20.00
  129  231 3257.2  292.6   -2   .000E+00   .000E+00      -84.5   .256     20.00
  130  232 3243.3  293.7   -2   .000E+00   .000E+00      -85.1   .256     20.00
  131  233 3229.3  294.7   -2   .000E+00   .000E+00      -85.7   .255     20.00
  132  234 3215.3  295.7   -2   .000E+00   .000E+00      -86.3   .255     20.00
  133  235 3201.4  296.7   -2   .000E+00   .000E+00      -86.9   .254     20.00
  134  236 3187.4  297.6   -2   .000E+00   .000E+00      -87.5   .253     20.00
  135  237 3173.4  298.6   -2   .000E+00   .000E+00      -88.1   .253     20.00
  136  464     .0  500.0    1   .172E-01  -.247E-02     -100.0   .242     20.00
  137  465     .0  486.1    1   .512E-01  -.369E-02      -86.1   .255     20.00
  138  466     .0  472.2    1   .830E-01  -.597E-02      -72.2   .270     20.00
  139  467     .0  458.3    1   .146E+00  -.105E-01      -58.3   .289     20.00
  140  468     .0  444.4    1   .296E+00  -.213E-01      -44.4   .313     20.00
  141  469     .0  430.6    1   .759E+00  -.546E-01      -30.6   .345     20.00
  142  470     .0  416.7    1   .268E+01  -.193E+00      -16.7   .386     20.00
  143  471     .0  402.8    1   .108E+02  -.780E+00       -2.8   .427     20.00
  144  472     .0  388.9    1   .188E+02  -.135E+01       11.1   .430     20.00
  145  473     .0  375.0    1   .197E+02  -.142E+01       25.0   .430     20.00
  146  474     .0  361.1    1   .199E+02  -.143E+01       38.9   .430     20.00
  147  475     .0  347.2    1   .201E+02  -.145E+01       52.8   .430     20.00
  148  476     .0  333.3    1   .202E+02  -.146E+01       66.7   .430     20.00
  149  477     .0  319.4    1   .204E+02  -.147E+01       80.6   .430     20.00
  150  478     .0  305.6    1   .205E+02  -.147E+01       94.4   .430     20.00
  151  479     .0  291.7    1   .205E+02  -.148E+01      108.3   .430     20.00
  152  480     .0  277.8    1   .206E+02  -.148E+01      122.2   .430     20.00
  153  481     .0  263.9    1   .207E+02  -.149E+01      136.1   .430     20.00
  154  482     .0  250.0    1   .207E+02  -.149E+01      150.0   .430     20.00
  155  483     .0  236.1    1   .208E+02  -.150E+01      163.9   .430     20.00
  156  484     .0  222.2    1   .208E+02  -.150E+01      177.8   .430     20.00
  157  485     .0  208.3    1   .209E+02  -.150E+01      191.7   .430     20.00
  158  486     .0  194.4    1   .209E+02  -.150E+01      205.6   .430     20.00
  159  487     .0  180.6    1   .209E+02  -.151E+01      219.4   .430     20.00
  160  488     .0  166.7    1   .210E+02  -.151E+01      233.3   .430     20.00
  161  489     .0  152.8    1   .210E+02  -.151E+01      247.2   .430     20.00
  162  490     .0  138.9    1   .210E+02  -.151E+01      261.1   .430     20.00
  163  491     .0  125.0    1   .210E+02  -.151E+01      275.0   .430     20.00
  164  492     .0  111.1    1   .210E+02  -.151E+01      288.9   .430     20.00
  165  493     .0   97.2    1   .210E+02  -.152E+01      302.8   .430     20.00
  166  494     .0   83.3    1   .211E+02  -.152E+01      316.7   .430     20.00
  167  495     .0   69.4    1   .211E+02  -.152E+01      330.6   .430     20.00
  168  496     .0   55.6    1   .211E+02  -.152E+01      344.4   .430     20.00
  169  497     .0   41.7    1   .211E+02  -.152E+01      358.3   .430     20.00
  170  498     .0   27.8    1   .211E+02  -.152E+01      372.2   .430     20.00
  171  499     .0   13.9    1   .211E+02  -.152E+01      386.1   .430     20.00


 Time:    100.0000

    i    n    x      z    Code     Q          v           h       th       Temp     Conc
                                 [V/T]      [L/T]        [L]     [-]        [C]    [M/L3]

    1    1     .0     .0    1   .793E+01  -.114E+01      400.0   .430     20.00
    2   90 5000.0     .0    1   .156E+02  -.218E+01      200.0   .430     20.00
    3   91 5000.0   14.3    1   .311E+02  -.217E+01      185.7   .430     20.00
    4   92 5000.0   28.6    1   .311E+02  -.218E+01      171.4   .430     20.00
    5   93 5000.0   42.9    1   .312E+02  -.218E+01      157.1   .430     20.00
    6   94 5000.0   57.1    1   .313E+02  -.219E+01      142.9   .430     20.00
    7   95 5000.0   71.4    1   .314E+02  -.220E+01      128.6   .430     20.00
    8   96 5000.0   85.7    1   .315E+02  -.220E+01      114.3   .430     20.00
    9   97 5000.0  100.0    1   .316E+02  -.221E+01      100.0   .430     20.00
   10   98 5000.0  114.3    1   .316E+02  -.221E+01       85.7   .430     20.00
   11   99 5000.0  128.6    1   .316E+02  -.222E+01       71.4   .430     20.00
   12  100 5000.0  142.9    1   .316E+02  -.221E+01       57.1   .430     20.00
   13  101 5000.0  157.1    1   .315E+02  -.221E+01       42.9   .430     20.00
   14  102 5000.0  171.4    1   .313E+02  -.219E+01       28.6   .430     20.00
   15  103 5000.0  185.7    1   .307E+02  -.215E+01       14.3   .430     20.00
   16  104 5000.0  200.0    1   .148E+02  -.207E+01         .0   .430     20.00
   17  119 4791.7  176.0    1  -.101E+03   .148E+02        -.2   .430     20.00
   18  120 4779.8  169.4    1  -.548E+02   .401E+01        6.4   .430     20.00
   19  121 4768.1  162.2    1  -.421E+02   .307E+01       13.5   .430     20.00
   20  122 4756.6  154.8    1  -.353E+02   .256E+01       21.0   .430     20.00
   21  123 4745.1  147.1    1  -.309E+02   .224E+01       28.7   .430     20.00
   22  124 4733.6  139.5    1  -.274E+02   .199E+01       36.2   .430     20.00
   23  125 4722.0  132.2    1  -.243E+02   .178E+01       43.6   .430     20.00
   24  126 4710.2  125.3    1  -.213E+02   .157E+01       50.4   .430     20.00
   25  127 4698.2  119.1    1  -.185E+02   .138E+01       56.6   .430     20.00
   26  128 4685.9  113.8    1  -.157E+02   .117E+01       62.0   .430     20.00
   27  129 4673.3  109.2    1  -.132E+02   .985E+00       66.6   .430     20.00
   28  130 4660.5  105.3    1  -.109E+02   .811E+00       70.5   .430     20.00
   29  131 4647.4  102.2    1  -.895E+01   .662E+00       73.6   .430     20.00
   30  132 4634.0   99.7    1  -.723E+01   .531E+00       76.1   .430     20.00
   31  133 4620.5   97.9    1  -.579E+01   .421E+00       77.9   .430     20.00
   32  134 4606.7   96.6    1  -.465E+01   .335E+00       79.1   .430     20.00
   33  135 4592.8   95.9    1  -.368E+01   .263E+00       79.8   .430     20.00
   34  136 4578.7   95.8    1  -.293E+01   .207E+00       80.0   .430     20.00
   35  137 4564.5   96.1    1  -.234E+01   .164E+00       79.7   .430     20.00
   36  138 4550.2   96.8    1  -.192E+01   .133E+00       79.0   .430     20.00
   37  139 4535.8   97.9    1  -.156E+01   .108E+00       77.9   .430     20.00
   38  140 4521.3   99.4    1  -.135E+01   .927E-01       76.4   .430     20.00
   39  141 4506.8  101.2    1  -.122E+01   .830E-01       74.6   .430     20.00
   40  142 4492.2  103.2    1  -.115E+01   .782E-01       72.6   .430     20.00
   41  143 4477.6  105.5    1  -.115E+01   .777E-01       70.3   .430     20.00
   42  144 4463.0  108.0    1  -.119E+01   .808E-01       67.8   .430     20.00
   43  145 4448.5  110.6    1  -.129E+01   .875E-01       65.2   .430     20.00
   44  146 4434.0  113.3    1  -.143E+01   .969E-01       62.5   .430     20.00
   45  147 4419.6  116.1    1  -.160E+01   .109E+00       59.6   .430     20.00
   46  148 4405.2  119.0    1  -.183E+01   .126E+00       56.8   .430     20.00
   47  149 4391.0  121.8    1  -.209E+01   .144E+00       54.0   .430     20.00
   48  150 4376.9  124.6    1  -.239E+01   .167E+00       51.2   .430     20.00
   49  151 4362.8  127.4    1  -.275E+01   .193E+00       48.4   .430     20.00
   50  152 4348.9  130.2    1  -.315E+01   .222E+00       45.6   .430     20.00
   51  153 4335.0  132.9    1  -.365E+01   .259E+00       42.9   .430     20.00
   52  154 4321.2  135.7    1  -.417E+01   .297E+00       40.1   .430     20.00
   53  155 4307.5  138.4    1  -.479E+01   .343E+00       37.4   .430     20.00
   54  156 4293.8  141.1    1  -.549E+01   .394E+00       34.7   .430     20.00
   55  157 4280.2  143.8    1  -.623E+01   .448E+00       31.9   .430     20.00
   56  158 4266.6  146.6    1  -.722E+01   .521E+00       29.2   .430     20.00
   57  159 4253.0  149.3    1  -.824E+01   .595E+00       26.5   .430     20.00
   58  160 4239.4  152.0    1  -.948E+01   .685E+00       23.7   .430     20.00
   59  161 4225.9  154.8    1  -.109E+02   .788E+00       21.0   .430     20.00
   60  162 4212.3  157.5    1  -.126E+02   .910E+00       18.3   .430     20.00
   61  163 4198.7  160.3    1  -.147E+02   .106E+01       15.5   .430     20.00
   62  164 4185.1  163.0    1  -.172E+02   .124E+01       12.7   .430     20.00
   63  165 4171.5  165.8    1  -.207E+02   .149E+01       10.0   .430     20.00
   64  166 4157.9  168.6    1  -.256E+02   .184E+01        7.2   .430     20.00
   65  167 4144.2  171.4    1  -.338E+02   .242E+01        4.4   .430     20.00
   66  168 4130.5  174.2    1  -.574E+02   .411E+01        1.6   .430     20.00
   67  169 4116.8  177.0    2  -.555E+02   .397E+01         .0   .430     20.00
   68  170 4103.1  179.8    2  -.474E+01   .339E+00         .0   .430     20.00
   69  171 4089.4  182.5   -2   .000E+00   .000E+00        -.9   .429     20.00
   70  172 4075.7  185.3   -2   .000E+00   .000E+00       -2.2   .428     20.00
   71  173 4061.9  188.0   -2   .000E+00   .000E+00       -3.7   .425     20.00
   72  174 4048.2  190.7   -2   .000E+00   .000E+00       -5.3   .421     20.00
   73  175 4034.4  193.4   -2   .000E+00   .000E+00       -6.9   .417     20.00
   74  176 4020.7  196.1   -2   .000E+00   .000E+00       -8.6   .412     20.00
   75  177 4006.9  198.7   -2   .000E+00   .000E+00      -10.2   .407     20.00
   76  178 3993.1  201.3   -2   .000E+00   .000E+00      -11.8   .402     20.00
   77  179 3979.3  203.8   -2   .000E+00   .000E+00      -13.4   .397     20.00
   78  180 3965.6  206.3   -2   .000E+00   .000E+00      -14.9   .392     20.00
   79  181 3951.8  208.8   -2   .000E+00   .000E+00      -16.4   .387     20.00
   80  182 3938.0  211.3   -2   .000E+00   .000E+00      -18.0   .382     20.00
   81  183 3924.2  213.7   -2   .000E+00   .000E+00      -19.4   .377     20.00
   82  184 3910.4  216.0   -2   .000E+00   .000E+00      -20.9   .373     20.00
   83  185 3896.5  218.3   -2   .000E+00   .000E+00      -22.3   .368     20.00
   84  186 3882.7  220.6   -2   .000E+00   .000E+00      -23.7   .364     20.00
   85  187 3868.9  222.9   -2   .000E+00   .000E+00      -25.1   .360     20.00
   86  188 3855.1  225.1   -2   .000E+00   .000E+00      -26.5   .356     20.00
   87  189 3841.3  227.3   -2   .000E+00   .000E+00      -27.8   .352     20.00
   88  190 3827.4  229.5   -2   .000E+00   .000E+00      -29.1   .349     20.00
   89  191 3813.6  231.6   -2   .000E+00   .000E+00      -30.4   .345     20.00
   90  192 3799.8  233.7   -2   .000E+00   .000E+00      -31.6   .342     20.00
   91  193 3785.9  235.7   -2   .000E+00   .000E+00      -32.8   .339     20.00
   92  194 3772.1  237.7   -2   .000E+00   .000E+00      -34.0   .336     20.00
   93  195 3758.2  239.7   -2   .000E+00   .000E+00      -35.1   .334     20.00
   94  196 3744.4  241.7   -2   .000E+00   .000E+00      -36.2   .331     20.00
   95  197 3730.5  243.6   -2   .000E+00   .000E+00      -37.2   .329     20.00
   96  198 3716.6  245.5   -2   .000E+00   .000E+00      -38.3   .326     20.00
   97  199 3702.8  247.3   -2   .000E+00   .000E+00      -39.3   .324     20.00
   98  200 3688.9  249.2   -2   .000E+00   .000E+00      -40.3   .322     20.00
   99  201 3675.0  251.0   -2   .000E+00   .000E+00      -41.3   .320     20.00
  100  202 3661.1  252.7   -2   .000E+00   .000E+00      -42.2   .318     20.00
  101  203 3647.3  254.5   -2   .000E+00   .000E+00      -43.2   .316     20.00
  102  204 3633.4  256.2   -2   .000E+00   .000E+00      -44.1   .314     20.00
  103  205 3619.5  257.8   -2   .000E+00   .000E+00      -44.9   .312     20.00
  104  206 3605.6  259.5   -2   .000E+00   .000E+00      -45.7   .310     20.00
  105  207 3591.7  261.1   -2   .000E+00   .000E+00      -46.5   .309     20.00
  106  208 3577.8  262.7   -2   .000E+00   .000E+00      -47.3   .307     20.00
  107  209 3563.9  264.3   -2   .000E+00   .000E+00      -48.1   .306     20.00
  108  210 3550.0  265.8   -2   .000E+00   .000E+00      -48.8   .305     20.00
  109  211 3536.1  267.3   -2   .000E+00   .000E+00      -49.6   .303     20.00
  110  212 3522.2  268.8   -2   .000E+00   .000E+00      -50.3   .302     20.00
  111  213 3508.2  270.3   -2   .000E+00   .000E+00      -50.9   .301     20.00
  112  214 3494.3  271.7   -2   .000E+00   .000E+00      -51.6   .300     20.00
  113  215 3480.4  273.1   -2   .000E+00   .000E+00      -52.2   .299     20.00
  114  216 3466.5  274.5   -2   .000E+00   .000E+00      -52.8   .298     20.00
  115  217 3452.5  275.9   -2   .000E+00   .000E+00      -53.3   .297     20.00
  116  218 3438.6  277.2   -2   .000E+00   .000E+00      -53.9   .296     20.00
  117  219 3424.7  278.6   -2   .000E+00   .000E+00      -54.4   .295     20.00
  118  220 3410.7  279.8   -2   .000E+00   .000E+00      -54.9   .294     20.00
  119  221 3396.8  281.1   -2   .000E+00   .000E+00      -55.4   .293     20.00
  120  222 3382.9  282.4   -2   .000E+00   .000E+00      -55.9   .293     20.00
  121  223 3368.9  283.6   -2   .000E+00   .000E+00      -56.4   .292     20.00
  122  224 3355.0  284.8   -2   .000E+00   .000E+00      -56.8   .291     20.00
  123  225 3341.0  286.0   -2   .000E+00   .000E+00      -57.2   .291     20.00
  124  226 3327.1  287.1   -2   .000E+00   .000E+00      -57.6   .290     20.00
  125  227 3313.1  288.3   -2   .000E+00   .000E+00      -58.0   .289     20.00
  126  228 3299.1  289.4   -2   .000E+00   .000E+00      -58.4   .289     20.00
  127  229 3285.2  290.5   -2   .000E+00   .000E+00      -58.7   .288     20.00
  128  230 3271.2  291.6   -2   .000E+00   .000E+00      -59.0   .288     20.00
  129  231 3257.2  292.6   -2   .000E+00   .000E+00      -59.3   .287     20.00
  130  232 3243.3  293.7   -2   .000E+00   .000E+00      -59.6   .287     20.00
  131  233 3229.3  294.7   -2   .000E+00   .000E+00      -59.8   .286     20.00
  132  234 3215.3  295.7   -2   .000E+00   .000E+00      -60.1   .286     20.00
  133  235 3201.4  296.7   -2   .000E+00   .000E+00      -60.3   .286     20.00
  134  236 3187.4  297.6   -2   .000E+00   .000E+00      -60.5   .285     20.00
  135  237 3173.4  298.6   -2   .000E+00   .000E+00      -60.7   .285     20.00
  136  464     .0  500.0    1   .106E-01  -.153E-02     -100.0   .242     20.00
  137  465     .0  486.1    1   .324E-01  -.234E-02      -86.1   .255     20.00
  138  466     .0  472.2    1   .560E-01  -.403E-02      -72.2   .270     20.00
  139  467     .0  458.3    1   .105E+00  -.757E-02      -58.3   .289     20.00
  140  468     .0  444.4    1   .223E+00  -.160E-01      -44.4   .313     20.00
  141  469     .0  430.6    1   .585E+00  -.422E-01      -30.6   .345     20.00
  142  470     .0  416.7    1   .209E+01  -.150E+00      -16.7   .386     20.00
  143  471     .0  402.8    1   .837E+01  -.602E+00       -2.8   .427     20.00
  144  472     .0  388.9    1   .144E+02  -.104E+01       11.1   .430     20.00
  145  473     .0  375.0    1   .150E+02  -.108E+01       25.0   .430     20.00
  146  474     .0  361.1    1   .152E+02  -.109E+01       38.9   .430     20.00
  147  475     .0  347.2    1   .153E+02  -.110E+01       52.8   .430     20.00
  148  476     .0  333.3    1   .154E+02  -.111E+01       66.7   .430     20.00
  149  477     .0  319.4    1   .154E+02  -.111E+01       80.6   .430     20.00
  150  478     .0  305.6    1   .155E+02  -.111E+01       94.4   .430     20.00
  151  479     .0  291.7    1   .155E+02  -.112E+01      108.3   .430     20.00
  152  480     .0  277.8    1   .156E+02  -.112E+01      122.2   .430     20.00
  153  481     .0  263.9    1   .156E+02  -.112E+01      136.1   .430     20.00
  154  482     .0  250.0    1   .156E+02  -.113E+01      150.0   .430     20.00
  155  483     .0  236.1    1   .157E+02  -.113E+01      163.9   .430     20.00
  156  484     .0  222.2    1   .157E+02  -.113E+01      177.8   .430     20.00
  157  485     .0  208.3    1   .157E+02  -.113E+01      191.7   .430     20.00
  158  486     .0  194.4    1   .157E+02  -.113E+01      205.6   .430     20.00
  159  487     .0  180.6    1   .158E+02  -.114E+01      219.4   .430     20.00
  160  488     .0  166.7    1   .158E+02  -.114E+01      233.3   .430     20.00
  161  489     .0  152.8    1   .158E+02  -.114E+01      247.2   .430     20.00
  162  490     .0  138.9    1   .158E+02  -.114E+01      261.1   .430     20.00
  163  491     .0  125.0    1   .158E+02  -.114E+01      275.0   .430     20.00
  164  492     .0  111.1    1   .158E+02  -.114E+01      288.9   .430     20.00
  165  493     .0   97.2    1   .158E+02  -.114E+01      302.8   .430     20.00
  166  494     .0   83.3    1   .158E+02  -.114E+01      316.7   .430     20.00
  167  495     .0   69.4    1   .159E+02  -.114E+01      330.6   .430     20.00
  168  496     .0   55.6    1   .159E+02  -.114E+01      344.4   .430     20.00
  169  497     .0   41.7    1   .159E+02  -.114E+01      358.3   .430     20.00
  170  498     .0   27.8    1   .159E+02  -.114E+01      372.2   .430     20.00
  171  499     .0   13.9    1   .159E+02  -.114E+01      386.1   .430     20.00
