 Welcome to HYDRUS-2D                                                    
 
 Program HYDRUS2
 Date:  18. 2.    Time:  16:53:10
 Time independent boundary conditions
 Horizontal plane flow, V = L*L
 Units: L = cm   , T = days , M = mmol 


 Time:      1.0000

    i    n    x      z    Code     Q          v           h       th       Temp     Conc
                                 [V/T]      [L/T]        [L]     [-]        [C]    [M/L3]

    1  188  932.1  521.6    1   .224E+02  -.331E+01         .0   .430     20.00
    2  189  933.5  535.1    1   .623E+01  -.473E+00         .0   .430     20.00
    3  190  920.7  534.9    1   .168E+02  -.262E+01         .0   .430     20.00
    4  261 1024.3  966.2    1   .198E+02  -.375E+01         .0   .430     20.00
    5  262 1018.0  974.6    1   .411E+02  -.389E+01         .0   .430     20.00
    6  263 1011.6  983.1    1   .190E+02  -.360E+01         .0   .430     20.00


 Time:      2.5000

    i    n    x      z    Code     Q          v           h       th       Temp     Conc
                                 [V/T]      [L/T]        [L]     [-]        [C]    [M/L3]

    1  188  932.1  521.6    1   .113E+02  -.167E+01         .0   .430     20.00
    2  189  933.5  535.1    1   .307E+01  -.233E+00         .0   .430     20.00
    3  190  920.7  534.9    1   .847E+01  -.132E+01         .0   .430     20.00
    4  261 1024.3  966.2    1   .126E+02  -.238E+01         .0   .430     20.00
    5  262 1018.0  974.6    1   .257E+02  -.243E+01         .0   .430     20.00
    6  263 1011.6  983.1    1   .121E+02  -.228E+01         .0   .430     20.00


 Time:      5.0000

    i    n    x      z    Code     Q          v           h       th       Temp     Conc
                                 [V/T]      [L/T]        [L]     [-]        [C]    [M/L3]

    1  188  932.1  521.6    1   .776E+01  -.115E+01         .0   .430     20.00
    2  189  933.5  535.1    1   .209E+01  -.158E+00         .0   .430     20.00
    3  190  920.7  534.9    1   .582E+01  -.907E+00         .0   .430     20.00
    4  261 1024.3  966.2    1   .886E+01  -.168E+01         .0   .430     20.00
    5  262 1018.0  974.6    1   .179E+02  -.169E+01         .0   .430     20.00
    6  263 1011.6  983.1    1   .848E+01  -.160E+01         .0   .430     20.00


 Time:     10.0000

    i    n    x      z    Code     Q          v           h       th       Temp     Conc
                                 [V/T]      [L/T]        [L]     [-]        [C]    [M/L3]

    1  188  932.1  521.6    1   .675E+01  -.998E+00         .0   .430     20.00
    2  189  933.5  535.1    1   .181E+01  -.137E+00         .0   .430     20.00
    3  190  920.7  534.9    1   .506E+01  -.788E+00         .0   .430     20.00
    4  261 1024.3  966.2    1   .623E+01  -.118E+01         .0   .430     20.00
    5  262 1018.0  974.6    1   .125E+02  -.118E+01         .0   .430     20.00
    6  263 1011.6  983.1    1   .597E+01  -.113E+01         .0   .430     20.00


 Time:     25.0000

    i    n    x      z    Code     Q          v           h       th       Temp     Conc
                                 [V/T]      [L/T]        [L]     [-]        [C]    [M/L3]

    1  188  932.1  521.6    1   .647E+01  -.957E+00         .0   .430     20.00
    2  189  933.5  535.1    1   .173E+01  -.131E+00         .0   .430     20.00
    3  190  920.7  534.9    1   .485E+01  -.756E+00         .0   .430     20.00
    4  261 1024.3  966.2    1   .385E+01  -.728E+00         .0   .430     20.00
    5  262 1018.0  974.6    1   .768E+01  -.726E+00         .0   .430     20.00
    6  263 1011.6  983.1    1   .368E+01  -.697E+00         .0   .430     20.00


 Time:     50.0000

    i    n    x      z    Code     Q          v           h       th       Temp     Conc
                                 [V/T]      [L/T]        [L]     [-]        [C]    [M/L3]

    1  188  932.1  521.6    1   .640E+01  -.946E+00         .0   .430     20.00
    2  189  933.5  535.1    1   .171E+01  -.130E+00         .0   .430     20.00
    3  190  920.7  534.9    1   .479E+01  -.747E+00         .0   .430     20.00
    4  261 1024.3  966.2    1   .268E+01  -.507E+00         .0   .430     20.00
    5  262 1018.0  974.6    1   .533E+01  -.504E+00         .0   .430     20.00
    6  263 1011.6  983.1    1   .257E+01  -.486E+00         .0   .430     20.00


 Time:     75.0000

    i    n    x      z    Code     Q          v           h       th       Temp     Conc
                                 [V/T]      [L/T]        [L]     [-]        [C]    [M/L3]

    1  188  932.1  521.6    1   .637E+01  -.942E+00         .0   .430     20.00
    2  189  933.5  535.1    1   .171E+01  -.129E+00         .0   .430     20.00
    3  190  920.7  534.9    1   .477E+01  -.744E+00         .0   .430     20.00
    4  261 1024.3  966.2    1   .211E+01  -.400E+00         .0   .430     20.00
    5  262 1018.0  974.6    1   .419E+01  -.397E+00         .0   .430     20.00
    6  263 1011.6  983.1    1   .202E+01  -.383E+00         .0   .430     20.00


 Time:    100.0000

    i    n    x      z    Code     Q          v           h       th       Temp     Conc
                                 [V/T]      [L/T]        [L]     [-]        [C]    [M/L3]

    1  188  932.1  521.6    1   .635E+01  -.939E+00         .0   .430     20.00
    2  189  933.5  535.1    1   .170E+01  -.129E+00         .0   .430     20.00
    3  190  920.7  534.9    1   .476E+01  -.741E+00         .0   .430     20.00
    4  261 1024.3  966.2    1   .184E+01  -.348E+00         .0   .430     20.00
    5  262 1018.0  974.6    1   .365E+01  -.345E+00         .0   .430     20.00
    6  263 1011.6  983.1    1   .176E+01  -.333E+00         .0   .430     20.00


 Time:    150.0000

    i    n    x      z    Code     Q          v           h       th       Temp     Conc
                                 [V/T]      [L/T]        [L]     [-]        [C]    [M/L3]

    1  188  932.1  521.6    1   .630E+01  -.931E+00         .0   .430     20.00
    2  189  933.5  535.1    1   .169E+01  -.128E+00         .0   .430     20.00
    3  190  920.7  534.9    1   .472E+01  -.735E+00         .0   .430     20.00
    4  261 1024.3  966.2    1   .164E+01  -.311E+00         .0   .430     20.00
    5  262 1018.0  974.6    1   .325E+01  -.308E+00         .0   .430     20.00
    6  263 1011.6  983.1    1   .157E+01  -.298E+00         .0   .430     20.00


 Time:    200.0000

    i    n    x      z    Code     Q          v           h       th       Temp     Conc
                                 [V/T]      [L/T]        [L]     [-]        [C]    [M/L3]

    1  188  932.1  521.6    1   .629E+01  -.930E+00         .0   .430     20.00
    2  189  933.5  535.1    1   .168E+01  -.128E+00         .0   .430     20.00
    3  190  920.7  534.9    1   .471E+01  -.734E+00         .0   .430     20.00
    4  261 1024.3  966.2    1   .158E+01  -.300E+00         .0   .430     20.00
    5  262 1018.0  974.6    1   .313E+01  -.297E+00         .0   .430     20.00
    6  263 1011.6  983.1    1   .152E+01  -.287E+00         .0   .430     20.00


 Time:    250.0000

    i    n    x      z    Code     Q          v           h       th       Temp     Conc
                                 [V/T]      [L/T]        [L]     [-]        [C]    [M/L3]

    1  188  932.1  521.6    1   .625E+01  -.925E+00         .0   .430     20.00
    2  189  933.5  535.1    1   .167E+01  -.127E+00         .0   .430     20.00
    3  190  920.7  534.9    1   .469E+01  -.730E+00         .0   .430     20.00
    4  261 1024.3  966.2    1   .154E+01  -.291E+00         .0   .430     20.00
    5  262 1018.0  974.6    1   .304E+01  -.287E+00         .0   .430     20.00
    6  263 1011.6  983.1    1   .147E+01  -.278E+00         .0   .430     20.00


 Time:    300.0000

    i    n    x      z    Code     Q          v           h       th       Temp     Conc
                                 [V/T]      [L/T]        [L]     [-]        [C]    [M/L3]

    1  188  932.1  521.6    1   .618E+01  -.914E+00         .0   .430     20.00
    2  189  933.5  535.1    1   .165E+01  -.125E+00         .0   .430     20.00
    3  190  920.7  534.9    1   .463E+01  -.722E+00         .0   .430     20.00
    4  261 1024.3  966.2    1   .149E+01  -.282E+00         .0   .430     20.00
    5  262 1018.0  974.6    1   .295E+01  -.279E+00         .0   .430     20.00
    6  263 1011.6  983.1    1   .143E+01  -.270E+00         .0   .430     20.00


 Time:    350.0000

    i    n    x      z    Code     Q          v           h       th       Temp     Conc
                                 [V/T]      [L/T]        [L]     [-]        [C]    [M/L3]

    1  188  932.1  521.6    1   .614E+01  -.907E+00         .0   .430     20.00
    2  189  933.5  535.1    1   .164E+01  -.125E+00         .0   .430     20.00
    3  190  920.7  534.9    1   .460E+01  -.716E+00         .0   .430     20.00
    4  261 1024.3  966.2    1   .147E+01  -.277E+00         .0   .430     20.00
    5  262 1018.0  974.6    1   .290E+01  -.274E+00         .0   .430     20.00
    6  263 1011.6  983.1    1   .140E+01  -.265E+00         .0   .430     20.00


 Time:    400.0000

    i    n    x      z    Code     Q          v           h       th       Temp     Conc
                                 [V/T]      [L/T]        [L]     [-]        [C]    [M/L3]

    1  188  932.1  521.6    1   .609E+01  -.900E+00         .0   .430     20.00
    2  189  933.5  535.1    1   .163E+01  -.124E+00         .0   .430     20.00
    3  190  920.7  534.9    1   .456E+01  -.711E+00         .0   .430     20.00
    4  261 1024.3  966.2    1   .145E+01  -.273E+00         .0   .430     20.00
    5  262 1018.0  974.6    1   .286E+01  -.271E+00         .0   .430     20.00
    6  263 1011.6  983.1    1   .138E+01  -.262E+00         .0   .430     20.00


 Time:    450.0000

    i    n    x      z    Code     Q          v           h       th       Temp     Conc
                                 [V/T]      [L/T]        [L]     [-]        [C]    [M/L3]

    1  188  932.1  521.6    1   .605E+01  -.894E+00         .0   .430     20.00
    2  189  933.5  535.1    1   .162E+01  -.123E+00         .0   .430     20.00
    3  190  920.7  534.9    1   .453E+01  -.706E+00         .0   .430     20.00
    4  261 1024.3  966.2    1   .143E+01  -.270E+00         .0   .430     20.00
    5  262 1018.0  974.6    1   .283E+01  -.267E+00         .0   .430     20.00
    6  263 1011.6  983.1    1   .137E+01  -.259E+00         .0   .430     20.00


 Time:    500.0000

    i    n    x      z    Code     Q          v           h       th       Temp     Conc
                                 [V/T]      [L/T]        [L]     [-]        [C]    [M/L3]

    1  188  932.1  521.6    1   .602E+01  -.889E+00         .0   .430     20.00
    2  189  933.5  535.1    1   .161E+01  -.122E+00         .0   .430     20.00
    3  190  920.7  534.9    1   .451E+01  -.702E+00         .0   .430     20.00
    4  261 1024.3  966.2    1   .142E+01  -.268E+00         .0   .430     20.00
    5  262 1018.0  974.6    1   .280E+01  -.265E+00         .0   .430     20.00
    6  263 1011.6  983.1    1   .136E+01  -.256E+00         .0   .430     20.00


 Time:    600.0000

    i    n    x      z    Code     Q          v           h       th       Temp     Conc
                                 [V/T]      [L/T]        [L]     [-]        [C]    [M/L3]

    1  188  932.1  521.6    1   .593E+01  -.876E+00         .0   .430     20.00
    2  189  933.5  535.1    1   .158E+01  -.120E+00         .0   .430     20.00
    3  190  920.7  534.9    1   .444E+01  -.692E+00         .0   .430     20.00
    4  261 1024.3  966.2    1   .139E+01  -.263E+00         .0   .430     20.00
    5  262 1018.0  974.6    1   .275E+01  -.261E+00         .0   .430     20.00
    6  263 1011.6  983.1    1   .133E+01  -.252E+00         .0   .430     20.00


 Time:    700.0000

    i    n    x      z    Code     Q          v           h       th       Temp     Conc
                                 [V/T]      [L/T]        [L]     [-]        [C]    [M/L3]

    1  188  932.1  521.6    1   .581E+01  -.859E+00         .0   .430     20.00
    2  189  933.5  535.1    1   .155E+01  -.118E+00         .0   .430     20.00
    3  190  920.7  534.9    1   .435E+01  -.679E+00         .0   .430     20.00
    4  261 1024.3  966.2    1   .137E+01  -.259E+00         .0   .430     20.00
    5  262 1018.0  974.6    1   .271E+01  -.256E+00         .0   .430     20.00
    6  263 1011.6  983.1    1   .131E+01  -.248E+00         .0   .430     20.00


 Time:    800.0000

    i    n    x      z    Code     Q          v           h       th       Temp     Conc
                                 [V/T]      [L/T]        [L]     [-]        [C]    [M/L3]

    1  188  932.1  521.6    1   .573E+01  -.847E+00         .0   .430     20.00
    2  189  933.5  535.1    1   .153E+01  -.116E+00         .0   .430     20.00
    3  190  920.7  534.9    1   .429E+01  -.669E+00         .0   .430     20.00
    4  261 1024.3  966.2    1   .135E+01  -.255E+00         .0   .430     20.00
    5  262 1018.0  974.6    1   .267E+01  -.252E+00         .0   .430     20.00
    6  263 1011.6  983.1    1   .129E+01  -.244E+00         .0   .430     20.00


 Time:    900.0000

    i    n    x      z    Code     Q          v           h       th       Temp     Conc
                                 [V/T]      [L/T]        [L]     [-]        [C]    [M/L3]

    1  188  932.1  521.6    1   .562E+01  -.831E+00         .0   .430     20.00
    2  189  933.5  535.1    1   .150E+01  -.114E+00         .0   .430     20.00
    3  190  920.7  534.9    1   .421E+01  -.656E+00         .0   .430     20.00
    4  261 1024.3  966.2    1   .132E+01  -.251E+00         .0   .430     20.00
    5  262 1018.0  974.6    1   .262E+01  -.248E+00         .0   .430     20.00
    6  263 1011.6  983.1    1   .127E+01  -.240E+00         .0   .430     20.00


 Time:   1000.0000

    i    n    x      z    Code     Q          v           h       th       Temp     Conc
                                 [V/T]      [L/T]        [L]     [-]        [C]    [M/L3]

    1  188  932.1  521.6    1   .556E+01  -.821E+00         .0   .430     20.00
    2  189  933.5  535.1    1   .148E+01  -.113E+00         .0   .430     20.00
    3  190  920.7  534.9    1   .416E+01  -.649E+00         .0   .430     20.00
    4  261 1024.3  966.2    1   .131E+01  -.247E+00         .0   .430     20.00
    5  262 1018.0  974.6    1   .258E+01  -.244E+00         .0   .430     20.00
    6  263 1011.6  983.1    1   .125E+01  -.236E+00         .0   .430     20.00


 Time:   1250.0000

    i    n    x      z    Code     Q          v           h       th       Temp     Conc
                                 [V/T]      [L/T]        [L]     [-]        [C]    [M/L3]

    1  188  932.1  521.6    1   .526E+01  -.777E+00         .0   .430     20.00
    2  189  933.5  535.1    1   .140E+01  -.106E+00         .0   .430     20.00
    3  190  920.7  534.9    1   .394E+01  -.614E+00         .0   .430     20.00
    4  261 1024.3  966.2    1   .124E+01  -.235E+00         .0   .430     20.00
    5  262 1018.0  974.6    1   .245E+01  -.232E+00         .0   .430     20.00
    6  263 1011.6  983.1    1   .119E+01  -.225E+00         .0   .430     20.00


 Time:   1500.0000

    i    n    x      z    Code     Q          v           h       th       Temp     Conc
                                 [V/T]      [L/T]        [L]     [-]        [C]    [M/L3]

    1  188  932.1  521.6    1   .491E+01  -.726E+00         .0   .430     20.00
    2  189  933.5  535.1    1   .131E+01  -.993E-01         .0   .430     20.00
    3  190  920.7  534.9    1   .368E+01  -.573E+00         .0   .430     20.00
    4  261 1024.3  966.2    1   .116E+01  -.219E+00         .0   .430     20.00
    5  262 1018.0  974.6    1   .229E+01  -.217E+00         .0   .430     20.00
    6  263 1011.6  983.1    1   .111E+01  -.210E+00         .0   .430     20.00


 Time:   1750.0000

    i    n    x      z    Code     Q          v           h       th       Temp     Conc
                                 [V/T]      [L/T]        [L]     [-]        [C]    [M/L3]

    1  188  932.1  521.6    1   .445E+01  -.658E+00         .0   .430     20.00
    2  189  933.5  535.1    1   .118E+01  -.899E-01         .0   .430     20.00
    3  190  920.7  534.9    1   .333E+01  -.520E+00         .0   .430     20.00
    4  261 1024.3  966.2    1   .105E+01  -.199E+00         .0   .430     20.00
    5  262 1018.0  974.6    1   .208E+01  -.197E+00         .0   .430     20.00
    6  263 1011.6  983.1    1   .101E+01  -.191E+00         .0   .430     20.00


 Time:   2000.0000

    i    n    x      z    Code     Q          v           h       th       Temp     Conc
                                 [V/T]      [L/T]        [L]     [-]        [C]    [M/L3]

    1  188  932.1  521.6    1   .398E+01  -.589E+00         .0   .430     20.00
    2  189  933.5  535.1    1   .106E+01  -.803E-01         .0   .430     20.00
    3  190  920.7  534.9    1   .298E+01  -.465E+00         .0   .430     20.00
    4  261 1024.3  966.2    1   .942E+00  -.178E+00         .0   .430     20.00
    5  262 1018.0  974.6    1   .186E+01  -.176E+00         .0   .430     20.00
    6  263 1011.6  983.1    1   .902E+00  -.171E+00         .0   .430     20.00


 Time:   2250.0000

    i    n    x      z    Code     Q          v           h       th       Temp     Conc
                                 [V/T]      [L/T]        [L]     [-]        [C]    [M/L3]

    1  188  932.1  521.6    1   .360E+01  -.532E+00         .0   .430     20.00
    2  189  933.5  535.1    1   .954E+00  -.724E-01         .0   .430     20.00
    3  190  920.7  534.9    1   .269E+01  -.420E+00         .0   .430     20.00
    4  261 1024.3  966.2    1   .849E+00  -.161E+00         .0   .430     20.00
    5  262 1018.0  974.6    1   .168E+01  -.159E+00         .0   .430     20.00
    6  263 1011.6  983.1    1   .813E+00  -.154E+00         .0   .430     20.00


 Time:   2500.0000

    i    n    x      z    Code     Q          v           h       th       Temp     Conc
                                 [V/T]      [L/T]        [L]     [-]        [C]    [M/L3]

    1  188  932.1  521.6    1   .333E+01  -.493E+00         .0   .430     20.00
    2  189  933.5  535.1    1   .883E+00  -.670E-01         .0   .430     20.00
    3  190  920.7  534.9    1   .250E+01  -.389E+00         .0   .430     20.00
    4  261 1024.3  966.2    1   .786E+00  -.149E+00         .0   .430     20.00
    5  262 1018.0  974.6    1   .155E+01  -.147E+00         .0   .430     20.00
    6  263 1011.6  983.1    1   .752E+00  -.142E+00         .0   .430     20.00


 Time:   3000.0000

    i    n    x      z    Code     Q          v           h       th       Temp     Conc
                                 [V/T]      [L/T]        [L]     [-]        [C]    [M/L3]

    1  188  932.1  521.6    1   .306E+01  -.452E+00         .0   .430     20.00
    2  189  933.5  535.1    1   .809E+00  -.614E-01         .0   .430     20.00
    3  190  920.7  534.9    1   .229E+01  -.357E+00         .0   .430     20.00
    4  261 1024.3  966.2    1   .719E+00  -.136E+00         .0   .430     20.00
    5  262 1018.0  974.6    1   .142E+01  -.134E+00         .0   .430     20.00
    6  263 1011.6  983.1    1   .688E+00  -.130E+00         .0   .430     20.00


 Time:   4000.0000

    i    n    x      z    Code     Q          v           h       th       Temp     Conc
                                 [V/T]      [L/T]        [L]     [-]        [C]    [M/L3]

    1  188  932.1  521.6    1   .294E+01  -.435E+00         .0   .430     20.00
    2  189  933.5  535.1    1   .778E+00  -.590E-01         .0   .430     20.00
    3  190  920.7  534.9    1   .220E+01  -.343E+00         .0   .430     20.00
    4  261 1024.3  966.2    1   .692E+00  -.131E+00         .0   .430     20.00
    5  262 1018.0  974.6    1   .136E+01  -.129E+00         .0   .430     20.00
    6  263 1011.6  983.1    1   .662E+00  -.125E+00         .0   .430     20.00


 Time:   5000.0000

    i    n    x      z    Code     Q          v           h       th       Temp     Conc
                                 [V/T]      [L/T]        [L]     [-]        [C]    [M/L3]

    1  188  932.1  521.6    1   .292E+01  -.431E+00         .0   .430     20.00
    2  189  933.5  535.1    1   .771E+00  -.585E-01         .0   .430     20.00
    3  190  920.7  534.9    1   .218E+01  -.340E+00         .0   .430     20.00
    4  261 1024.3  966.2    1   .685E+00  -.130E+00         .0   .430     20.00
    5  262 1018.0  974.6    1   .135E+01  -.128E+00         .0   .430     20.00
    6  263 1011.6  983.1    1   .656E+00  -.124E+00         .0   .430     20.00


 Time:   6000.0000

    i    n    x      z    Code     Q          v           h       th       Temp     Conc
                                 [V/T]      [L/T]        [L]     [-]        [C]    [M/L3]

    1  188  932.1  521.6    1   .289E+01  -.427E+00         .0   .430     20.00
    2  189  933.5  535.1    1   .764E+00  -.580E-01         .0   .430     20.00
    3  190  920.7  534.9    1   .216E+01  -.337E+00         .0   .430     20.00
    4  261 1024.3  966.2    1   .679E+00  -.128E+00         .0   .430     20.00
    5  262 1018.0  974.6    1   .134E+01  -.127E+00         .0   .430     20.00
    6  263 1011.6  983.1    1   .650E+00  -.123E+00         .0   .430     20.00


 Time:   7500.0000

    i    n    x      z    Code     Q          v           h       th       Temp     Conc
                                 [V/T]      [L/T]        [L]     [-]        [C]    [M/L3]

    1  188  932.1  521.6    1   .284E+01  -.420E+00         .0   .430     20.00
    2  189  933.5  535.1    1   .750E+00  -.569E-01         .0   .430     20.00
    3  190  920.7  534.9    1   .212E+01  -.331E+00         .0   .430     20.00
    4  261 1024.3  966.2    1   .667E+00  -.126E+00         .0   .430     20.00
    5  262 1018.0  974.6    1   .131E+01  -.124E+00         .0   .430     20.00
    6  263 1011.6  983.1    1   .638E+00  -.121E+00         .0   .430     20.00
