 Welcome to HYDRUS-2D                                                    
 
 Program HYDRUS2
 Date:  18. 2.    Time:  16:53:10
 Time independent boundary conditions
 Horizontal plane flow, V = L*L
 Units: L = cm   , T = days , M = mmol 
 All cumulative fluxes (CumQ) are positive out of the region

       Time     CumQAP      CumQRP     CumQA      CumQR     CumQ3       CumQ1      CumQS      CumQ5       CumQ6 ....
        [T]       [V]         [V]       [V]        [V]       [V]         [V]        [V]        [V]         [V]

         .0001   .000E+00   .000E+00   .000E+00   .000E+00   .000E+00  -.815E+00   .000E+00   .000E+00   .000E+00
         .0002   .000E+00   .000E+00   .000E+00   .000E+00   .000E+00  -.182E+01   .000E+00   .000E+00   .000E+00
         .0004   .000E+00   .000E+00   .000E+00   .000E+00   .000E+00  -.304E+01   .000E+00   .000E+00   .000E+00
         .0006   .000E+00   .000E+00   .000E+00   .000E+00   .000E+00  -.451E+01   .000E+00   .000E+00   .000E+00
         .0009   .000E+00   .000E+00   .000E+00   .000E+00   .000E+00  -.626E+01   .000E+00   .000E+00   .000E+00
         .0013   .000E+00   .000E+00   .000E+00   .000E+00   .000E+00  -.832E+01   .000E+00   .000E+00   .000E+00
         .0018   .000E+00   .000E+00   .000E+00   .000E+00   .000E+00  -.107E+02   .000E+00   .000E+00   .000E+00
         .0024   .000E+00   .000E+00   .000E+00   .000E+00   .000E+00  -.135E+02   .000E+00   .000E+00   .000E+00
         .0032   .000E+00   .000E+00   .000E+00   .000E+00   .000E+00  -.167E+02   .000E+00   .000E+00   .000E+00
         .0043   .000E+00   .000E+00   .000E+00   .000E+00   .000E+00  -.203E+02   .000E+00   .000E+00   .000E+00
         .0056   .000E+00   .000E+00   .000E+00   .000E+00   .000E+00  -.243E+02   .000E+00   .000E+00   .000E+00
         .0074   .000E+00   .000E+00   .000E+00   .000E+00   .000E+00  -.288E+02   .000E+00   .000E+00   .000E+00
         .0098   .000E+00   .000E+00   .000E+00   .000E+00   .000E+00  -.337E+02   .000E+00   .000E+00   .000E+00
         .0128   .000E+00   .000E+00   .000E+00   .000E+00   .000E+00  -.391E+02   .000E+00   .000E+00   .000E+00
         .0167   .000E+00   .000E+00   .000E+00   .000E+00   .000E+00  -.449E+02   .000E+00   .000E+00   .000E+00
         .0218   .000E+00   .000E+00   .000E+00   .000E+00   .000E+00  -.513E+02   .000E+00   .000E+00   .000E+00
         .0285   .000E+00   .000E+00   .000E+00   .000E+00   .000E+00  -.583E+02   .000E+00   .000E+00   .000E+00
         .0372   .000E+00   .000E+00   .000E+00   .000E+00   .000E+00  -.660E+02   .000E+00   .000E+00   .000E+00
         .0458   .000E+00   .000E+00   .000E+00   .000E+00   .000E+00  -.726E+02   .000E+00   .000E+00   .000E+00
         .0545   .000E+00   .000E+00   .000E+00   .000E+00   .000E+00  -.786E+02   .000E+00   .000E+00   .000E+00
         .0632   .000E+00   .000E+00   .000E+00   .000E+00   .000E+00  -.840E+02   .000E+00   .000E+00   .000E+00
         .0745   .000E+00   .000E+00   .000E+00   .000E+00   .000E+00  -.904E+02   .000E+00   .000E+00   .000E+00
         .0858   .000E+00   .000E+00   .000E+00   .000E+00   .000E+00  -.962E+02   .000E+00   .000E+00   .000E+00
         .0971   .000E+00   .000E+00   .000E+00   .000E+00   .000E+00  -.102E+03   .000E+00   .000E+00   .000E+00
         .1116   .000E+00   .000E+00   .000E+00   .000E+00   .000E+00  -.108E+03   .000E+00   .000E+00   .000E+00
         .1262   .000E+00   .000E+00   .000E+00   .000E+00   .000E+00  -.114E+03   .000E+00   .000E+00   .000E+00
         .1452   .000E+00   .000E+00   .000E+00   .000E+00   .000E+00  -.121E+03   .000E+00   .000E+00   .000E+00
         .1642   .000E+00   .000E+00   .000E+00   .000E+00   .000E+00  -.128E+03   .000E+00   .000E+00   .000E+00
         .1832   .000E+00   .000E+00   .000E+00   .000E+00   .000E+00  -.134E+03   .000E+00   .000E+00   .000E+00
         .2022   .000E+00   .000E+00   .000E+00   .000E+00   .000E+00  -.140E+03   .000E+00   .000E+00   .000E+00
         .2212   .000E+00   .000E+00   .000E+00   .000E+00   .000E+00  -.146E+03   .000E+00   .000E+00   .000E+00
         .2402   .000E+00   .000E+00   .000E+00   .000E+00   .000E+00  -.151E+03   .000E+00   .000E+00   .000E+00
         .2647   .000E+00   .000E+00   .000E+00   .000E+00   .000E+00  -.158E+03   .000E+00   .000E+00   .000E+00
         .2892   .000E+00   .000E+00   .000E+00   .000E+00   .000E+00  -.164E+03   .000E+00   .000E+00   .000E+00
         .3137   .000E+00   .000E+00   .000E+00   .000E+00   .000E+00  -.170E+03   .000E+00   .000E+00   .000E+00
         .3382   .000E+00   .000E+00   .000E+00   .000E+00   .000E+00  -.176E+03   .000E+00   .000E+00   .000E+00
         .3697   .000E+00   .000E+00   .000E+00   .000E+00   .000E+00  -.183E+03   .000E+00   .000E+00   .000E+00
         .4012   .000E+00   .000E+00   .000E+00   .000E+00   .000E+00  -.190E+03   .000E+00   .000E+00   .000E+00
         .4327   .000E+00   .000E+00   .000E+00   .000E+00   .000E+00  -.196E+03   .000E+00   .000E+00   .000E+00
         .4733   .000E+00   .000E+00   .000E+00   .000E+00   .000E+00  -.204E+03   .000E+00   .000E+00   .000E+00
         .5138   .000E+00   .000E+00   .000E+00   .000E+00   .000E+00  -.212E+03   .000E+00   .000E+00   .000E+00
         .5543   .000E+00   .000E+00   .000E+00   .000E+00   .000E+00  -.219E+03   .000E+00   .000E+00   .000E+00
         .5948   .000E+00   .000E+00   .000E+00   .000E+00   .000E+00  -.226E+03   .000E+00   .000E+00   .000E+00
         .6353   .000E+00   .000E+00   .000E+00   .000E+00   .000E+00  -.232E+03   .000E+00   .000E+00   .000E+00
         .6759   .000E+00   .000E+00   .000E+00   .000E+00   .000E+00  -.239E+03   .000E+00   .000E+00   .000E+00
         .7164   .000E+00   .000E+00   .000E+00   .000E+00   .000E+00  -.245E+03   .000E+00   .000E+00   .000E+00
         .7569   .000E+00   .000E+00   .000E+00   .000E+00   .000E+00  -.251E+03   .000E+00   .000E+00   .000E+00
         .7974   .000E+00   .000E+00   .000E+00   .000E+00   .000E+00  -.257E+03   .000E+00   .000E+00   .000E+00
         .8481   .000E+00   .000E+00   .000E+00   .000E+00   .000E+00  -.264E+03   .000E+00   .000E+00   .000E+00
         .8987   .000E+00   .000E+00   .000E+00   .000E+00   .000E+00  -.271E+03   .000E+00   .000E+00   .000E+00
         .9494   .000E+00   .000E+00   .000E+00   .000E+00   .000E+00  -.277E+03   .000E+00   .000E+00   .000E+00
        1.0000   .000E+00   .000E+00   .000E+00   .000E+00   .000E+00  -.284E+03   .000E+00   .000E+00   .000E+00
        1.0536   .000E+00   .000E+00   .000E+00   .000E+00   .000E+00  -.290E+03   .000E+00   .000E+00   .000E+00
        1.1071   .000E+00   .000E+00   .000E+00   .000E+00   .000E+00  -.296E+03   .000E+00   .000E+00   .000E+00
        1.1607   .000E+00   .000E+00   .000E+00   .000E+00   .000E+00  -.303E+03   .000E+00   .000E+00   .000E+00
        1.2143   .000E+00   .000E+00   .000E+00   .000E+00   .000E+00  -.308E+03   .000E+00   .000E+00   .000E+00
        1.2679   .000E+00   .000E+00   .000E+00   .000E+00   .000E+00  -.314E+03   .000E+00   .000E+00   .000E+00
        1.3403   .000E+00   .000E+00   .000E+00   .000E+00   .000E+00  -.322E+03   .000E+00   .000E+00   .000E+00
        1.4128   .000E+00   .000E+00   .000E+00   .000E+00   .000E+00  -.329E+03   .000E+00   .000E+00   .000E+00
        1.4853   .000E+00   .000E+00   .000E+00   .000E+00   .000E+00  -.336E+03   .000E+00   .000E+00   .000E+00
        1.5578   .000E+00   .000E+00   .000E+00   .000E+00   .000E+00  -.343E+03   .000E+00   .000E+00   .000E+00
        1.6303   .000E+00   .000E+00   .000E+00   .000E+00   .000E+00  -.350E+03   .000E+00   .000E+00   .000E+00
        1.7027   .000E+00   .000E+00   .000E+00   .000E+00   .000E+00  -.357E+03   .000E+00   .000E+00   .000E+00
        1.7752   .000E+00   .000E+00   .000E+00   .000E+00   .000E+00  -.363E+03   .000E+00   .000E+00   .000E+00
        1.8477   .000E+00   .000E+00   .000E+00   .000E+00   .000E+00  -.370E+03   .000E+00   .000E+00   .000E+00
        1.9202   .000E+00   .000E+00   .000E+00   .000E+00   .000E+00  -.376E+03   .000E+00   .000E+00   .000E+00
        1.9926   .000E+00   .000E+00   .000E+00   .000E+00   .000E+00  -.382E+03   .000E+00   .000E+00   .000E+00
        2.0772   .000E+00   .000E+00   .000E+00   .000E+00   .000E+00  -.389E+03   .000E+00   .000E+00   .000E+00
        2.1618   .000E+00   .000E+00   .000E+00   .000E+00   .000E+00  -.395E+03   .000E+00   .000E+00   .000E+00
        2.2745   .000E+00   .000E+00   .000E+00   .000E+00   .000E+00  -.404E+03   .000E+00   .000E+00   .000E+00
        2.3873   .000E+00   .000E+00   .000E+00   .000E+00   .000E+00  -.413E+03   .000E+00   .000E+00   .000E+00
        2.5000   .000E+00   .000E+00   .000E+00   .000E+00   .000E+00  -.421E+03   .000E+00   .000E+00   .000E+00
        2.6190   .000E+00   .000E+00   .000E+00   .000E+00   .000E+00  -.429E+03   .000E+00   .000E+00   .000E+00
        2.7381   .000E+00   .000E+00   .000E+00   .000E+00   .000E+00  -.438E+03   .000E+00   .000E+00   .000E+00
        2.8571   .000E+00   .000E+00   .000E+00   .000E+00   .000E+00  -.446E+03   .000E+00   .000E+00   .000E+00
        2.9762   .000E+00   .000E+00   .000E+00   .000E+00   .000E+00  -.454E+03   .000E+00   .000E+00   .000E+00
        3.1319   .000E+00   .000E+00   .000E+00   .000E+00   .000E+00  -.464E+03   .000E+00   .000E+00   .000E+00
        3.2875   .000E+00   .000E+00   .000E+00   .000E+00   .000E+00  -.473E+03   .000E+00   .000E+00   .000E+00
        3.4432   .000E+00   .000E+00   .000E+00   .000E+00   .000E+00  -.483E+03   .000E+00   .000E+00   .000E+00
        3.5989   .000E+00   .000E+00   .000E+00   .000E+00   .000E+00  -.492E+03   .000E+00   .000E+00   .000E+00
        3.7546   .000E+00   .000E+00   .000E+00   .000E+00   .000E+00  -.501E+03   .000E+00   .000E+00   .000E+00
        3.9103   .000E+00   .000E+00   .000E+00   .000E+00   .000E+00  -.510E+03   .000E+00   .000E+00   .000E+00
        4.0659   .000E+00   .000E+00   .000E+00   .000E+00   .000E+00  -.519E+03   .000E+00   .000E+00   .000E+00
        4.2216   .000E+00   .000E+00   .000E+00   .000E+00   .000E+00  -.528E+03   .000E+00   .000E+00   .000E+00
        4.3773   .000E+00   .000E+00   .000E+00   .000E+00   .000E+00  -.536E+03   .000E+00   .000E+00   .000E+00
        4.5330   .000E+00   .000E+00   .000E+00   .000E+00   .000E+00  -.544E+03   .000E+00   .000E+00   .000E+00
        4.6886   .000E+00   .000E+00   .000E+00   .000E+00   .000E+00  -.553E+03   .000E+00   .000E+00   .000E+00
        4.8443   .000E+00   .000E+00   .000E+00   .000E+00   .000E+00  -.561E+03   .000E+00   .000E+00   .000E+00
        5.0000   .000E+00   .000E+00   .000E+00   .000E+00   .000E+00  -.568E+03   .000E+00   .000E+00   .000E+00
        5.2000   .000E+00   .000E+00   .000E+00   .000E+00   .000E+00  -.579E+03   .000E+00   .000E+00   .000E+00
        5.4000   .000E+00   .000E+00   .000E+00   .000E+00   .000E+00  -.588E+03   .000E+00   .000E+00   .000E+00
        5.6000   .000E+00   .000E+00   .000E+00   .000E+00   .000E+00  -.598E+03   .000E+00   .000E+00   .000E+00
        5.8000   .000E+00   .000E+00   .000E+00   .000E+00   .000E+00  -.608E+03   .000E+00   .000E+00   .000E+00
        6.0000   .000E+00   .000E+00   .000E+00   .000E+00   .000E+00  -.617E+03   .000E+00   .000E+00   .000E+00
        6.2667   .000E+00   .000E+00   .000E+00   .000E+00   .000E+00  -.629E+03   .000E+00   .000E+00   .000E+00
        6.5333   .000E+00   .000E+00   .000E+00   .000E+00   .000E+00  -.641E+03   .000E+00   .000E+00   .000E+00
        6.8000   .000E+00   .000E+00   .000E+00   .000E+00   .000E+00  -.653E+03   .000E+00   .000E+00   .000E+00
        7.0667   .000E+00   .000E+00   .000E+00   .000E+00   .000E+00  -.665E+03   .000E+00   .000E+00   .000E+00
        7.3333   .000E+00   .000E+00   .000E+00   .000E+00   .000E+00  -.677E+03   .000E+00   .000E+00   .000E+00
        7.6000   .000E+00   .000E+00   .000E+00   .000E+00   .000E+00  -.688E+03   .000E+00   .000E+00   .000E+00
        7.8667   .000E+00   .000E+00   .000E+00   .000E+00   .000E+00  -.699E+03   .000E+00   .000E+00   .000E+00
        8.2222   .000E+00   .000E+00   .000E+00   .000E+00   .000E+00  -.714E+03   .000E+00   .000E+00   .000E+00
        8.5778   .000E+00   .000E+00   .000E+00   .000E+00   .000E+00  -.728E+03   .000E+00   .000E+00   .000E+00
        8.9333   .000E+00   .000E+00   .000E+00   .000E+00   .000E+00  -.743E+03   .000E+00   .000E+00   .000E+00
        9.2889   .000E+00   .000E+00   .000E+00   .000E+00   .000E+00  -.757E+03   .000E+00   .000E+00   .000E+00
        9.6444   .000E+00   .000E+00   .000E+00   .000E+00   .000E+00  -.770E+03   .000E+00   .000E+00   .000E+00
       10.0000   .000E+00   .000E+00   .000E+00   .000E+00   .000E+00  -.784E+03   .000E+00   .000E+00   .000E+00
       10.3409   .000E+00   .000E+00   .000E+00   .000E+00   .000E+00  -.797E+03   .000E+00   .000E+00   .000E+00
       10.6818   .000E+00   .000E+00   .000E+00   .000E+00   .000E+00  -.810E+03   .000E+00   .000E+00   .000E+00
       11.0227   .000E+00   .000E+00   .000E+00   .000E+00   .000E+00  -.822E+03   .000E+00   .000E+00   .000E+00
       11.3636   .000E+00   .000E+00   .000E+00   .000E+00   .000E+00  -.835E+03   .000E+00   .000E+00   .000E+00
       11.8035   .000E+00   .000E+00   .000E+00   .000E+00   .000E+00  -.851E+03   .000E+00   .000E+00   .000E+00
       12.2434   .000E+00   .000E+00   .000E+00   .000E+00   .000E+00  -.867E+03   .000E+00   .000E+00   .000E+00
       12.6833   .000E+00   .000E+00   .000E+00   .000E+00   .000E+00  -.882E+03   .000E+00   .000E+00   .000E+00
       13.1232   .000E+00   .000E+00   .000E+00   .000E+00   .000E+00  -.897E+03   .000E+00   .000E+00   .000E+00
       13.5630   .000E+00   .000E+00   .000E+00   .000E+00   .000E+00  -.913E+03   .000E+00   .000E+00   .000E+00
       14.0029   .000E+00   .000E+00   .000E+00   .000E+00   .000E+00  -.928E+03   .000E+00   .000E+00   .000E+00
       14.4428   .000E+00   .000E+00   .000E+00   .000E+00   .000E+00  -.943E+03   .000E+00   .000E+00   .000E+00
       14.8827   .000E+00   .000E+00   .000E+00   .000E+00   .000E+00  -.957E+03   .000E+00   .000E+00   .000E+00
       15.3226   .000E+00   .000E+00   .000E+00   .000E+00   .000E+00  -.972E+03   .000E+00   .000E+00   .000E+00
       15.7625   .000E+00   .000E+00   .000E+00   .000E+00   .000E+00  -.986E+03   .000E+00   .000E+00   .000E+00
       16.2023   .000E+00   .000E+00   .000E+00   .000E+00   .000E+00  -.100E+04   .000E+00   .000E+00   .000E+00
       16.7889   .000E+00   .000E+00   .000E+00   .000E+00   .000E+00  -.102E+04   .000E+00   .000E+00   .000E+00
       17.3754   .000E+00   .000E+00   .000E+00   .000E+00   .000E+00  -.104E+04   .000E+00   .000E+00   .000E+00
       17.9619   .000E+00   .000E+00   .000E+00   .000E+00   .000E+00  -.106E+04   .000E+00   .000E+00   .000E+00
       18.5484   .000E+00   .000E+00   .000E+00   .000E+00   .000E+00  -.108E+04   .000E+00   .000E+00   .000E+00
       19.1349   .000E+00   .000E+00   .000E+00   .000E+00   .000E+00  -.109E+04   .000E+00   .000E+00   .000E+00
       19.7214   .000E+00   .000E+00   .000E+00   .000E+00   .000E+00  -.111E+04   .000E+00   .000E+00   .000E+00
       20.3079   .000E+00   .000E+00   .000E+00   .000E+00   .000E+00  -.113E+04   .000E+00   .000E+00   .000E+00
       20.8944   .000E+00   .000E+00   .000E+00   .000E+00   .000E+00  -.115E+04   .000E+00   .000E+00   .000E+00
       21.7155   .000E+00   .000E+00   .000E+00   .000E+00   .000E+00  -.117E+04   .000E+00   .000E+00   .000E+00
       22.5367   .000E+00   .000E+00   .000E+00   .000E+00   .000E+00  -.119E+04   .000E+00   .000E+00   .000E+00
       23.3578   .000E+00   .000E+00   .000E+00   .000E+00   .000E+00  -.122E+04   .000E+00   .000E+00   .000E+00
       24.1789   .000E+00   .000E+00   .000E+00   .000E+00   .000E+00  -.124E+04   .000E+00   .000E+00   .000E+00
       25.0000   .000E+00   .000E+00   .000E+00   .000E+00   .000E+00  -.126E+04   .000E+00   .000E+00   .000E+00
       25.7576   .000E+00   .000E+00   .000E+00   .000E+00   .000E+00  -.129E+04   .000E+00   .000E+00   .000E+00
       26.5152   .000E+00   .000E+00   .000E+00   .000E+00   .000E+00  -.131E+04   .000E+00   .000E+00   .000E+00
       27.2727   .000E+00   .000E+00   .000E+00   .000E+00   .000E+00  -.133E+04   .000E+00   .000E+00   .000E+00
       28.0303   .000E+00   .000E+00   .000E+00   .000E+00   .000E+00  -.135E+04   .000E+00   .000E+00   .000E+00
       28.7879   .000E+00   .000E+00   .000E+00   .000E+00   .000E+00  -.137E+04   .000E+00   .000E+00   .000E+00
       29.7521   .000E+00   .000E+00   .000E+00   .000E+00   .000E+00  -.140E+04   .000E+00   .000E+00   .000E+00
       30.7163   .000E+00   .000E+00   .000E+00   .000E+00   .000E+00  -.142E+04   .000E+00   .000E+00   .000E+00
       31.6804   .000E+00   .000E+00   .000E+00   .000E+00   .000E+00  -.145E+04   .000E+00   .000E+00   .000E+00
       32.6446   .000E+00   .000E+00   .000E+00   .000E+00   .000E+00  -.147E+04   .000E+00   .000E+00   .000E+00
       33.6088   .000E+00   .000E+00   .000E+00   .000E+00   .000E+00  -.150E+04   .000E+00   .000E+00   .000E+00
       34.5730   .000E+00   .000E+00   .000E+00   .000E+00   .000E+00  -.152E+04   .000E+00   .000E+00   .000E+00
       35.5372   .000E+00   .000E+00   .000E+00   .000E+00   .000E+00  -.155E+04   .000E+00   .000E+00   .000E+00
       36.5014   .000E+00   .000E+00   .000E+00   .000E+00   .000E+00  -.157E+04   .000E+00   .000E+00   .000E+00
       37.4656   .000E+00   .000E+00   .000E+00   .000E+00   .000E+00  -.160E+04   .000E+00   .000E+00   .000E+00
       38.4298   .000E+00   .000E+00   .000E+00   .000E+00   .000E+00  -.162E+04   .000E+00   .000E+00   .000E+00
       39.3939   .000E+00   .000E+00   .000E+00   .000E+00   .000E+00  -.164E+04   .000E+00   .000E+00   .000E+00
       40.3581   .000E+00   .000E+00   .000E+00   .000E+00   .000E+00  -.167E+04   .000E+00   .000E+00   .000E+00
       41.3223   .000E+00   .000E+00   .000E+00   .000E+00   .000E+00  -.169E+04   .000E+00   .000E+00   .000E+00
       42.5620   .000E+00   .000E+00   .000E+00   .000E+00   .000E+00  -.172E+04   .000E+00   .000E+00   .000E+00
       43.8017   .000E+00   .000E+00   .000E+00   .000E+00   .000E+00  -.175E+04   .000E+00   .000E+00   .000E+00
       45.0413   .000E+00   .000E+00   .000E+00   .000E+00   .000E+00  -.178E+04   .000E+00   .000E+00   .000E+00
       46.2810   .000E+00   .000E+00   .000E+00   .000E+00   .000E+00  -.181E+04   .000E+00   .000E+00   .000E+00
       47.5207   .000E+00   .000E+00   .000E+00   .000E+00   .000E+00  -.184E+04   .000E+00   .000E+00   .000E+00
       48.7603   .000E+00   .000E+00   .000E+00   .000E+00   .000E+00  -.187E+04   .000E+00   .000E+00   .000E+00
       50.0000   .000E+00   .000E+00   .000E+00   .000E+00   .000E+00  -.190E+04   .000E+00   .000E+00   .000E+00
       51.2500   .000E+00   .000E+00   .000E+00   .000E+00   .000E+00  -.193E+04   .000E+00   .000E+00   .000E+00
       52.9464   .000E+00   .000E+00   .000E+00   .000E+00   .000E+00  -.197E+04   .000E+00   .000E+00   .000E+00
       54.6429   .000E+00   .000E+00   .000E+00   .000E+00   .000E+00  -.201E+04   .000E+00   .000E+00   .000E+00
       56.3393   .000E+00   .000E+00   .000E+00   .000E+00   .000E+00  -.205E+04   .000E+00   .000E+00   .000E+00
       58.0357   .000E+00   .000E+00   .000E+00   .000E+00   .000E+00  -.208E+04   .000E+00   .000E+00   .000E+00
       59.7321   .000E+00   .000E+00   .000E+00   .000E+00   .000E+00  -.212E+04   .000E+00   .000E+00   .000E+00
       61.4286   .000E+00   .000E+00   .000E+00   .000E+00   .000E+00  -.216E+04   .000E+00   .000E+00   .000E+00
       63.1250   .000E+00   .000E+00   .000E+00   .000E+00   .000E+00  -.220E+04   .000E+00   .000E+00   .000E+00
       64.8214   .000E+00   .000E+00   .000E+00   .000E+00   .000E+00  -.223E+04   .000E+00   .000E+00   .000E+00
       66.5179   .000E+00   .000E+00   .000E+00   .000E+00   .000E+00  -.227E+04   .000E+00   .000E+00   .000E+00
       68.2143   .000E+00   .000E+00   .000E+00   .000E+00   .000E+00  -.231E+04   .000E+00   .000E+00   .000E+00
       69.9107   .000E+00   .000E+00   .000E+00   .000E+00   .000E+00  -.234E+04   .000E+00   .000E+00   .000E+00
       71.6071   .000E+00   .000E+00   .000E+00   .000E+00   .000E+00  -.238E+04   .000E+00   .000E+00   .000E+00
       73.3036   .000E+00   .000E+00   .000E+00   .000E+00   .000E+00  -.242E+04   .000E+00   .000E+00   .000E+00
       75.0000   .000E+00   .000E+00   .000E+00   .000E+00   .000E+00  -.245E+04   .000E+00   .000E+00   .000E+00
       77.0833   .000E+00   .000E+00   .000E+00   .000E+00   .000E+00  -.250E+04   .000E+00   .000E+00   .000E+00
       79.1667   .000E+00   .000E+00   .000E+00   .000E+00   .000E+00  -.254E+04   .000E+00   .000E+00   .000E+00
       82.1429   .000E+00   .000E+00   .000E+00   .000E+00   .000E+00  -.260E+04   .000E+00   .000E+00   .000E+00
       85.1190   .000E+00   .000E+00   .000E+00   .000E+00   .000E+00  -.266E+04   .000E+00   .000E+00   .000E+00
       88.0952   .000E+00   .000E+00   .000E+00   .000E+00   .000E+00  -.272E+04   .000E+00   .000E+00   .000E+00
       91.0714   .000E+00   .000E+00   .000E+00   .000E+00   .000E+00  -.279E+04   .000E+00   .000E+00   .000E+00
       94.0476   .000E+00   .000E+00   .000E+00   .000E+00   .000E+00  -.285E+04   .000E+00   .000E+00   .000E+00
       97.0238   .000E+00   .000E+00   .000E+00   .000E+00   .000E+00  -.291E+04   .000E+00   .000E+00   .000E+00
      100.0000   .000E+00   .000E+00   .000E+00   .000E+00   .000E+00  -.297E+04   .000E+00   .000E+00   .000E+00
      104.5455   .000E+00   .000E+00   .000E+00   .000E+00   .000E+00  -.306E+04   .000E+00   .000E+00   .000E+00
      109.0909   .000E+00   .000E+00   .000E+00   .000E+00   .000E+00  -.315E+04   .000E+00   .000E+00   .000E+00
      113.6364   .000E+00   .000E+00   .000E+00   .000E+00   .000E+00  -.323E+04   .000E+00   .000E+00   .000E+00
      118.1818   .000E+00   .000E+00   .000E+00   .000E+00   .000E+00  -.332E+04   .000E+00   .000E+00   .000E+00
      122.7273   .000E+00   .000E+00   .000E+00   .000E+00   .000E+00  -.341E+04   .000E+00   .000E+00   .000E+00
      127.2727   .000E+00   .000E+00   .000E+00   .000E+00   .000E+00  -.350E+04   .000E+00   .000E+00   .000E+00
      131.8182   .000E+00   .000E+00   .000E+00   .000E+00   .000E+00  -.359E+04   .000E+00   .000E+00   .000E+00
      137.8788   .000E+00   .000E+00   .000E+00   .000E+00   .000E+00  -.371E+04   .000E+00   .000E+00   .000E+00
      143.9394   .000E+00   .000E+00   .000E+00   .000E+00   .000E+00  -.382E+04   .000E+00   .000E+00   .000E+00
      150.0000   .000E+00   .000E+00   .000E+00   .000E+00   .000E+00  -.394E+04   .000E+00   .000E+00   .000E+00
      156.2500   .000E+00   .000E+00   .000E+00   .000E+00   .000E+00  -.406E+04   .000E+00   .000E+00   .000E+00
      162.5000   .000E+00   .000E+00   .000E+00   .000E+00   .000E+00  -.418E+04   .000E+00   .000E+00   .000E+00
      168.7500   .000E+00   .000E+00   .000E+00   .000E+00   .000E+00  -.430E+04   .000E+00   .000E+00   .000E+00
      176.5625   .000E+00   .000E+00   .000E+00   .000E+00   .000E+00  -.444E+04   .000E+00   .000E+00   .000E+00
      184.3750   .000E+00   .000E+00   .000E+00   .000E+00   .000E+00  -.459E+04   .000E+00   .000E+00   .000E+00
      192.1875   .000E+00   .000E+00   .000E+00   .000E+00   .000E+00  -.474E+04   .000E+00   .000E+00   .000E+00
      200.0000   .000E+00   .000E+00   .000E+00   .000E+00   .000E+00  -.489E+04   .000E+00   .000E+00   .000E+00
      210.0000   .000E+00   .000E+00   .000E+00   .000E+00   .000E+00  -.508E+04   .000E+00   .000E+00   .000E+00
      220.0000   .000E+00   .000E+00   .000E+00   .000E+00   .000E+00  -.526E+04   .000E+00   .000E+00   .000E+00
      230.0000   .000E+00   .000E+00   .000E+00   .000E+00   .000E+00  -.545E+04   .000E+00   .000E+00   .000E+00
      240.0000   .000E+00   .000E+00   .000E+00   .000E+00   .000E+00  -.564E+04   .000E+00   .000E+00   .000E+00
      250.0000   .000E+00   .000E+00   .000E+00   .000E+00   .000E+00  -.582E+04   .000E+00   .000E+00   .000E+00
      262.5000   .000E+00   .000E+00   .000E+00   .000E+00   .000E+00  -.605E+04   .000E+00   .000E+00   .000E+00
      275.0000   .000E+00   .000E+00   .000E+00   .000E+00   .000E+00  -.629E+04   .000E+00   .000E+00   .000E+00
      287.5000   .000E+00   .000E+00   .000E+00   .000E+00   .000E+00  -.652E+04   .000E+00   .000E+00   .000E+00
      300.0000   .000E+00   .000E+00   .000E+00   .000E+00   .000E+00  -.674E+04   .000E+00   .000E+00   .000E+00
      312.5000   .000E+00   .000E+00   .000E+00   .000E+00   .000E+00  -.697E+04   .000E+00   .000E+00   .000E+00
      325.0000   .000E+00   .000E+00   .000E+00   .000E+00   .000E+00  -.720E+04   .000E+00   .000E+00   .000E+00
      337.5000   .000E+00   .000E+00   .000E+00   .000E+00   .000E+00  -.743E+04   .000E+00   .000E+00   .000E+00
      350.0000   .000E+00   .000E+00   .000E+00   .000E+00   .000E+00  -.766E+04   .000E+00   .000E+00   .000E+00
      362.5000   .000E+00   .000E+00   .000E+00   .000E+00   .000E+00  -.788E+04   .000E+00   .000E+00   .000E+00
      375.0000   .000E+00   .000E+00   .000E+00   .000E+00   .000E+00  -.811E+04   .000E+00   .000E+00   .000E+00
      387.5000   .000E+00   .000E+00   .000E+00   .000E+00   .000E+00  -.833E+04   .000E+00   .000E+00   .000E+00
      400.0000   .000E+00   .000E+00   .000E+00   .000E+00   .000E+00  -.856E+04   .000E+00   .000E+00   .000E+00
      412.5000   .000E+00   .000E+00   .000E+00   .000E+00   .000E+00  -.878E+04   .000E+00   .000E+00   .000E+00
      425.0000   .000E+00   .000E+00   .000E+00   .000E+00   .000E+00  -.900E+04   .000E+00   .000E+00   .000E+00
      437.5000   .000E+00   .000E+00   .000E+00   .000E+00   .000E+00  -.923E+04   .000E+00   .000E+00   .000E+00
      450.0000   .000E+00   .000E+00   .000E+00   .000E+00   .000E+00  -.945E+04   .000E+00   .000E+00   .000E+00
      462.5000   .000E+00   .000E+00   .000E+00   .000E+00   .000E+00  -.967E+04   .000E+00   .000E+00   .000E+00
      475.0000   .000E+00   .000E+00   .000E+00   .000E+00   .000E+00  -.990E+04   .000E+00   .000E+00   .000E+00
      500.0000   .000E+00   .000E+00   .000E+00   .000E+00   .000E+00  -.103E+05   .000E+00   .000E+00   .000E+00
      516.6667   .000E+00   .000E+00   .000E+00   .000E+00   .000E+00  -.106E+05   .000E+00   .000E+00   .000E+00
      533.3334   .000E+00   .000E+00   .000E+00   .000E+00   .000E+00  -.109E+05   .000E+00   .000E+00   .000E+00
      550.0000   .000E+00   .000E+00   .000E+00   .000E+00   .000E+00  -.112E+05   .000E+00   .000E+00   .000E+00
      566.6667   .000E+00   .000E+00   .000E+00   .000E+00   .000E+00  -.115E+05   .000E+00   .000E+00   .000E+00
      600.0000   .000E+00   .000E+00   .000E+00   .000E+00   .000E+00  -.121E+05   .000E+00   .000E+00   .000E+00
      625.0000   .000E+00   .000E+00   .000E+00   .000E+00   .000E+00  -.125E+05   .000E+00   .000E+00   .000E+00
      650.0000   .000E+00   .000E+00   .000E+00   .000E+00   .000E+00  -.130E+05   .000E+00   .000E+00   .000E+00
      675.0000   .000E+00   .000E+00   .000E+00   .000E+00   .000E+00  -.134E+05   .000E+00   .000E+00   .000E+00
      700.0000   .000E+00   .000E+00   .000E+00   .000E+00   .000E+00  -.138E+05   .000E+00   .000E+00   .000E+00
      725.0000   .000E+00   .000E+00   .000E+00   .000E+00   .000E+00  -.142E+05   .000E+00   .000E+00   .000E+00
      750.0000   .000E+00   .000E+00   .000E+00   .000E+00   .000E+00  -.147E+05   .000E+00   .000E+00   .000E+00
      800.0000   .000E+00   .000E+00   .000E+00   .000E+00   .000E+00  -.155E+05   .000E+00   .000E+00   .000E+00
      833.3333   .000E+00   .000E+00   .000E+00   .000E+00   .000E+00  -.161E+05   .000E+00   .000E+00   .000E+00
      866.6666   .000E+00   .000E+00   .000E+00   .000E+00   .000E+00  -.166E+05   .000E+00   .000E+00   .000E+00
      900.0000   .000E+00   .000E+00   .000E+00   .000E+00   .000E+00  -.172E+05   .000E+00   .000E+00   .000E+00
      933.3333   .000E+00   .000E+00   .000E+00   .000E+00   .000E+00  -.177E+05   .000E+00   .000E+00   .000E+00
      966.6666   .000E+00   .000E+00   .000E+00   .000E+00   .000E+00  -.183E+05   .000E+00   .000E+00   .000E+00
     1000.0000   .000E+00   .000E+00   .000E+00   .000E+00   .000E+00  -.188E+05   .000E+00   .000E+00   .000E+00
     1050.0000   .000E+00   .000E+00   .000E+00   .000E+00   .000E+00  -.196E+05   .000E+00   .000E+00   .000E+00
     1100.0000   .000E+00   .000E+00   .000E+00   .000E+00   .000E+00  -.204E+05   .000E+00   .000E+00   .000E+00
     1150.0000   .000E+00   .000E+00   .000E+00   .000E+00   .000E+00  -.212E+05   .000E+00   .000E+00   .000E+00
     1200.0000   .000E+00   .000E+00   .000E+00   .000E+00   .000E+00  -.220E+05   .000E+00   .000E+00   .000E+00
     1250.0000   .000E+00   .000E+00   .000E+00   .000E+00   .000E+00  -.228E+05   .000E+00   .000E+00   .000E+00
     1300.0000   .000E+00   .000E+00   .000E+00   .000E+00   .000E+00  -.235E+05   .000E+00   .000E+00   .000E+00
     1350.0000   .000E+00   .000E+00   .000E+00   .000E+00   .000E+00  -.243E+05   .000E+00   .000E+00   .000E+00
     1400.0000   .000E+00   .000E+00   .000E+00   .000E+00   .000E+00  -.250E+05   .000E+00   .000E+00   .000E+00
     1450.0000   .000E+00   .000E+00   .000E+00   .000E+00   .000E+00  -.258E+05   .000E+00   .000E+00   .000E+00
     1500.0000   .000E+00   .000E+00   .000E+00   .000E+00   .000E+00  -.265E+05   .000E+00   .000E+00   .000E+00
     1562.5000   .000E+00   .000E+00   .000E+00   .000E+00   .000E+00  -.274E+05   .000E+00   .000E+00   .000E+00
     1625.0000   .000E+00   .000E+00   .000E+00   .000E+00   .000E+00  -.282E+05   .000E+00   .000E+00   .000E+00
     1687.5000   .000E+00   .000E+00   .000E+00   .000E+00   .000E+00  -.291E+05   .000E+00   .000E+00   .000E+00
     1750.0000   .000E+00   .000E+00   .000E+00   .000E+00   .000E+00  -.299E+05   .000E+00   .000E+00   .000E+00
     1833.3330   .000E+00   .000E+00   .000E+00   .000E+00   .000E+00  -.309E+05   .000E+00   .000E+00   .000E+00
     1916.6670   .000E+00   .000E+00   .000E+00   .000E+00   .000E+00  -.320E+05   .000E+00   .000E+00   .000E+00
     2000.0000   .000E+00   .000E+00   .000E+00   .000E+00   .000E+00  -.329E+05   .000E+00   .000E+00   .000E+00
     2125.0000   .000E+00   .000E+00   .000E+00   .000E+00   .000E+00  -.343E+05   .000E+00   .000E+00   .000E+00
     2250.0000   .000E+00   .000E+00   .000E+00   .000E+00   .000E+00  -.356E+05   .000E+00   .000E+00   .000E+00
     2375.0000   .000E+00   .000E+00   .000E+00   .000E+00   .000E+00  -.369E+05   .000E+00   .000E+00   .000E+00
     2500.0000   .000E+00   .000E+00   .000E+00   .000E+00   .000E+00  -.381E+05   .000E+00   .000E+00   .000E+00
     2600.0000   .000E+00   .000E+00   .000E+00   .000E+00   .000E+00  -.391E+05   .000E+00   .000E+00   .000E+00
     2700.0000   .000E+00   .000E+00   .000E+00   .000E+00   .000E+00  -.400E+05   .000E+00   .000E+00   .000E+00
     2800.0000   .000E+00   .000E+00   .000E+00   .000E+00   .000E+00  -.410E+05   .000E+00   .000E+00   .000E+00
     2900.0000   .000E+00   .000E+00   .000E+00   .000E+00   .000E+00  -.419E+05   .000E+00   .000E+00   .000E+00
     3000.0000   .000E+00   .000E+00   .000E+00   .000E+00   .000E+00  -.428E+05   .000E+00   .000E+00   .000E+00
     3111.1110   .000E+00   .000E+00   .000E+00   .000E+00   .000E+00  -.437E+05   .000E+00   .000E+00   .000E+00
     3222.2220   .000E+00   .000E+00   .000E+00   .000E+00   .000E+00  -.447E+05   .000E+00   .000E+00   .000E+00
     3333.3330   .000E+00   .000E+00   .000E+00   .000E+00   .000E+00  -.457E+05   .000E+00   .000E+00   .000E+00
     3444.4440   .000E+00   .000E+00   .000E+00   .000E+00   .000E+00  -.467E+05   .000E+00   .000E+00   .000E+00
     3583.3330   .000E+00   .000E+00   .000E+00   .000E+00   .000E+00  -.479E+05   .000E+00   .000E+00   .000E+00
     3722.2220   .000E+00   .000E+00   .000E+00   .000E+00   .000E+00  -.491E+05   .000E+00   .000E+00   .000E+00
     3861.1110   .000E+00   .000E+00   .000E+00   .000E+00   .000E+00  -.503E+05   .000E+00   .000E+00   .000E+00
     4000.0000   .000E+00   .000E+00   .000E+00   .000E+00   .000E+00  -.515E+05   .000E+00   .000E+00   .000E+00
     4142.8570   .000E+00   .000E+00   .000E+00   .000E+00   .000E+00  -.527E+05   .000E+00   .000E+00   .000E+00
     4285.7140   .000E+00   .000E+00   .000E+00   .000E+00   .000E+00  -.540E+05   .000E+00   .000E+00   .000E+00
     4428.5710   .000E+00   .000E+00   .000E+00   .000E+00   .000E+00  -.552E+05   .000E+00   .000E+00   .000E+00
     4619.0470   .000E+00   .000E+00   .000E+00   .000E+00   .000E+00  -.568E+05   .000E+00   .000E+00   .000E+00
     4809.5230   .000E+00   .000E+00   .000E+00   .000E+00   .000E+00  -.585E+05   .000E+00   .000E+00   .000E+00
     5000.0000   .000E+00   .000E+00   .000E+00   .000E+00   .000E+00  -.601E+05   .000E+00   .000E+00   .000E+00
     5200.0000   .000E+00   .000E+00   .000E+00   .000E+00   .000E+00  -.618E+05   .000E+00   .000E+00   .000E+00
     5400.0000   .000E+00   .000E+00   .000E+00   .000E+00   .000E+00  -.635E+05   .000E+00   .000E+00   .000E+00
     5600.0000   .000E+00   .000E+00   .000E+00   .000E+00   .000E+00  -.652E+05   .000E+00   .000E+00   .000E+00
     5800.0000   .000E+00   .000E+00   .000E+00   .000E+00   .000E+00  -.669E+05   .000E+00   .000E+00   .000E+00
     6000.0000   .000E+00   .000E+00   .000E+00   .000E+00   .000E+00  -.686E+05   .000E+00   .000E+00   .000E+00
     6187.5000   .000E+00   .000E+00   .000E+00   .000E+00   .000E+00  -.702E+05   .000E+00   .000E+00   .000E+00
     6375.0000   .000E+00   .000E+00   .000E+00   .000E+00   .000E+00  -.718E+05   .000E+00   .000E+00   .000E+00
     6562.5000   .000E+00   .000E+00   .000E+00   .000E+00   .000E+00  -.734E+05   .000E+00   .000E+00   .000E+00
     6750.0000   .000E+00   .000E+00   .000E+00   .000E+00   .000E+00  -.749E+05   .000E+00   .000E+00   .000E+00
     6937.5000   .000E+00   .000E+00   .000E+00   .000E+00   .000E+00  -.765E+05   .000E+00   .000E+00   .000E+00
     7125.0000   .000E+00   .000E+00   .000E+00   .000E+00   .000E+00  -.781E+05   .000E+00   .000E+00   .000E+00
     7312.5000   .000E+00   .000E+00   .000E+00   .000E+00   .000E+00  -.797E+05   .000E+00   .000E+00   .000E+00
     7500.0000   .000E+00   .000E+00   .000E+00   .000E+00   .000E+00  -.812E+05   .000E+00   .000E+00   .000E+00
end
