


                       Node(***)                     Node(***)                     Node(***)

     time        hNew    theta    Temp         hNew    theta    Temp         hNew    theta    Temp    
       .000   -100.000   .2426   20.000     -100.000   .2426   20.000     -100.000   .2426   20.000
       .000   -100.000   .2426   20.000     -100.000   .2426   20.000     -100.000   .2426   20.000
       .000   -100.000   .2426   20.000     -100.000   .2426   20.000     -100.000   .2426   20.000
       .000   -100.000   .2426   20.000     -100.000   .2426   20.000     -100.000   .2426   20.000
       .001   -100.000   .2426   20.000     -100.000   .2426   20.000     -100.000   .2426   20.000
       .001   -100.000   .2426   20.000     -100.000   .2426   20.000     -100.000   .2426   20.000
       .001   -100.000   .2426   20.000     -100.000   .2426   20.000     -100.000   .2426   20.000
       .002   -100.000   .2426   20.000     -100.000   .2426   20.000     -100.000   .2426   20.000
       .002   -100.000   .2426   20.000     -100.000   .2426   20.000     -100.000   .2426   20.000
       .003   -100.000   .2426   20.000     -100.000   .2426   20.000     -100.000   .2426   20.000
       .004   -100.000   .2426   20.000     -100.000   .2426   20.000     -100.000   .2426   20.000
       .006   -100.000   .2426   20.000     -100.000   .2426   20.000     -100.000   .2426   20.000
       .007   -100.000   .2426   20.000     -100.000   .2426   20.000     -100.000   .2426   20.000
       .010   -100.000   .2426   20.000     -100.000   .2426   20.000     -100.000   .2426   20.000
       .013   -100.000   .2426   20.000     -100.000   .2426   20.000     -100.000   .2426   20.000
       .017   -100.000   .2426   20.000     -100.000   .2426   20.000     -100.000   .2426   20.000
       .022   -100.000   .2426   20.000     -100.000   .2426   20.000     -100.000   .2426   20.000
       .028   -100.000   .2426   20.000     -100.000   .2426   20.000     -100.000   .2426   20.000
       .037   -100.000   .2426   20.000     -100.000   .2426   20.000     -100.000   .2426   20.000
       .046   -100.000   .2426   20.000     -100.000   .2426   20.000     -100.000   .2426   20.000
       .055   -100.000   .2426   20.000     -100.000   .2426   20.000     -100.000   .2426   20.000
       .063   -100.000   .2426   20.000     -100.000   .2426   20.000     -100.000   .2426   20.000
       .074   -100.000   .2426   20.000     -100.000   .2426   20.000     -100.000   .2426   20.000
       .086   -100.000   .2426   20.000     -100.000   .2426   20.000     -100.000   .2426   20.000
       .097   -100.000   .2426   20.000     -100.000   .2426   20.000     -100.000   .2426   20.000
       .112   -100.000   .2426   20.000     -100.000   .2426   20.000     -100.000   .2426   20.000
       .126   -100.000   .2426   20.000     -100.000   .2426   20.000     -100.000   .2426   20.000
       .145   -100.000   .2426   20.000     -100.000   .2426   20.000     -100.000   .2426   20.000
       .164   -100.000   .2426   20.000     -100.000   .2426   20.000     -100.000   .2426   20.000
       .183   -100.000   .2426   20.000     -100.000   .2426   20.000     -100.000   .2426   20.000
       .202   -100.000   .2426   20.000     -100.000   .2426   20.000     -100.000   .2426   20.000
       .221   -100.000   .2426   20.000     -100.000   .2426   20.000     -100.000   .2426   20.000
       .240   -100.000   .2426   20.000     -100.000   .2426   20.000     -100.000   .2426   20.000
       .265   -100.000   .2426   20.000     -100.000   .2426   20.000     -100.000   .2426   20.000
       .289   -100.000   .2426   20.000     -100.000   .2426   20.000     -100.000   .2426   20.000
       .314   -100.000   .2426   20.000     -100.000   .2426   20.000     -100.000   .2426   20.000
       .338   -100.000   .2426   20.000     -100.000   .2426   20.000     -100.000   .2426   20.000
       .370   -100.000   .2426   20.000     -100.000   .2426   20.000     -100.000   .2426   20.000
       .401   -100.000   .2426   20.000     -100.000   .2426   20.000     -100.000   .2426   20.000
       .433   -100.000   .2426   20.000     -100.000   .2426   20.000     -100.000   .2426   20.000
       .473   -100.000   .2426   20.000     -100.000   .2426   20.000     -100.000   .2426   20.000
       .514   -100.000   .2426   20.000     -100.000   .2426   20.000     -100.000   .2426   20.000
       .554   -100.000   .2426   20.000     -100.000   .2426   20.000     -100.000   .2426   20.000
       .595   -100.000   .2426   20.000     -100.000   .2426   20.000     -100.000   .2426   20.000
       .635   -100.000   .2426   20.000     -100.000   .2426   20.000     -100.000   .2426   20.000
       .676   -100.000   .2426   20.000     -100.000   .2426   20.000     -100.000   .2426   20.000
       .716   -100.000   .2426   20.000     -100.000   .2426   20.000     -100.000   .2426   20.000
       .757   -100.000   .2426   20.000     -100.000   .2426   20.000     -100.000   .2426   20.000
       .797   -100.000   .2426   20.000     -100.000   .2426   20.000     -100.000   .2426   20.000
       .848   -100.000   .2426   20.000     -100.000   .2426   20.000     -100.000   .2426   20.000
       .899   -100.000   .2426   20.000     -100.000   .2426   20.000     -100.000   .2426   20.000
       .949   -100.000   .2426   20.000     -100.000   .2426   20.000     -100.000   .2426   20.000
      1.000   -100.000   .2426   20.000     -100.000   .2426   20.000     -100.000   .2426   20.000
      1.054   -100.000   .2426   20.000     -100.000   .2426   20.000     -100.000   .2426   20.000
      1.107   -100.000   .2426   20.000     -100.000   .2426   20.000     -100.000   .2426   20.000
      1.161   -100.000   .2426   20.000     -100.000   .2426   20.000     -100.000   .2426   20.000
      1.214   -100.000   .2426   20.000     -100.000   .2426   20.000     -100.000   .2426   20.000
      1.268   -100.000   .2426   20.000     -100.000   .2426   20.000     -100.000   .2426   20.000
      1.340   -100.000   .2426   20.000     -100.000   .2426   20.000     -100.000   .2426   20.000
      1.413   -100.000   .2426   20.000     -100.000   .2426   20.000     -100.000   .2426   20.000
      1.485   -100.000   .2426   20.000     -100.000   .2426   20.000     -100.000   .2426   20.000
      1.558   -100.000   .2426   20.000     -100.000   .2426   20.000     -100.000   .2426   20.000
      1.630   -100.000   .2426   20.000     -100.000   .2426   20.000     -100.000   .2426   20.000
      1.703   -100.000   .2426   20.000     -100.000   .2426   20.000     -100.000   .2426   20.000
      1.775   -100.000   .2426   20.000     -100.000   .2426   20.000     -100.000   .2426   20.000
      1.848   -100.000   .2426   20.000     -100.000   .2426   20.000     -100.000   .2426   20.000
      1.920   -100.000   .2426   20.000     -100.000   .2426   20.000     -100.000   .2426   20.000
      1.993   -100.000   .2426   20.000     -100.000   .2426   20.000     -100.000   .2426   20.000
      2.077   -100.000   .2426   20.000     -100.000   .2426   20.000     -100.000   .2426   20.000
      2.162   -100.000   .2426   20.000     -100.000   .2426   20.000     -100.000   .2426   20.000
      2.275   -100.000   .2426   20.000     -100.000   .2426   20.000     -100.000   .2426   20.000
      2.387   -100.000   .2426   20.000     -100.000   .2426   20.000     -100.000   .2426   20.000
      2.500   -100.000   .2426   20.000     -100.000   .2426   20.000     -100.000   .2426   20.000
      2.619   -100.000   .2426   20.000     -100.000   .2426   20.000     -100.000   .2426   20.000
      2.738   -100.000   .2426   20.000     -100.000   .2426   20.000     -100.000   .2426   20.000
      2.857   -100.000   .2426   20.000     -100.000   .2426   20.000     -100.000   .2426   20.000
      2.976   -100.000   .2426   20.000     -100.000   .2426   20.000     -100.000   .2426   20.000
      3.132   -100.000   .2426   20.000     -100.000   .2426   20.000     -100.000   .2426   20.000
      3.288   -100.000   .2426   20.000     -100.000   .2426   20.000     -100.000   .2426   20.000
      3.443   -100.000   .2426   20.000     -100.000   .2426   20.000     -100.000   .2426   20.000
      3.599   -100.000   .2426   20.000     -100.000   .2426   20.000     -100.000   .2426   20.000
      3.755   -100.000   .2426   20.000     -100.000   .2426   20.000     -100.000   .2426   20.000
      3.910   -100.000   .2426   20.000     -100.000   .2426   20.000     -100.000   .2426   20.000
      4.066   -100.000   .2426   20.000     -100.000   .2426   20.000     -100.000   .2426   20.000
      4.222   -100.000   .2426   20.000     -100.000   .2426   20.000     -100.000   .2426   20.000
      4.377   -100.000   .2426   20.000     -100.000   .2426   20.000     -100.000   .2426   20.000
      4.533   -100.000   .2426   20.000     -100.000   .2426   20.000     -100.000   .2426   20.000
      4.689   -100.000   .2426   20.000     -100.000   .2426   20.000     -100.000   .2426   20.000
      4.844   -100.000   .2426   20.000     -100.000   .2426   20.000     -100.000   .2426   20.000
      5.000   -100.000   .2426   20.000     -100.000   .2426   20.000     -100.000   .2426   20.000
      5.200   -100.000   .2426   20.000     -100.000   .2426   20.000     -100.000   .2426   20.000
      5.400   -100.000   .2426   20.000     -100.000   .2426   20.000     -100.000   .2426   20.000
      5.600   -100.000   .2426   20.000     -100.000   .2426   20.000      -99.999   .2426   20.000
      5.800   -100.000   .2426   20.000     -100.000   .2426   20.000      -99.999   .2426   20.000
      6.000   -100.000   .2426   20.000     -100.000   .2426   20.000      -99.999   .2426   20.000
      6.267   -100.000   .2426   20.000     -100.000   .2426   20.000      -99.997   .2426   20.000
      6.533   -100.000   .2426   20.000     -100.000   .2426   20.000      -99.996   .2426   20.000
      6.800   -100.000   .2426   20.000     -100.000   .2426   20.000      -99.993   .2426   20.000
      7.067   -100.000   .2426   20.000     -100.000   .2426   20.000      -99.989   .2426   20.000
      7.333   -100.000   .2426   20.000     -100.000   .2426   20.000      -99.984   .2426   20.000
      7.600   -100.000   .2426   20.000     -100.000   .2426   20.000      -99.977   .2426   20.000
      7.867   -100.000   .2426   20.000     -100.000   .2426   20.000      -99.967   .2426   20.000
      8.222   -100.000   .2426   20.000     -100.000   .2426   20.000      -99.948   .2426   20.000
      8.578   -100.000   .2426   20.000     -100.000   .2426   20.000      -99.922   .2426   20.000
      8.933   -100.000   .2426   20.000     -100.000   .2426   20.000      -99.887   .2427   20.000
      9.289   -100.000   .2426   20.000     -100.000   .2426   20.000      -99.841   .2427   20.000
      9.644   -100.000   .2426   20.000     -100.000   .2426   20.000      -99.784   .2427   20.000
     10.000   -100.000   .2426   20.000     -100.000   .2426   20.000      -99.712   .2428   20.000
     10.341   -100.000   .2426   20.000     -100.000   .2426   20.000      -99.630   .2428   20.000
     10.682   -100.000   .2426   20.000     -100.000   .2426   20.000      -99.533   .2429   20.000
     11.023   -100.000   .2426   20.000     -100.000   .2426   20.000      -99.419   .2430   20.000
     11.364   -100.000   .2426   20.000     -100.000   .2426   20.000      -99.289   .2431   20.000
     11.804   -100.000   .2426   20.000     -100.000   .2426   20.000      -99.092   .2432   20.000
     12.243   -100.000   .2426   20.000     -100.000   .2426   20.000      -98.865   .2434   20.000
     12.683   -100.000   .2426   20.000     -100.000   .2426   20.000      -98.608   .2436   20.000
     13.123   -100.000   .2426   20.000     -100.000   .2426   20.000      -98.320   .2438   20.000
     13.563   -100.000   .2426   20.000     -100.000   .2426   20.000      -98.000   .2440   20.000
     14.003   -100.000   .2426   20.000     -100.000   .2426   20.000      -97.655   .2443   20.000
     14.443   -100.000   .2426   20.000     -100.000   .2426   20.000      -97.283   .2446   20.000
     14.883   -100.000   .2426   20.000     -100.000   .2426   20.000      -96.886   .2449   20.000
     15.323   -100.000   .2426   20.000     -100.000   .2426   20.000      -96.464   .2452   20.000
     15.762   -100.000   .2426   20.000     -100.000   .2426   20.000      -96.020   .2455   20.000
     16.202   -100.000   .2426   20.000     -100.000   .2426   20.000      -95.552   .2458   20.000
     16.789   -100.000   .2426   20.000     -100.000   .2426   20.000      -94.966   .2464   20.000
     17.375   -100.000   .2426   20.000     -100.000   .2426   20.000      -94.326   .2470   20.000
     17.962   -100.000   .2426   20.000     -100.000   .2426   20.000      -93.652   .2477   20.000
     18.548   -100.000   .2426   20.000     -100.000   .2426   20.000      -92.954   .2484   20.000
     19.135   -100.000   .2426   20.000     -100.000   .2426   20.000      -92.250   .2491   20.000
     19.721   -100.000   .2426   20.000     -100.000   .2426   20.000      -91.543   .2498   20.000
     20.308   -100.000   .2426   20.000     -100.000   .2426   20.000      -90.839   .2505   20.000
     20.894   -100.000   .2426   20.000     -100.000   .2426   20.000      -90.137   .2512   20.000
     21.716   -100.000   .2426   20.000     -100.000   .2426   20.000      -89.172   .2522   20.000
     22.537   -100.000   .2426   20.000     -100.000   .2426   20.000      -88.225   .2531   20.000
     23.358   -100.000   .2426   20.000     -100.000   .2426   20.000      -87.305   .2540   20.000
     24.179   -100.000   .2426   20.000     -100.000   .2426   20.000      -86.415   .2549   20.000
     25.000   -100.000   .2426   20.000     -100.000   .2426   20.000      -85.552   .2558   20.000
     25.758   -100.000   .2426   20.000     -100.000   .2426   20.000      -84.780   .2565   20.000
     26.515   -100.000   .2426   20.000     -100.000   .2426   20.000      -84.032   .2573   20.000
     27.273   -100.000   .2426   20.000     -100.000   .2426   20.000      -83.308   .2580   20.000
     28.030   -100.000   .2426   20.000     -100.000   .2426   20.000      -82.607   .2587   20.000
     28.788   -100.000   .2426   20.000     -100.000   .2426   20.000      -81.931   .2594   20.000
     29.752   -100.000   .2426   20.000     -100.000   .2426   20.000      -81.108   .2602   20.000
     30.716   -100.000   .2426   20.000     -100.000   .2426   20.000      -80.319   .2610   20.000
     31.680   -100.000   .2426   20.000     -100.000   .2426   20.000      -79.564   .2617   20.000
     32.645   -100.000   .2426   20.000     -100.000   .2426   20.000      -78.839   .2624   20.000
     33.609   -100.000   .2426   20.000     -100.000   .2426   20.000      -78.141   .2631   20.000
     34.573   -100.000   .2426   20.000     -100.000   .2426   20.000      -77.477   .2638   20.000
     35.537   -100.000   .2426   20.000     -100.000   .2426   20.000      -76.842   .2644   20.000
     36.501   -100.000   .2426   20.000     -100.000   .2426   20.000      -76.230   .2650   20.000
     37.466   -100.000   .2426   20.000     -100.000   .2426   20.000      -75.641   .2656   20.000
     38.430   -100.000   .2426   20.000     -100.000   .2426   20.000      -75.114   .2663   20.000
     39.394   -100.000   .2426   20.000     -100.000   .2426   20.000      -74.580   .2670   20.000
     40.358   -100.000   .2426   20.000     -100.000   .2426   20.000      -74.058   .2677   20.000
     41.322   -100.000   .2426   20.000     -100.000   .2426   20.000      -73.563   .2683   20.000
     42.562   -100.000   .2426   20.000     -100.000   .2426   20.000      -72.959   .2691   20.000
     43.802   -100.000   .2426   20.000     -100.000   .2426   20.000      -72.381   .2699   20.000
     45.041   -100.000   .2426   20.000     -100.000   .2426   20.000      -71.835   .2706   20.000
     46.281   -100.000   .2426   20.000     -100.000   .2426   20.000      -71.322   .2713   20.000
     47.521   -100.000   .2426   20.000     -100.000   .2426   20.000      -70.830   .2719   20.000
     48.760   -100.000   .2426   20.000     -100.000   .2426   20.000      -70.367   .2725   20.000
     50.000   -100.000   .2426   20.000     -100.000   .2426   20.000      -69.923   .2731   20.000
     51.250   -100.000   .2426   20.000     -100.000   .2426   20.000      -69.489   .2737   20.000
     52.946   -100.000   .2426   20.000     -100.000   .2426   20.000      -68.932   .2744   20.000
     54.643   -100.000   .2426   20.000     -100.000   .2426   20.000      -68.403   .2751   20.000
     56.339   -100.000   .2426   20.000     -100.000   .2426   20.000      -67.900   .2758   20.000
     58.036   -100.000   .2426   20.000     -100.000   .2426   20.000      -67.423   .2764   20.000
     59.732   -100.000   .2426   20.000     -100.000   .2426   20.000      -66.968   .2770   20.000
     61.429   -100.000   .2426   20.000     -100.000   .2426   20.000      -66.533   .2775   20.000
     63.125   -100.000   .2426   20.000     -100.000   .2426   20.000      -66.114   .2781   20.000
     64.821   -100.000   .2426   20.000     -100.000   .2426   20.000      -65.709   .2786   20.000
     66.518   -100.000   .2426   20.000     -100.000   .2426   20.000      -65.318   .2791   20.000
     68.214   -100.000   .2426   20.000     -100.000   .2426   20.000      -64.941   .2796   20.000
     69.911   -100.000   .2426   20.000     -100.000   .2426   20.000      -64.578   .2801   20.000
     71.607   -100.000   .2426   20.000     -100.000   .2426   20.000      -64.230   .2806   20.000
     73.304   -100.000   .2426   20.000     -100.000   .2426   20.000      -63.895   .2810   20.000
     75.000   -100.000   .2426   20.000     -100.000   .2426   20.000      -63.568   .2814   20.000
     77.083   -100.000   .2426   20.000     -100.000   .2426   20.000      -63.179   .2819   20.000
     79.167   -100.000   .2426   20.000     -100.000   .2426   20.000      -62.804   .2824   20.000
     82.143   -100.000   .2426   20.000     -100.000   .2426   20.000      -62.287   .2831   20.000
     85.119   -100.000   .2426   20.000      -99.999   .2426   20.000      -61.794   .2838   20.000
     88.095   -100.000   .2426   20.000      -99.999   .2426   20.000      -61.328   .2844   20.000
     91.071   -100.000   .2426   20.000      -99.999   .2426   20.000      -60.885   .2849   20.000
     94.048   -100.000   .2426   20.000      -99.999   .2426   20.000      -60.455   .2855   20.000
     97.024   -100.000   .2426   20.000      -99.998   .2426   20.000      -60.034   .2861   20.000
    100.000   -100.000   .2426   20.000      -99.997   .2426   20.000      -59.634   .2867   20.000
    104.545   -100.000   .2426   20.000      -99.996   .2426   20.000      -59.057   .2877   20.000
    109.091   -100.000   .2426   20.000      -99.994   .2426   20.000      -58.515   .2886   20.000
    113.636   -100.000   .2426   20.000      -99.992   .2426   20.000      -58.000   .2894   20.000
    118.182   -100.000   .2426   20.000      -99.989   .2426   20.000      -57.510   .2903   20.000
    122.727   -100.000   .2426   20.000      -99.985   .2426   20.000      -57.047   .2910   20.000
    127.273   -100.000   .2426   20.000      -99.980   .2426   20.000      -56.602   .2918   20.000
    131.818   -100.000   .2426   20.000      -99.974   .2426   20.000      -56.169   .2925   20.000
    137.879   -100.000   .2426   20.000      -99.964   .2426   20.000      -55.615   .2935   20.000
    143.939   -100.000   .2426   20.000      -99.951   .2426   20.000      -55.092   .2943   20.000
    150.000   -100.000   .2426   20.000      -99.935   .2426   20.000      -54.593   .2952   20.000
    156.250   -100.000   .2426   20.000      -99.915   .2426   20.000      -54.099   .2960   20.000
    162.500   -100.000   .2426   20.000      -99.892   .2427   20.000      -53.619   .2968   20.000
    168.750   -100.000   .2426   20.000      -99.863   .2427   20.000      -53.144   .2976   20.000
    176.563   -100.000   .2426   20.000      -99.821   .2427   20.000      -52.568   .2986   20.000
    184.375   -100.000   .2426   20.000      -99.770   .2427   20.000      -52.016   .2995   20.000
    192.188   -100.000   .2426   20.000      -99.709   .2428   20.000      -51.471   .3004   20.000
    200.000   -100.000   .2426   20.000      -99.639   .2428   20.000      -50.926   .3014   20.000
    210.000   -100.000   .2426   20.000      -99.533   .2429   20.000      -50.240   .3025   20.000
    220.000   -100.000   .2426   20.000      -99.406   .2430   20.000      -49.570   .3036   20.000
    230.000   -100.000   .2426   20.000      -99.259   .2431   20.000      -48.897   .3047   20.000
    240.000   -100.000   .2426   20.000      -99.090   .2432   20.000      -48.223   .3059   20.000
    250.000   -100.000   .2426   20.000      -98.897   .2434   20.000      -47.537   .3071   20.000
    262.500   -100.000   .2426   20.000      -98.618   .2436   20.000      -46.696   .3088   20.000
    275.000   -100.000   .2426   20.000      -98.295   .2438   20.000      -45.889   .3105   20.000
    287.500   -100.000   .2426   20.000      -97.926   .2441   20.000      -45.105   .3121   20.000
    300.000    -99.999   .2426   20.000      -97.508   .2444   20.000      -44.343   .3137   20.000
    312.500    -99.999   .2426   20.000      -97.040   .2448   20.000      -43.602   .3152   20.000
    325.000    -99.999   .2426   20.000      -96.517   .2451   20.000      -42.883   .3167   20.000
    337.500    -99.998   .2426   20.000      -95.937   .2456   20.000      -42.184   .3182   20.000
    350.000    -99.998   .2426   20.000      -95.298   .2461   20.000      -41.502   .3196   20.000
    362.500    -99.997   .2426   20.000      -94.596   .2468   20.000      -40.837   .3210   20.000
    375.000    -99.995   .2426   20.000      -93.813   .2476   20.000      -40.192   .3223   20.000
    387.500    -99.994   .2426   20.000      -92.948   .2484   20.000      -39.562   .3236   20.000
    400.000    -99.992   .2426   20.000      -92.000   .2494   20.000      -38.951   .3249   20.000
    412.500    -99.990   .2426   20.000      -90.975   .2504   20.000      -38.357   .3261   20.000
    425.000    -99.987   .2426   20.000      -89.876   .2515   20.000      -37.780   .3273   20.000
    437.500    -99.984   .2426   20.000      -88.708   .2526   20.000      -37.225   .3286   20.000
    450.000    -99.979   .2426   20.000      -87.476   .2538   20.000      -36.693   .3299   20.000
    462.500    -99.974   .2426   20.000      -86.188   .2551   20.000      -36.183   .3312   20.000
    475.000    -99.969   .2426   20.000      -84.850   .2564   20.000      -35.686   .3325   20.000
    500.000    -99.952   .2426   20.000      -82.012   .2593   20.000      -34.774   .3347   20.000
    516.667    -99.938   .2426   20.000      -80.065   .2612   20.000      -34.180   .3362   20.000
    533.333    -99.921   .2426   20.000      -78.069   .2632   20.000      -33.616   .3375   20.000
    550.000    -99.901   .2427   20.000      -76.039   .2652   20.000      -33.069   .3389   20.000
    566.667    -99.876   .2427   20.000      -74.036   .2677   20.000      -32.532   .3403   20.000
    600.000    -99.805   .2427   20.000      -70.207   .2727   20.000      -31.533   .3427   20.000
    625.000    -99.737   .2428   20.000      -67.466   .2763   20.000      -30.804   .3445   20.000
    650.000    -99.650   .2428   20.000      -64.830   .2798   20.000      -30.107   .3462   20.000
    675.000    -99.541   .2429   20.000      -62.287   .2831   20.000      -29.442   .3480   20.000
    700.000    -99.405   .2430   20.000      -59.832   .2864   20.000      -28.813   .3498   20.000
    725.000    -99.240   .2431   20.000      -57.544   .2902   20.000      -28.209   .3515   20.000
    750.000    -99.042   .2433   20.000      -55.442   .2937   20.000      -27.621   .3532   20.000
    800.000    -98.445   .2437   20.000      -51.620   .3002   20.000      -26.576   .3561   20.000
    833.333    -97.941   .2441   20.000      -49.218   .3042   20.000      -25.898   .3580   20.000
    866.667    -97.299   .2446   20.000      -46.944   .3082   20.000      -25.256   .3598   20.000
    900.000    -96.505   .2451   20.000      -44.859   .3126   20.000      -24.637   .3615   20.000
    933.333    -95.549   .2459   20.000      -42.934   .3166   20.000      -24.038   .3632   20.000
    966.667    -94.437   .2469   20.000      -41.111   .3204   20.000      -23.457   .3649   20.000
   1000.000    -93.155   .2482   20.000      -39.352   .3240   20.000      -22.893   .3667   20.000
   1050.000    -90.829   .2505   20.000      -36.848   .3296   20.000      -22.095   .3691   20.000
   1100.000    -88.081   .2532   20.000      -34.566   .3352   20.000      -21.331   .3714   20.000
   1150.000    -84.968   .2563   20.000      -32.439   .3405   20.000      -20.580   .3738   20.000
   1200.000    -81.569   .2597   20.000      -30.435   .3454   20.000      -19.834   .3760   20.000
   1250.000    -77.960   .2633   20.000      -28.542   .3505   20.000      -19.086   .3783   20.000
   1300.000    -74.255   .2674   20.000      -26.805   .3554   20.000      -18.337   .3807   20.000
   1350.000    -70.740   .2720   20.000      -25.199   .3600   20.000      -17.602   .3830   20.000
   1400.000    -67.405   .2764   20.000      -23.676   .3642   20.000      -16.874   .3854   20.000
   1450.000    -64.208   .2806   20.000      -22.256   .3686   20.000      -16.152   .3877   20.000
   1500.000    -61.143   .2845   20.000      -20.956   .3726   20.000      -15.431   .3901   20.000
   1562.500    -57.659   .2900   20.000      -19.464   .3772   20.000      -14.554   .3928   20.000
   1625.000    -54.560   .2953   20.000      -18.082   .3815   20.000      -13.724   .3955   20.000
   1687.500    -51.754   .2999   20.000      -16.840   .3855   20.000      -12.928   .3981   20.000
   1750.000    -49.243   .3041   20.000      -15.704   .3891   20.000      -12.164   .4006   20.000
   1833.333    -46.253   .3098   20.000      -14.363   .3934   20.000      -11.241   .4035   20.000
   1916.667    -43.647   .3151   20.000      -13.201   .3972   20.000      -10.410   .4062   20.000
   2000.000    -41.481   .3196   20.000      -12.180   .4005   20.000       -9.658   .4085   20.000
   2125.000    -38.876   .3250   20.000      -10.963   .4043   20.000       -8.741   .4112   20.000
   2250.000    -36.738   .3298   20.000      -10.021   .4073   20.000       -8.014   .4134   20.000
   2375.000    -35.100   .3340   20.000       -9.295   .4096   20.000       -7.445   .4151   20.000
   2500.000    -33.809   .3371   20.000       -8.742   .4112   20.000       -7.005   .4163   20.000
   2600.000    -32.950   .3392   20.000       -8.392   .4122   20.000       -6.725   .4171   20.000
   2700.000    -32.255   .3409   20.000       -8.116   .4131   20.000       -6.503   .4177   20.000
   2800.000    -31.682   .3423   20.000       -7.900   .4137   20.000       -6.329   .4182   20.000
   2900.000    -31.207   .3435   20.000       -7.734   .4142   20.000       -6.194   .4185   20.000
   3000.000    -30.807   .3445   20.000       -7.604   .4146   20.000       -6.090   .4188   20.000
   3111.111    -30.441   .3454   20.000       -7.494   .4149   20.000       -6.002   .4191   20.000
   3222.222    -30.131   .3461   20.000       -7.412   .4152   20.000       -5.935   .4193   20.000
   3333.333    -29.864   .3468   20.000       -7.348   .4153   20.000       -5.884   .4194   20.000
   3444.444    -29.648   .3476   20.000       -7.303   .4155   20.000       -5.847   .4195   20.000
   3583.333    -29.381   .3481   20.000       -7.253   .4156   20.000       -5.809   .4196   20.000
   3722.222    -29.173   .3487   20.000       -7.217   .4157   20.000       -5.780   .4197   20.000
   3861.111    -28.976   .3493   20.000       -7.188   .4158   20.000       -5.757   .4197   20.000
   4000.000    -28.789   .3498   20.000       -7.164   .4158   20.000       -5.739   .4198   20.000
   4142.857    -28.613   .3503   20.000       -7.143   .4159   20.000       -5.722   .4198   20.000
   4285.714    -28.445   .3507   20.000       -7.125   .4160   20.000       -5.708   .4198   20.000
   4428.571    -28.297   .3514   20.000       -7.115   .4160   20.000       -5.701   .4199   20.000
   4619.047    -28.063   .3518   20.000       -7.090   .4160   20.000       -5.683   .4199   20.000
   4809.523    -27.855   .3524   20.000       -7.071   .4161   20.000       -5.668   .4199   20.000
   5000.000    -27.639   .3530   20.000       -7.052   .4161   20.000       -5.654   .4200   20.000
   5200.000    -27.409   .3536   20.000       -7.031   .4162   20.000       -5.639   .4200   20.000
   5400.000    -27.172   .3543   20.000       -7.012   .4162   20.000       -5.625   .4200   20.000
   5600.000    -26.926   .3550   20.000       -6.991   .4163   20.000       -5.609   .4201   20.000
   5800.000    -26.677   .3557   20.000       -6.969   .4164   20.000       -5.593   .4201   20.000
   6000.000    -26.418   .3565   20.000       -6.946   .4164   20.000       -5.577   .4202   20.000
   6187.500    -26.165   .3572   20.000       -6.925   .4165   20.000       -5.561   .4202   20.000
   6375.000    -25.906   .3579   20.000       -6.901   .4166   20.000       -5.543   .4203   20.000
   6562.500    -25.638   .3587   20.000       -6.876   .4166   20.000       -5.525   .4203   20.000
   6750.000    -25.364   .3594   20.000       -6.850   .4167   20.000       -5.506   .4204   20.000
   6937.500    -25.082   .3602   20.000       -6.823   .4168   20.000       -5.486   .4204   20.000
   7125.000    -24.794   .3611   20.000       -6.795   .4169   20.000       -5.466   .4205   20.000
   7312.500    -24.500   .3619   20.000       -6.766   .4169   20.000       -5.444   .4205   20.000
   7500.000    -24.197   .3627   20.000       -6.736   .4170   20.000       -5.422   .4206   20.000
end
