

  TLevel   Time         dt      Iter  ItCum

     1  .10000E-03  .10000E-03    3      3
     2  .22999E-03  .12999E-03    3      6
     3  .39899E-03  .16899E-03    3      9
     4  .61868E-03  .21969E-03    3     12
     5  .90430E-03  .28562E-03    3     15
     6  .12756E-02  .37127E-03    3     18
     7  .17583E-02  .48271E-03    3     21
     8  .23857E-02  .62743E-03    3     24
     9  .32014E-02  .81571E-03    3     27
    10  .42618E-02  .10604E-02    3     30
    11  .56410E-02  .13791E-02    3     33
    12  .74326E-02  .17916E-02    3     36
    13  .97626E-02  .23300E-02    3     39
    14  .12791E-01  .30282E-02    3     42
    15  .16724E-01  .39331E-02    3     45
    16  .21845E-01  .51212E-02    3     48
    17  .28499E-01  .66541E-02    3     51
    18  .37173E-01  .86741E-02    4     55
    19  .45848E-01  .86741E-02    4     59
    20  .54522E-01  .86741E-02    4     63
    21  .63196E-01  .86741E-02    3     66
    22  .74483E-01  .11287E-01    4     70
    23  .85769E-01  .11287E-01    4     74
    24  .97056E-01  .11287E-01    3     77
    25  .11162E+00  .14564E-01    4     81
    26  .12618E+00  .14564E-01    3     84
    27  .14518E+00  .18996E-01    4     88
    28  .16418E+00  .18996E-01    4     92
    29  .18317E+00  .18996E-01    4     96
    30  .20217E+00  .18996E-01    4    100
    31  .22116E+00  .18996E-01    4    104
    32  .24016E+00  .18996E-01    3    107
    33  .26467E+00  .24511E-01    4    111
    34  .28918E+00  .24511E-01    4    115
    35  .31369E+00  .24511E-01    4    119
    36  .33820E+00  .24511E-01    3    122
    37  .36972E+00  .31514E-01    4    126
    38  .40123E+00  .31514E-01    4    130
    39  .43275E+00  .31514E-01    3    133
    40  .47326E+00  .40518E-01    4    137
    41  .51378E+00  .40518E-01    4    141
    42  .55430E+00  .40518E-01    4    145
    43  .59482E+00  .40518E-01    4    149
    44  .63534E+00  .40518E-01    4    153
    45  .67585E+00  .40518E-01    4    157
    46  .71637E+00  .40518E-01    4    161
    47  .75689E+00  .40518E-01    4    165
    48  .79741E+00  .40518E-01    3    168
    49  .84806E+00  .50648E-01    4    172
    50  .89870E+00  .50648E-01    4    176
    51  .94935E+00  .50648E-01    4    180
    52  .10000E+01  .50648E-01    4    184
    53  .10536E+01  .53571E-01    4    188
    54  .11071E+01  .53571E-01    4    192
    55  .11607E+01  .53571E-01    4    196
    56  .12143E+01  .53571E-01    4    200
    57  .12679E+01  .53571E-01    3    203
    58  .13403E+01  .72479E-01    4    207
    59  .14128E+01  .72479E-01    4    211
    60  .14853E+01  .72479E-01    4    215
    61  .15578E+01  .72479E-01    4    219
    62  .16303E+01  .72479E-01    4    223
    63  .17027E+01  .72479E-01    4    227
    64  .17752E+01  .72479E-01    4    231
    65  .18477E+01  .72479E-01    4    235
    66  .19202E+01  .72479E-01    4    239
    67  .19926E+01  .72479E-01    3    242
    68  .20772E+01  .84559E-01    4    246
    69  .21618E+01  .84559E-01    3    249
    70  .22745E+01  .11275E+00    4    253
    71  .23873E+01  .11275E+00    4    257
    72  .25000E+01  .11275E+00    4    261
    73  .26190E+01  .11905E+00    4    265
    74  .27381E+01  .11905E+00    4    269
    75  .28571E+01  .11905E+00    4    273
    76  .29762E+01  .11905E+00    3    276
    77  .31319E+01  .15568E+00    4    280
    78  .32875E+01  .15568E+00    4    284
    79  .34432E+01  .15568E+00    4    288
    80  .35989E+01  .15568E+00    4    292
    81  .37546E+01  .15568E+00    4    296
    82  .39103E+01  .15568E+00    4    300
    83  .40659E+01  .15568E+00    4    304
    84  .42216E+01  .15568E+00    4    308
    85  .43773E+01  .15568E+00    4    312
    86  .45330E+01  .15568E+00    4    316
    87  .46886E+01  .15568E+00    3    319
    88  .48443E+01  .15568E+00    3    322
    89  .50000E+01  .15568E+00    4    326
    90  .52000E+01  .20000E+00    4    330
    91  .54000E+01  .20000E+00    4    334
    92  .56000E+01  .20000E+00    4    338
    93  .58000E+01  .20000E+00    4    342
    94  .60000E+01  .20000E+00    3    345
    95  .62667E+01  .26667E+00    4    349
    96  .65333E+01  .26667E+00    4    353
    97  .68000E+01  .26667E+00    4    357
    98  .70667E+01  .26667E+00    4    361
    99  .73333E+01  .26667E+00    4    365
   100  .76000E+01  .26667E+00    4    369
   101  .78667E+01  .26667E+00    3    372
   102  .82222E+01  .35556E+00    4    376
   103  .85778E+01  .35556E+00    4    380
   104  .89333E+01  .35556E+00    4    384
   105  .92889E+01  .35556E+00    4    388
   106  .96444E+01  .35556E+00    4    392
   107  .10000E+02  .35556E+00    4    396
   108  .10341E+02  .34091E+00    4    400
   109  .10682E+02  .34091E+00    4    404
   110  .11023E+02  .34091E+00    4    408
   111  .11364E+02  .34091E+00    3    411
   112  .11804E+02  .43988E+00    4    415
   113  .12243E+02  .43988E+00    4    419
   114  .12683E+02  .43988E+00    4    423
   115  .13123E+02  .43988E+00    4    427
   116  .13563E+02  .43988E+00    4    431
   117  .14003E+02  .43988E+00    4    435
   118  .14443E+02  .43988E+00    4    439
   119  .14883E+02  .43988E+00    4    443
   120  .15323E+02  .43988E+00    4    447
   121  .15762E+02  .43988E+00    4    451
   122  .16202E+02  .43988E+00    3    454
   123  .16789E+02  .58651E+00    4    458
   124  .17375E+02  .58651E+00    4    462
   125  .17962E+02  .58651E+00    4    466
   126  .18548E+02  .58651E+00    4    470
   127  .19135E+02  .58651E+00    4    474
   128  .19721E+02  .58651E+00    4    478
   129  .20308E+02  .58651E+00    4    482
   130  .20894E+02  .58651E+00    3    485
   131  .21716E+02  .82112E+00    4    489
   132  .22537E+02  .82112E+00    4    493
   133  .23358E+02  .82111E+00    4    497
   134  .24179E+02  .82111E+00    4    501
   135  .25000E+02  .82111E+00    4    505
   136  .25758E+02  .75758E+00    4    509
   137  .26515E+02  .75758E+00    4    513
   138  .27273E+02  .75758E+00    4    517
   139  .28030E+02  .75758E+00    4    521
   140  .28788E+02  .75758E+00    3    524
   141  .29752E+02  .96419E+00    4    528
   142  .30716E+02  .96419E+00    4    532
   143  .31680E+02  .96419E+00    4    536
   144  .32645E+02  .96419E+00    4    540
   145  .33609E+02  .96419E+00    4    544
   146  .34573E+02  .96419E+00    4    548
   147  .35537E+02  .96419E+00    4    552
   148  .36501E+02  .96419E+00    4    556
   149  .37466E+02  .96419E+00    4    560
   150  .38430E+02  .96419E+00    4    564
   151  .39394E+02  .96419E+00    4    568
   152  .40358E+02  .96419E+00    4    572
   153  .41322E+02  .96419E+00    3    575
   154  .42562E+02  .12397E+01    4    579
   155  .43802E+02  .12397E+01    4    583
   156  .45041E+02  .12397E+01    4    587
   157  .46281E+02  .12397E+01    4    591
   158  .47521E+02  .12397E+01    4    595
   159  .48760E+02  .12397E+01    4    599
   160  .50000E+02  .12397E+01    4    603
   161  .51250E+02  .12500E+01    3    606
   162  .52946E+02  .16964E+01    4    610
   163  .54643E+02  .16964E+01    4    614
   164  .56339E+02  .16964E+01    4    618
   165  .58036E+02  .16964E+01    4    622
   166  .59732E+02  .16964E+01    4    626
   167  .61429E+02  .16964E+01    4    630
   168  .63125E+02  .16964E+01    4    634
   169  .64821E+02  .16964E+01    4    638
   170  .66518E+02  .16964E+01    4    642
   171  .68214E+02  .16964E+01    4    646
   172  .69911E+02  .16964E+01    4    650
   173  .71607E+02  .16964E+01    4    654
   174  .73304E+02  .16964E+01    3    657
   175  .75000E+02  .16964E+01    3    660
   176  .77083E+02  .20833E+01    4    664
   177  .79167E+02  .20833E+01    3    667
   178  .82143E+02  .29762E+01    4    671
   179  .85119E+02  .29762E+01    4    675
   180  .88095E+02  .29762E+01    4    679
   181  .91071E+02  .29762E+01    4    683
   182  .94048E+02  .29762E+01    3    686
   183  .97024E+02  .29762E+01    3    689
   184  .10000E+03  .29762E+01    3    692
   185  .10455E+03  .45455E+01    4    696
   186  .10909E+03  .45455E+01    4    700
   187  .11364E+03  .45455E+01    4    704
   188  .11818E+03  .45455E+01    4    708
   189  .12273E+03  .45455E+01    4    712
   190  .12727E+03  .45455E+01    4    716
   191  .13182E+03  .45455E+01    3    719
   192  .13788E+03  .60606E+01    4    723
   193  .14394E+03  .60606E+01    4    727
   194  .15000E+03  .60606E+01    4    731
   195  .15625E+03  .62500E+01    4    735
   196  .16250E+03  .62500E+01    4    739
   197  .16875E+03  .62500E+01    3    742
   198  .17656E+03  .78125E+01    4    746
   199  .18438E+03  .78125E+01    4    750
   200  .19219E+03  .78125E+01    4    754
   201  .20000E+03  .78125E+01    3    757
   202  .21000E+03  .10000E+02    4    761
   203  .22000E+03  .10000E+02    4    765
   204  .23000E+03  .10000E+02    4    769
   205  .24000E+03  .10000E+02    4    773
   206  .25000E+03  .10000E+02    3    776
   207  .26250E+03  .12500E+02    4    780
   208  .27500E+03  .12500E+02    4    784
   209  .28750E+03  .12500E+02    4    788
   210  .30000E+03  .12500E+02    4    792
   211  .31250E+03  .12500E+02    4    796
   212  .32500E+03  .12500E+02    4    800
   213  .33750E+03  .12500E+02    4    804
   214  .35000E+03  .12500E+02    4    808
   215  .36250E+03  .12500E+02    4    812
   216  .37500E+03  .12500E+02    4    816
   217  .38750E+03  .12500E+02    4    820
   218  .40000E+03  .12500E+02    4    824
   219  .41250E+03  .12500E+02    4    828
   220  .42500E+03  .12500E+02    4    832
   221  .43750E+03  .12500E+02    4    836
   222  .45000E+03  .12500E+02    4    840
   223  .46250E+03  .12500E+02    4    844
   224  .47500E+03  .12500E+02    3    847
   225  .50000E+03  .25000E+02    4    851
   226  .51667E+03  .16667E+02    4    855
   227  .53333E+03  .16667E+02    4    859
   228  .55000E+03  .16667E+02    4    863
   229  .56667E+03  .16667E+02    3    866
   230  .60000E+03  .33333E+02    4    870
   231  .62500E+03  .25000E+02    4    874
   232  .65000E+03  .25000E+02    4    878
   233  .67500E+03  .25000E+02    4    882
   234  .70000E+03  .25000E+02    4    886
   235  .72500E+03  .25000E+02    3    889
   236  .75000E+03  .25000E+02    3    892
   237  .80000E+03  .50000E+02    4    896
   238  .83333E+03  .33333E+02    4    900
   239  .86667E+03  .33333E+02    4    904
   240  .90000E+03  .33333E+02    4    908
   241  .93333E+03  .33333E+02    4    912
   242  .96667E+03  .33333E+02    4    916
   243  .10000E+04  .33333E+02    3    919
   244  .10500E+04  .50000E+02    4    923
   245  .11000E+04  .50000E+02    4    927
   246  .11500E+04  .50000E+02    4    931
   247  .12000E+04  .50000E+02    4    935
   248  .12500E+04  .50000E+02    4    939
   249  .13000E+04  .50000E+02    4    943
   250  .13500E+04  .50000E+02    4    947
   251  .14000E+04  .50000E+02    4    951
   252  .14500E+04  .50000E+02    4    955
   253  .15000E+04  .50000E+02    3    958
   254  .15625E+04  .62500E+02    4    962
   255  .16250E+04  .62500E+02    4    966
   256  .16875E+04  .62500E+02    3    969
   257  .17500E+04  .62500E+02    3    972
   258  .18333E+04  .83333E+02    4    976
   259  .19167E+04  .83333E+02    3    979
   260  .20000E+04  .83333E+02    3    982
   261  .21250E+04  .12500E+03    5    987
   262  .22500E+04  .12500E+03    5    992
   263  .23750E+04  .12500E+03    4    996
   264  .25000E+04  .12500E+03    4   1000
   265  .26000E+04  .10000E+03    4   1004
   266  .27000E+04  .10000E+03    4   1008
   267  .28000E+04  .10000E+03    4   1012
   268  .29000E+04  .10000E+03    4   1016
   269  .30000E+04  .10000E+03    4   1020
   270  .31111E+04  .11111E+03    4   1024
   271  .32222E+04  .11111E+03    4   1028
   272  .33333E+04  .11111E+03    4   1032
   273  .34444E+04  .11111E+03    3   1035
   274  .35833E+04  .13889E+03    4   1039
   275  .37222E+04  .13889E+03    4   1043
   276  .38611E+04  .13889E+03    4   1047
   277  .40000E+04  .13889E+03    4   1051
   278  .41429E+04  .14286E+03    4   1055
   279  .42857E+04  .14286E+03    4   1059
   280  .44286E+04  .14286E+03    3   1062
   281  .46190E+04  .19048E+03    4   1066
   282  .48095E+04  .19048E+03    4   1070
   283  .50000E+04  .19048E+03    4   1074
   284  .52000E+04  .20000E+03    4   1078
   285  .54000E+04  .20000E+03    4   1082
   286  .56000E+04  .20000E+03    4   1086
   287  .58000E+04  .20000E+03    4   1090
   288  .60000E+04  .20000E+03    4   1094
   289  .61875E+04  .18750E+03    4   1098
   290  .63750E+04  .18750E+03    4   1102
   291  .65625E+04  .18750E+03    4   1106
   292  .67500E+04  .18750E+03    4   1110
   293  .69375E+04  .18750E+03    4   1114
   294  .71250E+04  .18750E+03    4   1118
   295  .73125E+04  .18750E+03    4   1122
   296  .75000E+04  .18750E+03    4   1126
end
 
 Real time [sec]     836.000000000000000
