 Welcome to HYDRUS-2D                                                    
 
 Program HYDRUS2
 Date:  18. 2.    Time:  16:53:10
 Time independent boundary conditions
 Horizontal plane flow, V = L*L
 Units: L = cm   , T = days , M = mmol 
 All fluxes (v) are positive out of the region

       Time       rAtm       rRoot      vAtm       vRoot      vKode3     vKode1     vSeep      vDrain     vBottom...
        [T]      [L/T]       [L/T]     [L/T]       [L/T]       [V/T]      [V/T]     [V/T]       [V/T]      [V/T]

         .0001   .000E+00   .000E+00   .000E+00   .000E+00   .000E+00  -.815E+04   .000E+00   .000E+00   .000E+00
         .0002   .000E+00   .000E+00   .000E+00   .000E+00   .000E+00  -.774E+04   .000E+00   .000E+00   .000E+00
         .0004   .000E+00   .000E+00   .000E+00   .000E+00   .000E+00  -.724E+04   .000E+00   .000E+00   .000E+00
         .0006   .000E+00   .000E+00   .000E+00   .000E+00   .000E+00  -.668E+04   .000E+00   .000E+00   .000E+00
         .0009   .000E+00   .000E+00   .000E+00   .000E+00   .000E+00  -.614E+04   .000E+00   .000E+00   .000E+00
         .0013   .000E+00   .000E+00   .000E+00   .000E+00   .000E+00  -.555E+04   .000E+00   .000E+00   .000E+00
         .0018   .000E+00   .000E+00   .000E+00   .000E+00   .000E+00  -.499E+04   .000E+00   .000E+00   .000E+00
         .0024   .000E+00   .000E+00   .000E+00   .000E+00   .000E+00  -.443E+04   .000E+00   .000E+00   .000E+00
         .0032   .000E+00   .000E+00   .000E+00   .000E+00   .000E+00  -.389E+04   .000E+00   .000E+00   .000E+00
         .0043   .000E+00   .000E+00   .000E+00   .000E+00   .000E+00  -.339E+04   .000E+00   .000E+00   .000E+00
         .0056   .000E+00   .000E+00   .000E+00   .000E+00   .000E+00  -.292E+04   .000E+00   .000E+00   .000E+00
         .0074   .000E+00   .000E+00   .000E+00   .000E+00   .000E+00  -.249E+04   .000E+00   .000E+00   .000E+00
         .0098   .000E+00   .000E+00   .000E+00   .000E+00   .000E+00  -.211E+04   .000E+00   .000E+00   .000E+00
         .0128   .000E+00   .000E+00   .000E+00   .000E+00   .000E+00  -.178E+04   .000E+00   .000E+00   .000E+00
         .0167   .000E+00   .000E+00   .000E+00   .000E+00   .000E+00  -.149E+04   .000E+00   .000E+00   .000E+00
         .0218   .000E+00   .000E+00   .000E+00   .000E+00   .000E+00  -.125E+04   .000E+00   .000E+00   .000E+00
         .0285   .000E+00   .000E+00   .000E+00   .000E+00   .000E+00  -.105E+04   .000E+00   .000E+00   .000E+00
         .0372   .000E+00   .000E+00   .000E+00   .000E+00   .000E+00  -.883E+03   .000E+00   .000E+00   .000E+00
         .0458   .000E+00   .000E+00   .000E+00   .000E+00   .000E+00  -.771E+03   .000E+00   .000E+00   .000E+00
         .0545   .000E+00   .000E+00   .000E+00   .000E+00   .000E+00  -.688E+03   .000E+00   .000E+00   .000E+00
         .0632   .000E+00   .000E+00   .000E+00   .000E+00   .000E+00  -.624E+03   .000E+00   .000E+00   .000E+00
         .0745   .000E+00   .000E+00   .000E+00   .000E+00   .000E+00  -.562E+03   .000E+00   .000E+00   .000E+00
         .0858   .000E+00   .000E+00   .000E+00   .000E+00   .000E+00  -.515E+03   .000E+00   .000E+00   .000E+00
         .0971   .000E+00   .000E+00   .000E+00   .000E+00   .000E+00  -.478E+03   .000E+00   .000E+00   .000E+00
         .1116   .000E+00   .000E+00   .000E+00   .000E+00   .000E+00  -.441E+03   .000E+00   .000E+00   .000E+00
         .1262   .000E+00   .000E+00   .000E+00   .000E+00   .000E+00  -.411E+03   .000E+00   .000E+00   .000E+00
         .1452   .000E+00   .000E+00   .000E+00   .000E+00   .000E+00  -.380E+03   .000E+00   .000E+00   .000E+00
         .1642   .000E+00   .000E+00   .000E+00   .000E+00   .000E+00  -.355E+03   .000E+00   .000E+00   .000E+00
         .1832   .000E+00   .000E+00   .000E+00   .000E+00   .000E+00  -.334E+03   .000E+00   .000E+00   .000E+00
         .2022   .000E+00   .000E+00   .000E+00   .000E+00   .000E+00  -.315E+03   .000E+00   .000E+00   .000E+00
         .2212   .000E+00   .000E+00   .000E+00   .000E+00   .000E+00  -.299E+03   .000E+00   .000E+00   .000E+00
         .2402   .000E+00   .000E+00   .000E+00   .000E+00   .000E+00  -.285E+03   .000E+00   .000E+00   .000E+00
         .2647   .000E+00   .000E+00   .000E+00   .000E+00   .000E+00  -.270E+03   .000E+00   .000E+00   .000E+00
         .2892   .000E+00   .000E+00   .000E+00   .000E+00   .000E+00  -.256E+03   .000E+00   .000E+00   .000E+00
         .3137   .000E+00   .000E+00   .000E+00   .000E+00   .000E+00  -.245E+03   .000E+00   .000E+00   .000E+00
         .3382   .000E+00   .000E+00   .000E+00   .000E+00   .000E+00  -.235E+03   .000E+00   .000E+00   .000E+00
         .3697   .000E+00   .000E+00   .000E+00   .000E+00   .000E+00  -.223E+03   .000E+00   .000E+00   .000E+00
         .4012   .000E+00   .000E+00   .000E+00   .000E+00   .000E+00  -.213E+03   .000E+00   .000E+00   .000E+00
         .4327   .000E+00   .000E+00   .000E+00   .000E+00   .000E+00  -.205E+03   .000E+00   .000E+00   .000E+00
         .4733   .000E+00   .000E+00   .000E+00   .000E+00   .000E+00  -.194E+03   .000E+00   .000E+00   .000E+00
         .5138   .000E+00   .000E+00   .000E+00   .000E+00   .000E+00  -.186E+03   .000E+00   .000E+00   .000E+00
         .5543   .000E+00   .000E+00   .000E+00   .000E+00   .000E+00  -.178E+03   .000E+00   .000E+00   .000E+00
         .5948   .000E+00   .000E+00   .000E+00   .000E+00   .000E+00  -.171E+03   .000E+00   .000E+00   .000E+00
         .6353   .000E+00   .000E+00   .000E+00   .000E+00   .000E+00  -.164E+03   .000E+00   .000E+00   .000E+00
         .6759   .000E+00   .000E+00   .000E+00   .000E+00   .000E+00  -.159E+03   .000E+00   .000E+00   .000E+00
         .7164   .000E+00   .000E+00   .000E+00   .000E+00   .000E+00  -.153E+03   .000E+00   .000E+00   .000E+00
         .7569   .000E+00   .000E+00   .000E+00   .000E+00   .000E+00  -.148E+03   .000E+00   .000E+00   .000E+00
         .7974   .000E+00   .000E+00   .000E+00   .000E+00   .000E+00  -.144E+03   .000E+00   .000E+00   .000E+00
         .8481   .000E+00   .000E+00   .000E+00   .000E+00   .000E+00  -.138E+03   .000E+00   .000E+00   .000E+00
         .8987   .000E+00   .000E+00   .000E+00   .000E+00   .000E+00  -.134E+03   .000E+00   .000E+00   .000E+00
         .9494   .000E+00   .000E+00   .000E+00   .000E+00   .000E+00  -.129E+03   .000E+00   .000E+00   .000E+00
        1.0000   .000E+00   .000E+00   .000E+00   .000E+00   .000E+00  -.125E+03   .000E+00   .000E+00   .000E+00
        1.0536   .000E+00   .000E+00   .000E+00   .000E+00   .000E+00  -.121E+03   .000E+00   .000E+00   .000E+00
        1.1071   .000E+00   .000E+00   .000E+00   .000E+00   .000E+00  -.118E+03   .000E+00   .000E+00   .000E+00
        1.1607   .000E+00   .000E+00   .000E+00   .000E+00   .000E+00  -.115E+03   .000E+00   .000E+00   .000E+00
        1.2143   .000E+00   .000E+00   .000E+00   .000E+00   .000E+00  -.111E+03   .000E+00   .000E+00   .000E+00
        1.2679   .000E+00   .000E+00   .000E+00   .000E+00   .000E+00  -.109E+03   .000E+00   .000E+00   .000E+00
        1.3403   .000E+00   .000E+00   .000E+00   .000E+00   .000E+00  -.105E+03   .000E+00   .000E+00   .000E+00
        1.4128   .000E+00   .000E+00   .000E+00   .000E+00   .000E+00  -.102E+03   .000E+00   .000E+00   .000E+00
        1.4853   .000E+00   .000E+00   .000E+00   .000E+00   .000E+00  -.989E+02   .000E+00   .000E+00   .000E+00
        1.5578   .000E+00   .000E+00   .000E+00   .000E+00   .000E+00  -.961E+02   .000E+00   .000E+00   .000E+00
        1.6303   .000E+00   .000E+00   .000E+00   .000E+00   .000E+00  -.936E+02   .000E+00   .000E+00   .000E+00
        1.7027   .000E+00   .000E+00   .000E+00   .000E+00   .000E+00  -.913E+02   .000E+00   .000E+00   .000E+00
        1.7752   .000E+00   .000E+00   .000E+00   .000E+00   .000E+00  -.891E+02   .000E+00   .000E+00   .000E+00
        1.8477   .000E+00   .000E+00   .000E+00   .000E+00   .000E+00  -.870E+02   .000E+00   .000E+00   .000E+00
        1.9202   .000E+00   .000E+00   .000E+00   .000E+00   .000E+00  -.851E+02   .000E+00   .000E+00   .000E+00
        1.9926   .000E+00   .000E+00   .000E+00   .000E+00   .000E+00  -.834E+02   .000E+00   .000E+00   .000E+00
        2.0772   .000E+00   .000E+00   .000E+00   .000E+00   .000E+00  -.813E+02   .000E+00   .000E+00   .000E+00
        2.1618   .000E+00   .000E+00   .000E+00   .000E+00   .000E+00  -.796E+02   .000E+00   .000E+00   .000E+00
        2.2745   .000E+00   .000E+00   .000E+00   .000E+00   .000E+00  -.772E+02   .000E+00   .000E+00   .000E+00
        2.3873   .000E+00   .000E+00   .000E+00   .000E+00   .000E+00  -.751E+02   .000E+00   .000E+00   .000E+00
        2.5000   .000E+00   .000E+00   .000E+00   .000E+00   .000E+00  -.732E+02   .000E+00   .000E+00   .000E+00
        2.6190   .000E+00   .000E+00   .000E+00   .000E+00   .000E+00  -.713E+02   .000E+00   .000E+00   .000E+00
        2.7381   .000E+00   .000E+00   .000E+00   .000E+00   .000E+00  -.695E+02   .000E+00   .000E+00   .000E+00
        2.8571   .000E+00   .000E+00   .000E+00   .000E+00   .000E+00  -.679E+02   .000E+00   .000E+00   .000E+00
        2.9762   .000E+00   .000E+00   .000E+00   .000E+00   .000E+00  -.665E+02   .000E+00   .000E+00   .000E+00
        3.1319   .000E+00   .000E+00   .000E+00   .000E+00   .000E+00  -.645E+02   .000E+00   .000E+00   .000E+00
        3.2875   .000E+00   .000E+00   .000E+00   .000E+00   .000E+00  -.628E+02   .000E+00   .000E+00   .000E+00
        3.4432   .000E+00   .000E+00   .000E+00   .000E+00   .000E+00  -.612E+02   .000E+00   .000E+00   .000E+00
        3.5989   .000E+00   .000E+00   .000E+00   .000E+00   .000E+00  -.598E+02   .000E+00   .000E+00   .000E+00
        3.7546   .000E+00   .000E+00   .000E+00   .000E+00   .000E+00  -.585E+02   .000E+00   .000E+00   .000E+00
        3.9103   .000E+00   .000E+00   .000E+00   .000E+00   .000E+00  -.573E+02   .000E+00   .000E+00   .000E+00
        4.0659   .000E+00   .000E+00   .000E+00   .000E+00   .000E+00  -.562E+02   .000E+00   .000E+00   .000E+00
        4.2216   .000E+00   .000E+00   .000E+00   .000E+00   .000E+00  -.552E+02   .000E+00   .000E+00   .000E+00
        4.3773   .000E+00   .000E+00   .000E+00   .000E+00   .000E+00  -.542E+02   .000E+00   .000E+00   .000E+00
        4.5330   .000E+00   .000E+00   .000E+00   .000E+00   .000E+00  -.533E+02   .000E+00   .000E+00   .000E+00
        4.6886   .000E+00   .000E+00   .000E+00   .000E+00   .000E+00  -.525E+02   .000E+00   .000E+00   .000E+00
        4.8443   .000E+00   .000E+00   .000E+00   .000E+00   .000E+00  -.517E+02   .000E+00   .000E+00   .000E+00
        5.0000   .000E+00   .000E+00   .000E+00   .000E+00   .000E+00  -.509E+02   .000E+00   .000E+00   .000E+00
        5.2000   .000E+00   .000E+00   .000E+00   .000E+00   .000E+00  -.500E+02   .000E+00   .000E+00   .000E+00
        5.4000   .000E+00   .000E+00   .000E+00   .000E+00   .000E+00  -.492E+02   .000E+00   .000E+00   .000E+00
        5.6000   .000E+00   .000E+00   .000E+00   .000E+00   .000E+00  -.485E+02   .000E+00   .000E+00   .000E+00
        5.8000   .000E+00   .000E+00   .000E+00   .000E+00   .000E+00  -.477E+02   .000E+00   .000E+00   .000E+00
        6.0000   .000E+00   .000E+00   .000E+00   .000E+00   .000E+00  -.471E+02   .000E+00   .000E+00   .000E+00
        6.2667   .000E+00   .000E+00   .000E+00   .000E+00   .000E+00  -.462E+02   .000E+00   .000E+00   .000E+00
        6.5333   .000E+00   .000E+00   .000E+00   .000E+00   .000E+00  -.454E+02   .000E+00   .000E+00   .000E+00
        6.8000   .000E+00   .000E+00   .000E+00   .000E+00   .000E+00  -.447E+02   .000E+00   .000E+00   .000E+00
        7.0667   .000E+00   .000E+00   .000E+00   .000E+00   .000E+00  -.440E+02   .000E+00   .000E+00   .000E+00
        7.3333   .000E+00   .000E+00   .000E+00   .000E+00   .000E+00  -.433E+02   .000E+00   .000E+00   .000E+00
        7.6000   .000E+00   .000E+00   .000E+00   .000E+00   .000E+00  -.427E+02   .000E+00   .000E+00   .000E+00
        7.8667   .000E+00   .000E+00   .000E+00   .000E+00   .000E+00  -.421E+02   .000E+00   .000E+00   .000E+00
        8.2222   .000E+00   .000E+00   .000E+00   .000E+00   .000E+00  -.413E+02   .000E+00   .000E+00   .000E+00
        8.5778   .000E+00   .000E+00   .000E+00   .000E+00   .000E+00  -.406E+02   .000E+00   .000E+00   .000E+00
        8.9333   .000E+00   .000E+00   .000E+00   .000E+00   .000E+00  -.400E+02   .000E+00   .000E+00   .000E+00
        9.2889   .000E+00   .000E+00   .000E+00   .000E+00   .000E+00  -.394E+02   .000E+00   .000E+00   .000E+00
        9.6444   .000E+00   .000E+00   .000E+00   .000E+00   .000E+00  -.389E+02   .000E+00   .000E+00   .000E+00
       10.0000   .000E+00   .000E+00   .000E+00   .000E+00   .000E+00  -.383E+02   .000E+00   .000E+00   .000E+00
       10.3409   .000E+00   .000E+00   .000E+00   .000E+00   .000E+00  -.379E+02   .000E+00   .000E+00   .000E+00
       10.6818   .000E+00   .000E+00   .000E+00   .000E+00   .000E+00  -.374E+02   .000E+00   .000E+00   .000E+00
       11.0227   .000E+00   .000E+00   .000E+00   .000E+00   .000E+00  -.370E+02   .000E+00   .000E+00   .000E+00
       11.3636   .000E+00   .000E+00   .000E+00   .000E+00   .000E+00  -.367E+02   .000E+00   .000E+00   .000E+00
       11.8035   .000E+00   .000E+00   .000E+00   .000E+00   .000E+00  -.362E+02   .000E+00   .000E+00   .000E+00
       12.2434   .000E+00   .000E+00   .000E+00   .000E+00   .000E+00  -.358E+02   .000E+00   .000E+00   .000E+00
       12.6833   .000E+00   .000E+00   .000E+00   .000E+00   .000E+00  -.353E+02   .000E+00   .000E+00   .000E+00
       13.1232   .000E+00   .000E+00   .000E+00   .000E+00   .000E+00  -.350E+02   .000E+00   .000E+00   .000E+00
       13.5630   .000E+00   .000E+00   .000E+00   .000E+00   .000E+00  -.346E+02   .000E+00   .000E+00   .000E+00
       14.0029   .000E+00   .000E+00   .000E+00   .000E+00   .000E+00  -.342E+02   .000E+00   .000E+00   .000E+00
       14.4428   .000E+00   .000E+00   .000E+00   .000E+00   .000E+00  -.339E+02   .000E+00   .000E+00   .000E+00
       14.8827   .000E+00   .000E+00   .000E+00   .000E+00   .000E+00  -.335E+02   .000E+00   .000E+00   .000E+00
       15.3226   .000E+00   .000E+00   .000E+00   .000E+00   .000E+00  -.332E+02   .000E+00   .000E+00   .000E+00
       15.7625   .000E+00   .000E+00   .000E+00   .000E+00   .000E+00  -.329E+02   .000E+00   .000E+00   .000E+00
       16.2023   .000E+00   .000E+00   .000E+00   .000E+00   .000E+00  -.326E+02   .000E+00   .000E+00   .000E+00
       16.7889   .000E+00   .000E+00   .000E+00   .000E+00   .000E+00  -.322E+02   .000E+00   .000E+00   .000E+00
       17.3754   .000E+00   .000E+00   .000E+00   .000E+00   .000E+00  -.318E+02   .000E+00   .000E+00   .000E+00
       17.9619   .000E+00   .000E+00   .000E+00   .000E+00   .000E+00  -.315E+02   .000E+00   .000E+00   .000E+00
       18.5484   .000E+00   .000E+00   .000E+00   .000E+00   .000E+00  -.311E+02   .000E+00   .000E+00   .000E+00
       19.1349   .000E+00   .000E+00   .000E+00   .000E+00   .000E+00  -.308E+02   .000E+00   .000E+00   .000E+00
       19.7214   .000E+00   .000E+00   .000E+00   .000E+00   .000E+00  -.305E+02   .000E+00   .000E+00   .000E+00
       20.3079   .000E+00   .000E+00   .000E+00   .000E+00   .000E+00  -.302E+02   .000E+00   .000E+00   .000E+00
       20.8944   .000E+00   .000E+00   .000E+00   .000E+00   .000E+00  -.299E+02   .000E+00   .000E+00   .000E+00
       21.7155   .000E+00   .000E+00   .000E+00   .000E+00   .000E+00  -.295E+02   .000E+00   .000E+00   .000E+00
       22.5367   .000E+00   .000E+00   .000E+00   .000E+00   .000E+00  -.292E+02   .000E+00   .000E+00   .000E+00
       23.3578   .000E+00   .000E+00   .000E+00   .000E+00   .000E+00  -.289E+02   .000E+00   .000E+00   .000E+00
       24.1789   .000E+00   .000E+00   .000E+00   .000E+00   .000E+00  -.286E+02   .000E+00   .000E+00   .000E+00
       25.0000   .000E+00   .000E+00   .000E+00   .000E+00   .000E+00  -.283E+02   .000E+00   .000E+00   .000E+00
       25.7576   .000E+00   .000E+00   .000E+00   .000E+00   .000E+00  -.280E+02   .000E+00   .000E+00   .000E+00
       26.5152   .000E+00   .000E+00   .000E+00   .000E+00   .000E+00  -.278E+02   .000E+00   .000E+00   .000E+00
       27.2727   .000E+00   .000E+00   .000E+00   .000E+00   .000E+00  -.276E+02   .000E+00   .000E+00   .000E+00
       28.0303   .000E+00   .000E+00   .000E+00   .000E+00   .000E+00  -.273E+02   .000E+00   .000E+00   .000E+00
       28.7879   .000E+00   .000E+00   .000E+00   .000E+00   .000E+00  -.272E+02   .000E+00   .000E+00   .000E+00
       29.7521   .000E+00   .000E+00   .000E+00   .000E+00   .000E+00  -.269E+02   .000E+00   .000E+00   .000E+00
       30.7163   .000E+00   .000E+00   .000E+00   .000E+00   .000E+00  -.267E+02   .000E+00   .000E+00   .000E+00
       31.6804   .000E+00   .000E+00   .000E+00   .000E+00   .000E+00  -.265E+02   .000E+00   .000E+00   .000E+00
       32.6446   .000E+00   .000E+00   .000E+00   .000E+00   .000E+00  -.263E+02   .000E+00   .000E+00   .000E+00
       33.6088   .000E+00   .000E+00   .000E+00   .000E+00   .000E+00  -.261E+02   .000E+00   .000E+00   .000E+00
       34.5730   .000E+00   .000E+00   .000E+00   .000E+00   .000E+00  -.259E+02   .000E+00   .000E+00   .000E+00
       35.5372   .000E+00   .000E+00   .000E+00   .000E+00   .000E+00  -.257E+02   .000E+00   .000E+00   .000E+00
       36.5014   .000E+00   .000E+00   .000E+00   .000E+00   .000E+00  -.256E+02   .000E+00   .000E+00   .000E+00
       37.4656   .000E+00   .000E+00   .000E+00   .000E+00   .000E+00  -.254E+02   .000E+00   .000E+00   .000E+00
       38.4298   .000E+00   .000E+00   .000E+00   .000E+00   .000E+00  -.252E+02   .000E+00   .000E+00   .000E+00
       39.3939   .000E+00   .000E+00   .000E+00   .000E+00   .000E+00  -.251E+02   .000E+00   .000E+00   .000E+00
       40.3581   .000E+00   .000E+00   .000E+00   .000E+00   .000E+00  -.249E+02   .000E+00   .000E+00   .000E+00
       41.3223   .000E+00   .000E+00   .000E+00   .000E+00   .000E+00  -.248E+02   .000E+00   .000E+00   .000E+00
       42.5620   .000E+00   .000E+00   .000E+00   .000E+00   .000E+00  -.246E+02   .000E+00   .000E+00   .000E+00
       43.8017   .000E+00   .000E+00   .000E+00   .000E+00   .000E+00  -.244E+02   .000E+00   .000E+00   .000E+00
       45.0413   .000E+00   .000E+00   .000E+00   .000E+00   .000E+00  -.242E+02   .000E+00   .000E+00   .000E+00
       46.2810   .000E+00   .000E+00   .000E+00   .000E+00   .000E+00  -.240E+02   .000E+00   .000E+00   .000E+00
       47.5207   .000E+00   .000E+00   .000E+00   .000E+00   .000E+00  -.238E+02   .000E+00   .000E+00   .000E+00
       48.7603   .000E+00   .000E+00   .000E+00   .000E+00   .000E+00  -.237E+02   .000E+00   .000E+00   .000E+00
       50.0000   .000E+00   .000E+00   .000E+00   .000E+00   .000E+00  -.235E+02   .000E+00   .000E+00   .000E+00
       51.2500   .000E+00   .000E+00   .000E+00   .000E+00   .000E+00  -.233E+02   .000E+00   .000E+00   .000E+00
       52.9464   .000E+00   .000E+00   .000E+00   .000E+00   .000E+00  -.231E+02   .000E+00   .000E+00   .000E+00
       54.6429   .000E+00   .000E+00   .000E+00   .000E+00   .000E+00  -.229E+02   .000E+00   .000E+00   .000E+00
       56.3393   .000E+00   .000E+00   .000E+00   .000E+00   .000E+00  -.227E+02   .000E+00   .000E+00   .000E+00
       58.0357   .000E+00   .000E+00   .000E+00   .000E+00   .000E+00  -.225E+02   .000E+00   .000E+00   .000E+00
       59.7321   .000E+00   .000E+00   .000E+00   .000E+00   .000E+00  -.223E+02   .000E+00   .000E+00   .000E+00
       61.4286   .000E+00   .000E+00   .000E+00   .000E+00   .000E+00  -.222E+02   .000E+00   .000E+00   .000E+00
       63.1250   .000E+00   .000E+00   .000E+00   .000E+00   .000E+00  -.220E+02   .000E+00   .000E+00   .000E+00
       64.8214   .000E+00   .000E+00   .000E+00   .000E+00   .000E+00  -.219E+02   .000E+00   .000E+00   .000E+00
       66.5179   .000E+00   .000E+00   .000E+00   .000E+00   .000E+00  -.217E+02   .000E+00   .000E+00   .000E+00
       68.2143   .000E+00   .000E+00   .000E+00   .000E+00   .000E+00  -.216E+02   .000E+00   .000E+00   .000E+00
       69.9107   .000E+00   .000E+00   .000E+00   .000E+00   .000E+00  -.215E+02   .000E+00   .000E+00   .000E+00
       71.6071   .000E+00   .000E+00   .000E+00   .000E+00   .000E+00  -.214E+02   .000E+00   .000E+00   .000E+00
       73.3036   .000E+00   .000E+00   .000E+00   .000E+00   .000E+00  -.213E+02   .000E+00   .000E+00   .000E+00
       75.0000   .000E+00   .000E+00   .000E+00   .000E+00   .000E+00  -.212E+02   .000E+00   .000E+00   .000E+00
       77.0833   .000E+00   .000E+00   .000E+00   .000E+00   .000E+00  -.210E+02   .000E+00   .000E+00   .000E+00
       79.1667   .000E+00   .000E+00   .000E+00   .000E+00   .000E+00  -.210E+02   .000E+00   .000E+00   .000E+00
       82.1429   .000E+00   .000E+00   .000E+00   .000E+00   .000E+00  -.208E+02   .000E+00   .000E+00   .000E+00
       85.1190   .000E+00   .000E+00   .000E+00   .000E+00   .000E+00  -.206E+02   .000E+00   .000E+00   .000E+00
       88.0952   .000E+00   .000E+00   .000E+00   .000E+00   .000E+00  -.205E+02   .000E+00   .000E+00   .000E+00
       91.0714   .000E+00   .000E+00   .000E+00   .000E+00   .000E+00  -.204E+02   .000E+00   .000E+00   .000E+00
       94.0476   .000E+00   .000E+00   .000E+00   .000E+00   .000E+00  -.203E+02   .000E+00   .000E+00   .000E+00
       97.0238   .000E+00   .000E+00   .000E+00   .000E+00   .000E+00  -.202E+02   .000E+00   .000E+00   .000E+00
      100.0000   .000E+00   .000E+00   .000E+00   .000E+00   .000E+00  -.201E+02   .000E+00   .000E+00   .000E+00
      104.5455   .000E+00   .000E+00   .000E+00   .000E+00   .000E+00  -.199E+02   .000E+00   .000E+00   .000E+00
      109.0909   .000E+00   .000E+00   .000E+00   .000E+00   .000E+00  -.198E+02   .000E+00   .000E+00   .000E+00
      113.6364   .000E+00   .000E+00   .000E+00   .000E+00   .000E+00  -.197E+02   .000E+00   .000E+00   .000E+00
      118.1818   .000E+00   .000E+00   .000E+00   .000E+00   .000E+00  -.196E+02   .000E+00   .000E+00   .000E+00
      122.7273   .000E+00   .000E+00   .000E+00   .000E+00   .000E+00  -.195E+02   .000E+00   .000E+00   .000E+00
      127.2727   .000E+00   .000E+00   .000E+00   .000E+00   .000E+00  -.194E+02   .000E+00   .000E+00   .000E+00
      131.8182   .000E+00   .000E+00   .000E+00   .000E+00   .000E+00  -.194E+02   .000E+00   .000E+00   .000E+00
      137.8788   .000E+00   .000E+00   .000E+00   .000E+00   .000E+00  -.193E+02   .000E+00   .000E+00   .000E+00
      143.9394   .000E+00   .000E+00   .000E+00   .000E+00   .000E+00  -.192E+02   .000E+00   .000E+00   .000E+00
      150.0000   .000E+00   .000E+00   .000E+00   .000E+00   .000E+00  -.192E+02   .000E+00   .000E+00   .000E+00
      156.2500   .000E+00   .000E+00   .000E+00   .000E+00   .000E+00  -.191E+02   .000E+00   .000E+00   .000E+00
      162.5000   .000E+00   .000E+00   .000E+00   .000E+00   .000E+00  -.191E+02   .000E+00   .000E+00   .000E+00
      168.7500   .000E+00   .000E+00   .000E+00   .000E+00   .000E+00  -.191E+02   .000E+00   .000E+00   .000E+00
      176.5625   .000E+00   .000E+00   .000E+00   .000E+00   .000E+00  -.190E+02   .000E+00   .000E+00   .000E+00
      184.3750   .000E+00   .000E+00   .000E+00   .000E+00   .000E+00  -.189E+02   .000E+00   .000E+00   .000E+00
      192.1875   .000E+00   .000E+00   .000E+00   .000E+00   .000E+00  -.189E+02   .000E+00   .000E+00   .000E+00
      200.0000   .000E+00   .000E+00   .000E+00   .000E+00   .000E+00  -.189E+02   .000E+00   .000E+00   .000E+00
      210.0000   .000E+00   .000E+00   .000E+00   .000E+00   .000E+00  -.188E+02   .000E+00   .000E+00   .000E+00
      220.0000   .000E+00   .000E+00   .000E+00   .000E+00   .000E+00  -.187E+02   .000E+00   .000E+00   .000E+00
      230.0000   .000E+00   .000E+00   .000E+00   .000E+00   .000E+00  -.187E+02   .000E+00   .000E+00   .000E+00
      240.0000   .000E+00   .000E+00   .000E+00   .000E+00   .000E+00  -.186E+02   .000E+00   .000E+00   .000E+00
      250.0000   .000E+00   .000E+00   .000E+00   .000E+00   .000E+00  -.187E+02   .000E+00   .000E+00   .000E+00
      262.5000   .000E+00   .000E+00   .000E+00   .000E+00   .000E+00  -.185E+02   .000E+00   .000E+00   .000E+00
      275.0000   .000E+00   .000E+00   .000E+00   .000E+00   .000E+00  -.185E+02   .000E+00   .000E+00   .000E+00
      287.5000   .000E+00   .000E+00   .000E+00   .000E+00   .000E+00  -.184E+02   .000E+00   .000E+00   .000E+00
      300.0000   .000E+00   .000E+00   .000E+00   .000E+00   .000E+00  -.183E+02   .000E+00   .000E+00   .000E+00
      312.5000   .000E+00   .000E+00   .000E+00   .000E+00   .000E+00  -.183E+02   .000E+00   .000E+00   .000E+00
      325.0000   .000E+00   .000E+00   .000E+00   .000E+00   .000E+00  -.182E+02   .000E+00   .000E+00   .000E+00
      337.5000   .000E+00   .000E+00   .000E+00   .000E+00   .000E+00  -.182E+02   .000E+00   .000E+00   .000E+00
      350.0000   .000E+00   .000E+00   .000E+00   .000E+00   .000E+00  -.181E+02   .000E+00   .000E+00   .000E+00
      362.5000   .000E+00   .000E+00   .000E+00   .000E+00   .000E+00  -.181E+02   .000E+00   .000E+00   .000E+00
      375.0000   .000E+00   .000E+00   .000E+00   .000E+00   .000E+00  -.181E+02   .000E+00   .000E+00   .000E+00
      387.5000   .000E+00   .000E+00   .000E+00   .000E+00   .000E+00  -.180E+02   .000E+00   .000E+00   .000E+00
      400.0000   .000E+00   .000E+00   .000E+00   .000E+00   .000E+00  -.180E+02   .000E+00   .000E+00   .000E+00
      412.5000   .000E+00   .000E+00   .000E+00   .000E+00   .000E+00  -.179E+02   .000E+00   .000E+00   .000E+00
      425.0000   .000E+00   .000E+00   .000E+00   .000E+00   .000E+00  -.179E+02   .000E+00   .000E+00   .000E+00
      437.5000   .000E+00   .000E+00   .000E+00   .000E+00   .000E+00  -.179E+02   .000E+00   .000E+00   .000E+00
      450.0000   .000E+00   .000E+00   .000E+00   .000E+00   .000E+00  -.178E+02   .000E+00   .000E+00   .000E+00
      462.5000   .000E+00   .000E+00   .000E+00   .000E+00   .000E+00  -.178E+02   .000E+00   .000E+00   .000E+00
      475.0000   .000E+00   .000E+00   .000E+00   .000E+00   .000E+00  -.178E+02   .000E+00   .000E+00   .000E+00
      500.0000   .000E+00   .000E+00   .000E+00   .000E+00   .000E+00  -.177E+02   .000E+00   .000E+00   .000E+00
      516.6667   .000E+00   .000E+00   .000E+00   .000E+00   .000E+00  -.176E+02   .000E+00   .000E+00   .000E+00
      533.3334   .000E+00   .000E+00   .000E+00   .000E+00   .000E+00  -.176E+02   .000E+00   .000E+00   .000E+00
      550.0000   .000E+00   .000E+00   .000E+00   .000E+00   .000E+00  -.175E+02   .000E+00   .000E+00   .000E+00
      566.6667   .000E+00   .000E+00   .000E+00   .000E+00   .000E+00  -.176E+02   .000E+00   .000E+00   .000E+00
      600.0000   .000E+00   .000E+00   .000E+00   .000E+00   .000E+00  -.174E+02   .000E+00   .000E+00   .000E+00
      625.0000   .000E+00   .000E+00   .000E+00   .000E+00   .000E+00  -.173E+02   .000E+00   .000E+00   .000E+00
      650.0000   .000E+00   .000E+00   .000E+00   .000E+00   .000E+00  -.173E+02   .000E+00   .000E+00   .000E+00
      675.0000   .000E+00   .000E+00   .000E+00   .000E+00   .000E+00  -.172E+02   .000E+00   .000E+00   .000E+00
      700.0000   .000E+00   .000E+00   .000E+00   .000E+00   .000E+00  -.171E+02   .000E+00   .000E+00   .000E+00
      725.0000   .000E+00   .000E+00   .000E+00   .000E+00   .000E+00  -.171E+02   .000E+00   .000E+00   .000E+00
      750.0000   .000E+00   .000E+00   .000E+00   .000E+00   .000E+00  -.170E+02   .000E+00   .000E+00   .000E+00
      800.0000   .000E+00   .000E+00   .000E+00   .000E+00   .000E+00  -.169E+02   .000E+00   .000E+00   .000E+00
      833.3333   .000E+00   .000E+00   .000E+00   .000E+00   .000E+00  -.167E+02   .000E+00   .000E+00   .000E+00
      866.6666   .000E+00   .000E+00   .000E+00   .000E+00   .000E+00  -.166E+02   .000E+00   .000E+00   .000E+00
      900.0000   .000E+00   .000E+00   .000E+00   .000E+00   .000E+00  -.165E+02   .000E+00   .000E+00   .000E+00
      933.3333   .000E+00   .000E+00   .000E+00   .000E+00   .000E+00  -.165E+02   .000E+00   .000E+00   .000E+00
      966.6666   .000E+00   .000E+00   .000E+00   .000E+00   .000E+00  -.164E+02   .000E+00   .000E+00   .000E+00
     1000.0000   .000E+00   .000E+00   .000E+00   .000E+00   .000E+00  -.163E+02   .000E+00   .000E+00   .000E+00
     1050.0000   .000E+00   .000E+00   .000E+00   .000E+00   .000E+00  -.161E+02   .000E+00   .000E+00   .000E+00
     1100.0000   .000E+00   .000E+00   .000E+00   .000E+00   .000E+00  -.160E+02   .000E+00   .000E+00   .000E+00
     1150.0000   .000E+00   .000E+00   .000E+00   .000E+00   .000E+00  -.158E+02   .000E+00   .000E+00   .000E+00
     1200.0000   .000E+00   .000E+00   .000E+00   .000E+00   .000E+00  -.157E+02   .000E+00   .000E+00   .000E+00
     1250.0000   .000E+00   .000E+00   .000E+00   .000E+00   .000E+00  -.155E+02   .000E+00   .000E+00   .000E+00
     1300.0000   .000E+00   .000E+00   .000E+00   .000E+00   .000E+00  -.153E+02   .000E+00   .000E+00   .000E+00
     1350.0000   .000E+00   .000E+00   .000E+00   .000E+00   .000E+00  -.151E+02   .000E+00   .000E+00   .000E+00
     1400.0000   .000E+00   .000E+00   .000E+00   .000E+00   .000E+00  -.149E+02   .000E+00   .000E+00   .000E+00
     1450.0000   .000E+00   .000E+00   .000E+00   .000E+00   .000E+00  -.147E+02   .000E+00   .000E+00   .000E+00
     1500.0000   .000E+00   .000E+00   .000E+00   .000E+00   .000E+00  -.145E+02   .000E+00   .000E+00   .000E+00
     1562.5000   .000E+00   .000E+00   .000E+00   .000E+00   .000E+00  -.141E+02   .000E+00   .000E+00   .000E+00
     1625.0000   .000E+00   .000E+00   .000E+00   .000E+00   .000E+00  -.138E+02   .000E+00   .000E+00   .000E+00
     1687.5000   .000E+00   .000E+00   .000E+00   .000E+00   .000E+00  -.135E+02   .000E+00   .000E+00   .000E+00
     1750.0000   .000E+00   .000E+00   .000E+00   .000E+00   .000E+00  -.131E+02   .000E+00   .000E+00   .000E+00
     1833.3330   .000E+00   .000E+00   .000E+00   .000E+00   .000E+00  -.126E+02   .000E+00   .000E+00   .000E+00
     1916.6670   .000E+00   .000E+00   .000E+00   .000E+00   .000E+00  -.122E+02   .000E+00   .000E+00   .000E+00
     2000.0000   .000E+00   .000E+00   .000E+00   .000E+00   .000E+00  -.117E+02   .000E+00   .000E+00   .000E+00
     2125.0000   .000E+00   .000E+00   .000E+00   .000E+00   .000E+00  -.111E+02   .000E+00   .000E+00   .000E+00
     2250.0000   .000E+00   .000E+00   .000E+00   .000E+00   .000E+00  -.106E+02   .000E+00   .000E+00   .000E+00
     2375.0000   .000E+00   .000E+00   .000E+00   .000E+00   .000E+00  -.102E+02   .000E+00   .000E+00   .000E+00
     2500.0000   .000E+00   .000E+00   .000E+00   .000E+00   .000E+00  -.980E+01   .000E+00   .000E+00   .000E+00
     2600.0000   .000E+00   .000E+00   .000E+00   .000E+00   .000E+00  -.955E+01   .000E+00   .000E+00   .000E+00
     2700.0000   .000E+00   .000E+00   .000E+00   .000E+00   .000E+00  -.936E+01   .000E+00   .000E+00   .000E+00
     2800.0000   .000E+00   .000E+00   .000E+00   .000E+00   .000E+00  -.920E+01   .000E+00   .000E+00   .000E+00
     2900.0000   .000E+00   .000E+00   .000E+00   .000E+00   .000E+00  -.908E+01   .000E+00   .000E+00   .000E+00
     3000.0000   .000E+00   .000E+00   .000E+00   .000E+00   .000E+00  -.898E+01   .000E+00   .000E+00   .000E+00
     3111.1110   .000E+00   .000E+00   .000E+00   .000E+00   .000E+00  -.889E+01   .000E+00   .000E+00   .000E+00
     3222.2220   .000E+00   .000E+00   .000E+00   .000E+00   .000E+00  -.883E+01   .000E+00   .000E+00   .000E+00
     3333.3330   .000E+00   .000E+00   .000E+00   .000E+00   .000E+00  -.878E+01   .000E+00   .000E+00   .000E+00
     3444.4440   .000E+00   .000E+00   .000E+00   .000E+00   .000E+00  -.876E+01   .000E+00   .000E+00   .000E+00
     3583.3330   .000E+00   .000E+00   .000E+00   .000E+00   .000E+00  -.871E+01   .000E+00   .000E+00   .000E+00
     3722.2220   .000E+00   .000E+00   .000E+00   .000E+00   .000E+00  -.868E+01   .000E+00   .000E+00   .000E+00
     3861.1110   .000E+00   .000E+00   .000E+00   .000E+00   .000E+00  -.866E+01   .000E+00   .000E+00   .000E+00
     4000.0000   .000E+00   .000E+00   .000E+00   .000E+00   .000E+00  -.864E+01   .000E+00   .000E+00   .000E+00
     4142.8570   .000E+00   .000E+00   .000E+00   .000E+00   .000E+00  -.863E+01   .000E+00   .000E+00   .000E+00
     4285.7140   .000E+00   .000E+00   .000E+00   .000E+00   .000E+00  -.861E+01   .000E+00   .000E+00   .000E+00
     4428.5710   .000E+00   .000E+00   .000E+00   .000E+00   .000E+00  -.862E+01   .000E+00   .000E+00   .000E+00
     4619.0470   .000E+00   .000E+00   .000E+00   .000E+00   .000E+00  -.859E+01   .000E+00   .000E+00   .000E+00
     4809.5230   .000E+00   .000E+00   .000E+00   .000E+00   .000E+00  -.857E+01   .000E+00   .000E+00   .000E+00
     5000.0000   .000E+00   .000E+00   .000E+00   .000E+00   .000E+00  -.856E+01   .000E+00   .000E+00   .000E+00
     5200.0000   .000E+00   .000E+00   .000E+00   .000E+00   .000E+00  -.855E+01   .000E+00   .000E+00   .000E+00
     5400.0000   .000E+00   .000E+00   .000E+00   .000E+00   .000E+00  -.853E+01   .000E+00   .000E+00   .000E+00
     5600.0000   .000E+00   .000E+00   .000E+00   .000E+00   .000E+00  -.852E+01   .000E+00   .000E+00   .000E+00
     5800.0000   .000E+00   .000E+00   .000E+00   .000E+00   .000E+00  -.850E+01   .000E+00   .000E+00   .000E+00
     6000.0000   .000E+00   .000E+00   .000E+00   .000E+00   .000E+00  -.849E+01   .000E+00   .000E+00   .000E+00
     6187.5000   .000E+00   .000E+00   .000E+00   .000E+00   .000E+00  -.847E+01   .000E+00   .000E+00   .000E+00
     6375.0000   .000E+00   .000E+00   .000E+00   .000E+00   .000E+00  -.845E+01   .000E+00   .000E+00   .000E+00
     6562.5000   .000E+00   .000E+00   .000E+00   .000E+00   .000E+00  -.843E+01   .000E+00   .000E+00   .000E+00
     6750.0000   .000E+00   .000E+00   .000E+00   .000E+00   .000E+00  -.842E+01   .000E+00   .000E+00   .000E+00
     6937.5000   .000E+00   .000E+00   .000E+00   .000E+00   .000E+00  -.840E+01   .000E+00   .000E+00   .000E+00
     7125.0000   .000E+00   .000E+00   .000E+00   .000E+00   .000E+00  -.838E+01   .000E+00   .000E+00   .000E+00
     7312.5000   .000E+00   .000E+00   .000E+00   .000E+00   .000E+00  -.835E+01   .000E+00   .000E+00   .000E+00
     7500.0000   .000E+00   .000E+00   .000E+00   .000E+00   .000E+00  -.833E+01   .000E+00   .000E+00   .000E+00
end
