 Welcome to HYDRUS-2D                                                    
 
 Program HYDRUS2
 Date:  18. 2.    Time:  13:52:45
 Time dependent boundary conditions
 Vertical plane flow, V = L*L
 Units: L = m    , T = days , M = mmol 

 Time [T]             Total     Sub-region number ...

       .0000                      1
 Area    [V]          .150E+01   .150E+01
 Volume  [V]          .317E+00   .317E+00
 InFlow  [V/T]        .000E+00   .000E+00
 hMean   [L]         -.150E+01       -1.5
 ConcVol [VM/L3] 1    .000E+00   .000E+00
 cMean   [M/L3]  1    .000E+00   .000E+00

       .1000                      1
 Area    [V]          .150E+01   .150E+01
 Volume  [V]          .318E+00   .318E+00
 InFlow  [V/T]        .714E-02   .714E-02
 hMean   [L]         -.150E+01       -1.5
 ConcVol [VM/L3] 1    .903E-03   .903E-03
 cMean   [M/L3]  1    .208E-02   .208E-02
 WatBalT [V]         -.653E-05
 WatBalR [%]              .576
 CncBalT [VM/L3] 1   -.205E-04
 CncBalR [%]     1       2.219

       .5000                      1
 Area    [V]          .150E+01   .150E+01
 Volume  [V]          .321E+00   .321E+00
 InFlow  [V/T]        .722E-02   .722E-02
 hMean   [L]         -.148E+01       -1.5
 ConcVol [VM/L3] 1    .452E-02   .452E-02
 cMean   [M/L3]  1    .994E-02   .994E-02
 WatBalT [V]         -.583E-05
 WatBalR [%]              .103
 CncBalT [VM/L3] 1   -.923E-04
 CncBalR [%]     1       2.000

      1.0000                      1
 Area    [V]          .150E+01   .150E+01
 Volume  [V]          .325E+00   .325E+00
 InFlow  [V/T]        .722E-02   .722E-02
 hMean   [L]         -.145E+01       -1.5
 ConcVol [VM/L3] 1    .910E-02   .910E-02
 cMean   [M/L3]  1    .197E-01   .197E-01
 WatBalT [V]         -.459E-05
 WatBalR [%]              .041
 CncBalT [VM/L3] 1   -.138E-03
 CncBalR [%]     1       1.496

      1.5000                      1
 Area    [V]          .150E+01   .150E+01
 Volume  [V]          .324E+00   .324E+00
 InFlow  [V/T]       -.209E-02  -.209E-02
 hMean   [L]         -.145E+01       -1.5
 ConcVol [VM/L3] 1    .912E-02   .912E-02
 cMean   [M/L3]  1    .227E-01   .227E-01
 WatBalT [V]         -.194E-03
 WatBalR [%]             1.564
 CncBalT [VM/L3] 1   -.113E-03
 CncBalR [%]     1       1.226

      2.0000                      1
 Area    [V]          .150E+01   .150E+01
 Volume  [V]          .322E+00   .322E+00
 InFlow  [V/T]       -.209E-02  -.209E-02
 hMean   [L]         -.146E+01       -1.5
 ConcVol [VM/L3] 1    .915E-02   .915E-02
 cMean   [M/L3]  1    .241E-01   .241E-01
 WatBalT [V]         -.368E-03
 WatBalR [%]             2.739
 CncBalT [VM/L3] 1   -.878E-04
 CncBalR [%]     1        .951

      3.0000                      1
 Area    [V]          .150E+01   .150E+01
 Volume  [V]          .336E+00   .336E+00
 InFlow  [V/T]        .134E-01   .134E-01
 hMean   [L]         -.139E+01       -1.4
 ConcVol [VM/L3] 1    .909E-02   .909E-02
 cMean   [M/L3]  1    .200E-01   .200E-01
 WatBalT [V]         -.113E-05
 WatBalR [%]              .004
 CncBalT [VM/L3] 1   -.146E-03
 CncBalR [%]     1       1.577

      4.0000                      1
 Area    [V]          .150E+01   .150E+01
 Volume  [V]          .334E+00   .334E+00
 InFlow  [V/T]       -.209E-02  -.209E-02
 hMean   [L]         -.137E+01       -1.4
 ConcVol [VM/L3] 1    .907E-02   .907E-02
 cMean   [M/L3]  1    .228E-01   .228E-01
 WatBalT [V]         -.320E-03
 WatBalR [%]              .970
 CncBalT [VM/L3] 1   -.162E-03
 CncBalR [%]     1       1.758

      5.0000                      1
 Area    [V]          .150E+01   .150E+01
 Volume  [V]          .347E+00   .347E+00
 InFlow  [V/T]        .134E-01   .134E-01
 hMean   [L]         -.130E+01       -1.3
 ConcVol [VM/L3] 1    .908E-02   .908E-02
 cMean   [M/L3]  1    .207E-01   .207E-01
 WatBalT [V]         -.782E-05
 WatBalR [%]              .016
 CncBalT [VM/L3] 1   -.154E-03
 CncBalR [%]     1       1.665

      6.0000                      1
 Area    [V]          .150E+01   .150E+01
 Volume  [V]          .345E+00   .345E+00
 InFlow  [V/T]       -.209E-02  -.209E-02
 hMean   [L]         -.127E+01       -1.3
 ConcVol [VM/L3] 1    .906E-02   .906E-02
 cMean   [M/L3]  1    .225E-01   .225E-01
 WatBalT [V]         -.331E-03
 WatBalR [%]              .630
 CncBalT [VM/L3] 1   -.175E-03
 CncBalR [%]     1       1.893

     10.0000                      1
 Area    [V]          .150E+01   .150E+01
 Volume  [V]          .337E+00   .337E+00
 InFlow  [V/T]       -.208E-02  -.208E-02
 hMean   [L]         -.135E+01       -1.3
 ConcVol [VM/L3] 1    .911E-02   .911E-02
 cMean   [M/L3]  1    .271E-01   .271E-01
 WatBalT [V]         -.923E-03
 WatBalR [%]             1.517
 CncBalT [VM/L3] 1   -.129E-03
 CncBalR [%]     1       1.400
