 Welcome to HYDRUS-2D                                                    
 
 Program HYDRUS2
 Date:  18. 2.    Time:  13:52:45
 Time dependent boundary conditions
 Vertical plane flow, V = L*L
 Units: L = m    , T = days , M = mmol 


 Time:       .1000

    i    n    x      z    Code     Q          v           h       th       Temp     Conc
                                 [V/T]      [L/T]        [L]     [-]        [C]    [M/L3]

    1    1     .0    1.7   -3   .103E-02  -.150E+00        -.2   .362     20.00  .455E+00
    2    2     .0    1.7   -3   .103E-02  -.150E+00        -.2   .361     20.00  .455E+00
    3    3     .0    1.7   -3   .103E-02  -.150E+00        -.2   .362     20.00  .455E+00
    4    4     .0    1.7   -3   .103E-02  -.150E+00        -.2   .361     20.00  .456E+00
    5    5     .0    1.7   -3   .103E-02  -.150E+00        -.2   .362     20.00  .456E+00
    6    6     .0    1.7   -3   .103E-02  -.150E+00        -.2   .362     20.00  .450E+00
    7    7     .0    1.7   -3   .103E-02  -.150E+00        -.2   .363     20.00  .446E+00
    8    8     .0    1.7   -3   .103E-02  -.150E+00        -.2   .363     20.00  .445E+00
    9    9     .0    1.7   -3   .103E-02  -.150E+00        -.2   .362     20.00  .450E+00
   10   30    -.5     .5   -6  -.529E-05   .952E-04       -1.5   .212     20.00  .000E+00
   11   31    -.4     .5   -6  -.106E-04   .952E-04       -1.5   .212     20.00  .000E+00
   12   32    -.3     .5   -6  -.106E-04   .952E-04       -1.5   .212     20.00  .000E+00
   13   33    -.2     .5   -6  -.106E-04   .952E-04       -1.5   .212     20.00  .000E+00
   14   34    -.1     .5   -6  -.106E-04   .952E-04       -1.5   .212     20.00  .000E+00
   15   35     .1     .5   -6  -.106E-04   .952E-04       -1.5   .212     20.00  .000E+00
   16   36     .2     .5   -6  -.106E-04   .952E-04       -1.5   .212     20.00  .000E+00
   17   37     .3     .5   -6  -.106E-04   .952E-04       -1.5   .212     20.00  .000E+00
   18   38     .4     .5   -6  -.106E-04   .952E-04       -1.5   .212     20.00  .000E+00
   19   39     .5     .5   -6  -.529E-05   .952E-04       -1.5   .212     20.00  .000E+00
   20   66     .2    2.0   -4   .000E+00   .000E+00       -1.5   .211     20.00  .000E+00
   21   67     .2    2.0   -4   .000E+00   .000E+00       -1.5   .210     20.00  .000E+00
   22   68     .1    2.0   -4   .000E+00   .000E+00       -1.5   .210     20.00  .000E+00
   23   69     .1    2.0   -4   .000E+00   .000E+00       -1.5   .210     20.00  .000E+00
   24   70     .1    2.0   -4   .000E+00   .000E+00       -1.5   .210     20.00  .603E-29
   25   71     .0    2.0   -4   .000E+00   .000E+00       -1.5   .210     20.00  .232E-28
   26   72     .0    2.0   -4   .000E+00   .000E+00       -1.5   .210     20.00  .219E-28
   27   73    -.1    2.0   -4   .000E+00   .000E+00       -1.5   .210     20.00  .600E-29
   28   74    -.1    2.0   -4   .000E+00   .000E+00       -1.5   .210     20.00  .000E+00
   29   75    -.1    2.0   -4   .000E+00   .000E+00       -1.5   .210     20.00  .000E+00
   30   76    -.2    2.0   -4   .000E+00   .000E+00       -1.5   .210     20.00  .000E+00


 Time:       .5000

    i    n    x      z    Code     Q          v           h       th       Temp     Conc
                                 [V/T]      [L/T]        [L]     [-]        [C]    [M/L3]

    1    1     .0    1.7   -3   .103E-02  -.150E+00        -.2   .381     20.00  .636E+00
    2    2     .0    1.7   -3   .103E-02  -.150E+00        -.2   .381     20.00  .637E+00
    3    3     .0    1.7   -3   .103E-02  -.150E+00        -.2   .381     20.00  .638E+00
    4    4     .0    1.7   -3   .103E-02  -.150E+00        -.2   .381     20.00  .639E+00
    5    5     .0    1.7   -3   .103E-02  -.150E+00        -.2   .381     20.00  .638E+00
    6    6     .0    1.7   -3   .103E-02  -.150E+00        -.2   .381     20.00  .633E+00
    7    7     .0    1.7   -3   .103E-02  -.150E+00        -.2   .381     20.00  .628E+00
    8    8     .0    1.7   -3   .103E-02  -.150E+00        -.2   .381     20.00  .626E+00
    9    9     .0    1.7   -3   .103E-02  -.150E+00        -.2   .381     20.00  .632E+00
   10   30    -.5     .5   -6  -.529E-05   .952E-04       -1.5   .212     20.00  .000E+00
   11   31    -.4     .5   -6  -.106E-04   .952E-04       -1.5   .212     20.00  .000E+00
   12   32    -.3     .5   -6  -.106E-04   .952E-04       -1.5   .212     20.00  .000E+00
   13   33    -.2     .5   -6  -.106E-04   .952E-04       -1.5   .212     20.00  .000E+00
   14   34    -.1     .5   -6  -.106E-04   .952E-04       -1.5   .212     20.00  .000E+00
   15   35     .1     .5   -6  -.106E-04   .952E-04       -1.5   .212     20.00  .000E+00
   16   36     .2     .5   -6  -.106E-04   .952E-04       -1.5   .212     20.00  .000E+00
   17   37     .3     .5   -6  -.106E-04   .952E-04       -1.5   .212     20.00  .000E+00
   18   38     .4     .5   -6  -.106E-04   .952E-04       -1.5   .212     20.00  .000E+00
   19   39     .5     .5   -6  -.529E-05   .952E-04       -1.5   .212     20.00  .000E+00
   20   66     .2    2.0   -4   .000E+00   .000E+00       -1.6   .208     20.00  .210E-25
   21   67     .2    2.0   -4   .000E+00   .000E+00       -1.7   .204     20.00  .371E-22
   22   68     .1    2.0   -4   .000E+00   .000E+00       -1.7   .203     20.00  .534E-19
   23   69     .1    2.0   -4   .000E+00   .000E+00       -1.7   .202     20.00  .609E-18
   24   70     .1    2.0   -4   .000E+00   .000E+00       -1.7   .202     20.00  .679E-17
   25   71     .0    2.0   -4   .000E+00   .000E+00       -1.7   .202     20.00  .187E-16
   26   72     .0    2.0   -4   .000E+00   .000E+00       -1.7   .202     20.00  .178E-16
   27   73    -.1    2.0   -4   .000E+00   .000E+00       -1.7   .202     20.00  .786E-17
   28   74    -.1    2.0   -4   .000E+00   .000E+00       -1.7   .202     20.00  .408E-17
   29   75    -.1    2.0   -4   .000E+00   .000E+00       -1.7   .202     20.00  .224E-17
   30   76    -.2    2.0   -4   .000E+00   .000E+00       -1.7   .204     20.00  .179E-20


 Time:      1.0000

    i    n    x      z    Code     Q          v           h       th       Temp     Conc
                                 [V/T]      [L/T]        [L]     [-]        [C]    [M/L3]

    1    1     .0    1.7   -3   .103E-02  -.150E+00        -.2   .386     20.00  .723E+00
    2    2     .0    1.7   -3   .103E-02  -.150E+00        -.2   .386     20.00  .724E+00
    3    3     .0    1.7   -3   .103E-02  -.150E+00        -.2   .386     20.00  .726E+00
    4    4     .0    1.7   -3   .103E-02  -.150E+00        -.2   .386     20.00  .726E+00
    5    5     .0    1.7   -3   .103E-02  -.150E+00        -.2   .386     20.00  .725E+00
    6    6     .0    1.7   -3   .103E-02  -.150E+00        -.2   .386     20.00  .720E+00
    7    7     .0    1.7   -3   .103E-02  -.150E+00        -.2   .386     20.00  .715E+00
    8    8     .0    1.7   -3   .103E-02  -.150E+00        -.2   .386     20.00  .713E+00
    9    9     .0    1.7   -3   .103E-02  -.150E+00        -.2   .386     20.00  .719E+00
   10   30    -.5     .5   -6  -.529E-05   .952E-04       -1.5   .212     20.00  .000E+00
   11   31    -.4     .5   -6  -.106E-04   .952E-04       -1.5   .212     20.00  .000E+00
   12   32    -.3     .5   -6  -.106E-04   .952E-04       -1.5   .212     20.00  .000E+00
   13   33    -.2     .5   -6  -.106E-04   .952E-04       -1.5   .212     20.00  .000E+00
   14   34    -.1     .5   -6  -.106E-04   .952E-04       -1.5   .212     20.00  .000E+00
   15   35     .1     .5   -6  -.106E-04   .952E-04       -1.5   .212     20.00  .000E+00
   16   36     .2     .5   -6  -.106E-04   .952E-04       -1.5   .212     20.00  .000E+00
   17   37     .3     .5   -6  -.106E-04   .952E-04       -1.5   .212     20.00  .000E+00
   18   38     .4     .5   -6  -.106E-04   .952E-04       -1.5   .212     20.00  .000E+00
   19   39     .5     .5   -6  -.529E-05   .952E-04       -1.5   .212     20.00  .000E+00
   20   66     .2    2.0   -4   .000E+00   .000E+00       -1.7   .204     20.00  .206E-18
   21   67     .2    2.0   -4   .000E+00   .000E+00       -1.8   .198     20.00  .976E-16
   22   68     .1    2.0   -4   .000E+00   .000E+00       -1.9   .195     20.00  .441E-13
   23   69     .1    2.0   -4   .000E+00   .000E+00       -2.0   .194     20.00  .209E-12
   24   70     .1    2.0   -4   .000E+00   .000E+00       -2.0   .194     20.00  .117E-11
   25   71     .0    2.0   -4   .000E+00   .000E+00       -2.0   .194     20.00  .271E-11
   26   72     .0    2.0   -4   .000E+00   .000E+00       -2.0   .194     20.00  .278E-11
   27   73    -.1    2.0   -4   .000E+00   .000E+00       -2.0   .194     20.00  .160E-11
   28   74    -.1    2.0   -4   .000E+00   .000E+00       -2.0   .194     20.00  .100E-11
   29   75    -.1    2.0   -4   .000E+00   .000E+00       -1.9   .195     20.00  .399E-12
   30   76    -.2    2.0   -4   .000E+00   .000E+00       -1.9   .198     20.00  .182E-14


 Time:      1.5000

    i    n    x      z    Code     Q          v           h       th       Temp     Conc
                                 [V/T]      [L/T]        [L]     [-]        [C]    [M/L3]

    1    1     .0    1.7   -3   .000E+00   .000E+00        -.6   .284     20.00  .652E+00
    2    2     .0    1.7   -3   .000E+00   .000E+00        -.6   .285     20.00  .639E+00
    3    3     .0    1.7   -3   .000E+00   .000E+00        -.6   .285     20.00  .635E+00
    4    4     .0    1.7   -3   .000E+00   .000E+00        -.6   .285     20.00  .637E+00
    5    5     .0    1.7   -3   .000E+00   .000E+00        -.6   .284     20.00  .648E+00
    6    6     .0    1.7   -3   .000E+00   .000E+00        -.6   .283     20.00  .660E+00
    7    7     .0    1.7   -3   .000E+00   .000E+00        -.6   .283     20.00  .669E+00
    8    8     .0    1.7   -3   .000E+00   .000E+00        -.6   .283     20.00  .674E+00
    9    9     .0    1.7   -3   .000E+00   .000E+00        -.6   .283     20.00  .664E+00
   10   30    -.5     .5   -6  -.529E-05   .952E-04       -1.5   .212     20.00  .000E+00
   11   31    -.4     .5   -6  -.106E-04   .952E-04       -1.5   .212     20.00  .000E+00
   12   32    -.3     .5   -6  -.106E-04   .952E-04       -1.5   .212     20.00  .000E+00
   13   33    -.2     .5   -6  -.106E-04   .952E-04       -1.5   .212     20.00  .000E+00
   14   34    -.1     .5   -6  -.106E-04   .952E-04       -1.5   .212     20.00  .000E+00
   15   35     .1     .5   -6  -.106E-04   .952E-04       -1.5   .212     20.00  .000E+00
   16   36     .2     .5   -6  -.106E-04   .952E-04       -1.5   .212     20.00  .000E+00
   17   37     .3     .5   -6  -.106E-04   .952E-04       -1.5   .212     20.00  .000E+00
   18   38     .4     .5   -6  -.106E-04   .952E-04       -1.5   .212     20.00  .000E+00
   19   39     .5     .5   -6  -.529E-05   .952E-04       -1.5   .212     20.00  .000E+00
   20   66     .2    2.0   -4   .000E+00   .000E+00       -1.8   .201     20.00  .344E-14
   21   67     .2    2.0   -4   .000E+00   .000E+00       -2.0   .192     20.00  .466E-12
   22   68     .1    2.0   -4   .000E+00   .000E+00       -2.2   .188     20.00  .923E-10
   23   69     .1    2.0   -4   .000E+00   .000E+00       -2.2   .186     20.00  .125E-08
   24   70     .1    2.0   -4   .000E+00   .000E+00       -2.2   .186     20.00  .853E-08
   25   71     .0    2.0   -4   .000E+00   .000E+00       -2.2   .186     20.00  .203E-07
   26   72     .0    2.0   -4   .000E+00   .000E+00       -2.2   .186     20.00  .223E-07
   27   73    -.1    2.0   -4   .000E+00   .000E+00       -2.2   .186     20.00  .136E-07
   28   74    -.1    2.0   -4   .000E+00   .000E+00       -2.2   .186     20.00  .610E-08
   29   75    -.1    2.0   -4   .000E+00   .000E+00       -2.2   .188     20.00  .159E-09
   30   76    -.2    2.0   -4   .000E+00   .000E+00       -2.0   .192     20.00  .920E-11


 Time:      2.0000

    i    n    x      z    Code     Q          v           h       th       Temp     Conc
                                 [V/T]      [L/T]        [L]     [-]        [C]    [M/L3]

    1    1     .0    1.7   -3   .000E+00   .000E+00        -.8   .265     20.00  .648E+00
    2    2     .0    1.7   -3   .000E+00   .000E+00        -.8   .266     20.00  .634E+00
    3    3     .0    1.7   -3   .000E+00   .000E+00        -.7   .267     20.00  .628E+00
    4    4     .0    1.7   -3   .000E+00   .000E+00        -.8   .266     20.00  .632E+00
    5    5     .0    1.7   -3   .000E+00   .000E+00        -.8   .265     20.00  .647E+00
    6    6     .0    1.7   -3   .000E+00   .000E+00        -.8   .264     20.00  .656E+00
    7    7     .0    1.7   -3   .000E+00   .000E+00        -.8   .263     20.00  .658E+00
    8    8     .0    1.7   -3   .000E+00   .000E+00        -.8   .263     20.00  .662E+00
    9    9     .0    1.7   -3   .000E+00   .000E+00        -.8   .263     20.00  .657E+00
   10   30    -.5     .5   -6  -.529E-05   .952E-04       -1.5   .212     20.00  .000E+00
   11   31    -.4     .5   -6  -.106E-04   .952E-04       -1.5   .212     20.00  .000E+00
   12   32    -.3     .5   -6  -.106E-04   .952E-04       -1.5   .212     20.00  .000E+00
   13   33    -.2     .5   -6  -.106E-04   .952E-04       -1.5   .212     20.00  .000E+00
   14   34    -.1     .5   -6  -.106E-04   .952E-04       -1.5   .212     20.00  .000E+00
   15   35     .1     .5   -6  -.106E-04   .952E-04       -1.5   .212     20.00  .000E+00
   16   36     .2     .5   -6  -.106E-04   .952E-04       -1.5   .212     20.00  .000E+00
   17   37     .3     .5   -6  -.106E-04   .952E-04       -1.5   .212     20.00  .000E+00
   18   38     .4     .5   -6  -.106E-04   .952E-04       -1.5   .212     20.00  .000E+00
   19   39     .5     .5   -6  -.529E-05   .952E-04       -1.5   .212     20.00  .000E+00
   20   66     .2    2.0   -4   .000E+00   .000E+00       -1.8   .198     20.00  .653E-12
   21   67     .2    2.0   -4   .000E+00   .000E+00       -2.2   .187     20.00  .403E-10
   22   68     .1    2.0   -4   .000E+00   .000E+00       -2.4   .181     20.00  .432E-08
   23   69     .1    2.0   -4   .000E+00   .000E+00       -2.5   .179     20.00  .116E-06
   24   70     .1    2.0   -4   .000E+00   .000E+00       -2.5   .179     20.00  .602E-06
   25   71     .0    2.0   -4   .000E+00   .000E+00       -2.5   .179     20.00  .122E-05
   26   72     .0    2.0   -4   .000E+00   .000E+00       -2.5   .179     20.00  .132E-05
   27   73    -.1    2.0   -4   .000E+00   .000E+00       -2.5   .179     20.00  .877E-06
   28   74    -.1    2.0   -4   .000E+00   .000E+00       -2.5   .179     20.00  .395E-06
   29   75    -.1    2.0   -4   .000E+00   .000E+00       -2.4   .181     20.00  .744E-08
   30   76    -.2    2.0   -4   .000E+00   .000E+00       -2.2   .187     20.00  .500E-09


 Time:      3.0000

    i    n    x      z    Code     Q          v           h       th       Temp     Conc
                                 [V/T]      [L/T]        [L]     [-]        [C]    [M/L3]

    1    1     .0    1.7   -3   .171E-02  -.250E+00        -.1   .410     20.00  .778E-01
    2    2     .0    1.7   -3   .171E-02  -.250E+00        -.1   .410     20.00  .751E-01
    3    3     .0    1.7   -3   .171E-02  -.250E+00        -.1   .410     20.00  .735E-01
    4    4     .0    1.7   -3   .171E-02  -.250E+00        -.1   .410     20.00  .741E-01
    5    5     .0    1.7   -3   .171E-02  -.250E+00        -.1   .410     20.00  .758E-01
    6    6     .0    1.7   -3   .171E-02  -.250E+00        -.1   .410     20.00  .807E-01
    7    7     .0    1.7   -3   .171E-02  -.250E+00        -.1   .410     20.00  .860E-01
    8    8     .0    1.7   -3   .171E-02  -.250E+00        -.1   .410     20.00  .874E-01
    9    9     .0    1.7   -3   .171E-02  -.250E+00        -.1   .410     20.00  .828E-01
   10   30    -.5     .5   -6  -.529E-05   .952E-04       -1.5   .212     20.00  .000E+00
   11   31    -.4     .5   -6  -.106E-04   .952E-04       -1.5   .212     20.00  .000E+00
   12   32    -.3     .5   -6  -.106E-04   .952E-04       -1.5   .212     20.00  .000E+00
   13   33    -.2     .5   -6  -.106E-04   .952E-04       -1.5   .212     20.00  .000E+00
   14   34    -.1     .5   -6  -.106E-04   .952E-04       -1.5   .212     20.00  .000E+00
   15   35     .1     .5   -6  -.106E-04   .952E-04       -1.5   .212     20.00  .000E+00
   16   36     .2     .5   -6  -.106E-04   .952E-04       -1.5   .212     20.00  .000E+00
   17   37     .3     .5   -6  -.106E-04   .952E-04       -1.5   .212     20.00  .000E+00
   18   38     .4     .5   -6  -.106E-04   .952E-04       -1.5   .212     20.00  .000E+00
   19   39     .5     .5   -6  -.529E-05   .952E-04       -1.5   .212     20.00  .000E+00
   20   66     .2    2.0   -4   .000E+00   .000E+00       -2.0   .193     20.00  .684E-10
   21   67     .2    2.0   -4   .000E+00   .000E+00       -2.6   .178     20.00  .269E-08
   22   68     .1    2.0   -4   .000E+00   .000E+00       -3.1   .169     20.00  .187E-06
   23   69     .1    2.0   -4   .000E+00   .000E+00       -3.3   .166     20.00  .676E-05
   24   70     .1    2.0   -4   .000E+00   .000E+00       -3.3   .166     20.00  .254E-04
   25   71     .0    2.0   -4   .000E+00   .000E+00       -3.3   .166     20.00  .450E-04
   26   72     .0    2.0   -4   .000E+00   .000E+00       -3.3   .166     20.00  .479E-04
   27   73    -.1    2.0   -4   .000E+00   .000E+00       -3.3   .166     20.00  .340E-04
   28   74    -.1    2.0   -4   .000E+00   .000E+00       -3.3   .166     20.00  .166E-04
   29   75    -.1    2.0   -4   .000E+00   .000E+00       -3.1   .169     20.00  .714E-06
   30   76    -.2    2.0   -4   .000E+00   .000E+00       -2.6   .178     20.00  .186E-07


 Time:      4.0000

    i    n    x      z    Code     Q          v           h       th       Temp     Conc
                                 [V/T]      [L/T]        [L]     [-]        [C]    [M/L3]

    1    1     .0    1.7   -3   .000E+00   .000E+00        -.6   .285     20.00  .107E+00
    2    2     .0    1.7   -3   .000E+00   .000E+00        -.6   .287     20.00  .103E+00
    3    3     .0    1.7   -3   .000E+00   .000E+00        -.6   .287     20.00  .102E+00
    4    4     .0    1.7   -3   .000E+00   .000E+00        -.6   .287     20.00  .103E+00
    5    5     .0    1.7   -3   .000E+00   .000E+00        -.6   .286     20.00  .105E+00
    6    6     .0    1.7   -3   .000E+00   .000E+00        -.6   .285     20.00  .108E+00
    7    7     .0    1.7   -3   .000E+00   .000E+00        -.6   .284     20.00  .109E+00
    8    8     .0    1.7   -3   .000E+00   .000E+00        -.6   .284     20.00  .109E+00
    9    9     .0    1.7   -3   .000E+00   .000E+00        -.6   .284     20.00  .109E+00
   10   30    -.5     .5   -6  -.529E-05   .952E-04       -1.5   .212     20.00  .298E-29
   11   31    -.4     .5   -6  -.106E-04   .952E-04       -1.5   .212     20.00  .402E-28
   12   32    -.3     .5   -6  -.106E-04   .952E-04       -1.5   .212     20.00  .132E-27
   13   33    -.2     .5   -6  -.106E-04   .952E-04       -1.5   .212     20.00  .124E-27
   14   34    -.1     .5   -6  -.106E-04   .952E-04       -1.5   .212     20.00  .326E-28
   15   35     .1     .5   -6  -.106E-04   .952E-04       -1.5   .212     20.00  .234E-27
   16   36     .2     .5   -6  -.106E-04   .952E-04       -1.5   .212     20.00  .000E+00
   17   37     .3     .5   -6  -.106E-04   .952E-04       -1.5   .212     20.00  .000E+00
   18   38     .4     .5   -6  -.106E-04   .952E-04       -1.5   .212     20.00  .000E+00
   19   39     .5     .5   -6  -.529E-05   .952E-04       -1.5   .212     20.00  .000E+00
   20   66     .2    2.0   -4   .000E+00   .000E+00       -2.1   .189     20.00  .110E-07
   21   67     .2    2.0   -4   .000E+00   .000E+00       -2.9   .171     20.00  .263E-06
   22   68     .1    2.0   -4   .000E+00   .000E+00       -3.8   .159     20.00  .693E-04
   23   69     .1    2.0   -4   .000E+00   .000E+00       -4.0   .156     20.00  .608E-03
   24   70     .1    2.0   -4   .000E+00   .000E+00       -3.9   .158     20.00  .158E-02
   25   71     .0    2.0   -4   .000E+00   .000E+00       -3.7   .160     20.00  .249E-02
   26   72     .0    2.0   -4   .000E+00   .000E+00       -3.7   .160     20.00  .259E-02
   27   73    -.1    2.0   -4   .000E+00   .000E+00       -3.8   .159     20.00  .187E-02
   28   74    -.1    2.0   -4   .000E+00   .000E+00       -3.9   .157     20.00  .998E-03
   29   75    -.1    2.0   -4   .000E+00   .000E+00       -3.8   .159     20.00  .199E-03
   30   76    -.2    2.0   -4   .000E+00   .000E+00       -2.9   .171     20.00  .106E-05


 Time:      5.0000

    i    n    x      z    Code     Q          v           h       th       Temp     Conc
                                 [V/T]      [L/T]        [L]     [-]        [C]    [M/L3]

    1    1     .0    1.7   -3   .171E-02  -.250E+00        -.1   .411     20.00  .379E-01
    2    2     .0    1.7   -3   .171E-02  -.250E+00        -.1   .411     20.00  .357E-01
    3    3     .0    1.7   -3   .171E-02  -.250E+00        -.1   .411     20.00  .345E-01
    4    4     .0    1.7   -3   .171E-02  -.250E+00        -.1   .411     20.00  .350E-01
    5    5     .0    1.7   -3   .171E-02  -.250E+00        -.1   .411     20.00  .364E-01
    6    6     .0    1.7   -3   .171E-02  -.250E+00        -.1   .411     20.00  .400E-01
    7    7     .0    1.7   -3   .171E-02  -.250E+00        -.1   .411     20.00  .438E-01
    8    8     .0    1.7   -3   .171E-02  -.250E+00        -.1   .411     20.00  .449E-01
    9    9     .0    1.7   -3   .171E-02  -.250E+00        -.1   .411     20.00  .416E-01
   10   30    -.5     .5   -6  -.529E-05   .952E-04       -1.5   .212     20.00  .261E-26
   11   31    -.4     .5   -6  -.106E-04   .952E-04       -1.5   .212     20.00  .230E-25
   12   32    -.3     .5   -6  -.106E-04   .952E-04       -1.5   .212     20.00  .707E-25
   13   33    -.2     .5   -6  -.106E-04   .952E-04       -1.5   .212     20.00  .659E-25
   14   34    -.1     .5   -6  -.106E-04   .952E-04       -1.5   .212     20.00  .186E-25
   15   35     .1     .5   -6  -.106E-04   .952E-04       -1.5   .212     20.00  .144E-24
   16   36     .2     .5   -6  -.106E-04   .952E-04       -1.5   .212     20.00  .151E-27
   17   37     .3     .5   -6  -.106E-04   .952E-04       -1.5   .212     20.00  .000E+00
   18   38     .4     .5   -6  -.106E-04   .952E-04       -1.5   .212     20.00  .000E+00
   19   39     .5     .5   -6  -.529E-05   .952E-04       -1.5   .212     20.00  .000E+00
   20   66     .2    2.0   -4   .000E+00   .000E+00       -2.2   .187     20.00  .202E-06
   21   67     .2    2.0   -4   .000E+00   .000E+00       -3.2   .167     20.00  .839E-05
   22   68     .1    2.0   -4   .000E+00   .000E+00       -4.4   .153     20.00  .996E-03
   23   69     .1    2.0   -4   .000E+00   .000E+00       -4.5   .152     20.00  .462E-02
   24   70     .1    2.0   -4   .000E+00   .000E+00       -4.1   .155     20.00  .896E-02
   25   71     .0    2.0   -4   .000E+00   .000E+00       -3.9   .158     20.00  .122E-01
   26   72     .0    2.0   -4   .000E+00   .000E+00       -3.8   .159     20.00  .124E-01
   27   73    -.1    2.0   -4   .000E+00   .000E+00       -4.1   .156     20.00  .965E-02
   28   74    -.1    2.0   -4   .000E+00   .000E+00       -4.3   .153     20.00  .588E-02
   29   75    -.1    2.0   -4   .000E+00   .000E+00       -4.3   .154     20.00  .160E-02
   30   76    -.2    2.0   -4   .000E+00   .000E+00       -3.2   .167     20.00  .182E-04


 Time:      6.0000

    i    n    x      z    Code     Q          v           h       th       Temp     Conc
                                 [V/T]      [L/T]        [L]     [-]        [C]    [M/L3]

    1    1     .0    1.7   -3   .000E+00   .000E+00        -.6   .292     20.00  .514E-01
    2    2     .0    1.7   -3   .000E+00   .000E+00        -.6   .293     20.00  .496E-01
    3    3     .0    1.7   -3   .000E+00   .000E+00        -.5   .294     20.00  .488E-01
    4    4     .0    1.7   -3   .000E+00   .000E+00        -.6   .294     20.00  .493E-01
    5    5     .0    1.7   -3   .000E+00   .000E+00        -.6   .293     20.00  .506E-01
    6    6     .0    1.7   -3   .000E+00   .000E+00        -.6   .291     20.00  .522E-01
    7    7     .0    1.7   -3   .000E+00   .000E+00        -.6   .290     20.00  .532E-01
    8    8     .0    1.7   -3   .000E+00   .000E+00        -.6   .290     20.00  .532E-01
    9    9     .0    1.7   -3   .000E+00   .000E+00        -.6   .291     20.00  .530E-01
   10   30    -.5     .5   -6  -.529E-05   .952E-04       -1.5   .212     20.00  .468E-24
   11   31    -.4     .5   -6  -.106E-04   .952E-04       -1.5   .212     20.00  .402E-23
   12   32    -.3     .5   -6  -.106E-04   .952E-04       -1.5   .212     20.00  .120E-22
   13   33    -.2     .5   -6  -.106E-04   .952E-04       -1.5   .212     20.00  .113E-22
   14   34    -.1     .5   -6  -.106E-04   .952E-04       -1.5   .212     20.00  .369E-23
   15   35     .1     .5   -6  -.106E-04   .952E-04       -1.5   .212     20.00  .300E-22
   16   36     .2     .5   -6  -.106E-04   .952E-04       -1.5   .212     20.00  .533E-25
   17   37     .3     .5   -6  -.106E-04   .952E-04       -1.5   .212     20.00  .340E-27
   18   38     .4     .5   -6  -.106E-04   .952E-04       -1.5   .212     20.00  .118E-29
   19   39     .5     .5   -6  -.529E-05   .952E-04       -1.5   .212     20.00  .207E-28
   20   66     .2    2.0   -4   .000E+00   .000E+00       -2.2   .187     20.00 -.190E-05
   21   67     .2    2.0   -4   .000E+00   .000E+00       -3.2   .167     20.00  .160E-03
   22   68     .1    2.0   -4   .000E+00   .000E+00       -4.3   .154     20.00  .662E-02
   23   69     .1    2.0   -4   .000E+00   .000E+00       -4.0   .156     20.00  .196E-01
   24   70     .1    2.0   -4   .000E+00   .000E+00       -3.5   .163     20.00  .314E-01
   25   71     .0    2.0   -4   .000E+00   .000E+00       -3.1   .168     20.00  .385E-01
   26   72     .0    2.0   -4   .000E+00   .000E+00       -3.1   .168     20.00  .386E-01
   27   73    -.1    2.0   -4   .000E+00   .000E+00       -3.4   .164     20.00  .320E-01
   28   74    -.1    2.0   -4   .000E+00   .000E+00       -3.8   .159     20.00  .220E-01
   29   75    -.1    2.0   -4   .000E+00   .000E+00       -4.1   .156     20.00  .844E-02
   30   76    -.2    2.0   -4   .000E+00   .000E+00       -3.2   .167     20.00  .304E-03


 Time:     10.0000

    i    n    x      z    Code     Q          v           h       th       Temp     Conc
                                 [V/T]      [L/T]        [L]     [-]        [C]    [M/L3]

    1    1     .0    1.7   -3   .000E+00   .000E+00       -1.1   .233     20.00  .754E-01
    2    2     .0    1.7   -3   .000E+00   .000E+00       -1.1   .236     20.00  .703E-01
    3    3     .0    1.7   -3   .000E+00   .000E+00       -1.1   .238     20.00  .662E-01
    4    4     .0    1.7   -3   .000E+00   .000E+00       -1.1   .237     20.00  .686E-01
    5    5     .0    1.7   -3   .000E+00   .000E+00       -1.1   .234     20.00  .734E-01
    6    6     .0    1.7   -3   .000E+00   .000E+00       -1.2   .231     20.00  .784E-01
    7    7     .0    1.7   -3   .000E+00   .000E+00       -1.2   .228     20.00  .836E-01
    8    8     .0    1.7   -3   .000E+00   .000E+00       -1.2   .227     20.00  .852E-01
    9    9     .0    1.7   -3   .000E+00   .000E+00       -1.2   .229     20.00  .810E-01
   10   30    -.5     .5   -6  -.529E-05   .952E-04       -1.5   .212     20.00  .651E-18
   11   31    -.4     .5   -6  -.106E-04   .952E-04       -1.5   .212     20.00  .460E-17
   12   32    -.3     .5   -6  -.106E-04   .952E-04       -1.5   .212     20.00  .115E-16
   13   33    -.2     .5   -6  -.106E-04   .952E-04       -1.5   .212     20.00  .122E-16
   14   34    -.1     .5   -6  -.106E-04   .952E-04       -1.5   .212     20.00  .861E-17
   15   35     .1     .5   -6  -.106E-04   .952E-04       -1.5   .212     20.00  .669E-16
   16   36     .2     .5   -6  -.106E-04   .952E-04       -1.5   .212     20.00  .266E-18
   17   37     .3     .5   -6  -.106E-04   .952E-04       -1.5   .212     20.00  .177E-19
   18   38     .4     .5   -6  -.106E-04   .952E-04       -1.5   .212     20.00  .127E-21
   19   39     .5     .5   -6  -.529E-05   .952E-04       -1.5   .212     20.00  .583E-21
   20   66     .2    2.0   -4   .000E+00   .000E+00       -2.2   .188     20.00  .277E-03
   21   67     .2    2.0   -4   .000E+00   .000E+00       -3.3   .166     20.00  .357E-02
   22   68     .1    2.0   -4   .000E+00   .000E+00       -5.2   .146     20.00  .394E-01
   23   69     .1    2.0   -4   .000E+00   .000E+00       -6.3   .139     20.00  .846E-01
   24   70     .1    2.0   -4   .000E+00   .000E+00       -6.2   .140     20.00  .102E+00
   25   71     .0    2.0   -4   .000E+00   .000E+00       -6.0   .141     20.00  .110E+00
   26   72     .0    2.0   -4   .000E+00   .000E+00       -6.0   .141     20.00  .109E+00
   27   73    -.1    2.0   -4   .000E+00   .000E+00       -6.2   .140     20.00  .101E+00
   28   74    -.1    2.0   -4   .000E+00   .000E+00       -6.2   .140     20.00  .840E-01
   29   75    -.1    2.0   -4   .000E+00   .000E+00       -5.3   .145     20.00  .424E-01
   30   76    -.2    2.0   -4   .000E+00   .000E+00       -3.3   .165     20.00  .405E-02
