 Welcome to HYDRUS-2D                                                    
 
 Program HYDRUS2
 Date:  18. 2.    Time:  13:52:45
 Time dependent boundary conditions
 Vertical plane flow, V = L*L
 Units: L = m    , T = days , M = mmol 

 Max. number of iterations             20
 Absolute water content tolerance [-]  .00050
 Absolute pressure head tolerance [L]  .10000



MatNum, Param. array:

   Mat     Qr     Qs        Alfa         n          Ks      l

    1     .078   .430    .360E+01    .156E+01    .250E+00   .500

       Table of Hydraulic Properties which are interpolated in simulation
       =================================================================

  theta         h        log h        C             K        log K          S
 
   .4300   -.100E-02  -.3000E+01   .3037E-01   .2287E+00  -.6408E+00     .9999
   .4300   -.113E-02  -.2945E+01   .3258E-01   .2272E+00  -.6436E+00     .9999
   .4300   -.129E-02  -.2891E+01   .3495E-01   .2256E+00  -.6467E+00     .9999
   .4300   -.146E-02  -.2836E+01   .3750E-01   .2239E+00  -.6499E+00     .9999
   .4300   -.165E-02  -.2782E+01   .4023E-01   .2221E+00  -.6535E+00     .9999
   .4299   -.187E-02  -.2727E+01   .4315E-01   .2201E+00  -.6573E+00     .9999
   .4299   -.212E-02  -.2673E+01   .4629E-01   .2181E+00  -.6614E+00     .9998
   .4299   -.241E-02  -.2618E+01   .4965E-01   .2159E+00  -.6658E+00     .9998
   .4299   -.273E-02  -.2564E+01   .5326E-01   .2135E+00  -.6706E+00     .9997
   .4299   -.310E-02  -.2509E+01   .5713E-01   .2110E+00  -.6758E+00     .9997
   .4299   -.351E-02  -.2455E+01   .6127E-01   .2083E+00  -.6814E+00     .9996
   .4298   -.398E-02  -.2400E+01   .6571E-01   .2054E+00  -.6874E+00     .9995
   .4298   -.451E-02  -.2346E+01   .7047E-01   .2024E+00  -.6939E+00     .9994
   .4298   -.511E-02  -.2291E+01   .7557E-01   .1991E+00  -.7009E+00     .9993
   .4297   -.580E-02  -.2237E+01   .8103E-01   .1957E+00  -.7085E+00     .9991
   .4296   -.657E-02  -.2182E+01   .8687E-01   .1920E+00  -.7167E+00     .9990
   .4296   -.745E-02  -.2128E+01   .9311E-01   .1881E+00  -.7257E+00     .9987
   .4295   -.845E-02  -.2073E+01   .9979E-01   .1839E+00  -.7353E+00     .9985
   .4293   -.958E-02  -.2019E+01   .1069E+00   .1795E+00  -.7458E+00     .9981
   .4292   -.109E-01  -.1964E+01   .1145E+00   .1749E+00  -.7572E+00     .9977
   .4290   -.123E-01  -.1910E+01   .1227E+00   .1700E+00  -.7696E+00     .9972
   .4288   -.140E-01  -.1855E+01   .1313E+00   .1648E+00  -.7830E+00     .9966
   .4286   -.158E-01  -.1800E+01   .1405E+00   .1593E+00  -.7977E+00     .9959
   .4283   -.180E-01  -.1746E+01   .1502E+00   .1536E+00  -.8137E+00     .9950
   .4279   -.204E-01  -.1691E+01   .1605E+00   .1475E+00  -.8311E+00     .9940
   .4274   -.231E-01  -.1637E+01   .1713E+00   .1412E+00  -.8501E+00     .9927
   .4269   -.262E-01  -.1582E+01   .1827E+00   .1346E+00  -.8709E+00     .9911
   .4262   -.297E-01  -.1528E+01   .1946E+00   .1278E+00  -.8936E+00     .9893
   .4254   -.336E-01  -.1473E+01   .2070E+00   .1206E+00  -.9186E+00     .9870
   .4245   -.381E-01  -.1419E+01   .2198E+00   .1133E+00  -.9459E+00     .9843
   .4233   -.432E-01  -.1364E+01   .2328E+00   .1057E+00  -.9759E+00     .9810
   .4219   -.490E-01  -.1310E+01   .2460E+00   .9798E-01  -.1009E+01     .9771
   .4203   -.556E-01  -.1255E+01   .2592E+00   .9013E-01  -.1045E+01     .9724
   .4183   -.630E-01  -.1201E+01   .2720E+00   .8223E-01  -.1085E+01     .9667
   .4159   -.714E-01  -.1146E+01   .2843E+00   .7432E-01  -.1129E+01     .9601
   .4132   -.810E-01  -.1092E+01   .2956E+00   .6650E-01  -.1177E+01     .9522
   .4099   -.918E-01  -.1037E+01   .3056E+00   .5885E-01  -.1230E+01     .9429
   .4061   -.104E+00  -.9826E+00   .3139E+00   .5144E-01  -.1289E+01     .9321
   .4017   -.118E+00  -.9281E+00   .3199E+00   .4438E-01  -.1353E+01     .9196
   .3966   -.134E+00  -.8735E+00   .3232E+00   .3775E-01  -.1423E+01     .9051
   .3908   -.152E+00  -.8190E+00   .3235E+00   .3163E-01  -.1500E+01     .8887
   .3843   -.172E+00  -.7645E+00   .3204E+00   .2609E-01  -.1584E+01     .8701
   .3770   -.195E+00  -.7100E+00   .3137E+00   .2116E-01  -.1674E+01     .8494
   .3689   -.221E+00  -.6554E+00   .3035E+00   .1687E-01  -.1773E+01     .8265
   .3601   -.251E+00  -.6009E+00   .2900E+00   .1322E-01  -.1879E+01     .8015
   .3507   -.284E+00  -.5464E+00   .2735E+00   .1019E-01  -.1992E+01     .7747
   .3407   -.322E+00  -.4919E+00   .2546E+00   .7714E-02  -.2113E+01     .7462
   .3301   -.365E+00  -.4373E+00   .2339E+00   .5747E-02  -.2241E+01     .7163
   .3192   -.414E+00  -.3828E+00   .2123E+00   .4216E-02  -.2375E+01     .6854
   .3081   -.470E+00  -.3283E+00   .1904E+00   .3047E-02  -.2516E+01     .6537
   .2968   -.532E+00  -.2738E+00   .1689E+00   .2173E-02  -.2663E+01     .6217
   .2856   -.604E+00  -.2192E+00   .1484E+00   .1531E-02  -.2815E+01     .5896
   .2744   -.684E+00  -.1647E+00   .1291E+00   .1067E-02  -.2972E+01     .5579
   .2634   -.776E+00  -.1102E+00   .1114E+00   .7361E-03  -.3133E+01     .5267
   .2527   -.880E+00  -.5567E-01   .9541E-01   .5036E-03  -.3298E+01     .4963
   .2423   -.997E+00  -.1145E-02   .8122E-01   .3420E-03  -.3466E+01     .4669
   .2324   -.113E+01   .5338E-01   .6876E-01   .2308E-03  -.3637E+01     .4386
   .2228   -.128E+01   .1079E+00   .5793E-01   .1549E-03  -.3810E+01     .4115
   .2137   -.145E+01   .1624E+00   .4862E-01   .1035E-03  -.3985E+01     .3856
   .2051   -.165E+01   .2170E+00   .4066E-01   .6885E-04  -.4162E+01     .3611
   .1969   -.187E+01   .2715E+00   .3391E-01   .4566E-04  -.4340E+01     .3378
   .1892   -.212E+01   .3260E+00   .2821E-01   .3020E-04  -.4520E+01     .3159
   .1819   -.240E+01   .3805E+00   .2342E-01   .1993E-04  -.4701E+01     .2952
   .1751   -.272E+01   .4351E+00   .1941E-01   .1312E-04  -.4882E+01     .2757
   .1686   -.309E+01   .4896E+00   .1606E-01   .8629E-05  -.5064E+01     .2575
   .1626   -.350E+01   .5441E+00   .1328E-01   .5666E-05  -.5247E+01     .2403
   .1569   -.397E+01   .5986E+00   .1097E-01   .3717E-05  -.5430E+01     .2243
   .1517   -.450E+01   .6532E+00   .9051E-02   .2436E-05  -.5613E+01     .2093
   .1467   -.510E+01   .7077E+00   .7464E-02   .1595E-05  -.5797E+01     .1952
   .1421   -.578E+01   .7622E+00   .6152E-02   .1044E-05  -.5981E+01     .1821
   .1378   -.656E+01   .8167E+00   .5068E-02   .6828E-06  -.6166E+01     .1698
   .1337   -.743E+01   .8712E+00   .4174E-02   .4464E-06  -.6350E+01     .1584
   .1300   -.843E+01   .9258E+00   .3437E-02   .2918E-06  -.6535E+01     .1477
   .1265   -.956E+01   .9803E+00   .2829E-02   .1907E-06  -.6720E+01     .1377
   .1232   -.108E+02   .1035E+01   .2328E-02   .1246E-06  -.6905E+01     .1284
   .1201   -.123E+02   .1089E+01   .1915E-02   .8135E-07  -.7090E+01     .1197
   .1173   -.139E+02   .1144E+01   .1576E-02   .5312E-07  -.7275E+01     .1116
   .1146   -.158E+02   .1198E+01   .1296E-02   .3469E-07  -.7460E+01     .1040
   .1121   -.179E+02   .1253E+01   .1066E-02   .2265E-07  -.7645E+01     .0970
   .1098   -.203E+02   .1307E+01   .8767E-03   .1478E-07  -.7830E+01     .0904
   .1077   -.230E+02   .1362E+01   .7210E-03   .9651E-08  -.8015E+01     .0843
   .1056   -.261E+02   .1416E+01   .5929E-03   .6299E-08  -.8201E+01     .0785
   .1038   -.296E+02   .1471E+01   .4875E-03   .4112E-08  -.8386E+01     .0732
   .1020   -.335E+02   .1526E+01   .4009E-03   .2684E-08  -.8571E+01     .0682
   .1004   -.380E+02   .1580E+01   .3296E-03   .1751E-08  -.8757E+01     .0636
   .0989   -.431E+02   .1635E+01   .2710E-03   .1143E-08  -.8942E+01     .0593
   .0975   -.489E+02   .1689E+01   .2228E-03   .7460E-09  -.9127E+01     .0553
   .0961   -.554E+02   .1744E+01   .1832E-03   .4868E-09  -.9313E+01     .0515
   .0949   -.628E+02   .1798E+01   .1506E-03   .3177E-09  -.9498E+01     .0480
   .0938   -.712E+02   .1853E+01   .1239E-03   .2073E-09  -.9683E+01     .0448
   .0927   -.808E+02   .1907E+01   .1018E-03   .1353E-09  -.9869E+01     .0417
   .0917   -.916E+02   .1962E+01   .8372E-04   .8830E-10  -.1005E+02     .0389
   .0908   -.104E+03   .2016E+01   .6883E-04   .5762E-10  -.1024E+02     .0363
   .0899   -.118E+03   .2071E+01   .5659E-04   .3760E-10  -.1042E+02     .0338
   .0891   -.133E+03   .2125E+01   .4652E-04   .2454E-10  -.1061E+02     .0315
   .0883   -.151E+03   .2180E+01   .3825E-04   .1601E-10  -.1080E+02     .0294
   .0876   -.172E+03   .2234E+01   .3145E-04   .1045E-10  -.1098E+02     .0274
   .0870   -.194E+03   .2289E+01   .2585E-04   .6819E-11  -.1117E+02     .0255
   .0864   -.221E+03   .2343E+01   .2125E-04   .4450E-11  -.1135E+02     .0238
   .0858   -.250E+03   .2398E+01   .1747E-04   .2904E-11  -.1154E+02     .0222
end

 Solute transport information
 ============================

 Galerkin finite-element method

 Number of species in the chain :   1

 Mat.     Bulk.D.    DispL     DispT    Fraction  ImmobileWC
   1       1.5000     .1000     .0100    1.0000     .0000

    Dif.w.      Dif.g.   -------------------------------------------------- ( 1.solute)
   .0000E+00   .0000E+00
 Mat.     KS         Nu         Beta      Henry      SinkL1     SinkS1     SinkG1     SinkL1`    SinkS1`    SinkG1`    SinkL0     SinkS0     SinkG0      Alfa
   1  .0000E+00  .0000E+00  .1000E+01  .0000E+00  .0000E+00  .0000E+00  .0000E+00  .0000E+00  .0000E+00  .0000E+00  .0000E+00  .0000E+00  .0000E+00  .0000E+00

 No adsorption or linear adsorp. isotherm for material  1

   Conc1     Conc2     Conc3     Conc4     cSink     cWell     Conc7     gAtm          d
  .000E+00  .100E+01  .000E+00  .000E+00  .000E+00  .000E+00  .000E+00  .000E+00     .0000

 tPulse =            10.000
