

       Time         hAtm       hRoot     hKode3     hKode1        hSeep     hKode5     hKode6 ... 
      [T]          [L]        [L]        [L]        [L]        [L]        [L]        [L]

         .0001       -1.5       -1.5       -1.3         .0         .0         .0       -1.5
         .0002       -1.5       -1.5       -1.2         .0         .0         .0       -1.5
         .0003       -1.5       -1.5       -1.1         .0         .0         .0       -1.5
         .0005       -1.5       -1.5       -1.0         .0         .0         .0       -1.5
         .0007       -1.5       -1.5        -.9         .0         .0         .0       -1.5
         .0008       -1.5       -1.5        -.8         .0         .0         .0       -1.5
         .0010       -1.5       -1.5        -.8         .0         .0         .0       -1.5
         .0012       -1.5       -1.5        -.8         .0         .0         .0       -1.5
         .0013       -1.5       -1.5        -.7         .0         .0         .0       -1.5
         .0015       -1.5       -1.5        -.7         .0         .0         .0       -1.5
         .0017       -1.5       -1.5        -.7         .0         .0         .0       -1.5
         .0019       -1.5       -1.5        -.7         .0         .0         .0       -1.5
         .0020       -1.5       -1.5        -.6         .0         .0         .0       -1.5
         .0022       -1.5       -1.5        -.6         .0         .0         .0       -1.5
         .0025       -1.5       -1.5        -.6         .0         .0         .0       -1.5
         .0027       -1.5       -1.5        -.6         .0         .0         .0       -1.5
         .0029       -1.5       -1.5        -.6         .0         .0         .0       -1.5
         .0031       -1.5       -1.5        -.6         .0         .0         .0       -1.5
         .0033       -1.5       -1.5        -.6         .0         .0         .0       -1.5
         .0036       -1.5       -1.5        -.5         .0         .0         .0       -1.5
         .0039       -1.5       -1.5        -.5         .0         .0         .0       -1.5
         .0042       -1.5       -1.5        -.5         .0         .0         .0       -1.5
         .0045       -1.5       -1.5        -.5         .0         .0         .0       -1.5
         .0048       -1.5       -1.5        -.5         .0         .0         .0       -1.5
         .0051       -1.5       -1.5        -.5         .0         .0         .0       -1.5
         .0054       -1.5       -1.5        -.5         .0         .0         .0       -1.5
         .0058       -1.5       -1.5        -.5         .0         .0         .0       -1.5
         .0062       -1.5       -1.5        -.5         .0         .0         .0       -1.5
         .0065       -1.5       -1.5        -.5         .0         .0         .0       -1.5
         .0069       -1.5       -1.5        -.5         .0         .0         .0       -1.5
         .0073       -1.5       -1.5        -.5         .0         .0         .0       -1.5
         .0078       -1.5       -1.5        -.4         .0         .0         .0       -1.5
         .0082       -1.5       -1.5        -.4         .0         .0         .0       -1.5
         .0087       -1.5       -1.5        -.4         .0         .0         .0       -1.5
         .0092       -1.5       -1.5        -.4         .0         .0         .0       -1.5
         .0097       -1.5       -1.5        -.4         .0         .0         .0       -1.5
         .0102       -1.5       -1.5        -.4         .0         .0         .0       -1.5
         .0107       -1.5       -1.5        -.4         .0         .0         .0       -1.5
         .0111       -1.5       -1.5        -.4         .0         .0         .0       -1.5
         .0116       -1.5       -1.5        -.4         .0         .0         .0       -1.5
         .0121       -1.5       -1.5        -.4         .0         .0         .0       -1.5
         .0126       -1.5       -1.5        -.4         .0         .0         .0       -1.5
         .0131       -1.5       -1.5        -.4         .0         .0         .0       -1.5
         .0137       -1.5       -1.5        -.4         .0         .0         .0       -1.5
         .0143       -1.5       -1.5        -.4         .0         .0         .0       -1.5
         .0151       -1.5       -1.5        -.4         .0         .0         .0       -1.5
         .0160       -1.5       -1.5        -.4         .0         .0         .0       -1.5
         .0168       -1.5       -1.5        -.4         .0         .0         .0       -1.5
         .0176       -1.5       -1.5        -.4         .0         .0         .0       -1.5
         .0184       -1.5       -1.5        -.4         .0         .0         .0       -1.5
         .0192       -1.5       -1.5        -.4         .0         .0         .0       -1.5
         .0200       -1.5       -1.5        -.4         .0         .0         .0       -1.5
         .0209       -1.5       -1.5        -.3         .0         .0         .0       -1.5
         .0217       -1.5       -1.5        -.3         .0         .0         .0       -1.5
         .0227       -1.5       -1.5        -.3         .0         .0         .0       -1.5
         .0238       -1.5       -1.5        -.3         .0         .0         .0       -1.5
         .0248       -1.5       -1.5        -.3         .0         .0         .0       -1.5
         .0259       -1.5       -1.5        -.3         .0         .0         .0       -1.5
         .0270       -1.5       -1.5        -.3         .0         .0         .0       -1.5
         .0280       -1.5       -1.5        -.3         .0         .0         .0       -1.5
         .0291       -1.5       -1.5        -.3         .0         .0         .0       -1.5
         .0301       -1.5       -1.5        -.3         .0         .0         .0       -1.5
         .0312       -1.5       -1.5        -.3         .0         .0         .0       -1.5
         .0323       -1.5       -1.5        -.3         .0         .0         .0       -1.5
         .0336       -1.5       -1.5        -.3         .0         .0         .0       -1.5
         .0350       -1.5       -1.5        -.3         .0         .0         .0       -1.5
         .0364       -1.5       -1.5        -.3         .0         .0         .0       -1.5
         .0378       -1.5       -1.5        -.3         .0         .0         .0       -1.5
         .0392       -1.5       -1.5        -.3         .0         .0         .0       -1.5
         .0405       -1.5       -1.5        -.3         .0         .0         .0       -1.5
         .0424       -1.5       -1.5        -.3         .0         .0         .0       -1.5
         .0442       -1.5       -1.5        -.3         .0         .0         .0       -1.5
         .0460       -1.5       -1.5        -.3         .0         .0         .0       -1.5
         .0478       -1.5       -1.5        -.3         .0         .0         .0       -1.5
         .0496       -1.5       -1.5        -.3         .0         .0         .0       -1.5
         .0514       -1.5       -1.5        -.3         .0         .0         .0       -1.5
         .0532       -1.5       -1.5        -.3         .0         .0         .0       -1.5
         .0550       -1.5       -1.5        -.3         .0         .0         .0       -1.5
         .0568       -1.5       -1.5        -.3         .0         .0         .0       -1.5
         .0586       -1.5       -1.5        -.3         .0         .0         .0       -1.5
         .0604       -1.5       -1.5        -.3         .0         .0         .0       -1.5
         .0627       -1.5       -1.5        -.3         .0         .0         .0       -1.5
         .0650       -1.5       -1.5        -.3         .0         .0         .0       -1.5
         .0674       -1.5       -1.5        -.3         .0         .0         .0       -1.5
         .0697       -1.5       -1.5        -.3         .0         .0         .0       -1.5
         .0720       -1.5       -1.5        -.3         .0         .0         .0       -1.5
         .0744       -1.5       -1.5        -.3         .0         .0         .0       -1.5
         .0767       -1.5       -1.5        -.3         .0         .0         .0       -1.5
         .0790       -1.5       -1.5        -.3         .0         .0         .0       -1.5
         .0813       -1.5       -1.5        -.3         .0         .0         .0       -1.5
         .0837       -1.5       -1.5        -.3         .0         .0         .0       -1.5
         .0869       -1.5       -1.5        -.3         .0         .0         .0       -1.5
         .0902       -1.5       -1.5        -.2         .0         .0         .0       -1.5
         .0935       -1.5       -1.5        -.2         .0         .0         .0       -1.5
         .0967       -1.5       -1.5        -.2         .0         .0         .0       -1.5
         .1000       -1.5       -1.5        -.2         .0         .0         .0       -1.5
         .1030       -1.5       -1.5        -.2         .0         .0         .0       -1.5
         .1061       -1.5       -1.5        -.2         .0         .0         .0       -1.5
         .1091       -1.5       -1.5        -.2         .0         .0         .0       -1.5
         .1121       -1.6       -1.5        -.2         .0         .0         .0       -1.5
         .1152       -1.6       -1.5        -.2         .0         .0         .0       -1.5
         .1191       -1.6       -1.5        -.2         .0         .0         .0       -1.5
         .1230       -1.6       -1.5        -.2         .0         .0         .0       -1.5
         .1269       -1.6       -1.5        -.2         .0         .0         .0       -1.5
         .1309       -1.6       -1.5        -.2         .0         .0         .0       -1.5
         .1348       -1.6       -1.5        -.2         .0         .0         .0       -1.5
         .1387       -1.6       -1.5        -.2         .0         .0         .0       -1.5
         .1426       -1.6       -1.5        -.2         .0         .0         .0       -1.5
         .1466       -1.6       -1.5        -.2         .0         .0         .0       -1.5
         .1505       -1.6       -1.5        -.2         .0         .0         .0       -1.5
         .1544       -1.6       -1.5        -.2         .0         .0         .0       -1.5
         .1583       -1.6       -1.5        -.2         .0         .0         .0       -1.5
         .1623       -1.6       -1.5        -.2         .0         .0         .0       -1.5
         .1662       -1.6       -1.5        -.2         .0         .0         .0       -1.5
         .1701       -1.6       -1.5        -.2         .0         .0         .0       -1.5
         .1753       -1.6       -1.5        -.2         .0         .0         .0       -1.5
         .1804       -1.6       -1.5        -.2         .0         .0         .0       -1.5
         .1856       -1.6       -1.5        -.2         .0         .0         .0       -1.5
         .1907       -1.6       -1.5        -.2         .0         .0         .0       -1.5
         .1959       -1.6       -1.5        -.2         .0         .0         .0       -1.5
         .2011       -1.6       -1.5        -.2         .0         .0         .0       -1.5
         .2062       -1.6       -1.5        -.2         .0         .0         .0       -1.5
         .2114       -1.6       -1.5        -.2         .0         .0         .0       -1.5
         .2165       -1.6       -1.5        -.2         .0         .0         .0       -1.5
         .2217       -1.6       -1.5        -.2         .0         .0         .0       -1.5
         .2268       -1.6       -1.5        -.2         .0         .0         .0       -1.5
         .2321       -1.6       -1.5        -.2         .0         .0         .0       -1.5
         .2373       -1.6       -1.5        -.2         .0         .0         .0       -1.5
         .2426       -1.6       -1.5        -.2         .0         .0         .0       -1.5
         .2478       -1.6       -1.5        -.2         .0         .0         .0       -1.5
         .2531       -1.6       -1.5        -.2         .0         .0         .0       -1.5
         .2583       -1.6       -1.5        -.2         .0         .0         .0       -1.5
         .2636       -1.6       -1.5        -.2         .0         .0         .0       -1.5
         .2689       -1.6       -1.5        -.2         .0         .0         .0       -1.5
         .2741       -1.6       -1.5        -.2         .0         .0         .0       -1.5
         .2794       -1.6       -1.5        -.2         .0         .0         .0       -1.5
         .2846       -1.6       -1.5        -.2         .0         .0         .0       -1.5
         .2899       -1.6       -1.5        -.2         .0         .0         .0       -1.5
         .2953       -1.6       -1.5        -.2         .0         .0         .0       -1.5
         .3006       -1.6       -1.5        -.2         .0         .0         .0       -1.5
         .3059       -1.6       -1.5        -.2         .0         .0         .0       -1.5
         .3113       -1.6       -1.5        -.2         .0         .0         .0       -1.5
         .3166       -1.6       -1.5        -.2         .0         .0         .0       -1.5
         .3220       -1.6       -1.5        -.2         .0         .0         .0       -1.5
         .3273       -1.6       -1.5        -.2         .0         .0         .0       -1.5
         .3327       -1.6       -1.5        -.2         .0         .0         .0       -1.5
         .3381       -1.6       -1.5        -.2         .0         .0         .0       -1.5
         .3434       -1.6       -1.5        -.2         .0         .0         .0       -1.5
         .3488       -1.6       -1.5        -.2         .0         .0         .0       -1.5
         .3542       -1.6       -1.5        -.2         .0         .0         .0       -1.5
         .3596       -1.7       -1.4        -.2         .0         .0         .0       -1.5
         .3649       -1.7       -1.4        -.2         .0         .0         .0       -1.5
         .3703       -1.7       -1.4        -.2         .0         .0         .0       -1.5
         .3757       -1.7       -1.4        -.2         .0         .0         .0       -1.5
         .3811       -1.7       -1.4        -.2         .0         .0         .0       -1.5
         .3865       -1.7       -1.4        -.2         .0         .0         .0       -1.5
         .3919       -1.7       -1.4        -.2         .0         .0         .0       -1.5
         .3973       -1.7       -1.4        -.2         .0         .0         .0       -1.5
         .4027       -1.7       -1.4        -.2         .0         .0         .0       -1.5
         .4081       -1.7       -1.4        -.2         .0         .0         .0       -1.5
         .4135       -1.7       -1.4        -.2         .0         .0         .0       -1.5
         .4189       -1.7       -1.4        -.2         .0         .0         .0       -1.5
         .4243       -1.7       -1.4        -.2         .0         .0         .0       -1.5
         .4297       -1.7       -1.4        -.2         .0         .0         .0       -1.5
         .4351       -1.7       -1.4        -.2         .0         .0         .0       -1.5
         .4405       -1.7       -1.4        -.2         .0         .0         .0       -1.5
         .4459       -1.7       -1.4        -.2         .0         .0         .0       -1.5
         .4513       -1.7       -1.4        -.2         .0         .0         .0       -1.5
         .4567       -1.7       -1.4        -.2         .0         .0         .0       -1.5
         .4621       -1.7       -1.4        -.2         .0         .0         .0       -1.5
         .4675       -1.7       -1.4        -.2         .0         .0         .0       -1.5
         .4729       -1.7       -1.4        -.2         .0         .0         .0       -1.5
         .4783       -1.7       -1.4        -.2         .0         .0         .0       -1.5
         .4837       -1.7       -1.4        -.2         .0         .0         .0       -1.5
         .4891       -1.7       -1.4        -.2         .0         .0         .0       -1.5
         .4946       -1.7       -1.4        -.2         .0         .0         .0       -1.5
         .4973       -1.7       -1.4        -.2         .0         .0         .0       -1.5
         .5000       -1.7       -1.4        -.2         .0         .0         .0       -1.5
         .5054       -1.7       -1.4        -.2         .0         .0         .0       -1.5
         .5109       -1.7       -1.4        -.2         .0         .0         .0       -1.5
         .5163       -1.7       -1.4        -.2         .0         .0         .0       -1.5
         .5217       -1.7       -1.4        -.2         .0         .0         .0       -1.5
         .5271       -1.7       -1.4        -.2         .0         .0         .0       -1.5
         .5326       -1.7       -1.4        -.2         .0         .0         .0       -1.5
         .5380       -1.7       -1.4        -.2         .0         .0         .0       -1.5
         .5435       -1.7       -1.4        -.2         .0         .0         .0       -1.5
         .5489       -1.7       -1.4        -.2         .0         .0         .0       -1.5
         .5543       -1.7       -1.4        -.2         .0         .0         .0       -1.5
         .5598       -1.7       -1.4        -.2         .0         .0         .0       -1.5
         .5652       -1.7       -1.4        -.2         .0         .0         .0       -1.5
         .5706       -1.7       -1.4        -.2         .0         .0         .0       -1.5
         .5761       -1.7       -1.4        -.2         .0         .0         .0       -1.5
         .5815       -1.7       -1.4        -.2         .0         .0         .0       -1.5
         .5869       -1.7       -1.4        -.2         .0         .0         .0       -1.5
         .5924       -1.7       -1.4        -.2         .0         .0         .0       -1.5
         .5978       -1.8       -1.4        -.2         .0         .0         .0       -1.5
         .6032       -1.8       -1.4        -.2         .0         .0         .0       -1.5
         .6087       -1.8       -1.4        -.2         .0         .0         .0       -1.5
         .6141       -1.8       -1.4        -.2         .0         .0         .0       -1.5
         .6196       -1.8       -1.4        -.2         .0         .0         .0       -1.5
         .6251       -1.8       -1.4        -.2         .0         .0         .0       -1.5
         .6306       -1.8       -1.4        -.2         .0         .0         .0       -1.5
         .6361       -1.8       -1.4        -.2         .0         .0         .0       -1.5
         .6415       -1.8       -1.4        -.2         .0         .0         .0       -1.5
         .6470       -1.8       -1.4        -.2         .0         .0         .0       -1.5
         .6525       -1.8       -1.4        -.2         .0         .0         .0       -1.5
         .6580       -1.8       -1.4        -.2         .0         .0         .0       -1.5
         .6635       -1.8       -1.4        -.2         .0         .0         .0       -1.5
         .6690       -1.8       -1.4        -.2         .0         .0         .0       -1.5
         .6745       -1.8       -1.4        -.2         .0         .0         .0       -1.5
         .6800       -1.8       -1.4        -.2         .0         .0         .0       -1.5
         .6855       -1.8       -1.4        -.2         .0         .0         .0       -1.5
         .6910       -1.8       -1.4        -.2         .0         .0         .0       -1.5
         .6965       -1.8       -1.4        -.2         .0         .0         .0       -1.5
         .7020       -1.8       -1.4        -.2         .0         .0         .0       -1.5
         .7075       -1.8       -1.4        -.2         .0         .0         .0       -1.5
         .7130       -1.8       -1.4        -.2         .0         .0         .0       -1.5
         .7185       -1.8       -1.4        -.2         .0         .0         .0       -1.5
         .7240       -1.8       -1.4        -.2         .0         .0         .0       -1.5
         .7295       -1.8       -1.4        -.2         .0         .0         .0       -1.5
         .7350       -1.8       -1.4        -.2         .0         .0         .0       -1.5
         .7405       -1.8       -1.4        -.2         .0         .0         .0       -1.5
         .7461       -1.8       -1.4        -.2         .0         .0         .0       -1.5
         .7516       -1.8       -1.4        -.2         .0         .0         .0       -1.5
         .7571       -1.8       -1.4        -.2         .0         .0         .0       -1.5
         .7626       -1.8       -1.4        -.2         .0         .0         .0       -1.5
         .7681       -1.8       -1.4        -.2         .0         .0         .0       -1.5
         .7737       -1.8       -1.4        -.2         .0         .0         .0       -1.5
         .7792       -1.8       -1.4        -.2         .0         .0         .0       -1.5
         .7847       -1.8       -1.4        -.2         .0         .0         .0       -1.5
         .7902       -1.8       -1.4        -.2         .0         .0         .0       -1.5
         .7957       -1.8       -1.4        -.2         .0         .0         .0       -1.5
         .8013       -1.8       -1.4        -.2         .0         .0         .0       -1.5
         .8068       -1.8       -1.4        -.2         .0         .0         .0       -1.5
         .8123       -1.8       -1.4        -.2         .0         .0         .0       -1.5
         .8178       -1.8       -1.4        -.2         .0         .0         .0       -1.5
         .8233       -1.8       -1.4        -.2         .0         .0         .0       -1.5
         .8289       -1.8       -1.4        -.2         .0         .0         .0       -1.5
         .8344       -1.9       -1.4        -.2         .0         .0         .0       -1.5
         .8399       -1.9       -1.4        -.2         .0         .0         .0       -1.5
         .8454       -1.9       -1.4        -.2         .0         .0         .0       -1.5
         .8509       -1.9       -1.4        -.2         .0         .0         .0       -1.5
         .8565       -1.9       -1.4        -.2         .0         .0         .0       -1.5
         .8620       -1.9       -1.4        -.2         .0         .0         .0       -1.5
         .8675       -1.9       -1.4        -.2         .0         .0         .0       -1.5
         .8730       -1.9       -1.4        -.2         .0         .0         .0       -1.5
         .8785       -1.9       -1.4        -.2         .0         .0         .0       -1.5
         .8841       -1.9       -1.4        -.2         .0         .0         .0       -1.5
         .8896       -1.9       -1.4        -.2         .0         .0         .0       -1.5
         .8951       -1.9       -1.4        -.2         .0         .0         .0       -1.5
         .9006       -1.9       -1.4        -.2         .0         .0         .0       -1.5
         .9062       -1.9       -1.4        -.2         .0         .0         .0       -1.5
         .9117       -1.9       -1.4        -.2         .0         .0         .0       -1.5
         .9172       -1.9       -1.4        -.2         .0         .0         .0       -1.5
         .9227       -1.9       -1.4        -.2         .0         .0         .0       -1.5
         .9282       -1.9       -1.4        -.2         .0         .0         .0       -1.5
         .9338       -1.9       -1.4        -.2         .0         .0         .0       -1.5
         .9393       -1.9       -1.4        -.2         .0         .0         .0       -1.5
         .9448       -1.9       -1.4        -.2         .0         .0         .0       -1.5
         .9503       -1.9       -1.4        -.2         .0         .0         .0       -1.5
         .9558       -1.9       -1.4        -.2         .0         .0         .0       -1.5
         .9614       -1.9       -1.4        -.2         .0         .0         .0       -1.5
         .9669       -1.9       -1.4        -.2         .0         .0         .0       -1.5
         .9724       -1.9       -1.4        -.2         .0         .0         .0       -1.5
         .9779       -1.9       -1.4        -.2         .0         .0         .0       -1.5
         .9834       -1.9       -1.4        -.2         .0         .0         .0       -1.5
         .9890       -1.9       -1.4        -.2         .0         .0         .0       -1.5
         .9945       -1.9       -1.4        -.2         .0         .0         .0       -1.5
        1.0000       -1.9       -1.4        -.2         .0         .0         .0       -1.5
        1.0001       -1.9       -1.4        -.2         .0         .0         .0       -1.5
        1.0002       -1.9       -1.4        -.2         .0         .0         .0       -1.5
        1.0004       -1.9       -1.4        -.2         .0         .0         .0       -1.5
        1.0006       -1.9       -1.4        -.2         .0         .0         .0       -1.5
        1.0009       -1.9       -1.4        -.2         .0         .0         .0       -1.5
        1.0013       -1.9       -1.4        -.2         .0         .0         .0       -1.5
        1.0018       -1.9       -1.4        -.2         .0         .0         .0       -1.5
        1.0024       -1.9       -1.4        -.2         .0         .0         .0       -1.5
        1.0032       -1.9       -1.4        -.2         .0         .0         .0       -1.5
        1.0043       -1.9       -1.4        -.2         .0         .0         .0       -1.5
        1.0056       -1.9       -1.4        -.2         .0         .0         .0       -1.5
        1.0074       -1.9       -1.4        -.3         .0         .0         .0       -1.5
        1.0098       -1.9       -1.4        -.3         .0         .0         .0       -1.5
        1.0128       -1.9       -1.4        -.3         .0         .0         .0       -1.5
        1.0167       -1.9       -1.4        -.3         .0         .0         .0       -1.5
        1.0219       -1.9       -1.4        -.3         .0         .0         .0       -1.5
        1.0285       -1.9       -1.4        -.3         .0         .0         .0       -1.5
        1.0371       -1.9       -1.4        -.3         .0         .0         .0       -1.5
        1.0484       -1.9       -1.4        -.3         .0         .0         .0       -1.5
        1.0629       -2.0       -1.4        -.4         .0         .0         .0       -1.5
        1.0819       -2.0       -1.4        -.4         .0         .0         .0       -1.5
        1.1065       -2.0       -1.4        -.4         .0         .0         .0       -1.5
        1.1393       -2.0       -1.4        -.4         .0         .0         .0       -1.5
        1.1794       -2.0       -1.4        -.5         .0         .0         .0       -1.5
        1.2328       -2.0       -1.4        -.5         .0         .0         .0       -1.5
        1.2996       -2.1       -1.4        -.5         .0         .0         .0       -1.5
        1.3998       -2.1       -1.4        -.6         .0         .0         .0       -1.5
        1.5000       -2.2       -1.4        -.6         .0         .0         .0       -1.5
        1.6250       -2.2       -1.5        -.7         .0         .0         .0       -1.5
        1.8125       -2.3       -1.5        -.7         .0         .0         .0       -1.5
        2.0000       -2.4       -1.5        -.8         .0         .0         .0       -1.5
        2.0001       -2.4       -1.5        -.7         .0         .0         .0       -1.5
        2.0002       -2.4       -1.5        -.6         .0         .0         .0       -1.5
        2.0004       -2.4       -1.5        -.5         .0         .0         .0       -1.5
        2.0005       -2.4       -1.5        -.5         .0         .0         .0       -1.5
        2.0007       -2.4       -1.5        -.5         .0         .0         .0       -1.5
        2.0009       -2.4       -1.5        -.4         .0         .0         .0       -1.5
        2.0011       -2.4       -1.5        -.4         .0         .0         .0       -1.5
        2.0013       -2.4       -1.5        -.4         .0         .0         .0       -1.5
        2.0015       -2.4       -1.5        -.4         .0         .0         .0       -1.5
        2.0018       -2.4       -1.5        -.4         .0         .0         .0       -1.5
        2.0021       -2.4       -1.5        -.4         .0         .0         .0       -1.5
        2.0024       -2.4       -1.5        -.3         .0         .0         .0       -1.5
        2.0027       -2.4       -1.5        -.3         .0         .0         .0       -1.5
        2.0030       -2.4       -1.5        -.3         .0         .0         .0       -1.5
        2.0032       -2.4       -1.5        -.3         .0         .0         .0       -1.5
        2.0035       -2.4       -1.5        -.3         .0         .0         .0       -1.5
        2.0038       -2.4       -1.5        -.3         .0         .0         .0       -1.5
        2.0041       -2.4       -1.5        -.3         .0         .0         .0       -1.5
        2.0045       -2.4       -1.5        -.3         .0         .0         .0       -1.5
        2.0048       -2.4       -1.5        -.3         .0         .0         .0       -1.5
        2.0052       -2.4       -1.5        -.3         .0         .0         .0       -1.5
        2.0056       -2.4       -1.5        -.3         .0         .0         .0       -1.5
        2.0060       -2.4       -1.5        -.3         .0         .0         .0       -1.5
        2.0064       -2.4       -1.5        -.3         .0         .0         .0       -1.5
        2.0069       -2.4       -1.5        -.3         .0         .0         .0       -1.5
        2.0074       -2.4       -1.5        -.3         .0         .0         .0       -1.5
        2.0079       -2.4       -1.5        -.2         .0         .0         .0       -1.5
        2.0084       -2.4       -1.5        -.2         .0         .0         .0       -1.5
        2.0088       -2.4       -1.5        -.2         .0         .0         .0       -1.5
        2.0095       -2.4       -1.5        -.2         .0         .0         .0       -1.5
        2.0101       -2.4       -1.5        -.2         .0         .0         .0       -1.5
        2.0107       -2.4       -1.5        -.2         .0         .0         .0       -1.5
        2.0114       -2.4       -1.5        -.2         .0         .0         .0       -1.5
        2.0122       -2.4       -1.5        -.2         .0         .0         .0       -1.5
        2.0130       -2.4       -1.5        -.2         .0         .0         .0       -1.5
        2.0138       -2.4       -1.5        -.2         .0         .0         .0       -1.5
        2.0146       -2.4       -1.5        -.2         .0         .0         .0       -1.5
        2.0154       -2.4       -1.5        -.2         .0         .0         .0       -1.5
        2.0163       -2.4       -1.5        -.2         .0         .0         .0       -1.5
        2.0171       -2.4       -1.5        -.2         .0         .0         .0       -1.5
        2.0181       -2.4       -1.5        -.2         .0         .0         .0       -1.5
        2.0192       -2.4       -1.5        -.2         .0         .0         .0       -1.5
        2.0202       -2.4       -1.5        -.2         .0         .0         .0       -1.5
        2.0213       -2.4       -1.5        -.2         .0         .0         .0       -1.5
        2.0224       -2.4       -1.5        -.2         .0         .0         .0       -1.5
        2.0234       -2.4       -1.5        -.2         .0         .0         .0       -1.5
        2.0245       -2.4       -1.5        -.2         .0         .0         .0       -1.5
        2.0255       -2.4       -1.5        -.2         .0         .0         .0       -1.5
        2.0266       -2.4       -1.5        -.2         .0         .0         .0       -1.5
        2.0280       -2.4       -1.5        -.2         .0         .0         .0       -1.5
        2.0294       -2.4       -1.5        -.2         .0         .0         .0       -1.5
        2.0307       -2.4       -1.5        -.2         .0         .0         .0       -1.5
        2.0321       -2.4       -1.5        -.2         .0         .0         .0       -1.5
        2.0335       -2.4       -1.5        -.2         .0         .0         .0       -1.5
        2.0349       -2.4       -1.5        -.2         .0         .0         .0       -1.5
        2.0363       -2.4       -1.5        -.2         .0         .0         .0       -1.5
        2.0376       -2.5       -1.5        -.2         .0         .0         .0       -1.5
        2.0394       -2.5       -1.5        -.2         .0         .0         .0       -1.5
        2.0412       -2.5       -1.5        -.2         .0         .0         .0       -1.5
        2.0430       -2.5       -1.5        -.2         .0         .0         .0       -1.5
        2.0448       -2.5       -1.5        -.2         .0         .0         .0       -1.5
        2.0466       -2.5       -1.5        -.2         .0         .0         .0       -1.5
        2.0484       -2.5       -1.5        -.2         .0         .0         .0       -1.5
        2.0502       -2.5       -1.5        -.2         .0         .0         .0       -1.5
        2.0525       -2.5       -1.5        -.2         .0         .0         .0       -1.5
        2.0548       -2.5       -1.5        -.2         .0         .0         .0       -1.5
        2.0572       -2.5       -1.5        -.2         .0         .0         .0       -1.5
        2.0595       -2.5       -1.5        -.2         .0         .0         .0       -1.5
        2.0618       -2.5       -1.5        -.1         .0         .0         .0       -1.5
        2.0642       -2.5       -1.5        -.1         .0         .0         .0       -1.5
        2.0665       -2.5       -1.5        -.1         .0         .0         .0       -1.5
        2.0688       -2.5       -1.5        -.1         .0         .0         .0       -1.5
        2.0711       -2.5       -1.5        -.1         .0         .0         .0       -1.5
        2.0735       -2.5       -1.5        -.1         .0         .0         .0       -1.5
        2.0765       -2.5       -1.5        -.1         .0         .0         .0       -1.5
        2.0795       -2.5       -1.5        -.1         .0         .0         .0       -1.5
        2.0825       -2.5       -1.5        -.1         .0         .0         .0       -1.5
        2.0856       -2.5       -1.5        -.1         .0         .0         .0       -1.5
        2.0886       -2.5       -1.5        -.1         .0         .0         .0       -1.5
        2.0916       -2.5       -1.5        -.1         .0         .0         .0       -1.5
        2.0947       -2.5       -1.5        -.1         .0         .0         .0       -1.5
        2.0977       -2.5       -1.5        -.1         .0         .0         .0       -1.5
        2.1011       -2.5       -1.5        -.1         .0         .0         .0       -1.5
        2.1044       -2.5       -1.5        -.1         .0         .0         .0       -1.5
        2.1078       -2.5       -1.5        -.1         .0         .0         .0       -1.5
        2.1112       -2.5       -1.5        -.1         .0         .0         .0       -1.5
        2.1145       -2.5       -1.5        -.1         .0         .0         .0       -1.5
        2.1179       -2.5       -1.5        -.1         .0         .0         .0       -1.5
        2.1213       -2.5       -1.5        -.1         .0         .0         .0       -1.5
        2.1247       -2.5       -1.5        -.1         .0         .0         .0       -1.5
        2.1280       -2.5       -1.5        -.1         .0         .0         .0       -1.5
        2.1314       -2.5       -1.5        -.1         .0         .0         .0       -1.5
        2.1348       -2.5       -1.5        -.1         .0         .0         .0       -1.5
        2.1382       -2.5       -1.5        -.1         .0         .0         .0       -1.5
        2.1416       -2.5       -1.5        -.1         .0         .0         .0       -1.5
        2.1450       -2.5       -1.5        -.1         .0         .0         .0       -1.5
        2.1484       -2.5       -1.5        -.1         .0         .0         .0       -1.5
        2.1518       -2.5       -1.5        -.1         .0         .0         .0       -1.5
        2.1552       -2.5       -1.5        -.1         .0         .0         .0       -1.5
        2.1586       -2.5       -1.5        -.1         .0         .0         .0       -1.5
        2.1620       -2.5       -1.5        -.1         .0         .0         .0       -1.5
        2.1655       -2.5       -1.5        -.1         .0         .0         .0       -1.5
        2.1689       -2.5       -1.5        -.1         .0         .0         .0       -1.5
        2.1723       -2.5       -1.5        -.1         .0         .0         .0       -1.5
        2.1757       -2.5       -1.5        -.1         .0         .0         .0       -1.5
        2.1791       -2.5       -1.5        -.1         .0         .0         .0       -1.5
        2.1826       -2.5       -1.5        -.1         .0         .0         .0       -1.5
        2.1860       -2.5       -1.5        -.1         .0         .0         .0       -1.5
        2.1894       -2.5       -1.5        -.1         .0         .0         .0       -1.5
        2.1929       -2.5       -1.5        -.1         .0         .0         .0       -1.5
        2.1963       -2.5       -1.5        -.1         .0         .0         .0       -1.5
        2.1997       -2.5       -1.5        -.1         .0         .0         .0       -1.5
        2.2032       -2.5       -1.5        -.1         .0         .0         .0       -1.5
        2.2066       -2.5       -1.5        -.1         .0         .0         .0       -1.5
        2.2101       -2.5       -1.5        -.1         .0         .0         .0       -1.5
        2.2135       -2.5       -1.5        -.1         .0         .0         .0       -1.5
        2.2169       -2.6       -1.5        -.1         .0         .0         .0       -1.5
        2.2204       -2.6       -1.5        -.1         .0         .0         .0       -1.5
        2.2238       -2.6       -1.5        -.1         .0         .0         .0       -1.5
        2.2273       -2.6       -1.5        -.1         .0         .0         .0       -1.5
        2.2307       -2.6       -1.5        -.1         .0         .0         .0       -1.5
        2.2342       -2.6       -1.5        -.1         .0         .0         .0       -1.5
        2.2376       -2.6       -1.5        -.1         .0         .0         .0       -1.5
        2.2411       -2.6       -1.5        -.1         .0         .0         .0       -1.5
        2.2445       -2.6       -1.5        -.1         .0         .0         .0       -1.5
        2.2480       -2.6       -1.5        -.1         .0         .0         .0       -1.5
        2.2514       -2.6       -1.5        -.1         .0         .0         .0       -1.5
        2.2549       -2.6       -1.5        -.1         .0         .0         .0       -1.5
        2.2583       -2.6       -1.5        -.1         .0         .0         .0       -1.5
        2.2618       -2.6       -1.5        -.1         .0         .0         .0       -1.5
        2.2652       -2.6       -1.5        -.1         .0         .0         .0       -1.5
        2.2687       -2.6       -1.5        -.1         .0         .0         .0       -1.5
        2.2722       -2.6       -1.5        -.1         .0         .0         .0       -1.5
        2.2756       -2.6       -1.5        -.1         .0         .0         .0       -1.5
        2.2791       -2.6       -1.5        -.1         .0         .0         .0       -1.5
        2.2825       -2.6       -1.5        -.1         .0         .0         .0       -1.5
        2.2860       -2.6       -1.5        -.1         .0         .0         .0       -1.5
        2.2895       -2.6       -1.5        -.1         .0         .0         .0       -1.5
        2.2929       -2.6       -1.5        -.1         .0         .0         .0       -1.5
        2.2964       -2.6       -1.5        -.1         .0         .0         .0       -1.5
        2.2999       -2.6       -1.5        -.1         .0         .0         .0       -1.5
        2.3033       -2.6       -1.5        -.1         .0         .0         .0       -1.5
        2.3068       -2.6       -1.5        -.1         .0         .0         .0       -1.5
        2.3103       -2.6       -1.5        -.1         .0         .0         .0       -1.5
        2.3137       -2.6       -1.5        -.1         .0         .0         .0       -1.5
        2.3172       -2.6       -1.5        -.1         .0         .0         .0       -1.5
        2.3207       -2.6       -1.5        -.1         .0         .0         .0       -1.5
        2.3241       -2.6       -1.5        -.1         .0         .0         .0       -1.5
        2.3276       -2.6       -1.5        -.1         .0         .0         .0       -1.5
        2.3311       -2.6       -1.5        -.1         .0         .0         .0       -1.5
        2.3346       -2.6       -1.5        -.1         .0         .0         .0       -1.5
        2.3380       -2.6       -1.5        -.1         .0         .0         .0       -1.5
        2.3415       -2.6       -1.5        -.1         .0         .0         .0       -1.5
        2.3450       -2.6       -1.5        -.1         .0         .0         .0       -1.5
        2.3485       -2.6       -1.5        -.1         .0         .0         .0       -1.5
        2.3520       -2.6       -1.5        -.1         .0         .0         .0       -1.5
        2.3555       -2.6       -1.5        -.1         .0         .0         .0       -1.5
        2.3589       -2.6       -1.5        -.1         .0         .0         .0       -1.5
        2.3624       -2.6       -1.5        -.1         .0         .0         .0       -1.5
        2.3659       -2.6       -1.5        -.1         .0         .0         .0       -1.5
        2.3694       -2.6       -1.5        -.1         .0         .0         .0       -1.5
        2.3729       -2.6       -1.5        -.1         .0         .0         .0       -1.5
        2.3764       -2.6       -1.5        -.1         .0         .0         .0       -1.5
        2.3799       -2.6       -1.5        -.1         .0         .0         .0       -1.5
        2.3833       -2.7       -1.5        -.1         .0         .0         .0       -1.5
        2.3868       -2.7       -1.5        -.1         .0         .0         .0       -1.5
        2.3903       -2.7       -1.5        -.1         .0         .0         .0       -1.5
        2.3938       -2.7       -1.5        -.1         .0         .0         .0       -1.5
        2.3973       -2.7       -1.5        -.1         .0         .0         .0       -1.5
        2.4008       -2.7       -1.5        -.1         .0         .0         .0       -1.5
        2.4043       -2.7       -1.5        -.1         .0         .0         .0       -1.5
        2.4078       -2.7       -1.5        -.1         .0         .0         .0       -1.5
        2.4113       -2.7       -1.5        -.1         .0         .0         .0       -1.5
        2.4148       -2.7       -1.5        -.1         .0         .0         .0       -1.5
        2.4183       -2.7       -1.5        -.1         .0         .0         .0       -1.5
        2.4218       -2.7       -1.5        -.1         .0         .0         .0       -1.5
        2.4253       -2.7       -1.5        -.1         .0         .0         .0       -1.5
        2.4288       -2.7       -1.5        -.1         .0         .0         .0       -1.5
        2.4323       -2.7       -1.5        -.1         .0         .0         .0       -1.5
        2.4358       -2.7       -1.5        -.1         .0         .0         .0       -1.5
        2.4393       -2.7       -1.5        -.1         .0         .0         .0       -1.5
        2.4428       -2.7       -1.5        -.1         .0         .0         .0       -1.5
        2.4463       -2.7       -1.5        -.1         .0         .0         .0       -1.5
        2.4498       -2.7       -1.5        -.1         .0         .0         .0       -1.5
        2.4533       -2.7       -1.5        -.1         .0         .0         .0       -1.5
        2.4568       -2.7       -1.5        -.1         .0         .0         .0       -1.5
        2.4603       -2.7       -1.5        -.1         .0         .0         .0       -1.5
        2.4638       -2.7       -1.5        -.1         .0         .0         .0       -1.5
        2.4673       -2.7       -1.5        -.1         .0         .0         .0       -1.5
        2.4708       -2.7       -1.5        -.1         .0         .0         .0       -1.5
        2.4743       -2.7       -1.5        -.1         .0         .0         .0       -1.5
        2.4778       -2.7       -1.5        -.1         .0         .0         .0       -1.5
        2.4813       -2.7       -1.5        -.1         .0         .0         .0       -1.5
        2.4848       -2.7       -1.4        -.1         .0         .0         .0       -1.5
        2.4883       -2.7       -1.4        -.1         .0         .0         .0       -1.5
        2.4918       -2.7       -1.4        -.1         .0         .0         .0       -1.5
        2.4953       -2.7       -1.4        -.1         .0         .0         .0       -1.5
        2.4988       -2.7       -1.4        -.1         .0         .0         .0       -1.5
        2.5023       -2.7       -1.4        -.1         .0         .0         .0       -1.5
        2.5058       -2.7       -1.4        -.1         .0         .0         .0       -1.5
        2.5093       -2.7       -1.4        -.1         .0         .0         .0       -1.5
        2.5128       -2.7       -1.4        -.1         .0         .0         .0       -1.5
        2.5163       -2.7       -1.4        -.1         .0         .0         .0       -1.5
        2.5198       -2.7       -1.4        -.1         .0         .0         .0       -1.5
        2.5233       -2.7       -1.4        -.1         .0         .0         .0       -1.5
        2.5268       -2.7       -1.4        -.1         .0         .0         .0       -1.5
        2.5303       -2.7       -1.4        -.1         .0         .0         .0       -1.5
        2.5338       -2.7       -1.4        -.1         .0         .0         .0       -1.5
        2.5373       -2.7       -1.4        -.1         .0         .0         .0       -1.5
        2.5408       -2.7       -1.4        -.1         .0         .0         .0       -1.5
        2.5443       -2.8       -1.4        -.1         .0         .0         .0       -1.5
        2.5478       -2.8       -1.4        -.1         .0         .0         .0       -1.5
        2.5513       -2.8       -1.4        -.1         .0         .0         .0       -1.5
        2.5548       -2.8       -1.4        -.1         .0         .0         .0       -1.5
        2.5583       -2.8       -1.4        -.1         .0         .0         .0       -1.5
        2.5619       -2.8       -1.4        -.1         .0         .0         .0       -1.5
        2.5654       -2.8       -1.4        -.1         .0         .0         .0       -1.5
        2.5689       -2.8       -1.4        -.1         .0         .0         .0       -1.5
        2.5724       -2.8       -1.4        -.1         .0         .0         .0       -1.5
        2.5759       -2.8       -1.4        -.1         .0         .0         .0       -1.5
        2.5794       -2.8       -1.4        -.1         .0         .0         .0       -1.5
        2.5829       -2.8       -1.4        -.1         .0         .0         .0       -1.5
        2.5864       -2.8       -1.4        -.1         .0         .0         .0       -1.5
        2.5899       -2.8       -1.4        -.1         .0         .0         .0       -1.5
        2.5934       -2.8       -1.4        -.1         .0         .0         .0       -1.5
        2.5969       -2.8       -1.4        -.1         .0         .0         .0       -1.5
        2.6004       -2.8       -1.4        -.1         .0         .0         .0       -1.5
        2.6039       -2.8       -1.4        -.1         .0         .0         .0       -1.5
        2.6074       -2.8       -1.4        -.1         .0         .0         .0       -1.5
        2.6109       -2.8       -1.4        -.1         .0         .0         .0       -1.5
        2.6144       -2.8       -1.4        -.1         .0         .0         .0       -1.5
        2.6179       -2.8       -1.4        -.1         .0         .0         .0       -1.5
        2.6214       -2.8       -1.4        -.1         .0         .0         .0       -1.5
        2.6249       -2.8       -1.4        -.1         .0         .0         .0       -1.5
        2.6285       -2.8       -1.4        -.1         .0         .0         .0       -1.5
        2.6320       -2.8       -1.4        -.1         .0         .0         .0       -1.5
        2.6355       -2.8       -1.4        -.1         .0         .0         .0       -1.5
        2.6390       -2.8       -1.4        -.1         .0         .0         .0       -1.5
        2.6425       -2.8       -1.4        -.1         .0         .0         .0       -1.5
        2.6460       -2.8       -1.4        -.1         .0         .0         .0       -1.5
        2.6495       -2.8       -1.4        -.1         .0         .0         .0       -1.5
        2.6530       -2.8       -1.4        -.1         .0         .0         .0       -1.5
        2.6565       -2.8       -1.4        -.1         .0         .0         .0       -1.5
        2.6600       -2.8       -1.4        -.1         .0         .0         .0       -1.5
        2.6635       -2.8       -1.4        -.1         .0         .0         .0       -1.5
        2.6670       -2.8       -1.4        -.1         .0         .0         .0       -1.5
        2.6705       -2.8       -1.4        -.1         .0         .0         .0       -1.5
        2.6740       -2.8       -1.4        -.1         .0         .0         .0       -1.5
        2.6775       -2.8       -1.4        -.1         .0         .0         .0       -1.5
        2.6810       -2.8       -1.4        -.1         .0         .0         .0       -1.5
        2.6845       -2.8       -1.4        -.1         .0         .0         .0       -1.5
        2.6880       -2.8       -1.4        -.1         .0         .0         .0       -1.5
        2.6915       -2.8       -1.4        -.1         .0         .0         .0       -1.5
        2.6951       -2.8       -1.4        -.1         .0         .0         .0       -1.5
        2.6986       -2.9       -1.4        -.1         .0         .0         .0       -1.5
        2.7021       -2.9       -1.4        -.1         .0         .0         .0       -1.5
        2.7056       -2.9       -1.4        -.1         .0         .0         .0       -1.5
        2.7091       -2.9       -1.4        -.1         .0         .0         .0       -1.5
        2.7126       -2.9       -1.4        -.1         .0         .0         .0       -1.5
        2.7161       -2.9       -1.4        -.1         .0         .0         .0       -1.5
        2.7196       -2.9       -1.4        -.1         .0         .0         .0       -1.5
        2.7231       -2.9       -1.4        -.1         .0         .0         .0       -1.5
        2.7266       -2.9       -1.4        -.1         .0         .0         .0       -1.5
        2.7301       -2.9       -1.4        -.1         .0         .0         .0       -1.5
        2.7336       -2.9       -1.4        -.1         .0         .0         .0       -1.5
        2.7371       -2.9       -1.4        -.1         .0         .0         .0       -1.5
        2.7406       -2.9       -1.4        -.1         .0         .0         .0       -1.5
        2.7441       -2.9       -1.4        -.1         .0         .0         .0       -1.5
        2.7476       -2.9       -1.4        -.1         .0         .0         .0       -1.5
        2.7511       -2.9       -1.4        -.1         .0         .0         .0       -1.5
        2.7546       -2.9       -1.4        -.1         .0         .0         .0       -1.5
        2.7581       -2.9       -1.4        -.1         .0         .0         .0       -1.5
        2.7617       -2.9       -1.4        -.1         .0         .0         .0       -1.5
        2.7652       -2.9       -1.4        -.1         .0         .0         .0       -1.5
        2.7687       -2.9       -1.4        -.1         .0         .0         .0       -1.5
        2.7722       -2.9       -1.4        -.1         .0         .0         .0       -1.5
        2.7757       -2.9       -1.4        -.1         .0         .0         .0       -1.5
        2.7792       -2.9       -1.4        -.1         .0         .0         .0       -1.5
        2.7827       -2.9       -1.4        -.1         .0         .0         .0       -1.5
        2.7862       -2.9       -1.4        -.1         .0         .0         .0       -1.5
        2.7897       -2.9       -1.4        -.1         .0         .0         .0       -1.5
        2.7932       -2.9       -1.4        -.1         .0         .0         .0       -1.5
        2.7967       -2.9       -1.4        -.1         .0         .0         .0       -1.5
        2.8002       -2.9       -1.4        -.1         .0         .0         .0       -1.5
        2.8037       -2.9       -1.4        -.1         .0         .0         .0       -1.5
        2.8072       -2.9       -1.4        -.1         .0         .0         .0       -1.5
        2.8107       -2.9       -1.4        -.1         .0         .0         .0       -1.5
        2.8142       -2.9       -1.4        -.1         .0         .0         .0       -1.5
        2.8177       -2.9       -1.4        -.1         .0         .0         .0       -1.5
        2.8212       -2.9       -1.4        -.1         .0         .0         .0       -1.5
        2.8247       -2.9       -1.4        -.1         .0         .0         .0       -1.5
        2.8282       -2.9       -1.4        -.1         .0         .0         .0       -1.5
        2.8318       -2.9       -1.4        -.1         .0         .0         .0       -1.5
        2.8353       -2.9       -1.4        -.1         .0         .0         .0       -1.5
        2.8388       -2.9       -1.4        -.1         .0         .0         .0       -1.5
        2.8423       -3.0       -1.4        -.1         .0         .0         .0       -1.5
        2.8458       -3.0       -1.4        -.1         .0         .0         .0       -1.5
        2.8493       -3.0       -1.4        -.1         .0         .0         .0       -1.5
        2.8528       -3.0       -1.4        -.1         .0         .0         .0       -1.5
        2.8563       -3.0       -1.4        -.1         .0         .0         .0       -1.5
        2.8598       -3.0       -1.4        -.1         .0         .0         .0       -1.5
        2.8633       -3.0       -1.4        -.1         .0         .0         .0       -1.5
        2.8668       -3.0       -1.4        -.1         .0         .0         .0       -1.5
        2.8703       -3.0       -1.4        -.1         .0         .0         .0       -1.5
        2.8738       -3.0       -1.3        -.1         .0         .0         .0       -1.5
        2.8773       -3.0       -1.3        -.1         .0         .0         .0       -1.5
        2.8808       -3.0       -1.3        -.1         .0         .0         .0       -1.5
        2.8843       -3.0       -1.3        -.1         .0         .0         .0       -1.5
        2.8878       -3.0       -1.3        -.1         .0         .0         .0       -1.5
        2.8913       -3.0       -1.3        -.1         .0         .0         .0       -1.5
        2.8948       -3.0       -1.3        -.1         .0         .0         .0       -1.5
        2.8984       -3.0       -1.3        -.1         .0         .0         .0       -1.5
        2.9019       -3.0       -1.3        -.1         .0         .0         .0       -1.5
        2.9054       -3.0       -1.3        -.1         .0         .0         .0       -1.5
        2.9089       -3.0       -1.3        -.1         .0         .0         .0       -1.5
        2.9124       -3.0       -1.3        -.1         .0         .0         .0       -1.5
        2.9159       -3.0       -1.3        -.1         .0         .0         .0       -1.5
        2.9194       -3.0       -1.3        -.1         .0         .0         .0       -1.5
        2.9229       -3.0       -1.3        -.1         .0         .0         .0       -1.5
        2.9264       -3.0       -1.3        -.1         .0         .0         .0       -1.5
        2.9299       -3.0       -1.3        -.1         .0         .0         .0       -1.5
        2.9334       -3.0       -1.3        -.1         .0         .0         .0       -1.5
        2.9369       -3.0       -1.3        -.1         .0         .0         .0       -1.5
        2.9404       -3.0       -1.3        -.1         .0         .0         .0       -1.5
        2.9439       -3.0       -1.3        -.1         .0         .0         .0       -1.5
        2.9474       -3.0       -1.3        -.1         .0         .0         .0       -1.5
        2.9509       -3.0       -1.3        -.1         .0         .0         .0       -1.5
        2.9544       -3.0       -1.3        -.1         .0         .0         .0       -1.5
        2.9579       -3.0       -1.3        -.1         .0         .0         .0       -1.5
        2.9614       -3.0       -1.3        -.1         .0         .0         .0       -1.5
        2.9649       -3.0       -1.3        -.1         .0         .0         .0       -1.5
        2.9685       -3.0       -1.3        -.1         .0         .0         .0       -1.5
        2.9720       -3.0       -1.3        -.1         .0         .0         .0       -1.5
        2.9755       -3.0       -1.3        -.1         .0         .0         .0       -1.5
        2.9790       -3.0       -1.3        -.1         .0         .0         .0       -1.5
        2.9825       -3.0       -1.3        -.1         .0         .0         .0       -1.5
        2.9860       -3.1       -1.3        -.1         .0         .0         .0       -1.5
        2.9895       -3.1       -1.3        -.1         .0         .0         .0       -1.5
        2.9930       -3.1       -1.3        -.1         .0         .0         .0       -1.5
        2.9965       -3.1       -1.3        -.1         .0         .0         .0       -1.5
        3.0000       -3.1       -1.3        -.1         .0         .0         .0       -1.5
        3.0001       -3.1       -1.3        -.1         .0         .0         .0       -1.5
        3.0002       -3.1       -1.3        -.1         .0         .0         .0       -1.5
        3.0004       -3.1       -1.3        -.1         .0         .0         .0       -1.5
        3.0006       -3.1       -1.3        -.1         .0         .0         .0       -1.5
        3.0009       -3.1       -1.3        -.1         .0         .0         .0       -1.5
        3.0013       -3.1       -1.3        -.1         .0         .0         .0       -1.5
        3.0018       -3.1       -1.3        -.1         .0         .0         .0       -1.5
        3.0024       -3.1       -1.3        -.1         .0         .0         .0       -1.5
        3.0032       -3.1       -1.3        -.2         .0         .0         .0       -1.5
        3.0043       -3.1       -1.3        -.2         .0         .0         .0       -1.5
        3.0056       -3.1       -1.3        -.2         .0         .0         .0       -1.5
        3.0074       -3.1       -1.3        -.2         .0         .0         .0       -1.5
        3.0098       -3.1       -1.3        -.2         .0         .0         .0       -1.5
        3.0128       -3.1       -1.3        -.2         .0         .0         .0       -1.5
        3.0167       -3.1       -1.3        -.2         .0         .0         .0       -1.5
        3.0218       -3.1       -1.3        -.2         .0         .0         .0       -1.5
        3.0285       -3.1       -1.3        -.2         .0         .0         .0       -1.5
        3.0372       -3.1       -1.3        -.2         .0         .0         .0       -1.5
        3.0484       -3.1       -1.3        -.3         .0         .0         .0       -1.5
        3.0630       -3.1       -1.3        -.3         .0         .0         .0       -1.5
        3.0821       -3.1       -1.3        -.3         .0         .0         .0       -1.5
        3.1069       -3.1       -1.3        -.3         .0         .0         .0       -1.5
        3.1388       -3.2       -1.3        -.3         .0         .0         .0       -1.5
        3.1798       -3.2       -1.3        -.4         .0         .0         .0       -1.5
        3.2345       -3.2       -1.3        -.4         .0         .0         .0       -1.5
        3.3041       -3.3       -1.3        -.4         .0         .0         .0       -1.5
        3.3911       -3.3       -1.3        -.4         .0         .0         .0       -1.5
        3.5129       -3.4       -1.3        -.5         .0         .0         .0       -1.5
        3.6753       -3.5       -1.4        -.5         .0         .0         .0       -1.5
        3.8376       -3.6       -1.4        -.6         .0         .0         .0       -1.5
        4.0000       -3.6       -1.4        -.6         .0         .0         .0       -1.5
        4.0001       -3.6       -1.4        -.5         .0         .0         .0       -1.5
        4.0002       -3.6       -1.4        -.5         .0         .0         .0       -1.5
        4.0004       -3.6       -1.4        -.4         .0         .0         .0       -1.5
        4.0006       -3.6       -1.4        -.4         .0         .0         .0       -1.5
        4.0008       -3.6       -1.4        -.4         .0         .0         .0       -1.5
        4.0010       -3.6       -1.4        -.4         .0         .0         .0       -1.5
        4.0012       -3.6       -1.4        -.3         .0         .0         .0       -1.5
        4.0015       -3.6       -1.4        -.3         .0         .0         .0       -1.5
        4.0018       -3.6       -1.4        -.3         .0         .0         .0       -1.5
        4.0021       -3.6       -1.4        -.3         .0         .0         .0       -1.5
        4.0024       -3.6       -1.4        -.3         .0         .0         .0       -1.5
        4.0027       -3.6       -1.4        -.3         .0         .0         .0       -1.5
        4.0031       -3.6       -1.4        -.3         .0         .0         .0       -1.5
        4.0035       -3.6       -1.4        -.3         .0         .0         .0       -1.5
        4.0039       -3.6       -1.4        -.3         .0         .0         .0       -1.5
        4.0043       -3.6       -1.4        -.3         .0         .0         .0       -1.5
        4.0048       -3.6       -1.4        -.3         .0         .0         .0       -1.5
        4.0053       -3.6       -1.4        -.2         .0         .0         .0       -1.5
        4.0058       -3.6       -1.4        -.2         .0         .0         .0       -1.5
        4.0063       -3.6       -1.4        -.2         .0         .0         .0       -1.5
        4.0069       -3.6       -1.4        -.2         .0         .0         .0       -1.5
        4.0075       -3.6       -1.4        -.2         .0         .0         .0       -1.5
        4.0082       -3.6       -1.4        -.2         .0         .0         .0       -1.5
        4.0088       -3.6       -1.4        -.2         .0         .0         .0       -1.5
        4.0094       -3.6       -1.4        -.2         .0         .0         .0       -1.5
        4.0102       -3.6       -1.4        -.2         .0         .0         .0       -1.5
        4.0110       -3.6       -1.4        -.2         .0         .0         .0       -1.5
        4.0119       -3.6       -1.4        -.2         .0         .0         .0       -1.5
        4.0127       -3.6       -1.4        -.2         .0         .0         .0       -1.5
        4.0135       -3.6       -1.4        -.2         .0         .0         .0       -1.5
        4.0143       -3.6       -1.4        -.2         .0         .0         .0       -1.5
        4.0154       -3.6       -1.4        -.2         .0         .0         .0       -1.5
        4.0164       -3.6       -1.4        -.2         .0         .0         .0       -1.5
        4.0175       -3.6       -1.4        -.2         .0         .0         .0       -1.5
        4.0185       -3.6       -1.4        -.2         .0         .0         .0       -1.5
        4.0196       -3.6       -1.4        -.2         .0         .0         .0       -1.5
        4.0210       -3.6       -1.4        -.2         .0         .0         .0       -1.5
        4.0224       -3.6       -1.4        -.2         .0         .0         .0       -1.5
        4.0237       -3.6       -1.4        -.2         .0         .0         .0       -1.5
        4.0251       -3.6       -1.4        -.2         .0         .0         .0       -1.5
        4.0265       -3.6       -1.4        -.2         .0         .0         .0       -1.5
        4.0279       -3.6       -1.4        -.2         .0         .0         .0       -1.5
        4.0293       -3.6       -1.4        -.2         .0         .0         .0       -1.5
        4.0310       -3.6       -1.4        -.2         .0         .0         .0       -1.5
        4.0328       -3.6       -1.4        -.2         .0         .0         .0       -1.5
        4.0346       -3.6       -1.4        -.2         .0         .0         .0       -1.5
        4.0364       -3.6       -1.4        -.2         .0         .0         .0       -1.5
        4.0382       -3.6       -1.4        -.2         .0         .0         .0       -1.5
        4.0400       -3.6       -1.4        -.2         .0         .0         .0       -1.5
        4.0418       -3.6       -1.4        -.1         .0         .0         .0       -1.5
        4.0441       -3.6       -1.4        -.1         .0         .0         .0       -1.5
        4.0465       -3.6       -1.4        -.1         .0         .0         .0       -1.5
        4.0488       -3.6       -1.4        -.1         .0         .0         .0       -1.5
        4.0511       -3.6       -1.4        -.1         .0         .0         .0       -1.5
        4.0534       -3.6       -1.4        -.1         .0         .0         .0       -1.5
        4.0558       -3.6       -1.4        -.1         .0         .0         .0       -1.5
        4.0581       -3.6       -1.4        -.1         .0         .0         .0       -1.5
        4.0611       -3.6       -1.4        -.1         .0         .0         .0       -1.5
        4.0642       -3.6       -1.4        -.1         .0         .0         .0       -1.5
        4.0672       -3.6       -1.4        -.1         .0         .0         .0       -1.5
        4.0702       -3.6       -1.4        -.1         .0         .0         .0       -1.5
        4.0733       -3.6       -1.4        -.1         .0         .0         .0       -1.5
        4.0763       -3.6       -1.4        -.1         .0         .0         .0       -1.5
        4.0793       -3.6       -1.4        -.1         .0         .0         .0       -1.5
        4.0823       -3.7       -1.4        -.1         .0         .0         .0       -1.5
        4.0857       -3.7       -1.4        -.1         .0         .0         .0       -1.5
        4.0891       -3.7       -1.4        -.1         .0         .0         .0       -1.5
        4.0925       -3.7       -1.4        -.1         .0         .0         .0       -1.5
        4.0959       -3.7       -1.4        -.1         .0         .0         .0       -1.5
        4.0993       -3.7       -1.4        -.1         .0         .0         .0       -1.5
        4.1027       -3.7       -1.4        -.1         .0         .0         .0       -1.5
        4.1061       -3.7       -1.4        -.1         .0         .0         .0       -1.5
        4.1095       -3.7       -1.4        -.1         .0         .0         .0       -1.5
        4.1129       -3.7       -1.4        -.1         .0         .0         .0       -1.5
        4.1163       -3.7       -1.4        -.1         .0         .0         .0       -1.5
        4.1198       -3.7       -1.4        -.1         .0         .0         .0       -1.5
        4.1232       -3.7       -1.4        -.1         .0         .0         .0       -1.5
        4.1266       -3.7       -1.4        -.1         .0         .0         .0       -1.5
        4.1301       -3.7       -1.4        -.1         .0         .0         .0       -1.5
        4.1335       -3.7       -1.4        -.1         .0         .0         .0       -1.5
        4.1369       -3.7       -1.4        -.1         .0         .0         .0       -1.5
        4.1404       -3.7       -1.4        -.1         .0         .0         .0       -1.5
        4.1438       -3.7       -1.4        -.1         .0         .0         .0       -1.5
        4.1473       -3.7       -1.4        -.1         .0         .0         .0       -1.5
        4.1507       -3.7       -1.4        -.1         .0         .0         .0       -1.5
        4.1542       -3.7       -1.4        -.1         .0         .0         .0       -1.5
        4.1576       -3.7       -1.4        -.1         .0         .0         .0       -1.5
        4.1611       -3.7       -1.4        -.1         .0         .0         .0       -1.5
        4.1645       -3.7       -1.4        -.1         .0         .0         .0       -1.5
        4.1680       -3.7       -1.4        -.1         .0         .0         .0       -1.5
        4.1714       -3.7       -1.4        -.1         .0         .0         .0       -1.5
        4.1749       -3.7       -1.4        -.1         .0         .0         .0       -1.5
        4.1783       -3.7       -1.4        -.1         .0         .0         .0       -1.5
        4.1818       -3.7       -1.4        -.1         .0         .0         .0       -1.5
        4.1852       -3.7       -1.4        -.1         .0         .0         .0       -1.5
        4.1887       -3.7       -1.4        -.1         .0         .0         .0       -1.5
        4.1922       -3.7       -1.4        -.1         .0         .0         .0       -1.5
        4.1956       -3.7       -1.4        -.1         .0         .0         .0       -1.5
        4.1991       -3.7       -1.4        -.1         .0         .0         .0       -1.5
        4.2026       -3.7       -1.4        -.1         .0         .0         .0       -1.5
        4.2060       -3.7       -1.4        -.1         .0         .0         .0       -1.5
        4.2095       -3.7       -1.4        -.1         .0         .0         .0       -1.5
        4.2130       -3.7       -1.4        -.1         .0         .0         .0       -1.5
        4.2164       -3.7       -1.4        -.1         .0         .0         .0       -1.5
        4.2199       -3.7       -1.4        -.1         .0         .0         .0       -1.5
        4.2234       -3.7       -1.4        -.1         .0         .0         .0       -1.5
        4.2269       -3.7       -1.4        -.1         .0         .0         .0       -1.5
        4.2303       -3.7       -1.4        -.1         .0         .0         .0       -1.5
        4.2338       -3.7       -1.4        -.1         .0         .0         .0       -1.5
        4.2373       -3.7       -1.4        -.1         .0         .0         .0       -1.5
        4.2408       -3.7       -1.4        -.1         .0         .0         .0       -1.5
        4.2443       -3.7       -1.4        -.1         .0         .0         .0       -1.5
        4.2477       -3.7       -1.4        -.1         .0         .0         .0       -1.5
        4.2512       -3.7       -1.4        -.1         .0         .0         .0       -1.5
        4.2547       -3.7       -1.4        -.1         .0         .0         .0       -1.5
        4.2582       -3.7       -1.4        -.1         .0         .0         .0       -1.5
        4.2617       -3.7       -1.4        -.1         .0         .0         .0       -1.5
        4.2652       -3.7       -1.4        -.1         .0         .0         .0       -1.5
        4.2687       -3.7       -1.4        -.1         .0         .0         .0       -1.5
        4.2722       -3.7       -1.4        -.1         .0         .0         .0       -1.5
        4.2757       -3.7       -1.4        -.1         .0         .0         .0       -1.5
        4.2792       -3.7       -1.4        -.1         .0         .0         .0       -1.5
        4.2827       -3.7       -1.4        -.1         .0         .0         .0       -1.5
        4.2862       -3.7       -1.4        -.1         .0         .0         .0       -1.5
        4.2897       -3.7       -1.4        -.1         .0         .0         .0       -1.5
        4.2932       -3.7       -1.4        -.1         .0         .0         .0       -1.5
        4.2967       -3.7       -1.4        -.1         .0         .0         .0       -1.5
        4.3002       -3.7       -1.4        -.1         .0         .0         .0       -1.5
        4.3037       -3.7       -1.4        -.1         .0         .0         .0       -1.5
        4.3072       -3.7       -1.4        -.1         .0         .0         .0       -1.5
        4.3107       -3.7       -1.4        -.1         .0         .0         .0       -1.5
        4.3142       -3.7       -1.4        -.1         .0         .0         .0       -1.5
        4.3177       -3.7       -1.4        -.1         .0         .0         .0       -1.5
        4.3212       -3.7       -1.4        -.1         .0         .0         .0       -1.5
        4.3247       -3.7       -1.4        -.1         .0         .0         .0       -1.5
        4.3282       -3.7       -1.4        -.1         .0         .0         .0       -1.5
        4.3317       -3.7       -1.4        -.1         .0         .0         .0       -1.5
        4.3352       -3.7       -1.4        -.1         .0         .0         .0       -1.5
        4.3387       -3.7       -1.4        -.1         .0         .0         .0       -1.5
        4.3422       -3.7       -1.4        -.1         .0         .0         .0       -1.5
        4.3457       -3.7       -1.4        -.1         .0         .0         .0       -1.5
        4.3492       -3.7       -1.4        -.1         .0         .0         .0       -1.5
        4.3527       -3.7       -1.4        -.1         .0         .0         .0       -1.5
        4.3562       -3.7       -1.4        -.1         .0         .0         .0       -1.5
        4.3597       -3.7       -1.4        -.1         .0         .0         .0       -1.5
        4.3632       -3.7       -1.4        -.1         .0         .0         .0       -1.5
        4.3667       -3.7       -1.4        -.1         .0         .0         .0       -1.5
        4.3702       -3.7       -1.3        -.1         .0         .0         .0       -1.5
        4.3737       -3.7       -1.3        -.1         .0         .0         .0       -1.5
        4.3772       -3.7       -1.3        -.1         .0         .0         .0       -1.5
        4.3807       -3.7       -1.3        -.1         .0         .0         .0       -1.5
        4.3842       -3.7       -1.3        -.1         .0         .0         .0       -1.5
        4.3877       -3.8       -1.3        -.1         .0         .0         .0       -1.5
        4.3912       -3.8       -1.3        -.1         .0         .0         .0       -1.5
        4.3947       -3.8       -1.3        -.1         .0         .0         .0       -1.5
        4.3982       -3.8       -1.3        -.1         .0         .0         .0       -1.5
        4.4017       -3.8       -1.3        -.1         .0         .0         .0       -1.5
        4.4052       -3.8       -1.3        -.1         .0         .0         .0       -1.5
        4.4087       -3.8       -1.3        -.1         .0         .0         .0       -1.5
        4.4122       -3.8       -1.3        -.1         .0         .0         .0       -1.5
        4.4157       -3.8       -1.3        -.1         .0         .0         .0       -1.5
        4.4193       -3.8       -1.3        -.1         .0         .0         .0       -1.5
        4.4228       -3.8       -1.3        -.1         .0         .0         .0       -1.5
        4.4263       -3.8       -1.3        -.1         .0         .0         .0       -1.5
        4.4298       -3.8       -1.3        -.1         .0         .0         .0       -1.5
        4.4333       -3.8       -1.3        -.1         .0         .0         .0       -1.5
        4.4368       -3.8       -1.3        -.1         .0         .0         .0       -1.5
        4.4404       -3.8       -1.3        -.1         .0         .0         .0       -1.5
        4.4439       -3.8       -1.3        -.1         .0         .0         .0       -1.5
        4.4474       -3.8       -1.3        -.1         .0         .0         .0       -1.5
        4.4509       -3.8       -1.3        -.1         .0         .0         .0       -1.5
        4.4544       -3.8       -1.3        -.1         .0         .0         .0       -1.5
        4.4579       -3.8       -1.3        -.1         .0         .0         .0       -1.5
        4.4615       -3.8       -1.3        -.1         .0         .0         .0       -1.5
        4.4650       -3.8       -1.3        -.1         .0         .0         .0       -1.5
        4.4685       -3.8       -1.3        -.1         .0         .0         .0       -1.5
        4.4720       -3.8       -1.3        -.1         .0         .0         .0       -1.5
        4.4755       -3.8       -1.3        -.1         .0         .0         .0       -1.5
        4.4791       -3.8       -1.3        -.1         .0         .0         .0       -1.5
        4.4826       -3.8       -1.3        -.1         .0         .0         .0       -1.5
        4.4861       -3.8       -1.3        -.1         .0         .0         .0       -1.5
        4.4896       -3.8       -1.3        -.1         .0         .0         .0       -1.5
        4.4931       -3.8       -1.3        -.1         .0         .0         .0       -1.5
        4.4967       -3.8       -1.3        -.1         .0         .0         .0       -1.5
        4.5002       -3.8       -1.3        -.1         .0         .0         .0       -1.5
        4.5037       -3.8       -1.3        -.1         .0         .0         .0       -1.5
        4.5072       -3.8       -1.3        -.1         .0         .0         .0       -1.5
        4.5107       -3.8       -1.3        -.1         .0         .0         .0       -1.5
        4.5143       -3.8       -1.3        -.1         .0         .0         .0       -1.5
        4.5178       -3.8       -1.3        -.1         .0         .0         .0       -1.5
        4.5213       -3.8       -1.3        -.1         .0         .0         .0       -1.5
        4.5248       -3.8       -1.3        -.1         .0         .0         .0       -1.5
        4.5283       -3.8       -1.3        -.1         .0         .0         .0       -1.5
        4.5319       -3.8       -1.3        -.1         .0         .0         .0       -1.5
        4.5354       -3.8       -1.3        -.1         .0         .0         .0       -1.5
        4.5389       -3.8       -1.3        -.1         .0         .0         .0       -1.5
        4.5424       -3.8       -1.3        -.1         .0         .0         .0       -1.5
        4.5459       -3.8       -1.3        -.1         .0         .0         .0       -1.5
        4.5495       -3.8       -1.3        -.1         .0         .0         .0       -1.5
        4.5530       -3.8       -1.3        -.1         .0         .0         .0       -1.5
        4.5565       -3.8       -1.3        -.1         .0         .0         .0       -1.5
        4.5600       -3.8       -1.3        -.1         .0         .0         .0       -1.5
        4.5635       -3.8       -1.3        -.1         .0         .0         .0       -1.5
        4.5671       -3.8       -1.3        -.1         .0         .0         .0       -1.5
        4.5706       -3.8       -1.3        -.1         .0         .0         .0       -1.5
        4.5741       -3.8       -1.3        -.1         .0         .0         .0       -1.5
        4.5776       -3.8       -1.3        -.1         .0         .0         .0       -1.5
        4.5811       -3.8       -1.3        -.1         .0         .0         .0       -1.5
        4.5847       -3.8       -1.3        -.1         .0         .0         .0       -1.5
        4.5882       -3.8       -1.3        -.1         .0         .0         .0       -1.5
        4.5917       -3.8       -1.3        -.1         .0         .0         .0       -1.5
        4.5953       -3.8       -1.3        -.1         .0         .0         .0       -1.5
        4.5988       -3.8       -1.3        -.1         .0         .0         .0       -1.5
        4.6024       -3.8       -1.3        -.1         .0         .0         .0       -1.5
        4.6059       -3.8       -1.3        -.1         .0         .0         .0       -1.5
        4.6094       -3.8       -1.3        -.1         .0         .0         .0       -1.5
        4.6130       -3.8       -1.3        -.1         .0         .0         .0       -1.5
        4.6165       -3.8       -1.3        -.1         .0         .0         .0       -1.5
        4.6200       -3.8       -1.3        -.1         .0         .0         .0       -1.5
        4.6236       -3.8       -1.3        -.1         .0         .0         .0       -1.5
        4.6271       -3.8       -1.3        -.1         .0         .0         .0       -1.5
        4.6307       -3.8       -1.3        -.1         .0         .0         .0       -1.5
        4.6342       -3.8       -1.3        -.1         .0         .0         .0       -1.5
        4.6377       -3.8       -1.3        -.1         .0         .0         .0       -1.5
        4.6413       -3.8       -1.3        -.1         .0         .0         .0       -1.5
        4.6448       -3.8       -1.3        -.1         .0         .0         .0       -1.5
        4.6483       -3.8       -1.3        -.1         .0         .0         .0       -1.5
        4.6519       -3.8       -1.3        -.1         .0         .0         .0       -1.5
        4.6554       -3.8       -1.3        -.1         .0         .0         .0       -1.5
        4.6590       -3.8       -1.3        -.1         .0         .0         .0       -1.5
        4.6625       -3.8       -1.3        -.1         .0         .0         .0       -1.5
        4.6660       -3.8       -1.3        -.1         .0         .0         .0       -1.5
        4.6696       -3.8       -1.3        -.1         .0         .0         .0       -1.5
        4.6731       -3.8       -1.3        -.1         .0         .0         .0       -1.5
        4.6767       -3.8       -1.3        -.1         .0         .0         .0       -1.5
        4.6802       -3.8       -1.3        -.1         .0         .0         .0       -1.5
        4.6837       -3.8       -1.3        -.1         .0         .0         .0       -1.5
        4.6873       -3.8       -1.3        -.1         .0         .0         .0       -1.5
        4.6908       -3.8       -1.3        -.1         .0         .0         .0       -1.5
        4.6944       -3.8       -1.3        -.1         .0         .0         .0       -1.5
        4.6979       -3.8       -1.3        -.1         .0         .0         .0       -1.5
        4.7014       -3.8       -1.3        -.1         .0         .0         .0       -1.5
        4.7050       -3.9       -1.3        -.1         .0         .0         .0       -1.5
        4.7085       -3.9       -1.3        -.1         .0         .0         .0       -1.5
        4.7121       -3.9       -1.3        -.1         .0         .0         .0       -1.5
        4.7156       -3.9       -1.3        -.1         .0         .0         .0       -1.5
        4.7192       -3.9       -1.3        -.1         .0         .0         .0       -1.5
        4.7227       -3.9       -1.3        -.1         .0         .0         .0       -1.5
        4.7262       -3.9       -1.3        -.1         .0         .0         .0       -1.5
        4.7298       -3.9       -1.3        -.1         .0         .0         .0       -1.5
        4.7333       -3.9       -1.3        -.1         .0         .0         .0       -1.5
        4.7369       -3.9       -1.3        -.1         .0         .0         .0       -1.5
        4.7404       -3.9       -1.3        -.1         .0         .0         .0       -1.5
        4.7439       -3.9       -1.3        -.1         .0         .0         .0       -1.5
        4.7475       -3.9       -1.3        -.1         .0         .0         .0       -1.5
        4.7510       -3.9       -1.3        -.1         .0         .0         .0       -1.5
        4.7546       -3.9       -1.3        -.1         .0         .0         .0       -1.5
        4.7581       -3.9       -1.3        -.1         .0         .0         .0       -1.5
        4.7617       -3.9       -1.3        -.1         .0         .0         .0       -1.5
        4.7652       -3.9       -1.3        -.1         .0         .0         .0       -1.5
        4.7687       -3.9       -1.3        -.1         .0         .0         .0       -1.5
        4.7723       -3.9       -1.3        -.1         .0         .0         .0       -1.5
        4.7758       -3.9       -1.3        -.1         .0         .0         .0       -1.5
        4.7794       -3.9       -1.3        -.1         .0         .0         .0       -1.5
        4.7829       -3.9       -1.3        -.1         .0         .0         .0       -1.5
        4.7865       -3.9       -1.3        -.1         .0         .0         .0       -1.5
        4.7900       -3.9       -1.3        -.1         .0         .0         .0       -1.5
        4.7935       -3.9       -1.3        -.1         .0         .0         .0       -1.5
        4.7971       -3.9       -1.3        -.1         .0         .0         .0       -1.5
        4.8006       -3.9       -1.3        -.1         .0         .0         .0       -1.5
        4.8042       -3.9       -1.3        -.1         .0         .0         .0       -1.5
        4.8077       -3.9       -1.3        -.1         .0         .0         .0       -1.5
        4.8113       -3.9       -1.3        -.1         .0         .0         .0       -1.5
        4.8148       -3.9       -1.3        -.1         .0         .0         .0       -1.5
        4.8184       -3.9       -1.3        -.1         .0         .0         .0       -1.5
        4.8219       -3.9       -1.3        -.1         .0         .0         .0       -1.5
        4.8254       -3.9       -1.2        -.1         .0         .0         .0       -1.5
        4.8290       -3.9       -1.2        -.1         .0         .0         .0       -1.5
        4.8325       -3.9       -1.2        -.1         .0         .0         .0       -1.5
        4.8361       -3.9       -1.2        -.1         .0         .0         .0       -1.5
        4.8396       -3.9       -1.2        -.1         .0         .0         .0       -1.5
        4.8432       -3.9       -1.2        -.1         .0         .0         .0       -1.5
        4.8467       -3.9       -1.2        -.1         .0         .0         .0       -1.5
        4.8503       -3.9       -1.2        -.1         .0         .0         .0       -1.5
        4.8538       -3.9       -1.2        -.1         .0         .0         .0       -1.5
        4.8573       -3.9       -1.2        -.1         .0         .0         .0       -1.5
        4.8609       -3.9       -1.2        -.1         .0         .0         .0       -1.5
        4.8644       -3.9       -1.2        -.1         .0         .0         .0       -1.5
        4.8680       -3.9       -1.2        -.1         .0         .0         .0       -1.5
        4.8715       -3.9       -1.2        -.1         .0         .0         .0       -1.5
        4.8751       -3.9       -1.2        -.1         .0         .0         .0       -1.5
        4.8786       -3.9       -1.2        -.1         .0         .0         .0       -1.5
        4.8822       -3.9       -1.2        -.1         .0         .0         .0       -1.5
        4.8857       -3.9       -1.2        -.1         .0         .0         .0       -1.5
        4.8893       -3.9       -1.2        -.1         .0         .0         .0       -1.5
        4.8928       -3.9       -1.2        -.1         .0         .0         .0       -1.5
        4.8963       -3.9       -1.2        -.1         .0         .0         .0       -1.5
        4.8999       -3.9       -1.2        -.1         .0         .0         .0       -1.5
        4.9034       -3.9       -1.2        -.1         .0         .0         .0       -1.5
        4.9070       -3.9       -1.2        -.1         .0         .0         .0       -1.5
        4.9105       -3.9       -1.2        -.1         .0         .0         .0       -1.5
        4.9141       -3.9       -1.2        -.1         .0         .0         .0       -1.5
        4.9176       -3.9       -1.2        -.1         .0         .0         .0       -1.5
        4.9212       -3.9       -1.2        -.1         .0         .0         .0       -1.5
        4.9247       -3.9       -1.2        -.1         .0         .0         .0       -1.5
        4.9283       -3.9       -1.2        -.1         .0         .0         .0       -1.5
        4.9318       -3.9       -1.2        -.1         .0         .0         .0       -1.5
        4.9353       -3.9       -1.2        -.1         .0         .0         .0       -1.5
        4.9389       -3.9       -1.2        -.1         .0         .0         .0       -1.5
        4.9424       -3.9       -1.2        -.1         .0         .0         .0       -1.5
        4.9460       -3.9       -1.2        -.1         .0         .0         .0       -1.5
        4.9495       -3.9       -1.2        -.1         .0         .0         .0       -1.5
        4.9531       -3.9       -1.2        -.1         .0         .0         .0       -1.5
        4.9566       -3.9       -1.2        -.1         .0         .0         .0       -1.5
        4.9602       -3.9       -1.2        -.1         .0         .0         .0       -1.5
        4.9637       -3.9       -1.2        -.1         .0         .0         .0       -1.5
        4.9673       -3.9       -1.2        -.1         .0         .0         .0       -1.5
        4.9708       -3.9       -1.2        -.1         .0         .0         .0       -1.5
        4.9744       -3.9       -1.2        -.1         .0         .0         .0       -1.5
        4.9779       -3.9       -1.2        -.1         .0         .0         .0       -1.5
        4.9815       -3.9       -1.2        -.1         .0         .0         .0       -1.5
        4.9850       -3.9       -1.2        -.1         .0         .0         .0       -1.5
        4.9886       -3.9       -1.2        -.1         .0         .0         .0       -1.5
        4.9921       -3.9       -1.2        -.1         .0         .0         .0       -1.5
        4.9956       -3.9       -1.2        -.1         .0         .0         .0       -1.5
        4.9978       -3.9       -1.2        -.1         .0         .0         .0       -1.5
        5.0000       -3.9       -1.2        -.1         .0         .0         .0       -1.5
        5.0001       -3.9       -1.2        -.1         .0         .0         .0       -1.5
        5.0002       -3.9       -1.2        -.1         .0         .0         .0       -1.5
        5.0004       -3.9       -1.2        -.1         .0         .0         .0       -1.5
        5.0006       -3.9       -1.2        -.1         .0         .0         .0       -1.5
        5.0009       -3.9       -1.2        -.1         .0         .0         .0       -1.5
        5.0013       -3.9       -1.2        -.1         .0         .0         .0       -1.5
        5.0018       -3.9       -1.2        -.1         .0         .0         .0       -1.5
        5.0024       -3.9       -1.2        -.1         .0         .0         .0       -1.5
        5.0032       -3.9       -1.2        -.2         .0         .0         .0       -1.5
        5.0043       -3.9       -1.2        -.2         .0         .0         .0       -1.5
        5.0056       -3.9       -1.2        -.2         .0         .0         .0       -1.5
        5.0074       -3.9       -1.2        -.2         .0         .0         .0       -1.5
        5.0098       -3.9       -1.2        -.2         .0         .0         .0       -1.5
        5.0128       -3.9       -1.2        -.2         .0         .0         .0       -1.5
        5.0167       -3.9       -1.2        -.2         .0         .0         .0       -1.5
        5.0218       -3.9       -1.2        -.2         .0         .0         .0       -1.5
        5.0285       -3.9       -1.2        -.2         .0         .0         .0       -1.5
        5.0372       -3.9       -1.2        -.2         .0         .0         .0       -1.5
        5.0484       -3.9       -1.2        -.2         .0         .0         .0       -1.5
        5.0630       -3.9       -1.2        -.3         .0         .0         .0       -1.5
        5.0821       -3.9       -1.2        -.3         .0         .0         .0       -1.5
        5.1069       -3.9       -1.2        -.3         .0         .0         .0       -1.5
        5.1388       -3.9       -1.2        -.3         .0         .0         .0       -1.5
        5.1798       -3.9       -1.2        -.3         .0         .0         .0       -1.5
        5.2345       -3.9       -1.2        -.4         .0         .0         .0       -1.5
        5.3041       -3.9       -1.2        -.4         .0         .0         .0       -1.5
        5.3911       -3.9       -1.2        -.4         .0         .0         .0       -1.5
        5.5129       -3.8       -1.2        -.5         .0         .0         .0       -1.5
        5.6753       -3.7       -1.2        -.5         .0         .0         .0       -1.5
        5.8376       -3.6       -1.2        -.5         .0         .0         .0       -1.5
        6.0000       -3.5       -1.2        -.6         .0         .0         .0       -1.5
        6.2667       -3.4       -1.3        -.6         .0         .0         .0       -1.5
        6.5333       -3.3       -1.3        -.7         .0         .0         .0       -1.5
        6.8800       -3.2       -1.4        -.7         .0         .0         .0       -1.5
        7.2267       -3.2       -1.4        -.8         .0         .0         .0       -1.5
        7.6889       -3.3       -1.5        -.8         .0         .0         .0       -1.5
        8.1511       -3.5       -1.7        -.9         .0         .0         .0       -1.5
        8.6133       -3.8       -1.8        -.9         .0         .0         .0       -1.5
        9.0756       -4.2       -1.9       -1.0         .0         .0         .0       -1.5
        9.5378       -4.7       -2.1       -1.1         .0         .0         .0       -1.5
       10.0000       -5.3       -2.3       -1.1         .0         .0         .0       -1.5
end
