

  TLevel   Time         dt     IterW IterC   ItCum  Peclet   Courant

     1  .10000E-03  .10000E-03    3    1      3     1.201      .004
     2  .20000E-03  .10000E-03    3    1      6     1.201      .009
     3  .32995E-03  .12995E-03    3    1      9     1.201      .021
     4  .49888E-03  .16893E-03    4    1     13     1.201      .042
     5  .66781E-03  .16893E-03    4    1     17     1.201      .052
     6  .83674E-03  .16893E-03    4    1     21     1.201      .058
     7  .10057E-02  .16893E-03    4    1     25     1.201      .060
     8  .11746E-02  .16893E-03    4    1     29     1.201      .061
     9  .13435E-02  .16893E-03    4    1     33     1.201      .060
    10  .15125E-02  .16893E-03    4    1     37     1.201      .059
    11  .16814E-02  .16893E-03    4    1     41     1.201      .057
    12  .18503E-02  .16893E-03    4    1     45     1.201      .056
    13  .20193E-02  .16893E-03    3    1     48     1.201      .055
    14  .22390E-02  .21969E-03    4    1     52     1.201      .070
    15  .24586E-02  .21969E-03    4    1     56     1.201      .068
    16  .26783E-02  .21969E-03    4    1     60     1.201      .067
    17  .28980E-02  .21969E-03    4    1     64     1.201      .066
    18  .31177E-02  .21969E-03    4    1     68     1.201      .066
    19  .33374E-02  .21969E-03    3    1     71     1.201      .065
    20  .36234E-02  .28598E-03    4    1     75     1.201      .083
    21  .39094E-02  .28598E-03    4    1     79     1.201      .082
    22  .41953E-02  .28598E-03    4    1     83     1.201      .082
    23  .44813E-02  .28598E-03    4    1     87     1.201      .082
    24  .47673E-02  .28598E-03    4    1     91     1.201      .081
    25  .50533E-02  .28598E-03    3    1     94     1.201      .081
    26  .54242E-02  .37089E-03    4    1     98     1.201      .103
    27  .57951E-02  .37089E-03    4    1    102     1.201      .102
    28  .61660E-02  .37089E-03    4    1    106     1.201      .101
    29  .65368E-02  .37089E-03    4    1    110     1.201      .101
    30  .69077E-02  .37089E-03    4    1    114     1.201      .100
    31  .72786E-02  .37089E-03    3    1    117     1.201      .100
    32  .77615E-02  .48292E-03    4    1    121     1.201      .128
    33  .82445E-02  .48292E-03    4    1    125     1.201      .127
    34  .87274E-02  .48292E-03    4    1    129     1.201      .125
    35  .92103E-02  .48292E-03    4    1    133     1.201      .124
    36  .96932E-02  .48292E-03    4    1    137     1.201      .122
    37  .10176E-01  .48292E-03    4    1    141     1.201      .121
    38  .10659E-01  .48292E-03    4    1    145     1.201      .121
    39  .11142E-01  .48292E-03    4    1    149     1.201      .120
    40  .11625E-01  .48292E-03    4    1    153     1.201      .120
    41  .12108E-01  .48292E-03    4    1    157     1.201      .119
    42  .12591E-01  .48292E-03    4    1    161     1.201      .118
    43  .13074E-01  .48292E-03    3    1    164     1.201      .117
    44  .13699E-01  .62537E-03    4    1    168     1.201      .150
    45  .14324E-01  .62537E-03    3    1    171     1.201      .149
    46  .15140E-01  .81596E-03    4    1    175     1.201      .193
    47  .15956E-01  .81596E-03    4    1    179     1.201      .192
    48  .16772E-01  .81596E-03    4    1    183     1.201      .191
    49  .17588E-01  .81596E-03    4    1    187     1.201      .190
    50  .18404E-01  .81596E-03    4    1    191     1.201      .189
    51  .19220E-01  .81596E-03    4    1    195     1.201      .188
    52  .20036E-01  .81596E-03    4    1    199     1.201      .187
    53  .20852E-01  .81596E-03    4    1    203     1.201      .186
    54  .21668E-01  .81596E-03    3    1    206     1.201      .185
    55  .22727E-01  .10585E-02    4    1    210     1.201      .239
    56  .23785E-01  .10585E-02    4    1    214     1.201      .239
    57  .24844E-01  .10585E-02    4    1    218     1.201      .237
    58  .25902E-01  .10585E-02    4    1    222     1.201      .236
    59  .26961E-01  .10585E-02    4    1    226     1.201      .234
    60  .28019E-01  .10585E-02    4    1    230     1.201      .233
    61  .29078E-01  .10585E-02    4    1    234     1.201      .232
    62  .30136E-01  .10585E-02    4    1    238     1.201      .232
    63  .31195E-01  .10585E-02    4    1    242     1.201      .231
    64  .32253E-01  .10585E-02    3    1    245     1.201      .231
    65  .33636E-01  .13826E-02    4    1    249     1.201      .300
    66  .35019E-01  .13826E-02    4    1    253     1.201      .299
    67  .36401E-01  .13826E-02    4    1    257     1.201      .298
    68  .37784E-01  .13826E-02    4    1    261     1.201      .297
    69  .39166E-01  .13826E-02    4    1    265     1.201      .296
    70  .40549E-01  .13826E-02    3    1    268     1.201      .296
    71  .42350E-01  .18015E-02    4    1    272     1.201      .383
    72  .44152E-01  .18015E-02    4    1    276     1.201      .381
    73  .45954E-01  .18015E-02    4    1    280     1.201      .379
    74  .47755E-01  .18015E-02    4    1    284     1.201      .377
    75  .49557E-01  .18015E-02    4    1    288     1.201      .375
    76  .51358E-01  .18015E-02    4    1    292     1.201      .375
    77  .53160E-01  .18015E-02    4    1    296     1.201      .375
    78  .54961E-01  .18015E-02    4    1    300     1.201      .374
    79  .56763E-01  .18015E-02    4    1    304     1.201      .373
    80  .58564E-01  .18015E-02    4    1    308     1.201      .373
    81  .60366E-01  .18015E-02    3    1    311     1.201      .372
    82  .62697E-01  .23314E-02    4    1    315     1.201      .480
    83  .65029E-01  .23314E-02    4    1    319     1.201      .479
    84  .67360E-01  .23314E-02    4    1    323     1.201      .478
    85  .69692E-01  .23314E-02    4    1    327     1.201      .477
    86  .72023E-01  .23314E-02    4    1    331     1.201      .475
    87  .74354E-01  .23314E-02    4    1    335     1.201      .473
    88  .76686E-01  .23314E-02    4    1    339     1.201      .472
    89  .79017E-01  .23314E-02    4    1    343     1.201      .471
    90  .81349E-01  .23314E-02    4    1    347     1.201      .469
    91  .83680E-01  .23314E-02    3    1    350     1.201      .468
    92  .86944E-01  .32640E-02    4    1    354     1.201      .653
    93  .90208E-01  .32640E-02    4    1    358     1.201      .652
    94  .93472E-01  .32640E-02    4    1    362     1.201      .651
    95  .96736E-01  .32640E-02    4    1    366     1.201      .650
    96  .10000E+00  .32640E-02    4    1    370     1.201      .649
    97  .10303E+00  .30303E-02    4    1    374     1.201      .601
    98  .10606E+00  .30303E-02    4    1    378     1.201      .600
    99  .10909E+00  .30303E-02    4    1    382     1.201      .599
   100  .11212E+00  .30303E-02    4    1    386     1.201      .599
   101  .11515E+00  .30303E-02    3    1    389     1.201      .598
   102  .11908E+00  .39270E-02    4    1    393     1.201      .774
   103  .12301E+00  .39270E-02    4    1    397     1.201      .773
   104  .12693E+00  .39270E-02    4    1    401     1.201      .771
   105  .13086E+00  .39270E-02    4    1    405     1.201      .769
   106  .13479E+00  .39270E-02    4    1    409     1.201      .768
   107  .13871E+00  .39270E-02    4    1    413     1.201      .766
   108  .14264E+00  .39270E-02    4    1    417     1.201      .764
   109  .14657E+00  .39270E-02    4    1    421     1.201      .763
   110  .15049E+00  .39270E-02    4    1    425     1.201      .761
   111  .15442E+00  .39270E-02    4    1    429     1.201      .760
   112  .15835E+00  .39270E-02    4    1    433     1.201      .758
   113  .16228E+00  .39270E-02    4    1    437     1.201      .757
   114  .16620E+00  .39270E-02    4    1    441     1.201      .755
   115  .17013E+00  .39270E-02    3    1    444     1.201      .754
   116  .17528E+00  .51542E-02    4    1    448     1.201      .989
   117  .18044E+00  .51542E-02    4    1    452     1.201      .988
   118  .18559E+00  .51542E-02    4    1    456     1.201      .987
   119  .19075E+00  .51542E-02    4    1    460     1.201      .987
   120  .19590E+00  .51542E-02    4    1    464     1.201      .986
   121  .20106E+00  .51542E-02    4    1    468     1.201      .985
   122  .20621E+00  .51542E-02    4    1    472     1.201      .984
   123  .21136E+00  .51542E-02    4    1    476     1.201      .984
   124  .21652E+00  .51542E-02    4    1    480     1.201      .983
   125  .22167E+00  .51542E-02    4    1    484     1.201      .982
   126  .22683E+00  .51542E-02    3    1    487     1.201      .982
   127  .23208E+00  .52507E-02    3    1    490     1.201      .999
   128  .23733E+00  .52534E-02    3    1    493     1.201      .998
   129  .24258E+00  .52534E-02    3    1    496     1.201      .997
   130  .24784E+00  .52534E-02    3    1    499     1.201      .995
   131  .25309E+00  .52534E-02    3    1    502     1.201      .994
   132  .25834E+00  .52534E-02    3    1    505     1.201      .993
   133  .26360E+00  .52534E-02    3    1    508     1.201      .992
   134  .26885E+00  .52534E-02    3    1    511     1.201      .991
   135  .27410E+00  .52534E-02    3    1    514     1.201      .990
   136  .27936E+00  .52534E-02    3    1    517     1.201      .988
   137  .28461E+00  .52534E-02    3    1    520     1.201      .987
   138  .28993E+00  .53204E-02    3    1    523     1.201      .999
   139  .29526E+00  .53260E-02    3    1    526     1.201      .999
   140  .30059E+00  .53320E-02    3    1    529     1.201      .999
   141  .30593E+00  .53377E-02    3    1    532     1.201      .999
   142  .31127E+00  .53433E-02    3    1    535     1.201      .999
   143  .31662E+00  .53487E-02    3    1    538     1.201      .999
   144  .32197E+00  .53541E-02    3    1    541     1.201      .999
   145  .32733E+00  .53587E-02    3    1    544     1.201      .999
   146  .33270E+00  .53632E-02    3    1    547     1.201      .999
   147  .33806E+00  .53678E-02    3    1    550     1.201      .999
   148  .34344E+00  .53731E-02    3    1    553     1.201      .999
   149  .34881E+00  .53761E-02    3    1    556     1.201     1.000
   150  .35419E+00  .53770E-02    3    1    559     1.201     1.000
   151  .35957E+00  .53788E-02    3    1    562     1.201     1.000
   152  .36495E+00  .53807E-02    3    1    565     1.201     1.000
   153  .37033E+00  .53825E-02    3    1    568     1.201     1.000
   154  .37572E+00  .53843E-02    3    1    571     1.201     1.000
   155  .38110E+00  .53861E-02    3    1    574     1.201     1.000
   156  .38649E+00  .53878E-02    3    1    577     1.201     1.000
   157  .39188E+00  .53895E-02    3    1    580     1.201     1.000
   158  .39727E+00  .53912E-02    3    1    583     1.201     1.000
   159  .40266E+00  .53930E-02    3    1    586     1.201     1.000
   160  .40806E+00  .53948E-02    3    1    589     1.201     1.000
   161  .41345E+00  .53965E-02    3    1    592     1.201     1.000
   162  .41885E+00  .53981E-02    3    1    595     1.201     1.000
   163  .42425E+00  .53995E-02    3    1    598     1.201     1.000
   164  .42965E+00  .54009E-02    3    1    601     1.201     1.000
   165  .43505E+00  .54022E-02    3    1    604     1.201     1.000
   166  .44046E+00  .54036E-02    3    1    607     1.201     1.000
   167  .44586E+00  .54049E-02    3    1    610     1.201     1.000
   168  .45127E+00  .54062E-02    3    1    613     1.201     1.000
   169  .45668E+00  .54074E-02    3    1    616     1.201     1.000
   170  .46209E+00  .54085E-02    3    1    619     1.201     1.000
   171  .46750E+00  .54096E-02    3    1    622     1.201     1.000
   172  .47291E+00  .54107E-02    2    1    624     1.201     1.000
   173  .47832E+00  .54117E-02    3    1    627     1.201     1.000
   174  .48373E+00  .54138E-02    2    1    629     1.201      .999
   175  .48915E+00  .54171E-02    3    1    632     1.201     1.000
   176  .49457E+00  .54191E-02    2    1    634     1.201      .999
   177  .49728E+00  .27162E-02    2    1    636     1.201      .501
   178  .50000E+00  .27162E-02    2    1    638     1.201      .501
   179  .50542E+00  .54241E-02    2    1    640     1.201      .999
   180  .51085E+00  .54274E-02    3    1    643     1.201     1.000
   181  .51628E+00  .54294E-02    2    1    645     1.201      .999
   182  .52171E+00  .54324E-02    3    1    648     1.201     1.000
   183  .52715E+00  .54341E-02    2    1    650     1.201      .999
   184  .53258E+00  .54351E-02    3    1    653     1.201      .999
   185  .53802E+00  .54351E-02    2    1    655     1.201      .999
   186  .54345E+00  .54351E-02    2    1    657     1.201      .998
   187  .54889E+00  .54351E-02    2    1    659     1.201      .998
   188  .55432E+00  .54351E-02    2    1    661     1.201      .997
   189  .55976E+00  .54351E-02    2    1    663     1.201      .997
   190  .56519E+00  .54351E-02    2    1    665     1.201      .996
   191  .57063E+00  .54351E-02    2    1    667     1.201      .996
   192  .57606E+00  .54351E-02    2    1    669     1.201      .996
   193  .58150E+00  .54351E-02    2    1    671     1.201      .995
   194  .58693E+00  .54351E-02    2    1    673     1.201      .995
   195  .59237E+00  .54351E-02    2    1    675     1.201      .994
   196  .59780E+00  .54351E-02    2    1    677     1.201      .994
   197  .60324E+00  .54351E-02    2    1    679     1.201      .993
   198  .60867E+00  .54351E-02    2    1    681     1.201      .993
   199  .61415E+00  .54733E-02    2    1    683     1.201     1.000
   200  .61962E+00  .54753E-02    2    1    685     1.201     1.000
   201  .62510E+00  .54773E-02    2    1    687     1.201     1.000
   202  .63058E+00  .54793E-02    2    1    689     1.201     1.000
   203  .63606E+00  .54812E-02    2    1    691     1.201     1.000
   204  .64154E+00  .54832E-02    2    1    693     1.201     1.000
   205  .64703E+00  .54851E-02    2    1    695     1.201     1.000
   206  .65252E+00  .54869E-02    2    1    697     1.201     1.000
   207  .65800E+00  .54888E-02    2    1    699     1.201     1.000
   208  .66349E+00  .54906E-02    2    1    701     1.201     1.000
   209  .66899E+00  .54924E-02    2    1    703     1.201     1.000
   210  .67448E+00  .54942E-02    2    1    705     1.201     1.000
   211  .67998E+00  .54960E-02    2    1    707     1.201     1.000
   212  .68548E+00  .54977E-02    2    1    709     1.201     1.000
   213  .69097E+00  .54995E-02    2    1    711     1.201     1.000
   214  .69648E+00  .55012E-02    2    1    713     1.201     1.000
   215  .70198E+00  .55030E-02    2    1    715     1.201     1.000
   216  .70748E+00  .55047E-02    2    1    717     1.201     1.000
   217  .71299E+00  .55063E-02    2    1    719     1.201     1.000
   218  .71850E+00  .55080E-02    2    1    721     1.201     1.000
   219  .72401E+00  .55096E-02    2    1    723     1.201     1.000
   220  .72952E+00  .55113E-02    2    1    725     1.201     1.000
   221  .73503E+00  .55129E-02    2    1    727     1.201     1.000
   222  .74055E+00  .55145E-02    2    1    729     1.201     1.000
   223  .74606E+00  .55163E-02    2    1    731     1.201     1.000
   224  .75158E+00  .55183E-02    2    1    733     1.201     1.000
   225  .75710E+00  .55195E-02    2    1    735     1.201     1.000
   226  .76262E+00  .55199E-02    2    1    737     1.201     1.000
   227  .76814E+00  .55202E-02    2    1    739     1.201     1.000
   228  .77366E+00  .55205E-02    2    1    741     1.201     1.000
   229  .77918E+00  .55205E-02    2    1    743     1.201     1.000
   230  .78470E+00  .55205E-02    2    1    745     1.201     1.000
   231  .79022E+00  .55205E-02    2    1    747     1.201     1.000
   232  .79574E+00  .55205E-02    2    1    749     1.201      .999
   233  .80126E+00  .55205E-02    2    1    751     1.201      .999
   234  .80678E+00  .55205E-02    2    1    753     1.201      .999
   235  .81230E+00  .55205E-02    2    1    755     1.201      .999
   236  .81782E+00  .55205E-02    2    1    757     1.201      .999
   237  .82334E+00  .55205E-02    2    1    759     1.201      .999
   238  .82887E+00  .55205E-02    2    1    761     1.201      .999
   239  .83439E+00  .55205E-02    2    1    763     1.201      .999
   240  .83991E+00  .55205E-02    2    1    765     1.201      .999
   241  .84543E+00  .55205E-02    2    1    767     1.201      .999
   242  .85095E+00  .55205E-02    2    1    769     1.201      .999
   243  .85647E+00  .55205E-02    2    1    771     1.201      .998
   244  .86199E+00  .55205E-02    2    1    773     1.201      .998
   245  .86751E+00  .55205E-02    2    1    775     1.201      .998
   246  .87303E+00  .55205E-02    2    1    777     1.201      .998
   247  .87855E+00  .55205E-02    2    1    779     1.201      .998
   248  .88407E+00  .55205E-02    2    1    781     1.201      .998
   249  .88959E+00  .55205E-02    2    1    783     1.201      .998
   250  .89511E+00  .55205E-02    2    1    785     1.201      .998
   251  .90063E+00  .55205E-02    2    1    787     1.201      .998
   252  .90615E+00  .55205E-02    2    1    789     1.201      .998
   253  .91167E+00  .55205E-02    2    1    791     1.201      .998
   254  .91719E+00  .55205E-02    2    1    793     1.201      .998
   255  .92271E+00  .55205E-02    2    1    795     1.201      .998
   256  .92823E+00  .55205E-02    2    1    797     1.201      .997
   257  .93375E+00  .55205E-02    2    1    799     1.201      .997
   258  .93927E+00  .55205E-02    2    1    801     1.201      .997
   259  .94480E+00  .55205E-02    2    1    803     1.201      .997
   260  .95032E+00  .55205E-02    2    1    805     1.201      .997
   261  .95584E+00  .55205E-02    2    1    807     1.201      .997
   262  .96136E+00  .55205E-02    2    1    809     1.201      .997
   263  .96688E+00  .55205E-02    2    1    811     1.201      .997
   264  .97240E+00  .55205E-02    2    1    813     1.201      .997
   265  .97792E+00  .55205E-02    2    1    815     1.201      .997
   266  .98344E+00  .55205E-02    2    1    817     1.201      .997
   267  .98896E+00  .55205E-02    2    1    819     1.201      .997
   268  .99448E+00  .55205E-02    2    1    821     1.201      .997
   269  .10000E+01  .55205E-02    2    1    823     1.201      .997
   270  .10001E+01  .10000E-03    2    1    825     1.201      .010
   271  .10002E+01  .13001E-03    2    1    827     1.201      .009
   272  .10004E+01  .16901E-03    2    1    829     1.201      .008
   273  .10006E+01  .21970E-03    2    1    831     1.201      .008
   274  .10009E+01  .28569E-03    2    1    833     1.201      .008
   275  .10013E+01  .37135E-03    2    1    835     1.201      .009
   276  .10018E+01  .48279E-03    2    1    837     1.201      .009
   277  .10024E+01  .62751E-03    2    1    839     1.201      .010
   278  .10032E+01  .81576E-03    2    1    841     1.201      .011
   279  .10043E+01  .10615E-02    2    1    843     1.201      .012
   280  .10056E+01  .13770E-02    2    1    845     1.201      .013
   281  .10074E+01  .17912E-02    2    1    847     1.201      .015
   282  .10098E+01  .23344E-02    2    1    849     1.201      .018
   283  .10128E+01  .30261E-02    2    1    851     1.201      .021
   284  .10167E+01  .39291E-02    3    1    854     1.201      .023
   285  .10219E+01  .51413E-02    3    1    857     1.201      .027
   286  .10285E+01  .66408E-02    3    1    860     1.201      .031
   287  .10371E+01  .85727E-02    3    1    863     1.201      .034
   288  .10484E+01  .11291E-01    3    1    866     1.201      .039
   289  .10629E+01  .14569E-01    3    1    869     1.201      .042
   290  .10819E+01  .19003E-01    3    1    872     1.201      .047
   291  .11065E+01  .24592E-01    3    1    875     1.201      .050
   292  .11393E+01  .32789E-01    3    1    878     1.201      .052
   293  .11794E+01  .40076E-01    3    1    881     1.201      .051
   294  .12328E+01  .53434E-01    3    1    884     1.201      .049
   295  .12996E+01  .66793E-01    3    1    887     1.201      .043
   296  .13998E+01  .10019E+00    3    1    890     1.201      .050
   297  .15000E+01  .10019E+00    3    1    893     1.201      .041
   298  .16250E+01  .12500E+00    3    1    896     1.201      .044
   299  .18125E+01  .18750E+00    3    1    899     1.201      .070
   300  .20000E+01  .18750E+00    3    1    902     1.201      .091
   301  .20001E+01  .10000E-03    3    1    905     1.201      .013
   302  .20002E+01  .12999E-03    4    1    909     1.201      .036
   303  .20004E+01  .12999E-03    3    1    912     1.201      .049
   304  .20005E+01  .16900E-03    4    1    916     1.201      .071
   305  .20007E+01  .16900E-03    4    1    920     1.201      .073
   306  .20009E+01  .16900E-03    3    1    923     1.201      .073
   307  .20011E+01  .21969E-03    4    1    927     1.201      .092
   308  .20013E+01  .21969E-03    4    1    931     1.201      .090
   309  .20015E+01  .21969E-03    3    1    934     1.201      .089
   310  .20018E+01  .28560E-03    4    1    938     1.201      .113
   311  .20021E+01  .28560E-03    4    1    942     1.201      .113
   312  .20024E+01  .28560E-03    4    1    946     1.201      .112
   313  .20027E+01  .28560E-03    4    1    950     1.201      .111
   314  .20030E+01  .28560E-03    4    1    954     1.201      .110
   315  .20032E+01  .28560E-03    4    1    958     1.201      .110
   316  .20035E+01  .28560E-03    4    1    962     1.201      .109
   317  .20038E+01  .28560E-03    4    1    966     1.201      .108
   318  .20041E+01  .28560E-03    3    1    969     1.201      .107
   319  .20045E+01  .37133E-03    4    1    973     1.201      .137
   320  .20048E+01  .37133E-03    4    1    977     1.201      .136
   321  .20052E+01  .37133E-03    4    1    981     1.201      .135
   322  .20056E+01  .37133E-03    4    1    985     1.201      .134
   323  .20060E+01  .37133E-03    3    1    988     1.201      .133
   324  .20064E+01  .48278E-03    4    1    992     1.201      .171
   325  .20069E+01  .48278E-03    4    1    996     1.201      .170
   326  .20074E+01  .48278E-03    4    1   1000     1.201      .169
   327  .20079E+01  .48278E-03    4    1   1004     1.201      .168
   328  .20084E+01  .48278E-03    4    1   1008     1.201      .167
   329  .20088E+01  .48278E-03    3    1   1011     1.201      .166
   330  .20095E+01  .62731E-03    4    1   1015     1.201      .215
   331  .20101E+01  .62731E-03    4    1   1019     1.201      .214
   332  .20107E+01  .62731E-03    4    1   1023     1.201      .213
   333  .20114E+01  .62731E-03    3    1   1026     1.201      .212
   334  .20122E+01  .81571E-03    4    1   1030     1.201      .273
   335  .20130E+01  .81571E-03    4    1   1034     1.201      .272
   336  .20138E+01  .81571E-03    4    1   1038     1.201      .271
   337  .20146E+01  .81571E-03    4    1   1042     1.201      .270
   338  .20154E+01  .81571E-03    4    1   1046     1.201      .269
   339  .20163E+01  .81571E-03    4    1   1050     1.201      .268
   340  .20171E+01  .81571E-03    3    1   1053     1.201      .267
   341  .20181E+01  .10603E-02    4    1   1057     1.201      .346
   342  .20192E+01  .10603E-02    4    1   1061     1.201      .344
   343  .20202E+01  .10603E-02    4    1   1065     1.201      .342
   344  .20213E+01  .10603E-02    4    1   1069     1.201      .341
   345  .20224E+01  .10603E-02    4    1   1073     1.201      .340
   346  .20234E+01  .10603E-02    4    1   1077     1.201      .339
   347  .20245E+01  .10603E-02    4    1   1081     1.201      .338
   348  .20255E+01  .10603E-02    4    1   1085     1.201      .338
   349  .20266E+01  .10603E-02    3    1   1088     1.201      .337
   350  .20280E+01  .13787E-02    4    1   1092     1.201      .437
   351  .20294E+01  .13787E-02    4    1   1096     1.201      .436
   352  .20307E+01  .13787E-02    4    1   1100     1.201      .434
   353  .20321E+01  .13787E-02    4    1   1104     1.201      .432
   354  .20335E+01  .13787E-02    4    1   1108     1.201      .431
   355  .20349E+01  .13787E-02    4    1   1112     1.201      .430
   356  .20363E+01  .13787E-02    4    1   1116     1.201      .429
   357  .20376E+01  .13787E-02    3    1   1119     1.201      .428
   358  .20394E+01  .17921E-02    4    1   1123     1.201      .556
   359  .20412E+01  .17921E-02    4    1   1127     1.201      .555
   360  .20430E+01  .17921E-02    4    1   1131     1.201      .554
   361  .20448E+01  .17921E-02    4    1   1135     1.201      .553
   362  .20466E+01  .17921E-02    4    1   1139     1.201      .552
   363  .20484E+01  .17921E-02    4    1   1143     1.201      .551
   364  .20502E+01  .17921E-02    3    1   1146     1.201      .549
   365  .20525E+01  .23280E-02    4    1   1150     1.201      .711
   366  .20548E+01  .23280E-02    4    1   1154     1.201      .709
   367  .20572E+01  .23280E-02    4    1   1158     1.201      .707
   368  .20595E+01  .23280E-02    4    1   1162     1.201      .706
   369  .20618E+01  .23280E-02    4    1   1166     1.201      .705
   370  .20642E+01  .23280E-02    4    1   1170     1.201      .704
   371  .20665E+01  .23280E-02    4    1   1174     1.201      .704
   372  .20688E+01  .23280E-02    4    1   1178     1.201      .703
   373  .20711E+01  .23280E-02    4    1   1182     1.201      .702
   374  .20735E+01  .23280E-02    3    1   1185     1.201      .701
   375  .20765E+01  .30279E-02    4    1   1189     1.201      .910
   376  .20795E+01  .30279E-02    4    1   1193     1.201      .909
   377  .20825E+01  .30279E-02    4    1   1197     1.201      .908
   378  .20856E+01  .30279E-02    4    1   1201     1.201      .906
   379  .20886E+01  .30279E-02    4    1   1205     1.201      .905
   380  .20916E+01  .30279E-02    4    1   1209     1.201      .903
   381  .20947E+01  .30279E-02    4    1   1213     1.201      .902
   382  .20977E+01  .30279E-02    3    1   1216     1.201      .900
   383  .21011E+01  .33629E-02    4    1   1220     1.201      .998
   384  .21044E+01  .33669E-02    4    1   1224     1.201      .998
   385  .21078E+01  .33669E-02    4    1   1228     1.201      .998
   386  .21112E+01  .33669E-02    4    1   1232     1.201      .997
   387  .21145E+01  .33668E-02    4    1   1236     1.201      .996
   388  .21179E+01  .33668E-02    3    1   1239     1.201      .995
   389  .21213E+01  .33797E-02    3    1   1242     1.201      .998
   390  .21247E+01  .33874E-02    3    1   1245     1.201      .999
   391  .21280E+01  .33900E-02    3    1   1248     1.201      .999
   392  .21314E+01  .33925E-02    3    1   1251     1.201      .999
   393  .21348E+01  .33928E-02    3    1   1254     1.201      .999
   394  .21382E+01  .33928E-02    3    1   1257     1.201      .998
   395  .21416E+01  .33928E-02    3    1   1260     1.201      .998
   396  .21450E+01  .34011E-02    3    1   1263     1.201      .999
   397  .21484E+01  .34028E-02    3    1   1266     1.201      .999
   398  .21518E+01  .34047E-02    3    1   1269     1.201      .999
   399  .21552E+01  .34063E-02    3    1   1272     1.201      .999
   400  .21586E+01  .34063E-02    3    1   1275     1.201      .998
   401  .21620E+01  .34063E-02    3    1   1278     1.201      .997
   402  .21655E+01  .34155E-02    3    1   1281     1.201      .999
   403  .21689E+01  .34183E-02    3    1   1284     1.201      .999
   404  .21723E+01  .34203E-02    3    1   1287     1.201      .999
   405  .21757E+01  .34203E-02    3    1   1290     1.201      .998
   406  .21791E+01  .34203E-02    3    1   1293     1.201      .997
   407  .21826E+01  .34292E-02    3    1   1296     1.201      .999
   408  .21860E+01  .34318E-02    3    1   1299     1.201      .999
   409  .21894E+01  .34343E-02    3    1   1302     1.201      .999
   410  .21929E+01  .34346E-02    3    1   1305     1.201      .999
   411  .21963E+01  .34346E-02    3    1   1308     1.201      .998
   412  .21997E+01  .34346E-02    3    1   1311     1.201      .998
   413  .22032E+01  .34346E-02    3    1   1314     1.201      .998
   414  .22066E+01  .34426E-02    3    1   1317     1.201     1.000
   415  .22101E+01  .34438E-02    3    1   1320     1.201     1.000
   416  .22135E+01  .34450E-02    3    1   1323     1.201     1.000
   417  .22169E+01  .34462E-02    3    1   1326     1.201     1.000
   418  .22204E+01  .34473E-02    3    1   1329     1.201     1.000
   419  .22238E+01  .34484E-02    3    1   1332     1.201     1.000
   420  .22273E+01  .34494E-02    3    1   1335     1.201     1.000
   421  .22307E+01  .34496E-02    3    1   1338     1.201     1.000
   422  .22342E+01  .34496E-02    2    1   1340     1.201     1.000
   423  .22376E+01  .34496E-02    3    1   1343     1.201      .999
   424  .22411E+01  .34496E-02    2    1   1345     1.201      .999
   425  .22445E+01  .34496E-02    3    1   1348     1.201      .999
   426  .22480E+01  .34496E-02    2    1   1350     1.201      .999
   427  .22514E+01  .34496E-02    3    1   1353     1.201      .998
   428  .22549E+01  .34496E-02    2    1   1355     1.201      .998
   429  .22583E+01  .34496E-02    3    1   1358     1.201      .998
   430  .22618E+01  .34496E-02    2    1   1360     1.201      .998
   431  .22652E+01  .34496E-02    3    1   1363     1.201      .997
   432  .22687E+01  .34583E-02    2    1   1365     1.201     1.000
   433  .22722E+01  .34589E-02    2    1   1367     1.201     1.000
   434  .22756E+01  .34593E-02    2    1   1369     1.201     1.000
   435  .22791E+01  .34602E-02    2    1   1371     1.201     1.000
   436  .22825E+01  .34612E-02    2    1   1373     1.201     1.000
   437  .22860E+01  .34626E-02    2    1   1375     1.201     1.000
   438  .22895E+01  .34639E-02    2    1   1377     1.201     1.000
   439  .22929E+01  .34652E-02    2    1   1379     1.201     1.000
   440  .22964E+01  .34660E-02    2    1   1381     1.201     1.000
   441  .22999E+01  .34660E-02    2    1   1383     1.201      .999
   442  .23033E+01  .34660E-02    2    1   1385     1.201      .999
   443  .23068E+01  .34660E-02    2    1   1387     1.201      .999
   444  .23103E+01  .34660E-02    2    1   1389     1.201      .998
   445  .23137E+01  .34660E-02    2    1   1391     1.201      .998
   446  .23172E+01  .34660E-02    2    1   1393     1.201      .998
   447  .23207E+01  .34660E-02    2    1   1395     1.201      .997
   448  .23241E+01  .34757E-02    2    1   1397     1.201     1.000
   449  .23276E+01  .34769E-02    2    1   1399     1.201     1.000
   450  .23311E+01  .34780E-02    2    1   1401     1.201     1.000
   451  .23346E+01  .34792E-02    2    1   1403     1.201     1.000
   452  .23380E+01  .34803E-02    2    1   1405     1.201     1.000
   453  .23415E+01  .34814E-02    2    1   1407     1.201     1.000
   454  .23450E+01  .34825E-02    2    1   1409     1.201     1.000
   455  .23485E+01  .34836E-02    2    1   1411     1.201     1.000
   456  .23520E+01  .34840E-02    2    1   1413     1.201     1.000
   457  .23555E+01  .34840E-02    2    1   1415     1.201      .999
   458  .23589E+01  .34840E-02    2    1   1417     1.201      .999
   459  .23624E+01  .34840E-02    2    1   1419     1.201      .999
   460  .23659E+01  .34840E-02    2    1   1421     1.201      .998
   461  .23694E+01  .34840E-02    2    1   1423     1.201      .998
   462  .23729E+01  .34840E-02    2    1   1425     1.201      .998
   463  .23764E+01  .34840E-02    2    1   1427     1.201      .998
   464  .23799E+01  .34840E-02    2    1   1429     1.201      .997
   465  .23833E+01  .34840E-02    2    1   1431     1.201      .997
   466  .23868E+01  .34840E-02    2    1   1433     1.201      .997
   467  .23903E+01  .34840E-02    2    1   1435     1.201      .997
   468  .23938E+01  .34942E-02    2    1   1437     1.201     1.000
   469  .23973E+01  .34946E-02    2    1   1439     1.201     1.000
   470  .24008E+01  .34949E-02    2    1   1441     1.201     1.000
   471  .24043E+01  .34953E-02    2    1   1443     1.201     1.000
   472  .24078E+01  .34956E-02    2    1   1445     1.201     1.000
   473  .24113E+01  .34960E-02    2    1   1447     1.201     1.000
   474  .24148E+01  .34963E-02    2    1   1449     1.201     1.000
   475  .24183E+01  .34967E-02    2    1   1451     1.201     1.000
   476  .24218E+01  .34970E-02    2    1   1453     1.201     1.000
   477  .24253E+01  .34973E-02    2    1   1455     1.201     1.000
   478  .24288E+01  .34976E-02    2    1   1457     1.201     1.000
   479  .24323E+01  .34980E-02    2    1   1459     1.201     1.000
   480  .24358E+01  .34983E-02    2    1   1461     1.201     1.000
   481  .24393E+01  .34986E-02    2    1   1463     1.201     1.000
   482  .24428E+01  .34989E-02    2    1   1465     1.201     1.000
   483  .24463E+01  .34992E-02    2    1   1467     1.201     1.000
   484  .24498E+01  .34995E-02    2    1   1469     1.201     1.000
   485  .24533E+01  .34997E-02    2    1   1471     1.201     1.000
   486  .24568E+01  .35000E-02    2    1   1473     1.201     1.000
   487  .24603E+01  .35002E-02    2    1   1475     1.201     1.000
   488  .24638E+01  .35005E-02    2    1   1477     1.201     1.000
   489  .24673E+01  .35007E-02    2    1   1479     1.201     1.000
   490  .24708E+01  .35010E-02    2    1   1481     1.201     1.000
   491  .24743E+01  .35013E-02    2    1   1483     1.201     1.000
   492  .24778E+01  .35015E-02    2    1   1485     1.201     1.000
   493  .24813E+01  .35017E-02    2    1   1487     1.201     1.000
   494  .24848E+01  .35020E-02    2    1   1489     1.201     1.000
   495  .24883E+01  .35022E-02    2    1   1491     1.201     1.000
   496  .24918E+01  .35024E-02    2    1   1493     1.201     1.000
   497  .24953E+01  .35026E-02    2    1   1495     1.201     1.000
   498  .24988E+01  .35029E-02    2    1   1497     1.201     1.000
   499  .25023E+01  .35031E-02    2    1   1499     1.201     1.000
   500  .25058E+01  .35033E-02    2    1   1501     1.201     1.000
   501  .25093E+01  .35035E-02    2    1   1503     1.201     1.000
   502  .25128E+01  .35038E-02    2    1   1505     1.201     1.000
   503  .25163E+01  .35041E-02    2    1   1507     1.201     1.000
   504  .25198E+01  .35043E-02    2    1   1509     1.201     1.000
   505  .25233E+01  .35046E-02    2    1   1511     1.201     1.000
   506  .25268E+01  .35049E-02    2    1   1513     1.201     1.000
   507  .25303E+01  .35051E-02    2    1   1515     1.201     1.000
   508  .25338E+01  .35052E-02    2    1   1517     1.201     1.000
   509  .25373E+01  .35052E-02    2    1   1519     1.201     1.000
   510  .25408E+01  .35052E-02    2    1   1521     1.201     1.000
   511  .25443E+01  .35052E-02    2    1   1523     1.201     1.000
   512  .25478E+01  .35052E-02    2    1   1525     1.201     1.000
   513  .25513E+01  .35052E-02    2    1   1527     1.201     1.000
   514  .25548E+01  .35052E-02    2    1   1529     1.201      .999
   515  .25583E+01  .35052E-02    2    1   1531     1.201      .999
   516  .25619E+01  .35052E-02    2    1   1533     1.201      .999
   517  .25654E+01  .35052E-02    2    1   1535     1.201      .999
   518  .25689E+01  .35052E-02    2    1   1537     1.201      .999
   519  .25724E+01  .35052E-02    2    1   1539     1.201      .999
   520  .25759E+01  .35052E-02    2    1   1541     1.201      .999
   521  .25794E+01  .35052E-02    2    1   1543     1.201      .999
   522  .25829E+01  .35052E-02    2    1   1545     1.201      .999
   523  .25864E+01  .35052E-02    2    1   1547     1.201      .999
   524  .25899E+01  .35052E-02    2    1   1549     1.201      .999
   525  .25934E+01  .35052E-02    2    1   1551     1.201      .999
   526  .25969E+01  .35052E-02    2    1   1553     1.201      .999
   527  .26004E+01  .35052E-02    2    1   1555     1.201      .998
   528  .26039E+01  .35052E-02    2    1   1557     1.201      .998
   529  .26074E+01  .35052E-02    2    1   1559     1.201      .998
   530  .26109E+01  .35052E-02    2    1   1561     1.201      .998
   531  .26144E+01  .35052E-02    2    1   1563     1.201      .998
   532  .26179E+01  .35052E-02    2    1   1565     1.201      .998
   533  .26214E+01  .35052E-02    2    1   1567     1.201      .998
   534  .26249E+01  .35052E-02    2    1   1569     1.201      .998
   535  .26285E+01  .35052E-02    2    1   1571     1.201      .998
   536  .26320E+01  .35052E-02    2    1   1573     1.201      .998
   537  .26355E+01  .35052E-02    2    1   1575     1.201      .997
   538  .26390E+01  .35052E-02    2    1   1577     1.201      .997
   539  .26425E+01  .35052E-02    2    1   1579     1.201      .997
   540  .26460E+01  .35052E-02    2    1   1581     1.201      .997
   541  .26495E+01  .35052E-02    2    1   1583     1.201      .997
   542  .26530E+01  .35052E-02    2    1   1585     1.201      .997
   543  .26565E+01  .35052E-02    2    1   1587     1.201      .997
   544  .26600E+01  .35052E-02    2    1   1589     1.201      .997
   545  .26635E+01  .35052E-02    2    1   1591     1.201      .997
   546  .26670E+01  .35052E-02    2    1   1593     1.201      .997
   547  .26705E+01  .35052E-02    2    1   1595     1.201      .996
   548  .26740E+01  .35052E-02    2    1   1597     1.201      .996
   549  .26775E+01  .35052E-02    2    1   1599     1.201      .996
   550  .26810E+01  .35051E-02    2    1   1601     1.201      .996
   551  .26845E+01  .35051E-02    2    1   1603     1.201      .996
   552  .26880E+01  .35051E-02    2    1   1605     1.201      .996
   553  .26915E+01  .35051E-02    2    1   1607     1.201      .996
   554  .26951E+01  .35051E-02    2    1   1609     1.201      .996
   555  .26986E+01  .35051E-02    2    1   1611     1.201      .996
   556  .27021E+01  .35051E-02    2    1   1613     1.201      .996
   557  .27056E+01  .35051E-02    2    1   1615     1.201      .996
   558  .27091E+01  .35051E-02    2    1   1617     1.201      .995
   559  .27126E+01  .35051E-02    2    1   1619     1.201      .995
   560  .27161E+01  .35051E-02    2    1   1621     1.201      .995
   561  .27196E+01  .35051E-02    2    1   1623     1.201      .995
   562  .27231E+01  .35051E-02    2    1   1625     1.201      .995
   563  .27266E+01  .35051E-02    2    1   1627     1.201      .995
   564  .27301E+01  .35051E-02    2    1   1629     1.201      .995
   565  .27336E+01  .35051E-02    2    1   1631     1.201      .995
   566  .27371E+01  .35051E-02    2    1   1633     1.201      .995
   567  .27406E+01  .35051E-02    2    1   1635     1.201      .995
   568  .27441E+01  .35051E-02    2    1   1637     1.201      .994
   569  .27476E+01  .35051E-02    2    1   1639     1.201      .994
   570  .27511E+01  .35051E-02    2    1   1641     1.201      .994
   571  .27546E+01  .35051E-02    2    1   1643     1.201      .994
   572  .27581E+01  .35051E-02    2    1   1645     1.201      .994
   573  .27617E+01  .35051E-02    2    1   1647     1.201      .994
   574  .27652E+01  .35051E-02    2    1   1649     1.201      .994
   575  .27687E+01  .35051E-02    2    1   1651     1.201      .994
   576  .27722E+01  .35051E-02    2    1   1653     1.201      .994
   577  .27757E+01  .35051E-02    2    1   1655     1.201      .994
   578  .27792E+01  .35051E-02    2    1   1657     1.201      .994
   579  .27827E+01  .35051E-02    2    1   1659     1.201      .994
   580  .27862E+01  .35051E-02    2    1   1661     1.201      .993
   581  .27897E+01  .35051E-02    2    1   1663     1.201      .993
   582  .27932E+01  .35051E-02    2    1   1665     1.201      .993
   583  .27967E+01  .35051E-02    2    1   1667     1.201      .993
   584  .28002E+01  .35051E-02    2    1   1669     1.201      .993
   585  .28037E+01  .35051E-02    2    1   1671     1.201      .993
   586  .28072E+01  .35051E-02    2    1   1673     1.201      .993
   587  .28107E+01  .35051E-02    2    1   1675     1.201      .993
   588  .28142E+01  .35051E-02    2    1   1677     1.201      .993
   589  .28177E+01  .35051E-02    2    1   1679     1.201      .993
   590  .28212E+01  .35051E-02    2    1   1681     1.201      .993
   591  .28247E+01  .35051E-02    2    1   1683     1.201      .993
   592  .28282E+01  .35051E-02    2    1   1685     1.201      .993
   593  .28318E+01  .35051E-02    2    1   1687     1.201      .992
   594  .28353E+01  .35051E-02    2    1   1689     1.201      .992
   595  .28388E+01  .35051E-02    2    1   1691     1.201      .992
   596  .28423E+01  .35051E-02    2    1   1693     1.201      .992
   597  .28458E+01  .35051E-02    2    1   1695     1.201      .992
   598  .28493E+01  .35051E-02    2    1   1697     1.201      .992
   599  .28528E+01  .35051E-02    2    1   1699     1.201      .992
   600  .28563E+01  .35051E-02    2    1   1701     1.201      .992
   601  .28598E+01  .35051E-02    2    1   1703     1.201      .992
   602  .28633E+01  .35051E-02    2    1   1705     1.201      .992
   603  .28668E+01  .35051E-02    2    1   1707     1.201      .992
   604  .28703E+01  .35051E-02    2    1   1709     1.201      .992
   605  .28738E+01  .35051E-02    2    1   1711     1.201      .992
   606  .28773E+01  .35051E-02    2    1   1713     1.201      .991
   607  .28808E+01  .35051E-02    2    1   1715     1.201      .991
   608  .28843E+01  .35051E-02    2    1   1717     1.201      .991
   609  .28878E+01  .35051E-02    2    1   1719     1.201      .991
   610  .28913E+01  .35051E-02    2    1   1721     1.201      .991
   611  .28948E+01  .35051E-02    2    1   1723     1.201      .991
   612  .28984E+01  .35051E-02    2    1   1725     1.201      .991
   613  .29019E+01  .35051E-02    2    1   1727     1.201      .991
   614  .29054E+01  .35051E-02    2    1   1729     1.201      .991
   615  .29089E+01  .35051E-02    2    1   1731     1.201      .991
   616  .29124E+01  .35051E-02    2    1   1733     1.201      .991
   617  .29159E+01  .35051E-02    2    1   1735     1.201      .991
   618  .29194E+01  .35051E-02    2    1   1737     1.201      .991
   619  .29229E+01  .35051E-02    2    1   1739     1.201      .991
   620  .29264E+01  .35051E-02    2    1   1741     1.201      .991
   621  .29299E+01  .35051E-02    2    1   1743     1.201      .991
   622  .29334E+01  .35051E-02    2    1   1745     1.201      .991
   623  .29369E+01  .35051E-02    2    1   1747     1.201      .991
   624  .29404E+01  .35051E-02    2    1   1749     1.201      .991
   625  .29439E+01  .35051E-02    2    1   1751     1.201      .991
   626  .29474E+01  .35051E-02    2    1   1753     1.201      .991
   627  .29509E+01  .35051E-02    2    1   1755     1.201      .991
   628  .29544E+01  .35051E-02    2    1   1757     1.201      .991
   629  .29579E+01  .35051E-02    2    1   1759     1.201      .991
   630  .29614E+01  .35051E-02    2    1   1761     1.201      .991
   631  .29649E+01  .35051E-02    2    1   1763     1.201      .990
   632  .29685E+01  .35051E-02    2    1   1765     1.201      .990
   633  .29720E+01  .35051E-02    2    1   1767     1.201      .990
   634  .29755E+01  .35051E-02    2    1   1769     1.201      .990
   635  .29790E+01  .35051E-02    2    1   1771     1.201      .990
   636  .29825E+01  .35051E-02    2    1   1773     1.201      .990
   637  .29860E+01  .35051E-02    2    1   1775     1.201      .990
   638  .29895E+01  .35051E-02    2    1   1777     1.201      .990
   639  .29930E+01  .35051E-02    2    1   1779     1.201      .990
   640  .29965E+01  .35051E-02    2    1   1781     1.201      .990
   641  .30000E+01  .35052E-02    2    1   1783     1.201      .990
   642  .30001E+01  .10000E-03    2    1   1785     1.201      .012
   643  .30002E+01  .12999E-03    2    1   1787     1.201      .009
   644  .30004E+01  .16899E-03    2    1   1789     1.201      .008
   645  .30006E+01  .21969E-03    2    1   1791     1.201      .008
   646  .30009E+01  .28562E-03    2    1   1793     1.201      .009
   647  .30013E+01  .37127E-03    2    1   1795     1.201      .010
   648  .30018E+01  .48271E-03    2    1   1797     1.201      .011
   649  .30024E+01  .62743E-03    2    1   1799     1.201      .013
   650  .30032E+01  .81571E-03    2    1   1801     1.201      .015
   651  .30043E+01  .10604E-02    2    1   1803     1.201      .018
   652  .30056E+01  .13791E-02    2    1   1805     1.201      .021
   653  .30074E+01  .17916E-02    2    1   1807     1.201      .024
   654  .30098E+01  .23300E-02    2    1   1809     1.201      .029
   655  .30128E+01  .30282E-02    2    1   1811     1.201      .033
   656  .30167E+01  .39331E-02    3    1   1814     1.201      .038
   657  .30218E+01  .51212E-02    3    1   1817     1.201      .045
   658  .30285E+01  .66541E-02    3    1   1820     1.201      .051
   659  .30372E+01  .86741E-02    3    1   1823     1.201      .059
   660  .30484E+01  .11196E-01    3    1   1826     1.201      .066
   661  .30630E+01  .14640E-01    3    1   1829     1.201      .075
   662  .30821E+01  .19122E-01    3    1   1832     1.201      .082
   663  .31069E+01  .24807E-01    3    1   1835     1.201      .090
   664  .31388E+01  .31895E-01    3    1   1838     1.201      .093
   665  .31798E+01  .41008E-01    3    1   1841     1.201      .098
   666  .32345E+01  .54677E-01    3    1   1844     1.201      .097
   667  .33041E+01  .69589E-01    3    1   1847     1.201      .093
   668  .33911E+01  .86986E-01    3    1   1850     1.201      .078
   669  .35129E+01  .12178E+00    3    1   1853     1.201      .060
   670  .36753E+01  .16237E+00    4    1   1857     1.201      .066
   671  .38376E+01  .16237E+00    3    1   1860     1.221      .056
   672  .40000E+01  .16237E+00    3    1   1863     1.207      .067
   673  .40001E+01  .10000E-03    3    1   1866     1.207      .015
   674  .40002E+01  .12999E-03    3    1   1869     1.207      .037
   675  .40004E+01  .16899E-03    4    1   1873     1.207      .061
   676  .40006E+01  .16899E-03    3    1   1876     1.207      .065
   677  .40008E+01  .21970E-03    4    1   1880     1.207      .084
   678  .40010E+01  .21970E-03    4    1   1884     1.207      .083
   679  .40012E+01  .21970E-03    3    1   1887     1.207      .083
   680  .40015E+01  .28561E-03    4    1   1891     1.207      .106
   681  .40018E+01  .28561E-03    4    1   1895     1.207      .105
   682  .40021E+01  .28561E-03    4    1   1899     1.207      .105
   683  .40024E+01  .28561E-03    3    1   1902     1.207      .104
   684  .40027E+01  .37128E-03    4    1   1906     1.207      .134
   685  .40031E+01  .37128E-03    4    1   1910     1.207      .133
   686  .40035E+01  .37128E-03    4    1   1914     1.207      .132
   687  .40039E+01  .37128E-03    3    1   1917     1.207      .131
   688  .40043E+01  .48263E-03    4    1   1921     1.207      .169
   689  .40048E+01  .48263E-03    4    1   1925     1.207      .167
   690  .40053E+01  .48263E-03    4    1   1929     1.207      .166
   691  .40058E+01  .48263E-03    4    1   1933     1.206      .165
   692  .40063E+01  .48263E-03    3    1   1936     1.206      .164
   693  .40069E+01  .62736E-03    4    1   1940     1.206      .211
   694  .40075E+01  .62736E-03    4    1   1944     1.206      .210
   695  .40082E+01  .62736E-03    4    1   1948     1.206      .208
   696  .40088E+01  .62736E-03    4    1   1952     1.206      .207
   697  .40094E+01  .62736E-03    3    1   1955     1.206      .207
   698  .40102E+01  .81598E-03    4    1   1959     1.206      .267
   699  .40110E+01  .81598E-03    4    1   1963     1.206      .266
   700  .40119E+01  .81598E-03    4    1   1967     1.206      .265
   701  .40127E+01  .81598E-03    4    1   1971     1.205      .264
   702  .40135E+01  .81598E-03    4    1   1975     1.205      .262
   703  .40143E+01  .81598E-03    3    1   1978     1.205      .261
   704  .40154E+01  .10599E-02    4    1   1982     1.205      .338
   705  .40164E+01  .10599E-02    4    1   1986     1.205      .337
   706  .40175E+01  .10599E-02    4    1   1990     1.205      .336
   707  .40185E+01  .10599E-02    4    1   1994     1.205      .335
   708  .40196E+01  .10599E-02    3    1   1997     1.204      .334
   709  .40210E+01  .13789E-02    4    1   2001     1.204      .432
   710  .40224E+01  .13789E-02    4    1   2005     1.204      .430
   711  .40237E+01  .13789E-02    4    1   2009     1.204      .429
   712  .40251E+01  .13789E-02    4    1   2013     1.204      .428
   713  .40265E+01  .13789E-02    4    1   2017     1.203      .427
   714  .40279E+01  .13789E-02    4    1   2021     1.203      .426
   715  .40293E+01  .13789E-02    3    1   2024     1.203      .425
   716  .40310E+01  .17910E-02    4    1   2028     1.203      .551
   717  .40328E+01  .17910E-02    4    1   2032     1.202      .550
   718  .40346E+01  .17910E-02    4    1   2036     1.202      .547
   719  .40364E+01  .17910E-02    4    1   2040     1.202      .546
   720  .40382E+01  .17910E-02    4    1   2044     1.201      .544
   721  .40400E+01  .17910E-02    4    1   2048     1.201      .543
   722  .40418E+01  .17910E-02    3    1   2051     1.201      .542
   723  .40441E+01  .23314E-02    4    1   2055     1.201      .704
   724  .40465E+01  .23314E-02    4    1   2059     1.201      .703
   725  .40488E+01  .23314E-02    4    1   2063     1.201      .702
   726  .40511E+01  .23314E-02    4    1   2067     1.201      .701
   727  .40534E+01  .23314E-02    4    1   2071     1.201      .700
   728  .40558E+01  .23314E-02    4    1   2075     1.201      .699
   729  .40581E+01  .23314E-02    3    1   2078     1.201      .697
   730  .40611E+01  .30286E-02    4    1   2082     1.201      .904
   731  .40642E+01  .30286E-02    4    1   2086     1.201      .902
   732  .40672E+01  .30286E-02    4    1   2090     1.201      .900
   733  .40702E+01  .30286E-02    4    1   2094     1.201      .898
   734  .40733E+01  .30286E-02    4    1   2098     1.201      .897
   735  .40763E+01  .30286E-02    4    1   2102     1.201      .896
   736  .40793E+01  .30286E-02    4    1   2106     1.201      .895
   737  .40823E+01  .30286E-02    3    1   2109     1.201      .894
   738  .40857E+01  .33862E-02    4    1   2113     1.201      .998
   739  .40891E+01  .33862E-02    4    1   2117     1.201      .997
   740  .40925E+01  .33862E-02    3    1   2120     1.201      .996
   741  .40959E+01  .33989E-02    3    1   2123     1.201      .999
   742  .40993E+01  .33989E-02    3    1   2126     1.201      .998
   743  .41027E+01  .33989E-02    3    1   2129     1.201      .997
   744  .41061E+01  .34078E-02    3    1   2132     1.201      .999
   745  .41095E+01  .34118E-02    3    1   2135     1.201      .999
   746  .41129E+01  .34118E-02    3    1   2138     1.201      .998
   747  .41163E+01  .34202E-02    3    1   2141     1.201      .999
   748  .41198E+01  .34242E-02    3    1   2144     1.201      .999
   749  .41232E+01  .34250E-02    3    1   2147     1.201      .998
   750  .41266E+01  .34321E-02    3    1   2150     1.201      .999
   751  .41301E+01  .34358E-02    3    1   2153     1.201      .999
   752  .41335E+01  .34385E-02    3    1   2156     1.201      .999
   753  .41369E+01  .34385E-02    3    1   2159     1.201      .999
   754  .41404E+01  .34385E-02    3    1   2162     1.201      .998
   755  .41438E+01  .34385E-02    3    1   2165     1.201      .998
   756  .41473E+01  .34469E-02    3    1   2168     1.201     1.000
   757  .41507E+01  .34485E-02    3    1   2171     1.201     1.000
   758  .41542E+01  .34501E-02    3    1   2174     1.201     1.000
   759  .41576E+01  .34515E-02    3    1   2177     1.201     1.000
   760  .41611E+01  .34524E-02    3    1   2180     1.201     1.000
   761  .41645E+01  .34524E-02    3    1   2183     1.201      .999
   762  .41680E+01  .34524E-02    3    1   2186     1.201      .999
   763  .41714E+01  .34524E-02    3    1   2189     1.201      .999
   764  .41749E+01  .34524E-02    3    1   2192     1.201      .998
   765  .41783E+01  .34524E-02    3    1   2195     1.201      .998
   766  .41818E+01  .34524E-02    3    1   2198     1.201      .998
   767  .41852E+01  .34598E-02    3    1   2201     1.201     1.000
   768  .41887E+01  .34608E-02    3    1   2204     1.201     1.000
   769  .41922E+01  .34618E-02    3    1   2207     1.201     1.000
   770  .41956E+01  .34630E-02    3    1   2210     1.201     1.000
   771  .41991E+01  .34645E-02    3    1   2213     1.201      .999
   772  .42026E+01  .34663E-02    2    1   2215     1.201      .999
   773  .42060E+01  .34672E-02    3    1   2218     1.201      .999
   774  .42095E+01  .34672E-02    2    1   2220     1.201      .999
   775  .42130E+01  .34672E-02    3    1   2223     1.201      .998
   776  .42164E+01  .34672E-02    2    1   2225     1.201      .998
   777  .42199E+01  .34757E-02    3    1   2228     1.201     1.000
   778  .42234E+01  .34769E-02    2    1   2230     1.201      .999
   779  .42269E+01  .34792E-02    2    1   2232     1.202     1.000
   780  .42303E+01  .34809E-02    2    1   2234     1.202      .999
   781  .42338E+01  .34826E-02    2    1   2236     1.202      .999
   782  .42373E+01  .34826E-02    2    1   2238     1.202      .999
   783  .42408E+01  .34826E-02    2    1   2240     1.203      .998
   784  .42443E+01  .34826E-02    2    1   2242     1.203      .998
   785  .42477E+01  .34826E-02    2    1   2244     1.203      .997
   786  .42512E+01  .34916E-02    2    1   2246     1.203     1.000
   787  .42547E+01  .34923E-02    2    1   2248     1.204     1.000
   788  .42582E+01  .34929E-02    2    1   2250     1.204     1.000
   789  .42617E+01  .34936E-02    2    1   2252     1.204     1.000
   790  .42652E+01  .34943E-02    2    1   2254     1.204     1.000
   791  .42687E+01  .34949E-02    2    1   2256     1.205     1.000
   792  .42722E+01  .34955E-02    2    1   2258     1.205     1.000
   793  .42757E+01  .34960E-02    2    1   2260     1.205     1.000
   794  .42792E+01  .34966E-02    2    1   2262     1.205     1.000
   795  .42827E+01  .34971E-02    2    1   2264     1.205     1.000
   796  .42862E+01  .34976E-02    2    1   2266     1.206     1.000
   797  .42897E+01  .34981E-02    2    1   2268     1.206     1.000
   798  .42932E+01  .34986E-02    2    1   2270     1.206     1.000
   799  .42967E+01  .34991E-02    2    1   2272     1.206     1.000
   800  .43002E+01  .34991E-02    2    1   2274     1.206     1.000
   801  .43037E+01  .34991E-02    2    1   2276     1.207     1.000
   802  .43072E+01  .34991E-02    2    1   2278     1.207     1.000
   803  .43107E+01  .34991E-02    2    1   2280     1.207      .999
   804  .43142E+01  .34991E-02    2    1   2282     1.207      .999
   805  .43177E+01  .34991E-02    2    1   2284     1.207      .999
   806  .43212E+01  .34991E-02    2    1   2286     1.207      .999
   807  .43247E+01  .34991E-02    2    1   2288     1.207      .999
   808  .43282E+01  .34991E-02    2    1   2290     1.208      .999
   809  .43317E+01  .34991E-02    2    1   2292     1.208      .999
   810  .43352E+01  .34991E-02    2    1   2294     1.208      .999
   811  .43387E+01  .34991E-02    2    1   2296     1.208      .999
   812  .43422E+01  .34991E-02    2    1   2298     1.208      .999
   813  .43457E+01  .34991E-02    2    1   2300     1.208      .998
   814  .43492E+01  .34991E-02    2    1   2302     1.208      .998
   815  .43527E+01  .34991E-02    2    1   2304     1.208      .998
   816  .43562E+01  .34991E-02    2    1   2306     1.208      .998
   817  .43597E+01  .34991E-02    2    1   2308     1.209      .998
   818  .43632E+01  .34991E-02    2    1   2310     1.209      .998
   819  .43667E+01  .34991E-02    2    1   2312     1.209      .998
   820  .43702E+01  .34991E-02    2    1   2314     1.209      .998
   821  .43737E+01  .34991E-02    2    1   2316     1.209      .998
   822  .43772E+01  .34991E-02    2    1   2318     1.209      .997
   823  .43807E+01  .34991E-02    2    1   2320     1.209      .997
   824  .43842E+01  .34991E-02    2    1   2322     1.209      .997
   825  .43877E+01  .34991E-02    2    1   2324     1.209      .997
   826  .43912E+01  .35093E-02    2    1   2326     1.209     1.000
   827  .43947E+01  .35096E-02    2    1   2328     1.209     1.000
   828  .43982E+01  .35100E-02    2    1   2330     1.209     1.000
   829  .44017E+01  .35105E-02    2    1   2332     1.209     1.000
   830  .44052E+01  .35110E-02    2    1   2334     1.209     1.000
   831  .44087E+01  .35114E-02    2    1   2336     1.209     1.000
   832  .44122E+01  .35119E-02    2    1   2338     1.209     1.000
   833  .44157E+01  .35124E-02    2    1   2340     1.210     1.000
   834  .44193E+01  .35129E-02    2    1   2342     1.210     1.000
   835  .44228E+01  .35135E-02    2    1   2344     1.210     1.000
   836  .44263E+01  .35141E-02    2    1   2346     1.210     1.000
   837  .44298E+01  .35146E-02    2    1   2348     1.210     1.000
   838  .44333E+01  .35152E-02    2    1   2350     1.210     1.000
   839  .44368E+01  .35157E-02    2    1   2352     1.210     1.000
   840  .44404E+01  .35163E-02    2    1   2354     1.210     1.000
   841  .44439E+01  .35168E-02    2    1   2356     1.210     1.000
   842  .44474E+01  .35173E-02    2    1   2358     1.210     1.000
   843  .44509E+01  .35179E-02    2    1   2360     1.210     1.000
   844  .44544E+01  .35184E-02    2    1   2362     1.210     1.000
   845  .44579E+01  .35189E-02    2    1   2364     1.210     1.000
   846  .44615E+01  .35194E-02    2    1   2366     1.210     1.000
   847  .44650E+01  .35199E-02    2    1   2368     1.210     1.000
   848  .44685E+01  .35199E-02    2    1   2370     1.210     1.000
   849  .44720E+01  .35199E-02    2    1   2372     1.210     1.000
   850  .44755E+01  .35199E-02    2    1   2374     1.210      .999
   851  .44791E+01  .35199E-02    2    1   2376     1.210      .999
   852  .44826E+01  .35199E-02    2    1   2378     1.210      .999
   853  .44861E+01  .35199E-02    2    1   2380     1.210      .999
   854  .44896E+01  .35199E-02    2    1   2382     1.210      .999
   855  .44931E+01  .35199E-02    2    1   2384     1.210      .999
   856  .44967E+01  .35199E-02    2    1   2386     1.210      .999
   857  .45002E+01  .35199E-02    2    1   2388     1.209      .998
   858  .45037E+01  .35199E-02    2    1   2390     1.209      .998
   859  .45072E+01  .35199E-02    2    1   2392     1.209      .998
   860  .45107E+01  .35199E-02    2    1   2394     1.209      .998
   861  .45143E+01  .35199E-02    2    1   2396     1.209      .998
   862  .45178E+01  .35199E-02    2    1   2398     1.209      .998
   863  .45213E+01  .35199E-02    2    1   2400     1.209      .998
   864  .45248E+01  .35199E-02    2    1   2402     1.209      .998
   865  .45283E+01  .35199E-02    2    1   2404     1.209      .997
   866  .45319E+01  .35199E-02    2    1   2406     1.209      .997
   867  .45354E+01  .35199E-02    2    1   2408     1.209      .997
   868  .45389E+01  .35198E-02    2    1   2410     1.209      .997
   869  .45424E+01  .35198E-02    2    1   2412     1.209      .997
   870  .45459E+01  .35198E-02    2    1   2414     1.209      .997
   871  .45495E+01  .35198E-02    2    1   2416     1.209      .997
   872  .45530E+01  .35198E-02    2    1   2418     1.209      .997
   873  .45565E+01  .35198E-02    2    1   2420     1.209      .997
   874  .45600E+01  .35198E-02    2    1   2422     1.209      .996
   875  .45635E+01  .35198E-02    2    1   2424     1.209      .996
   876  .45671E+01  .35198E-02    2    1   2426     1.208      .996
   877  .45706E+01  .35198E-02    2    1   2428     1.208      .996
   878  .45741E+01  .35198E-02    2    1   2430     1.208      .996
   879  .45776E+01  .35198E-02    2    1   2432     1.208      .996
   880  .45811E+01  .35198E-02    2    1   2434     1.208      .996
   881  .45847E+01  .35347E-02    2    1   2436     1.208     1.000
   882  .45882E+01  .35351E-02    2    1   2438     1.208     1.000
   883  .45917E+01  .35354E-02    2    1   2440     1.208     1.000
   884  .45953E+01  .35358E-02    2    1   2442     1.208     1.000
   885  .45988E+01  .35362E-02    2    1   2444     1.208     1.000
   886  .46024E+01  .35366E-02    2    1   2446     1.208     1.000
   887  .46059E+01  .35369E-02    2    1   2448     1.208     1.000
   888  .46094E+01  .35373E-02    2    1   2450     1.207     1.000
   889  .46130E+01  .35376E-02    2    1   2452     1.207     1.000
   890  .46165E+01  .35377E-02    2    1   2454     1.207     1.000
   891  .46200E+01  .35378E-02    2    1   2456     1.207     1.000
   892  .46236E+01  .35379E-02    2    1   2458     1.207     1.000
   893  .46271E+01  .35380E-02    2    1   2460     1.207     1.000
   894  .46307E+01  .35381E-02    2    1   2462     1.207     1.000
   895  .46342E+01  .35382E-02    2    1   2464     1.207     1.000
   896  .46377E+01  .35384E-02    2    1   2466     1.207     1.000
   897  .46413E+01  .35385E-02    2    1   2468     1.207     1.000
   898  .46448E+01  .35386E-02    2    1   2470     1.207     1.000
   899  .46483E+01  .35388E-02    2    1   2472     1.206     1.000
   900  .46519E+01  .35389E-02    2    1   2474     1.207     1.000
   901  .46554E+01  .35391E-02    2    1   2476     1.208     1.000
   902  .46590E+01  .35392E-02    2    1   2478     1.208     1.000
   903  .46625E+01  .35393E-02    2    1   2480     1.209     1.000
   904  .46660E+01  .35395E-02    2    1   2482     1.209     1.000
   905  .46696E+01  .35396E-02    2    1   2484     1.210     1.000
   906  .46731E+01  .35397E-02    2    1   2486     1.211     1.000
   907  .46767E+01  .35399E-02    2    1   2488     1.211     1.000
   908  .46802E+01  .35400E-02    2    1   2490     1.212     1.000
   909  .46837E+01  .35401E-02    2    1   2492     1.212     1.000
   910  .46873E+01  .35403E-02    2    1   2494     1.213     1.000
   911  .46908E+01  .35404E-02    2    1   2496     1.213     1.000
   912  .46944E+01  .35405E-02    2    1   2498     1.214     1.000
   913  .46979E+01  .35406E-02    2    1   2500     1.214     1.000
   914  .47014E+01  .35408E-02    2    1   2502     1.215     1.000
   915  .47050E+01  .35409E-02    2    1   2504     1.215     1.000
   916  .47085E+01  .35410E-02    2    1   2506     1.216     1.000
   917  .47121E+01  .35412E-02    2    1   2508     1.216     1.000
   918  .47156E+01  .35413E-02    2    1   2510     1.217     1.000
   919  .47192E+01  .35414E-02    2    1   2512     1.217     1.000
   920  .47227E+01  .35415E-02    2    1   2514     1.218     1.000
   921  .47262E+01  .35416E-02    2    1   2516     1.218     1.000
   922  .47298E+01  .35417E-02    2    1   2518     1.219     1.000
   923  .47333E+01  .35418E-02    2    1   2520     1.219     1.000
   924  .47369E+01  .35419E-02    2    1   2522     1.220     1.000
   925  .47404E+01  .35420E-02    2    1   2524     1.220     1.000
   926  .47439E+01  .35421E-02    2    1   2526     1.221     1.000
   927  .47475E+01  .35422E-02    2    1   2528     1.221     1.000
   928  .47510E+01  .35423E-02    2    1   2530     1.222     1.000
   929  .47546E+01  .35424E-02    2    1   2532     1.222     1.000
   930  .47581E+01  .35425E-02    2    1   2534     1.222     1.000
   931  .47617E+01  .35426E-02    2    1   2536     1.223     1.000
   932  .47652E+01  .35427E-02    2    1   2538     1.223     1.000
   933  .47687E+01  .35428E-02    2    1   2540     1.224     1.000
   934  .47723E+01  .35429E-02    2    1   2542     1.224     1.000
   935  .47758E+01  .35430E-02    2    1   2544     1.224     1.000
   936  .47794E+01  .35431E-02    2    1   2546     1.225     1.000
   937  .47829E+01  .35432E-02    2    1   2548     1.225     1.000
   938  .47865E+01  .35433E-02    2    1   2550     1.225     1.000
   939  .47900E+01  .35434E-02    2    1   2552     1.226     1.000
   940  .47935E+01  .35435E-02    2    1   2554     1.226     1.000
   941  .47971E+01  .35436E-02    2    1   2556     1.227     1.000
   942  .48006E+01  .35437E-02    2    1   2558     1.227     1.000
   943  .48042E+01  .35438E-02    2    1   2560     1.227     1.000
   944  .48077E+01  .35439E-02    2    1   2562     1.228     1.000
   945  .48113E+01  .35440E-02    2    1   2564     1.228     1.000
   946  .48148E+01  .35441E-02    2    1   2566     1.228     1.000
   947  .48184E+01  .35441E-02    2    1   2568     1.229     1.000
   948  .48219E+01  .35442E-02    2    1   2570     1.229     1.000
   949  .48254E+01  .35443E-02    2    1   2572     1.229     1.000
   950  .48290E+01  .35444E-02    2    1   2574     1.230     1.000
   951  .48325E+01  .35444E-02    2    1   2576     1.230     1.000
   952  .48361E+01  .35445E-02    2    1   2578     1.230     1.000
   953  .48396E+01  .35446E-02    2    1   2580     1.230     1.000
   954  .48432E+01  .35447E-02    2    1   2582     1.231     1.000
   955  .48467E+01  .35447E-02    2    1   2584     1.231     1.000
   956  .48503E+01  .35448E-02    2    1   2586     1.231     1.000
   957  .48538E+01  .35449E-02    2    1   2588     1.232     1.000
   958  .48573E+01  .35450E-02    2    1   2590     1.232     1.000
   959  .48609E+01  .35450E-02    2    1   2592     1.232     1.000
   960  .48644E+01  .35451E-02    2    1   2594     1.232     1.000
   961  .48680E+01  .35452E-02    2    1   2596     1.233     1.000
   962  .48715E+01  .35452E-02    2    1   2598     1.233     1.000
   963  .48751E+01  .35453E-02    2    1   2600     1.233     1.000
   964  .48786E+01  .35454E-02    2    1   2602     1.233     1.000
   965  .48822E+01  .35455E-02    2    1   2604     1.234     1.000
   966  .48857E+01  .35455E-02    2    1   2606     1.234     1.000
   967  .48893E+01  .35456E-02    2    1   2608     1.234     1.000
   968  .48928E+01  .35457E-02    2    1   2610     1.234     1.000
   969  .48963E+01  .35457E-02    2    1   2612     1.234     1.000
   970  .48999E+01  .35458E-02    2    1   2614     1.235     1.000
   971  .49034E+01  .35459E-02    2    1   2616     1.235     1.000
   972  .49070E+01  .35459E-02    2    1   2618     1.235     1.000
   973  .49105E+01  .35460E-02    2    1   2620     1.235     1.000
   974  .49141E+01  .35461E-02    2    1   2622     1.235     1.000
   975  .49176E+01  .35461E-02    2    1   2624     1.236     1.000
   976  .49212E+01  .35462E-02    2    1   2626     1.236     1.000
   977  .49247E+01  .35463E-02    2    1   2628     1.236     1.000
   978  .49283E+01  .35463E-02    2    1   2630     1.236     1.000
   979  .49318E+01  .35464E-02    2    1   2632     1.236     1.000
   980  .49353E+01  .35464E-02    2    1   2634     1.237     1.000
   981  .49389E+01  .35465E-02    2    1   2636     1.237     1.000
   982  .49424E+01  .35466E-02    2    1   2638     1.237     1.000
   983  .49460E+01  .35466E-02    2    1   2640     1.237     1.000
   984  .49495E+01  .35467E-02    2    1   2642     1.237     1.000
   985  .49531E+01  .35468E-02    2    1   2644     1.237     1.000
   986  .49566E+01  .35468E-02    2    1   2646     1.238     1.000
   987  .49602E+01  .35469E-02    2    1   2648     1.238     1.000
   988  .49637E+01  .35470E-02    2    1   2650     1.238     1.000
   989  .49673E+01  .35470E-02    2    1   2652     1.238     1.000
   990  .49708E+01  .35471E-02    2    1   2654     1.238     1.000
   991  .49744E+01  .35472E-02    2    1   2656     1.238     1.000
   992  .49779E+01  .35473E-02    2    1   2658     1.238     1.000
   993  .49815E+01  .35473E-02    2    1   2660     1.238     1.000
   994  .49850E+01  .35474E-02    2    1   2662     1.239     1.000
   995  .49886E+01  .35475E-02    2    1   2664     1.239     1.000
   996  .49921E+01  .35476E-02    2    1   2666     1.239     1.000
   997  .49956E+01  .35476E-02    2    1   2668     1.239     1.000
   998  .49978E+01  .21753E-02    2    1   2670     1.239      .613
   999  .50000E+01  .21753E-02    2    1   2672     1.239      .613
  1000  .50001E+01  .10000E-03    2    1   2674     1.239      .011
  1001  .50002E+01  .12999E-03    2    1   2676     1.239      .009
  1002  .50004E+01  .16899E-03    2    1   2678     1.239      .008
  1003  .50006E+01  .21969E-03    2    1   2680     1.239      .008
  1004  .50009E+01  .28562E-03    2    1   2682     1.239      .009
  1005  .50013E+01  .37127E-03    2    1   2684     1.239      .010
  1006  .50018E+01  .48271E-03    2    1   2686     1.239      .011
  1007  .50024E+01  .62743E-03    2    1   2688     1.239      .013
  1008  .50032E+01  .81571E-03    2    1   2690     1.239      .016
  1009  .50043E+01  .10604E-02    2    1   2692     1.239      .018
  1010  .50056E+01  .13791E-02    2    1   2694     1.239      .022
  1011  .50074E+01  .17916E-02    2    1   2696     1.239      .025
  1012  .50098E+01  .23300E-02    2    1   2698     1.239      .030
  1013  .50128E+01  .30282E-02    2    1   2700     1.239      .035
  1014  .50167E+01  .39331E-02    2    1   2702     1.239      .040
  1015  .50218E+01  .51212E-02    3    1   2705     1.240      .047
  1016  .50285E+01  .66541E-02    3    1   2708     1.240      .054
  1017  .50372E+01  .86741E-02    3    1   2711     1.240      .062
  1018  .50484E+01  .11196E-01    3    1   2714     1.240      .071
  1019  .50630E+01  .14640E-01    3    1   2717     1.240      .079
  1020  .50821E+01  .19122E-01    3    1   2720     1.240      .090
  1021  .51069E+01  .24807E-01    3    1   2723     1.240      .097
  1022  .51388E+01  .31895E-01    3    1   2726     1.239      .104
  1023  .51798E+01  .41008E-01    3    1   2729     1.239      .107
  1024  .52345E+01  .54677E-01    3    1   2732     1.237      .113
  1025  .53041E+01  .69589E-01    3    1   2735     1.235      .106
  1026  .53911E+01  .86986E-01    3    1   2738     1.231      .094
  1027  .55129E+01  .12178E+00    3    1   2741     1.223      .078
  1028  .56753E+01  .16237E+00    3    1   2744     1.211      .068
  1029  .58376E+01  .16237E+00    3    1   2747     1.201      .059
  1030  .60000E+01  .16237E+00    3    1   2750     1.201      .060
  1031  .62667E+01  .26667E+00    4    1   2754     1.201      .162
  1032  .65333E+01  .26667E+00    3    1   2757     1.233      .207
  1033  .68800E+01  .34667E+00    4    1   2761     1.255      .329
  1034  .72267E+01  .34667E+00    3    1   2764     1.263      .367
  1035  .76889E+01  .46222E+00    4    1   2768     1.264      .548
  1036  .81511E+01  .46222E+00    4    1   2772     1.274      .582
  1037  .86133E+01  .46222E+00    4    1   2776     1.279      .617
  1038  .90756E+01  .46222E+00    4    1   2780     1.280      .634
  1039  .95378E+01  .46222E+00    4    1   2784     1.281      .657
  1040  .10000E+02  .46222E+00    4    1   2788     1.282      .662
end
 
 Real time [sec]     202.000000000000000
