 Chamber simulation                                                      
 
 Program HYDRUS2
 Date:  22. 2.    Time:  17:13:43
 Time independent boundary conditions
 Vertical plane flow, V = L*L
 Units: L = cm   , T = hours, M = -    


 Time:      1.0000

    i    n    x      z    Code     Q          v           h       th       Temp     Conc
                                 [V/T]      [L/T]        [L]     [-]        [C]    [M/L3]

    1    2   16.7    1.7   -6  -.116E+03   .138E+02      -23.9   .124     20.00
    2    3   33.3    3.3   -6  -.691E+02   .412E+01      -25.2   .089     20.00
    3    4   50.0    5.0   -6  -.700E+02   .418E+01      -25.1   .089     20.00
    4    5   66.7    6.7   -6  -.762E+02   .455E+01      -24.9   .093     20.00
    5    6   83.3    8.3   -6  -.733E+02   .438E+01      -25.0   .092     20.00
    6    7  100.0   10.0   -6  -.637E+02   .380E+01      -25.3   .086     20.00
    7    8  116.7   11.7   -6  -.525E+02   .313E+01      -25.7   .079     20.00
    8    9  133.3   13.3   -6  -.455E+02   .271E+01      -25.9   .074     20.00
    9   10  150.0   15.0   -6  -.433E+02   .259E+01      -26.0   .073     20.00
   10   11  166.7   16.7   -6  -.432E+02   .258E+01      -26.0   .073     20.00
   11   12  183.3   18.3   -6  -.432E+02   .258E+01      -26.0   .073     20.00
   12   13  200.0   20.0   -6  -.432E+02   .258E+01      -26.0   .073     20.00
   13   14  216.7   21.7   -6  -.432E+02   .258E+01      -26.0   .073     20.00
   14   15  233.3   23.3   -6  -.432E+02   .258E+01      -26.0   .073     20.00
   15   16  250.0   25.0   -6  -.432E+02   .258E+01      -26.0   .073     20.00
   16   17  266.7   26.7   -6  -.433E+02   .258E+01      -26.0   .073     20.00
   17   18  283.3   28.3   -6  -.433E+02   .258E+01      -26.0   .073     20.00
   18   19  300.0   30.0   -6  -.432E+02   .258E+01      -26.0   .073     20.00
   19   20  316.7   31.7   -6  -.431E+02   .257E+01      -26.0   .073     20.00
   20   21  333.3   33.3   -6  -.457E+02   .273E+01      -25.9   .075     20.00
   21   22  350.0   35.0   -6  -.376E+02   .224E+01      -26.1   .070     20.00
   22   23  366.7   36.7   -6  -.370E+02   .221E+01      -26.1   .069     20.00
   23   24  383.3   38.3   -6  -.491E+02   .586E+01      -24.4   .103     20.00
   24   49  400.0  290.0   -1   .201E+01  -.400E+00      -27.1   .051     20.00
   25   50  390.0  289.0   -1   .402E+01  -.400E+00      -27.1   .051     20.00
   26   51  380.0  288.0   -1   .402E+01  -.400E+00      -27.1   .051     20.00
   27   52  370.0  287.0   -1   .402E+01  -.400E+00      -27.1   .051     20.00
   28   53  360.0  286.0   -1   .402E+01  -.400E+00      -27.1   .051     20.00
   29   54  350.0  285.0   -1   .402E+01  -.400E+00      -27.3   .050     20.00
   30   55  340.0  284.0   -1   .402E+01  -.400E+00      -27.3   .050     20.00
   31   56  330.0  283.0   -1   .402E+01  -.400E+00      -27.3   .050     20.00
   32   57  320.0  282.0   -1   .402E+01  -.400E+00      -27.4   .049     20.00
   33   58  310.0  281.0   -1   .402E+01  -.400E+00      -27.3   .050     20.00
   34   59  300.0  280.0   -1   .402E+01  -.400E+00      -27.3   .050     20.00
   35   60  290.0  279.0   -1   .402E+01  -.400E+00      -27.3   .050     20.00
   36   61  280.0  278.0   -1   .402E+01  -.400E+00      -27.3   .050     20.00
   37   62  270.0  277.0   -1   .402E+01  -.400E+00      -27.3   .050     20.00
   38   63  260.0  276.0   -1   .402E+01  -.400E+00      -27.3   .050     20.00
   39   64  250.0  275.0   -1   .402E+01  -.400E+00      -27.4   .049     20.00
   40   65  240.0  274.0   -1   .402E+01  -.400E+00      -27.3   .050     20.00
   41   66  230.0  273.0   -1   .402E+01  -.400E+00      -27.3   .050     20.00
   42   67  220.0  272.0   -1   .402E+01  -.400E+00      -27.3   .050     20.00
   43   68  210.0  271.0   -1   .402E+01  -.400E+00      -27.3   .050     20.00
   44   69  200.0  270.0   -1   .402E+01  -.400E+00      -27.4   .049     20.00
   45   70  190.0  269.0   -1   .402E+01  -.400E+00      -27.3   .050     20.00
   46   71  180.0  268.0   -1   .402E+01  -.400E+00      -27.3   .050     20.00
   47   72  170.0  267.0   -1   .402E+01  -.400E+00      -27.3   .050     20.00
   48   73  160.0  266.0   -1   .402E+01  -.400E+00      -27.3   .050     20.00
   49   74  150.0  265.0   -1   .402E+01  -.400E+00      -27.3   .050     20.00
   50   75  140.0  264.0   -1   .402E+01  -.400E+00      -27.3   .050     20.00
   51   76  130.0  263.0   -1   .402E+01  -.400E+00      -27.4   .049     20.00
   52   77  120.0  262.0   -1   .402E+01  -.400E+00      -27.3   .049     20.00
   53   78  110.0  261.0   -1   .402E+01  -.400E+00      -27.4   .049     20.00
   54   79  100.0  260.0   -1   .402E+01  -.400E+00      -27.4   .049     20.00
   55   80   90.0  259.0   -1   .402E+01  -.400E+00      -27.3   .050     20.00
   56   81   80.0  258.0   -1   .402E+01  -.400E+00      -27.2   .050     20.00
   57   82   70.0  257.0   -1   .402E+01  -.400E+00      -27.2   .050     20.00
   58   83   60.0  256.0   -1   .402E+01  -.400E+00      -27.2   .050     20.00
   59   84   50.0  255.0   -1   .402E+01  -.400E+00      -27.2   .050     20.00
   60   85   40.0  254.0   -1   .402E+01  -.400E+00      -27.2   .051     20.00
   61   86   30.0  253.0   -1   .402E+01  -.400E+00      -27.2   .050     20.00
   62   87   20.0  252.0   -1   .402E+01  -.400E+00      -27.3   .050     20.00
   63   88   10.0  251.0   -1   .402E+01  -.400E+00      -27.2   .050     20.00
   64   89     .0  250.0   -1   .201E+01  -.400E+00      -27.2   .050     20.00


 Time:      5.0000

    i    n    x      z    Code     Q          v           h       th       Temp     Conc
                                 [V/T]      [L/T]        [L]     [-]        [C]    [M/L3]

    1    2   16.7    1.7   -6  -.719E+01   .859E+00      -26.8   .056     20.00
    2    3   33.3    3.3   -6  -.546E+01   .326E+00      -27.7   .047     20.00
    3    4   50.0    5.0   -6  -.162E+02   .967E+00      -26.8   .057     20.00
    4    5   66.7    6.7   -6  -.407E+02   .243E+01      -26.0   .072     20.00
    5    6   83.3    8.3   -6  -.566E+02   .338E+01      -25.5   .081     20.00
    6    7  100.0   10.0   -6  -.494E+02   .295E+01      -25.8   .077     20.00
    7    8  116.7   11.7   -6  -.233E+02   .139E+01      -26.5   .061     20.00
    8    9  133.3   13.3   -6  -.602E+01   .360E+00      -27.4   .049     20.00
    9   10  150.0   15.0   -6  -.392E+01   .234E+00      -28.3   .042     20.00
   10   11  166.7   16.7   -6  -.385E+01   .230E+00      -28.4   .042     20.00
   11   12  183.3   18.3   -6  -.384E+01   .230E+00      -28.4   .042     20.00
   12   13  200.0   20.0   -6  -.387E+01   .231E+00      -28.4   .042     20.00
   13   14  216.7   21.7   -6  -.387E+01   .231E+00      -28.4   .042     20.00
   14   15  233.3   23.3   -6  -.386E+01   .230E+00      -28.4   .042     20.00
   15   16  250.0   25.0   -6  -.383E+01   .229E+00      -28.4   .042     20.00
   16   17  266.7   26.7   -6  -.383E+01   .229E+00      -28.4   .042     20.00
   17   18  283.3   28.3   -6  -.387E+01   .231E+00      -28.4   .042     20.00
   18   19  300.0   30.0   -6  -.394E+01   .235E+00      -28.3   .042     20.00
   19   20  316.7   31.7   -6  -.364E+01   .217E+00      -28.5   .041     20.00
   20   21  333.3   33.3   -6  -.334E+01   .199E+00      -28.6   .040     20.00
   21   22  350.0   35.0   -6  -.243E+01   .145E+00      -29.0   .037     20.00
   22   23  366.7   36.7   -6  -.215E+01   .128E+00      -29.1   .036     20.00
   23   24  383.3   38.3   -6  -.317E+01   .379E+00      -27.3   .050     20.00
   24   49  400.0  290.0   -1   .201E+01  -.400E+00      -27.1   .051     20.00
   25   50  390.0  289.0   -1   .402E+01  -.400E+00      -27.1   .051     20.00
   26   51  380.0  288.0   -1   .402E+01  -.400E+00      -27.1   .051     20.00
   27   52  370.0  287.0   -1   .402E+01  -.400E+00      -27.1   .051     20.00
   28   53  360.0  286.0   -1   .402E+01  -.400E+00      -27.1   .051     20.00
   29   54  350.0  285.0   -1   .402E+01  -.400E+00      -27.1   .051     20.00
   30   55  340.0  284.0   -1   .402E+01  -.400E+00      -27.1   .051     20.00
   31   56  330.0  283.0   -1   .402E+01  -.400E+00      -27.1   .051     20.00
   32   57  320.0  282.0   -1   .402E+01  -.400E+00      -27.1   .051     20.00
   33   58  310.0  281.0   -1   .402E+01  -.400E+00      -27.1   .051     20.00
   34   59  300.0  280.0   -1   .402E+01  -.400E+00      -27.1   .051     20.00
   35   60  290.0  279.0   -1   .402E+01  -.400E+00      -27.1   .051     20.00
   36   61  280.0  278.0   -1   .402E+01  -.400E+00      -27.1   .051     20.00
   37   62  270.0  277.0   -1   .402E+01  -.400E+00      -27.1   .051     20.00
   38   63  260.0  276.0   -1   .402E+01  -.400E+00      -27.1   .051     20.00
   39   64  250.0  275.0   -1   .402E+01  -.400E+00      -27.1   .051     20.00
   40   65  240.0  274.0   -1   .402E+01  -.400E+00      -27.1   .051     20.00
   41   66  230.0  273.0   -1   .402E+01  -.400E+00      -27.1   .051     20.00
   42   67  220.0  272.0   -1   .402E+01  -.400E+00      -27.1   .051     20.00
   43   68  210.0  271.0   -1   .402E+01  -.400E+00      -27.1   .051     20.00
   44   69  200.0  270.0   -1   .402E+01  -.400E+00      -27.1   .051     20.00
   45   70  190.0  269.0   -1   .402E+01  -.400E+00      -27.1   .051     20.00
   46   71  180.0  268.0   -1   .402E+01  -.400E+00      -27.1   .051     20.00
   47   72  170.0  267.0   -1   .402E+01  -.400E+00      -27.1   .051     20.00
   48   73  160.0  266.0   -1   .402E+01  -.400E+00      -27.1   .051     20.00
   49   74  150.0  265.0   -1   .402E+01  -.400E+00      -27.1   .051     20.00
   50   75  140.0  264.0   -1   .402E+01  -.400E+00      -27.1   .051     20.00
   51   76  130.0  263.0   -1   .402E+01  -.400E+00      -27.1   .051     20.00
   52   77  120.0  262.0   -1   .402E+01  -.400E+00      -27.1   .051     20.00
   53   78  110.0  261.0   -1   .402E+01  -.400E+00      -27.1   .051     20.00
   54   79  100.0  260.0   -1   .402E+01  -.400E+00      -27.1   .051     20.00
   55   80   90.0  259.0   -1   .402E+01  -.400E+00      -27.1   .051     20.00
   56   81   80.0  258.0   -1   .402E+01  -.400E+00      -27.1   .051     20.00
   57   82   70.0  257.0   -1   .402E+01  -.400E+00      -27.1   .051     20.00
   58   83   60.0  256.0   -1   .402E+01  -.400E+00      -27.1   .051     20.00
   59   84   50.0  255.0   -1   .402E+01  -.400E+00      -27.1   .051     20.00
   60   85   40.0  254.0   -1   .402E+01  -.400E+00      -27.1   .051     20.00
   61   86   30.0  253.0   -1   .402E+01  -.400E+00      -27.1   .051     20.00
   62   87   20.0  252.0   -1   .402E+01  -.400E+00      -27.1   .051     20.00
   63   88   10.0  251.0   -1   .402E+01  -.400E+00      -27.1   .051     20.00
   64   89     .0  250.0   -1   .201E+01  -.400E+00      -27.1   .051     20.00


 Time:     10.0000

    i    n    x      z    Code     Q          v           h       th       Temp     Conc
                                 [V/T]      [L/T]        [L]     [-]        [C]    [M/L3]

    1    2   16.7    1.7   -6  -.981E+01   .117E+01      -26.7   .059     20.00
    2    3   33.3    3.3   -6  -.586E+01   .350E+00      -27.5   .048     20.00
    3    4   50.0    5.0   -6  -.127E+02   .757E+00      -26.9   .055     20.00
    4    5   66.7    6.7   -6  -.320E+02   .191E+01      -26.3   .067     20.00
    5    6   83.3    8.3   -6  -.455E+02   .272E+01      -25.9   .075     20.00
    6    7  100.0   10.0   -6  -.371E+02   .222E+01      -26.1   .070     20.00
    7    8  116.7   11.7   -6  -.152E+02   .910E+00      -26.8   .056     20.00
    8    9  133.3   13.3   -6  -.322E+01   .192E+00      -28.6   .040     20.00
    9   10  150.0   15.0   -6  -.583E+00   .348E-01      -29.8   .031     20.00
   10   11  166.7   16.7   -6  -.382E+00   .228E-01      -30.0   .031     20.00
   11   12  183.3   18.3   -6  -.379E+00   .226E-01      -30.0   .031     20.00
   12   13  200.0   20.0   -6  -.379E+00   .226E-01      -30.0   .031     20.00
   13   14  216.7   21.7   -6  -.379E+00   .226E-01      -30.0   .031     20.00
   14   15  233.3   23.3   -6  -.379E+00   .226E-01      -30.0   .031     20.00
   15   16  250.0   25.0   -6  -.379E+00   .226E-01      -30.0   .031     20.00
   16   17  266.7   26.7   -6  -.379E+00   .227E-01      -30.0   .031     20.00
   17   18  283.3   28.3   -6  -.377E+00   .225E-01      -30.0   .031     20.00
   18   19  300.0   30.0   -6  -.382E+00   .228E-01      -30.0   .031     20.00
   19   20  316.7   31.7   -6  -.386E+00   .230E-01      -29.9   .031     20.00
   20   21  333.3   33.3   -6  -.503E+00   .300E-01      -29.8   .031     20.00
   21   22  350.0   35.0   -6  -.447E+00   .267E-01      -29.9   .031     20.00
   22   23  366.7   36.7   -6  -.428E+00   .255E-01      -29.9   .031     20.00
   23   24  383.3   38.3   -6  -.102E+01   .122E+00      -29.2   .036     20.00
   24   49  400.0  290.0   -1   .201E+01  -.400E+00      -27.1   .051     20.00
   25   50  390.0  289.0   -1   .402E+01  -.400E+00      -27.1   .051     20.00
   26   51  380.0  288.0   -1   .402E+01  -.400E+00      -27.1   .051     20.00
   27   52  370.0  287.0   -1   .402E+01  -.400E+00      -27.1   .051     20.00
   28   53  360.0  286.0   -1   .402E+01  -.400E+00      -27.1   .051     20.00
   29   54  350.0  285.0   -1   .402E+01  -.400E+00      -27.1   .051     20.00
   30   55  340.0  284.0   -1   .402E+01  -.400E+00      -27.1   .051     20.00
   31   56  330.0  283.0   -1   .402E+01  -.400E+00      -27.1   .051     20.00
   32   57  320.0  282.0   -1   .402E+01  -.400E+00      -27.1   .051     20.00
   33   58  310.0  281.0   -1   .402E+01  -.400E+00      -27.1   .051     20.00
   34   59  300.0  280.0   -1   .402E+01  -.400E+00      -27.1   .051     20.00
   35   60  290.0  279.0   -1   .402E+01  -.400E+00      -27.1   .051     20.00
   36   61  280.0  278.0   -1   .402E+01  -.400E+00      -27.1   .051     20.00
   37   62  270.0  277.0   -1   .402E+01  -.400E+00      -27.1   .051     20.00
   38   63  260.0  276.0   -1   .402E+01  -.400E+00      -27.1   .051     20.00
   39   64  250.0  275.0   -1   .402E+01  -.400E+00      -27.1   .051     20.00
   40   65  240.0  274.0   -1   .402E+01  -.400E+00      -27.1   .051     20.00
   41   66  230.0  273.0   -1   .402E+01  -.400E+00      -27.1   .051     20.00
   42   67  220.0  272.0   -1   .402E+01  -.400E+00      -27.1   .051     20.00
   43   68  210.0  271.0   -1   .402E+01  -.400E+00      -27.1   .051     20.00
   44   69  200.0  270.0   -1   .402E+01  -.400E+00      -27.1   .051     20.00
   45   70  190.0  269.0   -1   .402E+01  -.400E+00      -27.1   .051     20.00
   46   71  180.0  268.0   -1   .402E+01  -.400E+00      -27.1   .051     20.00
   47   72  170.0  267.0   -1   .402E+01  -.400E+00      -27.1   .051     20.00
   48   73  160.0  266.0   -1   .402E+01  -.400E+00      -27.1   .051     20.00
   49   74  150.0  265.0   -1   .402E+01  -.400E+00      -27.1   .051     20.00
   50   75  140.0  264.0   -1   .402E+01  -.400E+00      -27.1   .051     20.00
   51   76  130.0  263.0   -1   .402E+01  -.400E+00      -27.1   .051     20.00
   52   77  120.0  262.0   -1   .402E+01  -.400E+00      -27.1   .051     20.00
   53   78  110.0  261.0   -1   .402E+01  -.400E+00      -27.1   .051     20.00
   54   79  100.0  260.0   -1   .402E+01  -.400E+00      -27.1   .051     20.00
   55   80   90.0  259.0   -1   .402E+01  -.400E+00      -27.1   .051     20.00
   56   81   80.0  258.0   -1   .402E+01  -.400E+00      -27.1   .051     20.00
   57   82   70.0  257.0   -1   .402E+01  -.400E+00      -27.1   .051     20.00
   58   83   60.0  256.0   -1   .402E+01  -.400E+00      -27.1   .051     20.00
   59   84   50.0  255.0   -1   .402E+01  -.400E+00      -27.1   .051     20.00
   60   85   40.0  254.0   -1   .402E+01  -.400E+00      -27.1   .051     20.00
   61   86   30.0  253.0   -1   .402E+01  -.400E+00      -27.1   .051     20.00
   62   87   20.0  252.0   -1   .402E+01  -.400E+00      -27.1   .051     20.00
   63   88   10.0  251.0   -1   .402E+01  -.400E+00      -27.1   .051     20.00
   64   89     .0  250.0   -1   .201E+01  -.400E+00      -27.1   .051     20.00


 Time:     15.0000

    i    n    x      z    Code     Q          v           h       th       Temp     Conc
                                 [V/T]      [L/T]        [L]     [-]        [C]    [M/L3]

    1    2   16.7    1.7   -6  -.105E+02   .125E+01      -26.6   .060     20.00
    2    3   33.3    3.3   -6  -.600E+01   .358E+00      -27.4   .049     20.00
    3    4   50.0    5.0   -6  -.128E+02   .766E+00      -26.9   .055     20.00
    4    5   66.7    6.7   -6  -.319E+02   .190E+01      -26.3   .066     20.00
    5    6   83.3    8.3   -6  -.451E+02   .269E+01      -25.9   .074     20.00
    6    7  100.0   10.0   -6  -.365E+02   .218E+01      -26.1   .069     20.00
    7    8  116.7   11.7   -6  -.147E+02   .876E+00      -26.8   .056     20.00
    8    9  133.3   13.3   -6  -.295E+01   .176E+00      -28.8   .039     20.00
    9   10  150.0   15.0   -6  -.391E+00   .234E-01      -29.9   .031     20.00
   10   11  166.7   16.7   -6  -.332E+00   .198E-01      -30.4   .030     20.00
   11   12  183.3   18.3   -6  -.336E+00   .201E-01      -30.4   .030     20.00
   12   13  200.0   20.0   -6  -.338E+00   .202E-01      -30.3   .030     20.00
   13   14  216.7   21.7   -6  -.337E+00   .201E-01      -30.3   .030     20.00
   14   15  233.3   23.3   -6  -.337E+00   .201E-01      -30.3   .030     20.00
   15   16  250.0   25.0   -6  -.338E+00   .202E-01      -30.3   .030     20.00
   16   17  266.7   26.7   -6  -.337E+00   .201E-01      -30.4   .030     20.00
   17   18  283.3   28.3   -6  -.333E+00   .199E-01      -30.4   .030     20.00
   18   19  300.0   30.0   -6  -.335E+00   .200E-01      -30.4   .030     20.00
   19   20  316.7   31.7   -6  -.328E+00   .196E-01      -30.4   .030     20.00
   20   21  333.3   33.3   -6  -.336E+00   .201E-01      -30.4   .030     20.00
   21   22  350.0   35.0   -6  -.280E+00   .167E-01      -30.8   .029     20.00
   22   23  366.7   36.7   -6  -.261E+00   .156E-01      -31.0   .028     20.00
   23   24  383.3   38.3   -6  -.344E+00   .410E-01      -29.8   .032     20.00
   24   49  400.0  290.0   -1   .201E+01  -.400E+00      -27.1   .051     20.00
   25   50  390.0  289.0   -1   .402E+01  -.400E+00      -27.1   .051     20.00
   26   51  380.0  288.0   -1   .402E+01  -.400E+00      -27.1   .051     20.00
   27   52  370.0  287.0   -1   .402E+01  -.400E+00      -27.1   .051     20.00
   28   53  360.0  286.0   -1   .402E+01  -.400E+00      -27.1   .051     20.00
   29   54  350.0  285.0   -1   .402E+01  -.400E+00      -27.1   .051     20.00
   30   55  340.0  284.0   -1   .402E+01  -.400E+00      -27.1   .051     20.00
   31   56  330.0  283.0   -1   .402E+01  -.400E+00      -27.1   .051     20.00
   32   57  320.0  282.0   -1   .402E+01  -.400E+00      -27.1   .051     20.00
   33   58  310.0  281.0   -1   .402E+01  -.400E+00      -27.1   .051     20.00
   34   59  300.0  280.0   -1   .402E+01  -.400E+00      -27.1   .051     20.00
   35   60  290.0  279.0   -1   .402E+01  -.400E+00      -27.1   .051     20.00
   36   61  280.0  278.0   -1   .402E+01  -.400E+00      -27.1   .051     20.00
   37   62  270.0  277.0   -1   .402E+01  -.400E+00      -27.1   .051     20.00
   38   63  260.0  276.0   -1   .402E+01  -.400E+00      -27.1   .051     20.00
   39   64  250.0  275.0   -1   .402E+01  -.400E+00      -27.1   .051     20.00
   40   65  240.0  274.0   -1   .402E+01  -.400E+00      -27.1   .051     20.00
   41   66  230.0  273.0   -1   .402E+01  -.400E+00      -27.1   .051     20.00
   42   67  220.0  272.0   -1   .402E+01  -.400E+00      -27.1   .051     20.00
   43   68  210.0  271.0   -1   .402E+01  -.400E+00      -27.1   .051     20.00
   44   69  200.0  270.0   -1   .402E+01  -.400E+00      -27.1   .051     20.00
   45   70  190.0  269.0   -1   .402E+01  -.400E+00      -27.1   .051     20.00
   46   71  180.0  268.0   -1   .402E+01  -.400E+00      -27.1   .051     20.00
   47   72  170.0  267.0   -1   .402E+01  -.400E+00      -27.1   .051     20.00
   48   73  160.0  266.0   -1   .402E+01  -.400E+00      -27.1   .051     20.00
   49   74  150.0  265.0   -1   .402E+01  -.400E+00      -27.1   .051     20.00
   50   75  140.0  264.0   -1   .402E+01  -.400E+00      -27.1   .051     20.00
   51   76  130.0  263.0   -1   .402E+01  -.400E+00      -27.1   .051     20.00
   52   77  120.0  262.0   -1   .402E+01  -.400E+00      -27.1   .051     20.00
   53   78  110.0  261.0   -1   .402E+01  -.400E+00      -27.1   .051     20.00
   54   79  100.0  260.0   -1   .402E+01  -.400E+00      -27.1   .051     20.00
   55   80   90.0  259.0   -1   .402E+01  -.400E+00      -27.1   .051     20.00
   56   81   80.0  258.0   -1   .402E+01  -.400E+00      -27.1   .051     20.00
   57   82   70.0  257.0   -1   .402E+01  -.400E+00      -27.1   .051     20.00
   58   83   60.0  256.0   -1   .402E+01  -.400E+00      -27.1   .051     20.00
   59   84   50.0  255.0   -1   .402E+01  -.400E+00      -27.1   .051     20.00
   60   85   40.0  254.0   -1   .402E+01  -.400E+00      -27.1   .051     20.00
   61   86   30.0  253.0   -1   .402E+01  -.400E+00      -27.1   .051     20.00
   62   87   20.0  252.0   -1   .402E+01  -.400E+00      -27.1   .051     20.00
   63   88   10.0  251.0   -1   .402E+01  -.400E+00      -27.1   .051     20.00
   64   89     .0  250.0   -1   .201E+01  -.400E+00      -27.1   .051     20.00


 Time:     20.0000

    i    n    x      z    Code     Q          v           h       th       Temp     Conc
                                 [V/T]      [L/T]        [L]     [-]        [C]    [M/L3]

    1    2   16.7    1.7   -6  -.108E+02   .129E+01      -26.6   .060     20.00
    2    3   33.3    3.3   -6  -.611E+01   .365E+00      -27.4   .049     20.00
    3    4   50.0    5.0   -6  -.129E+02   .772E+00      -26.9   .055     20.00
    4    5   66.7    6.7   -6  -.319E+02   .191E+01      -26.3   .067     20.00
    5    6   83.3    8.3   -6  -.451E+02   .269E+01      -25.9   .074     20.00
    6    7  100.0   10.0   -6  -.365E+02   .218E+01      -26.1   .069     20.00
    7    8  116.7   11.7   -6  -.146E+02   .872E+00      -26.8   .056     20.00
    8    9  133.3   13.3   -6  -.290E+01   .173E+00      -28.8   .039     20.00
    9   10  150.0   15.0   -6  -.392E+00   .234E-01      -29.9   .031     20.00
   10   11  166.7   16.7   -6  -.298E+00   .178E-01      -30.7   .029     20.00
   11   12  183.3   18.3   -6  -.308E+00   .184E-01      -30.6   .029     20.00
   12   13  200.0   20.0   -6  -.311E+00   .185E-01      -30.6   .029     20.00
   13   14  216.7   21.7   -6  -.310E+00   .185E-01      -30.6   .029     20.00
   14   15  233.3   23.3   -6  -.310E+00   .185E-01      -30.6   .029     20.00
   15   16  250.0   25.0   -6  -.310E+00   .185E-01      -30.6   .029     20.00
   16   17  266.7   26.7   -6  -.308E+00   .184E-01      -30.6   .029     20.00
   17   18  283.3   28.3   -6  -.304E+00   .181E-01      -30.6   .029     20.00
   18   19  300.0   30.0   -6  -.303E+00   .181E-01      -30.6   .029     20.00
   19   20  316.7   31.7   -6  -.290E+00   .173E-01      -30.8   .029     20.00
   20   21  333.3   33.3   -6  -.283E+00   .169E-01      -30.8   .029     20.00
   21   22  350.0   35.0   -6  -.218E+00   .130E-01      -31.4   .027     20.00
   22   23  366.7   36.7   -6  -.195E+00   .117E-01      -31.6   .027     20.00
   23   24  383.3   38.3   -6  -.305E+00   .364E-01      -29.8   .032     20.00
   24   49  400.0  290.0   -1   .201E+01  -.400E+00      -27.1   .051     20.00
   25   50  390.0  289.0   -1   .402E+01  -.400E+00      -27.1   .051     20.00
   26   51  380.0  288.0   -1   .402E+01  -.400E+00      -27.1   .051     20.00
   27   52  370.0  287.0   -1   .402E+01  -.400E+00      -27.1   .051     20.00
   28   53  360.0  286.0   -1   .402E+01  -.400E+00      -27.1   .051     20.00
   29   54  350.0  285.0   -1   .402E+01  -.400E+00      -27.1   .051     20.00
   30   55  340.0  284.0   -1   .402E+01  -.400E+00      -27.1   .051     20.00
   31   56  330.0  283.0   -1   .402E+01  -.400E+00      -27.1   .051     20.00
   32   57  320.0  282.0   -1   .402E+01  -.400E+00      -27.1   .051     20.00
   33   58  310.0  281.0   -1   .402E+01  -.400E+00      -27.1   .051     20.00
   34   59  300.0  280.0   -1   .402E+01  -.400E+00      -27.1   .051     20.00
   35   60  290.0  279.0   -1   .402E+01  -.400E+00      -27.1   .051     20.00
   36   61  280.0  278.0   -1   .402E+01  -.400E+00      -27.1   .051     20.00
   37   62  270.0  277.0   -1   .402E+01  -.400E+00      -27.1   .051     20.00
   38   63  260.0  276.0   -1   .402E+01  -.400E+00      -27.1   .051     20.00
   39   64  250.0  275.0   -1   .402E+01  -.400E+00      -27.1   .051     20.00
   40   65  240.0  274.0   -1   .402E+01  -.400E+00      -27.1   .051     20.00
   41   66  230.0  273.0   -1   .402E+01  -.400E+00      -27.1   .051     20.00
   42   67  220.0  272.0   -1   .402E+01  -.400E+00      -27.1   .051     20.00
   43   68  210.0  271.0   -1   .402E+01  -.400E+00      -27.1   .051     20.00
   44   69  200.0  270.0   -1   .402E+01  -.400E+00      -27.1   .051     20.00
   45   70  190.0  269.0   -1   .402E+01  -.400E+00      -27.1   .051     20.00
   46   71  180.0  268.0   -1   .402E+01  -.400E+00      -27.1   .051     20.00
   47   72  170.0  267.0   -1   .402E+01  -.400E+00      -27.1   .051     20.00
   48   73  160.0  266.0   -1   .402E+01  -.400E+00      -27.1   .051     20.00
   49   74  150.0  265.0   -1   .402E+01  -.400E+00      -27.1   .051     20.00
   50   75  140.0  264.0   -1   .402E+01  -.400E+00      -27.1   .051     20.00
   51   76  130.0  263.0   -1   .402E+01  -.400E+00      -27.1   .051     20.00
   52   77  120.0  262.0   -1   .402E+01  -.400E+00      -27.1   .051     20.00
   53   78  110.0  261.0   -1   .402E+01  -.400E+00      -27.1   .051     20.00
   54   79  100.0  260.0   -1   .402E+01  -.400E+00      -27.1   .051     20.00
   55   80   90.0  259.0   -1   .402E+01  -.400E+00      -27.1   .051     20.00
   56   81   80.0  258.0   -1   .402E+01  -.400E+00      -27.1   .051     20.00
   57   82   70.0  257.0   -1   .402E+01  -.400E+00      -27.1   .051     20.00
   58   83   60.0  256.0   -1   .402E+01  -.400E+00      -27.1   .051     20.00
   59   84   50.0  255.0   -1   .402E+01  -.400E+00      -27.1   .051     20.00
   60   85   40.0  254.0   -1   .402E+01  -.400E+00      -27.1   .051     20.00
   61   86   30.0  253.0   -1   .402E+01  -.400E+00      -27.1   .051     20.00
   62   87   20.0  252.0   -1   .402E+01  -.400E+00      -27.1   .051     20.00
   63   88   10.0  251.0   -1   .402E+01  -.400E+00      -27.1   .051     20.00
   64   89     .0  250.0   -1   .201E+01  -.400E+00      -27.1   .051     20.00


 Time:     30.0000

    i    n    x      z    Code     Q          v           h       th       Temp     Conc
                                 [V/T]      [L/T]        [L]     [-]        [C]    [M/L3]

    1    2   16.7    1.7   -6  -.108E+02   .129E+01      -26.6   .060     20.00
    2    3   33.3    3.3   -6  -.611E+01   .365E+00      -27.4   .049     20.00
    3    4   50.0    5.0   -6  -.129E+02   .772E+00      -26.9   .055     20.00
    4    5   66.7    6.7   -6  -.319E+02   .191E+01      -26.3   .067     20.00
    5    6   83.3    8.3   -6  -.451E+02   .269E+01      -25.9   .074     20.00
    6    7  100.0   10.0   -6  -.365E+02   .218E+01      -26.1   .069     20.00
    7    8  116.7   11.7   -6  -.146E+02   .870E+00      -26.8   .056     20.00
    8    9  133.3   13.3   -6  -.284E+01   .170E+00      -28.8   .039     20.00
    9   10  150.0   15.0   -6  -.362E+00   .216E-01      -30.1   .030     20.00
   10   11  166.7   16.7   -6  -.222E+00   .133E-01      -31.3   .028     20.00
   11   12  183.3   18.3   -6  -.229E+00   .137E-01      -31.3   .028     20.00
   12   13  200.0   20.0   -6  -.231E+00   .138E-01      -31.2   .028     20.00
   13   14  216.7   21.7   -6  -.231E+00   .138E-01      -31.3   .028     20.00
   14   15  233.3   23.3   -6  -.228E+00   .136E-01      -31.3   .028     20.00
   15   16  250.0   25.0   -6  -.226E+00   .135E-01      -31.3   .028     20.00
   16   17  266.7   26.7   -6  -.226E+00   .135E-01      -31.3   .028     20.00
   17   18  283.3   28.3   -6  -.224E+00   .134E-01      -31.3   .028     20.00
   18   19  300.0   30.0   -6  -.222E+00   .132E-01      -31.3   .028     20.00
   19   20  316.7   31.7   -6  -.207E+00   .124E-01      -31.5   .027     20.00
   20   21  333.3   33.3   -6  -.199E+00   .119E-01      -31.5   .027     20.00
   21   22  350.0   35.0   -6  -.155E+00   .927E-02      -31.9   .026     20.00
   22   23  366.7   36.7   -6  -.140E+00   .837E-02      -32.0   .026     20.00
   23   24  383.3   38.3   -6  -.190E+00   .226E-01      -30.0   .031     20.00
   24   49  400.0  290.0   -1   .201E+01  -.400E+00      -27.1   .051     20.00
   25   50  390.0  289.0   -1   .402E+01  -.400E+00      -27.1   .051     20.00
   26   51  380.0  288.0   -1   .402E+01  -.400E+00      -27.1   .051     20.00
   27   52  370.0  287.0   -1   .402E+01  -.400E+00      -27.1   .051     20.00
   28   53  360.0  286.0   -1   .402E+01  -.400E+00      -27.1   .051     20.00
   29   54  350.0  285.0   -1   .402E+01  -.400E+00      -27.1   .051     20.00
   30   55  340.0  284.0   -1   .402E+01  -.400E+00      -27.1   .051     20.00
   31   56  330.0  283.0   -1   .402E+01  -.400E+00      -27.1   .051     20.00
   32   57  320.0  282.0   -1   .402E+01  -.400E+00      -27.1   .051     20.00
   33   58  310.0  281.0   -1   .402E+01  -.400E+00      -27.1   .051     20.00
   34   59  300.0  280.0   -1   .402E+01  -.400E+00      -27.1   .051     20.00
   35   60  290.0  279.0   -1   .402E+01  -.400E+00      -27.1   .051     20.00
   36   61  280.0  278.0   -1   .402E+01  -.400E+00      -27.1   .051     20.00
   37   62  270.0  277.0   -1   .402E+01  -.400E+00      -27.1   .051     20.00
   38   63  260.0  276.0   -1   .402E+01  -.400E+00      -27.1   .051     20.00
   39   64  250.0  275.0   -1   .402E+01  -.400E+00      -27.1   .051     20.00
   40   65  240.0  274.0   -1   .402E+01  -.400E+00      -27.1   .051     20.00
   41   66  230.0  273.0   -1   .402E+01  -.400E+00      -27.1   .051     20.00
   42   67  220.0  272.0   -1   .402E+01  -.400E+00      -27.1   .051     20.00
   43   68  210.0  271.0   -1   .402E+01  -.400E+00      -27.1   .051     20.00
   44   69  200.0  270.0   -1   .402E+01  -.400E+00      -27.1   .051     20.00
   45   70  190.0  269.0   -1   .402E+01  -.400E+00      -27.1   .051     20.00
   46   71  180.0  268.0   -1   .402E+01  -.400E+00      -27.1   .051     20.00
   47   72  170.0  267.0   -1   .402E+01  -.400E+00      -27.1   .051     20.00
   48   73  160.0  266.0   -1   .402E+01  -.400E+00      -27.1   .051     20.00
   49   74  150.0  265.0   -1   .402E+01  -.400E+00      -27.1   .051     20.00
   50   75  140.0  264.0   -1   .402E+01  -.400E+00      -27.1   .051     20.00
   51   76  130.0  263.0   -1   .402E+01  -.400E+00      -27.1   .051     20.00
   52   77  120.0  262.0   -1   .402E+01  -.400E+00      -27.1   .051     20.00
   53   78  110.0  261.0   -1   .402E+01  -.400E+00      -27.1   .051     20.00
   54   79  100.0  260.0   -1   .402E+01  -.400E+00      -27.1   .051     20.00
   55   80   90.0  259.0   -1   .402E+01  -.400E+00      -27.1   .051     20.00
   56   81   80.0  258.0   -1   .402E+01  -.400E+00      -27.1   .051     20.00
   57   82   70.0  257.0   -1   .402E+01  -.400E+00      -27.1   .051     20.00
   58   83   60.0  256.0   -1   .402E+01  -.400E+00      -27.1   .051     20.00
   59   84   50.0  255.0   -1   .402E+01  -.400E+00      -27.1   .051     20.00
   60   85   40.0  254.0   -1   .402E+01  -.400E+00      -27.1   .051     20.00
   61   86   30.0  253.0   -1   .402E+01  -.400E+00      -27.1   .051     20.00
   62   87   20.0  252.0   -1   .402E+01  -.400E+00      -27.1   .051     20.00
   63   88   10.0  251.0   -1   .402E+01  -.400E+00      -27.1   .051     20.00
   64   89     .0  250.0   -1   .201E+01  -.400E+00      -27.1   .051     20.00


 Time:     40.0000

    i    n    x      z    Code     Q          v           h       th       Temp     Conc
                                 [V/T]      [L/T]        [L]     [-]        [C]    [M/L3]

    1    2   16.7    1.7   -6  -.107E+02   .128E+01      -26.6   .060     20.00
    2    3   33.3    3.3   -6  -.611E+01   .365E+00      -27.4   .049     20.00
    3    4   50.0    5.0   -6  -.129E+02   .772E+00      -26.9   .055     20.00
    4    5   66.7    6.7   -6  -.319E+02   .191E+01      -26.3   .067     20.00
    5    6   83.3    8.3   -6  -.451E+02   .269E+01      -25.9   .074     20.00
    6    7  100.0   10.0   -6  -.365E+02   .218E+01      -26.1   .069     20.00
    7    8  116.7   11.7   -6  -.146E+02   .869E+00      -26.8   .056     20.00
    8    9  133.3   13.3   -6  -.280E+01   .167E+00      -28.8   .039     20.00
    9   10  150.0   15.0   -6  -.300E+00   .179E-01      -30.7   .029     20.00
   10   11  166.7   16.7   -6  -.722E-01   .431E-02      -32.6   .025     20.00
   11   12  183.3   18.3   -6  -.534E-01   .319E-02      -32.8   .024     20.00
   12   13  200.0   20.0   -6  -.501E-01   .299E-02      -32.8   .024     20.00
   13   14  216.7   21.7   -6  -.446E-01   .266E-02      -32.8   .024     20.00
   14   15  233.3   23.3   -6  -.317E-01   .189E-02      -32.9   .024     20.00
   15   16  250.0   25.0   -6  -.202E-01   .121E-02      -33.1   .024     20.00
   16   17  266.7   26.7   -6  -.332E-01   .198E-02      -32.9   .024     20.00
   17   18  283.3   28.3   -6  -.366E-01   .218E-02      -32.9   .024     20.00
   18   19  300.0   30.0   -6  -.307E-01   .183E-02      -32.9   .024     20.00
   19   20  316.7   31.7   -6  -.203E-01   .121E-02      -33.0   .024     20.00
   20   21  333.3   33.3   -6  -.687E-01   .410E-02      -32.6   .025     20.00
   21   22  350.0   35.0   -6  -.591E-01   .353E-02      -32.7   .024     20.00
   22   23  366.7   36.7   -6  -.812E-01   .485E-02      -32.5   .025     20.00
   23   24  383.3   38.3   -6  -.147E+00   .175E-01      -30.7   .029     20.00
   24   49  400.0  290.0   -1   .201E+01  -.400E+00      -27.1   .051     20.00
   25   50  390.0  289.0   -1   .402E+01  -.400E+00      -27.1   .051     20.00
   26   51  380.0  288.0   -1   .402E+01  -.400E+00      -27.1   .051     20.00
   27   52  370.0  287.0   -1   .402E+01  -.400E+00      -27.1   .051     20.00
   28   53  360.0  286.0   -1   .402E+01  -.400E+00      -27.1   .051     20.00
   29   54  350.0  285.0   -1   .402E+01  -.400E+00      -27.1   .051     20.00
   30   55  340.0  284.0   -1   .402E+01  -.400E+00      -27.1   .051     20.00
   31   56  330.0  283.0   -1   .402E+01  -.400E+00      -27.1   .051     20.00
   32   57  320.0  282.0   -1   .402E+01  -.400E+00      -27.1   .051     20.00
   33   58  310.0  281.0   -1   .402E+01  -.400E+00      -27.1   .051     20.00
   34   59  300.0  280.0   -1   .402E+01  -.400E+00      -27.1   .051     20.00
   35   60  290.0  279.0   -1   .402E+01  -.400E+00      -27.1   .051     20.00
   36   61  280.0  278.0   -1   .402E+01  -.400E+00      -27.1   .051     20.00
   37   62  270.0  277.0   -1   .402E+01  -.400E+00      -27.1   .051     20.00
   38   63  260.0  276.0   -1   .402E+01  -.400E+00      -27.1   .051     20.00
   39   64  250.0  275.0   -1   .402E+01  -.400E+00      -27.1   .051     20.00
   40   65  240.0  274.0   -1   .402E+01  -.400E+00      -27.1   .051     20.00
   41   66  230.0  273.0   -1   .402E+01  -.400E+00      -27.1   .051     20.00
   42   67  220.0  272.0   -1   .402E+01  -.400E+00      -27.1   .051     20.00
   43   68  210.0  271.0   -1   .402E+01  -.400E+00      -27.1   .051     20.00
   44   69  200.0  270.0   -1   .402E+01  -.400E+00      -27.1   .051     20.00
   45   70  190.0  269.0   -1   .402E+01  -.400E+00      -27.1   .051     20.00
   46   71  180.0  268.0   -1   .402E+01  -.400E+00      -27.1   .051     20.00
   47   72  170.0  267.0   -1   .402E+01  -.400E+00      -27.1   .051     20.00
   48   73  160.0  266.0   -1   .402E+01  -.400E+00      -27.1   .051     20.00
   49   74  150.0  265.0   -1   .402E+01  -.400E+00      -27.1   .051     20.00
   50   75  140.0  264.0   -1   .402E+01  -.400E+00      -27.1   .051     20.00
   51   76  130.0  263.0   -1   .402E+01  -.400E+00      -27.1   .051     20.00
   52   77  120.0  262.0   -1   .402E+01  -.400E+00      -27.1   .051     20.00
   53   78  110.0  261.0   -1   .402E+01  -.400E+00      -27.1   .051     20.00
   54   79  100.0  260.0   -1   .402E+01  -.400E+00      -27.1   .051     20.00
   55   80   90.0  259.0   -1   .402E+01  -.400E+00      -27.1   .051     20.00
   56   81   80.0  258.0   -1   .402E+01  -.400E+00      -27.1   .051     20.00
   57   82   70.0  257.0   -1   .402E+01  -.400E+00      -27.1   .051     20.00
   58   83   60.0  256.0   -1   .402E+01  -.400E+00      -27.1   .051     20.00
   59   84   50.0  255.0   -1   .402E+01  -.400E+00      -27.1   .051     20.00
   60   85   40.0  254.0   -1   .402E+01  -.400E+00      -27.1   .051     20.00
   61   86   30.0  253.0   -1   .402E+01  -.400E+00      -27.1   .051     20.00
   62   87   20.0  252.0   -1   .402E+01  -.400E+00      -27.1   .051     20.00
   63   88   10.0  251.0   -1   .402E+01  -.400E+00      -27.1   .051     20.00
   64   89     .0  250.0   -1   .201E+01  -.400E+00      -27.1   .051     20.00


 Time:     50.0000

    i    n    x      z    Code     Q          v           h       th       Temp     Conc
                                 [V/T]      [L/T]        [L]     [-]        [C]    [M/L3]

    1    2   16.7    1.7   -6  -.108E+02   .129E+01      -26.6   .060     20.00
    2    3   33.3    3.3   -6  -.611E+01   .365E+00      -27.4   .049     20.00
    3    4   50.0    5.0   -6  -.129E+02   .772E+00      -26.9   .055     20.00
    4    5   66.7    6.7   -6  -.319E+02   .191E+01      -26.3   .067     20.00
    5    6   83.3    8.3   -6  -.451E+02   .269E+01      -25.9   .074     20.00
    6    7  100.0   10.0   -6  -.365E+02   .218E+01      -26.1   .069     20.00
    7    8  116.7   11.7   -6  -.146E+02   .869E+00      -26.8   .056     20.00
    8    9  133.3   13.3   -6  -.279E+01   .167E+00      -28.8   .038     20.00
    9   10  150.0   15.0   -6  -.282E+00   .168E-01      -30.8   .029     20.00
   10   11  166.7   16.7   -6  -.285E-01   .170E-02      -33.0   .024     20.00
   11   12  183.3   18.3   -6  -.195E-01   .117E-02      -33.2   .023     20.00
   12   13  200.0   20.0   -6  -.193E-01   .115E-02      -33.2   .023     20.00
   13   14  216.7   21.7   -6  -.193E-01   .115E-02      -33.2   .023     20.00
   14   15  233.3   23.3   -6  -.191E-01   .114E-02      -33.3   .023     20.00
   15   16  250.0   25.0   -6  -.190E-01   .113E-02      -33.3   .023     20.00
   16   17  266.7   26.7   -6  -.192E-01   .114E-02      -33.3   .023     20.00
   17   18  283.3   28.3   -6  -.192E-01   .115E-02      -33.2   .023     20.00
   18   19  300.0   30.0   -6  -.194E-01   .116E-02      -33.2   .023     20.00
   19   20  316.7   31.7   -6  -.196E-01   .117E-02      -33.2   .023     20.00
   20   21  333.3   33.3   -6  -.202E-01   .120E-02      -33.1   .024     20.00
   21   22  350.0   35.0   -6  -.199E-01   .119E-02      -33.1   .024     20.00
   22   23  366.7   36.7   -6  -.202E-01   .121E-02      -33.1   .024     20.00
   23   24  383.3   38.3   -6  -.797E-01   .951E-02      -31.9   .026     20.00
   24   49  400.0  290.0   -1   .201E+01  -.400E+00      -27.1   .051     20.00
   25   50  390.0  289.0   -1   .402E+01  -.400E+00      -27.1   .051     20.00
   26   51  380.0  288.0   -1   .402E+01  -.400E+00      -27.1   .051     20.00
   27   52  370.0  287.0   -1   .402E+01  -.400E+00      -27.1   .051     20.00
   28   53  360.0  286.0   -1   .402E+01  -.400E+00      -27.1   .051     20.00
   29   54  350.0  285.0   -1   .402E+01  -.400E+00      -27.1   .051     20.00
   30   55  340.0  284.0   -1   .402E+01  -.400E+00      -27.1   .051     20.00
   31   56  330.0  283.0   -1   .402E+01  -.400E+00      -27.1   .051     20.00
   32   57  320.0  282.0   -1   .402E+01  -.400E+00      -27.1   .051     20.00
   33   58  310.0  281.0   -1   .402E+01  -.400E+00      -27.1   .051     20.00
   34   59  300.0  280.0   -1   .402E+01  -.400E+00      -27.1   .051     20.00
   35   60  290.0  279.0   -1   .402E+01  -.400E+00      -27.1   .051     20.00
   36   61  280.0  278.0   -1   .402E+01  -.400E+00      -27.1   .051     20.00
   37   62  270.0  277.0   -1   .402E+01  -.400E+00      -27.1   .051     20.00
   38   63  260.0  276.0   -1   .402E+01  -.400E+00      -27.1   .051     20.00
   39   64  250.0  275.0   -1   .402E+01  -.400E+00      -27.1   .051     20.00
   40   65  240.0  274.0   -1   .402E+01  -.400E+00      -27.1   .051     20.00
   41   66  230.0  273.0   -1   .402E+01  -.400E+00      -27.1   .051     20.00
   42   67  220.0  272.0   -1   .402E+01  -.400E+00      -27.1   .051     20.00
   43   68  210.0  271.0   -1   .402E+01  -.400E+00      -27.1   .051     20.00
   44   69  200.0  270.0   -1   .402E+01  -.400E+00      -27.1   .051     20.00
   45   70  190.0  269.0   -1   .402E+01  -.400E+00      -27.1   .051     20.00
   46   71  180.0  268.0   -1   .402E+01  -.400E+00      -27.1   .051     20.00
   47   72  170.0  267.0   -1   .402E+01  -.400E+00      -27.1   .051     20.00
   48   73  160.0  266.0   -1   .402E+01  -.400E+00      -27.1   .051     20.00
   49   74  150.0  265.0   -1   .402E+01  -.400E+00      -27.1   .051     20.00
   50   75  140.0  264.0   -1   .402E+01  -.400E+00      -27.1   .051     20.00
   51   76  130.0  263.0   -1   .402E+01  -.400E+00      -27.1   .051     20.00
   52   77  120.0  262.0   -1   .402E+01  -.400E+00      -27.1   .051     20.00
   53   78  110.0  261.0   -1   .402E+01  -.400E+00      -27.1   .051     20.00
   54   79  100.0  260.0   -1   .402E+01  -.400E+00      -27.1   .051     20.00
   55   80   90.0  259.0   -1   .402E+01  -.400E+00      -27.1   .051     20.00
   56   81   80.0  258.0   -1   .402E+01  -.400E+00      -27.1   .051     20.00
   57   82   70.0  257.0   -1   .402E+01  -.400E+00      -27.1   .051     20.00
   58   83   60.0  256.0   -1   .402E+01  -.400E+00      -27.1   .051     20.00
   59   84   50.0  255.0   -1   .402E+01  -.400E+00      -27.1   .051     20.00
   60   85   40.0  254.0   -1   .402E+01  -.400E+00      -27.1   .051     20.00
   61   86   30.0  253.0   -1   .402E+01  -.400E+00      -27.1   .051     20.00
   62   87   20.0  252.0   -1   .402E+01  -.400E+00      -27.1   .051     20.00
   63   88   10.0  251.0   -1   .402E+01  -.400E+00      -27.1   .051     20.00
   64   89     .0  250.0   -1   .201E+01  -.400E+00      -27.1   .051     20.00
