 All cumulative fluxes (CumQ) are positive out of the region

      Time      CumQAP     CumQRP     CumQA      CumQR      CumQ3        hAtm       hRoot     hKode3    A-level
      [T]         [V]        [V]       [V]        [V]        [V]          [L]        [L]        [L] 

       .1000  -.290E+02   .000E+00  -.290E+02   .000E+00   .000E+00      -50.6         .0         .0       1
     21.5000  -.290E+02   .000E+00  -.290E+02   .000E+00   .000E+00      -97.9         .0         .0       2
     22.5000  -.829E+03   .000E+00  -.829E+03   .000E+00   .000E+00       -4.0         .0         .0       3
     23.5000  -.101E+04   .000E+00  -.101E+04   .000E+00   .000E+00      -14.4         .0         .0       4
     24.5000  -.213E+04   .000E+00  -.213E+04   .000E+00   .000E+00       -2.3         .0         .0       5
     25.5000  -.254E+04   .000E+00  -.254E+04   .000E+00   .000E+00       -7.5         .0         .0       6
     26.5000  -.277E+04   .000E+00  -.277E+04   .000E+00   .000E+00      -12.0         .0         .0       7
     27.5000  -.299E+04   .000E+00  -.299E+04   .000E+00   .000E+00      -12.8         .0         .0       8
     28.5000  -.386E+04   .000E+00  -.386E+04   .000E+00   .000E+00       -3.3         .0         .0       9
     29.5000  -.386E+04   .000E+00  -.386E+04   .000E+00   .000E+00      -27.3         .0         .0      10
     30.5000  -.404E+04   .000E+00  -.404E+04   .000E+00   .000E+00      -15.5         .0         .0      11
     31.5000  -.423E+04   .000E+00  -.423E+04   .000E+00   .000E+00      -14.4         .0         .0      12
     32.5000  -.423E+04   .000E+00  -.423E+04   .000E+00   .000E+00      -31.4         .0         .0      13
     33.5000  -.426E+04   .000E+00  -.426E+04   .000E+00   .000E+00      -32.1         .0         .0      14
     34.5000  -.427E+04   .000E+00  -.427E+04   .000E+00   .000E+00      -38.4         .0         .0      15
     36.5000  -.428E+04   .000E+00  -.428E+04   .000E+00   .000E+00      -47.5         .0         .0      16
     37.5000  -.464E+04   .000E+00  -.464E+04   .000E+00   .000E+00      -10.3         .0         .0      17
     38.5000  -.464E+04   .000E+00  -.464E+04   .000E+00   .000E+00      -31.8         .0         .0      18
     39.5000  -.492E+04   .000E+00  -.492E+04   .000E+00   .000E+00      -11.6         .0         .0      19
     40.5000  -.494E+04   .000E+00  -.494E+04   .000E+00   .000E+00      -28.2         .0         .0      20
     42.5000  -.496E+04   .000E+00  -.496E+04   .000E+00   .000E+00      -39.2         .0         .0      21
     43.5000  -.496E+04   .000E+00  -.496E+04   .000E+00   .000E+00      -45.3         .0         .0      22
     44.5000  -.506E+04   .000E+00  -.506E+04   .000E+00   .000E+00      -27.4         .0         .0      23
     45.5000  -.529E+04   .000E+00  -.529E+04   .000E+00   .000E+00      -14.9         .0         .0      24
     46.5000  -.529E+04   .000E+00  -.529E+04   .000E+00   .000E+00      -34.0         .0         .0      25
     47.5000  -.534E+04   .000E+00  -.534E+04   .000E+00   .000E+00      -30.7         .0         .0      26
     48.5000  -.534E+04   .000E+00  -.534E+04   .000E+00   .000E+00      -40.3         .0         .0      27
     49.5000  -.540E+04   .000E+00  -.540E+04   .000E+00   .000E+00      -33.0         .0         .0      28
     50.5000  -.543E+04   .000E+00  -.543E+04   .000E+00   .000E+00      -37.0         .0         .0      29
     52.5000  -.543E+04   .000E+00  -.543E+04   .000E+00   .000E+00      -50.6         .0         .0      30
     53.5000  -.547E+04   .000E+00  -.547E+04   .000E+00   .000E+00      -40.0         .0         .0      31
     54.5000  -.566E+04   .000E+00  -.566E+04   .000E+00   .000E+00      -19.0         .0         .0      32
     55.5000  -.600E+04   .000E+00  -.600E+04   .000E+00   .000E+00       -9.9         .0         .0      33
     63.5000  -.600E+04   .000E+00  -.600E+04   .000E+00   .000E+00      -59.6         .0         .0      34
     64.5000  -.608E+04   .000E+00  -.608E+04   .000E+00   .000E+00      -37.3         .0         .0      35
     65.5000  -.608E+04   .000E+00  -.608E+04   .000E+00   .000E+00      -52.2         .0         .0      36
     66.5000  -.609E+04   .000E+00  -.609E+04   .000E+00   .000E+00      -53.0         .0         .0      37
     67.5000  -.612E+04   .000E+00  -.612E+04   .000E+00   .000E+00      -47.3         .0         .0      38
     68.5000  -.613E+04   .000E+00  -.613E+04   .000E+00   .000E+00      -50.9         .0         .0      39
     69.5000  -.623E+04   .000E+00  -.623E+04   .000E+00   .000E+00      -31.2         .0         .0      40
     70.5000  -.656E+04   .000E+00  -.656E+04   .000E+00   .000E+00      -11.4         .0         .0      41
     71.5000  -.656E+04   .000E+00  -.656E+04   .000E+00   .000E+00      -32.6         .0         .0      42
     72.5000  -.671E+04   .000E+00  -.671E+04   .000E+00   .000E+00      -19.2         .0         .0      43
     75.5000  -.671E+04   .000E+00  -.671E+04   .000E+00   .000E+00      -46.8         .0         .0      44
     76.5000  -.672E+04   .000E+00  -.672E+04   .000E+00   .000E+00      -45.7         .0         .0      45
     77.5000  -.677E+04   .000E+00  -.677E+04   .000E+00   .000E+00      -37.5         .0         .0      46
     78.5000  -.677E+04   .000E+00  -.677E+04   .000E+00   .000E+00      -49.0         .0         .0      47
     79.5000  -.696E+04   .000E+00  -.696E+04   .000E+00   .000E+00      -19.4         .0         .0      48
     80.5000  -.701E+04   .000E+00  -.701E+04   .000E+00   .000E+00      -30.5         .0         .0      49
     81.5000  -.728E+04   .000E+00  -.728E+04   .000E+00   .000E+00      -12.5         .0         .0      50
     82.5000  -.769E+04   .000E+00  -.769E+04   .000E+00   .000E+00       -7.9         .0         .0      51
     84.5000  -.775E+04   .000E+00  -.775E+04   .000E+00   .000E+00      -29.3         .0         .0      52
     85.5000  -.786E+04   .000E+00  -.786E+04   .000E+00   .000E+00      -22.4         .0         .0      53
     86.5000  -.788E+04   .000E+00  -.788E+04   .000E+00   .000E+00      -32.0         .0         .0      54
     89.5000  -.788E+04   .000E+00  -.788E+04   .000E+00   .000E+00      -49.4         .0         .0      55
     90.5000  -.841E+04   .000E+00  -.841E+04   .000E+00   .000E+00       -6.4         .0         .0      56
     91.5000  -.843E+04   .000E+00  -.843E+04   .000E+00   .000E+00      -27.2         .0         .0      57
     97.5000  -.843E+04   .000E+00  -.843E+04   .000E+00   .000E+00      -56.0         .0         .0      58
     98.5000  -.884E+04   .000E+00  -.884E+04   .000E+00   .000E+00       -9.3         .0         .0      59
     99.5000  -.899E+04   .000E+00  -.899E+04   .000E+00   .000E+00      -16.8         .0         .0      60
    101.5000  -.899E+04   .000E+00  -.899E+04   .000E+00   .000E+00      -39.6         .0         .0      61
    102.5000  -.910E+04   .000E+00  -.910E+04   .000E+00   .000E+00      -24.2         .0         .0      62
    105.5000  -.910E+04   .000E+00  -.910E+04   .000E+00   .000E+00      -49.3         .0         .0      63
    106.5000  -.934E+04   .000E+00  -.934E+04   .000E+00   .000E+00      -15.7         .0         .0      64
    107.5000  -.969E+04   .000E+00  -.969E+04   .000E+00   .000E+00       -9.4         .0         .0      65
    108.5000  -.112E+05   .000E+00  -.111E+05   .000E+00   .000E+00        -.8         .0         .0      66
    109.5000  -.122E+05   .000E+00  -.120E+05   .000E+00   .000E+00       -2.0         .0         .0      67
    110.5000  -.124E+05   .000E+00  -.122E+05   .000E+00   .000E+00      -12.6         .0         .0      68
    111.5000  -.124E+05   .000E+00  -.122E+05   .000E+00   .000E+00      -29.8         .0         .0      69
    113.5000  -.124E+05   .000E+00  -.122E+05   .000E+00   .000E+00      -40.9         .0         .0      70
    114.5000  -.125E+05   .000E+00  -.123E+05   .000E+00   .000E+00      -27.1         .0         .0      71
    115.5000  -.125E+05   .000E+00  -.123E+05   .000E+00   .000E+00      -41.1         .0         .0      72
    116.5000  -.128E+05   .000E+00  -.127E+05   .000E+00   .000E+00      -10.5         .0         .0      73
    117.5000  -.134E+05   .000E+00  -.133E+05   .000E+00   .000E+00       -5.1         .0         .0      74
    118.5000  -.135E+05   .000E+00  -.133E+05   .000E+00   .000E+00      -25.4         .0         .0      75
    119.5000  -.136E+05   .000E+00  -.134E+05   .000E+00   .000E+00      -20.8         .0         .0      76
    122.5000  -.136E+05   .000E+00  -.134E+05   .000E+00   .000E+00      -45.1         .0         .0      77
    123.5000  -.136E+05   .000E+00  -.134E+05   .000E+00   .000E+00      -42.8         .0         .0      78
    124.5000  -.137E+05   .000E+00  -.135E+05   .000E+00   .000E+00      -28.3         .0         .0      79
    127.5000  -.137E+05   .000E+00  -.135E+05   .000E+00   .000E+00      -52.5         .0         .0      80
    128.5000  -.140E+05   .000E+00  -.138E+05   .000E+00   .000E+00      -12.0         .0         .0      81
    130.5000  -.140E+05   .000E+00  -.138E+05   .000E+00   .000E+00      -40.8         .0         .0      82
    132.5000  -.141E+05   .000E+00  -.139E+05   .000E+00   .000E+00      -34.5         .0         .0      83
    133.0000  -.141E+05   .000E+00  -.139E+05   .000E+00   .000E+00      -35.2         .0         .0      84
    138.0000  -.141E+05   .000E+00  -.139E+05   .000E+00   .000E+00      -59.7         .0         .0      85
end
