 Tracer-Experiment W. Wichtmann, Drän = 1 Knoten                         
 
 Program HYDRUS2
 Date:  16. 8.    Time:  19:16:42
 Time dependent boundary conditions
 Vertical plane flow, V = L*L
 Units: L = cm   , T = days , M = mg   

 Time [T]             Total     Sub-region number ...

       .0000                      1          2          3          4
 Area    [V]          .100E+06   .165E+05   .250E+04   .210E+05   .600E+05
 Volume  [V]          .334E+05   .569E+04   .698E+03   .656E+04   .205E+05
 InFlow  [V/T]        .000E+00   .000E+00   .000E+00   .000E+00   .000E+00
 hMean   [L]          .000E+00      -83.5      -64.5      -41.0       40.0
 ConcVol [VM/L3] 1    .000E+00   .000E+00   .000E+00   .000E+00   .000E+00
 cMean   [M/L3]  1    .000E+00   .000E+00   .000E+00   .000E+00   .000E+00

       .1000                      1          2          3          4
 Area    [V]          .100E+06   .165E+05   .250E+04   .210E+05   .600E+05
 Volume  [V]          .335E+05   .572E+04   .698E+03   .656E+04   .205E+05
 InFlow  [V/T]        .292E+03   .292E+03   .000E+00   .000E+00   .000E+00
 hMean   [L]          .613E+00      -79.8      -64.5      -41.0       40.0
 ConcVol [VM/L3] 1    .292E+02   .292E+02   .287E-16   .976E-22   .000E+00
 cMean   [M/L3]  1    .798E-03   .484E-02   .413E-19   .166E-25   .000E+00
 WatBalT [V]          .242E-01
 WatBalR [%]              .083
 CncBalT [VM/L3] 1    .152E+00
 CncBalR [%]     1        .519

     10.0000                      1          2          3          4
 Area    [V]          .100E+06   .165E+05   .250E+04   .210E+05   .600E+05
 Volume  [V]          .335E+05   .571E+04   .699E+03   .656E+04   .205E+05
 InFlow  [V/T]       -.750E+00  -.110E+01   .164E-01   .281E+00   .557E-01
 hMean   [L]          .599E+00      -80.8      -63.7      -40.7       40.1
 ConcVol [VM/L3] 1    .297E+02   .297E+02   .437E-04   .134E-05   .124E-13
 cMean   [M/L3]  1    .864E-03   .523E-02   .627E-07   .222E-09   .625E-18
 WatBalT [V]          .444E+00
 WatBalR [%]             1.359
 CncBalT [VM/L3] 1    .663E+00
 CncBalR [%]     1       2.231

     21.5000                      1          2          3          4
 Area    [V]          .100E+06   .165E+05   .250E+04   .210E+05   .600E+05
 Volume  [V]          .335E+05   .570E+04   .699E+03   .656E+04   .205E+05
 InFlow  [V/T]       -.783E+00  -.611E+00  -.273E-01  -.130E+00  -.153E-01
 hMean   [L]          .385E+00      -82.0      -63.9      -40.7       40.1
 ConcVol [VM/L3] 1    .297E+02   .297E+02   .148E-02   .144E-03   .388E-10
 cMean   [M/L3]  1    .865E-03   .524E-02   .212E-05   .235E-07   .195E-14
 WatBalT [V]          .537E+00
 WatBalR [%]             1.264
 CncBalT [VM/L3] 1    .677E+00
 CncBalR [%]     1       2.276

     22.0000                      1          2          3          4
 Area    [V]          .100E+06   .165E+05   .250E+04   .210E+05   .600E+05
 Volume  [V]          .339E+05   .610E+04   .699E+03   .656E+04   .205E+05
 InFlow  [V/T]        .799E+03   .799E+03   .245E+00  -.718E-01  -.155E-01
 hMean   [L]          .599E+01      -48.0      -63.9      -40.7       40.1
 ConcVol [VM/L3] 1    .290E+02   .289E+02   .163E-02   .163E-03   .474E-10
 cMean   [M/L3]  1    .722E-03   .438E-02   .233E-05   .267E-07   .238E-14
 WatBalT [V]          .541E+00
 WatBalR [%]              .122
 CncBalT [VM/L3] 1   -.988E-01
 CncBalR [%]     1        .340

     23.5000                      1          2          3          4
 Area    [V]          .100E+06   .165E+05   .250E+04   .210E+05   .600E+05
 Volume  [V]          .344E+05   .652E+04   .745E+03   .667E+04   .205E+05
 InFlow  [V/T]        .176E+03  -.717E+01   .209E+02   .155E+03   .707E+01
 hMean   [L]          .137E+02      -17.3      -31.0      -33.4       40.5
 ConcVol [VM/L3] 1    .285E+02   .285E+02   .125E-01   .786E-03   .952E-10
 cMean   [M/L3]  1    .710E-03   .430E-02   .167E-04   .123E-06   .477E-14
 WatBalT [V]          .866E+00
 WatBalR [%]              .084
 CncBalT [VM/L3] 1   -.501E+00
 CncBalR [%]     1       1.726

     24.0000                      1          2          3          4
 Area    [V]          .100E+06   .165E+05   .250E+04   .210E+05   .600E+05
 Volume  [V]          .350E+05   .688E+04   .789E+03   .682E+04   .205E+05
 InFlow  [V/T]        .111E+04   .175E+03   .137E+03   .780E+03   .195E+02
 hMean   [L]          .190E+02       -2.9       -9.6      -25.2       41.6
 ConcVol [VM/L3] 1    .285E+02   .284E+02   .533E-01   .447E-02   .201E-09
 cMean   [M/L3]  1    .676E-03   .408E-02   .672E-04   .661E-06   .100E-13
 WatBalT [V]          .849E+00
 WatBalR [%]              .053
 CncBalT [VM/L3] 1   -.564E+00
 CncBalR [%]     1       1.941

     27.5000                      1          2          3          4
 Area    [V]          .100E+06   .165E+05   .250E+04   .210E+05   .600E+05
 Volume  [V]          .351E+05   .660E+04   .774E+03   .717E+04   .206E+05
 InFlow  [V/T]       -.667E+02  -.179E+02  -.394E+01  -.448E+02  -.133E+00
 hMean   [L]          .383E+02      -13.4      -16.0       -5.8       70.1
 ConcVol [VM/L3] 1    .284E+02   .257E+02   .135E+01   .132E+01   .154E-02
 cMean   [M/L3]  1    .723E-03   .388E-02   .175E-02   .189E-03   .747E-07
 WatBalT [V]          .431E+01
 WatBalR [%]              .100
 CncBalT [VM/L3] 1   -.657E+00
 CncBalR [%]     1       2.262

     28.0000                      1          2          3          4
 Area    [V]          .100E+06   .165E+05   .250E+04   .210E+05   .600E+05
 Volume  [V]          .354E+05   .685E+04   .792E+03   .721E+04   .206E+05
 InFlow  [V/T]        .593E+03   .180E+03   .645E+02   .347E+03   .967E+00
 hMean   [L]          .411E+02       -3.9       -8.1       -3.7       71.2
 ConcVol [VM/L3] 1    .284E+02   .251E+02   .158E+01   .165E+01   .236E-02
 cMean   [M/L3]  1    .702E-03   .366E-02   .199E-02   .233E-03   .115E-06
 WatBalT [V]          .421E+01
 WatBalR [%]              .086
 CncBalT [VM/L3] 1   -.687E+00
 CncBalR [%]     1       2.366

     50.0000                      1          2          3          4
 Area    [V]          .100E+06   .165E+05   .250E+04   .210E+05   .600E+05
 Volume  [V]          .343E+05   .619E+04   .734E+03   .681E+04   .205E+05
 InFlow  [V/T]       -.398E+02  -.219E+02  -.184E+01  -.148E+02  -.133E+01
 hMean   [L]          .171E+02      -35.4      -37.4      -25.8       48.8
 ConcVol [VM/L3] 1    .281E+02   .146E+02   .273E+01   .104E+02   .415E+00
 cMean   [M/L3]  1    .823E-03   .237E-02   .372E-02   .156E-02   .204E-04
 WatBalT [V]          .122E+02
 WatBalR [%]              .121
 CncBalT [VM/L3] 1   -.914E+00
 CncBalR [%]     1       3.144

     89.5000                      1          2          3          4
 Area    [V]          .100E+06   .165E+05   .250E+04   .210E+05   .600E+05
 Volume  [V]          .342E+05   .611E+04   .734E+03   .683E+04   .205E+05
 InFlow  [V/T]       -.810E+02  -.444E+02  -.393E+01  -.302E+02  -.249E+01
 hMean   [L]          .172E+02      -40.7      -37.4      -24.7       50.1
 ConcVol [VM/L3] 1    .278E+02   .697E+01   .197E+01   .161E+02   .279E+01
 cMean   [M/L3]  1    .837E-03   .115E-02   .268E-02   .238E-02   .136E-03
 WatBalT [V]          .217E+02
 WatBalR [%]              .144
 CncBalT [VM/L3] 1   -.109E+01
 CncBalR [%]     1       3.738

     90.0000                      1          2          3          4
 Area    [V]          .100E+06   .165E+05   .250E+04   .210E+05   .600E+05
 Volume  [V]          .344E+05   .635E+04   .732E+03   .681E+04   .205E+05
 InFlow  [V/T]        .455E+03   .486E+03  -.118E+01  -.274E+02  -.258E+01
 hMean   [L]          .190E+02      -26.6      -38.4      -25.5       49.5
 ConcVol [VM/L3] 1    .278E+02   .693E+01   .195E+01   .161E+02   .284E+01
 cMean   [M/L3]  1    .836E-03   .113E-02   .267E-02   .238E-02   .139E-03
 WatBalT [V]          .218E+02
 WatBalR [%]              .142
 CncBalT [VM/L3] 1   -.109E+01
 CncBalR [%]     1       3.745

    107.5000                      1          2          3          4
 Area    [V]          .100E+06   .165E+05   .250E+04   .210E+05   .600E+05
 Volume  [V]          .346E+05   .656E+04   .745E+03   .680E+04   .205E+05
 InFlow  [V/T]        .291E+03   .194E+03   .277E+02   .681E+02   .953E+00
 hMean   [L]          .197E+02      -15.6      -30.9      -26.0       47.5
 ConcVol [VM/L3] 1    .276E+02   .460E+01   .149E+01   .165E+02   .503E+01
 cMean   [M/L3]  1    .826E-03   .722E-03   .200E-02   .242E-02   .246E-03
 WatBalT [V]          .279E+02
 WatBalR [%]              .153
 CncBalT [VM/L3] 1   -.117E+01
 CncBalR [%]     1       3.976

    108.0000                      1          2          3          4
 Area    [V]          .100E+06   .165E+05   .250E+04   .210E+05   .600E+05
 Volume  [V]          .353E+05   .691E+04   .806E+03   .709E+04   .205E+05
 InFlow  [V/T]        .141E+04   .240E+02   .221E+02   .132E+04   .416E+02
 hMean   [L]          .266E+02       -1.4       -2.1      -12.1       49.1
 ConcVol [VM/L3] 1    .276E+02   .402E+01   .147E+01   .170E+02   .510E+01
 cMean   [M/L3]  1    .796E-03   .593E-03   .182E-02   .240E-02   .249E-03
 WatBalT [V]          .278E+02
 WatBalR [%]              .146
 CncBalT [VM/L3] 1   -.114E+01
 CncBalR [%]     1       3.893

    108.5000                      1          2          3          4
 Area    [V]          .100E+06   .165E+05   .250E+04   .210E+05   .600E+05
 Volume  [V]          .356E+05   .693E+04   .809E+03   .736E+04   .206E+05
 InFlow  [V/T]       -.835E+01  -.235E+01  -.130E+01  -.470E+01   .000E+00
 hMean   [L]          .826E+02        9.2       22.6       42.4      119.3
 ConcVol [VM/L3] 1    .274E+02   .321E+01   .125E+01   .173E+02   .565E+01
 cMean   [M/L3]  1    .774E-03   .472E-03   .155E-02   .235E-02   .275E-03
 WatBalT [V]          .270E+02
 WatBalR [%]              .135
 CncBalT [VM/L3] 1   -.115E+01
 CncBalR [%]     1       3.887

    109.0000                      1          2          3          4
 Area    [V]          .100E+06   .165E+05   .250E+04   .210E+05   .600E+05
 Volume  [V]          .356E+05   .691E+04   .808E+03   .735E+04   .206E+05
 InFlow  [V/T]        .350E+02   .264E+02   .177E+01   .684E+01   .000E+00
 hMean   [L]          .779E+02        6.2       17.8       37.1      114.3
 ConcVol [VM/L3] 1    .270E+02   .268E+01   .110E+01   .169E+02   .629E+01
 cMean   [M/L3]  1    .765E-03   .395E-03   .136E-02   .230E-02   .306E-03
 WatBalT [V]          .216E+02
 WatBalR [%]              .103
 CncBalT [VM/L3] 1   -.115E+01
 CncBalR [%]     1       3.829

    120.0000                      1          2          3          4
 Area    [V]          .100E+06   .165E+05   .250E+04   .210E+05   .600E+05
 Volume  [V]          .347E+05   .637E+04   .757E+03   .704E+04   .205E+05
 InFlow  [V/T]       -.184E+03  -.118E+03  -.590E+01  -.596E+02  -.118E+01
 hMean   [L]          .291E+02      -24.1      -24.2      -13.9       61.0
 ConcVol [VM/L3] 1    .250E+02   .108E+01   .511E+00   .129E+02   .106E+02
 cMean   [M/L3]  1    .736E-03   .172E-03   .675E-03   .182E-02   .515E-03
 WatBalT [V]          .248E+02
 WatBalR [%]              .097
 CncBalT [VM/L3] 1   -.975E+00
 CncBalR [%]     1       3.037

    138.0000                      1          2          3          4
 Area    [V]          .100E+06   .165E+05   .250E+04   .210E+05   .600E+05
 Volume  [V]          .340E+05   .599E+04   .722E+03   .672E+04   .205E+05
 InFlow  [V/T]       -.431E+02  -.255E+02  -.200E+01  -.137E+02  -.186E+01
 hMean   [L]          .115E+02      -50.4      -45.4      -30.4       45.6
 ConcVol [VM/L3] 1    .242E+02   .797E+00   .373E+00   .105E+02   .126E+02
 cMean   [M/L3]  1    .728E-03   .135E-03   .517E-03   .154E-02   .616E-03
 WatBalT [V]          .297E+02
 WatBalR [%]              .109
 CncBalT [VM/L3] 1   -.991E+00
 CncBalR [%]     1       3.014
