 Tracer-Experiment W. Wichtmann, Drän = 1 Knoten                         
 
 Program HYDRUS2
 Date:  16. 8.    Time:  19:16:42
 Time dependent boundary conditions
 Vertical plane flow, V = L*L
 Units: L = cm   , T = days , M = mg   


 Time:       .1000

    i    n    x      z    Code     Q          v           h       th       Temp     Conc
                                 [V/T]      [L/T]        [L]     [-]        [C]    [M/L3]

    1   30  500.0  100.0    5  -.377E-05                    .0   .343     20.00  .000E+00
    2   46  500.0  200.0   -4   .871E+00  -.581E+00      -54.4   .364     20.00  .795E-01
    3   47  497.0  200.0   -4   .290E+01  -.581E+00      -52.6   .365     20.00  .919E-01
    4   48  490.0  200.0   -4   .639E+01  -.581E+00      -52.3   .365     20.00  .928E-01
    5   49  475.0  200.0   -4   .116E+02  -.581E+00      -51.7   .366     20.00  .958E-01
    6   50  450.0  200.0   -4   .160E+02  -.581E+00      -51.0   .366     20.00  .100E+00
    7   51  420.0  200.0   -4   .174E+02  -.581E+00      -50.6   .367     20.00  .103E+00
    8   52  390.0  200.0   -4   .174E+02  -.581E+00      -50.7   .366     20.00  .103E+00
    9   53  360.0  200.0   -4   .174E+02  -.581E+00      -50.7   .366     20.00  .103E+00
   10   54  330.0  200.0   -4   .174E+02  -.581E+00      -50.7   .366     20.00  .103E+00
   11   55  300.0  200.0   -4   .174E+02  -.581E+00      -50.7   .366     20.00  .103E+00
   12   56  270.0  200.0   -4   .174E+02  -.581E+00      -50.7   .366     20.00  .103E+00
   13   57  240.0  200.0   -4   .174E+02  -.581E+00      -50.7   .366     20.00  .103E+00
   14   58  210.0  200.0   -4   .174E+02  -.581E+00      -50.7   .366     20.00  .103E+00
   15   59  180.0  200.0   -4   .174E+02  -.581E+00      -50.7   .366     20.00  .103E+00
   16   60  150.0  200.0   -4   .174E+02  -.581E+00      -50.7   .366     20.00  .103E+00
   17   61  120.0  200.0   -4   .174E+02  -.581E+00      -50.7   .366     20.00  .103E+00
   18   62   90.0  200.0   -4   .174E+02  -.581E+00      -50.7   .366     20.00  .103E+00
   19   63   60.0  200.0   -4   .174E+02  -.581E+00      -50.7   .366     20.00  .103E+00
   20   64   30.0  200.0   -4   .160E+02  -.581E+00      -50.2   .367     20.00  .106E+00
   21   65    5.0  200.0   -4   .871E+01  -.581E+00      -47.1   .369     20.00  .128E+00
   22   66     .0  200.0   -4   .145E+01  -.581E+00      -46.5   .369     20.00  .145E+00


 Time:     10.0000

    i    n    x      z    Code     Q          v           h       th       Temp     Conc
                                 [V/T]      [L/T]        [L]     [-]        [C]    [M/L3]

    1   30  500.0  100.0    5  -.773E+00                    .0   .343     20.00  .744E-21
    2   46  500.0  200.0   -4   .000E+00   .000E+00      -95.9   .343     20.00  .337E-01
    3   47  497.0  200.0   -4   .000E+00   .000E+00      -95.9   .343     20.00  .328E-01
    4   48  490.0  200.0   -4   .000E+00   .000E+00      -95.9   .343     20.00  .332E-01
    5   49  475.0  200.0   -4   .000E+00   .000E+00      -95.9   .343     20.00  .333E-01
    6   50  450.0  200.0   -4   .000E+00   .000E+00      -95.9   .343     20.00  .335E-01
    7   51  420.0  200.0   -4   .000E+00   .000E+00      -95.9   .343     20.00  .336E-01
    8   52  390.0  200.0   -4   .000E+00   .000E+00      -95.9   .343     20.00  .336E-01
    9   53  360.0  200.0   -4   .000E+00   .000E+00      -95.9   .343     20.00  .336E-01
   10   54  330.0  200.0   -4   .000E+00   .000E+00      -95.9   .343     20.00  .336E-01
   11   55  300.0  200.0   -4   .000E+00   .000E+00      -95.9   .343     20.00  .336E-01
   12   56  270.0  200.0   -4   .000E+00   .000E+00      -95.9   .343     20.00  .336E-01
   13   57  240.0  200.0   -4   .000E+00   .000E+00      -95.9   .343     20.00  .336E-01
   14   58  210.0  200.0   -4   .000E+00   .000E+00      -95.9   .343     20.00  .336E-01
   15   59  180.0  200.0   -4   .000E+00   .000E+00      -95.9   .343     20.00  .336E-01
   16   60  150.0  200.0   -4   .000E+00   .000E+00      -95.9   .343     20.00  .336E-01
   17   61  120.0  200.0   -4   .000E+00   .000E+00      -95.9   .343     20.00  .336E-01
   18   62   90.0  200.0   -4   .000E+00   .000E+00      -95.9   .343     20.00  .336E-01
   19   63   60.0  200.0   -4   .000E+00   .000E+00      -95.9   .343     20.00  .336E-01
   20   64   30.0  200.0   -4   .000E+00   .000E+00      -95.9   .343     20.00  .338E-01
   21   65    5.0  200.0   -4   .000E+00   .000E+00      -95.9   .343     20.00  .340E-01
   22   66     .0  200.0   -4   .000E+00   .000E+00      -95.9   .343     20.00  .332E-01


 Time:     21.5000

    i    n    x      z    Code     Q          v           h       th       Temp     Conc
                                 [V/T]      [L/T]        [L]     [-]        [C]    [M/L3]

    1   30  500.0  100.0    5  -.792E+00                    .0   .343     20.00  .145E-16
    2   46  500.0  200.0   -4   .000E+00   .000E+00      -97.9   .342     20.00  .226E-01
    3   47  497.0  200.0   -4   .000E+00   .000E+00      -97.9   .342     20.00  .223E-01
    4   48  490.0  200.0   -4   .000E+00   .000E+00      -97.9   .342     20.00  .224E-01
    5   49  475.0  200.0   -4   .000E+00   .000E+00      -97.9   .342     20.00  .225E-01
    6   50  450.0  200.0   -4   .000E+00   .000E+00      -97.9   .342     20.00  .227E-01
    7   51  420.0  200.0   -4   .000E+00   .000E+00      -97.9   .342     20.00  .227E-01
    8   52  390.0  200.0   -4   .000E+00   .000E+00      -97.9   .342     20.00  .227E-01
    9   53  360.0  200.0   -4   .000E+00   .000E+00      -97.9   .342     20.00  .227E-01
   10   54  330.0  200.0   -4   .000E+00   .000E+00      -97.9   .342     20.00  .227E-01
   11   55  300.0  200.0   -4   .000E+00   .000E+00      -97.9   .342     20.00  .227E-01
   12   56  270.0  200.0   -4   .000E+00   .000E+00      -97.9   .342     20.00  .227E-01
   13   57  240.0  200.0   -4   .000E+00   .000E+00      -97.9   .342     20.00  .227E-01
   14   58  210.0  200.0   -4   .000E+00   .000E+00      -97.9   .342     20.00  .227E-01
   15   59  180.0  200.0   -4   .000E+00   .000E+00      -97.9   .342     20.00  .227E-01
   16   60  150.0  200.0   -4   .000E+00   .000E+00      -97.9   .342     20.00  .227E-01
   17   61  120.0  200.0   -4   .000E+00   .000E+00      -97.9   .342     20.00  .227E-01
   18   62   90.0  200.0   -4   .000E+00   .000E+00      -97.9   .342     20.00  .227E-01
   19   63   60.0  200.0   -4   .000E+00   .000E+00      -97.9   .342     20.00  .227E-01
   20   64   30.0  200.0   -4   .000E+00   .000E+00      -97.9   .342     20.00  .229E-01
   21   65    5.0  200.0   -4   .000E+00   .000E+00      -97.9   .342     20.00  .233E-01
   22   66     .0  200.0   -4   .000E+00   .000E+00      -97.9   .342     20.00  .230E-01


 Time:     22.0000

    i    n    x      z    Code     Q          v           h       th       Temp     Conc
                                 [V/T]      [L/T]        [L]     [-]        [C]    [M/L3]

    1   30  500.0  100.0    5  -.780E+00                    .0   .343     20.00  .182E-16
    2   46  500.0  200.0   -4   .240E+01  -.160E+01       -6.1   .416     20.00  .888E-02
    3   47  497.0  200.0   -4   .800E+01  -.160E+01       -6.2   .416     20.00  .814E-02
    4   48  490.0  200.0   -4   .176E+02  -.160E+01       -6.3   .416     20.00  .812E-02
    5   49  475.0  200.0   -4   .320E+02  -.160E+01       -6.3   .415     20.00  .805E-02
    6   50  450.0  200.0   -4   .440E+02  -.160E+01       -6.3   .415     20.00  .796E-02
    7   51  420.0  200.0   -4   .480E+02  -.160E+01       -6.3   .415     20.00  .791E-02
    8   52  390.0  200.0   -4   .480E+02  -.160E+01       -6.3   .415     20.00  .791E-02
    9   53  360.0  200.0   -4   .480E+02  -.160E+01       -6.3   .415     20.00  .791E-02
   10   54  330.0  200.0   -4   .480E+02  -.160E+01       -6.3   .415     20.00  .791E-02
   11   55  300.0  200.0   -4   .480E+02  -.160E+01       -6.3   .415     20.00  .791E-02
   12   56  270.0  200.0   -4   .480E+02  -.160E+01       -6.3   .415     20.00  .791E-02
   13   57  240.0  200.0   -4   .480E+02  -.160E+01       -6.3   .415     20.00  .791E-02
   14   58  210.0  200.0   -4   .480E+02  -.160E+01       -6.3   .415     20.00  .791E-02
   15   59  180.0  200.0   -4   .480E+02  -.160E+01       -6.3   .415     20.00  .791E-02
   16   60  150.0  200.0   -4   .480E+02  -.160E+01       -6.3   .415     20.00  .791E-02
   17   61  120.0  200.0   -4   .480E+02  -.160E+01       -6.3   .415     20.00  .791E-02
   18   62   90.0  200.0   -4   .480E+02  -.160E+01       -6.3   .415     20.00  .790E-02
   19   63   60.0  200.0   -4   .480E+02  -.160E+01       -6.4   .415     20.00  .788E-02
   20   64   30.0  200.0   -4   .440E+02  -.160E+01       -6.4   .415     20.00  .780E-02
   21   65    5.0  200.0   -4   .240E+02  -.160E+01       -6.4   .415     20.00  .749E-02
   22   66     .0  200.0   -4   .400E+01  -.160E+01       -6.5   .415     20.00  .702E-02


 Time:     23.5000

    i    n    x      z    Code     Q          v           h       th       Temp     Conc
                                 [V/T]      [L/T]        [L]     [-]        [C]    [M/L3]

    1   30  500.0  100.0    5  -.426E+01                    .0   .343     20.00  .330E-16
    2   46  500.0  200.0   -4   .540E+00  -.360E+00      -14.3   .403     20.00  .448E-02
    3   47  497.0  200.0   -4   .180E+01  -.360E+00      -14.3   .403     20.00  .425E-02
    4   48  490.0  200.0   -4   .396E+01  -.360E+00      -14.3   .403     20.00  .424E-02
    5   49  475.0  200.0   -4   .720E+01  -.360E+00      -14.3   .403     20.00  .424E-02
    6   50  450.0  200.0   -4   .990E+01  -.360E+00      -14.4   .403     20.00  .422E-02
    7   51  420.0  200.0   -4   .108E+02  -.360E+00      -14.4   .403     20.00  .421E-02
    8   52  390.0  200.0   -4   .108E+02  -.360E+00      -14.4   .403     20.00  .421E-02
    9   53  360.0  200.0   -4   .108E+02  -.360E+00      -14.4   .403     20.00  .421E-02
   10   54  330.0  200.0   -4   .108E+02  -.360E+00      -14.4   .403     20.00  .421E-02
   11   55  300.0  200.0   -4   .108E+02  -.360E+00      -14.4   .403     20.00  .421E-02
   12   56  270.0  200.0   -4   .108E+02  -.360E+00      -14.4   .403     20.00  .421E-02
   13   57  240.0  200.0   -4   .108E+02  -.360E+00      -14.4   .403     20.00  .421E-02
   14   58  210.0  200.0   -4   .108E+02  -.360E+00      -14.4   .403     20.00  .421E-02
   15   59  180.0  200.0   -4   .108E+02  -.360E+00      -14.4   .403     20.00  .421E-02
   16   60  150.0  200.0   -4   .108E+02  -.360E+00      -14.4   .403     20.00  .421E-02
   17   61  120.0  200.0   -4   .108E+02  -.360E+00      -14.4   .403     20.00  .421E-02
   18   62   90.0  200.0   -4   .108E+02  -.360E+00      -14.4   .403     20.00  .421E-02
   19   63   60.0  200.0   -4   .108E+02  -.360E+00      -14.4   .403     20.00  .422E-02
   20   64   30.0  200.0   -4   .990E+01  -.360E+00      -14.4   .403     20.00  .423E-02
   21   65    5.0  200.0   -4   .540E+01  -.360E+00      -14.6   .403     20.00  .412E-02
   22   66     .0  200.0   -4   .900E+00  -.360E+00      -14.6   .403     20.00  .397E-02


 Time:     24.0000

    i    n    x      z    Code     Q          v           h       th       Temp     Conc
                                 [V/T]      [L/T]        [L]     [-]        [C]    [M/L3]

    1   30  500.0  100.0    5  -.137E+02                    .0   .343     20.00  .369E-16
    2   46  500.0  200.0   -4   .338E+01  -.225E+01       -2.3   .422     20.00  .204E-02
    3   47  497.0  200.0   -4   .113E+02  -.225E+01       -2.3   .422     20.00  .195E-02
    4   48  490.0  200.0   -4   .248E+02  -.225E+01       -2.3   .422     20.00  .195E-02
    5   49  475.0  200.0   -4   .450E+02  -.225E+01       -2.3   .422     20.00  .195E-02
    6   50  450.0  200.0   -4   .619E+02  -.225E+01       -2.3   .422     20.00  .195E-02
    7   51  420.0  200.0   -4   .675E+02  -.225E+01       -2.3   .422     20.00  .194E-02
    8   52  390.0  200.0   -4   .675E+02  -.225E+01       -2.3   .422     20.00  .195E-02
    9   53  360.0  200.0   -4   .675E+02  -.225E+01       -2.3   .422     20.00  .195E-02
   10   54  330.0  200.0   -4   .675E+02  -.225E+01       -2.3   .422     20.00  .195E-02
   11   55  300.0  200.0   -4   .675E+02  -.225E+01       -2.3   .422     20.00  .195E-02
   12   56  270.0  200.0   -4   .675E+02  -.225E+01       -2.3   .422     20.00  .195E-02
   13   57  240.0  200.0   -4   .675E+02  -.225E+01       -2.3   .422     20.00  .195E-02
   14   58  210.0  200.0   -4   .675E+02  -.225E+01       -2.3   .422     20.00  .195E-02
   15   59  180.0  200.0   -4   .675E+02  -.225E+01       -2.3   .422     20.00  .195E-02
   16   60  150.0  200.0   -4   .675E+02  -.225E+01       -2.3   .422     20.00  .195E-02
   17   61  120.0  200.0   -4   .675E+02  -.225E+01       -2.3   .422     20.00  .195E-02
   18   62   90.0  200.0   -4   .675E+02  -.225E+01       -2.3   .422     20.00  .195E-02
   19   63   60.0  200.0   -4   .675E+02  -.225E+01       -2.3   .422     20.00  .195E-02
   20   64   30.0  200.0   -4   .619E+02  -.225E+01       -2.3   .422     20.00  .197E-02
   21   65    5.0  200.0   -4   .338E+02  -.225E+01       -2.3   .422     20.00  .192E-02
   22   66     .0  200.0   -4   .563E+01  -.225E+01       -2.3   .422     20.00  .186E-02


 Time:     27.5000

    i    n    x      z    Code     Q          v           h       th       Temp     Conc
                                 [V/T]      [L/T]        [L]     [-]        [C]    [M/L3]

    1   30  500.0  100.0    5  -.281E+03                    .0   .343     20.00  .359E-07
    2   46  500.0  200.0   -4   .645E+00  -.430E+00      -12.9   .405     20.00  .671E-03
    3   47  497.0  200.0   -4   .215E+01  -.430E+00      -12.9   .405     20.00  .698E-03
    4   48  490.0  200.0   -4   .473E+01  -.430E+00      -12.9   .405     20.00  .698E-03
    5   49  475.0  200.0   -4   .860E+01  -.430E+00      -12.9   .405     20.00  .711E-03
    6   50  450.0  200.0   -4   .118E+02  -.430E+00      -12.9   .405     20.00  .720E-03
    7   51  420.0  200.0   -4   .129E+02  -.430E+00      -12.9   .405     20.00  .725E-03
    8   52  390.0  200.0   -4   .129E+02  -.430E+00      -12.9   .405     20.00  .726E-03
    9   53  360.0  200.0   -4   .129E+02  -.430E+00      -12.9   .405     20.00  .726E-03
   10   54  330.0  200.0   -4   .129E+02  -.430E+00      -12.9   .405     20.00  .726E-03
   11   55  300.0  200.0   -4   .129E+02  -.430E+00      -12.9   .405     20.00  .726E-03
   12   56  270.0  200.0   -4   .129E+02  -.430E+00      -12.8   .405     20.00  .726E-03
   13   57  240.0  200.0   -4   .129E+02  -.430E+00      -12.8   .405     20.00  .726E-03
   14   58  210.0  200.0   -4   .129E+02  -.430E+00      -12.8   .405     20.00  .726E-03
   15   59  180.0  200.0   -4   .129E+02  -.430E+00      -12.8   .405     20.00  .726E-03
   16   60  150.0  200.0   -4   .129E+02  -.430E+00      -12.8   .405     20.00  .726E-03
   17   61  120.0  200.0   -4   .129E+02  -.430E+00      -12.8   .405     20.00  .726E-03
   18   62   90.0  200.0   -4   .129E+02  -.430E+00      -12.8   .405     20.00  .727E-03
   19   63   60.0  200.0   -4   .129E+02  -.430E+00      -12.8   .405     20.00  .733E-03
   20   64   30.0  200.0   -4   .118E+02  -.430E+00      -12.8   .405     20.00  .754E-03
   21   65    5.0  200.0   -4   .645E+01  -.430E+00      -12.8   .405     20.00  .765E-03
   22   66     .0  200.0   -4   .108E+01  -.430E+00      -12.8   .405     20.00  .767E-03


 Time:     28.0000

    i    n    x      z    Code     Q          v           h       th       Temp     Conc
                                 [V/T]      [L/T]        [L]     [-]        [C]    [M/L3]

    1   30  500.0  100.0    5  -.281E+03                    .0   .343     20.00  .518E-07
    2   46  500.0  200.0   -4   .263E+01  -.175E+01       -3.3   .420     20.00  .367E-03
    3   47  497.0  200.0   -4   .875E+01  -.175E+01       -3.3   .420     20.00  .401E-03
    4   48  490.0  200.0   -4   .193E+02  -.175E+01       -3.3   .420     20.00  .402E-03
    5   49  475.0  200.0   -4   .350E+02  -.175E+01       -3.3   .420     20.00  .414E-03
    6   50  450.0  200.0   -4   .481E+02  -.175E+01       -3.3   .420     20.00  .422E-03
    7   51  420.0  200.0   -4   .525E+02  -.175E+01       -3.3   .420     20.00  .427E-03
    8   52  390.0  200.0   -4   .525E+02  -.175E+01       -3.3   .420     20.00  .428E-03
    9   53  360.0  200.0   -4   .525E+02  -.175E+01       -3.3   .420     20.00  .428E-03
   10   54  330.0  200.0   -4   .525E+02  -.175E+01       -3.3   .420     20.00  .428E-03
   11   55  300.0  200.0   -4   .525E+02  -.175E+01       -3.3   .420     20.00  .428E-03
   12   56  270.0  200.0   -4   .525E+02  -.175E+01       -3.3   .420     20.00  .428E-03
   13   57  240.0  200.0   -4   .525E+02  -.175E+01       -3.3   .420     20.00  .428E-03
   14   58  210.0  200.0   -4   .525E+02  -.175E+01       -3.3   .420     20.00  .428E-03
   15   59  180.0  200.0   -4   .525E+02  -.175E+01       -3.3   .420     20.00  .428E-03
   16   60  150.0  200.0   -4   .525E+02  -.175E+01       -3.3   .420     20.00  .428E-03
   17   61  120.0  200.0   -4   .525E+02  -.175E+01       -3.3   .420     20.00  .428E-03
   18   62   90.0  200.0   -4   .525E+02  -.175E+01       -3.3   .420     20.00  .428E-03
   19   63   60.0  200.0   -4   .525E+02  -.175E+01       -3.3   .420     20.00  .432E-03
   20   64   30.0  200.0   -4   .481E+02  -.175E+01       -3.3   .420     20.00  .452E-03
   21   65    5.0  200.0   -4   .263E+02  -.175E+01       -3.3   .420     20.00  .466E-03
   22   66     .0  200.0   -4   .438E+01  -.175E+01       -3.3   .420     20.00  .474E-03


 Time:     50.0000

    i    n    x      z    Code     Q          v           h       th       Temp     Conc
                                 [V/T]      [L/T]        [L]     [-]        [C]    [M/L3]

    1   30  500.0  100.0    5  -.700E+02                    .0   .343     20.00  .902E-05
    2   46  500.0  200.0   -4   .900E-01  -.600E-01      -36.1   .378     20.00  .310E-03
    3   47  497.0  200.0   -4   .300E+00  -.600E-01      -36.1   .378     20.00  .321E-03
    4   48  490.0  200.0   -4   .660E+00  -.600E-01      -36.1   .378     20.00  .330E-03
    5   49  475.0  200.0   -4   .120E+01  -.600E-01      -36.1   .378     20.00  .341E-03
    6   50  450.0  200.0   -4   .165E+01  -.600E-01      -36.2   .378     20.00  .349E-03
    7   51  420.0  200.0   -4   .180E+01  -.600E-01      -36.2   .378     20.00  .354E-03
    8   52  390.0  200.0   -4   .180E+01  -.600E-01      -36.1   .378     20.00  .355E-03
    9   53  360.0  200.0   -4   .180E+01  -.600E-01      -36.1   .378     20.00  .355E-03
   10   54  330.0  200.0   -4   .180E+01  -.600E-01      -36.1   .378     20.00  .355E-03
   11   55  300.0  200.0   -4   .180E+01  -.600E-01      -36.1   .378     20.00  .355E-03
   12   56  270.0  200.0   -4   .180E+01  -.600E-01      -36.0   .378     20.00  .355E-03
   13   57  240.0  200.0   -4   .180E+01  -.600E-01      -36.0   .378     20.00  .356E-03
   14   58  210.0  200.0   -4   .180E+01  -.600E-01      -36.0   .378     20.00  .357E-03
   15   59  180.0  200.0   -4   .180E+01  -.600E-01      -36.0   .378     20.00  .359E-03
   16   60  150.0  200.0   -4   .180E+01  -.600E-01      -36.0   .378     20.00  .359E-03
   17   61  120.0  200.0   -4   .180E+01  -.600E-01      -36.0   .378     20.00  .360E-03
   18   62   90.0  200.0   -4   .180E+01  -.600E-01      -36.0   .378     20.00  .361E-03
   19   63   60.0  200.0   -4   .180E+01  -.600E-01      -36.0   .378     20.00  .365E-03
   20   64   30.0  200.0   -4   .165E+01  -.600E-01      -36.0   .378     20.00  .382E-03
   21   65    5.0  200.0   -4   .900E+00  -.600E-01      -36.1   .378     20.00  .390E-03
   22   66     .0  200.0   -4   .150E+00  -.600E-01      -36.1   .378     20.00  .401E-03


 Time:     89.5000

    i    n    x      z    Code     Q          v           h       th       Temp     Conc
                                 [V/T]      [L/T]        [L]     [-]        [C]    [M/L3]

    1   30  500.0  100.0    5  -.809E+02                    .0   .343     20.00  .907E-04
    2   46  500.0  200.0   -4   .000E+00   .000E+00      -49.3   .367     20.00  .130E-03
    3   47  497.0  200.0   -4   .000E+00   .000E+00      -49.4   .367     20.00  .135E-03
    4   48  490.0  200.0   -4   .000E+00   .000E+00      -49.4   .367     20.00  .141E-03
    5   49  475.0  200.0   -4   .000E+00   .000E+00      -49.5   .367     20.00  .148E-03
    6   50  450.0  200.0   -4   .000E+00   .000E+00      -49.6   .367     20.00  .154E-03
    7   51  420.0  200.0   -4   .000E+00   .000E+00      -49.6   .367     20.00  .158E-03
    8   52  390.0  200.0   -4   .000E+00   .000E+00      -49.6   .367     20.00  .159E-03
    9   53  360.0  200.0   -4   .000E+00   .000E+00      -49.5   .367     20.00  .159E-03
   10   54  330.0  200.0   -4   .000E+00   .000E+00      -49.5   .367     20.00  .159E-03
   11   55  300.0  200.0   -4   .000E+00   .000E+00      -49.4   .367     20.00  .159E-03
   12   56  270.0  200.0   -4   .000E+00   .000E+00      -49.4   .367     20.00  .160E-03
   13   57  240.0  200.0   -4   .000E+00   .000E+00      -49.4   .367     20.00  .160E-03
   14   58  210.0  200.0   -4   .000E+00   .000E+00      -49.3   .367     20.00  .161E-03
   15   59  180.0  200.0   -4   .000E+00   .000E+00      -49.3   .367     20.00  .161E-03
   16   60  150.0  200.0   -4   .000E+00   .000E+00      -49.3   .367     20.00  .161E-03
   17   61  120.0  200.0   -4   .000E+00   .000E+00      -49.3   .367     20.00  .161E-03
   18   62   90.0  200.0   -4   .000E+00   .000E+00      -49.3   .367     20.00  .161E-03
   19   63   60.0  200.0   -4   .000E+00   .000E+00      -49.3   .367     20.00  .164E-03
   20   64   30.0  200.0   -4   .000E+00   .000E+00      -49.4   .367     20.00  .174E-03
   21   65    5.0  200.0   -4   .000E+00   .000E+00      -49.8   .367     20.00  .188E-03
   22   66     .0  200.0   -4   .000E+00   .000E+00      -49.8   .367     20.00  .198E-03


 Time:     90.0000

    i    n    x      z    Code     Q          v           h       th       Temp     Conc
                                 [V/T]      [L/T]        [L]     [-]        [C]    [M/L3]

    1   30  500.0  100.0    5  -.753E+02                    .0   .343     20.00  .916E-04
    2   46  500.0  200.0   -4   .159E+01  -.106E+01       -8.4   .412     20.00  .748E-04
    3   47  497.0  200.0   -4   .530E+01  -.106E+01       -8.5   .412     20.00  .760E-04
    4   48  490.0  200.0   -4   .117E+02  -.106E+01       -8.5   .412     20.00  .786E-04
    5   49  475.0  200.0   -4   .212E+02  -.106E+01       -8.5   .412     20.00  .821E-04
    6   50  450.0  200.0   -4   .291E+02  -.106E+01       -8.5   .412     20.00  .848E-04
    7   51  420.0  200.0   -4   .318E+02  -.106E+01       -8.5   .412     20.00  .863E-04
    8   52  390.0  200.0   -4   .318E+02  -.106E+01       -8.5   .412     20.00  .869E-04
    9   53  360.0  200.0   -4   .318E+02  -.106E+01       -8.5   .412     20.00  .868E-04
   10   54  330.0  200.0   -4   .318E+02  -.106E+01       -8.5   .412     20.00  .867E-04
   11   55  300.0  200.0   -4   .318E+02  -.106E+01       -8.5   .412     20.00  .869E-04
   12   56  270.0  200.0   -4   .318E+02  -.106E+01       -8.5   .412     20.00  .872E-04
   13   57  240.0  200.0   -4   .318E+02  -.106E+01       -8.5   .412     20.00  .875E-04
   14   58  210.0  200.0   -4   .318E+02  -.106E+01       -8.5   .412     20.00  .878E-04
   15   59  180.0  200.0   -4   .318E+02  -.106E+01       -8.5   .412     20.00  .882E-04
   16   60  150.0  200.0   -4   .318E+02  -.106E+01       -8.5   .412     20.00  .882E-04
   17   61  120.0  200.0   -4   .318E+02  -.106E+01       -8.5   .412     20.00  .882E-04
   18   62   90.0  200.0   -4   .318E+02  -.106E+01       -8.5   .412     20.00  .881E-04
   19   63   60.0  200.0   -4   .318E+02  -.106E+01       -8.5   .412     20.00  .891E-04
   20   64   30.0  200.0   -4   .291E+02  -.106E+01       -8.5   .412     20.00  .942E-04
   21   65    5.0  200.0   -4   .159E+02  -.106E+01       -8.5   .412     20.00  .965E-04
   22   66     .0  200.0   -4   .265E+01  -.106E+01       -8.5   .412     20.00  .978E-04


 Time:    107.5000

    i    n    x      z    Code     Q          v           h       th       Temp     Conc
                                 [V/T]      [L/T]        [L]     [-]        [C]    [M/L3]

    1   30  500.0  100.0    5  -.590E+02                    .0   .343     20.00  .185E-03
    2   46  500.0  200.0   -4   .105E+01  -.700E+00       -9.3   .410     20.00  .302E-04
    3   47  497.0  200.0   -4   .350E+01  -.700E+00       -9.4   .410     20.00  .315E-04
    4   48  490.0  200.0   -4   .770E+01  -.700E+00       -9.4   .410     20.00  .326E-04
    5   49  475.0  200.0   -4   .140E+02  -.700E+00       -9.4   .410     20.00  .349E-04
    6   50  450.0  200.0   -4   .193E+02  -.700E+00       -9.4   .410     20.00  .372E-04
    7   51  420.0  200.0   -4   .210E+02  -.700E+00       -9.4   .410     20.00  .385E-04
    8   52  390.0  200.0   -4   .210E+02  -.700E+00       -9.4   .410     20.00  .388E-04
    9   53  360.0  200.0   -4   .210E+02  -.700E+00       -9.4   .410     20.00  .388E-04
   10   54  330.0  200.0   -4   .210E+02  -.700E+00       -9.4   .410     20.00  .387E-04
   11   55  300.0  200.0   -4   .210E+02  -.700E+00       -9.4   .410     20.00  .388E-04
   12   56  270.0  200.0   -4   .210E+02  -.700E+00       -9.4   .410     20.00  .390E-04
   13   57  240.0  200.0   -4   .210E+02  -.700E+00       -9.4   .410     20.00  .391E-04
   14   58  210.0  200.0   -4   .210E+02  -.700E+00       -9.4   .410     20.00  .392E-04
   15   59  180.0  200.0   -4   .210E+02  -.700E+00       -9.4   .410     20.00  .395E-04
   16   60  150.0  200.0   -4   .210E+02  -.700E+00       -9.4   .410     20.00  .394E-04
   17   61  120.0  200.0   -4   .210E+02  -.700E+00       -9.4   .410     20.00  .394E-04
   18   62   90.0  200.0   -4   .210E+02  -.700E+00       -9.4   .410     20.00  .392E-04
   19   63   60.0  200.0   -4   .210E+02  -.700E+00       -9.4   .410     20.00  .396E-04
   20   64   30.0  200.0   -4   .193E+02  -.700E+00       -9.4   .410     20.00  .428E-04
   21   65    5.0  200.0   -4   .105E+02  -.700E+00       -9.5   .410     20.00  .481E-04
   22   66     .0  200.0   -4   .175E+01  -.700E+00       -9.5   .410     20.00  .502E-04


 Time:    108.0000

    i    n    x      z    Code     Q          v           h       th       Temp     Conc
                                 [V/T]      [L/T]        [L]     [-]        [C]    [M/L3]

    1   30  500.0  100.0    5  -.703E+02                    .0   .343     20.00  .188E-03
    2   46  500.0  200.0   -4   .444E+01  -.296E+01       -1.4   .423     20.00  .103E-04
    3   47  497.0  200.0   -4   .148E+02  -.296E+01       -1.4   .423     20.00  .123E-04
    4   48  490.0  200.0   -4   .326E+02  -.296E+01       -1.4   .423     20.00  .126E-04
    5   49  475.0  200.0   -4   .592E+02  -.296E+01       -1.4   .423     20.00  .140E-04
    6   50  450.0  200.0   -4   .814E+02  -.296E+01       -1.4   .423     20.00  .155E-04
    7   51  420.0  200.0   -4   .888E+02  -.296E+01       -1.4   .423     20.00  .165E-04
    8   52  390.0  200.0   -4   .888E+02  -.296E+01       -1.4   .423     20.00  .166E-04
    9   53  360.0  200.0   -4   .888E+02  -.296E+01       -1.4   .423     20.00  .166E-04
   10   54  330.0  200.0   -4   .888E+02  -.296E+01       -1.4   .423     20.00  .165E-04
   11   55  300.0  200.0   -4   .888E+02  -.296E+01       -1.4   .423     20.00  .166E-04
   12   56  270.0  200.0   -4   .888E+02  -.296E+01       -1.4   .423     20.00  .167E-04
   13   57  240.0  200.0   -4   .888E+02  -.296E+01       -1.4   .423     20.00  .167E-04
   14   58  210.0  200.0   -4   .888E+02  -.296E+01       -1.4   .423     20.00  .168E-04
   15   59  180.0  200.0   -4   .888E+02  -.296E+01       -1.4   .423     20.00  .169E-04
   16   60  150.0  200.0   -4   .888E+02  -.296E+01       -1.4   .423     20.00  .169E-04
   17   61  120.0  200.0   -4   .888E+02  -.296E+01       -1.4   .423     20.00  .169E-04
   18   62   90.0  200.0   -4   .888E+02  -.296E+01       -1.4   .423     20.00  .167E-04
   19   63   60.0  200.0   -4   .888E+02  -.296E+01       -1.4   .423     20.00  .165E-04
   20   64   30.0  200.0   -4   .814E+02  -.296E+01       -1.4   .423     20.00  .184E-04
   21   65    5.0  200.0   -4   .444E+02  -.296E+01       -1.4   .424     20.00  .231E-04
   22   66     .0  200.0   -4   .740E+01  -.296E+01       -1.4   .424     20.00  .254E-04


 Time:    108.5000

    i    n    x      z    Code     Q          v           h       th       Temp     Conc
                                 [V/T]      [L/T]        [L]     [-]        [C]    [M/L3]

    1   30  500.0  100.0    5  -.110E+04                    .0   .343     20.00  .755E-03
    2   46  500.0  200.0   -4   .444E+01  -.296E+01       -1.4   .423     20.00  .393E-05
    3   47  497.0  200.0   -4   .148E+02  -.296E+01       -1.4   .423     20.00  .575E-05
    4   48  490.0  200.0   -4   .326E+02  -.296E+01       -1.4   .423     20.00  .580E-05
    5   49  475.0  200.0   -4   .592E+02  -.296E+01       -1.5   .423     20.00  .673E-05
    6   50  450.0  200.0   -4   .814E+02  -.296E+01       -1.4   .424     20.00  .808E-05
    7   51  420.0  200.0   -4   .888E+02  -.296E+01       -1.3   .424     20.00  .879E-05
    8   52  390.0  200.0   -4   .888E+02  -.296E+01       -1.8   .423     20.00  .840E-05
    9   53  360.0  200.0   -4   .888E+02  -.296E+01       -1.8   .423     20.00  .812E-05
   10   54  330.0  200.0   -4   .888E+02  -.296E+01       -2.1   .422     20.00  .805E-05
   11   55  300.0  200.0   -4   .888E+02  -.296E+01       -2.5   .422     20.00  .853E-05
   12   56  270.0  200.0   -4   .888E+02  -.296E+01       -1.4   .423     20.00  .911E-05
   13   57  240.0  200.0   -4   .888E+02  -.296E+01         .0   .425     20.00  .855E-05
   14   58  210.0  200.0    4   .645E+02  -.215E+01         .0   .425     20.00  .997E-05
   15   59  180.0  200.0    4   .500E+02  -.167E+01         .0   .425     20.00  .107E-04
   16   60  150.0  200.0    4   .404E+02  -.135E+01         .0   .425     20.00  .112E-04
   17   61  120.0  200.0    4   .337E+02  -.112E+01         .0   .425     20.00  .116E-04
   18   62   90.0  200.0    4   .290E+02  -.966E+00         .0   .425     20.00  .116E-04
   19   63   60.0  200.0    4   .259E+02  -.862E+00         .0   .425     20.00  .115E-04
   20   64   30.0  200.0    4   .221E+02  -.802E+00         .0   .425     20.00  .132E-04
   21   65    5.0  200.0    4   .118E+02  -.784E+00         .0   .425     20.00  .181E-04
   22   66     .0  200.0    4   .196E+01  -.783E+00         .0   .425     20.00  .205E-04


 Time:    109.0000

    i    n    x      z    Code     Q          v           h       th       Temp     Conc
                                 [V/T]      [L/T]        [L]     [-]        [C]    [M/L3]

    1   30  500.0  100.0    5  -.923E+03                    .0   .343     20.00  .937E-03
    2   46  500.0  200.0   -4   .309E+01  -.206E+01       -2.6   .422     20.00  .206E-05
    3   47  497.0  200.0   -4   .103E+02  -.206E+01       -2.6   .422     20.00  .358E-05
    4   48  490.0  200.0   -4   .227E+02  -.206E+01       -2.6   .422     20.00  .358E-05
    5   49  475.0  200.0   -4   .412E+02  -.206E+01       -2.6   .422     20.00  .434E-05
    6   50  450.0  200.0   -4   .566E+02  -.206E+01       -2.6   .422     20.00  .525E-05
    7   51  420.0  200.0   -4   .618E+02  -.206E+01       -2.5   .422     20.00  .568E-05
    8   52  390.0  200.0   -4   .618E+02  -.206E+01       -2.7   .422     20.00  .553E-05
    9   53  360.0  200.0   -4   .618E+02  -.206E+01       -2.6   .422     20.00  .586E-05
   10   54  330.0  200.0   -4   .618E+02  -.206E+01       -2.9   .421     20.00  .604E-05
   11   55  300.0  200.0   -4   .618E+02  -.206E+01       -2.9   .421     20.00  .602E-05
   12   56  270.0  200.0   -4   .618E+02  -.206E+01       -3.3   .420     20.00  .513E-05
   13   57  240.0  200.0   -4   .618E+02  -.206E+01       -3.2   .421     20.00  .587E-05
   14   58  210.0  200.0   -4   .618E+02  -.206E+01       -3.1   .421     20.00  .616E-05
   15   59  180.0  200.0   -4   .618E+02  -.206E+01       -2.2   .422     20.00  .728E-05
   16   60  150.0  200.0   -4   .618E+02  -.206E+01        -.9   .424     20.00  .732E-05
   17   61  120.0  200.0   -4   .618E+02  -.206E+01         .0   .425     20.00  .789E-05
   18   62   90.0  200.0    4   .479E+02  -.160E+01         .0   .425     20.00  .930E-05
   19   63   60.0  200.0    4   .409E+02  -.136E+01         .0   .425     20.00  .817E-05
   20   64   30.0  200.0    4   .342E+02  -.124E+01         .0   .425     20.00  .113E-04
   21   65    5.0  200.0    4   .181E+02  -.121E+01         .0   .425     20.00  .159E-04
   22   66     .0  200.0    4   .302E+01  -.121E+01         .0   .425     20.00  .180E-04


 Time:    120.0000

    i    n    x      z    Code     Q          v           h       th       Temp     Conc
                                 [V/T]      [L/T]        [L]     [-]        [C]    [M/L3]

    1   30  500.0  100.0    5  -.184E+03                    .0   .343     20.00  .674E-03
    2   46  500.0  200.0   -4   .000E+00   .000E+00      -30.3   .384     20.00  .181E-05
    3   47  497.0  200.0   -4   .000E+00   .000E+00      -30.3   .384     20.00  .212E-05
    4   48  490.0  200.0   -4   .000E+00   .000E+00      -30.4   .384     20.00  .211E-05
    5   49  475.0  200.0   -4   .000E+00   .000E+00      -30.4   .383     20.00  .245E-05
    6   50  450.0  200.0   -4   .000E+00   .000E+00      -30.5   .383     20.00  .287E-05
    7   51  420.0  200.0   -4   .000E+00   .000E+00      -30.6   .383     20.00  .371E-05
    8   52  390.0  200.0   -4   .000E+00   .000E+00      -30.6   .383     20.00  .468E-05
    9   53  360.0  200.0   -4   .000E+00   .000E+00      -30.6   .383     20.00  .455E-05
   10   54  330.0  200.0   -4   .000E+00   .000E+00      -30.6   .383     20.00  .538E-05
   11   55  300.0  200.0   -4   .000E+00   .000E+00      -30.5   .383     20.00  .373E-05
   12   56  270.0  200.0   -4   .000E+00   .000E+00      -30.5   .383     20.00  .374E-05
   13   57  240.0  200.0   -4   .000E+00   .000E+00      -30.5   .383     20.00  .255E-05
   14   58  210.0  200.0   -4   .000E+00   .000E+00      -30.5   .383     20.00  .351E-05
   15   59  180.0  200.0   -4   .000E+00   .000E+00      -30.5   .383     20.00  .315E-05
   16   60  150.0  200.0   -4   .000E+00   .000E+00      -30.5   .383     20.00  .368E-05
   17   61  120.0  200.0   -4   .000E+00   .000E+00      -30.5   .383     20.00  .546E-05
   18   62   90.0  200.0   -4   .000E+00   .000E+00      -30.5   .383     20.00  .609E-05
   19   63   60.0  200.0   -4   .000E+00   .000E+00      -30.5   .383     20.00  .622E-05
   20   64   30.0  200.0   -4   .000E+00   .000E+00      -30.5   .383     20.00  .789E-05
   21   65    5.0  200.0   -4   .000E+00   .000E+00      -30.9   .383     20.00  .142E-04
   22   66     .0  200.0   -4   .000E+00   .000E+00      -30.9   .383     20.00  .156E-04


 Time:    138.0000

    i    n    x      z    Code     Q          v           h       th       Temp     Conc
                                 [V/T]      [L/T]        [L]     [-]        [C]    [M/L3]

    1   30  500.0  100.0    5  -.434E+02                    .0   .343     20.00  .587E-03
    2   46  500.0  200.0   -4   .000E+00   .000E+00      -59.7   .361     20.00  .440E-05
    3   47  497.0  200.0   -4   .000E+00   .000E+00      -59.7   .361     20.00  .454E-05
    4   48  490.0  200.0   -4   .000E+00   .000E+00      -59.8   .361     20.00  .439E-05
    5   49  475.0  200.0   -4   .000E+00   .000E+00      -59.9   .360     20.00  .473E-05
    6   50  450.0  200.0   -4   .000E+00   .000E+00      -60.0   .360     20.00  .602E-05
    7   51  420.0  200.0   -4   .000E+00   .000E+00      -60.0   .360     20.00  .857E-05
    8   52  390.0  200.0   -4   .000E+00   .000E+00      -59.9   .360     20.00  .106E-04
    9   53  360.0  200.0   -4   .000E+00   .000E+00      -59.8   .360     20.00  .924E-05
   10   54  330.0  200.0   -4   .000E+00   .000E+00      -59.8   .361     20.00  .998E-05
   11   55  300.0  200.0   -4   .000E+00   .000E+00      -59.7   .361     20.00  .603E-05
   12   56  270.0  200.0   -4   .000E+00   .000E+00      -59.7   .361     20.00  .616E-05
   13   57  240.0  200.0   -4   .000E+00   .000E+00      -59.6   .361     20.00  .485E-05
   14   58  210.0  200.0   -4   .000E+00   .000E+00      -59.6   .361     20.00  .669E-05
   15   59  180.0  200.0   -4   .000E+00   .000E+00      -59.5   .361     20.00  .675E-05
   16   60  150.0  200.0   -4   .000E+00   .000E+00      -59.5   .361     20.00  .800E-05
   17   61  120.0  200.0   -4   .000E+00   .000E+00      -59.5   .361     20.00  .111E-04
   18   62   90.0  200.0   -4   .000E+00   .000E+00      -59.5   .361     20.00  .121E-04
   19   63   60.0  200.0   -4   .000E+00   .000E+00      -59.5   .361     20.00  .129E-04
   20   64   30.0  200.0   -4   .000E+00   .000E+00      -59.6   .361     20.00  .164E-04
   21   65    5.0  200.0   -4   .000E+00   .000E+00      -60.0   .360     20.00  .269E-04
   22   66     .0  200.0   -4   .000E+00   .000E+00      -60.0   .360     20.00  .282E-04
