 Tracer-Experiment W. Wichtmann, Drän = 1 Knoten                         
 
 Program HYDRUS2
 Date:  16. 8.    Time:  19:16:42
 Time dependent boundary conditions
 Vertical plane flow, V = L*L
 Units: L = cm   , T = days , M = mg   

 Max. number of iterations             30
 Absolute water content tolerance [-]  .00050
 Absolute pressure head tolerance [L]10.00000



MatNum, Param. array:

   Mat     Qr     Qs        Alfa         n          Ks      l

    1     .100   .425    .440E-01    .119E+01    .179E+02   .500
    2     .100   .324    .317E-01    .122E+01    .102E+02   .500
    3     .000   .352    .282E-01    .119E+01    .212E+02   .500
    4     .100   .343    .236E-01    .115E+01    .219E+02   .500

       Table of Hydraulic Properties which are interpolated in simulation
       =================================================================

  theta         h        log h        C             K        log K          S
 
   .4253   -.100E-02  -.3000E+01   .4134E-03   .1291E+02   .1111E+01    1.0000
   .4253   -.113E-02  -.2945E+01   .4231E-03   .1280E+02   .1107E+01    1.0000
   .4253   -.129E-02  -.2891E+01   .4330E-03   .1269E+02   .1103E+01    1.0000
   .4253   -.146E-02  -.2836E+01   .4432E-03   .1257E+02   .1099E+01    1.0000
   .4253   -.165E-02  -.2782E+01   .4537E-03   .1245E+02   .1095E+01    1.0000
   .4253   -.187E-02  -.2727E+01   .4643E-03   .1233E+02   .1091E+01    1.0000
   .4253   -.212E-02  -.2673E+01   .4753E-03   .1221E+02   .1087E+01    1.0000
   .4253   -.241E-02  -.2618E+01   .4865E-03   .1208E+02   .1082E+01    1.0000
   .4253   -.273E-02  -.2564E+01   .4979E-03   .1196E+02   .1078E+01    1.0000
   .4253   -.310E-02  -.2509E+01   .5096E-03   .1183E+02   .1073E+01    1.0000
   .4253   -.351E-02  -.2455E+01   .5216E-03   .1169E+02   .1068E+01    1.0000
   .4253   -.398E-02  -.2400E+01   .5339E-03   .1156E+02   .1063E+01    1.0000
   .4253   -.451E-02  -.2346E+01   .5465E-03   .1142E+02   .1058E+01    1.0000
   .4253   -.511E-02  -.2291E+01   .5593E-03   .1128E+02   .1052E+01    1.0000
   .4253   -.580E-02  -.2237E+01   .5725E-03   .1114E+02   .1047E+01    1.0000
   .4253   -.657E-02  -.2182E+01   .5860E-03   .1100E+02   .1041E+01    1.0000
   .4253   -.745E-02  -.2128E+01   .5997E-03   .1085E+02   .1035E+01    1.0000
   .4253   -.845E-02  -.2073E+01   .6139E-03   .1070E+02   .1029E+01    1.0000
   .4253   -.958E-02  -.2019E+01   .6283E-03   .1055E+02   .1023E+01    1.0000
   .4253   -.109E-01  -.1964E+01   .6431E-03   .1040E+02   .1017E+01    1.0000
   .4253   -.123E-01  -.1910E+01   .6582E-03   .1024E+02   .1010E+01    1.0000
   .4253   -.140E-01  -.1855E+01   .6737E-03   .1008E+02   .1004E+01    1.0000
   .4253   -.158E-01  -.1800E+01   .6895E-03   .9922E+01   .9966E+00    1.0000
   .4253   -.180E-01  -.1746E+01   .7057E-03   .9759E+01   .9894E+00    1.0000
   .4253   -.204E-01  -.1691E+01   .7223E-03   .9593E+01   .9820E+00    1.0000
   .4253   -.231E-01  -.1637E+01   .7393E-03   .9425E+01   .9743E+00    1.0000
   .4253   -.262E-01  -.1582E+01   .7566E-03   .9254E+01   .9663E+00     .9999
   .4253   -.297E-01  -.1528E+01   .7744E-03   .9081E+01   .9581E+00     .9999
   .4253   -.336E-01  -.1473E+01   .7926E-03   .8906E+01   .9497E+00     .9999
   .4253   -.381E-01  -.1419E+01   .8112E-03   .8728E+01   .9409E+00     .9999
   .4253   -.432E-01  -.1364E+01   .8302E-03   .8548E+01   .9319E+00     .9999
   .4253   -.490E-01  -.1310E+01   .8496E-03   .8365E+01   .9225E+00     .9999
   .4253   -.556E-01  -.1255E+01   .8695E-03   .8181E+01   .9128E+00     .9999
   .4253   -.630E-01  -.1201E+01   .8899E-03   .7994E+01   .9028E+00     .9999
   .4253   -.714E-01  -.1146E+01   .9107E-03   .7805E+01   .8924E+00     .9998
   .4253   -.810E-01  -.1092E+01   .9319E-03   .7614E+01   .8816E+00     .9998
   .4253   -.918E-01  -.1037E+01   .9536E-03   .7421E+01   .8704E+00     .9998
   .4252   -.104E+00  -.9826E+00   .9758E-03   .7226E+01   .8589E+00     .9997
   .4252   -.118E+00  -.9281E+00   .9985E-03   .7029E+01   .8469E+00     .9997
   .4252   -.134E+00  -.8735E+00   .1022E-02   .6830E+01   .8344E+00     .9996
   .4252   -.152E+00  -.8190E+00   .1045E-02   .6630E+01   .8215E+00     .9996
   .4252   -.172E+00  -.7645E+00   .1069E-02   .6428E+01   .8081E+00     .9995
   .4251   -.195E+00  -.7100E+00   .1094E-02   .6225E+01   .7941E+00     .9994
   .4251   -.221E+00  -.6554E+00   .1119E-02   .6020E+01   .7796E+00     .9994
   .4251   -.251E+00  -.6009E+00   .1144E-02   .5814E+01   .7645E+00     .9993
   .4250   -.284E+00  -.5464E+00   .1170E-02   .5607E+01   .7488E+00     .9991
   .4250   -.322E+00  -.4919E+00   .1197E-02   .5400E+01   .7324E+00     .9990
   .4250   -.365E+00  -.4373E+00   .1223E-02   .5192E+01   .7153E+00     .9988
   .4249   -.414E+00  -.3828E+00   .1250E-02   .4983E+01   .6975E+00     .9987
   .4248   -.470E+00  -.3283E+00   .1278E-02   .4774E+01   .6789E+00     .9984
   .4247   -.532E+00  -.2738E+00   .1305E-02   .4565E+01   .6594E+00     .9982
   .4246   -.604E+00  -.2192E+00   .1333E-02   .4357E+01   .6391E+00     .9979
   .4245   -.684E+00  -.1647E+00   .1361E-02   .4148E+01   .6179E+00     .9976
   .4244   -.776E+00  -.1102E+00   .1389E-02   .3941E+01   .5956E+00     .9972
   .4243   -.880E+00  -.5567E-01   .1417E-02   .3735E+01   .5723E+00     .9967
   .4241   -.997E+00  -.1145E-02   .1445E-02   .3531E+01   .5479E+00     .9962
   .4239   -.113E+01   .5338E-01   .1473E-02   .3328E+01   .5222E+00     .9956
   .4237   -.128E+01   .1079E+00   .1500E-02   .3128E+01   .4953E+00     .9949
   .4234   -.145E+01   .1624E+00   .1526E-02   .2931E+01   .4670E+00     .9941
   .4231   -.165E+01   .2170E+00   .1551E-02   .2736E+01   .4372E+00     .9932
   .4228   -.187E+01   .2715E+00   .1575E-02   .2546E+01   .4058E+00     .9921
   .4224   -.212E+01   .3260E+00   .1598E-02   .2359E+01   .3727E+00     .9909
   .4219   -.240E+01   .3805E+00   .1618E-02   .2177E+01   .3379E+00     .9895
   .4214   -.272E+01   .4351E+00   .1636E-02   .2000E+01   .3011E+00     .9879
   .4208   -.309E+01   .4896E+00   .1652E-02   .1829E+01   .2623E+00     .9861
   .4201   -.350E+01   .5441E+00   .1664E-02   .1664E+01   .2213E+00     .9840
   .4193   -.397E+01   .5986E+00   .1673E-02   .1506E+01   .1779E+00     .9816
   .4184   -.450E+01   .6532E+00   .1677E-02   .1355E+01   .1321E+00     .9788
   .4174   -.510E+01   .7077E+00   .1677E-02   .1212E+01   .8362E-01     .9757
   .4163   -.578E+01   .7622E+00   .1671E-02   .1077E+01   .3238E-01     .9722
   .4150   -.656E+01   .8167E+00   .1660E-02   .9511E+00  -.2179E-01     .9683
   .4136   -.743E+01   .8712E+00   .1642E-02   .8336E+00  -.7904E-01     .9638
   .4119   -.843E+01   .9258E+00   .1617E-02   .7252E+00  -.1395E+00     .9588
   .4101   -.956E+01   .9803E+00   .1586E-02   .6261E+00  -.2034E+00     .9533
   .4081   -.108E+02   .1035E+01   .1547E-02   .5362E+00  -.2707E+00     .9471
   .4059   -.123E+02   .1089E+01   .1502E-02   .4555E+00  -.3415E+00     .9403
   .4035   -.139E+02   .1144E+01   .1449E-02   .3837E+00  -.4161E+00     .9329
   .4008   -.158E+02   .1198E+01   .1390E-02   .3204E+00  -.4943E+00     .9247
   .3980   -.179E+02   .1253E+01   .1326E-02   .2653E+00  -.5762E+00     .9159
   .3949   -.203E+02   .1307E+01   .1256E-02   .2178E+00  -.6619E+00     .9064
   .3916   -.230E+02   .1362E+01   .1183E-02   .1773E+00  -.7513E+00     .8962
   .3881   -.261E+02   .1416E+01   .1107E-02   .1432E+00  -.8442E+00     .8854
   .3843   -.296E+02   .1471E+01   .1029E-02   .1146E+00  -.9407E+00     .8740
   .3804   -.335E+02   .1526E+01   .9504E-03   .9109E-01  -.1041E+01     .8620
   .3763   -.380E+02   .1580E+01   .8727E-03   .7185E-01  -.1144E+01     .8494
   .3721   -.431E+02   .1635E+01   .7967E-03   .5627E-01  -.1250E+01     .8364
   .3677   -.489E+02   .1689E+01   .7233E-03   .4378E-01  -.1359E+01     .8229
   .3632   -.554E+02   .1744E+01   .6532E-03   .3386E-01  -.1470E+01     .8091
   .3586   -.628E+02   .1798E+01   .5870E-03   .2603E-01  -.1584E+01     .7950
   .3540   -.712E+02   .1853E+01   .5252E-03   .1991E-01  -.1701E+01     .7806
   .3492   -.808E+02   .1907E+01   .4679E-03   .1516E-01  -.1819E+01     .7661
   .3445   -.916E+02   .1962E+01   .4152E-03   .1149E-01  -.1940E+01     .7515
   .3397   -.104E+03   .2016E+01   .3672E-03   .8678E-02  -.2062E+01     .7368
   .3349   -.118E+03   .2071E+01   .3238E-03   .6530E-02  -.2185E+01     .7221
   .3301   -.133E+03   .2125E+01   .2847E-03   .4899E-02  -.2310E+01     .7074
   .3254   -.151E+03   .2180E+01   .2497E-03   .3665E-02  -.2436E+01     .6928
   .3207   -.172E+03   .2234E+01   .2185E-03   .2735E-02  -.2563E+01     .6783
   .3160   -.194E+03   .2289E+01   .1908E-03   .2037E-02  -.2691E+01     .6639
   .3113   -.221E+03   .2343E+01   .1664E-03   .1514E-02  -.2820E+01     .6496
   .3068   -.250E+03   .2398E+01   .1448E-03   .1123E-02  -.2949E+01     .6356
end
 
   .3240   -.100E-02  -.3000E+01   .1575E-03   .8287E+01   .9184E+00    1.0000
   .3240   -.113E-02  -.2945E+01   .1620E-03   .8235E+01   .9157E+00    1.0000
   .3240   -.129E-02  -.2891E+01   .1666E-03   .8182E+01   .9129E+00    1.0000
   .3240   -.146E-02  -.2836E+01   .1713E-03   .8127E+01   .9099E+00    1.0000
   .3240   -.165E-02  -.2782E+01   .1761E-03   .8071E+01   .9069E+00    1.0000
   .3240   -.187E-02  -.2727E+01   .1811E-03   .8014E+01   .9039E+00    1.0000
   .3240   -.212E-02  -.2673E+01   .1863E-03   .7955E+01   .9007E+00    1.0000
   .3240   -.241E-02  -.2618E+01   .1915E-03   .7895E+01   .8974E+00    1.0000
   .3240   -.273E-02  -.2564E+01   .1970E-03   .7834E+01   .8940E+00    1.0000
   .3240   -.310E-02  -.2509E+01   .2026E-03   .7771E+01   .8905E+00    1.0000
   .3240   -.351E-02  -.2455E+01   .2083E-03   .7706E+01   .8868E+00    1.0000
   .3240   -.398E-02  -.2400E+01   .2142E-03   .7640E+01   .8831E+00    1.0000
   .3240   -.451E-02  -.2346E+01   .2203E-03   .7572E+01   .8792E+00    1.0000
   .3240   -.511E-02  -.2291E+01   .2265E-03   .7503E+01   .8752E+00    1.0000
   .3240   -.580E-02  -.2237E+01   .2329E-03   .7432E+01   .8711E+00    1.0000
   .3240   -.657E-02  -.2182E+01   .2395E-03   .7359E+01   .8668E+00    1.0000
   .3240   -.745E-02  -.2128E+01   .2463E-03   .7285E+01   .8624E+00    1.0000
   .3240   -.845E-02  -.2073E+01   .2533E-03   .7209E+01   .8579E+00    1.0000
   .3240   -.958E-02  -.2019E+01   .2605E-03   .7131E+01   .8532E+00    1.0000
   .3240   -.109E-01  -.1964E+01   .2679E-03   .7052E+01   .8483E+00    1.0000
   .3240   -.123E-01  -.1910E+01   .2755E-03   .6970E+01   .8433E+00    1.0000
   .3240   -.140E-01  -.1855E+01   .2833E-03   .6887E+01   .8380E+00    1.0000
   .3240   -.158E-01  -.1800E+01   .2913E-03   .6802E+01   .8327E+00    1.0000
   .3240   -.180E-01  -.1746E+01   .2995E-03   .6716E+01   .8271E+00    1.0000
   .3240   -.204E-01  -.1691E+01   .3080E-03   .6627E+01   .8213E+00    1.0000
   .3240   -.231E-01  -.1637E+01   .3168E-03   .6536E+01   .8153E+00    1.0000
   .3240   -.262E-01  -.1582E+01   .3257E-03   .6444E+01   .8091E+00    1.0000
   .3240   -.297E-01  -.1528E+01   .3350E-03   .6349E+01   .8027E+00    1.0000
   .3240   -.336E-01  -.1473E+01   .3444E-03   .6253E+01   .7961E+00    1.0000
   .3239   -.381E-01  -.1419E+01   .3542E-03   .6154E+01   .7892E+00    1.0000
   .3239   -.432E-01  -.1364E+01   .3642E-03   .6054E+01   .7821E+00     .9999
   .3239   -.490E-01  -.1310E+01   .3745E-03   .5952E+01   .7747E+00     .9999
   .3239   -.556E-01  -.1255E+01   .3851E-03   .5848E+01   .7670E+00     .9999
   .3239   -.630E-01  -.1201E+01   .3960E-03   .5741E+01   .7590E+00     .9999
   .3239   -.714E-01  -.1146E+01   .4072E-03   .5633E+01   .7507E+00     .9999
   .3239   -.810E-01  -.1092E+01   .4187E-03   .5523E+01   .7421E+00     .9999
   .3239   -.918E-01  -.1037E+01   .4305E-03   .5410E+01   .7332E+00     .9999
   .3239   -.104E+00  -.9826E+00   .4426E-03   .5296E+01   .7240E+00     .9998
   .3239   -.118E+00  -.9281E+00   .4551E-03   .5180E+01   .7143E+00     .9998
   .3239   -.134E+00  -.8735E+00   .4679E-03   .5062E+01   .7043E+00     .9998
   .3239   -.152E+00  -.8190E+00   .4810E-03   .4942E+01   .6939E+00     .9997
   .3239   -.172E+00  -.7645E+00   .4945E-03   .4820E+01   .6830E+00     .9997
   .3239   -.195E+00  -.7100E+00   .5084E-03   .4696E+01   .6717E+00     .9996
   .3239   -.221E+00  -.6554E+00   .5226E-03   .4571E+01   .6600E+00     .9996
   .3238   -.251E+00  -.6009E+00   .5371E-03   .4443E+01   .6477E+00     .9995
   .3238   -.284E+00  -.5464E+00   .5521E-03   .4314E+01   .6349E+00     .9994
   .3238   -.322E+00  -.4919E+00   .5674E-03   .4184E+01   .6216E+00     .9993
   .3238   -.365E+00  -.4373E+00   .5831E-03   .4052E+01   .6076E+00     .9992
   .3238   -.414E+00  -.3828E+00   .5991E-03   .3918E+01   .5931E+00     .9991
   .3237   -.470E+00  -.3283E+00   .6155E-03   .3783E+01   .5779E+00     .9989
   .3237   -.532E+00  -.2738E+00   .6322E-03   .3647E+01   .5619E+00     .9988
   .3236   -.604E+00  -.2192E+00   .6493E-03   .3510E+01   .5453E+00     .9986
   .3236   -.684E+00  -.1647E+00   .6666E-03   .3371E+01   .5278E+00     .9983
   .3235   -.776E+00  -.1102E+00   .6843E-03   .3232E+01   .5095E+00     .9980
   .3235   -.880E+00  -.5567E-01   .7022E-03   .3092E+01   .4903E+00     .9977
   .3234   -.997E+00  -.1145E-02   .7204E-03   .2952E+01   .4701E+00     .9974
   .3233   -.113E+01   .5338E-01   .7387E-03   .2812E+01   .4490E+00     .9969
   .3232   -.128E+01   .1079E+00   .7572E-03   .2671E+01   .4267E+00     .9964
   .3230   -.145E+01   .1624E+00   .7757E-03   .2531E+01   .4033E+00     .9958
   .3229   -.165E+01   .2170E+00   .7941E-03   .2391E+01   .3786E+00     .9951
   .3227   -.187E+01   .2715E+00   .8124E-03   .2252E+01   .3525E+00     .9944
   .3225   -.212E+01   .3260E+00   .8305E-03   .2114E+01   .3251E+00     .9934
   .3223   -.240E+01   .3805E+00   .8481E-03   .1977E+01   .2961E+00     .9924
   .3220   -.272E+01   .4351E+00   .8651E-03   .1843E+01   .2654E+00     .9911
   .3217   -.309E+01   .4896E+00   .8814E-03   .1710E+01   .2330E+00     .9897
   .3213   -.350E+01   .5441E+00   .8967E-03   .1580E+01   .1987E+00     .9881
   .3209   -.397E+01   .5986E+00   .9107E-03   .1453E+01   .1624E+00     .9862
   .3204   -.450E+01   .6532E+00   .9232E-03   .1330E+01   .1239E+00     .9840
   .3198   -.510E+01   .7077E+00   .9339E-03   .1211E+01   .8301E-01     .9815
   .3192   -.578E+01   .7622E+00   .9424E-03   .1096E+01   .3967E-01     .9787
   .3185   -.656E+01   .8167E+00   .9483E-03   .9855E+00  -.6325E-02     .9754
   .3176   -.743E+01   .8712E+00   .9513E-03   .8808E+00  -.5515E-01     .9717
   .3167   -.843E+01   .9258E+00   .9509E-03   .7817E+00  -.1070E+00     .9675
   .3156   -.956E+01   .9803E+00   .9470E-03   .6887E+00  -.1620E+00     .9627
   .3144   -.108E+02   .1035E+01   .9390E-03   .6022E+00  -.2203E+00     .9573
   .3130   -.123E+02   .1089E+01   .9268E-03   .5223E+00  -.2821E+00     .9513
   .3115   -.139E+02   .1144E+01   .9101E-03   .4492E+00  -.3476E+00     .9445
   .3099   -.158E+02   .1198E+01   .8888E-03   .3829E+00  -.4169E+00     .9370
   .3080   -.179E+02   .1253E+01   .8629E-03   .3236E+00  -.4900E+00     .9288
   .3060   -.203E+02   .1307E+01   .8326E-03   .2709E+00  -.5671E+00     .9197
   .3038   -.230E+02   .1362E+01   .7982E-03   .2247E+00  -.6483E+00     .9098
   .3014   -.261E+02   .1416E+01   .7601E-03   .1847E+00  -.7335E+00     .8991
   .2988   -.296E+02   .1471E+01   .7189E-03   .1504E+00  -.8228E+00     .8876
   .2960   -.335E+02   .1526E+01   .6752E-03   .1213E+00  -.9160E+00     .8753
   .2931   -.380E+02   .1580E+01   .6298E-03   .9702E-01  -.1013E+01     .8622
   .2900   -.431E+02   .1635E+01   .5834E-03   .7691E-01  -.1114E+01     .8484
   .2868   -.489E+02   .1689E+01   .5368E-03   .6046E-01  -.1219E+01     .8340
   .2834   -.554E+02   .1744E+01   .4907E-03   .4716E-01  -.1326E+01     .8191
   .2800   -.628E+02   .1798E+01   .4459E-03   .3651E-01  -.1438E+01     .8036
   .2764   -.712E+02   .1853E+01   .4027E-03   .2807E-01  -.1552E+01     .7877
   .2728   -.808E+02   .1907E+01   .3618E-03   .2144E-01  -.1669E+01     .7714
   .2691   -.916E+02   .1962E+01   .3233E-03   .1628E-01  -.1788E+01     .7549
   .2653   -.104E+03   .2016E+01   .2876E-03   .1230E-01  -.1910E+01     .7383
   .2616   -.118E+03   .2071E+01   .2548E-03   .9246E-02  -.2034E+01     .7215
   .2578   -.133E+03   .2125E+01   .2248E-03   .6920E-02  -.2160E+01     .7047
   .2541   -.151E+03   .2180E+01   .1977E-03   .5159E-02  -.2287E+01     .6879
   .2503   -.172E+03   .2234E+01   .1733E-03   .3832E-02  -.2417E+01     .6712
   .2466   -.194E+03   .2289E+01   .1515E-03   .2838E-02  -.2547E+01     .6546
   .2429   -.221E+03   .2343E+01   .1321E-03   .2097E-02  -.2678E+01     .6381
   .2393   -.250E+03   .2398E+01   .1149E-03   .1545E-02  -.2811E+01     .6219
end
 
   .3522   -.100E-02  -.3000E+01   .2635E-03   .1577E+02   .1198E+01    1.0000
   .3522   -.113E-02  -.2945E+01   .2697E-03   .1565E+02   .1194E+01    1.0000
   .3522   -.129E-02  -.2891E+01   .2761E-03   .1552E+02   .1191E+01    1.0000
   .3522   -.146E-02  -.2836E+01   .2826E-03   .1539E+02   .1187E+01    1.0000
   .3522   -.165E-02  -.2782E+01   .2893E-03   .1526E+02   .1184E+01    1.0000
   .3522   -.187E-02  -.2727E+01   .2961E-03   .1513E+02   .1180E+01    1.0000
   .3522   -.212E-02  -.2673E+01   .3031E-03   .1499E+02   .1176E+01    1.0000
   .3522   -.241E-02  -.2618E+01   .3102E-03   .1485E+02   .1172E+01    1.0000
   .3522   -.273E-02  -.2564E+01   .3176E-03   .1471E+02   .1168E+01    1.0000
   .3522   -.310E-02  -.2509E+01   .3251E-03   .1457E+02   .1163E+01    1.0000
   .3522   -.351E-02  -.2455E+01   .3327E-03   .1442E+02   .1159E+01    1.0000
   .3522   -.398E-02  -.2400E+01   .3406E-03   .1427E+02   .1154E+01    1.0000
   .3522   -.451E-02  -.2346E+01   .3486E-03   .1412E+02   .1150E+01    1.0000
   .3522   -.511E-02  -.2291E+01   .3569E-03   .1396E+02   .1145E+01    1.0000
   .3522   -.580E-02  -.2237E+01   .3653E-03   .1381E+02   .1140E+01    1.0000
   .3522   -.657E-02  -.2182E+01   .3739E-03   .1365E+02   .1135E+01    1.0000
   .3522   -.745E-02  -.2128E+01   .3827E-03   .1348E+02   .1130E+01    1.0000
   .3522   -.845E-02  -.2073E+01   .3918E-03   .1332E+02   .1124E+01    1.0000
   .3522   -.958E-02  -.2019E+01   .4010E-03   .1315E+02   .1119E+01    1.0000
   .3522   -.109E-01  -.1964E+01   .4105E-03   .1298E+02   .1113E+01    1.0000
   .3522   -.123E-01  -.1910E+01   .4202E-03   .1280E+02   .1107E+01    1.0000
   .3522   -.140E-01  -.1855E+01   .4301E-03   .1263E+02   .1101E+01    1.0000
   .3522   -.158E-01  -.1800E+01   .4402E-03   .1244E+02   .1095E+01    1.0000
   .3522   -.180E-01  -.1746E+01   .4506E-03   .1226E+02   .1089E+01    1.0000
   .3522   -.204E-01  -.1691E+01   .4613E-03   .1208E+02   .1082E+01    1.0000
   .3522   -.231E-01  -.1637E+01   .4721E-03   .1189E+02   .1075E+01    1.0000
   .3522   -.262E-01  -.1582E+01   .4833E-03   .1169E+02   .1068E+01    1.0000
   .3522   -.297E-01  -.1528E+01   .4947E-03   .1150E+02   .1061E+01    1.0000
   .3522   -.336E-01  -.1473E+01   .5063E-03   .1130E+02   .1053E+01    1.0000
   .3522   -.381E-01  -.1419E+01   .5182E-03   .1110E+02   .1045E+01    1.0000
   .3522   -.432E-01  -.1364E+01   .5305E-03   .1090E+02   .1037E+01     .9999
   .3522   -.490E-01  -.1310E+01   .5429E-03   .1069E+02   .1029E+01     .9999
   .3522   -.556E-01  -.1255E+01   .5557E-03   .1048E+02   .1020E+01     .9999
   .3522   -.630E-01  -.1201E+01   .5688E-03   .1027E+02   .1012E+01     .9999
   .3522   -.714E-01  -.1146E+01   .5822E-03   .1005E+02   .1002E+01     .9999
   .3522   -.810E-01  -.1092E+01   .5958E-03   .9837E+01   .9929E+00     .9999
   .3522   -.918E-01  -.1037E+01   .6098E-03   .9617E+01   .9830E+00     .9999
   .3522   -.104E+00  -.9826E+00   .6241E-03   .9394E+01   .9729E+00     .9998
   .3522   -.118E+00  -.9281E+00   .6387E-03   .9169E+01   .9623E+00     .9998
   .3521   -.134E+00  -.8735E+00   .6537E-03   .8941E+01   .9514E+00     .9998
   .3521   -.152E+00  -.8190E+00   .6689E-03   .8711E+01   .9401E+00     .9998
   .3521   -.172E+00  -.7645E+00   .6845E-03   .8479E+01   .9283E+00     .9997
   .3521   -.195E+00  -.7100E+00   .7005E-03   .8244E+01   .9162E+00     .9997
   .3521   -.221E+00  -.6554E+00   .7167E-03   .8008E+01   .9035E+00     .9996
   .3521   -.251E+00  -.6009E+00   .7333E-03   .7769E+01   .8904E+00     .9996
   .3520   -.284E+00  -.5464E+00   .7503E-03   .7529E+01   .8767E+00     .9995
   .3520   -.322E+00  -.4919E+00   .7675E-03   .7287E+01   .8625E+00     .9994
   .3520   -.365E+00  -.4373E+00   .7851E-03   .7043E+01   .8478E+00     .9993
   .3519   -.414E+00  -.3828E+00   .8030E-03   .6798E+01   .8324E+00     .9992
   .3519   -.470E+00  -.3283E+00   .8211E-03   .6552E+01   .8164E+00     .9991
   .3518   -.532E+00  -.2738E+00   .8396E-03   .6306E+01   .7997E+00     .9989
   .3518   -.604E+00  -.2192E+00   .8583E-03   .6058E+01   .7823E+00     .9988
   .3517   -.684E+00  -.1647E+00   .8773E-03   .5810E+01   .7642E+00     .9986
   .3516   -.776E+00  -.1102E+00   .8965E-03   .5562E+01   .7452E+00     .9983
   .3515   -.880E+00  -.5567E-01   .9159E-03   .5314E+01   .7254E+00     .9981
   .3514   -.997E+00  -.1145E-02   .9353E-03   .5067E+01   .7047E+00     .9977
   .3513   -.113E+01   .5338E-01   .9549E-03   .4820E+01   .6830E+00     .9974
   .3512   -.128E+01   .1079E+00   .9745E-03   .4574E+01   .6603E+00     .9970
   .3510   -.145E+01   .1624E+00   .9939E-03   .4330E+01   .6365E+00     .9965
   .3508   -.165E+01   .2170E+00   .1013E-02   .4089E+01   .6116E+00     .9959
   .3506   -.187E+01   .2715E+00   .1032E-02   .3849E+01   .5854E+00     .9953
   .3503   -.212E+01   .3260E+00   .1051E-02   .3613E+01   .5578E+00     .9946
   .3500   -.240E+01   .3805E+00   .1069E-02   .3379E+01   .5288E+00     .9937
   .3497   -.272E+01   .4351E+00   .1086E-02   .3150E+01   .4984E+00     .9927
   .3493   -.309E+01   .4896E+00   .1102E-02   .2926E+01   .4662E+00     .9916
   .3488   -.350E+01   .5441E+00   .1118E-02   .2706E+01   .4324E+00     .9903
   .3483   -.397E+01   .5986E+00   .1131E-02   .2493E+01   .3967E+00     .9888
   .3477   -.450E+01   .6532E+00   .1143E-02   .2286E+01   .3590E+00     .9871
   .3470   -.510E+01   .7077E+00   .1153E-02   .2085E+01   .3192E+00     .9851
   .3462   -.578E+01   .7622E+00   .1161E-02   .1893E+01   .2771E+00     .9829
   .3453   -.656E+01   .8167E+00   .1166E-02   .1709E+01   .2327E+00     .9803
   .3443   -.743E+01   .8712E+00   .1167E-02   .1533E+01   .1857E+00     .9774
   .3431   -.843E+01   .9258E+00   .1165E-02   .1368E+01   .1360E+00     .9741
   .3418   -.956E+01   .9803E+00   .1160E-02   .1212E+01   .8341E-01     .9704
   .3403   -.108E+02   .1035E+01   .1150E-02   .1066E+01   .2785E-01     .9662
   .3387   -.123E+02   .1089E+01   .1135E-02   .9314E+00  -.3087E-01     .9615
   .3368   -.139E+02   .1144E+01   .1116E-02   .8075E+00  -.9287E-01     .9563
   .3348   -.158E+02   .1198E+01   .1092E-02   .6946E+00  -.1583E+00     .9504
   .3325   -.179E+02   .1253E+01   .1063E-02   .5926E+00  -.2272E+00     .9440
   .3300   -.203E+02   .1307E+01   .1029E-02   .5014E+00  -.2998E+00     .9368
   .3272   -.230E+02   .1362E+01   .9902E-03   .4207E+00  -.3760E+00     .9291
   .3243   -.261E+02   .1416E+01   .9474E-03   .3500E+00  -.4560E+00     .9206
   .3210   -.296E+02   .1471E+01   .9008E-03   .2886E+00  -.5397E+00     .9114
   .3176   -.335E+02   .1526E+01   .8511E-03   .2360E+00  -.6271E+00     .9016
   .3139   -.380E+02   .1580E+01   .7990E-03   .1914E+00  -.7181E+00     .8911
   .3099   -.431E+02   .1635E+01   .7454E-03   .1539E+00  -.8127E+00     .8800
   .3058   -.489E+02   .1689E+01   .6909E-03   .1228E+00  -.9108E+00     .8682
   .3015   -.554E+02   .1744E+01   .6365E-03   .9723E-01  -.1012E+01     .8559
   .2969   -.628E+02   .1798E+01   .5829E-03   .7643E-01  -.1117E+01     .8431
   .2923   -.712E+02   .1853E+01   .5307E-03   .5967E-01  -.1224E+01     .8298
   .2875   -.808E+02   .1907E+01   .4806E-03   .4628E-01  -.1335E+01     .8161
   .2825   -.916E+02   .1962E+01   .4330E-03   .3569E-01  -.1447E+01     .8022
   .2775   -.104E+03   .2016E+01   .3883E-03   .2737E-01  -.1563E+01     .7879
   .2724   -.118E+03   .2071E+01   .3467E-03   .2089E-01  -.1680E+01     .7734
   .2673   -.133E+03   .2125E+01   .3083E-03   .1587E-01  -.1800E+01     .7588
   .2621   -.151E+03   .2180E+01   .2731E-03   .1200E-01  -.1921E+01     .7441
   .2569   -.172E+03   .2234E+01   .2412E-03   .9048E-02  -.2043E+01     .7294
   .2517   -.194E+03   .2289E+01   .2124E-03   .6797E-02  -.2168E+01     .7146
   .2465   -.221E+03   .2343E+01   .1865E-03   .5091E-02  -.2293E+01     .7000
   .2414   -.250E+03   .2398E+01   .1634E-03   .3804E-02  -.2420E+01     .6853
end
 
   .3425   -.100E-02  -.3000E+01   .1754E-03   .1422E+02   .1153E+01    1.0000
   .3425   -.113E-02  -.2945E+01   .1787E-03   .1408E+02   .1149E+01    1.0000
   .3425   -.129E-02  -.2891E+01   .1820E-03   .1394E+02   .1144E+01    1.0000
   .3425   -.146E-02  -.2836E+01   .1855E-03   .1380E+02   .1140E+01    1.0000
   .3425   -.165E-02  -.2782E+01   .1889E-03   .1365E+02   .1135E+01    1.0000
   .3425   -.187E-02  -.2727E+01   .1925E-03   .1351E+02   .1131E+01    1.0000
   .3425   -.212E-02  -.2673E+01   .1961E-03   .1336E+02   .1126E+01    1.0000
   .3425   -.241E-02  -.2618E+01   .1998E-03   .1321E+02   .1121E+01    1.0000
   .3425   -.273E-02  -.2564E+01   .2035E-03   .1306E+02   .1116E+01    1.0000
   .3425   -.310E-02  -.2509E+01   .2073E-03   .1290E+02   .1111E+01    1.0000
   .3425   -.351E-02  -.2455E+01   .2112E-03   .1275E+02   .1105E+01    1.0000
   .3425   -.398E-02  -.2400E+01   .2152E-03   .1259E+02   .1100E+01    1.0000
   .3425   -.451E-02  -.2346E+01   .2192E-03   .1243E+02   .1094E+01    1.0000
   .3425   -.511E-02  -.2291E+01   .2233E-03   .1227E+02   .1089E+01    1.0000
   .3425   -.580E-02  -.2237E+01   .2275E-03   .1210E+02   .1083E+01    1.0000
   .3425   -.657E-02  -.2182E+01   .2318E-03   .1194E+02   .1077E+01    1.0000
   .3425   -.745E-02  -.2128E+01   .2362E-03   .1177E+02   .1071E+01    1.0000
   .3425   -.845E-02  -.2073E+01   .2406E-03   .1160E+02   .1064E+01    1.0000
   .3425   -.958E-02  -.2019E+01   .2451E-03   .1143E+02   .1058E+01    1.0000
   .3425   -.109E-01  -.1964E+01   .2497E-03   .1125E+02   .1051E+01    1.0000
   .3425   -.123E-01  -.1910E+01   .2544E-03   .1108E+02   .1045E+01    1.0000
   .3425   -.140E-01  -.1855E+01   .2591E-03   .1090E+02   .1038E+01    1.0000
   .3425   -.158E-01  -.1800E+01   .2640E-03   .1072E+02   .1030E+01    1.0000
   .3425   -.180E-01  -.1746E+01   .2690E-03   .1054E+02   .1023E+01    1.0000
   .3425   -.204E-01  -.1691E+01   .2740E-03   .1036E+02   .1015E+01    1.0000
   .3425   -.231E-01  -.1637E+01   .2791E-03   .1018E+02   .1008E+01    1.0000
   .3425   -.262E-01  -.1582E+01   .2844E-03   .9990E+01   .9996E+00    1.0000
   .3425   -.297E-01  -.1528E+01   .2897E-03   .9802E+01   .9913E+00    1.0000
   .3425   -.336E-01  -.1473E+01   .2951E-03   .9613E+01   .9828E+00    1.0000
   .3425   -.381E-01  -.1419E+01   .3006E-03   .9421E+01   .9741E+00    1.0000
   .3425   -.432E-01  -.1364E+01   .3063E-03   .9229E+01   .9651E+00    1.0000
   .3425   -.490E-01  -.1310E+01   .3120E-03   .9034E+01   .9559E+00     .9999
   .3425   -.556E-01  -.1255E+01   .3178E-03   .8838E+01   .9464E+00     .9999
   .3425   -.630E-01  -.1201E+01   .3238E-03   .8641E+01   .9366E+00     .9999
   .3425   -.714E-01  -.1146E+01   .3298E-03   .8442E+01   .9265E+00     .9999
   .3425   -.810E-01  -.1092E+01   .3359E-03   .8242E+01   .9161E+00     .9999
   .3425   -.918E-01  -.1037E+01   .3422E-03   .8041E+01   .9053E+00     .9999
   .3425   -.104E+00  -.9826E+00   .3486E-03   .7839E+01   .8942E+00     .9999
   .3425   -.118E+00  -.9281E+00   .3551E-03   .7635E+01   .8828E+00     .9998
   .3425   -.134E+00  -.8735E+00   .3616E-03   .7430E+01   .8710E+00     .9998
   .3425   -.152E+00  -.8190E+00   .3683E-03   .7225E+01   .8588E+00     .9998
   .3425   -.172E+00  -.7645E+00   .3752E-03   .7018E+01   .8462E+00     .9998
   .3425   -.195E+00  -.7100E+00   .3821E-03   .6811E+01   .8332E+00     .9997
   .3425   -.221E+00  -.6554E+00   .3891E-03   .6603E+01   .8198E+00     .9997
   .3424   -.251E+00  -.6009E+00   .3962E-03   .6395E+01   .8058E+00     .9996
   .3424   -.284E+00  -.5464E+00   .4035E-03   .6186E+01   .7914E+00     .9996
   .3424   -.322E+00  -.4919E+00   .4108E-03   .5977E+01   .7765E+00     .9995
   .3424   -.365E+00  -.4373E+00   .4183E-03   .5768E+01   .7610E+00     .9994
   .3424   -.414E+00  -.3828E+00   .4258E-03   .5559E+01   .7450E+00     .9994
   .3424   -.470E+00  -.3283E+00   .4334E-03   .5350E+01   .7284E+00     .9993
   .3423   -.532E+00  -.2738E+00   .4411E-03   .5141E+01   .7111E+00     .9992
   .3423   -.604E+00  -.2192E+00   .4489E-03   .4933E+01   .6931E+00     .9990
   .3423   -.684E+00  -.1647E+00   .4567E-03   .4726E+01   .6745E+00     .9989
   .3422   -.776E+00  -.1102E+00   .4646E-03   .4520E+01   .6551E+00     .9987
   .3422   -.880E+00  -.5567E-01   .4725E-03   .4315E+01   .6349E+00     .9985
   .3421   -.997E+00  -.1145E-02   .4803E-03   .4111E+01   .6139E+00     .9983
   .3420   -.113E+01   .5338E-01   .4882E-03   .3909E+01   .5920E+00     .9980
   .3420   -.128E+01   .1079E+00   .4960E-03   .3708E+01   .5692E+00     .9977
   .3419   -.145E+01   .1624E+00   .5038E-03   .3510E+01   .5454E+00     .9973
   .3418   -.165E+01   .2170E+00   .5114E-03   .3315E+01   .5205E+00     .9969
   .3417   -.187E+01   .2715E+00   .5189E-03   .3122E+01   .4944E+00     .9965
   .3415   -.212E+01   .3260E+00   .5261E-03   .2932E+01   .4672E+00     .9959
   .3414   -.240E+01   .3805E+00   .5331E-03   .2746E+01   .4387E+00     .9953
   .3412   -.272E+01   .4351E+00   .5397E-03   .2563E+01   .4088E+00     .9946
   .3410   -.309E+01   .4896E+00   .5459E-03   .2385E+01   .3775E+00     .9938
   .3408   -.350E+01   .5441E+00   .5516E-03   .2211E+01   .3447E+00     .9928
   .3405   -.397E+01   .5986E+00   .5567E-03   .2042E+01   .3101E+00     .9918
   .3402   -.450E+01   .6532E+00   .5610E-03   .1879E+01   .2739E+00     .9906
   .3399   -.510E+01   .7077E+00   .5645E-03   .1721E+01   .2358E+00     .9892
   .3395   -.578E+01   .7622E+00   .5671E-03   .1569E+01   .1957E+00     .9876
   .3391   -.656E+01   .8167E+00   .5685E-03   .1424E+01   .1534E+00     .9858
   .3386   -.743E+01   .8712E+00   .5687E-03   .1285E+01   .1090E+00     .9837
   .3380   -.843E+01   .9258E+00   .5674E-03   .1154E+01   .6218E-01     .9814
   .3374   -.956E+01   .9803E+00   .5647E-03   .1030E+01   .1286E-01     .9787
   .3367   -.108E+02   .1035E+01   .5602E-03   .9139E+00  -.3909E-01     .9758
   .3358   -.123E+02   .1089E+01   .5539E-03   .8057E+00  -.9381E-01     .9724
   .3349   -.139E+02   .1144E+01   .5456E-03   .7056E+00  -.1514E+00     .9687
   .3339   -.158E+02   .1198E+01   .5354E-03   .6137E+00  -.2120E+00     .9646
   .3328   -.179E+02   .1253E+01   .5230E-03   .5299E+00  -.2758E+00     .9600
   .3316   -.203E+02   .1307E+01   .5086E-03   .4542E+00  -.3427E+00     .9549
   .3302   -.230E+02   .1362E+01   .4921E-03   .3864E+00  -.4130E+00     .9493
   .3287   -.261E+02   .1416E+01   .4737E-03   .3261E+00  -.4866E+00     .9431
   .3271   -.296E+02   .1471E+01   .4536E-03   .2731E+00  -.5637E+00     .9365
   .3254   -.335E+02   .1526E+01   .4318E-03   .2269E+00  -.6441E+00     .9292
   .3235   -.380E+02   .1580E+01   .4087E-03   .1871E+00  -.7280E+00     .9215
   .3215   -.431E+02   .1635E+01   .3846E-03   .1531E+00  -.8152E+00     .9131
   .3193   -.489E+02   .1689E+01   .3598E-03   .1243E+00  -.9057E+00     .9043
   .3171   -.554E+02   .1744E+01   .3347E-03   .1001E+00  -.9994E+00     .8949
   .3147   -.628E+02   .1798E+01   .3095E-03   .8014E-01  -.1096E+01     .8851
   .3122   -.712E+02   .1853E+01   .2847E-03   .6370E-01  -.1196E+01     .8748
   .3096   -.808E+02   .1907E+01   .2604E-03   .5030E-01  -.1298E+01     .8641
   .3069   -.916E+02   .1962E+01   .2370E-03   .3949E-01  -.1404E+01     .8531
   .3041   -.104E+03   .2016E+01   .2147E-03   .3082E-01  -.1511E+01     .8417
   .3013   -.118E+03   .2071E+01   .1935E-03   .2393E-01  -.1621E+01     .8300
   .2984   -.133E+03   .2125E+01   .1738E-03   .1849E-01  -.1733E+01     .8181
   .2955   -.151E+03   .2180E+01   .1554E-03   .1423E-01  -.1847E+01     .8060
   .2925   -.172E+03   .2234E+01   .1385E-03   .1090E-01  -.1963E+01     .7938
   .2895   -.194E+03   .2289E+01   .1230E-03   .8322E-02  -.2080E+01     .7814
   .2865   -.221E+03   .2343E+01   .1089E-03   .6332E-02  -.2198E+01     .7690
   .2835   -.250E+03   .2398E+01   .9620E-04   .4805E-02  -.2318E+01     .7566
end

 Solute transport information
 ============================

 Upstream weighting finite-element method

 Number of species in the chain :   1

 Mat.     Bulk.D.    DispL     DispT    Fraction  ImmobileWC
   1       1.4600    2.3500     .0470    1.0000     .0000
   2       1.7300    2.0000     .0400    1.0000     .0000
   3       1.7300    4.0000     .8000    1.0000     .0000
   4       1.9500    4.0000     .8000    1.0000     .0000

    Dif.w.      Dif.g.   -------------------------------------------------- ( 1.solute)
   .1797E+01   .0000E+00
 Mat.     KS         Nu         Beta      Henry      SinkL1     SinkS1     SinkG1     SinkL1`    SinkS1`    SinkG1`    SinkL0     SinkS0     SinkG0      Alfa
   1  .0000E+00  .0000E+00  .1000E+01  .0000E+00  .0000E+00  .0000E+00  .0000E+00  .0000E+00  .0000E+00  .0000E+00  .0000E+00  .0000E+00  .0000E+00  .0000E+00

 No adsorption or linear adsorp. isotherm for material  1
   2  .0000E+00  .0000E+00  .1000E+01  .0000E+00  .0000E+00  .0000E+00  .0000E+00  .0000E+00  .0000E+00  .0000E+00  .0000E+00  .0000E+00  .0000E+00  .0000E+00

 No adsorption or linear adsorp. isotherm for material  2
   3  .0000E+00  .0000E+00  .1000E+01  .0000E+00  .0000E+00  .0000E+00  .0000E+00  .0000E+00  .0000E+00  .0000E+00  .0000E+00  .0000E+00  .0000E+00  .0000E+00

 No adsorption or linear adsorp. isotherm for material  3
   4  .0000E+00  .0000E+00  .1000E+01  .0000E+00  .0000E+00  .0000E+00  .0000E+00  .0000E+00  .0000E+00  .0000E+00  .0000E+00  .0000E+00  .0000E+00  .0000E+00

 No adsorption or linear adsorp. isotherm for material  4

   Conc1     Conc2     Conc3     Conc4     cSink     cWell     Conc7     gAtm          d
  .000E+00  .000E+00  .000E+00  .000E+00  .000E+00  .000E+00  .000E+00  .000E+00     .0000

 tPulse =           138.000
