 Welcome to HYDRUS-2D                                                    
 
 Program HYDRUS2
 Date:  17. 2.    Time:  10:54:49
 Time dependent boundary conditions
 Vertical plane flow, V = L*L
 Units: L = cm   , T = days , M = mmol 


 Time:      1.0000

    i    n    x      z    Code     Q          v           h       th       Temp     Conc
                                 [V/T]      [L/T]        [L]     [-]        [C]    [M/L3]

    1  151   50.0  300.0   -4   .500E+02  -.200E+02      -28.1   .193     20.00  .958E+00
    2  152   45.0  300.0   -4   .100E+03  -.200E+02      -24.6   .212     20.00  .983E+00
    3  153   40.0  300.0   -4   .100E+03  -.200E+02      -23.8   .217     20.00  .990E+00
    4  154   35.0  300.0   -4   .100E+03  -.200E+02      -23.5   .219     20.00  .992E+00
    5  155   30.0  300.0   -4   .100E+03  -.200E+02      -23.3   .220     20.00  .994E+00
    6  156   25.0  300.0   -4   .100E+03  -.200E+02      -23.3   .221     20.00  .994E+00
    7  157   20.0  300.0   -4   .100E+03  -.200E+02      -23.2   .221     20.00  .995E+00
    8  158   15.0  300.0   -4   .100E+03  -.200E+02      -23.2   .221     20.00  .995E+00
    9  159   10.0  300.0   -4   .100E+03  -.200E+02      -23.2   .221     20.00  .995E+00
   10  160    5.0  300.0   -4   .100E+03  -.200E+02      -23.2   .221     20.00  .995E+00
   11  161     .0  300.0   -4   .500E+02  -.200E+02      -23.2   .221     20.00  .994E+00


 Time:      2.0000

    i    n    x      z    Code     Q          v           h       th       Temp     Conc
                                 [V/T]      [L/T]        [L]     [-]        [C]    [M/L3]

    1  151   50.0  300.0   -4   .000E+00   .000E+00     -121.9   .074     20.00  .912E+00
    2  152   45.0  300.0   -4   .000E+00   .000E+00     -120.7   .077     20.00  .952E+00
    3  153   40.0  300.0   -4   .000E+00   .000E+00     -119.8   .078     20.00  .973E+00
    4  154   35.0  300.0   -4   .000E+00   .000E+00     -119.0   .079     20.00  .982E+00
    5  155   30.0  300.0   -4   .000E+00   .000E+00     -118.4   .079     20.00  .986E+00
    6  156   25.0  300.0   -4   .000E+00   .000E+00     -117.9   .079     20.00  .988E+00
    7  157   20.0  300.0   -4   .000E+00   .000E+00     -117.5   .080     20.00  .989E+00
    8  158   15.0  300.0   -4   .000E+00   .000E+00     -117.2   .080     20.00  .990E+00
    9  159   10.0  300.0   -4   .000E+00   .000E+00     -117.0   .080     20.00  .990E+00
   10  160    5.0  300.0   -4   .000E+00   .000E+00     -116.9   .080     20.00  .990E+00
   11  161     .0  300.0   -4   .000E+00   .000E+00     -117.0   .080     20.00  .989E+00


 Time:      4.0000

    i    n    x      z    Code     Q          v           h       th       Temp     Conc
                                 [V/T]      [L/T]        [L]     [-]        [C]    [M/L3]

    1  151   50.0  300.0   -4   .000E+00   .000E+00     -160.1   .061     20.00  .901E+00
    2  152   45.0  300.0   -4   .000E+00   .000E+00     -158.1   .064     20.00  .942E+00
    3  153   40.0  300.0   -4   .000E+00   .000E+00     -156.5   .065     20.00  .966E+00
    4  154   35.0  300.0   -4   .000E+00   .000E+00     -155.2   .065     20.00  .978E+00
    5  155   30.0  300.0   -4   .000E+00   .000E+00     -154.2   .066     20.00  .984E+00
    6  156   25.0  300.0   -4   .000E+00   .000E+00     -153.3   .066     20.00  .987E+00
    7  157   20.0  300.0   -4   .000E+00   .000E+00     -152.6   .066     20.00  .988E+00
    8  158   15.0  300.0   -4   .000E+00   .000E+00     -152.1   .066     20.00  .989E+00
    9  159   10.0  300.0   -4   .000E+00   .000E+00     -151.8   .066     20.00  .989E+00
   10  160    5.0  300.0   -4   .000E+00   .000E+00     -151.6   .066     20.00  .989E+00
   11  161     .0  300.0   -4   .000E+00   .000E+00     -151.6   .066     20.00  .988E+00


 Time:      7.0000

    i    n    x      z    Code     Q          v           h       th       Temp     Conc
                                 [V/T]      [L/T]        [L]     [-]        [C]    [M/L3]

    1  151   50.0  300.0   -4   .000E+00   .000E+00     -191.0   .055     20.00  .897E+00
    2  152   45.0  300.0   -4   .000E+00   .000E+00     -188.5   .057     20.00  .936E+00
    3  153   40.0  300.0   -4   .000E+00   .000E+00     -186.5   .058     20.00  .962E+00
    4  154   35.0  300.0   -4   .000E+00   .000E+00     -184.9   .058     20.00  .976E+00
    5  155   30.0  300.0   -4   .000E+00   .000E+00     -183.6   .059     20.00  .983E+00
    6  156   25.0  300.0   -4   .000E+00   .000E+00     -182.5   .059     20.00  .986E+00
    7  157   20.0  300.0   -4   .000E+00   .000E+00     -181.7   .059     20.00  .988E+00
    8  158   15.0  300.0   -4   .000E+00   .000E+00     -181.1   .059     20.00  .988E+00
    9  159   10.0  300.0   -4   .000E+00   .000E+00     -180.6   .059     20.00  .989E+00
   10  160    5.0  300.0   -4   .000E+00   .000E+00     -180.4   .059     20.00  .989E+00
   11  161     .0  300.0   -4   .000E+00   .000E+00     -180.4   .059     20.00  .988E+00


 Time:      8.0000

    i    n    x      z    Code     Q          v           h       th       Temp     Conc
                                 [V/T]      [L/T]        [L]     [-]        [C]    [M/L3]

    1  151   50.0  300.0   -4   .500E+02  -.200E+02      -28.1   .196     20.00  .413E-01
    2  152   45.0  300.0   -4   .100E+03  -.200E+02      -24.6   .216     20.00  .186E-01
    3  153   40.0  300.0   -4   .100E+03  -.200E+02      -23.8   .221     20.00  .125E-01
    4  154   35.0  300.0   -4   .100E+03  -.200E+02      -23.5   .223     20.00  .955E-02
    5  155   30.0  300.0   -4   .100E+03  -.200E+02      -23.3   .224     20.00  .803E-02
    6  156   25.0  300.0   -4   .100E+03  -.200E+02      -23.3   .225     20.00  .721E-02
    7  157   20.0  300.0   -4   .100E+03  -.200E+02      -23.2   .225     20.00  .676E-02
    8  158   15.0  300.0   -4   .100E+03  -.200E+02      -23.2   .225     20.00  .655E-02
    9  159   10.0  300.0   -4   .100E+03  -.200E+02      -23.2   .225     20.00  .650E-02
   10  160    5.0  300.0   -4   .100E+03  -.200E+02      -23.2   .225     20.00  .663E-02
   11  161     .0  300.0   -4   .500E+02  -.200E+02      -23.2   .225     20.00  .716E-02


 Time:      9.0000

    i    n    x      z    Code     Q          v           h       th       Temp     Conc
                                 [V/T]      [L/T]        [L]     [-]        [C]    [M/L3]

    1  151   50.0  300.0   -4   .000E+00   .000E+00     -120.6   .075     20.00  .829E-01
    2  152   45.0  300.0   -4   .000E+00   .000E+00     -119.4   .078     20.00  .487E-01
    3  153   40.0  300.0   -4   .000E+00   .000E+00     -118.4   .080     20.00  .304E-01
    4  154   35.0  300.0   -4   .000E+00   .000E+00     -117.6   .080     20.00  .217E-01
    5  155   30.0  300.0   -4   .000E+00   .000E+00     -117.0   .081     20.00  .174E-01
    6  156   25.0  300.0   -4   .000E+00   .000E+00     -116.5   .081     20.00  .151E-01
    7  157   20.0  300.0   -4   .000E+00   .000E+00     -116.1   .081     20.00  .140E-01
    8  158   15.0  300.0   -4   .000E+00   .000E+00     -115.8   .082     20.00  .134E-01
    9  159   10.0  300.0   -4   .000E+00   .000E+00     -115.6   .082     20.00  .132E-01
   10  160    5.0  300.0   -4   .000E+00   .000E+00     -115.5   .082     20.00  .134E-01
   11  161     .0  300.0   -4   .000E+00   .000E+00     -115.5   .082     20.00  .144E-01


 Time:     11.0000

    i    n    x      z    Code     Q          v           h       th       Temp     Conc
                                 [V/T]      [L/T]        [L]     [-]        [C]    [M/L3]

    1  151   50.0  300.0   -4   .000E+00   .000E+00     -154.8   .063     20.00  .909E-01
    2  152   45.0  300.0   -4   .000E+00   .000E+00     -153.0   .066     20.00  .573E-01
    3  153   40.0  300.0   -4   .000E+00   .000E+00     -151.6   .067     20.00  .363E-01
    4  154   35.0  300.0   -4   .000E+00   .000E+00     -150.5   .067     20.00  .250E-01
    5  155   30.0  300.0   -4   .000E+00   .000E+00     -149.5   .068     20.00  .194E-01
    6  156   25.0  300.0   -4   .000E+00   .000E+00     -148.7   .068     20.00  .165E-01
    7  157   20.0  300.0   -4   .000E+00   .000E+00     -148.1   .068     20.00  .151E-01
    8  158   15.0  300.0   -4   .000E+00   .000E+00     -147.7   .068     20.00  .144E-01
    9  159   10.0  300.0   -4   .000E+00   .000E+00     -147.4   .068     20.00  .142E-01
   10  160    5.0  300.0   -4   .000E+00   .000E+00     -147.3   .068     20.00  .143E-01
   11  161     .0  300.0   -4   .000E+00   .000E+00     -147.3   .068     20.00  .154E-01


 Time:     14.0000

    i    n    x      z    Code     Q          v           h       th       Temp     Conc
                                 [V/T]      [L/T]        [L]     [-]        [C]    [M/L3]

    1  151   50.0  300.0   -4   .000E+00   .000E+00     -184.5   .057     20.00  .936E-01
    2  152   45.0  300.0   -4   .000E+00   .000E+00     -182.4   .059     20.00  .619E-01
    3  153   40.0  300.0   -4   .000E+00   .000E+00     -180.6   .060     20.00  .402E-01
    4  154   35.0  300.0   -4   .000E+00   .000E+00     -179.2   .060     20.00  .275E-01
    5  155   30.0  300.0   -4   .000E+00   .000E+00     -178.0   .060     20.00  .208E-01
    6  156   25.0  300.0   -4   .000E+00   .000E+00     -177.0   .061     20.00  .175E-01
    7  157   20.0  300.0   -4   .000E+00   .000E+00     -176.3   .061     20.00  .158E-01
    8  158   15.0  300.0   -4   .000E+00   .000E+00     -175.7   .061     20.00  .150E-01
    9  159   10.0  300.0   -4   .000E+00   .000E+00     -175.3   .061     20.00  .148E-01
   10  160    5.0  300.0   -4   .000E+00   .000E+00     -175.1   .061     20.00  .149E-01
   11  161     .0  300.0   -4   .000E+00   .000E+00     -175.1   .061     20.00  .160E-01
