 Welcome to HYDRUS-2D                                                    
 
 Program HYDRUS2
 Date:  17. 2.    Time:  10:54:49
 Time dependent boundary conditions
 Vertical plane flow, V = L*L
 Units: L = cm   , T = days , M = mmol 

 Max. number of iterations             20
 Absolute water content tolerance [-]  .00050
 Absolute pressure head tolerance [L]  .10000



MatNum, Param. array:

   Mat     Qr     Qs        Alfa         n          Ks      l       Qm     QsW  AlfaW      KsW

    1     .029   .366    .280E-01    .224E+01    .541E+03   .500   .366   .366   .056    .541E+03
    2     .106   .469    .520E-02    .140E+01    .131E+02   .500   .469   .469   .010    .131E+02

       Table of Hydraulic Properties which are interpolated in simulation
       =================================================================

  theta         h        log h        C             K        log K          S
 
   .3658   -.100E-02  -.3000E+01   .2674E-07   .5410E+03   .2733E+01    1.0000
   .3658   -.116E-02  -.2936E+01   .3206E-07   .5410E+03   .2733E+01    1.0000
   .3658   -.134E-02  -.2873E+01   .3845E-07   .5410E+03   .2733E+01    1.0000
   .3658   -.155E-02  -.2809E+01   .4610E-07   .5410E+03   .2733E+01    1.0000
   .3658   -.180E-02  -.2745E+01   .5528E-07   .5410E+03   .2733E+01    1.0000
   .3658   -.208E-02  -.2682E+01   .6629E-07   .5410E+03   .2733E+01    1.0000
   .3658   -.241E-02  -.2618E+01   .7949E-07   .5410E+03   .2733E+01    1.0000
   .3658   -.279E-02  -.2554E+01   .9531E-07   .5410E+03   .2733E+01    1.0000
   .3658   -.323E-02  -.2491E+01   .1143E-06   .5410E+03   .2733E+01    1.0000
   .3658   -.374E-02  -.2427E+01   .1370E-06   .5410E+03   .2733E+01    1.0000
   .3658   -.433E-02  -.2364E+01   .1643E-06   .5410E+03   .2733E+01    1.0000
   .3658   -.501E-02  -.2300E+01   .1971E-06   .5410E+03   .2733E+01    1.0000
   .3658   -.580E-02  -.2236E+01   .2363E-06   .5410E+03   .2733E+01    1.0000
   .3658   -.672E-02  -.2173E+01   .2833E-06   .5410E+03   .2733E+01    1.0000
   .3658   -.778E-02  -.2109E+01   .3398E-06   .5410E+03   .2733E+01    1.0000
   .3658   -.901E-02  -.2045E+01   .4074E-06   .5410E+03   .2733E+01    1.0000
   .3658   -.104E-01  -.1982E+01   .4885E-06   .5410E+03   .2733E+01    1.0000
   .3658   -.121E-01  -.1918E+01   .5858E-06   .5409E+03   .2733E+01    1.0000
   .3658   -.140E-01  -.1854E+01   .7024E-06   .5409E+03   .2733E+01    1.0000
   .3658   -.162E-01  -.1791E+01   .8423E-06   .5409E+03   .2733E+01    1.0000
   .3658   -.187E-01  -.1727E+01   .1010E-05   .5409E+03   .2733E+01    1.0000
   .3658   -.217E-01  -.1663E+01   .1211E-05   .5409E+03   .2733E+01    1.0000
   .3658   -.251E-01  -.1600E+01   .1452E-05   .5409E+03   .2733E+01    1.0000
   .3658   -.291E-01  -.1536E+01   .1741E-05   .5408E+03   .2733E+01    1.0000
   .3658   -.337E-01  -.1472E+01   .2088E-05   .5408E+03   .2733E+01    1.0000
   .3658   -.390E-01  -.1409E+01   .2504E-05   .5408E+03   .2733E+01    1.0000
   .3658   -.452E-01  -.1345E+01   .3002E-05   .5407E+03   .2733E+01    1.0000
   .3658   -.523E-01  -.1282E+01   .3600E-05   .5407E+03   .2733E+01    1.0000
   .3658   -.605E-01  -.1218E+01   .4317E-05   .5406E+03   .2733E+01    1.0000
   .3658   -.701E-01  -.1154E+01   .5177E-05   .5405E+03   .2733E+01    1.0000
   .3658   -.812E-01  -.1091E+01   .6207E-05   .5404E+03   .2733E+01    1.0000
   .3658   -.940E-01  -.1027E+01   .7443E-05   .5403E+03   .2733E+01    1.0000
   .3658   -.109E+00  -.9633E+00   .8925E-05   .5402E+03   .2733E+01    1.0000
   .3658   -.126E+00  -.8997E+00   .1070E-04   .5400E+03   .2732E+01    1.0000
   .3658   -.146E+00  -.8360E+00   .1283E-04   .5398E+03   .2732E+01    1.0000
   .3658   -.169E+00  -.7724E+00   .1539E-04   .5396E+03   .2732E+01    1.0000
   .3658   -.196E+00  -.7087E+00   .1845E-04   .5393E+03   .2732E+01    1.0000
   .3658   -.226E+00  -.6451E+00   .2213E-04   .5390E+03   .2732E+01    1.0000
   .3658   -.262E+00  -.5814E+00   .2653E-04   .5385E+03   .2731E+01    1.0000
   .3658   -.304E+00  -.5178E+00   .3181E-04   .5381E+03   .2731E+01    1.0000
   .3658   -.351E+00  -.4541E+00   .3815E-04   .5375E+03   .2730E+01    1.0000
   .3658   -.407E+00  -.3905E+00   .4574E-04   .5368E+03   .2730E+01    1.0000
   .3658   -.471E+00  -.3268E+00   .5485E-04   .5359E+03   .2729E+01    1.0000
   .3658   -.546E+00  -.2632E+00   .6577E-04   .5349E+03   .2728E+01    1.0000
   .3658   -.632E+00  -.1995E+00   .7886E-04   .5337E+03   .2727E+01     .9999
   .3658   -.731E+00  -.1359E+00   .9455E-04   .5323E+03   .2726E+01     .9999
   .3658   -.847E+00  -.7225E-01   .1134E-03   .5305E+03   .2725E+01     .9999
   .3657   -.980E+00  -.8602E-02   .1359E-03   .5285E+03   .2723E+01     .9998
   .3657   -.114E+01   .5505E-01   .1629E-03   .5260E+03   .2721E+01     .9998
   .3657   -.131E+01   .1187E+00   .1953E-03   .5230E+03   .2718E+01     .9997
   .3656   -.152E+01   .1823E+00   .2341E-03   .5194E+03   .2716E+01     .9995
   .3656   -.176E+01   .2460E+00   .2806E-03   .5152E+03   .2712E+01     .9993
   .3655   -.204E+01   .3096E+00   .3363E-03   .5101E+03   .2708E+01     .9991
   .3654   -.236E+01   .3733E+00   .4028E-03   .5040E+03   .2702E+01     .9987
   .3652   -.273E+01   .4369E+00   .4823E-03   .4967E+03   .2696E+01     .9982
   .3650   -.317E+01   .5006E+00   .5773E-03   .4881E+03   .2689E+01     .9976
   .3647   -.367E+01   .5642E+00   .6904E-03   .4779E+03   .2679E+01     .9966
   .3642   -.424E+01   .6279E+00   .8248E-03   .4657E+03   .2668E+01     .9953
   .3636   -.491E+01   .6915E+00   .9841E-03   .4514E+03   .2655E+01     .9935
   .3628   -.569E+01   .7552E+00   .1172E-02   .4345E+03   .2638E+01     .9911
   .3616   -.659E+01   .8188E+00   .1392E-02   .4148E+03   .2618E+01     .9876
   .3601   -.763E+01   .8825E+00   .1646E-02   .3919E+03   .2593E+01     .9830
   .3579   -.883E+01   .9461E+00   .1938E-02   .3657E+03   .2563E+01     .9766
   .3550   -.102E+02   .1010E+01   .2267E-02   .3359E+03   .2526E+01     .9679
   .3510   -.118E+02   .1073E+01   .2627E-02   .3028E+03   .2481E+01     .9561
   .3457   -.137E+02   .1137E+01   .3007E-02   .2666E+03   .2426E+01     .9405
   .3388   -.159E+02   .1201E+01   .3389E-02   .2282E+03   .2358E+01     .9199
   .3299   -.184E+02   .1264E+01   .3743E-02   .1889E+03   .2276E+01     .8934
   .3185   -.213E+02   .1328E+01   .4031E-02   .1503E+03   .2177E+01     .8599
   .3047   -.246E+02   .1392E+01   .4212E-02   .1143E+03   .2058E+01     .8187
   .2882   -.285E+02   .1455E+01   .4248E-02   .8265E+02   .1917E+01     .7697
   .2693   -.330E+02   .1519E+01   .4120E-02   .5667E+02   .1753E+01     .7137
   .2485   -.382E+02   .1583E+01   .3834E-02   .3679E+02   .1566E+01     .6521
   .2266   -.443E+02   .1646E+01   .3423E-02   .2265E+02   .1355E+01     .5871
   .2043   -.513E+02   .1710E+01   .2939E-02   .1327E+02   .1123E+01     .5212
   .1826   -.594E+02   .1774E+01   .2435E-02   .7438E+01   .8714E+00     .4568
   .1622   -.687E+02   .1837E+01   .1956E-02   .4016E+01   .6038E+00     .3961
   .1434   -.796E+02   .1901E+01   .1532E-02   .2102E+01   .3226E+00     .3403
   .1265   -.921E+02   .1964E+01   .1175E-02   .1074E+01   .3083E-01     .2903
   .1116   -.107E+03   .2028E+01   .8876E-03   .5379E+00  -.2693E+00     .2462
   .0987   -.124E+03   .2092E+01   .6620E-03   .2656E+00  -.5758E+00     .2079
   .0876   -.143E+03   .2155E+01   .4892E-03   .1297E+00  -.8871E+00     .1750
   .0781   -.166E+03   .2219E+01   .3590E-03   .6282E-01  -.1202E+01     .1469
   .0701   -.192E+03   .2283E+01   .2621E-03   .3024E-01  -.1519E+01     .1231
   .0633   -.222E+03   .2346E+01   .1907E-03   .1450E-01  -.1839E+01     .1030
   .0576   -.257E+03   .2410E+01   .1383E-03   .6926E-02  -.2160E+01     .0861
   .0529   -.298E+03   .2474E+01   .1002E-03   .3301E-02  -.2481E+01     .0720
   .0489   -.345E+03   .2537E+01   .7241E-04   .1571E-02  -.2804E+01     .0601
   .0455   -.399E+03   .2601E+01   .5229E-04   .7466E-03  -.3127E+01     .0502
   .0427   -.462E+03   .2665E+01   .3774E-04   .3545E-03  -.3450E+01     .0419
   .0404   -.535E+03   .2728E+01   .2722E-04   .1682E-03  -.3774E+01     .0349
   .0384   -.619E+03   .2792E+01   .1963E-04   .7980E-04  -.4098E+01     .0291
   .0368   -.717E+03   .2856E+01   .1415E-04   .3784E-04  -.4422E+01     .0243
   .0354   -.830E+03   .2919E+01   .1019E-04   .1794E-04  -.4746E+01     .0203
   .0343   -.961E+03   .2983E+01   .7346E-05   .8502E-05  -.5070E+01     .0169
   .0334   -.111E+04   .3046E+01   .5292E-05   .4029E-05  -.5395E+01     .0141
   .0326   -.129E+04   .3110E+01   .3813E-05   .1909E-05  -.5719E+01     .0118
   .0319   -.149E+04   .3174E+01   .2746E-05   .9048E-06  -.6043E+01     .0098
   .0314   -.173E+04   .3237E+01   .1978E-05   .4287E-06  -.6368E+01     .0082
   .0309   -.200E+04   .3301E+01   .1425E-05   .2031E-06  -.6692E+01     .0068
end
 
   .4686   -.100E-02  -.3000E+01   .6070E-05   .1289E+02   .1110E+01    1.0000
   .4686   -.116E-02  -.2936E+01   .6432E-05   .1288E+02   .1110E+01    1.0000
   .4686   -.134E-02  -.2873E+01   .6816E-05   .1286E+02   .1109E+01    1.0000
   .4686   -.155E-02  -.2809E+01   .7222E-05   .1285E+02   .1109E+01    1.0000
   .4686   -.180E-02  -.2745E+01   .7653E-05   .1283E+02   .1108E+01    1.0000
   .4686   -.208E-02  -.2682E+01   .8110E-05   .1282E+02   .1108E+01    1.0000
   .4686   -.241E-02  -.2618E+01   .8594E-05   .1280E+02   .1107E+01    1.0000
   .4686   -.279E-02  -.2554E+01   .9106E-05   .1278E+02   .1107E+01    1.0000
   .4686   -.323E-02  -.2491E+01   .9649E-05   .1277E+02   .1106E+01    1.0000
   .4686   -.374E-02  -.2427E+01   .1023E-04   .1275E+02   .1105E+01    1.0000
   .4686   -.433E-02  -.2364E+01   .1084E-04   .1272E+02   .1105E+01    1.0000
   .4686   -.501E-02  -.2300E+01   .1148E-04   .1270E+02   .1104E+01    1.0000
   .4686   -.580E-02  -.2236E+01   .1217E-04   .1268E+02   .1103E+01    1.0000
   .4686   -.672E-02  -.2173E+01   .1289E-04   .1265E+02   .1102E+01    1.0000
   .4686   -.778E-02  -.2109E+01   .1366E-04   .1263E+02   .1101E+01    1.0000
   .4686   -.901E-02  -.2045E+01   .1448E-04   .1260E+02   .1100E+01    1.0000
   .4686   -.104E-01  -.1982E+01   .1534E-04   .1257E+02   .1099E+01    1.0000
   .4686   -.121E-01  -.1918E+01   .1626E-04   .1254E+02   .1098E+01    1.0000
   .4686   -.140E-01  -.1854E+01   .1723E-04   .1250E+02   .1097E+01    1.0000
   .4686   -.162E-01  -.1791E+01   .1825E-04   .1247E+02   .1096E+01    1.0000
   .4686   -.187E-01  -.1727E+01   .1934E-04   .1243E+02   .1095E+01    1.0000
   .4686   -.217E-01  -.1663E+01   .2050E-04   .1239E+02   .1093E+01    1.0000
   .4686   -.251E-01  -.1600E+01   .2172E-04   .1235E+02   .1092E+01    1.0000
   .4686   -.291E-01  -.1536E+01   .2301E-04   .1231E+02   .1090E+01    1.0000
   .4686   -.337E-01  -.1472E+01   .2439E-04   .1226E+02   .1088E+01    1.0000
   .4686   -.390E-01  -.1409E+01   .2584E-04   .1221E+02   .1087E+01    1.0000
   .4686   -.452E-01  -.1345E+01   .2738E-04   .1216E+02   .1085E+01    1.0000
   .4686   -.523E-01  -.1282E+01   .2902E-04   .1210E+02   .1083E+01    1.0000
   .4686   -.605E-01  -.1218E+01   .3075E-04   .1204E+02   .1081E+01    1.0000
   .4686   -.701E-01  -.1154E+01   .3258E-04   .1198E+02   .1079E+01    1.0000
   .4686   -.812E-01  -.1091E+01   .3453E-04   .1192E+02   .1076E+01    1.0000
   .4686   -.940E-01  -.1027E+01   .3659E-04   .1185E+02   .1074E+01    1.0000
   .4686   -.109E+00  -.9633E+00   .3877E-04   .1177E+02   .1071E+01    1.0000
   .4686   -.126E+00  -.8997E+00   .4108E-04   .1170E+02   .1068E+01    1.0000
   .4686   -.146E+00  -.8360E+00   .4353E-04   .1162E+02   .1065E+01    1.0000
   .4686   -.169E+00  -.7724E+00   .4613E-04   .1153E+02   .1062E+01    1.0000
   .4686   -.196E+00  -.7087E+00   .4888E-04   .1144E+02   .1058E+01    1.0000
   .4686   -.226E+00  -.6451E+00   .5179E-04   .1134E+02   .1055E+01    1.0000
   .4686   -.262E+00  -.5814E+00   .5488E-04   .1124E+02   .1051E+01    1.0000
   .4686   -.304E+00  -.5178E+00   .5815E-04   .1114E+02   .1047E+01    1.0000
   .4686   -.351E+00  -.4541E+00   .6162E-04   .1103E+02   .1042E+01    1.0000
   .4686   -.407E+00  -.3905E+00   .6529E-04   .1091E+02   .1038E+01     .9999
   .4686   -.471E+00  -.3268E+00   .6919E-04   .1078E+02   .1033E+01     .9999
   .4686   -.546E+00  -.2632E+00   .7331E-04   .1065E+02   .1027E+01     .9999
   .4686   -.632E+00  -.1995E+00   .7768E-04   .1051E+02   .1022E+01     .9999
   .4686   -.731E+00  -.1359E+00   .8230E-04   .1037E+02   .1016E+01     .9999
   .4685   -.847E+00  -.7225E-01   .8720E-04   .1021E+02   .1009E+01     .9999
   .4685   -.980E+00  -.8602E-02   .9239E-04   .1005E+02   .1002E+01     .9998
   .4685   -.114E+01   .5505E-01   .9788E-04   .9884E+01   .9949E+00     .9998
   .4685   -.131E+01   .1187E+00   .1037E-03   .9706E+01   .9871E+00     .9997
   .4685   -.152E+01   .1823E+00   .1099E-03   .9520E+01   .9786E+00     .9997
   .4685   -.176E+01   .2460E+00   .1164E-03   .9324E+01   .9696E+00     .9996
   .4684   -.204E+01   .3096E+00   .1233E-03   .9119E+01   .9600E+00     .9995
   .4684   -.236E+01   .3733E+00   .1305E-03   .8904E+01   .9496E+00     .9994
   .4683   -.273E+01   .4369E+00   .1382E-03   .8680E+01   .9385E+00     .9993
   .4683   -.317E+01   .5006E+00   .1464E-03   .8445E+01   .9266E+00     .9991
   .4682   -.367E+01   .5642E+00   .1550E-03   .8199E+01   .9138E+00     .9989
   .4681   -.424E+01   .6279E+00   .1640E-03   .7944E+01   .9000E+00     .9986
   .4680   -.491E+01   .6915E+00   .1736E-03   .7677E+01   .8852E+00     .9983
   .4678   -.569E+01   .7552E+00   .1836E-03   .7400E+01   .8692E+00     .9979
   .4677   -.659E+01   .8188E+00   .1941E-03   .7112E+01   .8520E+00     .9975
   .4675   -.763E+01   .8825E+00   .2052E-03   .6814E+01   .8334E+00     .9969
   .4672   -.883E+01   .9461E+00   .2167E-03   .6506E+01   .8133E+00     .9962
   .4669   -.102E+02   .1010E+01   .2288E-03   .6188E+01   .7915E+00     .9953
   .4665   -.118E+02   .1073E+01   .2413E-03   .5860E+01   .7679E+00     .9943
   .4661   -.137E+02   .1137E+01   .2542E-03   .5525E+01   .7423E+00     .9930
   .4655   -.159E+02   .1201E+01   .2674E-03   .5182E+01   .7145E+00     .9914
   .4648   -.184E+02   .1264E+01   .2809E-03   .4833E+01   .6842E+00     .9895
   .4640   -.213E+02   .1328E+01   .2946E-03   .4479E+01   .6512E+00     .9872
   .4630   -.246E+02   .1392E+01   .3082E-03   .4122E+01   .6152E+00     .9845
   .4617   -.285E+02   .1455E+01   .3215E-03   .3765E+01   .5758E+00     .9811
   .4603   -.330E+02   .1519E+01   .3343E-03   .3410E+01   .5328E+00     .9770
   .4585   -.382E+02   .1583E+01   .3463E-03   .3060E+01   .4857E+00     .9721
   .4564   -.443E+02   .1646E+01   .3571E-03   .2718E+01   .4342E+00     .9662
   .4538   -.513E+02   .1710E+01   .3662E-03   .2386E+01   .3778E+00     .9593
   .4508   -.594E+02   .1774E+01   .3731E-03   .2070E+01   .3160E+00     .9510
   .4473   -.687E+02   .1837E+01   .3774E-03   .1772E+01   .2484E+00     .9413
   .4432   -.796E+02   .1901E+01   .3786E-03   .1494E+01   .1745E+00     .9300
   .4385   -.921E+02   .1964E+01   .3763E-03   .1241E+01   .9388E-01     .9169
   .4330   -.107E+03   .2028E+01   .3700E-03   .1014E+01   .6204E-02     .9019
   .4269   -.124E+03   .2092E+01   .3598E-03   .8149E+00  -.8889E-01     .8850
   .4200   -.143E+03   .2155E+01   .3456E-03   .6432E+00  -.1916E+00     .8660
   .4124   -.166E+03   .2219E+01   .3278E-03   .4988E+00  -.3021E+00     .8450
   .4041   -.192E+03   .2283E+01   .3068E-03   .3799E+00  -.4204E+00     .8222
   .3952   -.222E+03   .2346E+01   .2833E-03   .2843E+00  -.5462E+00     .7976
   .3857   -.257E+03   .2410E+01   .2581E-03   .2092E+00  -.6795E+00     .7714
   .3758   -.298E+03   .2474E+01   .2322E-03   .1515E+00  -.8197E+00     .7440
   .3655   -.345E+03   .2537E+01   .2063E-03   .1080E+00  -.9664E+00     .7157
   .3550   -.399E+03   .2601E+01   .1813E-03   .7601E-01  -.1119E+01     .6867
   .3443   -.462E+03   .2665E+01   .1576E-03   .5282E-01  -.1277E+01     .6573
   .3337   -.535E+03   .2728E+01   .1357E-03   .3629E-01  -.1440E+01     .6279
   .3231   -.619E+03   .2792E+01   .1159E-03   .2470E-01  -.1607E+01     .5987
   .3127   -.717E+03   .2856E+01   .9830E-04   .1666E-01  -.1778E+01     .5699
   .3025   -.830E+03   .2919E+01   .8281E-04   .1116E-01  -.1952E+01     .5418
   .2925   -.961E+03   .2983E+01   .6938E-04   .7431E-02  -.2129E+01     .5144
   .2829   -.111E+04   .3046E+01   .5786E-04   .4920E-02  -.2308E+01     .4879
   .2737   -.129E+04   .3110E+01   .4807E-04   .3243E-02  -.2489E+01     .4624
   .2648   -.149E+04   .3174E+01   .3980E-04   .2130E-02  -.2672E+01     .4379
   .2563   -.173E+04   .3237E+01   .3286E-04   .1395E-02  -.2856E+01     .4144
   .2481   -.200E+04   .3301E+01   .2707E-04   .9108E-03  -.3041E+01     .3920
end

 Solute transport information
 ============================

 Galerkin finite-element method

 Number of species in the chain :   1

 Mat.     Bulk.D.    DispL     DispT    Fraction  ImmobileWC
   1       1.5000   10.0000    1.0000    1.0000     .0000
   2       1.5000   10.0000    1.0000    1.0000     .0000

    Dif.w.      Dif.g.   -------------------------------------------------- ( 1.solute)
   .0000E+00   .0000E+00
 Mat.     KS         Nu         Beta      Henry      SinkL1     SinkS1     SinkG1     SinkL1`    SinkS1`    SinkG1`    SinkL0     SinkS0     SinkG0      Alfa
   1  .0000E+00  .0000E+00  .1000E+01  .0000E+00  .0000E+00  .0000E+00  .0000E+00  .0000E+00  .0000E+00  .0000E+00  .0000E+00  .0000E+00  .0000E+00  .0000E+00

 No adsorption or linear adsorp. isotherm for material  1
   2  .0000E+00  .0000E+00  .1000E+01  .0000E+00  .0000E+00  .0000E+00  .0000E+00  .0000E+00  .0000E+00  .0000E+00  .0000E+00  .0000E+00  .0000E+00  .0000E+00

 No adsorption or linear adsorp. isotherm for material  2

   Conc1     Conc2     Conc3     Conc4     cSink     cWell     Conc7     gAtm          d
  .100E+01  .000E+00  .000E+00  .000E+00  .000E+00  .000E+00  .000E+00  .000E+00     .0000

 tPulse =             1.000
