

       Time         hAtm       hRoot     hKode3     hKode1        hSeep     hKode5     hKode6 ... 
      [T]          [L]        [L]        [L]        [L]        [L]        [L]        [L]

         .0001     -896.7         .0         .0         .0         .0         .0         .0
         .0002     -658.8         .0         .0         .0         .0         .0         .0
         .0003     -569.2         .0         .0         .0         .0         .0         .0
         .0004     -488.0         .0         .0         .0         .0         .0         .0
         .0006     -410.4         .0         .0         .0         .0         .0         .0
         .0008     -343.7         .0         .0         .0         .0         .0         .0
         .0011     -284.4         .0         .0         .0         .0         .0         .0
         .0015     -233.5         .0         .0         .0         .0         .0         .0
         .0020     -193.1         .0         .0         .0         .0         .0         .0
         .0024     -165.3         .0         .0         .0         .0         .0         .0
         .0031     -139.9         .0         .0         .0         .0         .0         .0
         .0037     -122.4         .0         .0         .0         .0         .0         .0
         .0045     -106.2         .0         .0         .0         .0         .0         .0
         .0056      -91.7         .0         .0         .0         .0         .0         .0
         .0066      -81.6         .0         .0         .0         .0         .0         .0
         .0080      -72.3         .0         .0         .0         .0         .0         .0
         .0094      -65.7         .0         .0         .0         .0         .0         .0
         .0108      -60.7         .0         .0         .0         .0         .0         .0
         .0121      -56.7         .0         .0         .0         .0         .0         .0
         .0135      -53.4         .0         .0         .0         .0         .0         .0
         .0149      -50.9         .0         .0         .0         .0         .0         .0
         .0163      -48.5         .0         .0         .0         .0         .0         .0
         .0177      -46.5         .0         .0         .0         .0         .0         .0
         .0190      -45.0         .0         .0         .0         .0         .0         .0
         .0204      -43.5         .0         .0         .0         .0         .0         .0
         .0222      -41.8         .0         .0         .0         .0         .0         .0
         .0240      -40.3         .0         .0         .0         .0         .0         .0
         .0258      -39.2         .0         .0         .0         .0         .0         .0
         .0276      -38.2         .0         .0         .0         .0         .0         .0
         .0294      -37.2         .0         .0         .0         .0         .0         .0
         .0312      -36.3         .0         .0         .0         .0         .0         .0
         .0335      -35.1         .0         .0         .0         .0         .0         .0
         .0358      -34.3         .0         .0         .0         .0         .0         .0
         .0381      -33.6         .0         .0         .0         .0         .0         .0
         .0405      -33.0         .0         .0         .0         .0         .0         .0
         .0428      -32.4         .0         .0         .0         .0         .0         .0
         .0451      -31.8         .0         .0         .0         .0         .0         .0
         .0475      -31.3         .0         .0         .0         .0         .0         .0
         .0505      -30.6         .0         .0         .0         .0         .0         .0
         .0535      -30.1         .0         .0         .0         .0         .0         .0
         .0565      -29.6         .0         .0         .0         .0         .0         .0
         .0596      -29.2         .0         .0         .0         .0         .0         .0
         .0626      -28.9         .0         .0         .0         .0         .0         .0
         .0656      -28.6         .0         .0         .0         .0         .0         .0
         .0686      -28.3         .0         .0         .0         .0         .0         .0
         .0716      -28.0         .0         .0         .0         .0         .0         .0
         .0747      -27.7         .0         .0         .0         .0         .0         .0
         .0777      -27.5         .0         .0         .0         .0         .0         .0
         .0807      -27.3         .0         .0         .0         .0         .0         .0
         .0837      -27.1         .0         .0         .0         .0         .0         .0
         .0868      -26.9         .0         .0         .0         .0         .0         .0
         .0907      -26.7         .0         .0         .0         .0         .0         .0
         .0946      -26.4         .0         .0         .0         .0         .0         .0
         .0986      -26.2         .0         .0         .0         .0         .0         .0
         .1025      -26.0         .0         .0         .0         .0         .0         .0
         .1065      -25.9         .0         .0         .0         .0         .0         .0
         .1104      -25.8         .0         .0         .0         .0         .0         .0
         .1143      -25.7         .0         .0         .0         .0         .0         .0
         .1183      -25.6         .0         .0         .0         .0         .0         .0
         .1222      -25.5         .0         .0         .0         .0         .0         .0
         .1261      -25.4         .0         .0         .0         .0         .0         .0
         .1301      -25.3         .0         .0         .0         .0         .0         .0
         .1340      -25.2         .0         .0         .0         .0         .0         .0
         .1379      -25.1         .0         .0         .0         .0         .0         .0
         .1419      -25.0         .0         .0         .0         .0         .0         .0
         .1458      -24.9         .0         .0         .0         .0         .0         .0
         .1498      -24.9         .0         .0         .0         .0         .0         .0
         .1537      -24.8         .0         .0         .0         .0         .0         .0
         .1576      -24.7         .0         .0         .0         .0         .0         .0
         .1616      -24.7         .0         .0         .0         .0         .0         .0
         .1655      -24.6         .0         .0         .0         .0         .0         .0
         .1694      -24.6         .0         .0         .0         .0         .0         .0
         .1734      -24.5         .0         .0         .0         .0         .0         .0
         .1785      -24.5         .0         .0         .0         .0         .0         .0
         .1836      -24.5         .0         .0         .0         .0         .0         .0
         .1888      -24.4         .0         .0         .0         .0         .0         .0
         .1939      -24.4         .0         .0         .0         .0         .0         .0
         .1990      -24.3         .0         .0         .0         .0         .0         .0
         .2042      -24.3         .0         .0         .0         .0         .0         .0
         .2093      -24.3         .0         .0         .0         .0         .0         .0
         .2144      -24.2         .0         .0         .0         .0         .0         .0
         .2196      -24.2         .0         .0         .0         .0         .0         .0
         .2247      -24.2         .0         .0         .0         .0         .0         .0
         .2298      -24.1         .0         .0         .0         .0         .0         .0
         .2350      -24.1         .0         .0         .0         .0         .0         .0
         .2401      -24.1         .0         .0         .0         .0         .0         .0
         .2452      -24.1         .0         .0         .0         .0         .0         .0
         .2504      -24.0         .0         .0         .0         .0         .0         .0
         .2555      -24.0         .0         .0         .0         .0         .0         .0
         .2622      -24.0         .0         .0         .0         .0         .0         .0
         .2688      -24.0         .0         .0         .0         .0         .0         .0
         .2755      -24.0         .0         .0         .0         .0         .0         .0
         .2821      -24.0         .0         .0         .0         .0         .0         .0
         .2888      -23.9         .0         .0         .0         .0         .0         .0
         .2954      -23.9         .0         .0         .0         .0         .0         .0
         .3020      -23.9         .0         .0         .0         .0         .0         .0
         .3087      -23.9         .0         .0         .0         .0         .0         .0
         .3153      -23.9         .0         .0         .0         .0         .0         .0
         .3220      -23.9         .0         .0         .0         .0         .0         .0
         .3286      -23.9         .0         .0         .0         .0         .0         .0
         .3353      -23.8         .0         .0         .0         .0         .0         .0
         .3419      -23.8         .0         .0         .0         .0         .0         .0
         .3486      -23.8         .0         .0         .0         .0         .0         .0
         .3552      -23.8         .0         .0         .0         .0         .0         .0
         .3619      -23.8         .0         .0         .0         .0         .0         .0
         .3685      -23.8         .0         .0         .0         .0         .0         .0
         .3752      -23.8         .0         .0         .0         .0         .0         .0
         .3818      -23.8         .0         .0         .0         .0         .0         .0
         .3885      -23.8         .0         .0         .0         .0         .0         .0
         .3951      -23.8         .0         .0         .0         .0         .0         .0
         .4018      -23.8         .0         .0         .0         .0         .0         .0
         .4084      -23.8         .0         .0         .0         .0         .0         .0
         .4150      -23.8         .0         .0         .0         .0         .0         .0
         .4217      -23.8         .0         .0         .0         .0         .0         .0
         .4283      -23.8         .0         .0         .0         .0         .0         .0
         .4350      -23.8         .0         .0         .0         .0         .0         .0
         .4416      -23.7         .0         .0         .0         .0         .0         .0
         .4483      -23.7         .0         .0         .0         .0         .0         .0
         .4549      -23.7         .0         .0         .0         .0         .0         .0
         .4616      -23.7         .0         .0         .0         .0         .0         .0
         .4682      -23.7         .0         .0         .0         .0         .0         .0
         .4749      -23.7         .0         .0         .0         .0         .0         .0
         .4815      -23.7         .0         .0         .0         .0         .0         .0
         .4882      -23.7         .0         .0         .0         .0         .0         .0
         .4948      -23.7         .0         .0         .0         .0         .0         .0
         .5015      -23.7         .0         .0         .0         .0         .0         .0
         .5081      -23.7         .0         .0         .0         .0         .0         .0
         .5148      -23.7         .0         .0         .0         .0         .0         .0
         .5214      -23.7         .0         .0         .0         .0         .0         .0
         .5281      -23.7         .0         .0         .0         .0         .0         .0
         .5347      -23.7         .0         .0         .0         .0         .0         .0
         .5413      -23.7         .0         .0         .0         .0         .0         .0
         .5480      -23.7         .0         .0         .0         .0         .0         .0
         .5546      -23.7         .0         .0         .0         .0         .0         .0
         .5613      -23.7         .0         .0         .0         .0         .0         .0
         .5679      -23.7         .0         .0         .0         .0         .0         .0
         .5746      -23.7         .0         .0         .0         .0         .0         .0
         .5812      -23.7         .0         .0         .0         .0         .0         .0
         .5879      -23.7         .0         .0         .0         .0         .0         .0
         .5945      -23.7         .0         .0         .0         .0         .0         .0
         .6012      -23.7         .0         .0         .0         .0         .0         .0
         .6078      -23.7         .0         .0         .0         .0         .0         .0
         .6145      -23.7         .0         .0         .0         .0         .0         .0
         .6211      -23.7         .0         .0         .0         .0         .0         .0
         .6297      -23.7         .0         .0         .0         .0         .0         .0
         .6383      -23.7         .0         .0         .0         .0         .0         .0
         .6469      -23.7         .0         .0         .0         .0         .0         .0
         .6556      -23.7         .0         .0         .0         .0         .0         .0
         .6642      -23.7         .0         .0         .0         .0         .0         .0
         .6728      -23.7         .0         .0         .0         .0         .0         .0
         .6814      -23.7         .0         .0         .0         .0         .0         .0
         .6900      -23.7         .0         .0         .0         .0         .0         .0
         .6986      -23.7         .0         .0         .0         .0         .0         .0
         .7072      -23.7         .0         .0         .0         .0         .0         .0
         .7158      -23.7         .0         .0         .0         .0         .0         .0
         .7244      -23.7         .0         .0         .0         .0         .0         .0
         .7331      -23.7         .0         .0         .0         .0         .0         .0
         .7417      -23.7         .0         .0         .0         .0         .0         .0
         .7503      -23.7         .0         .0         .0         .0         .0         .0
         .7589      -23.7         .0         .0         .0         .0         .0         .0
         .7675      -23.7         .0         .0         .0         .0         .0         .0
         .7761      -23.7         .0         .0         .0         .0         .0         .0
         .7847      -23.7         .0         .0         .0         .0         .0         .0
         .7933      -23.7         .0         .0         .0         .0         .0         .0
         .8019      -23.7         .0         .0         .0         .0         .0         .0
         .8106      -23.7         .0         .0         .0         .0         .0         .0
         .8192      -23.7         .0         .0         .0         .0         .0         .0
         .8278      -23.7         .0         .0         .0         .0         .0         .0
         .8364      -23.7         .0         .0         .0         .0         .0         .0
         .8450      -23.7         .0         .0         .0         .0         .0         .0
         .8536      -23.7         .0         .0         .0         .0         .0         .0
         .8622      -23.7         .0         .0         .0         .0         .0         .0
         .8708      -23.7         .0         .0         .0         .0         .0         .0
         .8794      -23.7         .0         .0         .0         .0         .0         .0
         .8881      -23.7         .0         .0         .0         .0         .0         .0
         .8967      -23.7         .0         .0         .0         .0         .0         .0
         .9053      -23.7         .0         .0         .0         .0         .0         .0
         .9139      -23.7         .0         .0         .0         .0         .0         .0
         .9225      -23.7         .0         .0         .0         .0         .0         .0
         .9311      -23.7         .0         .0         .0         .0         .0         .0
         .9397      -23.7         .0         .0         .0         .0         .0         .0
         .9483      -23.7         .0         .0         .0         .0         .0         .0
         .9569      -23.7         .0         .0         .0         .0         .0         .0
         .9656      -23.7         .0         .0         .0         .0         .0         .0
         .9742      -23.7         .0         .0         .0         .0         .0         .0
         .9828      -23.7         .0         .0         .0         .0         .0         .0
         .9914      -23.7         .0         .0         .0         .0         .0         .0
        1.0000      -23.7         .0         .0         .0         .0         .0         .0
        1.0086      -37.6         .0         .0         .0         .0         .0         .0
        1.0147      -42.2         .0         .0         .0         .0         .0         .0
        1.0189      -44.6         .0         .0         .0         .0         .0         .0
        1.0219      -46.0         .0         .0         .0         .0         .0         .0
        1.0257      -47.6         .0         .0         .0         .0         .0         .0
        1.0284      -48.7         .0         .0         .0         .0         .0         .0
        1.0319      -50.0         .0         .0         .0         .0         .0         .0
        1.0344      -50.8         .0         .0         .0         .0         .0         .0
        1.0376      -51.9         .0         .0         .0         .0         .0         .0
        1.0398      -52.7         .0         .0         .0         .0         .0         .0
        1.0427      -53.6         .0         .0         .0         .0         .0         .0
        1.0448      -54.2         .0         .0         .0         .0         .0         .0
        1.0468      -54.8         .0         .0         .0         .0         .0         .0
        1.0495      -55.6         .0         .0         .0         .0         .0         .0
        1.0513      -56.1         .0         .0         .0         .0         .0         .0
        1.0537      -56.8         .0         .0         .0         .0         .0         .0
        1.0554      -57.2         .0         .0         .0         .0         .0         .0
        1.0576      -57.8         .0         .0         .0         .0         .0         .0
        1.0591      -58.2         .0         .0         .0         .0         .0         .0
        1.0611      -58.7         .0         .0         .0         .0         .0         .0
        1.0625      -59.1         .0         .0         .0         .0         .0         .0
        1.0643      -59.5         .0         .0         .0         .0         .0         .0
        1.0661      -60.0         .0         .0         .0         .0         .0         .0
        1.0685      -60.6         .0         .0         .0         .0         .0         .0
        1.0702      -61.0         .0         .0         .0         .0         .0         .0
        1.0723      -61.5         .0         .0         .0         .0         .0         .0
        1.0738      -61.8         .0         .0         .0         .0         .0         .0
        1.0749      -62.1         .0         .0         .0         .0         .0         .0
        1.0762      -62.4         .0         .0         .0         .0         .0         .0
        1.0772      -62.6         .0         .0         .0         .0         .0         .0
        1.0784      -62.8         .0         .0         .0         .0         .0         .0
        1.0793      -63.0         .0         .0         .0         .0         .0         .0
        1.0804      -63.3         .0         .0         .0         .0         .0         .0
        1.0812      -63.4         .0         .0         .0         .0         .0         .0
        1.0822      -63.6         .0         .0         .0         .0         .0         .0
        1.0833      -63.8         .0         .0         .0         .0         .0         .0
        1.0846      -64.1         .0         .0         .0         .0         .0         .0
        1.0855      -64.3         .0         .0         .0         .0         .0         .0
        1.0868      -64.6         .0         .0         .0         .0         .0         .0
        1.0876      -64.7         .0         .0         .0         .0         .0         .0
        1.0887      -65.0         .0         .0         .0         .0         .0         .0
        1.0895      -65.1         .0         .0         .0         .0         .0         .0
        1.0905      -65.3         .0         .0         .0         .0         .0         .0
        1.0912      -65.5         .0         .0         .0         .0         .0         .0
        1.0921      -65.7         .0         .0         .0         .0         .0         .0
        1.0928      -65.8         .0         .0         .0         .0         .0         .0
        1.0936      -66.0         .0         .0         .0         .0         .0         .0
        1.0942      -66.1         .0         .0         .0         .0         .0         .0
        1.0950      -66.2         .0         .0         .0         .0         .0         .0
        1.0957      -66.4         .0         .0         .0         .0         .0         .0
        1.0967      -66.6         .0         .0         .0         .0         .0         .0
        1.0974      -66.7         .0         .0         .0         .0         .0         .0
        1.0983      -66.8         .0         .0         .0         .0         .0         .0
        1.0989      -67.0         .0         .0         .0         .0         .0         .0
        1.0998      -67.1         .0         .0         .0         .0         .0         .0
        1.1006      -67.3         .0         .0         .0         .0         .0         .0
        1.1011      -67.4         .0         .0         .0         .0         .0         .0
        1.1019      -67.5         .0         .0         .0         .0         .0         .0
        1.1026      -67.6         .0         .0         .0         .0         .0         .0
        1.1034      -67.8         .0         .0         .0         .0         .0         .0
        1.1043      -67.9         .0         .0         .0         .0         .0         .0
        1.1056      -68.2         .0         .0         .0         .0         .0         .0
        1.1065      -68.3         .0         .0         .0         .0         .0         .0
        1.1076      -68.5         .0         .0         .0         .0         .0         .0
        1.1084      -68.7         .0         .0         .0         .0         .0         .0
        1.1090      -68.8         .0         .0         .0         .0         .0         .0
        1.1097      -68.9         .0         .0         .0         .0         .0         .0
        1.1107      -69.1         .0         .0         .0         .0         .0         .0
        1.1113      -69.2         .0         .0         .0         .0         .0         .0
        1.1118      -69.3         .0         .0         .0         .0         .0         .0
        1.1123      -69.4         .0         .0         .0         .0         .0         .0
        1.1129      -69.5         .0         .0         .0         .0         .0         .0
        1.1133      -69.5         .0         .0         .0         .0         .0         .0
        1.1138      -69.6         .0         .0         .0         .0         .0         .0
        1.1142      -69.7         .0         .0         .0         .0         .0         .0
        1.1146      -69.8         .0         .0         .0         .0         .0         .0
        1.1151      -69.9         .0         .0         .0         .0         .0         .0
        1.1156      -70.0         .0         .0         .0         .0         .0         .0
        1.1163      -70.1         .0         .0         .0         .0         .0         .0
        1.1171      -70.2         .0         .0         .0         .0         .0         .0
        1.1177      -70.3         .0         .0         .0         .0         .0         .0
        1.1183      -70.4         .0         .0         .0         .0         .0         .0
        1.1187      -70.5         .0         .0         .0         .0         .0         .0
        1.1192      -70.6         .0         .0         .0         .0         .0         .0
        1.1199      -70.7         .0         .0         .0         .0         .0         .0
        1.1209      -70.8         .0         .0         .0         .0         .0         .0
        1.1215      -70.9         .0         .0         .0         .0         .0         .0
        1.1219      -71.0         .0         .0         .0         .0         .0         .0
        1.1225      -71.1         .0         .0         .0         .0         .0         .0
        1.1229      -71.2         .0         .0         .0         .0         .0         .0
        1.1235      -71.3         .0         .0         .0         .0         .0         .0
        1.1241      -71.4         .0         .0         .0         .0         .0         .0
        1.1250      -71.5         .0         .0         .0         .0         .0         .0
        1.1262      -71.7         .0         .0         .0         .0         .0         .0
        1.1270      -71.8         .0         .0         .0         .0         .0         .0
        1.1278      -71.9         .0         .0         .0         .0         .0         .0
        1.1289      -72.1         .0         .0         .0         .0         .0         .0
        1.1299      -72.2         .0         .0         .0         .0         .0         .0
        1.1313      -72.4         .0         .0         .0         .0         .0         .0
        1.1323      -72.6         .0         .0         .0         .0         .0         .0
        1.1329      -72.7         .0         .0         .0         .0         .0         .0
        1.1338      -72.8         .0         .0         .0         .0         .0         .0
        1.1349      -73.0         .0         .0         .0         .0         .0         .0
        1.1364      -73.2         .0         .0         .0         .0         .0         .0
        1.1375      -73.3         .0         .0         .0         .0         .0         .0
        1.1385      -73.5         .0         .0         .0         .0         .0         .0
        1.1398      -73.7         .0         .0         .0         .0         .0         .0
        1.1416      -73.9         .0         .0         .0         .0         .0         .0
        1.1428      -74.1         .0         .0         .0         .0         .0         .0
        1.1437      -74.2         .0         .0         .0         .0         .0         .0
        1.1448      -74.4         .0         .0         .0         .0         .0         .0
        1.1462      -74.6         .0         .0         .0         .0         .0         .0
        1.1481      -74.9         .0         .0         .0         .0         .0         .0
        1.1494      -75.0         .0         .0         .0         .0         .0         .0
        1.1511      -75.3         .0         .0         .0         .0         .0         .0
        1.1523      -75.4         .0         .0         .0         .0         .0         .0
        1.1539      -75.6         .0         .0         .0         .0         .0         .0
        1.1550      -75.8         .0         .0         .0         .0         .0         .0
        1.1564      -76.0         .0         .0         .0         .0         .0         .0
        1.1574      -76.1         .0         .0         .0         .0         .0         .0
        1.1587      -76.3         .0         .0         .0         .0         .0         .0
        1.1603      -76.5         .0         .0         .0         .0         .0         .0
        1.1625      -76.7         .0         .0         .0         .0         .0         .0
        1.1641      -76.9         .0         .0         .0         .0         .0         .0
        1.1660      -77.2         .0         .0         .0         .0         .0         .0
        1.1686      -77.5         .0         .0         .0         .0         .0         .0
        1.1704      -77.7         .0         .0         .0         .0         .0         .0
        1.1728      -78.0         .0         .0         .0         .0         .0         .0
        1.1744      -78.2         .0         .0         .0         .0         .0         .0
        1.1765      -78.4         .0         .0         .0         .0         .0         .0
        1.1780      -78.6         .0         .0         .0         .0         .0         .0
        1.1791      -78.7         .0         .0         .0         .0         .0         .0
        1.1804      -78.8         .0         .0         .0         .0         .0         .0
        1.1822      -79.1         .0         .0         .0         .0         .0         .0
        1.1840      -79.3         .0         .0         .0         .0         .0         .0
        1.1863      -79.5         .0         .0         .0         .0         .0         .0
        1.1879      -79.7         .0         .0         .0         .0         .0         .0
        1.1900      -79.9         .0         .0         .0         .0         .0         .0
        1.1914      -80.1         .0         .0         .0         .0         .0         .0
        1.1925      -80.2         .0         .0         .0         .0         .0         .0
        1.1938      -80.3         .0         .0         .0         .0         .0         .0
        1.1955      -80.5         .0         .0         .0         .0         .0         .0
        1.1978      -80.8         .0         .0         .0         .0         .0         .0
        1.1994      -81.0         .0         .0         .0         .0         .0         .0
        1.2009      -81.1         .0         .0         .0         .0         .0         .0
        1.2030      -81.3         .0         .0         .0         .0         .0         .0
        1.2056      -81.6         .0         .0         .0         .0         .0         .0
        1.2083      -81.9         .0         .0         .0         .0         .0         .0
        1.2118      -82.2         .0         .0         .0         .0         .0         .0
        1.2142      -82.5         .0         .0         .0         .0         .0         .0
        1.2174      -82.8         .0         .0         .0         .0         .0         .0
        1.2196      -83.0         .0         .0         .0         .0         .0         .0
        1.2224      -83.2         .0         .0         .0         .0         .0         .0
        1.2261      -83.6         .0         .0         .0         .0         .0         .0
        1.2288      -83.8         .0         .0         .0         .0         .0         .0
        1.2314      -84.1         .0         .0         .0         .0         .0         .0
        1.2347      -84.4         .0         .0         .0         .0         .0         .0
        1.2391      -84.8         .0         .0         .0         .0         .0         .0
        1.2422      -85.0         .0         .0         .0         .0         .0         .0
        1.2453      -85.3         .0         .0         .0         .0         .0         .0
        1.2493      -85.7         .0         .0         .0         .0         .0         .0
        1.2522      -85.9         .0         .0         .0         .0         .0         .0
        1.2558      -86.2         .0         .0         .0         .0         .0         .0
        1.2584      -86.4         .0         .0         .0         .0         .0         .0
        1.2617      -86.7         .0         .0         .0         .0         .0         .0
        1.2640      -86.9         .0         .0         .0         .0         .0         .0
        1.2670      -87.1         .0         .0         .0         .0         .0         .0
        1.2692      -87.3         .0         .0         .0         .0         .0         .0
        1.2719      -87.5         .0         .0         .0         .0         .0         .0
        1.2738      -87.7         .0         .0         .0         .0         .0         .0
        1.2763      -87.9         .0         .0         .0         .0         .0         .0
        1.2796      -88.1         .0         .0         .0         .0         .0         .0
        1.2838      -88.4         .0         .0         .0         .0         .0         .0
        1.2893      -88.8         .0         .0         .0         .0         .0         .0
        1.2965      -89.3         .0         .0         .0         .0         .0         .0
        1.3015      -89.7         .0         .0         .0         .0         .0         .0
        1.3080      -90.1         .0         .0         .0         .0         .0         .0
        1.3126      -90.4         .0         .0         .0         .0         .0         .0
        1.3158      -90.7         .0         .0         .0         .0         .0         .0
        1.3199      -90.9         .0         .0         .0         .0         .0         .0
        1.3228      -91.1         .0         .0         .0         .0         .0         .0
        1.3266      -91.4         .0         .0         .0         .0         .0         .0
        1.3304      -91.6         .0         .0         .0         .0         .0         .0
        1.3353      -92.0         .0         .0         .0         .0         .0         .0
        1.3387      -92.2         .0         .0         .0         .0         .0         .0
        1.3421      -92.4         .0         .0         .0         .0         .0         .0
        1.3466      -92.7         .0         .0         .0         .0         .0         .0
        1.3524      -93.1         .0         .0         .0         .0         .0         .0
        1.3565      -93.3         .0         .0         .0         .0         .0         .0
        1.3605      -93.6         .0         .0         .0         .0         .0         .0
        1.3658      -93.9         .0         .0         .0         .0         .0         .0
        1.3727      -94.3         .0         .0         .0         .0         .0         .0
        1.3775      -94.6         .0         .0         .0         .0         .0         .0
        1.3837      -95.0         .0         .0         .0         .0         .0         .0
        1.3918      -95.5         .0         .0         .0         .0         .0         .0
        1.3975      -95.8         .0         .0         .0         .0         .0         .0
        1.4049      -96.2         .0         .0         .0         .0         .0         .0
        1.4145      -96.7         .0         .0         .0         .0         .0         .0
        1.4212      -97.1         .0         .0         .0         .0         .0         .0
        1.4300      -97.5         .0         .0         .0         .0         .0         .0
        1.4361      -97.9         .0         .0         .0         .0         .0         .0
        1.4404      -98.1         .0         .0         .0         .0         .0         .0
        1.4460      -98.4         .0         .0         .0         .0         .0         .0
        1.4532      -98.8         .0         .0         .0         .0         .0         .0
        1.4626      -99.3         .0         .0         .0         .0         .0         .0
        1.4691      -99.6         .0         .0         .0         .0         .0         .0
        1.4777     -100.0         .0         .0         .0         .0         .0         .0
        1.4888     -100.5         .0         .0         .0         .0         .0         .0
        1.4966     -100.9         .0         .0         .0         .0         .0         .0
        1.5020     -101.2         .0         .0         .0         .0         .0         .0
        1.5092     -101.5         .0         .0         .0         .0         .0         .0
        1.5184     -101.9         .0         .0         .0         .0         .0         .0
        1.5248     -102.2         .0         .0         .0         .0         .0         .0
        1.5332     -102.6         .0         .0         .0         .0         .0         .0
        1.5440     -103.1         .0         .0         .0         .0         .0         .0
        1.5516     -103.4         .0         .0         .0         .0         .0         .0
        1.5616     -103.8         .0         .0         .0         .0         .0         .0
        1.5685     -104.1         .0         .0         .0         .0         .0         .0
        1.5775     -104.5         .0         .0         .0         .0         .0         .0
        1.5838     -104.7         .0         .0         .0         .0         .0         .0
        1.5920     -105.1         .0         .0         .0         .0         .0         .0
        1.6002     -105.4         .0         .0         .0         .0         .0         .0
        1.6110     -105.8         .0         .0         .0         .0         .0         .0
        1.6185     -106.1         .0         .0         .0         .0         .0         .0
        1.6282     -106.5         .0         .0         .0         .0         .0         .0
        1.6411     -107.0         .0         .0         .0         .0         .0         .0
        1.6498     -107.3         .0         .0         .0         .0         .0         .0
        1.6615     -107.7         .0         .0         .0         .0         .0         .0
        1.6695     -108.0         .0         .0         .0         .0         .0         .0
        1.6799     -108.4         .0         .0         .0         .0         .0         .0
        1.6871     -108.7         .0         .0         .0         .0         .0         .0
        1.6966     -109.0         .0         .0         .0         .0         .0         .0
        1.7032     -109.3         .0         .0         .0         .0         .0         .0
        1.7119     -109.6         .0         .0         .0         .0         .0         .0
        1.7230     -110.0         .0         .0         .0         .0         .0         .0
        1.7341     -110.3         .0         .0         .0         .0         .0         .0
        1.7489     -110.8         .0         .0         .0         .0         .0         .0
        1.7593     -111.2         .0         .0         .0         .0         .0         .0
        1.7727     -111.6         .0         .0         .0         .0         .0         .0
        1.7902     -112.2         .0         .0         .0         .0         .0         .0
        1.8025     -112.6         .0         .0         .0         .0         .0         .0
        1.8149     -113.0         .0         .0         .0         .0         .0         .0
        1.8303     -113.5         .0         .0         .0         .0         .0         .0
        1.8416     -113.8         .0         .0         .0         .0         .0         .0
        1.8560     -114.3         .0         .0         .0         .0         .0         .0
        1.8663     -114.6         .0         .0         .0         .0         .0         .0
        1.8797     -115.0         .0         .0         .0         .0         .0         .0
        1.8969     -115.5         .0         .0         .0         .0         .0         .0
        1.9083     -115.8         .0         .0         .0         .0         .0         .0
        1.9236     -116.3         .0         .0         .0         .0         .0         .0
        1.9427     -116.8         .0         .0         .0         .0         .0         .0
        1.9570     -117.2         .0         .0         .0         .0         .0         .0
        1.9785     -117.8         .0         .0         .0         .0         .0         .0
        1.9893     -118.1         .0         .0         .0         .0         .0         .0
        2.0000     -118.4         .0         .0         .0         .0         .0         .0
        2.0167     -118.8         .0         .0         .0         .0         .0         .0
        2.0333     -119.3         .0         .0         .0         .0         .0         .0
        2.0549     -119.9         .0         .0         .0         .0         .0         .0
        2.0766     -120.4         .0         .0         .0         .0         .0         .0
        2.1048     -121.1         .0         .0         .0         .0         .0         .0
        2.1246     -121.6         .0         .0         .0         .0         .0         .0
        2.1503     -122.2         .0         .0         .0         .0         .0         .0
        2.1682     -122.7         .0         .0         .0         .0         .0         .0
        2.1914     -123.2         .0         .0         .0         .0         .0         .0
        2.2077     -123.6         .0         .0         .0         .0         .0         .0
        2.2288     -124.1         .0         .0         .0         .0         .0         .0
        2.2565     -124.8         .0         .0         .0         .0         .0         .0
        2.2758     -125.2         .0         .0         .0         .0         .0         .0
        2.3008     -125.8         .0         .0         .0         .0         .0         .0
        2.3335     -126.6         .0         .0         .0         .0         .0         .0
        2.3563     -127.1         .0         .0         .0         .0         .0         .0
        2.3862     -127.7         .0         .0         .0         .0         .0         .0
        2.4246     -128.6         .0         .0         .0         .0         .0         .0
        2.4518     -129.1         .0         .0         .0         .0         .0         .0
        2.4790     -129.7         .0         .0         .0         .0         .0         .0
        2.5061     -130.3         .0         .0         .0         .0         .0         .0
        2.5409     -131.0         .0         .0         .0         .0         .0         .0
        2.5865     -131.9         .0         .0         .0         .0         .0         .0
        2.6186     -132.6         .0         .0         .0         .0         .0         .0
        2.6605     -133.4         .0         .0         .0         .0         .0         .0
        2.6896     -134.0         .0         .0         .0         .0         .0         .0
        2.7270     -134.7         .0         .0         .0         .0         .0         .0
        2.7535     -135.2         .0         .0         .0         .0         .0         .0
        2.7882     -135.8         .0         .0         .0         .0         .0         .0
        2.8330     -136.6         .0         .0         .0         .0         .0         .0
        2.8646     -137.2         .0         .0         .0         .0         .0         .0
        2.9051     -137.9         .0         .0         .0         .0         .0         .0
        2.9573     -138.8         .0         .0         .0         .0         .0         .0
        3.0268     -139.9         .0         .0         .0         .0         .0         .0
        3.0754     -140.7         .0         .0         .0         .0         .0         .0
        3.1371     -141.7         .0         .0         .0         .0         .0         .0
        3.2155     -143.0         .0         .0         .0         .0         .0         .0
        3.2716     -143.8         .0         .0         .0         .0         .0         .0
        3.3444     -144.9         .0         .0         .0         .0         .0         .0
        3.4381     -146.4         .0         .0         .0         .0         .0         .0
        3.5083     -147.4         .0         .0         .0         .0         .0         .0
        3.5903     -148.6         .0         .0         .0         .0         .0         .0
        3.6927     -150.0         .0         .0         .0         .0         .0         .0
        3.7695     -151.1         .0         .0         .0         .0         .0         .0
        3.8848     -152.6         .0         .0         .0         .0         .0         .0
        4.0000     -154.1         .0         .0         .0         .0         .0         .0
        4.0732     -155.1         .0         .0         .0         .0         .0         .0
        4.1676     -156.2         .0         .0         .0         .0         .0         .0
        4.2907     -157.7         .0         .0         .0         .0         .0         .0
        4.3754     -158.7         .0         .0         .0         .0         .0         .0
        4.4848     -160.0         .0         .0         .0         .0         .0         .0
        4.6327     -161.6         .0         .0         .0         .0         .0         .0
        4.8148     -163.6         .0         .0         .0         .0         .0         .0
        4.9969     -165.5         .0         .0         .0         .0         .0         .0
        5.2473     -168.0         .0         .0         .0         .0         .0         .0
        5.5394     -170.9         .0         .0         .0         .0         .0         .0
        5.7481     -172.9         .0         .0         .0         .0         .0         .0
        6.0611     -175.7         .0         .0         .0         .0         .0         .0
        6.2488     -177.4         .0         .0         .0         .0         .0         .0
        6.4992     -179.6         .0         .0         .0         .0         .0         .0
        7.0000     -183.6         .0         .0         .0         .0         .0         .0
        7.0001     -180.9         .0         .0         .0         .0         .0         .0
        7.0002     -174.1         .0         .0         .0         .0         .0         .0
        7.0003     -167.9         .0         .0         .0         .0         .0         .0
        7.0004     -160.6         .0         .0         .0         .0         .0         .0
        7.0006     -151.0         .0         .0         .0         .0         .0         .0
        7.0009     -141.5         .0         .0         .0         .0         .0         .0
        7.0012     -130.0         .0         .0         .0         .0         .0         .0
        7.0017     -118.7         .0         .0         .0         .0         .0         .0
        7.0022     -106.5         .0         .0         .0         .0         .0         .0
        7.0030      -94.2         .0         .0         .0         .0         .0         .0
        7.0039      -82.5         .0         .0         .0         .0         .0         .0
        7.0049      -73.9         .0         .0         .0         .0         .0         .0
        7.0059      -67.2         .0         .0         .0         .0         .0         .0
        7.0068      -61.7         .0         .0         .0         .0         .0         .0
        7.0081      -56.6         .0         .0         .0         .0         .0         .0
        7.0094      -52.7         .0         .0         .0         .0         .0         .0
        7.0106      -49.6         .0         .0         .0         .0         .0         .0
        7.0119      -47.0         .0         .0         .0         .0         .0         .0
        7.0135      -44.7         .0         .0         .0         .0         .0         .0
        7.0151      -42.7         .0         .0         .0         .0         .0         .0
        7.0168      -40.9         .0         .0         .0         .0         .0         .0
        7.0184      -39.6         .0         .0         .0         .0         .0         .0
        7.0200      -38.4         .0         .0         .0         .0         .0         .0
        7.0216      -37.4         .0         .0         .0         .0         .0         .0
        7.0233      -36.4         .0         .0         .0         .0         .0         .0
        7.0254      -35.2         .0         .0         .0         .0         .0         .0
        7.0275      -34.3         .0         .0         .0         .0         .0         .0
        7.0296      -33.6         .0         .0         .0         .0         .0         .0
        7.0318      -32.9         .0         .0         .0         .0         .0         .0
        7.0339      -32.2         .0         .0         .0         .0         .0         .0
        7.0360      -31.6         .0         .0         .0         .0         .0         .0
        7.0381      -31.1         .0         .0         .0         .0         .0         .0
        7.0409      -30.4         .0         .0         .0         .0         .0         .0
        7.0436      -29.9         .0         .0         .0         .0         .0         .0
        7.0464      -29.5         .0         .0         .0         .0         .0         .0
        7.0491      -29.1         .0         .0         .0         .0         .0         .0
        7.0519      -28.8         .0         .0         .0         .0         .0         .0
        7.0546      -28.5         .0         .0         .0         .0         .0         .0
        7.0574      -28.2         .0         .0         .0         .0         .0         .0
        7.0602      -27.9         .0         .0         .0         .0         .0         .0
        7.0629      -27.6         .0         .0         .0         .0         .0         .0
        7.0657      -27.4         .0         .0         .0         .0         .0         .0
        7.0684      -27.2         .0         .0         .0         .0         .0         .0
        7.0712      -27.0         .0         .0         .0         .0         .0         .0
        7.0748      -26.7         .0         .0         .0         .0         .0         .0
        7.0784      -26.5         .0         .0         .0         .0         .0         .0
        7.0819      -26.2         .0         .0         .0         .0         .0         .0
        7.0855      -26.1         .0         .0         .0         .0         .0         .0
        7.0891      -25.9         .0         .0         .0         .0         .0         .0
        7.0927      -25.8         .0         .0         .0         .0         .0         .0
        7.0963      -25.7         .0         .0         .0         .0         .0         .0
        7.0999      -25.6         .0         .0         .0         .0         .0         .0
        7.1035      -25.5         .0         .0         .0         .0         .0         .0
        7.1070      -25.4         .0         .0         .0         .0         .0         .0
        7.1106      -25.3         .0         .0         .0         .0         .0         .0
        7.1142      -25.2         .0         .0         .0         .0         .0         .0
        7.1178      -25.1         .0         .0         .0         .0         .0         .0
        7.1225      -25.0         .0         .0         .0         .0         .0         .0
        7.1271      -24.9         .0         .0         .0         .0         .0         .0
        7.1318      -24.8         .0         .0         .0         .0         .0         .0
        7.1365      -24.7         .0         .0         .0         .0         .0         .0
        7.1411      -24.6         .0         .0         .0         .0         .0         .0
        7.1458      -24.6         .0         .0         .0         .0         .0         .0
        7.1505      -24.5         .0         .0         .0         .0         .0         .0
        7.1551      -24.5         .0         .0         .0         .0         .0         .0
        7.1598      -24.4         .0         .0         .0         .0         .0         .0
        7.1645      -24.4         .0         .0         .0         .0         .0         .0
        7.1691      -24.4         .0         .0         .0         .0         .0         .0
        7.1738      -24.3         .0         .0         .0         .0         .0         .0
        7.1785      -24.3         .0         .0         .0         .0         .0         .0
        7.1831      -24.2         .0         .0         .0         .0         .0         .0
        7.1878      -24.2         .0         .0         .0         .0         .0         .0
        7.1925      -24.2         .0         .0         .0         .0         .0         .0
        7.1972      -24.1         .0         .0         .0         .0         .0         .0
        7.2018      -24.1         .0         .0         .0         .0         .0         .0
        7.2065      -24.1         .0         .0         .0         .0         .0         .0
        7.2112      -24.1         .0         .0         .0         .0         .0         .0
        7.2158      -24.1         .0         .0         .0         .0         .0         .0
        7.2205      -24.0         .0         .0         .0         .0         .0         .0
        7.2252      -24.0         .0         .0         .0         .0         .0         .0
        7.2298      -24.0         .0         .0         .0         .0         .0         .0
        7.2345      -24.0         .0         .0         .0         .0         .0         .0
        7.2392      -24.0         .0         .0         .0         .0         .0         .0
        7.2452      -24.0         .0         .0         .0         .0         .0         .0
        7.2512      -23.9         .0         .0         .0         .0         .0         .0
        7.2573      -23.9         .0         .0         .0         .0         .0         .0
        7.2633      -23.9         .0         .0         .0         .0         .0         .0
        7.2694      -23.9         .0         .0         .0         .0         .0         .0
        7.2754      -23.9         .0         .0         .0         .0         .0         .0
        7.2814      -23.9         .0         .0         .0         .0         .0         .0
        7.2875      -23.9         .0         .0         .0         .0         .0         .0
        7.2935      -23.8         .0         .0         .0         .0         .0         .0
        7.2995      -23.8         .0         .0         .0         .0         .0         .0
        7.3056      -23.8         .0         .0         .0         .0         .0         .0
        7.3116      -23.8         .0         .0         .0         .0         .0         .0
        7.3177      -23.8         .0         .0         .0         .0         .0         .0
        7.3237      -23.8         .0         .0         .0         .0         .0         .0
        7.3297      -23.8         .0         .0         .0         .0         .0         .0
        7.3358      -23.8         .0         .0         .0         .0         .0         .0
        7.3418      -23.8         .0         .0         .0         .0         .0         .0
        7.3479      -23.8         .0         .0         .0         .0         .0         .0
        7.3539      -23.8         .0         .0         .0         .0         .0         .0
        7.3599      -23.8         .0         .0         .0         .0         .0         .0
        7.3660      -23.8         .0         .0         .0         .0         .0         .0
        7.3720      -23.8         .0         .0         .0         .0         .0         .0
        7.3780      -23.8         .0         .0         .0         .0         .0         .0
        7.3841      -23.8         .0         .0         .0         .0         .0         .0
        7.3901      -23.7         .0         .0         .0         .0         .0         .0
        7.3962      -23.7         .0         .0         .0         .0         .0         .0
        7.4022      -23.7         .0         .0         .0         .0         .0         .0
        7.4082      -23.7         .0         .0         .0         .0         .0         .0
        7.4143      -23.7         .0         .0         .0         .0         .0         .0
        7.4203      -23.7         .0         .0         .0         .0         .0         .0
        7.4263      -23.7         .0         .0         .0         .0         .0         .0
        7.4324      -23.7         .0         .0         .0         .0         .0         .0
        7.4384      -23.7         .0         .0         .0         .0         .0         .0
        7.4445      -23.7         .0         .0         .0         .0         .0         .0
        7.4505      -23.7         .0         .0         .0         .0         .0         .0
        7.4584      -23.7         .0         .0         .0         .0         .0         .0
        7.4662      -23.7         .0         .0         .0         .0         .0         .0
        7.4741      -23.7         .0         .0         .0         .0         .0         .0
        7.4819      -23.7         .0         .0         .0         .0         .0         .0
        7.4898      -23.7         .0         .0         .0         .0         .0         .0
        7.4976      -23.7         .0         .0         .0         .0         .0         .0
        7.5055      -23.7         .0         .0         .0         .0         .0         .0
        7.5133      -23.7         .0         .0         .0         .0         .0         .0
        7.5212      -23.7         .0         .0         .0         .0         .0         .0
        7.5290      -23.7         .0         .0         .0         .0         .0         .0
        7.5369      -23.7         .0         .0         .0         .0         .0         .0
        7.5447      -23.7         .0         .0         .0         .0         .0         .0
        7.5526      -23.7         .0         .0         .0         .0         .0         .0
        7.5604      -23.7         .0         .0         .0         .0         .0         .0
        7.5683      -23.7         .0         .0         .0         .0         .0         .0
        7.5761      -23.7         .0         .0         .0         .0         .0         .0
        7.5840      -23.7         .0         .0         .0         .0         .0         .0
        7.5918      -23.7         .0         .0         .0         .0         .0         .0
        7.5997      -23.7         .0         .0         .0         .0         .0         .0
        7.6075      -23.7         .0         .0         .0         .0         .0         .0
        7.6154      -23.7         .0         .0         .0         .0         .0         .0
        7.6232      -23.7         .0         .0         .0         .0         .0         .0
        7.6311      -23.7         .0         .0         .0         .0         .0         .0
        7.6389      -23.7         .0         .0         .0         .0         .0         .0
        7.6468      -23.7         .0         .0         .0         .0         .0         .0
        7.6546      -23.7         .0         .0         .0         .0         .0         .0
        7.6625      -23.7         .0         .0         .0         .0         .0         .0
        7.6703      -23.7         .0         .0         .0         .0         .0         .0
        7.6782      -23.7         .0         .0         .0         .0         .0         .0
        7.6860      -23.7         .0         .0         .0         .0         .0         .0
        7.6939      -23.7         .0         .0         .0         .0         .0         .0
        7.7017      -23.7         .0         .0         .0         .0         .0         .0
        7.7096      -23.7         .0         .0         .0         .0         .0         .0
        7.7174      -23.7         .0         .0         .0         .0         .0         .0
        7.7253      -23.7         .0         .0         .0         .0         .0         .0
        7.7331      -23.7         .0         .0         .0         .0         .0         .0
        7.7410      -23.7         .0         .0         .0         .0         .0         .0
        7.7488      -23.7         .0         .0         .0         .0         .0         .0
        7.7567      -23.7         .0         .0         .0         .0         .0         .0
        7.7645      -23.7         .0         .0         .0         .0         .0         .0
        7.7724      -23.7         .0         .0         .0         .0         .0         .0
        7.7802      -23.7         .0         .0         .0         .0         .0         .0
        7.7881      -23.7         .0         .0         .0         .0         .0         .0
        7.7959      -23.7         .0         .0         .0         .0         .0         .0
        7.8038      -23.7         .0         .0         .0         .0         .0         .0
        7.8116      -23.7         .0         .0         .0         .0         .0         .0
        7.8195      -23.7         .0         .0         .0         .0         .0         .0
        7.8273      -23.7         .0         .0         .0         .0         .0         .0
        7.8352      -23.7         .0         .0         .0         .0         .0         .0
        7.8430      -23.7         .0         .0         .0         .0         .0         .0
        7.8509      -23.7         .0         .0         .0         .0         .0         .0
        7.8587      -23.7         .0         .0         .0         .0         .0         .0
        7.8666      -23.7         .0         .0         .0         .0         .0         .0
        7.8744      -23.7         .0         .0         .0         .0         .0         .0
        7.8823      -23.7         .0         .0         .0         .0         .0         .0
        7.8901      -23.7         .0         .0         .0         .0         .0         .0
        7.8980      -23.7         .0         .0         .0         .0         .0         .0
        7.9058      -23.7         .0         .0         .0         .0         .0         .0
        7.9137      -23.7         .0         .0         .0         .0         .0         .0
        7.9215      -23.7         .0         .0         .0         .0         .0         .0
        7.9294      -23.7         .0         .0         .0         .0         .0         .0
        7.9372      -23.7         .0         .0         .0         .0         .0         .0
        7.9451      -23.7         .0         .0         .0         .0         .0         .0
        7.9529      -23.7         .0         .0         .0         .0         .0         .0
        7.9608      -23.7         .0         .0         .0         .0         .0         .0
        7.9686      -23.7         .0         .0         .0         .0         .0         .0
        7.9764      -23.7         .0         .0         .0         .0         .0         .0
        7.9843      -23.7         .0         .0         .0         .0         .0         .0
        7.9922      -23.7         .0         .0         .0         .0         .0         .0
        8.0000      -23.7         .0         .0         .0         .0         .0         .0
        8.0102      -38.5         .0         .0         .0         .0         .0         .0
        8.0174      -43.4         .0         .0         .0         .0         .0         .0
        8.0224      -46.0         .0         .0         .0         .0         .0         .0
        8.0259      -47.6         .0         .0         .0         .0         .0         .0
        8.0284      -48.7         .0         .0         .0         .0         .0         .0
        8.0301      -49.3         .0         .0         .0         .0         .0         .0
        8.0323      -50.2         .0         .0         .0         .0         .0         .0
        8.0339      -50.8         .0         .0         .0         .0         .0         .0
        8.0359      -51.5         .0         .0         .0         .0         .0         .0
        8.0379      -52.2         .0         .0         .0         .0         .0         .0
        8.0406      -53.1         .0         .0         .0         .0         .0         .0
        8.0424      -53.7         .0         .0         .0         .0         .0         .0
        8.0448      -54.4         .0         .0         .0         .0         .0         .0
        8.0465      -54.9         .0         .0         .0         .0         .0         .0
        8.0487      -55.6         .0         .0         .0         .0         .0         .0
        8.0503      -56.0         .0         .0         .0         .0         .0         .0
        8.0522      -56.6         .0         .0         .0         .0         .0         .0
        8.0542      -57.1         .0         .0         .0         .0         .0         .0
        8.0556      -57.5         .0         .0         .0         .0         .0         .0
        8.0575      -58.0         .0         .0         .0         .0         .0         .0
        8.0587      -58.3         .0         .0         .0         .0         .0         .0
        8.0604      -58.7         .0         .0         .0         .0         .0         .0
        8.0620      -59.1         .0         .0         .0         .0         .0         .0
        8.0637      -59.5         .0         .0         .0         .0         .0         .0
        8.0653      -60.0         .0         .0         .0         .0         .0         .0
        8.0675      -60.5         .0         .0         .0         .0         .0         .0
        8.0690      -60.9         .0         .0         .0         .0         .0         .0
        8.0709      -61.3         .0         .0         .0         .0         .0         .0
        8.0723      -61.6         .0         .0         .0         .0         .0         .0
        8.0741      -62.0         .0         .0         .0         .0         .0         .0
        8.0753      -62.3         .0         .0         .0         .0         .0         .0
        8.0769      -62.6         .0         .0         .0         .0         .0         .0
        8.0781      -62.9         .0         .0         .0         .0         .0         .0
        8.0795      -63.2         .0         .0         .0         .0         .0         .0
        8.0806      -63.4         .0         .0         .0         .0         .0         .0
        8.0819      -63.7         .0         .0         .0         .0         .0         .0
        8.0832      -63.9         .0         .0         .0         .0         .0         .0
        8.0842      -64.1         .0         .0         .0         .0         .0         .0
        8.0854      -64.4         .0         .0         .0         .0         .0         .0
        8.0863      -64.5         .0         .0         .0         .0         .0         .0
        8.0874      -64.8         .0         .0         .0         .0         .0         .0
        8.0885      -65.0         .0         .0         .0         .0         .0         .0
        8.0892      -65.2         .0         .0         .0         .0         .0         .0
        8.0903      -65.4         .0         .0         .0         .0         .0         .0
        8.0916      -65.6         .0         .0         .0         .0         .0         .0
        8.0929      -65.9         .0         .0         .0         .0         .0         .0
        8.0946      -66.2         .0         .0         .0         .0         .0         .0
        8.0958      -66.4         .0         .0         .0         .0         .0         .0
        8.0973      -66.7         .0         .0         .0         .0         .0         .0
        8.0989      -67.0         .0         .0         .0         .0         .0         .0
        8.1004      -67.3         .0         .0         .0         .0         .0         .0
        8.1024      -67.6         .0         .0         .0         .0         .0         .0
        8.1039      -67.9         .0         .0         .0         .0         .0         .0
        8.1057      -68.2         .0         .0         .0         .0         .0         .0
        8.1070      -68.4         .0         .0         .0         .0         .0         .0
        8.1083      -68.6         .0         .0         .0         .0         .0         .0
        8.1099      -68.9         .0         .0         .0         .0         .0         .0
        8.1111      -69.1         .0         .0         .0         .0         .0         .0
        8.1126      -69.4         .0         .0         .0         .0         .0         .0
        8.1141      -69.6         .0         .0         .0         .0         .0         .0
        8.1161      -70.0         .0         .0         .0         .0         .0         .0
        8.1181      -70.3         .0         .0         .0         .0         .0         .0
        8.1207      -70.7         .0         .0         .0         .0         .0         .0
        8.1225      -71.0         .0         .0         .0         .0         .0         .0
        8.1248      -71.4         .0         .0         .0         .0         .0         .0
        8.1264      -71.6         .0         .0         .0         .0         .0         .0
        8.1286      -71.9         .0         .0         .0         .0         .0         .0
        8.1301      -72.1         .0         .0         .0         .0         .0         .0
        8.1315      -72.3         .0         .0         .0         .0         .0         .0
        8.1335      -72.6         .0         .0         .0         .0         .0         .0
        8.1348      -72.8         .0         .0         .0         .0         .0         .0
        8.1362      -73.0         .0         .0         .0         .0         .0         .0
        8.1371      -73.1         .0         .0         .0         .0         .0         .0
        8.1384      -73.3         .0         .0         .0         .0         .0         .0
        8.1392      -73.4         .0         .0         .0         .0         .0         .0
        8.1404      -73.6         .0         .0         .0         .0         .0         .0
        8.1411      -73.7         .0         .0         .0         .0         .0         .0
        8.1419      -73.8         .0         .0         .0         .0         .0         .0
        8.1430      -73.9         .0         .0         .0         .0         .0         .0
        8.1443      -74.1         .0         .0         .0         .0         .0         .0
        8.1452      -74.3         .0         .0         .0         .0         .0         .0
        8.1459      -74.3         .0         .0         .0         .0         .0         .0
        8.1467      -74.5         .0         .0         .0         .0         .0         .0
        8.1478      -74.6         .0         .0         .0         .0         .0         .0
        8.1486      -74.7         .0         .0         .0         .0         .0         .0
        8.1493      -74.8         .0         .0         .0         .0         .0         .0
        8.1503      -75.0         .0         .0         .0         .0         .0         .0
        8.1516      -75.1         .0         .0         .0         .0         .0         .0
        8.1526      -75.2         .0         .0         .0         .0         .0         .0
        8.1532      -75.3         .0         .0         .0         .0         .0         .0
        8.1540      -75.4         .0         .0         .0         .0         .0         .0
        8.1551      -75.6         .0         .0         .0         .0         .0         .0
        8.1562      -75.7         .0         .0         .0         .0         .0         .0
        8.1576      -75.9         .0         .0         .0         .0         .0         .0
        8.1586      -76.0         .0         .0         .0         .0         .0         .0
        8.1598      -76.2         .0         .0         .0         .0         .0         .0
        8.1607      -76.3         .0         .0         .0         .0         .0         .0
        8.1619      -76.4         .0         .0         .0         .0         .0         .0
        8.1630      -76.6         .0         .0         .0         .0         .0         .0
        8.1645      -76.7         .0         .0         .0         .0         .0         .0
        8.1656      -76.9         .0         .0         .0         .0         .0         .0
        8.1670      -77.0         .0         .0         .0         .0         .0         .0
        8.1688      -77.2         .0         .0         .0         .0         .0         .0
        8.1700      -77.4         .0         .0         .0         .0         .0         .0
        8.1713      -77.5         .0         .0         .0         .0         .0         .0
        8.1729      -77.7         .0         .0         .0         .0         .0         .0
        8.1740      -77.8         .0         .0         .0         .0         .0         .0
        8.1755      -78.0         .0         .0         .0         .0         .0         .0
        8.1774      -78.2         .0         .0         .0         .0         .0         .0
        8.1793      -78.4         .0         .0         .0         .0         .0         .0
        8.1818      -78.7         .0         .0         .0         .0         .0         .0
        8.1836      -78.9         .0         .0         .0         .0         .0         .0
        8.1858      -79.2         .0         .0         .0         .0         .0         .0
        8.1874      -79.3         .0         .0         .0         .0         .0         .0
        8.1895      -79.6         .0         .0         .0         .0         .0         .0
        8.1909      -79.7         .0         .0         .0         .0         .0         .0
        8.1928      -79.9         .0         .0         .0         .0         .0         .0
        8.1953      -80.2         .0         .0         .0         .0         .0         .0
        8.1970      -80.4         .0         .0         .0         .0         .0         .0
        8.1992      -80.6         .0         .0         .0         .0         .0         .0
        8.2008      -80.8         .0         .0         .0         .0         .0         .0
        8.2028      -81.0         .0         .0         .0         .0         .0         .0
        8.2042      -81.2         .0         .0         .0         .0         .0         .0
        8.2060      -81.3         .0         .0         .0         .0         .0         .0
        8.2084      -81.6         .0         .0         .0         .0         .0         .0
        8.2116      -81.9         .0         .0         .0         .0         .0         .0
        8.2137      -82.1         .0         .0         .0         .0         .0         .0
        8.2166      -82.4         .0         .0         .0         .0         .0         .0
        8.2202      -82.7         .0         .0         .0         .0         .0         .0
        8.2228      -82.9         .0         .0         .0         .0         .0         .0
        8.2246      -83.1         .0         .0         .0         .0         .0         .0
        8.2270      -83.3         .0         .0         .0         .0         .0         .0
        8.2300      -83.6         .0         .0         .0         .0         .0         .0
        8.2322      -83.8         .0         .0         .0         .0         .0         .0
        8.2349      -84.0         .0         .0         .0         .0         .0         .0
        8.2369      -84.2         .0         .0         .0         .0         .0         .0
        8.2394      -84.4         .0         .0         .0         .0         .0         .0
        8.2412      -84.6         .0         .0         .0         .0         .0         .0
        8.2435      -84.7         .0         .0         .0         .0         .0         .0
        8.2465      -85.0         .0         .0         .0         .0         .0         .0
        8.2503      -85.3         .0         .0         .0         .0         .0         .0
        8.2531      -85.6         .0         .0         .0         .0         .0         .0
        8.2566      -85.9         .0         .0         .0         .0         .0         .0
        8.2612      -86.3         .0         .0         .0         .0         .0         .0
        8.2644      -86.5         .0         .0         .0         .0         .0         .0
        8.2686      -86.8         .0         .0         .0         .0         .0         .0
        8.2740      -87.3         .0         .0         .0         .0         .0         .0
        8.2778      -87.6         .0         .0         .0         .0         .0         .0
        8.2805      -87.8         .0         .0         .0         .0         .0         .0
        8.2839      -88.0         .0         .0         .0         .0         .0         .0
        8.2884      -88.3         .0         .0         .0         .0         .0         .0
        8.2916      -88.6         .0         .0         .0         .0         .0         .0
        8.2957      -88.9         .0         .0         .0         .0         .0         .0
        8.3010      -89.2         .0         .0         .0         .0         .0         .0
        8.3047      -89.5         .0         .0         .0         .0         .0         .0
        8.3096      -89.8         .0         .0         .0         .0         .0         .0
        8.3130      -90.0         .0         .0         .0         .0         .0         .0
        8.3174      -90.3         .0         .0         .0         .0         .0         .0
        8.3205      -90.6         .0         .0         .0         .0         .0         .0
        8.3245      -90.8         .0         .0         .0         .0         .0         .0
        8.3297      -91.2         .0         .0         .0         .0         .0         .0
        8.3334      -91.4         .0         .0         .0         .0         .0         .0
        8.3381      -91.7         .0         .0         .0         .0         .0         .0
        8.3415      -91.9         .0         .0         .0         .0         .0         .0
        8.3458      -92.2         .0         .0         .0         .0         .0         .0
        8.3488      -92.4         .0         .0         .0         .0         .0         .0
        8.3527      -92.6         .0         .0         .0         .0         .0         .0
        8.3578      -92.9         .0         .0         .0         .0         .0         .0
        8.3614      -93.2         .0         .0         .0         .0         .0         .0
        8.3661      -93.5         .0         .0         .0         .0         .0         .0
        8.3721      -93.8         .0         .0         .0         .0         .0         .0
        8.3764      -94.1         .0         .0         .0         .0         .0         .0
        8.3819      -94.4         .0         .0         .0         .0         .0         .0
        8.3857      -94.6         .0         .0         .0         .0         .0         .0
        8.3907      -94.9         .0         .0         .0         .0         .0         .0
        8.3942      -95.1         .0         .0         .0         .0         .0         .0
        8.3988      -95.3         .0         .0         .0         .0         .0         .0
        8.4047      -95.7         .0         .0         .0         .0         .0         .0
        8.4088      -95.9         .0         .0         .0         .0         .0         .0
        8.4142      -96.2         .0         .0         .0         .0         .0         .0
        8.4212      -96.5         .0         .0         .0         .0         .0         .0
        8.4261      -96.8         .0         .0         .0         .0         .0         .0
        8.4325      -97.1         .0         .0         .0         .0         .0         .0
        8.4408      -97.5         .0         .0         .0         .0         .0         .0
        8.4466      -97.8         .0         .0         .0         .0         .0         .0
        8.4542      -98.2         .0         .0         .0         .0         .0         .0
        8.4640      -98.7         .0         .0         .0         .0         .0         .0
        8.4708      -99.0         .0         .0         .0         .0         .0         .0
        8.4798      -99.5         .0         .0         .0         .0         .0         .0
        8.4914     -100.0         .0         .0         .0         .0         .0         .0
        8.4994     -100.4         .0         .0         .0         .0         .0         .0
        8.5101     -100.9         .0         .0         .0         .0         .0         .0
        8.5237     -101.4         .0         .0         .0         .0         .0         .0
        8.5332     -101.8         .0         .0         .0         .0         .0         .0
        8.5458     -102.4         .0         .0         .0         .0         .0         .0
        8.5546     -102.7         .0         .0         .0         .0         .0         .0
        8.5660     -103.2         .0         .0         .0         .0         .0         .0
        8.5739     -103.5         .0         .0         .0         .0         .0         .0
        8.5843     -103.9         .0         .0         .0         .0         .0         .0
        8.5977     -104.5         .0         .0         .0         .0         .0         .0
        8.6070     -104.8         .0         .0         .0         .0         .0         .0
        8.6193     -105.3         .0         .0         .0         .0         .0         .0
        8.6352     -105.9         .0         .0         .0         .0         .0         .0
        8.6462     -106.3         .0         .0         .0         .0         .0         .0
        8.6610     -106.8         .0         .0         .0         .0         .0         .0
        8.6712     -107.2         .0         .0         .0         .0         .0         .0
        8.6844     -107.6         .0         .0         .0         .0         .0         .0
        8.6937     -107.9         .0         .0         .0         .0         .0         .0
        8.7055     -108.4         .0         .0         .0         .0         .0         .0
        8.7210     -108.9         .0         .0         .0         .0         .0         .0
        8.7317     -109.3         .0         .0         .0         .0         .0         .0
        8.7458     -109.7         .0         .0         .0         .0         .0         .0
        8.7556     -110.0         .0         .0         .0         .0         .0         .0
        8.7685     -110.4         .0         .0         .0         .0         .0         .0
        8.7850     -111.0         .0         .0         .0         .0         .0         .0
        8.7969     -111.3         .0         .0         .0         .0         .0         .0
        8.8126     -111.8         .0         .0         .0         .0         .0         .0
        8.8334     -112.4         .0         .0         .0         .0         .0         .0
        8.8612     -113.2         .0         .0         .0         .0         .0         .0
        8.8785     -113.7         .0         .0         .0         .0         .0         .0
        8.9028     -114.4         .0         .0         .0         .0         .0         .0
        8.9352     -115.3         .0         .0         .0         .0         .0         .0
        8.9676     -116.2         .0         .0         .0         .0         .0         .0
        9.0000     -117.0         .0         .0         .0         .0         .0         .0
        9.0400     -118.0         .0         .0         .0         .0         .0         .0
        9.0916     -119.2         .0         .0         .0         .0         .0         .0
        9.1597     -120.7         .0         .0         .0         .0         .0         .0
        9.2069     -121.8         .0         .0         .0         .0         .0         .0
        9.2688     -123.1         .0         .0         .0         .0         .0         .0
        9.3110     -123.9         .0         .0         .0         .0         .0         .0
        9.3673     -125.1         .0         .0         .0         .0         .0         .0
        9.4383     -126.5         .0         .0         .0         .0         .0         .0
        9.5093     -127.8         .0         .0         .0         .0         .0         .0
        9.6024     -129.5         .0         .0         .0         .0         .0         .0
        9.7295     -131.7         .0         .0         .0         .0         .0         .0
        9.8142     -133.1         .0         .0         .0         .0         .0         .0
        9.9220     -134.8         .0         .0         .0         .0         .0         .0
       10.0760     -137.2         .0         .0         .0         .0         .0         .0
       10.1787     -138.7         .0         .0         .0         .0         .0         .0
       10.3155     -140.6         .0         .0         .0         .0         .0         .0
       10.4133     -141.9         .0         .0         .0         .0         .0         .0
       10.5307     -143.5         .0         .0         .0         .0         .0         .0
       10.6871     -145.6         .0         .0         .0         .0         .0         .0
       10.7914     -146.9         .0         .0         .0         .0         .0         .0
       10.8957     -148.2         .0         .0         .0         .0         .0         .0
       11.0000     -149.5         .0         .0         .0         .0         .0         .0
       11.0769     -150.4         .0         .0         .0         .0         .0         .0
       11.1744     -151.6         .0         .0         .0         .0         .0         .0
       11.2718     -152.8         .0         .0         .0         .0         .0         .0
       11.3692     -153.9         .0         .0         .0         .0         .0         .0
       11.4667     -155.0         .0         .0         .0         .0         .0         .0
       11.5641     -156.1         .0         .0         .0         .0         .0         .0
       11.6923     -157.4         .0         .0         .0         .0         .0         .0
       11.8205     -158.8         .0         .0         .0         .0         .0         .0
       11.9882     -160.5         .0         .0         .0         .0         .0         .0
       12.2117     -162.6         .0         .0         .0         .0         .0         .0
       12.3607     -164.0         .0         .0         .0         .0         .0         .0
       12.5098     -165.4         .0         .0         .0         .0         .0         .0
       12.6960     -167.1         .0         .0         .0         .0         .0         .0
       12.8823     -168.8         .0         .0         .0         .0         .0         .0
       13.0686     -170.4         .0         .0         .0         .0         .0         .0
       13.2549     -172.0         .0         .0         .0         .0         .0         .0
       13.4412     -173.5         .0         .0         .0         .0         .0         .0
       13.7206     -175.8         .0         .0         .0         .0         .0         .0
       14.0000     -177.9         .0         .0         .0         .0         .0         .0
end
