

  TLevel   Time         dt     IterW IterC   ItCum  Peclet   Courant

     1  .10000E-03  .10000E-03    3    1      3      .792      .000
     2  .20000E-03  .10000E-03    4    1      7      .810      .000
     3  .30000E-03  .10000E-03    3    1     10      .804      .000
     4  .43000E-03  .13000E-03    3    1     13      .795      .000
     5  .59899E-03  .16899E-03    3    1     16      .785      .000
     6  .81869E-03  .21970E-03    3    1     19      .788      .000
     7  .11043E-02  .28564E-03    3    1     22      .789      .000
     8  .14757E-02  .37134E-03    3    1     25      .803      .000
     9  .19583E-02  .48261E-03    4    1     29      .818      .001
    10  .24409E-02  .48261E-03    3    1     32      .826      .003
    11  .30683E-02  .62740E-03    4    1     36      .830      .007
    12  .36957E-02  .62740E-03    3    1     39      .831      .012
    13  .45117E-02  .81597E-03    3    1     42      .831      .024
    14  .55718E-02  .10602E-02    5    1     47      .817      .034
    15  .66320E-02  .10602E-02    3    1     50      .811      .040
    16  .80097E-02  .13778E-02    4    1     54      .819      .057
    17  .93875E-02  .13778E-02    4    1     58      .823      .057
    18  .10765E-01  .13778E-02    5    1     63      .815      .060
    19  .12143E-01  .13778E-02    5    1     68      .791      .059
    20  .13521E-01  .13778E-02    4    1     72      .788      .059
    21  .14899E-01  .13778E-02    5    1     77      .790      .060
    22  .16276E-01  .13778E-02    4    1     81      .792      .060
    23  .17654E-01  .13778E-02    4    1     85      .792      .062
    24  .19032E-01  .13778E-02    4    1     89      .790      .063
    25  .20410E-01  .13778E-02    3    1     92      .787      .063
    26  .22200E-01  .17908E-02    5    1     97      .781      .080
    27  .23991E-01  .17908E-02    5    1    102      .772      .080
    28  .25782E-01  .17908E-02    5    1    107      .801      .081
    29  .27573E-01  .17908E-02    5    1    112      .800      .080
    30  .29364E-01  .17908E-02    4    1    116      .807      .079
    31  .31155E-01  .17908E-02    3    1    119      .812      .077
    32  .33484E-01  .23290E-02    5    1    124      .818      .098
    33  .35813E-01  .23290E-02    6    1    130      .823      .097
    34  .38142E-01  .23290E-02    5    1    135      .824      .096
    35  .40470E-01  .23290E-02    5    1    140      .830      .094
    36  .42799E-01  .23290E-02    4    1    144      .819      .092
    37  .45128E-01  .23290E-02    4    1    148      .800      .090
    38  .47457E-01  .23290E-02    3    1    151      .805      .088
    39  .50481E-01  .30239E-02    5    1    156      .811      .110
    40  .53505E-01  .30239E-02    5    1    161      .815      .107
    41  .56529E-01  .30239E-02    5    1    166      .819      .103
    42  .59553E-01  .30239E-02    5    1    171      .826      .101
    43  .62577E-01  .30239E-02    5    1    176      .825      .098
    44  .65601E-01  .30239E-02    4    1    180      .827      .095
    45  .68625E-01  .30239E-02    4    1    184      .829      .093
    46  .71649E-01  .30239E-02    4    1    188      .830      .091
    47  .74673E-01  .30239E-02    4    1    192      .831      .088
    48  .77697E-01  .30239E-02    5    1    197      .832      .086
    49  .80721E-01  .30239E-02    5    1    202      .833      .084
    50  .83745E-01  .30239E-02    5    1    207      .833      .083
    51  .86769E-01  .30239E-02    3    1    210      .833      .081
    52  .90705E-01  .39363E-02    5    1    215      .833      .102
    53  .94641E-01  .39363E-02    4    1    219      .833      .100
    54  .98578E-01  .39363E-02    5    1    224      .833      .098
    55  .10251E+00  .39363E-02    4    1    228      .833      .095
    56  .10645E+00  .39363E-02    4    1    232      .833      .093
    57  .11039E+00  .39363E-02    5    1    237      .833      .091
    58  .11432E+00  .39363E-02    4    1    241      .833      .090
    59  .11826E+00  .39363E-02    4    1    245      .833      .088
    60  .12220E+00  .39363E-02    4    1    249      .832      .087
    61  .12613E+00  .39363E-02    5    1    254      .830      .086
    62  .13007E+00  .39363E-02    5    1    259      .831      .085
    63  .13400E+00  .39363E-02    5    1    264      .832      .084
    64  .13794E+00  .39363E-02    5    1    269      .833      .084
    65  .14188E+00  .39363E-02    4    1    273      .833      .083
    66  .14581E+00  .39363E-02    5    1    278      .833      .082
    67  .14975E+00  .39363E-02    5    1    283      .833      .082
    68  .15369E+00  .39363E-02    4    1    287      .833      .081
    69  .15762E+00  .39363E-02    4    1    291      .831      .081
    70  .16156E+00  .39363E-02    4    1    295      .830      .081
    71  .16550E+00  .39363E-02    5    1    300      .831      .080
    72  .16943E+00  .39363E-02    5    1    305      .831      .080
    73  .17337E+00  .39363E-02    3    1    308      .832      .080
    74  .17850E+00  .51344E-02    5    1    313      .832      .103
    75  .18364E+00  .51344E-02    5    1    318      .831      .103
    76  .18877E+00  .51344E-02    5    1    323      .830      .102
    77  .19391E+00  .51344E-02    5    1    328      .833      .102
    78  .19904E+00  .51344E-02    5    1    333      .831      .101
    79  .20417E+00  .51344E-02    4    1    337      .827      .101
    80  .20931E+00  .51344E-02    5    1    342      .825      .101
    81  .21444E+00  .51344E-02    5    1    347      .824      .100
    82  .21958E+00  .51344E-02    5    1    352      .831      .100
    83  .22471E+00  .51344E-02    5    1    357      .823      .099
    84  .22985E+00  .51344E-02    5    1    362      .823      .099
    85  .23498E+00  .51344E-02    5    1    367      .823      .099
    86  .24011E+00  .51344E-02    5    1    372      .826      .098
    87  .24525E+00  .51344E-02    5    1    377      .831      .098
    88  .25038E+00  .51344E-02    5    1    382      .833      .098
    89  .25552E+00  .51344E-02    3    1    385      .832      .098
    90  .26217E+00  .66472E-02    5    1    390      .831      .126
    91  .26881E+00  .66472E-02    5    1    395      .831      .125
    92  .27546E+00  .66472E-02    5    1    400      .831      .125
    93  .28211E+00  .66472E-02    5    1    405      .832      .125
    94  .28875E+00  .66472E-02    5    1    410      .832      .125
    95  .29540E+00  .66472E-02    5    1    415      .833      .124
    96  .30205E+00  .66472E-02    5    1    420      .833      .124
    97  .30870E+00  .66472E-02    5    1    425      .833      .124
    98  .31534E+00  .66472E-02    5    1    430      .833      .124
    99  .32199E+00  .66472E-02    5    1    435      .832      .123
   100  .32864E+00  .66472E-02    5    1    440      .832      .123
   101  .33528E+00  .66472E-02    5    1    445      .830      .123
   102  .34193E+00  .66472E-02    4    1    449      .832      .123
   103  .34858E+00  .66472E-02    5    1    454      .833      .123
   104  .35523E+00  .66472E-02    5    1    459      .833      .123
   105  .36187E+00  .66472E-02    5    1    464      .832      .123
   106  .36852E+00  .66472E-02    5    1    469      .832      .123
   107  .37517E+00  .66472E-02    5    1    474      .832      .123
   108  .38181E+00  .66472E-02    5    1    479      .832      .122
   109  .38846E+00  .66472E-02    5    1    484      .832      .122
   110  .39511E+00  .66472E-02    4    1    488      .833      .122
   111  .40176E+00  .66472E-02    5    1    493      .833      .122
   112  .40840E+00  .66472E-02    5    1    498      .832      .122
   113  .41505E+00  .66472E-02    5    1    503      .833      .122
   114  .42170E+00  .66472E-02    5    1    508      .833      .122
   115  .42834E+00  .66472E-02    5    1    513      .833      .122
   116  .43499E+00  .66472E-02    5    1    518      .833      .122
   117  .44164E+00  .66472E-02    5    1    523      .833      .122
   118  .44829E+00  .66472E-02    5    1    528      .833      .122
   119  .45493E+00  .66472E-02    5    1    533      .832      .122
   120  .46158E+00  .66472E-02    5    1    538      .833      .122
   121  .46823E+00  .66472E-02    5    1    543      .833      .122
   122  .47487E+00  .66472E-02    5    1    548      .833      .122
   123  .48152E+00  .66472E-02    5    1    553      .831      .122
   124  .48817E+00  .66472E-02    5    1    558      .831      .122
   125  .49482E+00  .66472E-02    5    1    563      .832      .122
   126  .50146E+00  .66472E-02    5    1    568      .833      .122
   127  .50811E+00  .66472E-02    5    1    573      .832      .122
   128  .51476E+00  .66472E-02    5    1    578      .833      .122
   129  .52140E+00  .66472E-02    5    1    583      .832      .122
   130  .52805E+00  .66472E-02    5    1    588      .832      .122
   131  .53470E+00  .66472E-02    5    1    593      .831      .122
   132  .54135E+00  .66472E-02    5    1    598      .831      .122
   133  .54799E+00  .66472E-02    5    1    603      .832      .122
   134  .55464E+00  .66472E-02    5    1    608      .833      .122
   135  .56129E+00  .66472E-02    5    1    613      .833      .121
   136  .56793E+00  .66472E-02    5    1    618      .832      .121
   137  .57458E+00  .66472E-02    5    1    623      .832      .121
   138  .58123E+00  .66472E-02    4    1    627      .831      .121
   139  .58788E+00  .66472E-02    5    1    632      .832      .121
   140  .59452E+00  .66472E-02    4    1    636      .831      .121
   141  .60117E+00  .66472E-02    5    1    641      .830      .121
   142  .60782E+00  .66472E-02    5    1    646      .831      .121
   143  .61446E+00  .66472E-02    5    1    651      .833      .121
   144  .62111E+00  .66472E-02    3    1    654      .833      .121
   145  .62972E+00  .86111E-02    5    1    659      .833      .157
   146  .63833E+00  .86111E-02    4    1    663      .833      .157
   147  .64695E+00  .86111E-02    5    1    668      .833      .157
   148  .65556E+00  .86111E-02    5    1    673      .833      .157
   149  .66417E+00  .86111E-02    5    1    678      .833      .157
   150  .67278E+00  .86111E-02    5    1    683      .833      .157
   151  .68139E+00  .86111E-02    5    1    688      .833      .157
   152  .69000E+00  .86111E-02    5    1    693      .833      .157
   153  .69861E+00  .86111E-02    5    1    698      .832      .157
   154  .70722E+00  .86111E-02    5    1    703      .833      .157
   155  .71583E+00  .86111E-02    5    1    708      .833      .157
   156  .72445E+00  .86111E-02    5    1    713      .833      .157
   157  .73306E+00  .86111E-02    5    1    718      .832      .157
   158  .74167E+00  .86111E-02    5    1    723      .832      .157
   159  .75028E+00  .86111E-02    4    1    727      .832      .157
   160  .75889E+00  .86111E-02    5    1    732      .832      .157
   161  .76750E+00  .86111E-02    5    1    737      .833      .157
   162  .77611E+00  .86111E-02    5    1    742      .833      .157
   163  .78472E+00  .86111E-02    5    1    747      .832      .157
   164  .79333E+00  .86111E-02    5    1    752      .831      .157
   165  .80194E+00  .86111E-02    5    1    757      .831      .157
   166  .81056E+00  .86111E-02    5    1    762      .831      .157
   167  .81917E+00  .86111E-02    5    1    767      .831      .157
   168  .82778E+00  .86111E-02    5    1    772      .833      .157
   169  .83639E+00  .86111E-02    5    1    777      .833      .157
   170  .84500E+00  .86111E-02    5    1    782      .833      .157
   171  .85361E+00  .86111E-02    5    1    787      .832      .157
   172  .86222E+00  .86111E-02    5    1    792      .832      .157
   173  .87083E+00  .86111E-02    5    1    797      .833      .157
   174  .87944E+00  .86111E-02    5    1    802      .832      .157
   175  .88806E+00  .86111E-02    5    1    807      .833      .157
   176  .89667E+00  .86111E-02    5    1    812      .833      .157
   177  .90528E+00  .86111E-02    5    1    817      .833      .157
   178  .91389E+00  .86111E-02    5    1    822      .832      .157
   179  .92250E+00  .86111E-02    5    1    827      .833      .157
   180  .93111E+00  .86111E-02    5    1    832      .832      .157
   181  .93972E+00  .86111E-02    5    1    837      .833      .157
   182  .94833E+00  .86111E-02    5    1    842      .832      .157
   183  .95694E+00  .86111E-02    5    1    847      .833      .157
   184  .96556E+00  .86111E-02    5    1    852      .833      .157
   185  .97417E+00  .86111E-02    5    1    857      .833      .157
   186  .98278E+00  .86111E-02    5    1    862      .833      .157
   187  .99139E+00  .86111E-02    5    1    867      .833      .157
   188  .10000E+01  .86111E-02    5    1    872      .833      .157
   189  .10086E+01  .86207E-02    9    1    881      .833      .597
   190  .10147E+01  .60450E-02    8    1    889      .833      .384
   191  .10189E+01  .42471E-02    7    1    896      .833      .249
   192  .10219E+01  .29640E-02    3    1    899      .833      .135
   193  .10257E+01  .38509E-02    7    1    906      .833      .242
   194  .10284E+01  .26988E-02    3    1    909      .832      .133
   195  .10319E+01  .35075E-02    7    1    916      .832      .238
   196  .10344E+01  .24570E-02    3    1    919      .832      .132
   197  .10376E+01  .31974E-02    7    1    926      .832      .225
   198  .10398E+01  .22382E-02    3    1    929      .832      .129
   199  .10427E+01  .29096E-02    7    1    936      .832      .221
   200  .10448E+01  .20367E-02    6    1    942      .832      .142
   201  .10468E+01  .20367E-02    3    1    945      .832      .120
   202  .10495E+01  .26478E-02    7    1    952      .832      .207
   203  .10513E+01  .18529E-02    3    1    955      .832      .120
   204  .10537E+01  .24078E-02    7    1    962      .832      .207
   205  .10554E+01  .16838E-02    3    1    965      .831      .121
   206  .10576E+01  .21916E-02    7    1    972      .831      .183
   207  .10591E+01  .15324E-02    3    1    975      .831      .107
   208  .10611E+01  .19934E-02    7    1    982      .831      .176
   209  .10625E+01  .13951E-02    3    1    985      .831      .104
   210  .10643E+01  .18133E-02    6    1    991      .832      .153
   211  .10661E+01  .18133E-02    3    1    994      .832      .126
   212  .10685E+01  .23582E-02    7    1   1001      .832      .214
   213  .10702E+01  .16516E-02    3    1   1004      .832      .125
   214  .10723E+01  .21475E-02    7    1   1011      .832      .199
   215  .10738E+01  .15011E-02    7    1   1018      .832      .141
   216  .10749E+01  .10513E-02    3    1   1021      .832      .085
   217  .10762E+01  .13665E-02    7    1   1028      .833      .153
   218  .10772E+01  .95729E-03    3    1   1031      .833      .083
   219  .10784E+01  .12437E-02    7    1   1038      .833      .128
   220  .10793E+01  .87106E-03    3    1   1041      .833      .078
   221  .10804E+01  .11325E-02    7    1   1048      .833      .120
   222  .10812E+01  .79206E-03    3    1   1051      .833      .072
   223  .10822E+01  .10300E-02    6    1   1057      .833      .104
   224  .10833E+01  .10300E-02    3    1   1060      .833      .089
   225  .10846E+01  .13383E-02    7    1   1067      .833      .154
   226  .10855E+01  .93694E-03    3    1   1070      .833      .092
   227  .10868E+01  .12193E-02    7    1   1077      .833      .127
   228  .10876E+01  .85269E-03    3    1   1080      .833      .078
   229  .10887E+01  .11086E-02    7    1   1087      .833      .142
   230  .10895E+01  .77621E-03    3    1   1090      .833      .075
   231  .10905E+01  .10094E-02    7    1   1097      .833      .129
   232  .10912E+01  .70612E-03    3    1   1100      .833      .077
   233  .10921E+01  .91796E-03    7    1   1107      .833      .132
   234  .10928E+01  .64296E-03    3    1   1110      .833      .080
   235  .10936E+01  .83538E-03    7    1   1117      .833      .130
   236  .10942E+01  .58476E-03    3    1   1120      .833      .077
   237  .10950E+01  .76054E-03    6    1   1126      .833      .098
   238  .10957E+01  .76054E-03    3    1   1129      .833      .079
   239  .10967E+01  .98828E-03    7    1   1136      .833      .161
   240  .10974E+01  .69217E-03    3    1   1139      .833      .100
   241  .10983E+01  .89990E-03    7    1   1146      .833      .163
   242  .10989E+01  .62968E-03    3    1   1149      .833      .096
   243  .10998E+01  .81841E-03    6    1   1155      .833      .147
   244  .11006E+01  .81841E-03    8    1   1163      .833      .171
   245  .11011E+01  .57289E-03    3    1   1166      .833      .101
   246  .11019E+01  .74470E-03    5    1   1171      .833      .114
   247  .11026E+01  .74470E-03    4    1   1175      .833      .105
   248  .11034E+01  .74470E-03    3    1   1178      .833      .098
   249  .11043E+01  .96827E-03    3    1   1181      .833      .118
   250  .11056E+01  .12597E-02    7    1   1188      .832      .137
   251  .11065E+01  .88118E-03    3    1   1191      .832      .080
   252  .11076E+01  .11455E-02    9    1   1200      .832      .330
   253  .11084E+01  .80177E-03    7    1   1207      .832      .169
   254  .11090E+01  .56144E-03    3    1   1210      .832      .102
   255  .11097E+01  .72973E-03    3    1   1213      .832      .089
   256  .11107E+01  .94912E-03    8    1   1221      .832      .265
   257  .11113E+01  .66417E-03    7    1   1228      .832      .138
   258  .11118E+01  .46478E-03    6    1   1234      .832      .074
   259  .11123E+01  .46478E-03    3    1   1237      .832      .061
   260  .11129E+01  .60431E-03    7    1   1244      .832      .074
   261  .11133E+01  .42305E-03    3    1   1247      .832      .040
   262  .11138E+01  .55007E-03    7    1   1254      .832      .187
   263  .11142E+01  .38495E-03    6    1   1260      .833      .105
   264  .11146E+01  .38495E-03    3    1   1263      .833      .091
   265  .11151E+01  .50050E-03    6    1   1269      .833      .071
   266  .11156E+01  .50050E-03    3    1   1272      .833      .065
   267  .11163E+01  .65076E-03    3    1   1275      .833      .063
   268  .11171E+01  .84568E-03    7    1   1282      .833      .159
   269  .11177E+01  .59214E-03    6    1   1288      .833      .092
   270  .11183E+01  .59214E-03    7    1   1295      .833      .075
   271  .11187E+01  .41433E-03    3    1   1298      .833      .042
   272  .11192E+01  .53869E-03    3    1   1301      .833      .052
   273  .11199E+01  .70012E-03    3    1   1304      .832      .051
   274  .11209E+01  .91008E-03    7    1   1311      .833      .167
   275  .11215E+01  .63752E-03    7    1   1318      .833      .098
   276  .11219E+01  .44617E-03    3    1   1321      .833      .062
   277  .11225E+01  .57996E-03    7    1   1328      .833      .065
   278  .11229E+01  .40605E-03    3    1   1331      .833      .043
   279  .11235E+01  .52772E-03    3    1   1334      .833      .054
   280  .11241E+01  .68587E-03    3    1   1337      .833      .061
   281  .11250E+01  .89191E-03    3    1   1340      .833      .068
   282  .11262E+01  .11589E-02    8    1   1348      .832      .152
   283  .11270E+01  .81133E-03    6    1   1354      .833      .076
   284  .11278E+01  .81133E-03    3    1   1357      .832      .070
   285  .11289E+01  .10546E-02    6    1   1363      .832      .086
   286  .11299E+01  .10546E-02    3    1   1366      .833      .062
   287  .11313E+01  .13724E-02    7    1   1373      .833      .154
   288  .11323E+01  .95989E-03    7    1   1380      .833      .095
   289  .11329E+01  .67215E-03    3    1   1383      .833      .063
   290  .11338E+01  .87406E-03    3    1   1386      .833      .061
   291  .11349E+01  .11352E-02    3    1   1389      .833      .047
   292  .11364E+01  .14762E-02    7    1   1396      .833      .167
   293  .11375E+01  .10342E-02    6    1   1402      .833      .096
   294  .11385E+01  .10342E-02    3    1   1405      .833      .086
   295  .11398E+01  .13440E-02    3    1   1408      .833      .061
   296  .11416E+01  .17483E-02    7    1   1415      .833      .134
   297  .11428E+01  .12228E-02    7    1   1422      .833      .078
   298  .11437E+01  .85634E-03    3    1   1425      .833      .053
   299  .11448E+01  .11121E-02    3    1   1428      .833      .061
   300  .11462E+01  .14471E-02    3    1   1431      .833      .066
   301  .11481E+01  .18806E-02    7    1   1438      .833      .102
   302  .11494E+01  .13167E-02    3    1   1441      .833      .061
   303  .11511E+01  .17114E-02    7    1   1448      .833      .094
   304  .11523E+01  .11973E-02    3    1   1451      .833      .060
   305  .11539E+01  .15582E-02    7    1   1458      .833      .103
   306  .11550E+01  .10904E-02    3    1   1461      .833      .058
   307  .11564E+01  .14178E-02    7    1   1468      .833      .077
   308  .11574E+01  .99249E-03    3    1   1471      .833      .047
   309  .11587E+01  .12904E-02    3    1   1474      .833      .055
   310  .11603E+01  .16760E-02    3    1   1477      .833      .066
   311  .11625E+01  .21809E-02    7    1   1484      .833      .123
   312  .11641E+01  .15255E-02    3    1   1487      .833      .075
   313  .11660E+01  .19856E-02    3    1   1490      .833      .080
   314  .11686E+01  .25819E-02    7    1   1497      .833      .159
   315  .11704E+01  .18034E-02    3    1   1500      .833      .086
   316  .11728E+01  .23434E-02    7    1   1507      .833      .125
   317  .11744E+01  .16413E-02    3    1   1510      .833      .070
   318  .11765E+01  .21333E-02    7    1   1517      .833      .128
   319  .11780E+01  .14945E-02    7    1   1524      .833      .076
   320  .11791E+01  .10458E-02    3    1   1527      .833      .049
   321  .11804E+01  .13591E-02    3    1   1530      .833      .061
   322  .11822E+01  .17663E-02    6    1   1536      .833      .076
   323  .11840E+01  .17663E-02    3    1   1539      .833      .054
   324  .11863E+01  .22987E-02    7    1   1546      .833      .103
   325  .11879E+01  .16082E-02    3    1   1549      .833      .056
   326  .11900E+01  .20931E-02    7    1   1556      .833      .115
   327  .11914E+01  .14648E-02    7    1   1563      .833      .086
   328  .11925E+01  .10248E-02    3    1   1566      .833      .052
   329  .11938E+01  .13326E-02    3    1   1569      .833      .063
   330  .11955E+01  .17338E-02    3    1   1572      .833      .058
   331  .11978E+01  .22534E-02    8    1   1580      .833      .096
   332  .11994E+01  .15761E-02    6    1   1586      .833      .062
   333  .12009E+01  .15761E-02    3    1   1589      .833      .057
   334  .12030E+01  .20489E-02    3    1   1592      .833      .067
   335  .12056E+01  .26656E-02    6    1   1598      .833      .101
   336  .12083E+01  .26656E-02    3    1   1601      .833      .078
   337  .12118E+01  .34571E-02    8    1   1609      .833      .161
   338  .12142E+01  .24253E-02    3    1   1612      .833      .100
   339  .12174E+01  .31558E-02    7    1   1619      .833      .141
   340  .12196E+01  .22046E-02    3    1   1622      .833      .076
   341  .12224E+01  .28693E-02    3    1   1625      .833      .081
   342  .12261E+01  .37204E-02    7    1   1632      .833      .149
   343  .12288E+01  .26056E-02    6    1   1638      .833      .088
   344  .12314E+01  .26056E-02    3    1   1641      .833      .079
   345  .12347E+01  .33861E-02    3    1   1644      .833      .124
   346  .12391E+01  .43980E-02    8    1   1652      .833      .149
   347  .12422E+01  .30929E-02    6    1   1658      .833      .083
   348  .12453E+01  .30929E-02    3    1   1661      .833      .071
   349  .12493E+01  .40142E-02    7    1   1668      .833      .142
   350  .12522E+01  .28114E-02    3    1   1671      .833      .078
   351  .12558E+01  .36480E-02    7    1   1678      .833      .124
   352  .12584E+01  .25574E-02    3    1   1681      .833      .066
   353  .12617E+01  .33257E-02    7    1   1688      .833      .117
   354  .12640E+01  .23291E-02    3    1   1691      .833      .061
   355  .12670E+01  .30287E-02    7    1   1698      .833      .091
   356  .12692E+01  .21184E-02    3    1   1701      .833      .052
   357  .12719E+01  .27475E-02    7    1   1708      .833      .109
   358  .12738E+01  .19262E-02    3    1   1711      .833      .055
   359  .12763E+01  .25040E-02    3    1   1714      .833      .057
   360  .12796E+01  .32597E-02    3    1   1717      .833      .102
   361  .12838E+01  .42376E-02    3    1   1720      .833      .106
   362  .12893E+01  .55089E-02    3    1   1723      .833      .096
   363  .12965E+01  .71783E-02    8    1   1731      .833      .171
   364  .13015E+01  .49892E-02    3    1   1734      .833      .096
   365  .13080E+01  .65279E-02    7    1   1741      .833      .174
   366  .13126E+01  .45524E-02    7    1   1748      .833      .106
   367  .13158E+01  .31824E-02    3    1   1751      .833      .065
   368  .13199E+01  .41468E-02    7    1   1758      .833      .154
   369  .13228E+01  .29063E-02    3    1   1761      .833      .100
   370  .13266E+01  .37831E-02    6    1   1767      .833      .094
   371  .13304E+01  .37831E-02    3    1   1770      .833      .071
   372  .13353E+01  .48876E-02    7    1   1777      .833      .147
   373  .13387E+01  .34264E-02    6    1   1783      .833      .082
   374  .13421E+01  .34264E-02    3    1   1786      .833      .077
   375  .13466E+01  .44753E-02    3    1   1789      .833      .099
   376  .13524E+01  .57822E-02    7    1   1796      .833      .134
   377  .13565E+01  .40730E-02    6    1   1802      .833      .085
   378  .13605E+01  .40730E-02    3    1   1805      .833      .074
   379  .13658E+01  .52848E-02    3    1   1808      .833      .102
   380  .13727E+01  .68932E-02    7    1   1815      .833      .142
   381  .13775E+01  .47884E-02    3    1   1818      .833      .088
   382  .13837E+01  .62249E-02    3    1   1821      .833      .129
   383  .13918E+01  .81088E-02    8    1   1829      .833      .180
   384  .13975E+01  .56837E-02    3    1   1832      .833      .102
   385  .14049E+01  .73473E-02    3    1   1835      .833      .122
   386  .14145E+01  .95989E-02    7    1   1842      .833      .205
   387  .14212E+01  .67302E-02    3    1   1845      .833      .114
   388  .14300E+01  .87697E-02    8    1   1853      .833      .175
   389  .14361E+01  .61294E-02    7    1   1860      .833      .111
   390  .14404E+01  .42720E-02    3    1   1863      .833      .066
   391  .14460E+01  .55963E-02    3    1   1866      .833      .086
   392  .14532E+01  .71952E-02    3    1   1869      .833      .119
   393  .14626E+01  .94282E-02    7    1   1876      .833      .146
   394  .14691E+01  .65538E-02    3    1   1879      .832      .087
   395  .14777E+01  .85622E-02    3    1   1882      .833      .117
   396  .14888E+01  .11113E-01    7    1   1889      .833      .158
   397  .14966E+01  .77452E-02    7    1   1896      .833      .091
   398  .15020E+01  .54721E-02    3    1   1899      .833      .061
   399  .15092E+01  .71138E-02    3    1   1902      .833      .105
   400  .15184E+01  .92613E-02    7    1   1909      .833      .154
   401  .15248E+01  .64212E-02    3    1   1912      .833      .084
   402  .15332E+01  .83363E-02    3    1   1915      .833      .118
   403  .15440E+01  .10857E-01    7    1   1922      .833      .196
   404  .15516E+01  .75996E-02    3    1   1925      .833      .112
   405  .15616E+01  .99639E-02    7    1   1932      .833      .155
   406  .15685E+01  .69589E-02    3    1   1935      .833      .089
   407  .15775E+01  .89886E-02    7    1   1942      .833      .138
   408  .15838E+01  .63054E-02    3    1   1945      .833      .078
   409  .15920E+01  .81600E-02    6    1   1951      .833      .112
   410  .16002E+01  .81600E-02    3    1   1954      .833      .095
   411  .16110E+01  .10806E-01    8    1   1962      .833      .249
   412  .16185E+01  .74814E-02    3    1   1965      .833      .126
   413  .16282E+01  .97833E-02    3    1   1968      .833      .156
   414  .16411E+01  .12820E-01    8    1   1976      .833      .211
   415  .16498E+01  .87548E-02    3    1   1979      .833      .098
   416  .16615E+01  .11673E-01    7    1   1986      .833      .167
   417  .16695E+01  .80600E-02    3    1   1989      .833      .096
   418  .16799E+01  .10327E-01    7    1   1996      .833      .127
   419  .16871E+01  .72757E-02    3    1   1999      .833      .082
   420  .16966E+01  .94805E-02    7    1   2006      .833      .107
   421  .17032E+01  .65951E-02    3    1   2009      .833      .075
   422  .17119E+01  .87289E-02    3    1   2012      .833      .097
   423  .17230E+01  .11079E-01    6    1   2018      .833      .131
   424  .17341E+01  .11079E-01    3    1   2021      .833      .107
   425  .17489E+01  .14772E-01   11    1   2032      .833      .165
   426  .17593E+01  .10463E-01    3    1   2035      .833      .094
   427  .17727E+01  .13370E-01    3    1   2038      .833      .123
   428  .17902E+01  .17484E-01    8    1   2046      .833      .220
   429  .18025E+01  .12341E-01    6    1   2052      .833      .186
   430  .18149E+01  .12341E-01    3    1   2055      .833      .157
   431  .18303E+01  .15427E-01    7    1   2062      .832      .172
   432  .18416E+01  .11313E-01    3    1   2065      .832      .120
   433  .18560E+01  .14398E-01    7    1   2072      .831      .139
   434  .18663E+01  .10285E-01    3    1   2075      .832      .091
   435  .18797E+01  .13370E-01    3    1   2078      .833      .129
   436  .18969E+01  .17190E-01    7    1   2085      .833      .186
   437  .19083E+01  .11460E-01    3    1   2088      .833      .104
   438  .19236E+01  .15280E-01    3    1   2091      .833      .114
   439  .19427E+01  .19100E-01    7    1   2098      .833      .192
   440  .19570E+01  .14325E-01    3    1   2101      .833      .136
   441  .19785E+01  .21487E-01    7    1   2108      .833      .166
   442  .19893E+01  .10744E-01    3    1   2111      .833      .080
   443  .20000E+01  .10744E-01    3    1   2114      .833      .082
   444  .20167E+01  .16667E-01    6    1   2120      .833      .200
   445  .20333E+01  .16667E-01    3    1   2123      .833      .160
   446  .20549E+01  .21612E-01    6    1   2129      .833      .127
   447  .20766E+01  .21612E-01    3    1   2132      .833      .130
   448  .21048E+01  .28286E-01    8    1   2140      .833      .254
   449  .21246E+01  .19741E-01    3    1   2143      .833      .123
   450  .21503E+01  .25691E-01    7    1   2150      .833      .145
   451  .21682E+01  .17958E-01    3    1   2153      .832      .101
   452  .21914E+01  .23187E-01    7    1   2160      .833      .161
   453  .22077E+01  .16294E-01    3    1   2163      .833      .094
   454  .22288E+01  .21086E-01    3    1   2166      .832      .113
   455  .22565E+01  .27675E-01    7    1   2173      .833      .137
   456  .22758E+01  .19373E-01    3    1   2176      .833      .096
   457  .23008E+01  .24988E-01    3    1   2179      .833      .101
   458  .23335E+01  .32676E-01    7    1   2186      .833      .123
   459  .23563E+01  .22829E-01    3    1   2189      .833      .083
   460  .23862E+01  .29885E-01    3    1   2192      .833      .137
   461  .24246E+01  .38423E-01    7    1   2199      .833      .238
   462  .24518E+01  .27161E-01    6    1   2205      .833      .126
   463  .24790E+01  .27161E-01    6    1   2211      .833      .111
   464  .25061E+01  .27161E-01    3    1   2214      .833      .101
   465  .25409E+01  .34741E-01    3    1   2217      .833      .104
   466  .25865E+01  .45598E-01    7    1   2224      .833      .127
   467  .26186E+01  .32126E-01    3    1   2227      .833      .086
   468  .26605E+01  .41861E-01    7    1   2234      .833      .110
   469  .26896E+01  .29121E-01    3    1   2237      .833      .076
   470  .27270E+01  .37441E-01    7    1   2244      .833      .096
   471  .27535E+01  .26520E-01    3    1   2247      .833      .067
   472  .27882E+01  .34624E-01    3    1   2250      .833      .086
   473  .28330E+01  .44883E-01    7    1   2257      .833      .108
   474  .28646E+01  .31539E-01    3    1   2260      .833      .074
   475  .29051E+01  .40551E-01    3    1   2263      .833      .093
   476  .29573E+01  .52136E-01    3    1   2266      .833      .118
   477  .30268E+01  .69515E-01    7    1   2273      .833      .152
   478  .30754E+01  .48661E-01    3    1   2276      .833      .104
   479  .31371E+01  .61637E-01    3    1   2279      .833      .127
   480  .32155E+01  .78447E-01    7    1   2286      .833      .156
   481  .32716E+01  .56034E-01    3    1   2289      .833      .108
   482  .33444E+01  .72844E-01    3    1   2292      .833      .133
   483  .34381E+01  .93656E-01    7    1   2299      .833      .166
   484  .35083E+01  .70242E-01    3    1   2302      .833      .124
   485  .35903E+01  .81949E-01    3    1   2305      .833      .143
   486  .36927E+01  .10244E+00    7    1   2312      .833      .173
   487  .37695E+01  .76827E-01    3    1   2315      .833      .126
   488  .38848E+01  .11524E+00    3    1   2318      .833      .178
   489  .40000E+01  .11524E+00    7    1   2325      .832      .169
   490  .40732E+01  .73171E-01    3    1   2328      .833      .104
   491  .41676E+01  .94414E-01    3    1   2331      .832      .133
   492  .42907E+01  .12315E+00    7    1   2338      .833      .168
   493  .43754E+01  .84665E-01    3    1   2341      .833      .113
   494  .44848E+01  .10936E+00    3    1   2344      .833      .140
   495  .46327E+01  .14796E+00    3    1   2347      .833      .179
   496  .48148E+01  .18210E+00    6    1   2353      .833      .206
   497  .49969E+01  .18210E+00    3    1   2356      .833      .192
   498  .52473E+01  .25039E+00    3    1   2359      .833      .248
   499  .55394E+01  .29212E+00    7    1   2366      .833      .274
   500  .57481E+01  .20866E+00    3    1   2369      .833      .186
   501  .60611E+01  .31298E+00    7    1   2376      .833      .260
   502  .62488E+01  .18779E+00    3    1   2379      .833      .149
   503  .64992E+01  .25039E+00    3    1   2382      .833      .187
   504  .70000E+01  .50077E+00    7    1   2389      .833      .336
   505  .70001E+01  .69999E-04    3    1   2392      .833      .000
   506  .70002E+01  .91002E-04    3    1   2395      .833      .000
   507  .70003E+01  .11830E-03    3    1   2398      .833      .000
   508  .70004E+01  .15378E-03    3    1   2401      .833      .000
   509  .70006E+01  .19991E-03    3    1   2404      .833      .000
   510  .70009E+01  .25991E-03    3    1   2407      .833      .000
   511  .70012E+01  .33788E-03    3    1   2410      .833      .000
   512  .70017E+01  .43921E-03    3    1   2413      .833      .001
   513  .70022E+01  .57113E-03    3    1   2416      .833      .001
   514  .70030E+01  .74238E-03    3    1   2419      .833      .003
   515  .70039E+01  .96517E-03    4    1   2423      .833      .009
   516  .70049E+01  .96517E-03    5    1   2428      .833      .014
   517  .70059E+01  .96517E-03    5    1   2433      .833      .020
   518  .70068E+01  .96517E-03    3    1   2436      .833      .026
   519  .70081E+01  .12540E-02    4    1   2440      .833      .039
   520  .70094E+01  .12540E-02    4    1   2444      .833      .043
   521  .70106E+01  .12540E-02    4    1   2448      .833      .045
   522  .70119E+01  .12540E-02    3    1   2451      .833      .046
   523  .70135E+01  .16306E-02    5    1   2456      .833      .059
   524  .70151E+01  .16306E-02    5    1   2461      .833      .063
   525  .70168E+01  .16306E-02    4    1   2465      .833      .064
   526  .70184E+01  .16306E-02    5    1   2470      .833      .067
   527  .70200E+01  .16306E-02    4    1   2474      .833      .067
   528  .70216E+01  .16306E-02    4    1   2478      .833      .067
   529  .70233E+01  .16306E-02    3    1   2481      .833      .066
   530  .70254E+01  .21187E-02    5    1   2486      .833      .083
   531  .70275E+01  .21187E-02    5    1   2491      .833      .083
   532  .70296E+01  .21187E-02    5    1   2496      .833      .082
   533  .70318E+01  .21187E-02    4    1   2500      .833      .080
   534  .70339E+01  .21187E-02    4    1   2504      .833      .079
   535  .70360E+01  .21187E-02    5    1   2509      .833      .077
   536  .70381E+01  .21187E-02    3    1   2512      .833      .075
   537  .70409E+01  .27561E-02    5    1   2517      .833      .095
   538  .70436E+01  .27561E-02    5    1   2522      .833      .092
   539  .70464E+01  .27561E-02    5    1   2527      .833      .089
   540  .70491E+01  .27561E-02    5    1   2532      .833      .088
   541  .70519E+01  .27561E-02    4    1   2536      .833      .085
   542  .70546E+01  .27561E-02    5    1   2541      .833      .083
   543  .70574E+01  .27561E-02    5    1   2546      .833      .081
   544  .70602E+01  .27561E-02    4    1   2550      .833      .079
   545  .70629E+01  .27561E-02    5    1   2555      .833      .077
   546  .70657E+01  .27561E-02    4    1   2559      .833      .076
   547  .70684E+01  .27561E-02    4    1   2563      .833      .074
   548  .70712E+01  .27561E-02    3    1   2566      .833      .072
   549  .70748E+01  .35862E-02    5    1   2571      .833      .091
   550  .70784E+01  .35862E-02    5    1   2576      .833      .089
   551  .70819E+01  .35862E-02    4    1   2580      .833      .087
   552  .70855E+01  .35862E-02    5    1   2585      .833      .085
   553  .70891E+01  .35862E-02    4    1   2589      .833      .083
   554  .70927E+01  .35862E-02    5    1   2594      .833      .081
   555  .70963E+01  .35862E-02    4    1   2598      .833      .080
   556  .70999E+01  .35862E-02    4    1   2602      .833      .079
   557  .71035E+01  .35862E-02    5    1   2607      .833      .078
   558  .71070E+01  .35862E-02    4    1   2611      .833      .077
   559  .71106E+01  .35862E-02    5    1   2616      .833      .076
   560  .71142E+01  .35862E-02    5    1   2621      .833      .075
   561  .71178E+01  .35862E-02    3    1   2624      .833      .074
   562  .71225E+01  .46677E-02    5    1   2629      .833      .096
   563  .71271E+01  .46677E-02    5    1   2634      .833      .095
   564  .71318E+01  .46677E-02    5    1   2639      .833      .095
   565  .71365E+01  .46677E-02    4    1   2643      .833      .094
   566  .71411E+01  .46677E-02    4    1   2647      .833      .094
   567  .71458E+01  .46677E-02    5    1   2652      .833      .093
   568  .71505E+01  .46677E-02    5    1   2657      .833      .093
   569  .71551E+01  .46677E-02    5    1   2662      .833      .092
   570  .71598E+01  .46677E-02    5    1   2667      .833      .092
   571  .71645E+01  .46677E-02    4    1   2671      .833      .091
   572  .71691E+01  .46677E-02    5    1   2676      .833      .091
   573  .71738E+01  .46677E-02    5    1   2681      .833      .090
   574  .71785E+01  .46677E-02    5    1   2686      .833      .090
   575  .71831E+01  .46677E-02    5    1   2691      .833      .090
   576  .71878E+01  .46677E-02    5    1   2696      .833      .089
   577  .71925E+01  .46677E-02    5    1   2701      .833      .089
   578  .71972E+01  .46677E-02    5    1   2706      .833      .089
   579  .72018E+01  .46677E-02    4    1   2710      .833      .088
   580  .72065E+01  .46677E-02    5    1   2715      .833      .088
   581  .72112E+01  .46677E-02    4    1   2719      .833      .088
   582  .72158E+01  .46677E-02    4    1   2723      .833      .087
   583  .72205E+01  .46677E-02    4    1   2727      .833      .087
   584  .72252E+01  .46677E-02    5    1   2732      .833      .087
   585  .72298E+01  .46677E-02    5    1   2737      .833      .087
   586  .72345E+01  .46677E-02    5    1   2742      .833      .087
   587  .72392E+01  .46677E-02    3    1   2745      .833      .086
   588  .72452E+01  .60384E-02    5    1   2750      .833      .111
   589  .72512E+01  .60384E-02    5    1   2755      .833      .111
   590  .72573E+01  .60384E-02    5    1   2760      .833      .111
   591  .72633E+01  .60384E-02    5    1   2765      .833      .111
   592  .72694E+01  .60384E-02    5    1   2770      .833      .111
   593  .72754E+01  .60384E-02    5    1   2775      .833      .110
   594  .72814E+01  .60384E-02    4    1   2779      .833      .110
   595  .72875E+01  .60384E-02    4    1   2783      .833      .110
   596  .72935E+01  .60384E-02    5    1   2788      .833      .110
   597  .72995E+01  .60384E-02    4    1   2792      .833      .110
   598  .73056E+01  .60384E-02    5    1   2797      .833      .110
   599  .73116E+01  .60384E-02    5    1   2802      .833      .110
   600  .73177E+01  .60384E-02    5    1   2807      .833      .110
   601  .73237E+01  .60384E-02    5    1   2812      .833      .110
   602  .73297E+01  .60384E-02    5    1   2817      .833      .109
   603  .73358E+01  .60384E-02    4    1   2821      .833      .109
   604  .73418E+01  .60384E-02    5    1   2826      .833      .109
   605  .73479E+01  .60384E-02    5    1   2831      .833      .109
   606  .73539E+01  .60384E-02    5    1   2836      .833      .109
   607  .73599E+01  .60384E-02    5    1   2841      .833      .109
   608  .73660E+01  .60384E-02    5    1   2846      .833      .109
   609  .73720E+01  .60384E-02    5    1   2851      .833      .109
   610  .73780E+01  .60384E-02    5    1   2856      .833      .109
   611  .73841E+01  .60384E-02    4    1   2860      .833      .109
   612  .73901E+01  .60384E-02    5    1   2865      .833      .109
   613  .73962E+01  .60384E-02    5    1   2870      .833      .109
   614  .74022E+01  .60384E-02    5    1   2875      .833      .109
   615  .74082E+01  .60384E-02    5    1   2880      .833      .109
   616  .74143E+01  .60384E-02    4    1   2884      .833      .109
   617  .74203E+01  .60384E-02    5    1   2889      .833      .109
   618  .74263E+01  .60384E-02    5    1   2894      .833      .109
   619  .74324E+01  .60384E-02    5    1   2899      .833      .109
   620  .74384E+01  .60384E-02    5    1   2904      .833      .109
   621  .74445E+01  .60384E-02    5    1   2909      .833      .109
   622  .74505E+01  .60384E-02    3    1   2912      .833      .109
   623  .74584E+01  .78500E-02    5    1   2917      .833      .141
   624  .74662E+01  .78499E-02    5    1   2922      .833      .141
   625  .74741E+01  .78499E-02    5    1   2927      .833      .141
   626  .74819E+01  .78499E-02    5    1   2932      .833      .141
   627  .74898E+01  .78499E-02    5    1   2937      .833      .141
   628  .74976E+01  .78499E-02    5    1   2942      .833      .141
   629  .75055E+01  .78499E-02    5    1   2947      .833      .141
   630  .75133E+01  .78499E-02    4    1   2951      .833      .141
   631  .75212E+01  .78499E-02    5    1   2956      .833      .141
   632  .75290E+01  .78499E-02    5    1   2961      .833      .141
   633  .75369E+01  .78499E-02    5    1   2966      .833      .141
   634  .75447E+01  .78499E-02    4    1   2970      .833      .141
   635  .75526E+01  .78499E-02    5    1   2975      .833      .141
   636  .75604E+01  .78499E-02    5    1   2980      .833      .141
   637  .75683E+01  .78499E-02    5    1   2985      .833      .141
   638  .75761E+01  .78499E-02    5    1   2990      .833      .141
   639  .75840E+01  .78499E-02    5    1   2995      .833      .141
   640  .75918E+01  .78499E-02    5    1   3000      .833      .141
   641  .75997E+01  .78499E-02    5    1   3005      .833      .141
   642  .76075E+01  .78499E-02    5    1   3010      .833      .141
   643  .76154E+01  .78499E-02    5    1   3015      .833      .141
   644  .76232E+01  .78499E-02    5    1   3020      .833      .141
   645  .76311E+01  .78499E-02    5    1   3025      .833      .141
   646  .76389E+01  .78499E-02    5    1   3030      .833      .141
   647  .76468E+01  .78499E-02    5    1   3035      .833      .141
   648  .76546E+01  .78499E-02    5    1   3040      .833      .141
   649  .76625E+01  .78499E-02    5    1   3045      .833      .141
   650  .76703E+01  .78499E-02    5    1   3050      .833      .141
   651  .76782E+01  .78499E-02    4    1   3054      .833      .141
   652  .76860E+01  .78499E-02    5    1   3059      .833      .141
   653  .76939E+01  .78499E-02    5    1   3064      .833      .141
   654  .77017E+01  .78499E-02    5    1   3069      .833      .141
   655  .77096E+01  .78499E-02    5    1   3074      .833      .141
   656  .77174E+01  .78499E-02    5    1   3079      .833      .141
   657  .77253E+01  .78499E-02    5    1   3084      .833      .141
   658  .77331E+01  .78499E-02    5    1   3089      .833      .141
   659  .77410E+01  .78499E-02    5    1   3094      .833      .141
   660  .77488E+01  .78499E-02    5    1   3099      .833      .141
   661  .77567E+01  .78499E-02    5    1   3104      .833      .141
   662  .77645E+01  .78499E-02    5    1   3109      .833      .141
   663  .77724E+01  .78499E-02    5    1   3114      .833      .141
   664  .77802E+01  .78499E-02    5    1   3119      .833      .141
   665  .77881E+01  .78499E-02    5    1   3124      .833      .141
   666  .77959E+01  .78499E-02    5    1   3129      .833      .141
   667  .78038E+01  .78499E-02    5    1   3134      .833      .141
   668  .78116E+01  .78499E-02    5    1   3139      .833      .141
   669  .78195E+01  .78499E-02    5    1   3144      .833      .141
   670  .78273E+01  .78499E-02    5    1   3149      .833      .141
   671  .78352E+01  .78499E-02    5    1   3154      .833      .141
   672  .78430E+01  .78499E-02    4    1   3158      .833      .141
   673  .78509E+01  .78499E-02    5    1   3163      .833      .141
   674  .78587E+01  .78499E-02    5    1   3168      .833      .141
   675  .78666E+01  .78499E-02    5    1   3173      .833      .141
   676  .78744E+01  .78499E-02    5    1   3178      .833      .141
   677  .78823E+01  .78499E-02    5    1   3183      .833      .141
   678  .78901E+01  .78499E-02    5    1   3188      .833      .141
   679  .78980E+01  .78499E-02    5    1   3193      .833      .141
   680  .79058E+01  .78499E-02    5    1   3198      .833      .141
   681  .79137E+01  .78499E-02    5    1   3203      .833      .141
   682  .79215E+01  .78500E-02    5    1   3208      .833      .141
   683  .79294E+01  .78499E-02    5    1   3213      .833      .141
   684  .79372E+01  .78499E-02    5    1   3218      .833      .141
   685  .79451E+01  .78499E-02    5    1   3223      .833      .141
   686  .79529E+01  .78500E-02    5    1   3228      .833      .141
   687  .79608E+01  .78499E-02    4    1   3232      .833      .141
   688  .79686E+01  .78499E-02    5    1   3237      .833      .141
   689  .79764E+01  .78499E-02    5    1   3242      .833      .141
   690  .79843E+01  .78500E-02    5    1   3247      .833      .141
   691  .79922E+01  .78499E-02    5    1   3252      .833      .141
   692  .80000E+01  .78497E-02    3    1   3255      .833      .141
   693  .80102E+01  .10204E-01    9    1   3264      .833      .619
   694  .80174E+01  .71724E-02    8    1   3272      .833      .400
   695  .80224E+01  .50134E-02    8    1   3280      .833      .325
   696  .80259E+01  .35040E-02    7    1   3287      .833      .249
   697  .80284E+01  .24599E-02    7    1   3294      .833      .179
   698  .80301E+01  .17197E-02    3    1   3297      .833      .103
   699  .80323E+01  .22349E-02    7    1   3304      .833      .176
   700  .80339E+01  .15658E-02    3    1   3307      .833      .103
   701  .80359E+01  .20340E-02    6    1   3313      .833      .167
   702  .80379E+01  .20339E-02    3    1   3316      .833      .146
   703  .80406E+01  .26430E-02    7    1   3323      .833      .207
   704  .80424E+01  .18522E-02    3    1   3326      .833      .119
   705  .80448E+01  .24059E-02    7    1   3333      .833      .197
   706  .80465E+01  .16846E-02    3    1   3336      .833      .116
   707  .80487E+01  .21919E-02    7    1   3343      .833      .190
   708  .80503E+01  .15343E-02    3    1   3346      .833      .113
   709  .80522E+01  .19953E-02    6    1   3352      .833      .166
   710  .80542E+01  .19953E-02    7    1   3359      .833      .179
   711  .80556E+01  .13949E-02    3    1   3362      .833      .108
   712  .80575E+01  .18126E-02    7    1   3369      .833      .160
   713  .80587E+01  .12703E-02    3    1   3372      .833      .096
   714  .80604E+01  .16514E-02    6    1   3378      .833      .155
   715  .80620E+01  .16514E-02    6    1   3384      .833      .149
   716  .80637E+01  .16514E-02    6    1   3390      .833      .138
   717  .80653E+01  .16514E-02    3    1   3393      .833      .119
   718  .80675E+01  .21437E-02    7    1   3400      .833      .201
   719  .80690E+01  .15017E-02    3    1   3403      .833      .119
   720  .80709E+01  .19518E-02    7    1   3410      .833      .189
   721  .80723E+01  .13663E-02    3    1   3413      .833      .114
   722  .80741E+01  .17772E-02    7    1   3420      .833      .176
   723  .80753E+01  .12445E-02    3    1   3423      .833      .106
   724  .80769E+01  .16166E-02    7    1   3430      .833      .161
   725  .80781E+01  .11326E-02    3    1   3433      .833      .098
   726  .80795E+01  .14704E-02    7    1   3440      .833      .152
   727  .80806E+01  .10296E-02    3    1   3443      .833      .092
   728  .80819E+01  .13383E-02    6    1   3449      .833      .128
   729  .80832E+01  .13383E-02    7    1   3456      .833      .120
   730  .80842E+01  .93738E-03    3    1   3459      .833      .074
   731  .80854E+01  .12178E-02    7    1   3466      .833      .113
   732  .80863E+01  .85317E-03    3    1   3469      .833      .070
   733  .80874E+01  .11089E-02    6    1   3475      .833      .130
   734  .80885E+01  .11089E-02    7    1   3482      .833      .111
   735  .80892E+01  .77643E-03    3    1   3485      .833      .067
   736  .80903E+01  .10086E-02    3    1   3488      .833      .079
   737  .80916E+01  .13109E-02    6    1   3494      .833      .094
   738  .80929E+01  .13109E-02    3    1   3497      .833      .088
   739  .80946E+01  .17051E-02    7    1   3504      .833      .149
   740  .80958E+01  .11945E-02    3    1   3507      .833      .081
   741  .80973E+01  .15510E-02    6    1   3513      .833      .095
   742  .80989E+01  .15510E-02    6    1   3519      .833      .089
   743  .81004E+01  .15510E-02    3    1   3522      .833      .085
   744  .81024E+01  .20170E-02    7    1   3529      .833      .160
   745  .81039E+01  .14112E-02    3    1   3532      .833      .083
   746  .81057E+01  .18364E-02    7    1   3539      .833      .177
   747  .81070E+01  .12849E-02    6    1   3545      .833      .101
   748  .81083E+01  .12849E-02    3    1   3548      .833      .090
   749  .81099E+01  .16699E-02    7    1   3555      .833      .145
   750  .81111E+01  .11696E-02    3    1   3558      .833      .081
   751  .81126E+01  .15195E-02    6    1   3564      .833      .086
   752  .81141E+01  .15195E-02    3    1   3567      .833      .083
   753  .81161E+01  .19774E-02    6    1   3573      .833      .115
   754  .81181E+01  .19774E-02    3    1   3576      .833      .098
   755  .81207E+01  .25712E-02    7    1   3583      .833      .141
   756  .81225E+01  .17982E-02    3    1   3586      .832      .080
   757  .81248E+01  .23401E-02    7    1   3593      .832      .113
   758  .81264E+01  .16359E-02    3    1   3596      .832      .064
   759  .81286E+01  .21254E-02    7    1   3603      .833      .163
   760  .81301E+01  .14896E-02    6    1   3609      .832      .093
   761  .81315E+01  .14896E-02    3    1   3612      .832      .081
   762  .81335E+01  .19342E-02    8    1   3620      .833      .163
   763  .81348E+01  .13561E-02    6    1   3626      .833      .100
   764  .81362E+01  .13561E-02    7    1   3633      .833      .079
   765  .81371E+01  .94820E-03    3    1   3636      .833      .047
   766  .81384E+01  .12327E-02    8    1   3644      .832      .146
   767  .81392E+01  .86335E-03    3    1   3647      .832      .083
   768  .81404E+01  .11222E-02    7    1   3654      .832      .119
   769  .81411E+01  .78578E-03    6    1   3660      .832      .095
   770  .81419E+01  .78578E-03    3    1   3663      .832      .079
   771  .81430E+01  .10215E-02    3    1   3666      .832      .096
   772  .81443E+01  .13267E-02    8    1   3674      .832      .178
   773  .81452E+01  .92912E-03    7    1   3681      .832      .105
   774  .81459E+01  .65053E-03    3    1   3684      .833      .066
   775  .81467E+01  .84569E-03    3    1   3687      .832      .076
   776  .81478E+01  .10996E-02    8    1   3695      .832      .171
   777  .81486E+01  .76983E-03    6    1   3701      .832      .093
   778  .81493E+01  .76983E-03    3    1   3704      .832      .080
   779  .81503E+01  .10008E-02    3    1   3707      .833      .111
   780  .81516E+01  .13012E-02    8    1   3715      .833      .134
   781  .81526E+01  .91025E-03    7    1   3722      .833      .081
   782  .81532E+01  .63718E-03    3    1   3725      .833      .052
   783  .81540E+01  .82858E-03    3    1   3728      .833      .089
   784  .81551E+01  .10777E-02    6    1   3734      .833      .067
   785  .81562E+01  .10777E-02    3    1   3737      .833      .052
   786  .81576E+01  .13994E-02    7    1   3744      .833      .109
   787  .81586E+01  .97957E-03    3    1   3747      .833      .069
   788  .81598E+01  .12749E-02    7    1   3754      .833      .096
   789  .81607E+01  .89190E-03    3    1   3757      .833      .054
   790  .81619E+01  .11592E-02    6    1   3763      .833      .076
   791  .81630E+01  .11592E-02    3    1   3766      .833      .061
   792  .81645E+01  .15080E-02    7    1   3773      .833      .125
   793  .81656E+01  .10549E-02    3    1   3776      .833      .064
   794  .81670E+01  .13724E-02    3    1   3779      .833      .077
   795  .81688E+01  .17838E-02    8    1   3787      .833      .174
   796  .81700E+01  .12481E-02    6    1   3793      .833      .100
   797  .81713E+01  .12481E-02    3    1   3796      .833      .083
   798  .81729E+01  .16218E-02    7    1   3803      .833      .116
   799  .81740E+01  .11362E-02    3    1   3806      .833      .065
   800  .81755E+01  .14776E-02    3    1   3809      .833      .093
   801  .81774E+01  .19175E-02    6    1   3815      .833      .111
   802  .81793E+01  .19175E-02    3    1   3818      .833      .091
   803  .81818E+01  .24945E-02    7    1   3825      .833      .189
   804  .81836E+01  .17483E-02    3    1   3828      .833      .108
   805  .81858E+01  .22679E-02    7    1   3835      .833      .145
   806  .81874E+01  .15902E-02    3    1   3838      .833      .074
   807  .81895E+01  .20676E-02    7    1   3845      .833      .138
   808  .81909E+01  .14473E-02    3    1   3848      .833      .092
   809  .81928E+01  .18815E-02    3    1   3851      .833      .092
   810  .81953E+01  .24460E-02    7    1   3858      .833      .155
   811  .81970E+01  .17122E-02    3    1   3861      .833      .086
   812  .81992E+01  .22244E-02    7    1   3868      .833      .125
   813  .82008E+01  .15580E-02    3    1   3871      .833      .081
   814  .82028E+01  .20234E-02    7    1   3878      .833      .140
   815  .82042E+01  .14160E-02    3    1   3881      .833      .081
   816  .82060E+01  .18421E-02    3    1   3884      .833      .103
   817  .82084E+01  .23914E-02    3    1   3887      .833      .117
   818  .82116E+01  .31164E-02    8    1   3895      .833      .218
   819  .82137E+01  .21780E-02    3    1   3898      .833      .132
   820  .82166E+01  .28283E-02    3    1   3901      .833      .145
   821  .82202E+01  .36781E-02    8    1   3909      .833      .153
   822  .82228E+01  .25820E-02    7    1   3916      .833      .118
   823  .82246E+01  .18032E-02    3    1   3919      .833      .075
   824  .82270E+01  .23496E-02    3    1   3922      .833      .120
   825  .82300E+01  .30554E-02    7    1   3929      .833      .102
   826  .82322E+01  .21329E-02    3    1   3932      .833      .057
   827  .82349E+01  .27720E-02    7    1   3939      .833      .127
   828  .82369E+01  .19418E-02    3    1   3942      .833      .080
   829  .82394E+01  .25269E-02    7    1   3949      .833      .114
   830  .82412E+01  .17688E-02    3    1   3952      .833      .061
   831  .82435E+01  .22995E-02    3    1   3955      .833      .069
   832  .82465E+01  .29902E-02    3    1   3958      .833      .121
   833  .82503E+01  .38842E-02    7    1   3965      .833      .148
   834  .82531E+01  .27161E-02    3    1   3968      .833      .070
   835  .82566E+01  .35400E-02    3    1   3971      .833      .112
   836  .82612E+01  .45889E-02    7    1   3978      .833      .173
   837  .82644E+01  .32122E-02    3    1   3981      .833      .085
   838  .82686E+01  .41795E-02    3    1   3984      .833      .164
   839  .82740E+01  .54179E-02    9    1   3993      .833      .246
   840  .82778E+01  .38011E-02    7    1   4000      .833      .116
   841  .82805E+01  .26649E-02    3    1   4003      .833      .072
   842  .82839E+01  .34593E-02    3    1   4006      .833      .120
   843  .82884E+01  .45036E-02    7    1   4013      .833      .168
   844  .82916E+01  .31486E-02    3    1   4016      .833      .087
   845  .82957E+01  .40949E-02    3    1   4019      .833      .136
   846  .83010E+01  .53358E-02    7    1   4026      .833      .218
   847  .83047E+01  .37181E-02    3    1   4029      .833      .105
   848  .83096E+01  .48621E-02    7    1   4036      .833      .186
   849  .83130E+01  .33844E-02    3    1   4039      .833      .127
   850  .83174E+01  .44040E-02    7    1   4046      .833      .147
   851  .83205E+01  .30888E-02    3    1   4049      .833      .083
   852  .83245E+01  .40209E-02    3    1   4052      .833      .130
   853  .83297E+01  .52366E-02    7    1   4059      .833      .137
   854  .83334E+01  .36428E-02    3    1   4062      .833      .073
   855  .83381E+01  .47617E-02    7    1   4069      .833      .124
   856  .83415E+01  .33260E-02    3    1   4072      .833      .072
   857  .83458E+01  .43325E-02    7    1   4079      .833      .136
   858  .83488E+01  .30288E-02    3    1   4082      .833      .067
   859  .83527E+01  .39228E-02    3    1   4085      .833      .108
   860  .83578E+01  .50966E-02    7    1   4092      .833      .136
   861  .83614E+01  .35875E-02    3    1   4095      .833      .071
   862  .83661E+01  .46612E-02    3    1   4098      .833      .102
   863  .83721E+01  .60373E-02    8    1   4106      .833      .216
   864  .83764E+01  .42424E-02    3    1   4109      .832      .119
   865  .83819E+01  .55189E-02    7    1   4116      .832      .182
   866  .83857E+01  .38632E-02    3    1   4119      .832      .100
   867  .83907E+01  .49939E-02    7    1   4126      .832      .142
   868  .83942E+01  .35015E-02    3    1   4129      .832      .079
   869  .83988E+01  .45546E-02    3    1   4132      .832      .134
   870  .84047E+01  .58942E-02    8    1   4140      .832      .163
   871  .84088E+01  .41341E-02    3    1   4143      .832      .099
   872  .84142E+01  .53743E-02    3    1   4146      .832      .125
   873  .84212E+01  .69738E-02    7    1   4153      .833      .131
   874  .84261E+01  .49053E-02    3    1   4156      .833      .077
   875  .84325E+01  .63769E-02    3    1   4159      .833      .130
   876  .84408E+01  .83462E-02    7    1   4166      .833      .205
   877  .84466E+01  .58250E-02    3    1   4169      .833      .106
   878  .84542E+01  .75805E-02    3    1   4172      .833      .120
   879  .84640E+01  .97463E-02    8    1   4180      .832      .216
   880  .84708E+01  .68724E-02    3    1   4183      .832      .129
   881  .84798E+01  .89690E-02    3    1   4186      .832      .175
   882  .84914E+01  .11560E-01    7    1   4193      .832      .250
   883  .84994E+01  .80737E-02    3    1   4196      .832      .122
   884  .85101E+01  .10650E-01    3    1   4199      .833      .172
   885  .85237E+01  .13609E-01    8    1   4207      .833      .238
   886  .85332E+01  .95262E-02    3    1   4210      .833      .131
   887  .85458E+01  .12616E-01    7    1   4217      .833      .276
   888  .85546E+01  .87340E-02    3    1   4220      .833      .145
   889  .85660E+01  .11421E-01    8    1   4228      .833      .219
   890  .85739E+01  .78912E-02    3    1   4231      .832      .121
   891  .85843E+01  .10393E-01    3    1   4234      .832      .235
   892  .85977E+01  .13411E-01    7    1   4241      .832      .190
   893  .86070E+01  .93563E-02    3    1   4244      .832      .121
   894  .86193E+01  .12280E-01    3    1   4247      .833      .252
   895  .86352E+01  .15862E-01    7    1   4254      .833      .194
   896  .86462E+01  .11055E-01    3    1   4257      .833      .114
   897  .86610E+01  .14740E-01    7    1   4264      .832      .238
   898  .86712E+01  .10274E-01    3    1   4267      .833      .181
   899  .86844E+01  .13150E-01    7    1   4274      .833      .189
   900  .86937E+01  .92824E-02    3    1   4277      .832      .111
   901  .87055E+01  .11782E-01    3    1   4280      .832      .204
   902  .87210E+01  .15502E-01    7    1   4287      .833      .161
   903  .87317E+01  .10732E-01    3    1   4290      .833      .096
   904  .87458E+01  .14121E-01    7    1   4297      .833      .209
   905  .87556E+01  .97763E-02    3    1   4300      .833      .111
   906  .87685E+01  .12864E-01    3    1   4303      .833      .100
   907  .87850E+01  .16539E-01    7    1   4310      .833      .211
   908  .87969E+01  .11945E-01    3    1   4313      .833      .107
   909  .88126E+01  .15620E-01    3    1   4316      .833      .183
   910  .88334E+01  .20827E-01    3    1   4319      .833      .160
   911  .88612E+01  .27769E-01    7    1   4326      .833      .260
   912  .88785E+01  .17356E-01    3    1   4329      .833      .135
   913  .89028E+01  .24298E-01    3    1   4332      .833      .281
   914  .89352E+01  .32397E-01    3    1   4335      .833      .198
   915  .89676E+01  .32397E-01    3    1   4338      .833      .234
   916  .90000E+01  .32396E-01    6    1   4344      .833      .230
   917  .90400E+01  .40000E-01    3    1   4347      .833      .290
   918  .90916E+01  .51579E-01    3    1   4350      .833      .343
   919  .91597E+01  .68158E-01    7    1   4357      .833      .304
   920  .92069E+01  .47186E-01    3    1   4360      .833      .208
   921  .92688E+01  .61830E-01    7    1   4367      .833      .356
   922  .93110E+01  .42226E-01    3    1   4370      .833      .208
   923  .93673E+01  .56301E-01    3    1   4373      .833      .224
   924  .94383E+01  .70988E-01    6    1   4379      .833      .314
   925  .95093E+01  .70988E-01    3    1   4382      .833      .232
   926  .96024E+01  .93172E-01    3    1   4385      .833      .362
   927  .97295E+01  .12705E+00    8    1   4393      .833      .356
   928  .98142E+01  .84701E-01    3    1   4396      .833      .210
   929  .99220E+01  .10780E+00    3    1   4399      .833      .346
   930  .10076E+02  .15400E+00    8    1   4407      .833      .443
   931  .10179E+02  .10267E+00    3    1   4410      .833      .245
   932  .10316E+02  .13689E+00    8    1   4418      .833      .300
   933  .10413E+02  .97779E-01    3    1   4421      .833      .160
   934  .10531E+02  .11734E+00    3    1   4424      .833      .172
   935  .10687E+02  .15645E+00    7    1   4431      .833      .218
   936  .10791E+02  .10430E+00    6    1   4437      .833      .145
   937  .10896E+02  .10430E+00    3    1   4440      .833      .135
   938  .11000E+02  .10430E+00    7    1   4447      .833      .173
   939  .11077E+02  .76923E-01    3    1   4450      .833      .092
   940  .11174E+02  .97436E-01    5    1   4455      .833      .112
   941  .11272E+02  .97436E-01    5    1   4460      .833      .109
   942  .11369E+02  .97436E-01    5    1   4465      .833      .106
   943  .11467E+02  .97436E-01    5    1   4470      .833      .102
   944  .11564E+02  .97436E-01    3    1   4473      .833      .099
   945  .11692E+02  .12821E+00    5    1   4478      .833      .125
   946  .11821E+02  .12821E+00    3    1   4481      .833      .119
   947  .11988E+02  .16765E+00    3    1   4484      .833      .147
   948  .12212E+02  .22354E+00    7    1   4491      .833      .237
   949  .12361E+02  .14902E+00    5    1   4496      .833      .116
   950  .12510E+02  .14902E+00    3    1   4499      .833      .111
   951  .12696E+02  .18628E+00    5    1   4504      .833      .132
   952  .12882E+02  .18628E+00    5    1   4509      .833      .126
   953  .13069E+02  .18628E+00    5    1   4514      .833      .120
   954  .13255E+02  .18628E+00    5    1   4519      .833      .115
   955  .13441E+02  .18628E+00    3    1   4522      .833      .109
   956  .13721E+02  .27942E+00    5    1   4527      .832      .152
   957  .14000E+02  .27942E+00    5    1   4532      .833      .141
end
 
 Real time [sec]    1819.000000000000000
