 Inverse Problem                                                         
 
 Program HYDRUS2
 Date:   1. 7.    Time:  14:24:25
 Time dependent boundary conditions
 Axisymmetric flow, V = L*L*L
 Units: L = cm   , T = hours, M = mmol 


 Time:    100.0000

    i    n    x      z    Code     Q          v           h       th       Temp     Conc
                                 [V/T]      [L/T]        [L]     [-]        [C]    [M/L3]

    1   13    2.7   19.5    3  -.647E-01   .534E-01     -128.0   .598     20.00
    2   14    2.7   19.4    3  -.125E+00   .516E-01     -127.9   .598     20.00
    3   15    2.7   19.2    3  -.122E+00   .503E-01     -127.7   .598     20.00
    4   16    2.7   19.1    3  -.122E+00   .502E-01     -127.6   .598     20.00
    5   17    2.7   18.9    3  -.117E+00   .483E-01     -127.4   .598     20.00
    6   18    2.7   18.8    3  -.122E+00   .502E-01     -127.3   .598     20.00
    7   19    2.7   18.6    3  -.122E+00   .502E-01     -127.1   .598     20.00
    8   20    2.7   18.5    3  -.122E+00   .502E-01     -127.0   .598     20.00
    9   21    2.7   18.4    3  -.117E+00   .483E-01     -126.9   .598     20.00
   10   22    2.7   18.2    3  -.122E+00   .502E-01     -126.7   .598     20.00
   11   23    2.7   18.1    3  -.122E+00   .503E-01     -126.6   .598     20.00
   12   24    2.7   17.9    3  -.122E+00   .503E-01     -126.4   .598     20.00
   13   25    2.7   17.8    3  -.122E+00   .503E-01     -126.3   .598     20.00
   14   26    2.7   17.6    3  -.117E+00   .484E-01     -126.1   .598     20.00
   15   27    2.7   17.5    3  -.122E+00   .504E-01     -126.0   .598     20.00
   16   28    2.7   17.4    3  -.122E+00   .504E-01     -125.9   .598     20.00
   17   29    2.7   17.2    3  -.122E+00   .505E-01     -125.7   .598     20.00
   18   30    2.7   17.1    3  -.118E+00   .486E-01     -125.6   .598     20.00
   19   31    2.7   16.9    3  -.123E+00   .506E-01     -125.4   .598     20.00
   20   32    2.7   16.8    3  -.123E+00   .507E-01     -125.3   .598     20.00
   21   33    2.7   16.6    3  -.124E+00   .513E-01     -125.1   .598     20.00
   22   34    2.7   16.5    3  -.614E-01   .507E-01     -125.0   .598     20.00


 Time:    200.0000

    i    n    x      z    Code     Q          v           h       th       Temp     Conc
                                 [V/T]      [L/T]        [L]     [-]        [C]    [M/L3]

    1   13    2.7   19.5    3  -.278E-01   .230E-01     -128.0   .598     20.00
    2   14    2.7   19.4    3  -.528E-01   .218E-01     -127.9   .598     20.00
    3   15    2.7   19.2    3  -.515E-01   .213E-01     -127.7   .598     20.00
    4   16    2.7   19.1    3  -.515E-01   .212E-01     -127.6   .598     20.00
    5   17    2.7   18.9    3  -.502E-01   .207E-01     -127.4   .598     20.00
    6   18    2.7   18.8    3  -.514E-01   .212E-01     -127.3   .598     20.00
    7   19    2.7   18.6    3  -.514E-01   .212E-01     -127.1   .598     20.00
    8   20    2.7   18.5    3  -.514E-01   .212E-01     -127.0   .598     20.00
    9   21    2.7   18.4    3  -.502E-01   .207E-01     -126.9   .598     20.00
   10   22    2.7   18.2    3  -.514E-01   .212E-01     -126.7   .598     20.00
   11   23    2.7   18.1    3  -.514E-01   .212E-01     -126.6   .598     20.00
   12   24    2.7   17.9    3  -.514E-01   .212E-01     -126.4   .598     20.00
   13   25    2.7   17.8    3  -.515E-01   .212E-01     -126.3   .598     20.00
   14   26    2.7   17.6    3  -.503E-01   .208E-01     -126.1   .598     20.00
   15   27    2.7   17.5    3  -.516E-01   .213E-01     -126.0   .598     20.00
   16   28    2.7   17.4    3  -.516E-01   .213E-01     -125.9   .598     20.00
   17   29    2.7   17.2    3  -.517E-01   .213E-01     -125.7   .598     20.00
   18   30    2.7   17.1    3  -.506E-01   .209E-01     -125.6   .598     20.00
   19   31    2.7   16.9    3  -.519E-01   .214E-01     -125.4   .598     20.00
   20   32    2.7   16.8    3  -.520E-01   .215E-01     -125.3   .598     20.00
   21   33    2.7   16.6    3  -.526E-01   .217E-01     -125.1   .598     20.00
   22   34    2.7   16.5    3  -.265E-01   .219E-01     -125.0   .598     20.00


 Time:    300.0000

    i    n    x      z    Code     Q          v           h       th       Temp     Conc
                                 [V/T]      [L/T]        [L]     [-]        [C]    [M/L3]

    1   13    2.7   19.5    3  -.702E-01   .579E-01     -243.0   .594     20.00
    2   14    2.7   19.4    3  -.136E+00   .560E-01     -242.9   .594     20.00
    3   15    2.7   19.2    3  -.132E+00   .543E-01     -242.7   .594     20.00
    4   16    2.7   19.1    3  -.131E+00   .540E-01     -242.6   .594     20.00
    5   17    2.7   18.9    3  -.125E+00   .516E-01     -242.4   .594     20.00
    6   18    2.7   18.8    3  -.130E+00   .535E-01     -242.3   .594     20.00
    7   19    2.7   18.6    3  -.129E+00   .534E-01     -242.1   .594     20.00
    8   20    2.7   18.5    3  -.129E+00   .533E-01     -242.0   .594     20.00
    9   21    2.7   18.4    3  -.124E+00   .512E-01     -241.9   .594     20.00
   10   22    2.7   18.2    3  -.129E+00   .533E-01     -241.7   .594     20.00
   11   23    2.7   18.1    3  -.129E+00   .533E-01     -241.6   .594     20.00
   12   24    2.7   17.9    3  -.129E+00   .534E-01     -241.4   .594     20.00
   13   25    2.7   17.8    3  -.130E+00   .535E-01     -241.3   .594     20.00
   14   26    2.7   17.6    3  -.125E+00   .515E-01     -241.1   .594     20.00
   15   27    2.7   17.5    3  -.131E+00   .539E-01     -241.0   .594     20.00
   16   28    2.7   17.4    3  -.131E+00   .541E-01     -240.9   .594     20.00
   17   29    2.7   17.2    3  -.132E+00   .543E-01     -240.7   .594     20.00
   18   30    2.7   17.1    3  -.127E+00   .524E-01     -240.6   .594     20.00
   19   31    2.7   16.9    3  -.133E+00   .551E-01     -240.4   .594     20.00
   20   32    2.7   16.8    3  -.134E+00   .555E-01     -240.3   .594     20.00
   21   33    2.7   16.6    3  -.137E+00   .565E-01     -240.1   .594     20.00
   22   34    2.7   16.5    3  -.678E-01   .560E-01     -240.0   .594     20.00


 Time:    400.0000

    i    n    x      z    Code     Q          v           h       th       Temp     Conc
                                 [V/T]      [L/T]        [L]     [-]        [C]    [M/L3]

    1   13    2.7   19.5    3  -.745E-01   .615E-01     -483.0   .584     20.00
    2   14    2.7   19.4    3  -.141E+00   .581E-01     -482.9   .584     20.00
    3   15    2.7   19.2    3  -.129E+00   .533E-01     -482.7   .584     20.00
    4   16    2.7   19.1    3  -.120E+00   .495E-01     -482.6   .584     20.00
    5   17    2.7   18.9    3  -.108E+00   .445E-01     -482.4   .584     20.00
    6   18    2.7   18.8    3  -.107E+00   .440E-01     -482.3   .584     20.00
    7   19    2.7   18.6    3  -.103E+00   .426E-01     -482.1   .584     20.00
    8   20    2.7   18.5    3  -.101E+00   .417E-01     -482.0   .584     20.00
    9   21    2.7   18.4    3  -.961E-01   .396E-01     -481.9   .584     20.00
   10   22    2.7   18.2    3  -.987E-01   .407E-01     -481.7   .584     20.00
   11   23    2.7   18.1    3  -.990E-01   .408E-01     -481.6   .584     20.00
   12   24    2.7   17.9    3  -.999E-01   .412E-01     -481.4   .584     20.00
   13   25    2.7   17.8    3  -.102E+00   .419E-01     -481.3   .584     20.00
   14   26    2.7   17.6    3  -.101E+00   .417E-01     -481.1   .584     20.00
   15   27    2.7   17.5    3  -.108E+00   .447E-01     -481.0   .584     20.00
   16   28    2.7   17.4    3  -.113E+00   .464E-01     -480.9   .584     20.00
   17   29    2.7   17.2    3  -.118E+00   .487E-01     -480.7   .584     20.00
   18   30    2.7   17.1    3  -.121E+00   .498E-01     -480.6   .584     20.00
   19   31    2.7   16.9    3  -.136E+00   .560E-01     -480.4   .584     20.00
   20   32    2.7   16.8    3  -.147E+00   .607E-01     -480.3   .584     20.00
   21   33    2.7   16.6    3  -.160E+00   .661E-01     -480.1   .584     20.00
   22   34    2.7   16.5    3  -.834E-01   .688E-01     -480.0   .584     20.00


 Time:    500.0000

    i    n    x      z    Code     Q          v           h       th       Temp     Conc
                                 [V/T]      [L/T]        [L]     [-]        [C]    [M/L3]

    1   13    2.7   19.5    3  -.315E-01   .260E-01     -483.0   .584     20.00
    2   14    2.7   19.4    3  -.576E-01   .238E-01     -482.9   .584     20.00
    3   15    2.7   19.2    3  -.519E-01   .214E-01     -482.7   .584     20.00
    4   16    2.7   19.1    3  -.468E-01   .193E-01     -482.6   .584     20.00
    5   17    2.7   18.9    3  -.419E-01   .173E-01     -482.4   .584     20.00
    6   18    2.7   18.8    3  -.403E-01   .166E-01     -482.3   .584     20.00
    7   19    2.7   18.6    3  -.388E-01   .160E-01     -482.1   .584     20.00
    8   20    2.7   18.5    3  -.378E-01   .156E-01     -482.0   .584     20.00
    9   21    2.7   18.4    3  -.364E-01   .150E-01     -481.9   .584     20.00
   10   22    2.7   18.2    3  -.369E-01   .152E-01     -481.7   .584     20.00
   11   23    2.7   18.1    3  -.369E-01   .152E-01     -481.6   .584     20.00
   12   24    2.7   17.9    3  -.373E-01   .154E-01     -481.4   .584     20.00
   13   25    2.7   17.8    3  -.378E-01   .156E-01     -481.3   .584     20.00
   14   26    2.7   17.6    3  -.383E-01   .158E-01     -481.1   .584     20.00
   15   27    2.7   17.5    3  -.406E-01   .167E-01     -481.0   .584     20.00
   16   28    2.7   17.4    3  -.424E-01   .175E-01     -480.9   .584     20.00
   17   29    2.7   17.2    3  -.448E-01   .185E-01     -480.7   .584     20.00
   18   30    2.7   17.1    3  -.474E-01   .195E-01     -480.6   .584     20.00
   19   31    2.7   16.9    3  -.539E-01   .222E-01     -480.4   .584     20.00
   20   32    2.7   16.8    3  -.608E-01   .251E-01     -480.3   .584     20.00
   21   33    2.7   16.6    3  -.685E-01   .283E-01     -480.1   .584     20.00
   22   34    2.7   16.5    3  -.378E-01   .312E-01     -480.0   .584     20.00


 Time:    605.0000

    i    n    x      z    Code     Q          v           h       th       Temp     Conc
                                 [V/T]      [L/T]        [L]     [-]        [C]    [M/L3]

    1   13    2.7   19.5    3  -.173E-01   .143E-01     -483.0   .584     20.00
    2   14    2.7   19.4    3  -.313E-01   .129E-01     -482.9   .584     20.00
    3   15    2.7   19.2    3  -.280E-01   .116E-01     -482.7   .584     20.00
    4   16    2.7   19.1    3  -.250E-01   .103E-01     -482.6   .584     20.00
    5   17    2.7   18.9    3  -.223E-01   .922E-02     -482.4   .584     20.00
    6   18    2.7   18.8    3  -.213E-01   .880E-02     -482.3   .584     20.00
    7   19    2.7   18.6    3  -.205E-01   .846E-02     -482.1   .584     20.00
    8   20    2.7   18.5    3  -.200E-01   .824E-02     -482.0   .584     20.00
    9   21    2.7   18.4    3  -.193E-01   .797E-02     -481.9   .584     20.00
   10   22    2.7   18.2    3  -.195E-01   .804E-02     -481.7   .584     20.00
   11   23    2.7   18.1    3  -.196E-01   .807E-02     -481.6   .584     20.00
   12   24    2.7   17.9    3  -.198E-01   .815E-02     -481.4   .584     20.00
   13   25    2.7   17.8    3  -.201E-01   .829E-02     -481.3   .584     20.00
   14   26    2.7   17.6    3  -.205E-01   .845E-02     -481.1   .584     20.00
   15   27    2.7   17.5    3  -.216E-01   .893E-02     -481.0   .584     20.00
   16   28    2.7   17.4    3  -.227E-01   .936E-02     -480.9   .584     20.00
   17   29    2.7   17.2    3  -.240E-01   .992E-02     -480.7   .584     20.00
   18   30    2.7   17.1    3  -.257E-01   .106E-01     -480.6   .584     20.00
   19   31    2.7   16.9    3  -.294E-01   .121E-01     -480.4   .584     20.00
   20   32    2.7   16.8    3  -.334E-01   .138E-01     -480.3   .584     20.00
   21   33    2.7   16.6    3  -.378E-01   .156E-01     -480.1   .584     20.00
   22   34    2.7   16.5    3  -.211E-01   .174E-01     -480.0   .584     20.00
