 Inverse Problem                                                         
 
 Program HYDRUS2
 Date:   1. 7.    Time:  14:24:25
 Time dependent boundary conditions
 Axisymmetric flow, V = L*L*L
 Units: L = cm   , T = hours, M = mmol 

 Max. number of iterations             20
 Absolute water content tolerance [-]  .00010
 Absolute pressure head tolerance [L]********



MatNum, Param. array:

   Mat     Qr     Qs        Alfa         n          Ks      l

    1     .165   .370    .741E-02    .253E+01    .154E+00   .500
    2     .000   .600    .400E-03    .150E+01    .218E-03   .400

       Table of Hydraulic Properties which are interpolated in simulation
       =================================================================

  theta         h        log h        C             K        log K          S
 
   .3701   -.100E-05  -.6000E+01   .0000E+00   .1538E+00  -.8131E+00    1.0000
   .3701   -.126E-05  -.5899E+01   .0000E+00   .1538E+00  -.8131E+00    1.0000
   .3701   -.159E-05  -.5798E+01   .0000E+00   .1538E+00  -.8131E+00    1.0000
   .3701   -.201E-05  -.5697E+01   .0000E+00   .1538E+00  -.8131E+00    1.0000
   .3701   -.254E-05  -.5596E+01   .0000E+00   .1538E+00  -.8131E+00    1.0000
   .3701   -.320E-05  -.5495E+01   .0000E+00   .1538E+00  -.8131E+00    1.0000
   .3701   -.404E-05  -.5394E+01   .0000E+00   .1538E+00  -.8131E+00    1.0000
   .3701   -.509E-05  -.5293E+01   .0000E+00   .1538E+00  -.8131E+00    1.0000
   .3701   -.643E-05  -.5192E+01   .0000E+00   .1538E+00  -.8131E+00    1.0000
   .3701   -.811E-05  -.5091E+01   .0000E+00   .1538E+00  -.8131E+00    1.0000
   .3701   -.102E-04  -.4990E+01   .0000E+00   .1538E+00  -.8131E+00    1.0000
   .3701   -.129E-04  -.4889E+01   .0000E+00   .1538E+00  -.8131E+00    1.0000
   .3701   -.163E-04  -.4788E+01   .0000E+00   .1538E+00  -.8131E+00    1.0000
   .3701   -.206E-04  -.4687E+01   .0000E+00   .1538E+00  -.8131E+00    1.0000
   .3701   -.260E-04  -.4586E+01   .0000E+00   .1538E+00  -.8131E+00    1.0000
   .3701   -.327E-04  -.4485E+01   .0000E+00   .1538E+00  -.8131E+00    1.0000
   .3701   -.413E-04  -.4384E+01   .0000E+00   .1538E+00  -.8131E+00    1.0000
   .3701   -.521E-04  -.4283E+01   .0000E+00   .1538E+00  -.8131E+00    1.0000
   .3701   -.658E-04  -.4182E+01   .0000E+00   .1538E+00  -.8131E+00    1.0000
   .3701   -.830E-04  -.4081E+01   .0000E+00   .1538E+00  -.8131E+00    1.0000
   .3701   -.105E-03  -.3980E+01   .0000E+00   .1538E+00  -.8131E+00    1.0000
   .3701   -.132E-03  -.3879E+01   .0000E+00   .1538E+00  -.8131E+00    1.0000
   .3701   -.167E-03  -.3778E+01   .0000E+00   .1538E+00  -.8131E+00    1.0000
   .3701   -.210E-03  -.3677E+01   .3105E-11   .1538E+00  -.8131E+00    1.0000
   .3701   -.266E-03  -.3576E+01   .4430E-11   .1538E+00  -.8131E+00    1.0000
   .3701   -.335E-03  -.3475E+01   .6321E-11   .1538E+00  -.8131E+00    1.0000
   .3701   -.423E-03  -.3374E+01   .9018E-11   .1538E+00  -.8131E+00    1.0000
   .3701   -.534E-03  -.3273E+01   .1287E-10   .1538E+00  -.8131E+00    1.0000
   .3701   -.673E-03  -.3172E+01   .1836E-10   .1538E+00  -.8131E+00    1.0000
   .3701   -.850E-03  -.3071E+01   .2619E-10   .1538E+00  -.8131E+00    1.0000
   .3701   -.107E-02  -.2970E+01   .3737E-10   .1538E+00  -.8131E+00    1.0000
   .3701   -.135E-02  -.2869E+01   .5332E-10   .1538E+00  -.8131E+00    1.0000
   .3701   -.171E-02  -.2768E+01   .7608E-10   .1538E+00  -.8131E+00    1.0000
   .3701   -.215E-02  -.2667E+01   .1086E-09   .1538E+00  -.8131E+00    1.0000
   .3701   -.272E-02  -.2566E+01   .1549E-09   .1538E+00  -.8131E+00    1.0000
   .3701   -.343E-02  -.2465E+01   .2210E-09   .1538E+00  -.8131E+00    1.0000
   .3701   -.433E-02  -.2364E+01   .3153E-09   .1538E+00  -.8131E+00    1.0000
   .3701   -.546E-02  -.2263E+01   .4499E-09   .1538E+00  -.8131E+00    1.0000
   .3701   -.689E-02  -.2162E+01   .6418E-09   .1538E+00  -.8131E+00    1.0000
   .3701   -.870E-02  -.2061E+01   .9158E-09   .1538E+00  -.8131E+00    1.0000
   .3701   -.110E-01  -.1960E+01   .1307E-08   .1538E+00  -.8131E+00    1.0000
   .3701   -.138E-01  -.1859E+01   .1864E-08   .1538E+00  -.8131E+00    1.0000
   .3701   -.175E-01  -.1758E+01   .2660E-08   .1538E+00  -.8131E+00    1.0000
   .3701   -.221E-01  -.1657E+01   .3795E-08   .1538E+00  -.8131E+00    1.0000
   .3701   -.278E-01  -.1556E+01   .5415E-08   .1538E+00  -.8131E+00    1.0000
   .3701   -.351E-01  -.1455E+01   .7726E-08   .1538E+00  -.8131E+00    1.0000
   .3701   -.443E-01  -.1354E+01   .1102E-07   .1538E+00  -.8131E+00    1.0000
   .3701   -.559E-01  -.1253E+01   .1573E-07   .1538E+00  -.8131E+00    1.0000
   .3701   -.705E-01  -.1152E+01   .2244E-07   .1538E+00  -.8131E+00    1.0000
   .3701   -.890E-01  -.1051E+01   .3202E-07   .1538E+00  -.8131E+00    1.0000
   .3701   -.112E+00  -.9495E+00   .4568E-07   .1538E+00  -.8131E+00    1.0000
   .3701   -.142E+00  -.8485E+00   .6518E-07   .1538E+00  -.8131E+00    1.0000
   .3701   -.179E+00  -.7475E+00   .9299E-07   .1538E+00  -.8131E+00    1.0000
   .3701   -.226E+00  -.6465E+00   .1327E-06   .1538E+00  -.8132E+00    1.0000
   .3701   -.285E+00  -.5455E+00   .1893E-06   .1538E+00  -.8132E+00    1.0000
   .3701   -.359E+00  -.4444E+00   .2701E-06   .1537E+00  -.8132E+00    1.0000
   .3701   -.453E+00  -.3434E+00   .3854E-06   .1537E+00  -.8132E+00    1.0000
   .3701   -.572E+00  -.2424E+00   .5498E-06   .1537E+00  -.8133E+00    1.0000
   .3701   -.722E+00  -.1414E+00   .7845E-06   .1537E+00  -.8134E+00    1.0000
   .3701   -.911E+00  -.4040E-01   .1119E-05   .1536E+00  -.8135E+00    1.0000
   .3701   -.115E+01   .6061E-01   .1597E-05   .1536E+00  -.8137E+00    1.0000
   .3701   -.145E+01   .1616E+00   .2279E-05   .1535E+00  -.8140E+00    1.0000
   .3701   -.183E+01   .2626E+00   .3251E-05   .1533E+00  -.8143E+00    1.0000
   .3701   -.231E+01   .3636E+00   .4638E-05   .1532E+00  -.8148E+00    1.0000
   .3701   -.292E+01   .4646E+00   .6617E-05   .1529E+00  -.8156E+00    1.0000
   .3701   -.368E+01   .5657E+00   .9441E-05   .1525E+00  -.8167E+00     .9999
   .3701   -.464E+01   .6667E+00   .1347E-04   .1520E+00  -.8182E+00     .9999
   .3700   -.586E+01   .7677E+00   .1921E-04   .1512E+00  -.8204E+00     .9998
   .3700   -.739E+01   .8687E+00   .2740E-04   .1501E+00  -.8235E+00     .9996
   .3699   -.933E+01   .9697E+00   .3906E-04   .1486E+00  -.8280E+00     .9993
   .3698   -.118E+02   .1071E+01   .5564E-04   .1464E+00  -.8345E+00     .9987
   .3696   -.148E+02   .1172E+01   .7918E-04   .1433E+00  -.8439E+00     .9977
   .3692   -.187E+02   .1273E+01   .1124E-03   .1389E+00  -.8574E+00     .9959
   .3686   -.236E+02   .1374E+01   .1590E-03   .1327E+00  -.8771E+00     .9927
   .3674   -.298E+02   .1475E+01   .2234E-03   .1242E+00  -.9059E+00     .9869
   .3653   -.376E+02   .1576E+01   .3101E-03   .1127E+00  -.9481E+00     .9767
   .3617   -.475E+02   .1677E+01   .4216E-03   .9768E-01  -.1010E+01     .9591
   .3556   -.599E+02   .1778E+01   .5534E-03   .7919E-01  -.1101E+01     .9294
   .3458   -.756E+02   .1879E+01   .6863E-03   .5836E-01  -.1234E+01     .8816
   .3312   -.955E+02   .1980E+01   .7819E-03   .3779E-01  -.1423E+01     .8100
   .3112   -.120E+03   .2081E+01   .7945E-03   .2083E-01  -.1681E+01     .7128
   .2874   -.152E+03   .2182E+01   .7060E-03   .9605E-02  -.2017E+01     .5963
   .2624   -.192E+03   .2283E+01   .5488E-03   .3736E-02  -.2428E+01     .4743
   .2393   -.242E+03   .2384E+01   .3808E-03   .1262E-02  -.2899E+01     .3615
   .2199   -.305E+03   .2485E+01   .2428E-03   .3847E-03  -.3415E+01     .2669
   .2048   -.385E+03   .2586E+01   .1465E-03   .1096E-03  -.3960E+01     .1930
   .1934   -.486E+03   .2687E+01   .8531E-04   .2996E-04  -.4523E+01     .1377
   .1852   -.614E+03   .2788E+01   .4869E-04   .7992E-05  -.5097E+01     .0975
   .1793   -.774E+03   .2889E+01   .2746E-04   .2102E-05  -.5677E+01     .0687
   .1751   -.977E+03   .2990E+01   .1538E-04   .5484E-06  -.6261E+01     .0483
   .1722   -.123E+04   .3091E+01   .8584E-05   .1424E-06  -.6846E+01     .0339
   .1701   -.156E+04   .3192E+01   .4780E-05   .3691E-07  -.7433E+01     .0238
   .1687   -.196E+04   .3293E+01   .2659E-05   .9548E-08  -.8020E+01     .0167
   .1676   -.248E+04   .3394E+01   .1478E-05   .2469E-08  -.8608E+01     .0117
   .1669   -.313E+04   .3495E+01   .8214E-06   .6379E-09  -.9195E+01     .0082
   .1664   -.394E+04   .3596E+01   .4563E-06   .1648E-09  -.9783E+01     .0058
   .1661   -.498E+04   .3697E+01   .2535E-06   .4257E-10  -.1037E+02     .0040
   .1658   -.628E+04   .3798E+01   .1408E-06   .1100E-10  -.1096E+02     .0028
   .1656   -.792E+04   .3899E+01   .7822E-07   .2840E-11  -.1155E+02     .0020
   .1655   -.100E+05   .4000E+01   .4345E-07   .7336E-12  -.1213E+02     .0014
end
 
   .6000   -.100E-05  -.6000E+01   .2400E-08   .2179E-03  -.3662E+01    1.0000
   .6000   -.126E-05  -.5899E+01   .2696E-08   .2179E-03  -.3662E+01    1.0000
   .6000   -.159E-05  -.5798E+01   .3028E-08   .2179E-03  -.3662E+01    1.0000
   .6000   -.201E-05  -.5697E+01   .3402E-08   .2179E-03  -.3662E+01    1.0000
   .6000   -.254E-05  -.5596E+01   .3821E-08   .2179E-03  -.3662E+01    1.0000
   .6000   -.320E-05  -.5495E+01   .4293E-08   .2179E-03  -.3662E+01    1.0000
   .6000   -.404E-05  -.5394E+01   .4822E-08   .2179E-03  -.3662E+01    1.0000
   .6000   -.509E-05  -.5293E+01   .5417E-08   .2179E-03  -.3662E+01    1.0000
   .6000   -.643E-05  -.5192E+01   .6085E-08   .2179E-03  -.3662E+01    1.0000
   .6000   -.811E-05  -.5091E+01   .6835E-08   .2179E-03  -.3662E+01    1.0000
   .6000   -.102E-04  -.4990E+01   .7678E-08   .2178E-03  -.3662E+01    1.0000
   .6000   -.129E-04  -.4889E+01   .8625E-08   .2178E-03  -.3662E+01    1.0000
   .6000   -.163E-04  -.4788E+01   .9689E-08   .2178E-03  -.3662E+01    1.0000
   .6000   -.206E-04  -.4687E+01   .1088E-07   .2178E-03  -.3662E+01    1.0000
   .6000   -.260E-04  -.4586E+01   .1223E-07   .2178E-03  -.3662E+01    1.0000
   .6000   -.327E-04  -.4485E+01   .1373E-07   .2178E-03  -.3662E+01    1.0000
   .6000   -.413E-04  -.4384E+01   .1543E-07   .2178E-03  -.3662E+01    1.0000
   .6000   -.521E-04  -.4283E+01   .1733E-07   .2178E-03  -.3662E+01    1.0000
   .6000   -.658E-04  -.4182E+01   .1947E-07   .2178E-03  -.3662E+01    1.0000
   .6000   -.830E-04  -.4081E+01   .2187E-07   .2178E-03  -.3662E+01    1.0000
   .6000   -.105E-03  -.3980E+01   .2456E-07   .2178E-03  -.3662E+01    1.0000
   .6000   -.132E-03  -.3879E+01   .2759E-07   .2178E-03  -.3662E+01    1.0000
   .6000   -.167E-03  -.3778E+01   .3100E-07   .2178E-03  -.3662E+01    1.0000
   .6000   -.210E-03  -.3677E+01   .3482E-07   .2178E-03  -.3662E+01    1.0000
   .6000   -.266E-03  -.3576E+01   .3911E-07   .2177E-03  -.3662E+01    1.0000
   .6000   -.335E-03  -.3475E+01   .4394E-07   .2177E-03  -.3662E+01    1.0000
   .6000   -.423E-03  -.3374E+01   .4936E-07   .2177E-03  -.3662E+01    1.0000
   .6000   -.534E-03  -.3273E+01   .5544E-07   .2177E-03  -.3662E+01    1.0000
   .6000   -.673E-03  -.3172E+01   .6228E-07   .2177E-03  -.3662E+01    1.0000
   .6000   -.850E-03  -.3071E+01   .6996E-07   .2176E-03  -.3662E+01    1.0000
   .6000   -.107E-02  -.2970E+01   .7859E-07   .2176E-03  -.3662E+01    1.0000
   .6000   -.135E-02  -.2869E+01   .8828E-07   .2176E-03  -.3662E+01    1.0000
   .6000   -.171E-02  -.2768E+01   .9917E-07   .2175E-03  -.3663E+01    1.0000
   .6000   -.215E-02  -.2667E+01   .1114E-06   .2175E-03  -.3663E+01    1.0000
   .6000   -.272E-02  -.2566E+01   .1251E-06   .2174E-03  -.3663E+01    1.0000
   .6000   -.343E-02  -.2465E+01   .1406E-06   .2174E-03  -.3663E+01    1.0000
   .6000   -.433E-02  -.2364E+01   .1579E-06   .2173E-03  -.3663E+01    1.0000
   .6000   -.546E-02  -.2263E+01   .1774E-06   .2172E-03  -.3663E+01    1.0000
   .6000   -.689E-02  -.2162E+01   .1993E-06   .2172E-03  -.3663E+01    1.0000
   .6000   -.870E-02  -.2061E+01   .2238E-06   .2171E-03  -.3663E+01    1.0000
   .6000   -.110E-01  -.1960E+01   .2514E-06   .2170E-03  -.3664E+01    1.0000
   .6000   -.138E-01  -.1859E+01   .2824E-06   .2169E-03  -.3664E+01    1.0000
   .6000   -.175E-01  -.1758E+01   .3173E-06   .2167E-03  -.3664E+01    1.0000
   .6000   -.221E-01  -.1657E+01   .3564E-06   .2166E-03  -.3664E+01    1.0000
   .6000   -.278E-01  -.1556E+01   .4003E-06   .2164E-03  -.3665E+01    1.0000
   .6000   -.351E-01  -.1455E+01   .4497E-06   .2162E-03  -.3665E+01    1.0000
   .6000   -.443E-01  -.1354E+01   .5052E-06   .2160E-03  -.3665E+01    1.0000
   .6000   -.559E-01  -.1253E+01   .5675E-06   .2158E-03  -.3666E+01    1.0000
   .6000   -.705E-01  -.1152E+01   .6375E-06   .2156E-03  -.3666E+01    1.0000
   .6000   -.890E-01  -.1051E+01   .7161E-06   .2153E-03  -.3667E+01    1.0000
   .6000   -.112E+00  -.9495E+00   .8044E-06   .2150E-03  -.3668E+01    1.0000
   .6000   -.142E+00  -.8485E+00   .9036E-06   .2146E-03  -.3668E+01    1.0000
   .6000   -.179E+00  -.7475E+00   .1015E-05   .2142E-03  -.3669E+01    1.0000
   .6000   -.226E+00  -.6465E+00   .1140E-05   .2138E-03  -.3670E+01    1.0000
   .6000   -.285E+00  -.5455E+00   .1281E-05   .2133E-03  -.3671E+01    1.0000
   .6000   -.359E+00  -.4444E+00   .1439E-05   .2127E-03  -.3672E+01    1.0000
   .6000   -.453E+00  -.3434E+00   .1616E-05   .2120E-03  -.3674E+01    1.0000
   .6000   -.572E+00  -.2424E+00   .1816E-05   .2113E-03  -.3675E+01    1.0000
   .6000   -.722E+00  -.1414E+00   .2039E-05   .2105E-03  -.3677E+01    1.0000
   .6000   -.911E+00  -.4040E-01   .2291E-05   .2096E-03  -.3679E+01    1.0000
   .6000   -.115E+01   .6061E-01   .2573E-05   .2086E-03  -.3681E+01    1.0000
   .6000   -.145E+01   .1616E+00   .2891E-05   .2075E-03  -.3683E+01    1.0000
   .6000   -.183E+01   .2626E+00   .3247E-05   .2062E-03  -.3686E+01    1.0000
   .6000   -.231E+01   .3636E+00   .3648E-05   .2048E-03  -.3689E+01    1.0000
   .6000   -.292E+01   .4646E+00   .4097E-05   .2033E-03  -.3692E+01    1.0000
   .6000   -.368E+01   .5657E+00   .4603E-05   .2015E-03  -.3696E+01    1.0000
   .6000   -.464E+01   .6667E+00   .5170E-05   .1995E-03  -.3700E+01    1.0000
   .6000   -.586E+01   .7677E+00   .5807E-05   .1973E-03  -.3705E+01    1.0000
   .6000   -.739E+01   .8687E+00   .6523E-05   .1948E-03  -.3710E+01     .9999
   .6000   -.933E+01   .9697E+00   .7327E-05   .1921E-03  -.3717E+01     .9999
   .5999   -.118E+02   .1071E+01   .8230E-05   .1890E-03  -.3724E+01     .9999
   .5999   -.148E+02   .1172E+01   .9243E-05   .1856E-03  -.3731E+01     .9998
   .5999   -.187E+02   .1273E+01   .1038E-04   .1818E-03  -.3740E+01     .9998
   .5998   -.236E+02   .1374E+01   .1166E-04   .1776E-03  -.3751E+01     .9997
   .5997   -.298E+02   .1475E+01   .1309E-04   .1729E-03  -.3762E+01     .9996
   .5996   -.376E+02   .1576E+01   .1469E-04   .1677E-03  -.3776E+01     .9994
   .5995   -.475E+02   .1677E+01   .1648E-04   .1619E-03  -.3791E+01     .9991
   .5993   -.599E+02   .1778E+01   .1849E-04   .1556E-03  -.3808E+01     .9988
   .5990   -.756E+02   .1879E+01   .2073E-04   .1487E-03  -.3828E+01     .9983
   .5985   -.955E+02   .1980E+01   .2322E-04   .1411E-03  -.3851E+01     .9975
   .5979   -.120E+03   .2081E+01   .2597E-04   .1328E-03  -.3877E+01     .9965
   .5970   -.152E+03   .2182E+01   .2901E-04   .1238E-03  -.3907E+01     .9951
   .5958   -.192E+03   .2283E+01   .3232E-04   .1142E-03  -.3942E+01     .9930
   .5941   -.242E+03   .2384E+01   .3589E-04   .1039E-03  -.3983E+01     .9902
   .5917   -.305E+03   .2485E+01   .3967E-04   .9305E-04  -.4031E+01     .9862
   .5884   -.385E+03   .2586E+01   .4356E-04   .8177E-04  -.4087E+01     .9806
   .5838   -.486E+03   .2687E+01   .4742E-04   .7024E-04  -.4153E+01     .9729
   .5775   -.614E+03   .2788E+01   .5102E-04   .5873E-04  -.4231E+01     .9625
   .5690   -.774E+03   .2889E+01   .5402E-04   .4757E-04  -.4323E+01     .9484
   .5578   -.977E+03   .2990E+01   .5605E-04   .3711E-04  -.4430E+01     .9297
   .5434   -.123E+04   .3091E+01   .5669E-04   .2775E-04  -.4557E+01     .9056
   .5252   -.156E+04   .3192E+01   .5558E-04   .1979E-04  -.4704E+01     .8754
   .5031   -.196E+04   .3293E+01   .5258E-04   .1340E-04  -.4873E+01     .8386
   .4773   -.248E+04   .3394E+01   .4784E-04   .8613E-05  -.5065E+01     .7955
   .4483   -.313E+04   .3495E+01   .4180E-04   .5254E-05  -.5279E+01     .7471
   .4169   -.394E+04   .3596E+01   .3512E-04   .3053E-05  -.5515E+01     .6948
   .3842   -.498E+04   .3697E+01   .2846E-04   .1699E-05  -.5770E+01     .6403
   .3513   -.628E+04   .3798E+01   .2235E-04   .9110E-06  -.6040E+01     .5855
   .3192   -.792E+04   .3899E+01   .1711E-04   .4741E-06  -.6324E+01     .5319
   .2885   -.100E+05   .4000E+01   .1282E-04   .2409E-06  -.6618E+01     .4807
end
