 Inverse Problem                                                         
 
 Program HYDRUS2
 Date:   1. 7.    Time:  14:24:25
 Time dependent boundary conditions
 Axisymmetric flow, V = L*L*L
 Units: L = cm   , T = hours, M = mmol 
 All cumulative fluxes (CumQ) are positive out of the region

     Time     CumQAP      CumQRP     CumQA      CumQR     CumQ3       CumQ1      CumQS      CumQ5       CumQ6 ....
      [T]       [V]         [V]       [V]        [V]       [V]         [V]        [V]        [V]         [V]

       .0020   .000E+00   .000E+00   .000E+00   .000E+00   .265E-02   .000E+00   .000E+00   .000E+00   .000E+00
       .0040   .000E+00   .000E+00   .000E+00   .000E+00   .452E-02   .000E+00   .000E+00   .000E+00   .000E+00
       .0066   .000E+00   .000E+00   .000E+00   .000E+00   .690E-02   .000E+00   .000E+00   .000E+00   .000E+00
       .0099   .000E+00   .000E+00   .000E+00   .000E+00   .100E-01   .000E+00   .000E+00   .000E+00   .000E+00
       .0144   .000E+00   .000E+00   .000E+00   .000E+00   .142E-01   .000E+00   .000E+00   .000E+00   .000E+00
       .0203   .000E+00   .000E+00   .000E+00   .000E+00   .197E-01   .000E+00   .000E+00   .000E+00   .000E+00
       .0277   .000E+00   .000E+00   .000E+00   .000E+00   .266E-01   .000E+00   .000E+00   .000E+00   .000E+00
       .0389   .000E+00   .000E+00   .000E+00   .000E+00   .370E-01   .000E+00   .000E+00   .000E+00   .000E+00
       .0500   .000E+00   .000E+00   .000E+00   .000E+00   .473E-01   .000E+00   .000E+00   .000E+00   .000E+00
       .0625   .000E+00   .000E+00   .000E+00   .000E+00   .589E-01   .000E+00   .000E+00   .000E+00   .000E+00
       .0789   .000E+00   .000E+00   .000E+00   .000E+00   .742E-01   .000E+00   .000E+00   .000E+00   .000E+00
       .1004   .000E+00   .000E+00   .000E+00   .000E+00   .940E-01   .000E+00   .000E+00   .000E+00   .000E+00
       .1276   .000E+00   .000E+00   .000E+00   .000E+00   .119E+00   .000E+00   .000E+00   .000E+00   .000E+00
       .1640   .000E+00   .000E+00   .000E+00   .000E+00   .152E+00   .000E+00   .000E+00   .000E+00   .000E+00
       .2104   .000E+00   .000E+00   .000E+00   .000E+00   .195E+00   .000E+00   .000E+00   .000E+00   .000E+00
       .2712   .000E+00   .000E+00   .000E+00   .000E+00   .250E+00   .000E+00   .000E+00   .000E+00   .000E+00
       .3521   .000E+00   .000E+00   .000E+00   .000E+00   .324E+00   .000E+00   .000E+00   .000E+00   .000E+00
       .4601   .000E+00   .000E+00   .000E+00   .000E+00   .420E+00   .000E+00   .000E+00   .000E+00   .000E+00
       .5951   .000E+00   .000E+00   .000E+00   .000E+00   .540E+00   .000E+00   .000E+00   .000E+00   .000E+00
       .7975   .000E+00   .000E+00   .000E+00   .000E+00   .716E+00   .000E+00   .000E+00   .000E+00   .000E+00
      1.0000   .000E+00   .000E+00   .000E+00   .000E+00   .889E+00   .000E+00   .000E+00   .000E+00   .000E+00
      1.2222   .000E+00   .000E+00   .000E+00   .000E+00   .108E+01   .000E+00   .000E+00   .000E+00   .000E+00
      1.5185   .000E+00   .000E+00   .000E+00   .000E+00   .132E+01   .000E+00   .000E+00   .000E+00   .000E+00
      1.8889   .000E+00   .000E+00   .000E+00   .000E+00   .161E+01   .000E+00   .000E+00   .000E+00   .000E+00
      2.4444   .000E+00   .000E+00   .000E+00   .000E+00   .204E+01   .000E+00   .000E+00   .000E+00   .000E+00
      3.0000   .000E+00   .000E+00   .000E+00   .000E+00   .245E+01   .000E+00   .000E+00   .000E+00   .000E+00
      3.6250   .000E+00   .000E+00   .000E+00   .000E+00   .289E+01   .000E+00   .000E+00   .000E+00   .000E+00
      4.5000   .000E+00   .000E+00   .000E+00   .000E+00   .348E+01   .000E+00   .000E+00   .000E+00   .000E+00
      5.6667   .000E+00   .000E+00   .000E+00   .000E+00   .420E+01   .000E+00   .000E+00   .000E+00   .000E+00
      6.8333   .000E+00   .000E+00   .000E+00   .000E+00   .488E+01   .000E+00   .000E+00   .000E+00   .000E+00
      8.0000   .000E+00   .000E+00   .000E+00   .000E+00   .551E+01   .000E+00   .000E+00   .000E+00   .000E+00
      9.6667   .000E+00   .000E+00   .000E+00   .000E+00   .635E+01   .000E+00   .000E+00   .000E+00   .000E+00
     13.0000   .000E+00   .000E+00   .000E+00   .000E+00   .777E+01   .000E+00   .000E+00   .000E+00   .000E+00
     16.3333   .000E+00   .000E+00   .000E+00   .000E+00   .899E+01   .000E+00   .000E+00   .000E+00   .000E+00
     19.6667   .000E+00   .000E+00   .000E+00   .000E+00   .101E+02   .000E+00   .000E+00   .000E+00   .000E+00
     23.0000   .000E+00   .000E+00   .000E+00   .000E+00   .110E+02   .000E+00   .000E+00   .000E+00   .000E+00
     25.0000   .000E+00   .000E+00   .000E+00   .000E+00   .115E+02   .000E+00   .000E+00   .000E+00   .000E+00
     25.0020   .000E+00   .000E+00   .000E+00   .000E+00   .115E+02   .000E+00   .000E+00   .000E+00   .000E+00
     25.0046   .000E+00   .000E+00   .000E+00   .000E+00   .115E+02   .000E+00   .000E+00   .000E+00   .000E+00
     25.0080   .000E+00   .000E+00   .000E+00   .000E+00   .115E+02   .000E+00   .000E+00   .000E+00   .000E+00
     25.0124   .000E+00   .000E+00   .000E+00   .000E+00   .115E+02   .000E+00   .000E+00   .000E+00   .000E+00
     25.0181   .000E+00   .000E+00   .000E+00   .000E+00   .115E+02   .000E+00   .000E+00   .000E+00   .000E+00
     25.0255   .000E+00   .000E+00   .000E+00   .000E+00   .116E+02   .000E+00   .000E+00   .000E+00   .000E+00
     25.0352   .000E+00   .000E+00   .000E+00   .000E+00   .116E+02   .000E+00   .000E+00   .000E+00   .000E+00
     25.0477   .000E+00   .000E+00   .000E+00   .000E+00   .116E+02   .000E+00   .000E+00   .000E+00   .000E+00
     25.0640   .000E+00   .000E+00   .000E+00   .000E+00   .116E+02   .000E+00   .000E+00   .000E+00   .000E+00
     25.0853   .000E+00   .000E+00   .000E+00   .000E+00   .117E+02   .000E+00   .000E+00   .000E+00   .000E+00
     25.1128   .000E+00   .000E+00   .000E+00   .000E+00   .117E+02   .000E+00   .000E+00   .000E+00   .000E+00
     25.1487   .000E+00   .000E+00   .000E+00   .000E+00   .118E+02   .000E+00   .000E+00   .000E+00   .000E+00
     25.1953   .000E+00   .000E+00   .000E+00   .000E+00   .119E+02   .000E+00   .000E+00   .000E+00   .000E+00
     25.2560   .000E+00   .000E+00   .000E+00   .000E+00   .120E+02   .000E+00   .000E+00   .000E+00   .000E+00
     25.3345   .000E+00   .000E+00   .000E+00   .000E+00   .122E+02   .000E+00   .000E+00   .000E+00   .000E+00
     25.4370   .000E+00   .000E+00   .000E+00   .000E+00   .123E+02   .000E+00   .000E+00   .000E+00   .000E+00
     25.5709   .000E+00   .000E+00   .000E+00   .000E+00   .126E+02   .000E+00   .000E+00   .000E+00   .000E+00
     25.7447   .000E+00   .000E+00   .000E+00   .000E+00   .129E+02   .000E+00   .000E+00   .000E+00   .000E+00
     25.9681   .000E+00   .000E+00   .000E+00   .000E+00   .133E+02   .000E+00   .000E+00   .000E+00   .000E+00
     26.2553   .000E+00   .000E+00   .000E+00   .000E+00   .139E+02   .000E+00   .000E+00   .000E+00   .000E+00
     26.6383   .000E+00   .000E+00   .000E+00   .000E+00   .146E+02   .000E+00   .000E+00   .000E+00   .000E+00
     27.1257   .000E+00   .000E+00   .000E+00   .000E+00   .154E+02   .000E+00   .000E+00   .000E+00   .000E+00
     27.7350   .000E+00   .000E+00   .000E+00   .000E+00   .165E+02   .000E+00   .000E+00   .000E+00   .000E+00
     28.5880   .000E+00   .000E+00   .000E+00   .000E+00   .179E+02   .000E+00   .000E+00   .000E+00   .000E+00
     29.7253   .000E+00   .000E+00   .000E+00   .000E+00   .198E+02   .000E+00   .000E+00   .000E+00   .000E+00
     30.8627   .000E+00   .000E+00   .000E+00   .000E+00   .216E+02   .000E+00   .000E+00   .000E+00   .000E+00
     32.0000   .000E+00   .000E+00   .000E+00   .000E+00   .233E+02   .000E+00   .000E+00   .000E+00   .000E+00
     34.0000   .000E+00   .000E+00   .000E+00   .000E+00   .262E+02   .000E+00   .000E+00   .000E+00   .000E+00
     36.0000   .000E+00   .000E+00   .000E+00   .000E+00   .289E+02   .000E+00   .000E+00   .000E+00   .000E+00
     40.0000   .000E+00   .000E+00   .000E+00   .000E+00   .339E+02   .000E+00   .000E+00   .000E+00   .000E+00
     44.5000   .000E+00   .000E+00   .000E+00   .000E+00   .390E+02   .000E+00   .000E+00   .000E+00   .000E+00
     49.0000   .000E+00   .000E+00   .000E+00   .000E+00   .436E+02   .000E+00   .000E+00   .000E+00   .000E+00
     54.0000   .000E+00   .000E+00   .000E+00   .000E+00   .484E+02   .000E+00   .000E+00   .000E+00   .000E+00
     57.5000   .000E+00   .000E+00   .000E+00   .000E+00   .515E+02   .000E+00   .000E+00   .000E+00   .000E+00
     61.0000   .000E+00   .000E+00   .000E+00   .000E+00   .544E+02   .000E+00   .000E+00   .000E+00   .000E+00
     66.0000   .000E+00   .000E+00   .000E+00   .000E+00   .582E+02   .000E+00   .000E+00   .000E+00   .000E+00
     69.4000   .000E+00   .000E+00   .000E+00   .000E+00   .607E+02   .000E+00   .000E+00   .000E+00   .000E+00
     72.8000   .000E+00   .000E+00   .000E+00   .000E+00   .630E+02   .000E+00   .000E+00   .000E+00   .000E+00
     73.0000   .000E+00   .000E+00   .000E+00   .000E+00   .632E+02   .000E+00   .000E+00   .000E+00   .000E+00
     73.0020   .000E+00   .000E+00   .000E+00   .000E+00   .632E+02   .000E+00   .000E+00   .000E+00   .000E+00
     73.0046   .000E+00   .000E+00   .000E+00   .000E+00   .632E+02   .000E+00   .000E+00   .000E+00   .000E+00
     73.0080   .000E+00   .000E+00   .000E+00   .000E+00   .632E+02   .000E+00   .000E+00   .000E+00   .000E+00
     73.0123   .000E+00   .000E+00   .000E+00   .000E+00   .632E+02   .000E+00   .000E+00   .000E+00   .000E+00
     73.0180   .000E+00   .000E+00   .000E+00   .000E+00   .632E+02   .000E+00   .000E+00   .000E+00   .000E+00
     73.0253   .000E+00   .000E+00   .000E+00   .000E+00   .633E+02   .000E+00   .000E+00   .000E+00   .000E+00
     73.0350   .000E+00   .000E+00   .000E+00   .000E+00   .633E+02   .000E+00   .000E+00   .000E+00   .000E+00
     73.0477   .000E+00   .000E+00   .000E+00   .000E+00   .633E+02   .000E+00   .000E+00   .000E+00   .000E+00
     73.0646   .000E+00   .000E+00   .000E+00   .000E+00   .634E+02   .000E+00   .000E+00   .000E+00   .000E+00
     73.0872   .000E+00   .000E+00   .000E+00   .000E+00   .635E+02   .000E+00   .000E+00   .000E+00   .000E+00
     73.1154   .000E+00   .000E+00   .000E+00   .000E+00   .636E+02   .000E+00   .000E+00   .000E+00   .000E+00
     73.1577   .000E+00   .000E+00   .000E+00   .000E+00   .637E+02   .000E+00   .000E+00   .000E+00   .000E+00
     73.2000   .000E+00   .000E+00   .000E+00   .000E+00   .639E+02   .000E+00   .000E+00   .000E+00   .000E+00
     73.2471   .000E+00   .000E+00   .000E+00   .000E+00   .641E+02   .000E+00   .000E+00   .000E+00   .000E+00
     73.3098   .000E+00   .000E+00   .000E+00   .000E+00   .643E+02   .000E+00   .000E+00   .000E+00   .000E+00
     73.3865   .000E+00   .000E+00   .000E+00   .000E+00   .646E+02   .000E+00   .000E+00   .000E+00   .000E+00
     73.4887   .000E+00   .000E+00   .000E+00   .000E+00   .649E+02   .000E+00   .000E+00   .000E+00   .000E+00
     73.6166   .000E+00   .000E+00   .000E+00   .000E+00   .654E+02   .000E+00   .000E+00   .000E+00   .000E+00
     73.8083   .000E+00   .000E+00   .000E+00   .000E+00   .661E+02   .000E+00   .000E+00   .000E+00   .000E+00
     74.0000   .000E+00   .000E+00   .000E+00   .000E+00   .667E+02   .000E+00   .000E+00   .000E+00   .000E+00
     74.2222   .000E+00   .000E+00   .000E+00   .000E+00   .675E+02   .000E+00   .000E+00   .000E+00   .000E+00
     74.5185   .000E+00   .000E+00   .000E+00   .000E+00   .686E+02   .000E+00   .000E+00   .000E+00   .000E+00
     74.8889   .000E+00   .000E+00   .000E+00   .000E+00   .699E+02   .000E+00   .000E+00   .000E+00   .000E+00
     75.4444   .000E+00   .000E+00   .000E+00   .000E+00   .718E+02   .000E+00   .000E+00   .000E+00   .000E+00
     76.0000   .000E+00   .000E+00   .000E+00   .000E+00   .737E+02   .000E+00   .000E+00   .000E+00   .000E+00
     76.6400   .000E+00   .000E+00   .000E+00   .000E+00   .759E+02   .000E+00   .000E+00   .000E+00   .000E+00
     77.4933   .000E+00   .000E+00   .000E+00   .000E+00   .788E+02   .000E+00   .000E+00   .000E+00   .000E+00
     78.6092   .000E+00   .000E+00   .000E+00   .000E+00   .825E+02   .000E+00   .000E+00   .000E+00   .000E+00
     80.0971   .000E+00   .000E+00   .000E+00   .000E+00   .873E+02   .000E+00   .000E+00   .000E+00   .000E+00
     82.0809   .000E+00   .000E+00   .000E+00   .000E+00   .935E+02   .000E+00   .000E+00   .000E+00   .000E+00
     84.5607   .000E+00   .000E+00   .000E+00   .000E+00   .101E+03   .000E+00   .000E+00   .000E+00   .000E+00
     88.2803   .000E+00   .000E+00   .000E+00   .000E+00   .112E+03   .000E+00   .000E+00   .000E+00   .000E+00
     92.0000   .000E+00   .000E+00   .000E+00   .000E+00   .122E+03   .000E+00   .000E+00   .000E+00   .000E+00
     96.0000   .000E+00   .000E+00   .000E+00   .000E+00   .133E+03   .000E+00   .000E+00   .000E+00   .000E+00
    100.0000   .000E+00   .000E+00   .000E+00   .000E+00   .143E+03   .000E+00   .000E+00   .000E+00   .000E+00
    105.0000   .000E+00   .000E+00   .000E+00   .000E+00   .155E+03   .000E+00   .000E+00   .000E+00   .000E+00
    110.0000   .000E+00   .000E+00   .000E+00   .000E+00   .167E+03   .000E+00   .000E+00   .000E+00   .000E+00
    112.5000   .000E+00   .000E+00   .000E+00   .000E+00   .173E+03   .000E+00   .000E+00   .000E+00   .000E+00
    115.0000   .000E+00   .000E+00   .000E+00   .000E+00   .178E+03   .000E+00   .000E+00   .000E+00   .000E+00
    120.0000   .000E+00   .000E+00   .000E+00   .000E+00   .189E+03   .000E+00   .000E+00   .000E+00   .000E+00
    125.0000   .000E+00   .000E+00   .000E+00   .000E+00   .199E+03   .000E+00   .000E+00   .000E+00   .000E+00
    130.0000   .000E+00   .000E+00   .000E+00   .000E+00   .208E+03   .000E+00   .000E+00   .000E+00   .000E+00
    135.0000   .000E+00   .000E+00   .000E+00   .000E+00   .217E+03   .000E+00   .000E+00   .000E+00   .000E+00
    139.9999   .000E+00   .000E+00   .000E+00   .000E+00   .226E+03   .000E+00   .000E+00   .000E+00   .000E+00
    144.9999   .000E+00   .000E+00   .000E+00   .000E+00   .234E+03   .000E+00   .000E+00   .000E+00   .000E+00
    147.5000   .000E+00   .000E+00   .000E+00   .000E+00   .239E+03   .000E+00   .000E+00   .000E+00   .000E+00
    150.0000   .000E+00   .000E+00   .000E+00   .000E+00   .243E+03   .000E+00   .000E+00   .000E+00   .000E+00
    154.8333   .000E+00   .000E+00   .000E+00   .000E+00   .250E+03   .000E+00   .000E+00   .000E+00   .000E+00
    159.6667   .000E+00   .000E+00   .000E+00   .000E+00   .257E+03   .000E+00   .000E+00   .000E+00   .000E+00
    164.5000   .000E+00   .000E+00   .000E+00   .000E+00   .264E+03   .000E+00   .000E+00   .000E+00   .000E+00
    169.3333   .000E+00   .000E+00   .000E+00   .000E+00   .271E+03   .000E+00   .000E+00   .000E+00   .000E+00
    174.1667   .000E+00   .000E+00   .000E+00   .000E+00   .277E+03   .000E+00   .000E+00   .000E+00   .000E+00
    179.0000   .000E+00   .000E+00   .000E+00   .000E+00   .283E+03   .000E+00   .000E+00   .000E+00   .000E+00
    184.0000   .000E+00   .000E+00   .000E+00   .000E+00   .289E+03   .000E+00   .000E+00   .000E+00   .000E+00
    189.0000   .000E+00   .000E+00   .000E+00   .000E+00   .295E+03   .000E+00   .000E+00   .000E+00   .000E+00
    194.0000   .000E+00   .000E+00   .000E+00   .000E+00   .301E+03   .000E+00   .000E+00   .000E+00   .000E+00
    197.0000   .000E+00   .000E+00   .000E+00   .000E+00   .304E+03   .000E+00   .000E+00   .000E+00   .000E+00
    200.0000   .000E+00   .000E+00   .000E+00   .000E+00   .308E+03   .000E+00   .000E+00   .000E+00   .000E+00
    205.0000   .000E+00   .000E+00   .000E+00   .000E+00   .313E+03   .000E+00   .000E+00   .000E+00   .000E+00
    210.0000   .000E+00   .000E+00   .000E+00   .000E+00   .318E+03   .000E+00   .000E+00   .000E+00   .000E+00
    213.5000   .000E+00   .000E+00   .000E+00   .000E+00   .321E+03   .000E+00   .000E+00   .000E+00   .000E+00
    217.0000   .000E+00   .000E+00   .000E+00   .000E+00   .325E+03   .000E+00   .000E+00   .000E+00   .000E+00
    217.0020   .000E+00   .000E+00   .000E+00   .000E+00   .325E+03   .000E+00   .000E+00   .000E+00   .000E+00
    217.0046   .000E+00   .000E+00   .000E+00   .000E+00   .325E+03   .000E+00   .000E+00   .000E+00   .000E+00
    217.0080   .000E+00   .000E+00   .000E+00   .000E+00   .325E+03   .000E+00   .000E+00   .000E+00   .000E+00
    217.0124   .000E+00   .000E+00   .000E+00   .000E+00   .325E+03   .000E+00   .000E+00   .000E+00   .000E+00
    217.0181   .000E+00   .000E+00   .000E+00   .000E+00   .325E+03   .000E+00   .000E+00   .000E+00   .000E+00
    217.0255   .000E+00   .000E+00   .000E+00   .000E+00   .325E+03   .000E+00   .000E+00   .000E+00   .000E+00
    217.0352   .000E+00   .000E+00   .000E+00   .000E+00   .325E+03   .000E+00   .000E+00   .000E+00   .000E+00
    217.0478   .000E+00   .000E+00   .000E+00   .000E+00   .325E+03   .000E+00   .000E+00   .000E+00   .000E+00
    217.0639   .000E+00   .000E+00   .000E+00   .000E+00   .325E+03   .000E+00   .000E+00   .000E+00   .000E+00
    217.0847   .000E+00   .000E+00   .000E+00   .000E+00   .325E+03   .000E+00   .000E+00   .000E+00   .000E+00
    217.1124   .000E+00   .000E+00   .000E+00   .000E+00   .325E+03   .000E+00   .000E+00   .000E+00   .000E+00
    217.1476   .000E+00   .000E+00   .000E+00   .000E+00   .325E+03   .000E+00   .000E+00   .000E+00   .000E+00
    217.1917   .000E+00   .000E+00   .000E+00   .000E+00   .326E+03   .000E+00   .000E+00   .000E+00   .000E+00
    217.2533   .000E+00   .000E+00   .000E+00   .000E+00   .326E+03   .000E+00   .000E+00   .000E+00   .000E+00
    217.3356   .000E+00   .000E+00   .000E+00   .000E+00   .326E+03   .000E+00   .000E+00   .000E+00   .000E+00
    217.4178   .000E+00   .000E+00   .000E+00   .000E+00   .327E+03   .000E+00   .000E+00   .000E+00   .000E+00
    217.5000   .000E+00   .000E+00   .000E+00   .000E+00   .327E+03   .000E+00   .000E+00   .000E+00   .000E+00
    217.6336   .000E+00   .000E+00   .000E+00   .000E+00   .328E+03   .000E+00   .000E+00   .000E+00   .000E+00
    217.8073   .000E+00   .000E+00   .000E+00   .000E+00   .329E+03   .000E+00   .000E+00   .000E+00   .000E+00
    218.0335   .000E+00   .000E+00   .000E+00   .000E+00   .330E+03   .000E+00   .000E+00   .000E+00   .000E+00
    218.3260   .000E+00   .000E+00   .000E+00   .000E+00   .332E+03   .000E+00   .000E+00   .000E+00   .000E+00
    218.7050   .000E+00   .000E+00   .000E+00   .000E+00   .334E+03   .000E+00   .000E+00   .000E+00   .000E+00
    219.1987   .000E+00   .000E+00   .000E+00   .000E+00   .337E+03   .000E+00   .000E+00   .000E+00   .000E+00
    219.8308   .000E+00   .000E+00   .000E+00   .000E+00   .340E+03   .000E+00   .000E+00   .000E+00   .000E+00
    220.6735   .000E+00   .000E+00   .000E+00   .000E+00   .344E+03   .000E+00   .000E+00   .000E+00   .000E+00
    221.7756   .000E+00   .000E+00   .000E+00   .000E+00   .350E+03   .000E+00   .000E+00   .000E+00   .000E+00
    223.2449   .000E+00   .000E+00   .000E+00   .000E+00   .358E+03   .000E+00   .000E+00   .000E+00   .000E+00
    225.2041   .000E+00   .000E+00   .000E+00   .000E+00   .368E+03   .000E+00   .000E+00   .000E+00   .000E+00
    227.1633   .000E+00   .000E+00   .000E+00   .000E+00   .377E+03   .000E+00   .000E+00   .000E+00   .000E+00
    229.1225   .000E+00   .000E+00   .000E+00   .000E+00   .387E+03   .000E+00   .000E+00   .000E+00   .000E+00
    231.0816   .000E+00   .000E+00   .000E+00   .000E+00   .396E+03   .000E+00   .000E+00   .000E+00   .000E+00
    233.0408   .000E+00   .000E+00   .000E+00   .000E+00   .406E+03   .000E+00   .000E+00   .000E+00   .000E+00
    235.0000   .000E+00   .000E+00   .000E+00   .000E+00   .415E+03   .000E+00   .000E+00   .000E+00   .000E+00
    237.4286   .000E+00   .000E+00   .000E+00   .000E+00   .426E+03   .000E+00   .000E+00   .000E+00   .000E+00
    239.8571   .000E+00   .000E+00   .000E+00   .000E+00   .437E+03   .000E+00   .000E+00   .000E+00   .000E+00
    242.2857   .000E+00   .000E+00   .000E+00   .000E+00   .448E+03   .000E+00   .000E+00   .000E+00   .000E+00
    244.7143   .000E+00   .000E+00   .000E+00   .000E+00   .458E+03   .000E+00   .000E+00   .000E+00   .000E+00
    247.1429   .000E+00   .000E+00   .000E+00   .000E+00   .468E+03   .000E+00   .000E+00   .000E+00   .000E+00
    249.5714   .000E+00   .000E+00   .000E+00   .000E+00   .479E+03   .000E+00   .000E+00   .000E+00   .000E+00
    252.0000   .000E+00   .000E+00   .000E+00   .000E+00   .488E+03   .000E+00   .000E+00   .000E+00   .000E+00
    254.4286   .000E+00   .000E+00   .000E+00   .000E+00   .498E+03   .000E+00   .000E+00   .000E+00   .000E+00
    256.8571   .000E+00   .000E+00   .000E+00   .000E+00   .508E+03   .000E+00   .000E+00   .000E+00   .000E+00
    259.2857   .000E+00   .000E+00   .000E+00   .000E+00   .517E+03   .000E+00   .000E+00   .000E+00   .000E+00
    261.7143   .000E+00   .000E+00   .000E+00   .000E+00   .526E+03   .000E+00   .000E+00   .000E+00   .000E+00
    264.1429   .000E+00   .000E+00   .000E+00   .000E+00   .535E+03   .000E+00   .000E+00   .000E+00   .000E+00
    266.5714   .000E+00   .000E+00   .000E+00   .000E+00   .544E+03   .000E+00   .000E+00   .000E+00   .000E+00
    269.0000   .000E+00   .000E+00   .000E+00   .000E+00   .552E+03   .000E+00   .000E+00   .000E+00   .000E+00
    271.3333   .000E+00   .000E+00   .000E+00   .000E+00   .560E+03   .000E+00   .000E+00   .000E+00   .000E+00
    273.6667   .000E+00   .000E+00   .000E+00   .000E+00   .568E+03   .000E+00   .000E+00   .000E+00   .000E+00
    276.0000   .000E+00   .000E+00   .000E+00   .000E+00   .576E+03   .000E+00   .000E+00   .000E+00   .000E+00
    278.3334   .000E+00   .000E+00   .000E+00   .000E+00   .584E+03   .000E+00   .000E+00   .000E+00   .000E+00
    280.6667   .000E+00   .000E+00   .000E+00   .000E+00   .591E+03   .000E+00   .000E+00   .000E+00   .000E+00
    283.0000   .000E+00   .000E+00   .000E+00   .000E+00   .598E+03   .000E+00   .000E+00   .000E+00   .000E+00
    285.3334   .000E+00   .000E+00   .000E+00   .000E+00   .606E+03   .000E+00   .000E+00   .000E+00   .000E+00
    287.6667   .000E+00   .000E+00   .000E+00   .000E+00   .613E+03   .000E+00   .000E+00   .000E+00   .000E+00
    290.0000   .000E+00   .000E+00   .000E+00   .000E+00   .620E+03   .000E+00   .000E+00   .000E+00   .000E+00
    292.3333   .000E+00   .000E+00   .000E+00   .000E+00   .626E+03   .000E+00   .000E+00   .000E+00   .000E+00
    294.6667   .000E+00   .000E+00   .000E+00   .000E+00   .633E+03   .000E+00   .000E+00   .000E+00   .000E+00
    297.0000   .000E+00   .000E+00   .000E+00   .000E+00   .640E+03   .000E+00   .000E+00   .000E+00   .000E+00
    300.0000   .000E+00   .000E+00   .000E+00   .000E+00   .648E+03   .000E+00   .000E+00   .000E+00   .000E+00
    302.6000   .000E+00   .000E+00   .000E+00   .000E+00   .655E+03   .000E+00   .000E+00   .000E+00   .000E+00
    305.2000   .000E+00   .000E+00   .000E+00   .000E+00   .662E+03   .000E+00   .000E+00   .000E+00   .000E+00
    307.8000   .000E+00   .000E+00   .000E+00   .000E+00   .668E+03   .000E+00   .000E+00   .000E+00   .000E+00
    310.4000   .000E+00   .000E+00   .000E+00   .000E+00   .675E+03   .000E+00   .000E+00   .000E+00   .000E+00
    313.0000   .000E+00   .000E+00   .000E+00   .000E+00   .681E+03   .000E+00   .000E+00   .000E+00   .000E+00
    315.3182   .000E+00   .000E+00   .000E+00   .000E+00   .687E+03   .000E+00   .000E+00   .000E+00   .000E+00
    318.6299   .000E+00   .000E+00   .000E+00   .000E+00   .695E+03   .000E+00   .000E+00   .000E+00   .000E+00
    321.9415   .000E+00   .000E+00   .000E+00   .000E+00   .702E+03   .000E+00   .000E+00   .000E+00   .000E+00
    325.2532   .000E+00   .000E+00   .000E+00   .000E+00   .710E+03   .000E+00   .000E+00   .000E+00   .000E+00
    328.5649   .000E+00   .000E+00   .000E+00   .000E+00   .717E+03   .000E+00   .000E+00   .000E+00   .000E+00
    331.8766   .000E+00   .000E+00   .000E+00   .000E+00   .724E+03   .000E+00   .000E+00   .000E+00   .000E+00
    335.1883   .000E+00   .000E+00   .000E+00   .000E+00   .731E+03   .000E+00   .000E+00   .000E+00   .000E+00
    338.5000   .000E+00   .000E+00   .000E+00   .000E+00   .737E+03   .000E+00   .000E+00   .000E+00   .000E+00
    339.0000   .000E+00   .000E+00   .000E+00   .000E+00   .738E+03   .000E+00   .000E+00   .000E+00   .000E+00
    339.0020   .000E+00   .000E+00   .000E+00   .000E+00   .738E+03   .000E+00   .000E+00   .000E+00   .000E+00
    339.0046   .000E+00   .000E+00   .000E+00   .000E+00   .738E+03   .000E+00   .000E+00   .000E+00   .000E+00
    339.0080   .000E+00   .000E+00   .000E+00   .000E+00   .738E+03   .000E+00   .000E+00   .000E+00   .000E+00
    339.0124   .000E+00   .000E+00   .000E+00   .000E+00   .738E+03   .000E+00   .000E+00   .000E+00   .000E+00
    339.0181   .000E+00   .000E+00   .000E+00   .000E+00   .738E+03   .000E+00   .000E+00   .000E+00   .000E+00
    339.0255   .000E+00   .000E+00   .000E+00   .000E+00   .739E+03   .000E+00   .000E+00   .000E+00   .000E+00
    339.0352   .000E+00   .000E+00   .000E+00   .000E+00   .739E+03   .000E+00   .000E+00   .000E+00   .000E+00
    339.0477   .000E+00   .000E+00   .000E+00   .000E+00   .739E+03   .000E+00   .000E+00   .000E+00   .000E+00
    339.0602   .000E+00   .000E+00   .000E+00   .000E+00   .739E+03   .000E+00   .000E+00   .000E+00   .000E+00
    339.0765   .000E+00   .000E+00   .000E+00   .000E+00   .739E+03   .000E+00   .000E+00   .000E+00   .000E+00
    339.0929   .000E+00   .000E+00   .000E+00   .000E+00   .739E+03   .000E+00   .000E+00   .000E+00   .000E+00
    339.1142   .000E+00   .000E+00   .000E+00   .000E+00   .739E+03   .000E+00   .000E+00   .000E+00   .000E+00
    339.1356   .000E+00   .000E+00   .000E+00   .000E+00   .739E+03   .000E+00   .000E+00   .000E+00   .000E+00
    339.1634   .000E+00   .000E+00   .000E+00   .000E+00   .740E+03   .000E+00   .000E+00   .000E+00   .000E+00
    339.1912   .000E+00   .000E+00   .000E+00   .000E+00   .740E+03   .000E+00   .000E+00   .000E+00   .000E+00
    339.2191   .000E+00   .000E+00   .000E+00   .000E+00   .740E+03   .000E+00   .000E+00   .000E+00   .000E+00
    339.2546   .000E+00   .000E+00   .000E+00   .000E+00   .740E+03   .000E+00   .000E+00   .000E+00   .000E+00
    339.2902   .000E+00   .000E+00   .000E+00   .000E+00   .741E+03   .000E+00   .000E+00   .000E+00   .000E+00
    339.3368   .000E+00   .000E+00   .000E+00   .000E+00   .741E+03   .000E+00   .000E+00   .000E+00   .000E+00
    339.3833   .000E+00   .000E+00   .000E+00   .000E+00   .741E+03   .000E+00   .000E+00   .000E+00   .000E+00
    339.4298   .000E+00   .000E+00   .000E+00   .000E+00   .742E+03   .000E+00   .000E+00   .000E+00   .000E+00
    339.4893   .000E+00   .000E+00   .000E+00   .000E+00   .742E+03   .000E+00   .000E+00   .000E+00   .000E+00
    339.5487   .000E+00   .000E+00   .000E+00   .000E+00   .743E+03   .000E+00   .000E+00   .000E+00   .000E+00
    339.6082   .000E+00   .000E+00   .000E+00   .000E+00   .743E+03   .000E+00   .000E+00   .000E+00   .000E+00
    339.6893   .000E+00   .000E+00   .000E+00   .000E+00   .744E+03   .000E+00   .000E+00   .000E+00   .000E+00
    339.7704   .000E+00   .000E+00   .000E+00   .000E+00   .744E+03   .000E+00   .000E+00   .000E+00   .000E+00
    339.8514   .000E+00   .000E+00   .000E+00   .000E+00   .745E+03   .000E+00   .000E+00   .000E+00   .000E+00
    339.9325   .000E+00   .000E+00   .000E+00   .000E+00   .745E+03   .000E+00   .000E+00   .000E+00   .000E+00
    340.0271   .000E+00   .000E+00   .000E+00   .000E+00   .746E+03   .000E+00   .000E+00   .000E+00   .000E+00
    340.1216   .000E+00   .000E+00   .000E+00   .000E+00   .747E+03   .000E+00   .000E+00   .000E+00   .000E+00
    340.2478   .000E+00   .000E+00   .000E+00   .000E+00   .748E+03   .000E+00   .000E+00   .000E+00   .000E+00
    340.3739   .000E+00   .000E+00   .000E+00   .000E+00   .748E+03   .000E+00   .000E+00   .000E+00   .000E+00
    340.5000   .000E+00   .000E+00   .000E+00   .000E+00   .749E+03   .000E+00   .000E+00   .000E+00   .000E+00
    340.6325   .000E+00   .000E+00   .000E+00   .000E+00   .750E+03   .000E+00   .000E+00   .000E+00   .000E+00
    340.7651   .000E+00   .000E+00   .000E+00   .000E+00   .751E+03   .000E+00   .000E+00   .000E+00   .000E+00
    340.8976   .000E+00   .000E+00   .000E+00   .000E+00   .752E+03   .000E+00   .000E+00   .000E+00   .000E+00
    341.0302   .000E+00   .000E+00   .000E+00   .000E+00   .753E+03   .000E+00   .000E+00   .000E+00   .000E+00
    341.1627   .000E+00   .000E+00   .000E+00   .000E+00   .754E+03   .000E+00   .000E+00   .000E+00   .000E+00
    341.2952   .000E+00   .000E+00   .000E+00   .000E+00   .755E+03   .000E+00   .000E+00   .000E+00   .000E+00
    341.4278   .000E+00   .000E+00   .000E+00   .000E+00   .756E+03   .000E+00   .000E+00   .000E+00   .000E+00
    341.5603   .000E+00   .000E+00   .000E+00   .000E+00   .756E+03   .000E+00   .000E+00   .000E+00   .000E+00
    341.6928   .000E+00   .000E+00   .000E+00   .000E+00   .757E+03   .000E+00   .000E+00   .000E+00   .000E+00
    341.8254   .000E+00   .000E+00   .000E+00   .000E+00   .758E+03   .000E+00   .000E+00   .000E+00   .000E+00
    341.9579   .000E+00   .000E+00   .000E+00   .000E+00   .759E+03   .000E+00   .000E+00   .000E+00   .000E+00
    342.0905   .000E+00   .000E+00   .000E+00   .000E+00   .760E+03   .000E+00   .000E+00   .000E+00   .000E+00
    342.2230   .000E+00   .000E+00   .000E+00   .000E+00   .761E+03   .000E+00   .000E+00   .000E+00   .000E+00
    342.3555   .000E+00   .000E+00   .000E+00   .000E+00   .762E+03   .000E+00   .000E+00   .000E+00   .000E+00
    342.4881   .000E+00   .000E+00   .000E+00   .000E+00   .763E+03   .000E+00   .000E+00   .000E+00   .000E+00
    342.6206   .000E+00   .000E+00   .000E+00   .000E+00   .763E+03   .000E+00   .000E+00   .000E+00   .000E+00
    342.7531   .000E+00   .000E+00   .000E+00   .000E+00   .764E+03   .000E+00   .000E+00   .000E+00   .000E+00
    342.8857   .000E+00   .000E+00   .000E+00   .000E+00   .765E+03   .000E+00   .000E+00   .000E+00   .000E+00
    343.0182   .000E+00   .000E+00   .000E+00   .000E+00   .766E+03   .000E+00   .000E+00   .000E+00   .000E+00
    343.1508   .000E+00   .000E+00   .000E+00   .000E+00   .767E+03   .000E+00   .000E+00   .000E+00   .000E+00
    343.2833   .000E+00   .000E+00   .000E+00   .000E+00   .768E+03   .000E+00   .000E+00   .000E+00   .000E+00
    343.4158   .000E+00   .000E+00   .000E+00   .000E+00   .769E+03   .000E+00   .000E+00   .000E+00   .000E+00
    343.5484   .000E+00   .000E+00   .000E+00   .000E+00   .769E+03   .000E+00   .000E+00   .000E+00   .000E+00
    343.7212   .000E+00   .000E+00   .000E+00   .000E+00   .770E+03   .000E+00   .000E+00   .000E+00   .000E+00
    343.8941   .000E+00   .000E+00   .000E+00   .000E+00   .772E+03   .000E+00   .000E+00   .000E+00   .000E+00
    344.0669   .000E+00   .000E+00   .000E+00   .000E+00   .773E+03   .000E+00   .000E+00   .000E+00   .000E+00
    344.2398   .000E+00   .000E+00   .000E+00   .000E+00   .774E+03   .000E+00   .000E+00   .000E+00   .000E+00
    344.4126   .000E+00   .000E+00   .000E+00   .000E+00   .775E+03   .000E+00   .000E+00   .000E+00   .000E+00
    344.5855   .000E+00   .000E+00   .000E+00   .000E+00   .776E+03   .000E+00   .000E+00   .000E+00   .000E+00
    344.7583   .000E+00   .000E+00   .000E+00   .000E+00   .777E+03   .000E+00   .000E+00   .000E+00   .000E+00
    344.9312   .000E+00   .000E+00   .000E+00   .000E+00   .778E+03   .000E+00   .000E+00   .000E+00   .000E+00
    345.1040   .000E+00   .000E+00   .000E+00   .000E+00   .779E+03   .000E+00   .000E+00   .000E+00   .000E+00
    345.2769   .000E+00   .000E+00   .000E+00   .000E+00   .780E+03   .000E+00   .000E+00   .000E+00   .000E+00
    345.4497   .000E+00   .000E+00   .000E+00   .000E+00   .781E+03   .000E+00   .000E+00   .000E+00   .000E+00
    345.6226   .000E+00   .000E+00   .000E+00   .000E+00   .782E+03   .000E+00   .000E+00   .000E+00   .000E+00
    345.7954   .000E+00   .000E+00   .000E+00   .000E+00   .783E+03   .000E+00   .000E+00   .000E+00   .000E+00
    345.9683   .000E+00   .000E+00   .000E+00   .000E+00   .784E+03   .000E+00   .000E+00   .000E+00   .000E+00
    346.1411   .000E+00   .000E+00   .000E+00   .000E+00   .785E+03   .000E+00   .000E+00   .000E+00   .000E+00
    346.3140   .000E+00   .000E+00   .000E+00   .000E+00   .786E+03   .000E+00   .000E+00   .000E+00   .000E+00
    346.4869   .000E+00   .000E+00   .000E+00   .000E+00   .787E+03   .000E+00   .000E+00   .000E+00   .000E+00
    346.6597   .000E+00   .000E+00   .000E+00   .000E+00   .788E+03   .000E+00   .000E+00   .000E+00   .000E+00
    346.8326   .000E+00   .000E+00   .000E+00   .000E+00   .789E+03   .000E+00   .000E+00   .000E+00   .000E+00
    347.0055   .000E+00   .000E+00   .000E+00   .000E+00   .790E+03   .000E+00   .000E+00   .000E+00   .000E+00
    347.1783   .000E+00   .000E+00   .000E+00   .000E+00   .791E+03   .000E+00   .000E+00   .000E+00   .000E+00
    347.3512   .000E+00   .000E+00   .000E+00   .000E+00   .792E+03   .000E+00   .000E+00   .000E+00   .000E+00
    347.5240   .000E+00   .000E+00   .000E+00   .000E+00   .793E+03   .000E+00   .000E+00   .000E+00   .000E+00
    347.6969   .000E+00   .000E+00   .000E+00   .000E+00   .794E+03   .000E+00   .000E+00   .000E+00   .000E+00
    347.8698   .000E+00   .000E+00   .000E+00   .000E+00   .795E+03   .000E+00   .000E+00   .000E+00   .000E+00
    348.0427   .000E+00   .000E+00   .000E+00   .000E+00   .796E+03   .000E+00   .000E+00   .000E+00   .000E+00
    348.2732   .000E+00   .000E+00   .000E+00   .000E+00   .798E+03   .000E+00   .000E+00   .000E+00   .000E+00
    348.5037   .000E+00   .000E+00   .000E+00   .000E+00   .799E+03   .000E+00   .000E+00   .000E+00   .000E+00
    348.7342   .000E+00   .000E+00   .000E+00   .000E+00   .800E+03   .000E+00   .000E+00   .000E+00   .000E+00
    348.9647   .000E+00   .000E+00   .000E+00   .000E+00   .801E+03   .000E+00   .000E+00   .000E+00   .000E+00
    349.1952   .000E+00   .000E+00   .000E+00   .000E+00   .803E+03   .000E+00   .000E+00   .000E+00   .000E+00
    349.4257   .000E+00   .000E+00   .000E+00   .000E+00   .804E+03   .000E+00   .000E+00   .000E+00   .000E+00
    349.6561   .000E+00   .000E+00   .000E+00   .000E+00   .805E+03   .000E+00   .000E+00   .000E+00   .000E+00
    349.8866   .000E+00   .000E+00   .000E+00   .000E+00   .807E+03   .000E+00   .000E+00   .000E+00   .000E+00
    350.1171   .000E+00   .000E+00   .000E+00   .000E+00   .808E+03   .000E+00   .000E+00   .000E+00   .000E+00
    350.3476   .000E+00   .000E+00   .000E+00   .000E+00   .809E+03   .000E+00   .000E+00   .000E+00   .000E+00
    350.5781   .000E+00   .000E+00   .000E+00   .000E+00   .810E+03   .000E+00   .000E+00   .000E+00   .000E+00
    350.8085   .000E+00   .000E+00   .000E+00   .000E+00   .812E+03   .000E+00   .000E+00   .000E+00   .000E+00
    351.0390   .000E+00   .000E+00   .000E+00   .000E+00   .813E+03   .000E+00   .000E+00   .000E+00   .000E+00
    351.2695   .000E+00   .000E+00   .000E+00   .000E+00   .814E+03   .000E+00   .000E+00   .000E+00   .000E+00
    351.5000   .000E+00   .000E+00   .000E+00   .000E+00   .815E+03   .000E+00   .000E+00   .000E+00   .000E+00
    351.7232   .000E+00   .000E+00   .000E+00   .000E+00   .816E+03   .000E+00   .000E+00   .000E+00   .000E+00
    351.9464   .000E+00   .000E+00   .000E+00   .000E+00   .818E+03   .000E+00   .000E+00   .000E+00   .000E+00
    352.2404   .000E+00   .000E+00   .000E+00   .000E+00   .819E+03   .000E+00   .000E+00   .000E+00   .000E+00
    352.5344   .000E+00   .000E+00   .000E+00   .000E+00   .821E+03   .000E+00   .000E+00   .000E+00   .000E+00
    352.8283   .000E+00   .000E+00   .000E+00   .000E+00   .822E+03   .000E+00   .000E+00   .000E+00   .000E+00
    353.1223   .000E+00   .000E+00   .000E+00   .000E+00   .824E+03   .000E+00   .000E+00   .000E+00   .000E+00
    353.4163   .000E+00   .000E+00   .000E+00   .000E+00   .825E+03   .000E+00   .000E+00   .000E+00   .000E+00
    353.7103   .000E+00   .000E+00   .000E+00   .000E+00   .827E+03   .000E+00   .000E+00   .000E+00   .000E+00
    354.0043   .000E+00   .000E+00   .000E+00   .000E+00   .828E+03   .000E+00   .000E+00   .000E+00   .000E+00
    354.2983   .000E+00   .000E+00   .000E+00   .000E+00   .830E+03   .000E+00   .000E+00   .000E+00   .000E+00
    354.5923   .000E+00   .000E+00   .000E+00   .000E+00   .831E+03   .000E+00   .000E+00   .000E+00   .000E+00
    354.8863   .000E+00   .000E+00   .000E+00   .000E+00   .833E+03   .000E+00   .000E+00   .000E+00   .000E+00
    355.1803   .000E+00   .000E+00   .000E+00   .000E+00   .834E+03   .000E+00   .000E+00   .000E+00   .000E+00
    355.4742   .000E+00   .000E+00   .000E+00   .000E+00   .835E+03   .000E+00   .000E+00   .000E+00   .000E+00
    355.7682   .000E+00   .000E+00   .000E+00   .000E+00   .837E+03   .000E+00   .000E+00   .000E+00   .000E+00
    356.0623   .000E+00   .000E+00   .000E+00   .000E+00   .838E+03   .000E+00   .000E+00   .000E+00   .000E+00
    356.3562   .000E+00   .000E+00   .000E+00   .000E+00   .840E+03   .000E+00   .000E+00   .000E+00   .000E+00
    356.6502   .000E+00   .000E+00   .000E+00   .000E+00   .841E+03   .000E+00   .000E+00   .000E+00   .000E+00
    356.9442   .000E+00   .000E+00   .000E+00   .000E+00   .843E+03   .000E+00   .000E+00   .000E+00   .000E+00
    357.3156   .000E+00   .000E+00   .000E+00   .000E+00   .844E+03   .000E+00   .000E+00   .000E+00   .000E+00
    357.6870   .000E+00   .000E+00   .000E+00   .000E+00   .846E+03   .000E+00   .000E+00   .000E+00   .000E+00
    358.0583   .000E+00   .000E+00   .000E+00   .000E+00   .848E+03   .000E+00   .000E+00   .000E+00   .000E+00
    358.4297   .000E+00   .000E+00   .000E+00   .000E+00   .849E+03   .000E+00   .000E+00   .000E+00   .000E+00
    358.8011   .000E+00   .000E+00   .000E+00   .000E+00   .851E+03   .000E+00   .000E+00   .000E+00   .000E+00
    359.1724   .000E+00   .000E+00   .000E+00   .000E+00   .853E+03   .000E+00   .000E+00   .000E+00   .000E+00
    359.5438   .000E+00   .000E+00   .000E+00   .000E+00   .855E+03   .000E+00   .000E+00   .000E+00   .000E+00
    359.9151   .000E+00   .000E+00   .000E+00   .000E+00   .856E+03   .000E+00   .000E+00   .000E+00   .000E+00
    360.2865   .000E+00   .000E+00   .000E+00   .000E+00   .858E+03   .000E+00   .000E+00   .000E+00   .000E+00
    360.6578   .000E+00   .000E+00   .000E+00   .000E+00   .860E+03   .000E+00   .000E+00   .000E+00   .000E+00
    361.1353   .000E+00   .000E+00   .000E+00   .000E+00   .862E+03   .000E+00   .000E+00   .000E+00   .000E+00
    361.6127   .000E+00   .000E+00   .000E+00   .000E+00   .864E+03   .000E+00   .000E+00   .000E+00   .000E+00
    362.0902   .000E+00   .000E+00   .000E+00   .000E+00   .866E+03   .000E+00   .000E+00   .000E+00   .000E+00
    362.5676   .000E+00   .000E+00   .000E+00   .000E+00   .868E+03   .000E+00   .000E+00   .000E+00   .000E+00
    363.0451   .000E+00   .000E+00   .000E+00   .000E+00   .870E+03   .000E+00   .000E+00   .000E+00   .000E+00
    363.5225   .000E+00   .000E+00   .000E+00   .000E+00   .872E+03   .000E+00   .000E+00   .000E+00   .000E+00
    364.0000   .000E+00   .000E+00   .000E+00   .000E+00   .874E+03   .000E+00   .000E+00   .000E+00   .000E+00
    364.4898   .000E+00   .000E+00   .000E+00   .000E+00   .876E+03   .000E+00   .000E+00   .000E+00   .000E+00
    364.9796   .000E+00   .000E+00   .000E+00   .000E+00   .878E+03   .000E+00   .000E+00   .000E+00   .000E+00
    365.4694   .000E+00   .000E+00   .000E+00   .000E+00   .880E+03   .000E+00   .000E+00   .000E+00   .000E+00
    365.9592   .000E+00   .000E+00   .000E+00   .000E+00   .882E+03   .000E+00   .000E+00   .000E+00   .000E+00
    366.4490   .000E+00   .000E+00   .000E+00   .000E+00   .884E+03   .000E+00   .000E+00   .000E+00   .000E+00
    366.9388   .000E+00   .000E+00   .000E+00   .000E+00   .886E+03   .000E+00   .000E+00   .000E+00   .000E+00
    367.4286   .000E+00   .000E+00   .000E+00   .000E+00   .888E+03   .000E+00   .000E+00   .000E+00   .000E+00
    367.9185   .000E+00   .000E+00   .000E+00   .000E+00   .890E+03   .000E+00   .000E+00   .000E+00   .000E+00
    368.4083   .000E+00   .000E+00   .000E+00   .000E+00   .892E+03   .000E+00   .000E+00   .000E+00   .000E+00
    368.8981   .000E+00   .000E+00   .000E+00   .000E+00   .893E+03   .000E+00   .000E+00   .000E+00   .000E+00
    369.3879   .000E+00   .000E+00   .000E+00   .000E+00   .895E+03   .000E+00   .000E+00   .000E+00   .000E+00
    369.8777   .000E+00   .000E+00   .000E+00   .000E+00   .897E+03   .000E+00   .000E+00   .000E+00   .000E+00
    370.3675   .000E+00   .000E+00   .000E+00   .000E+00   .899E+03   .000E+00   .000E+00   .000E+00   .000E+00
    370.8573   .000E+00   .000E+00   .000E+00   .000E+00   .901E+03   .000E+00   .000E+00   .000E+00   .000E+00
    371.3471   .000E+00   .000E+00   .000E+00   .000E+00   .903E+03   .000E+00   .000E+00   .000E+00   .000E+00
    371.8369   .000E+00   .000E+00   .000E+00   .000E+00   .904E+03   .000E+00   .000E+00   .000E+00   .000E+00
    372.3267   .000E+00   .000E+00   .000E+00   .000E+00   .906E+03   .000E+00   .000E+00   .000E+00   .000E+00
    372.8165   .000E+00   .000E+00   .000E+00   .000E+00   .908E+03   .000E+00   .000E+00   .000E+00   .000E+00
    373.3062   .000E+00   .000E+00   .000E+00   .000E+00   .910E+03   .000E+00   .000E+00   .000E+00   .000E+00
    373.7960   .000E+00   .000E+00   .000E+00   .000E+00   .911E+03   .000E+00   .000E+00   .000E+00   .000E+00
    374.2858   .000E+00   .000E+00   .000E+00   .000E+00   .913E+03   .000E+00   .000E+00   .000E+00   .000E+00
    374.7756   .000E+00   .000E+00   .000E+00   .000E+00   .915E+03   .000E+00   .000E+00   .000E+00   .000E+00
    375.2654   .000E+00   .000E+00   .000E+00   .000E+00   .917E+03   .000E+00   .000E+00   .000E+00   .000E+00
    375.7552   .000E+00   .000E+00   .000E+00   .000E+00   .918E+03   .000E+00   .000E+00   .000E+00   .000E+00
    376.2450   .000E+00   .000E+00   .000E+00   .000E+00   .920E+03   .000E+00   .000E+00   .000E+00   .000E+00
    376.7348   .000E+00   .000E+00   .000E+00   .000E+00   .922E+03   .000E+00   .000E+00   .000E+00   .000E+00
    377.2246   .000E+00   .000E+00   .000E+00   .000E+00   .923E+03   .000E+00   .000E+00   .000E+00   .000E+00
    377.7144   .000E+00   .000E+00   .000E+00   .000E+00   .925E+03   .000E+00   .000E+00   .000E+00   .000E+00
    378.2042   .000E+00   .000E+00   .000E+00   .000E+00   .927E+03   .000E+00   .000E+00   .000E+00   .000E+00
    378.6940   .000E+00   .000E+00   .000E+00   .000E+00   .928E+03   .000E+00   .000E+00   .000E+00   .000E+00
    379.1837   .000E+00   .000E+00   .000E+00   .000E+00   .930E+03   .000E+00   .000E+00   .000E+00   .000E+00
    379.6735   .000E+00   .000E+00   .000E+00   .000E+00   .931E+03   .000E+00   .000E+00   .000E+00   .000E+00
    380.1633   .000E+00   .000E+00   .000E+00   .000E+00   .933E+03   .000E+00   .000E+00   .000E+00   .000E+00
    380.6531   .000E+00   .000E+00   .000E+00   .000E+00   .935E+03   .000E+00   .000E+00   .000E+00   .000E+00
    381.1429   .000E+00   .000E+00   .000E+00   .000E+00   .936E+03   .000E+00   .000E+00   .000E+00   .000E+00
    381.6327   .000E+00   .000E+00   .000E+00   .000E+00   .938E+03   .000E+00   .000E+00   .000E+00   .000E+00
    382.1225   .000E+00   .000E+00   .000E+00   .000E+00   .939E+03   .000E+00   .000E+00   .000E+00   .000E+00
    382.6123   .000E+00   .000E+00   .000E+00   .000E+00   .941E+03   .000E+00   .000E+00   .000E+00   .000E+00
    383.1021   .000E+00   .000E+00   .000E+00   .000E+00   .942E+03   .000E+00   .000E+00   .000E+00   .000E+00
    383.5919   .000E+00   .000E+00   .000E+00   .000E+00   .944E+03   .000E+00   .000E+00   .000E+00   .000E+00
    384.0817   .000E+00   .000E+00   .000E+00   .000E+00   .945E+03   .000E+00   .000E+00   .000E+00   .000E+00
    384.5715   .000E+00   .000E+00   .000E+00   .000E+00   .947E+03   .000E+00   .000E+00   .000E+00   .000E+00
    385.0612   .000E+00   .000E+00   .000E+00   .000E+00   .948E+03   .000E+00   .000E+00   .000E+00   .000E+00
    385.5510   .000E+00   .000E+00   .000E+00   .000E+00   .950E+03   .000E+00   .000E+00   .000E+00   .000E+00
    386.0408   .000E+00   .000E+00   .000E+00   .000E+00   .951E+03   .000E+00   .000E+00   .000E+00   .000E+00
    386.5306   .000E+00   .000E+00   .000E+00   .000E+00   .953E+03   .000E+00   .000E+00   .000E+00   .000E+00
    387.0204   .000E+00   .000E+00   .000E+00   .000E+00   .954E+03   .000E+00   .000E+00   .000E+00   .000E+00
    387.5102   .000E+00   .000E+00   .000E+00   .000E+00   .956E+03   .000E+00   .000E+00   .000E+00   .000E+00
    388.0000   .000E+00   .000E+00   .000E+00   .000E+00   .957E+03   .000E+00   .000E+00   .000E+00   .000E+00
    388.5000   .000E+00   .000E+00   .000E+00   .000E+00   .958E+03   .000E+00   .000E+00   .000E+00   .000E+00
    389.0000   .000E+00   .000E+00   .000E+00   .000E+00   .960E+03   .000E+00   .000E+00   .000E+00   .000E+00
    389.5000   .000E+00   .000E+00   .000E+00   .000E+00   .961E+03   .000E+00   .000E+00   .000E+00   .000E+00
    390.1563   .000E+00   .000E+00   .000E+00   .000E+00   .963E+03   .000E+00   .000E+00   .000E+00   .000E+00
    390.8125   .000E+00   .000E+00   .000E+00   .000E+00   .965E+03   .000E+00   .000E+00   .000E+00   .000E+00
    391.4688   .000E+00   .000E+00   .000E+00   .000E+00   .967E+03   .000E+00   .000E+00   .000E+00   .000E+00
    392.1250   .000E+00   .000E+00   .000E+00   .000E+00   .969E+03   .000E+00   .000E+00   .000E+00   .000E+00
    392.7813   .000E+00   .000E+00   .000E+00   .000E+00   .970E+03   .000E+00   .000E+00   .000E+00   .000E+00
    393.4375   .000E+00   .000E+00   .000E+00   .000E+00   .972E+03   .000E+00   .000E+00   .000E+00   .000E+00
    394.0938   .000E+00   .000E+00   .000E+00   .000E+00   .974E+03   .000E+00   .000E+00   .000E+00   .000E+00
    394.7500   .000E+00   .000E+00   .000E+00   .000E+00   .976E+03   .000E+00   .000E+00   .000E+00   .000E+00
    395.4063   .000E+00   .000E+00   .000E+00   .000E+00   .977E+03   .000E+00   .000E+00   .000E+00   .000E+00
    396.0625   .000E+00   .000E+00   .000E+00   .000E+00   .979E+03   .000E+00   .000E+00   .000E+00   .000E+00
    396.7188   .000E+00   .000E+00   .000E+00   .000E+00   .981E+03   .000E+00   .000E+00   .000E+00   .000E+00
    397.3750   .000E+00   .000E+00   .000E+00   .000E+00   .982E+03   .000E+00   .000E+00   .000E+00   .000E+00
    398.0313   .000E+00   .000E+00   .000E+00   .000E+00   .984E+03   .000E+00   .000E+00   .000E+00   .000E+00
    398.6875   .000E+00   .000E+00   .000E+00   .000E+00   .986E+03   .000E+00   .000E+00   .000E+00   .000E+00
    399.3438   .000E+00   .000E+00   .000E+00   .000E+00   .987E+03   .000E+00   .000E+00   .000E+00   .000E+00
    400.0000   .000E+00   .000E+00   .000E+00   .000E+00   .989E+03   .000E+00   .000E+00   .000E+00   .000E+00
    400.6316   .000E+00   .000E+00   .000E+00   .000E+00   .991E+03   .000E+00   .000E+00   .000E+00   .000E+00
    401.4436   .000E+00   .000E+00   .000E+00   .000E+00   .993E+03   .000E+00   .000E+00   .000E+00   .000E+00
    402.2557   .000E+00   .000E+00   .000E+00   .000E+00   .994E+03   .000E+00   .000E+00   .000E+00   .000E+00
    403.0677   .000E+00   .000E+00   .000E+00   .000E+00   .996E+03   .000E+00   .000E+00   .000E+00   .000E+00
    403.8797   .000E+00   .000E+00   .000E+00   .000E+00   .998E+03   .000E+00   .000E+00   .000E+00   .000E+00
    404.6918   .000E+00   .000E+00   .000E+00   .000E+00   .100E+04   .000E+00   .000E+00   .000E+00   .000E+00
    405.7358   .000E+00   .000E+00   .000E+00   .000E+00   .100E+04   .000E+00   .000E+00   .000E+00   .000E+00
    406.7798   .000E+00   .000E+00   .000E+00   .000E+00   .100E+04   .000E+00   .000E+00   .000E+00   .000E+00
    407.8239   .000E+00   .000E+00   .000E+00   .000E+00   .101E+04   .000E+00   .000E+00   .000E+00   .000E+00
    408.8679   .000E+00   .000E+00   .000E+00   .000E+00   .101E+04   .000E+00   .000E+00   .000E+00   .000E+00
    409.9120   .000E+00   .000E+00   .000E+00   .000E+00   .101E+04   .000E+00   .000E+00   .000E+00   .000E+00
    410.9560   .000E+00   .000E+00   .000E+00   .000E+00   .101E+04   .000E+00   .000E+00   .000E+00   .000E+00
    412.0000   .000E+00   .000E+00   .000E+00   .000E+00   .102E+04   .000E+00   .000E+00   .000E+00   .000E+00
    413.0909   .000E+00   .000E+00   .000E+00   .000E+00   .102E+04   .000E+00   .000E+00   .000E+00   .000E+00
    414.1818   .000E+00   .000E+00   .000E+00   .000E+00   .102E+04   .000E+00   .000E+00   .000E+00   .000E+00
    415.2727   .000E+00   .000E+00   .000E+00   .000E+00   .102E+04   .000E+00   .000E+00   .000E+00   .000E+00
    416.3636   .000E+00   .000E+00   .000E+00   .000E+00   .103E+04   .000E+00   .000E+00   .000E+00   .000E+00
    417.4546   .000E+00   .000E+00   .000E+00   .000E+00   .103E+04   .000E+00   .000E+00   .000E+00   .000E+00
    418.5455   .000E+00   .000E+00   .000E+00   .000E+00   .103E+04   .000E+00   .000E+00   .000E+00   .000E+00
    419.9481   .000E+00   .000E+00   .000E+00   .000E+00   .103E+04   .000E+00   .000E+00   .000E+00   .000E+00
    421.3506   .000E+00   .000E+00   .000E+00   .000E+00   .103E+04   .000E+00   .000E+00   .000E+00   .000E+00
    422.7532   .000E+00   .000E+00   .000E+00   .000E+00   .104E+04   .000E+00   .000E+00   .000E+00   .000E+00
    424.1558   .000E+00   .000E+00   .000E+00   .000E+00   .104E+04   .000E+00   .000E+00   .000E+00   .000E+00
    425.5584   .000E+00   .000E+00   .000E+00   .000E+00   .104E+04   .000E+00   .000E+00   .000E+00   .000E+00
    426.9610   .000E+00   .000E+00   .000E+00   .000E+00   .105E+04   .000E+00   .000E+00   .000E+00   .000E+00
    428.3636   .000E+00   .000E+00   .000E+00   .000E+00   .105E+04   .000E+00   .000E+00   .000E+00   .000E+00
    429.7662   .000E+00   .000E+00   .000E+00   .000E+00   .105E+04   .000E+00   .000E+00   .000E+00   .000E+00
    431.1688   .000E+00   .000E+00   .000E+00   .000E+00   .105E+04   .000E+00   .000E+00   .000E+00   .000E+00
    432.5714   .000E+00   .000E+00   .000E+00   .000E+00   .105E+04   .000E+00   .000E+00   .000E+00   .000E+00
    433.9740   .000E+00   .000E+00   .000E+00   .000E+00   .106E+04   .000E+00   .000E+00   .000E+00   .000E+00
    435.3766   .000E+00   .000E+00   .000E+00   .000E+00   .106E+04   .000E+00   .000E+00   .000E+00   .000E+00
    436.7792   .000E+00   .000E+00   .000E+00   .000E+00   .106E+04   .000E+00   .000E+00   .000E+00   .000E+00
    438.1818   .000E+00   .000E+00   .000E+00   .000E+00   .106E+04   .000E+00   .000E+00   .000E+00   .000E+00
    439.5844   .000E+00   .000E+00   .000E+00   .000E+00   .107E+04   .000E+00   .000E+00   .000E+00   .000E+00
    440.9870   .000E+00   .000E+00   .000E+00   .000E+00   .107E+04   .000E+00   .000E+00   .000E+00   .000E+00
    442.3896   .000E+00   .000E+00   .000E+00   .000E+00   .107E+04   .000E+00   .000E+00   .000E+00   .000E+00
    443.7922   .000E+00   .000E+00   .000E+00   .000E+00   .107E+04   .000E+00   .000E+00   .000E+00   .000E+00
    445.1948   .000E+00   .000E+00   .000E+00   .000E+00   .107E+04   .000E+00   .000E+00   .000E+00   .000E+00
    446.5974   .000E+00   .000E+00   .000E+00   .000E+00   .108E+04   .000E+00   .000E+00   .000E+00   .000E+00
    448.0000   .000E+00   .000E+00   .000E+00   .000E+00   .108E+04   .000E+00   .000E+00   .000E+00   .000E+00
    450.3636   .000E+00   .000E+00   .000E+00   .000E+00   .108E+04   .000E+00   .000E+00   .000E+00   .000E+00
    452.7273   .000E+00   .000E+00   .000E+00   .000E+00   .109E+04   .000E+00   .000E+00   .000E+00   .000E+00
    455.0909   .000E+00   .000E+00   .000E+00   .000E+00   .109E+04   .000E+00   .000E+00   .000E+00   .000E+00
    457.4546   .000E+00   .000E+00   .000E+00   .000E+00   .109E+04   .000E+00   .000E+00   .000E+00   .000E+00
    459.8182   .000E+00   .000E+00   .000E+00   .000E+00   .110E+04   .000E+00   .000E+00   .000E+00   .000E+00
    462.1819   .000E+00   .000E+00   .000E+00   .000E+00   .110E+04   .000E+00   .000E+00   .000E+00   .000E+00
    464.5455   .000E+00   .000E+00   .000E+00   .000E+00   .110E+04   .000E+00   .000E+00   .000E+00   .000E+00
    466.9091   .000E+00   .000E+00   .000E+00   .000E+00   .110E+04   .000E+00   .000E+00   .000E+00   .000E+00
    469.2728   .000E+00   .000E+00   .000E+00   .000E+00   .111E+04   .000E+00   .000E+00   .000E+00   .000E+00
    471.6364   .000E+00   .000E+00   .000E+00   .000E+00   .111E+04   .000E+00   .000E+00   .000E+00   .000E+00
    474.0001   .000E+00   .000E+00   .000E+00   .000E+00   .111E+04   .000E+00   .000E+00   .000E+00   .000E+00
    476.3637   .000E+00   .000E+00   .000E+00   .000E+00   .112E+04   .000E+00   .000E+00   .000E+00   .000E+00
    478.7273   .000E+00   .000E+00   .000E+00   .000E+00   .112E+04   .000E+00   .000E+00   .000E+00   .000E+00
    481.0909   .000E+00   .000E+00   .000E+00   .000E+00   .112E+04   .000E+00   .000E+00   .000E+00   .000E+00
    483.4546   .000E+00   .000E+00   .000E+00   .000E+00   .112E+04   .000E+00   .000E+00   .000E+00   .000E+00
    485.8182   .000E+00   .000E+00   .000E+00   .000E+00   .113E+04   .000E+00   .000E+00   .000E+00   .000E+00
    488.1818   .000E+00   .000E+00   .000E+00   .000E+00   .113E+04   .000E+00   .000E+00   .000E+00   .000E+00
    490.5455   .000E+00   .000E+00   .000E+00   .000E+00   .113E+04   .000E+00   .000E+00   .000E+00   .000E+00
    492.9091   .000E+00   .000E+00   .000E+00   .000E+00   .113E+04   .000E+00   .000E+00   .000E+00   .000E+00
    495.2727   .000E+00   .000E+00   .000E+00   .000E+00   .114E+04   .000E+00   .000E+00   .000E+00   .000E+00
    497.6364   .000E+00   .000E+00   .000E+00   .000E+00   .114E+04   .000E+00   .000E+00   .000E+00   .000E+00
    500.0000   .000E+00   .000E+00   .000E+00   .000E+00   .114E+04   .000E+00   .000E+00   .000E+00   .000E+00
    502.6000   .000E+00   .000E+00   .000E+00   .000E+00   .114E+04   .000E+00   .000E+00   .000E+00   .000E+00
    505.2000   .000E+00   .000E+00   .000E+00   .000E+00   .115E+04   .000E+00   .000E+00   .000E+00   .000E+00
    507.8000   .000E+00   .000E+00   .000E+00   .000E+00   .115E+04   .000E+00   .000E+00   .000E+00   .000E+00
    510.4000   .000E+00   .000E+00   .000E+00   .000E+00   .115E+04   .000E+00   .000E+00   .000E+00   .000E+00
    513.0000   .000E+00   .000E+00   .000E+00   .000E+00   .115E+04   .000E+00   .000E+00   .000E+00   .000E+00
    515.4286   .000E+00   .000E+00   .000E+00   .000E+00   .115E+04   .000E+00   .000E+00   .000E+00   .000E+00
    518.5858   .000E+00   .000E+00   .000E+00   .000E+00   .116E+04   .000E+00   .000E+00   .000E+00   .000E+00
    521.7429   .000E+00   .000E+00   .000E+00   .000E+00   .116E+04   .000E+00   .000E+00   .000E+00   .000E+00
    524.9000   .000E+00   .000E+00   .000E+00   .000E+00   .116E+04   .000E+00   .000E+00   .000E+00   .000E+00
    528.0572   .000E+00   .000E+00   .000E+00   .000E+00   .116E+04   .000E+00   .000E+00   .000E+00   .000E+00
    531.2144   .000E+00   .000E+00   .000E+00   .000E+00   .117E+04   .000E+00   .000E+00   .000E+00   .000E+00
    535.1608   .000E+00   .000E+00   .000E+00   .000E+00   .117E+04   .000E+00   .000E+00   .000E+00   .000E+00
    539.1072   .000E+00   .000E+00   .000E+00   .000E+00   .117E+04   .000E+00   .000E+00   .000E+00   .000E+00
    543.0536   .000E+00   .000E+00   .000E+00   .000E+00   .118E+04   .000E+00   .000E+00   .000E+00   .000E+00
    547.0000   .000E+00   .000E+00   .000E+00   .000E+00   .118E+04   .000E+00   .000E+00   .000E+00   .000E+00
    551.1250   .000E+00   .000E+00   .000E+00   .000E+00   .118E+04   .000E+00   .000E+00   .000E+00   .000E+00
    555.2500   .000E+00   .000E+00   .000E+00   .000E+00   .118E+04   .000E+00   .000E+00   .000E+00   .000E+00
    559.3750   .000E+00   .000E+00   .000E+00   .000E+00   .119E+04   .000E+00   .000E+00   .000E+00   .000E+00
    563.5000   .000E+00   .000E+00   .000E+00   .000E+00   .119E+04   .000E+00   .000E+00   .000E+00   .000E+00
    567.6250   .000E+00   .000E+00   .000E+00   .000E+00   .119E+04   .000E+00   .000E+00   .000E+00   .000E+00
    572.6250   .000E+00   .000E+00   .000E+00   .000E+00   .120E+04   .000E+00   .000E+00   .000E+00   .000E+00
    576.3125   .000E+00   .000E+00   .000E+00   .000E+00   .120E+04   .000E+00   .000E+00   .000E+00   .000E+00
    580.0000   .000E+00   .000E+00   .000E+00   .000E+00   .120E+04   .000E+00   .000E+00   .000E+00   .000E+00
    585.0000   .000E+00   .000E+00   .000E+00   .000E+00   .120E+04   .000E+00   .000E+00   .000E+00   .000E+00
    590.0000   .000E+00   .000E+00   .000E+00   .000E+00   .121E+04   .000E+00   .000E+00   .000E+00   .000E+00
    595.0000   .000E+00   .000E+00   .000E+00   .000E+00   .121E+04   .000E+00   .000E+00   .000E+00   .000E+00
    600.0000   .000E+00   .000E+00   .000E+00   .000E+00   .121E+04   .000E+00   .000E+00   .000E+00   .000E+00
    602.5000   .000E+00   .000E+00   .000E+00   .000E+00   .121E+04   .000E+00   .000E+00   .000E+00   .000E+00
    605.0000   .000E+00   .000E+00   .000E+00   .000E+00   .121E+04   .000E+00   .000E+00   .000E+00   .000E+00
end
