

     Time         hAtm       hRoot     hKode3     hKode1      hSeep     hKode5     hKode6 ... 
      [T]          [L]        [L]        [L]        [L]        [L]        [L]        [L]

       .0020         .0         .0      -36.5         .0         .0         .0         .0
       .0040         .0         .0      -36.5         .0         .0         .0         .0
       .0066         .0         .0      -36.5         .0         .0         .0         .0
       .0099         .0         .0      -36.5         .0         .0         .0         .0
       .0144         .0         .0      -36.5         .0         .0         .0         .0
       .0203         .0         .0      -36.5         .0         .0         .0         .0
       .0277         .0         .0      -36.5         .0         .0         .0         .0
       .0389         .0         .0      -36.5         .0         .0         .0         .0
       .0500         .0         .0      -36.5         .0         .0         .0         .0
       .0625         .0         .0      -36.5         .0         .0         .0         .0
       .0789         .0         .0      -36.5         .0         .0         .0         .0
       .1004         .0         .0      -36.5         .0         .0         .0         .0
       .1276         .0         .0      -36.5         .0         .0         .0         .0
       .1640         .0         .0      -36.5         .0         .0         .0         .0
       .2104         .0         .0      -36.5         .0         .0         .0         .0
       .2712         .0         .0      -36.5         .0         .0         .0         .0
       .3521         .0         .0      -36.5         .0         .0         .0         .0
       .4601         .0         .0      -36.5         .0         .0         .0         .0
       .5951         .0         .0      -36.5         .0         .0         .0         .0
       .7975         .0         .0      -36.5         .0         .0         .0         .0
      1.0000         .0         .0      -36.5         .0         .0         .0         .0
      1.2222         .0         .0      -36.5         .0         .0         .0         .0
      1.5185         .0         .0      -36.5         .0         .0         .0         .0
      1.8889         .0         .0      -36.5         .0         .0         .0         .0
      2.4444         .0         .0      -36.5         .0         .0         .0         .0
      3.0000         .0         .0      -36.5         .0         .0         .0         .0
      3.6250         .0         .0      -36.5         .0         .0         .0         .0
      4.5000         .0         .0      -36.5         .0         .0         .0         .0
      5.6667         .0         .0      -36.5         .0         .0         .0         .0
      6.8333         .0         .0      -36.5         .0         .0         .0         .0
      8.0000         .0         .0      -36.5         .0         .0         .0         .0
      9.6667         .0         .0      -36.5         .0         .0         .0         .0
     13.0000         .0         .0      -36.5         .0         .0         .0         .0
     16.3333         .0         .0      -36.5         .0         .0         .0         .0
     19.6667         .0         .0      -36.5         .0         .0         .0         .0
     23.0000         .0         .0      -36.5         .0         .0         .0         .0
     25.0000         .0         .0      -36.5         .0         .0         .0         .0
     25.0020         .0         .0      -66.5         .0         .0         .0         .0
     25.0046         .0         .0      -66.5         .0         .0         .0         .0
     25.0080         .0         .0      -66.5         .0         .0         .0         .0
     25.0124         .0         .0      -66.5         .0         .0         .0         .0
     25.0181         .0         .0      -66.5         .0         .0         .0         .0
     25.0255         .0         .0      -66.5         .0         .0         .0         .0
     25.0352         .0         .0      -66.5         .0         .0         .0         .0
     25.0477         .0         .0      -66.5         .0         .0         .0         .0
     25.0640         .0         .0      -66.5         .0         .0         .0         .0
     25.0853         .0         .0      -66.5         .0         .0         .0         .0
     25.1128         .0         .0      -66.5         .0         .0         .0         .0
     25.1487         .0         .0      -66.5         .0         .0         .0         .0
     25.1953         .0         .0      -66.5         .0         .0         .0         .0
     25.2560         .0         .0      -66.5         .0         .0         .0         .0
     25.3345         .0         .0      -66.5         .0         .0         .0         .0
     25.4370         .0         .0      -66.5         .0         .0         .0         .0
     25.5709         .0         .0      -66.5         .0         .0         .0         .0
     25.7447         .0         .0      -66.5         .0         .0         .0         .0
     25.9681         .0         .0      -66.5         .0         .0         .0         .0
     26.2553         .0         .0      -66.5         .0         .0         .0         .0
     26.6383         .0         .0      -66.5         .0         .0         .0         .0
     27.1257         .0         .0      -66.5         .0         .0         .0         .0
     27.7350         .0         .0      -66.5         .0         .0         .0         .0
     28.5880         .0         .0      -66.5         .0         .0         .0         .0
     29.7253         .0         .0      -66.5         .0         .0         .0         .0
     30.8627         .0         .0      -66.5         .0         .0         .0         .0
     32.0000         .0         .0      -66.5         .0         .0         .0         .0
     34.0000         .0         .0      -66.5         .0         .0         .0         .0
     36.0000         .0         .0      -66.5         .0         .0         .0         .0
     40.0000         .0         .0      -66.5         .0         .0         .0         .0
     44.5000         .0         .0      -66.5         .0         .0         .0         .0
     49.0000         .0         .0      -66.5         .0         .0         .0         .0
     54.0000         .0         .0      -66.5         .0         .0         .0         .0
     57.5000         .0         .0      -66.5         .0         .0         .0         .0
     61.0000         .0         .0      -66.5         .0         .0         .0         .0
     66.0000         .0         .0      -66.5         .0         .0         .0         .0
     69.4000         .0         .0      -66.5         .0         .0         .0         .0
     72.8000         .0         .0      -66.5         .0         .0         .0         .0
     73.0000         .0         .0      -66.5         .0         .0         .0         .0
     73.0020         .0         .0     -126.5         .0         .0         .0         .0
     73.0046         .0         .0     -126.5         .0         .0         .0         .0
     73.0080         .0         .0     -126.5         .0         .0         .0         .0
     73.0123         .0         .0     -126.5         .0         .0         .0         .0
     73.0180         .0         .0     -126.5         .0         .0         .0         .0
     73.0253         .0         .0     -126.5         .0         .0         .0         .0
     73.0350         .0         .0     -126.5         .0         .0         .0         .0
     73.0477         .0         .0     -126.5         .0         .0         .0         .0
     73.0646         .0         .0     -126.5         .0         .0         .0         .0
     73.0872         .0         .0     -126.5         .0         .0         .0         .0
     73.1154         .0         .0     -126.5         .0         .0         .0         .0
     73.1577         .0         .0     -126.5         .0         .0         .0         .0
     73.2000         .0         .0     -126.5         .0         .0         .0         .0
     73.2471         .0         .0     -126.5         .0         .0         .0         .0
     73.3098         .0         .0     -126.5         .0         .0         .0         .0
     73.3865         .0         .0     -126.5         .0         .0         .0         .0
     73.4887         .0         .0     -126.5         .0         .0         .0         .0
     73.6166         .0         .0     -126.5         .0         .0         .0         .0
     73.8083         .0         .0     -126.5         .0         .0         .0         .0
     74.0000         .0         .0     -126.5         .0         .0         .0         .0
     74.2222         .0         .0     -126.5         .0         .0         .0         .0
     74.5185         .0         .0     -126.5         .0         .0         .0         .0
     74.8889         .0         .0     -126.5         .0         .0         .0         .0
     75.4444         .0         .0     -126.5         .0         .0         .0         .0
     76.0000         .0         .0     -126.5         .0         .0         .0         .0
     76.6400         .0         .0     -126.5         .0         .0         .0         .0
     77.4933         .0         .0     -126.5         .0         .0         .0         .0
     78.6092         .0         .0     -126.5         .0         .0         .0         .0
     80.0971         .0         .0     -126.5         .0         .0         .0         .0
     82.0809         .0         .0     -126.5         .0         .0         .0         .0
     84.5607         .0         .0     -126.5         .0         .0         .0         .0
     88.2803         .0         .0     -126.5         .0         .0         .0         .0
     92.0000         .0         .0     -126.5         .0         .0         .0         .0
     96.0000         .0         .0     -126.5         .0         .0         .0         .0
    100.0000         .0         .0     -126.5         .0         .0         .0         .0
    105.0000         .0         .0     -126.5         .0         .0         .0         .0
    110.0000         .0         .0     -126.5         .0         .0         .0         .0
    112.5000         .0         .0     -126.5         .0         .0         .0         .0
    115.0000         .0         .0     -126.5         .0         .0         .0         .0
    120.0000         .0         .0     -126.5         .0         .0         .0         .0
    125.0000         .0         .0     -126.5         .0         .0         .0         .0
    130.0000         .0         .0     -126.5         .0         .0         .0         .0
    135.0000         .0         .0     -126.5         .0         .0         .0         .0
    139.9999         .0         .0     -126.5         .0         .0         .0         .0
    144.9999         .0         .0     -126.5         .0         .0         .0         .0
    147.5000         .0         .0     -126.5         .0         .0         .0         .0
    150.0000         .0         .0     -126.5         .0         .0         .0         .0
    154.8333         .0         .0     -126.5         .0         .0         .0         .0
    159.6667         .0         .0     -126.5         .0         .0         .0         .0
    164.5000         .0         .0     -126.5         .0         .0         .0         .0
    169.3333         .0         .0     -126.5         .0         .0         .0         .0
    174.1667         .0         .0     -126.5         .0         .0         .0         .0
    179.0000         .0         .0     -126.5         .0         .0         .0         .0
    184.0000         .0         .0     -126.5         .0         .0         .0         .0
    189.0000         .0         .0     -126.5         .0         .0         .0         .0
    194.0000         .0         .0     -126.5         .0         .0         .0         .0
    197.0000         .0         .0     -126.5         .0         .0         .0         .0
    200.0000         .0         .0     -126.5         .0         .0         .0         .0
    205.0000         .0         .0     -126.5         .0         .0         .0         .0
    210.0000         .0         .0     -126.5         .0         .0         .0         .0
    213.5000         .0         .0     -126.5         .0         .0         .0         .0
    217.0000         .0         .0     -126.5         .0         .0         .0         .0
    217.0020         .0         .0     -241.5         .0         .0         .0         .0
    217.0046         .0         .0     -241.5         .0         .0         .0         .0
    217.0080         .0         .0     -241.5         .0         .0         .0         .0
    217.0124         .0         .0     -241.5         .0         .0         .0         .0
    217.0181         .0         .0     -241.5         .0         .0         .0         .0
    217.0255         .0         .0     -241.5         .0         .0         .0         .0
    217.0352         .0         .0     -241.5         .0         .0         .0         .0
    217.0478         .0         .0     -241.5         .0         .0         .0         .0
    217.0639         .0         .0     -241.5         .0         .0         .0         .0
    217.0847         .0         .0     -241.5         .0         .0         .0         .0
    217.1124         .0         .0     -241.5         .0         .0         .0         .0
    217.1476         .0         .0     -241.5         .0         .0         .0         .0
    217.1917         .0         .0     -241.5         .0         .0         .0         .0
    217.2533         .0         .0     -241.5         .0         .0         .0         .0
    217.3356         .0         .0     -241.5         .0         .0         .0         .0
    217.4178         .0         .0     -241.5         .0         .0         .0         .0
    217.5000         .0         .0     -241.5         .0         .0         .0         .0
    217.6336         .0         .0     -241.5         .0         .0         .0         .0
    217.8073         .0         .0     -241.5         .0         .0         .0         .0
    218.0335         .0         .0     -241.5         .0         .0         .0         .0
    218.3260         .0         .0     -241.5         .0         .0         .0         .0
    218.7050         .0         .0     -241.5         .0         .0         .0         .0
    219.1987         .0         .0     -241.5         .0         .0         .0         .0
    219.8308         .0         .0     -241.5         .0         .0         .0         .0
    220.6735         .0         .0     -241.5         .0         .0         .0         .0
    221.7756         .0         .0     -241.5         .0         .0         .0         .0
    223.2449         .0         .0     -241.5         .0         .0         .0         .0
    225.2041         .0         .0     -241.5         .0         .0         .0         .0
    227.1633         .0         .0     -241.5         .0         .0         .0         .0
    229.1225         .0         .0     -241.5         .0         .0         .0         .0
    231.0816         .0         .0     -241.5         .0         .0         .0         .0
    233.0408         .0         .0     -241.5         .0         .0         .0         .0
    235.0000         .0         .0     -241.5         .0         .0         .0         .0
    237.4286         .0         .0     -241.5         .0         .0         .0         .0
    239.8571         .0         .0     -241.5         .0         .0         .0         .0
    242.2857         .0         .0     -241.5         .0         .0         .0         .0
    244.7143         .0         .0     -241.5         .0         .0         .0         .0
    247.1429         .0         .0     -241.5         .0         .0         .0         .0
    249.5714         .0         .0     -241.5         .0         .0         .0         .0
    252.0000         .0         .0     -241.5         .0         .0         .0         .0
    254.4286         .0         .0     -241.5         .0         .0         .0         .0
    256.8571         .0         .0     -241.5         .0         .0         .0         .0
    259.2857         .0         .0     -241.5         .0         .0         .0         .0
    261.7143         .0         .0     -241.5         .0         .0         .0         .0
    264.1429         .0         .0     -241.5         .0         .0         .0         .0
    266.5714         .0         .0     -241.5         .0         .0         .0         .0
    269.0000         .0         .0     -241.5         .0         .0         .0         .0
    271.3333         .0         .0     -241.5         .0         .0         .0         .0
    273.6667         .0         .0     -241.5         .0         .0         .0         .0
    276.0000         .0         .0     -241.5         .0         .0         .0         .0
    278.3334         .0         .0     -241.5         .0         .0         .0         .0
    280.6667         .0         .0     -241.5         .0         .0         .0         .0
    283.0000         .0         .0     -241.5         .0         .0         .0         .0
    285.3334         .0         .0     -241.5         .0         .0         .0         .0
    287.6667         .0         .0     -241.5         .0         .0         .0         .0
    290.0000         .0         .0     -241.5         .0         .0         .0         .0
    292.3333         .0         .0     -241.5         .0         .0         .0         .0
    294.6667         .0         .0     -241.5         .0         .0         .0         .0
    297.0000         .0         .0     -241.5         .0         .0         .0         .0
    300.0000         .0         .0     -241.5         .0         .0         .0         .0
    302.6000         .0         .0     -241.5         .0         .0         .0         .0
    305.2000         .0         .0     -241.5         .0         .0         .0         .0
    307.8000         .0         .0     -241.5         .0         .0         .0         .0
    310.4000         .0         .0     -241.5         .0         .0         .0         .0
    313.0000         .0         .0     -241.5         .0         .0         .0         .0
    315.3182         .0         .0     -241.5         .0         .0         .0         .0
    318.6299         .0         .0     -241.5         .0         .0         .0         .0
    321.9415         .0         .0     -241.5         .0         .0         .0         .0
    325.2532         .0         .0     -241.5         .0         .0         .0         .0
    328.5649         .0         .0     -241.5         .0         .0         .0         .0
    331.8766         .0         .0     -241.5         .0         .0         .0         .0
    335.1883         .0         .0     -241.5         .0         .0         .0         .0
    338.5000         .0         .0     -241.5         .0         .0         .0         .0
    339.0000         .0         .0     -241.5         .0         .0         .0         .0
    339.0020         .0         .0     -481.5         .0         .0         .0         .0
    339.0046         .0         .0     -481.5         .0         .0         .0         .0
    339.0080         .0         .0     -481.5         .0         .0         .0         .0
    339.0124         .0         .0     -481.5         .0         .0         .0         .0
    339.0181         .0         .0     -481.5         .0         .0         .0         .0
    339.0255         .0         .0     -481.5         .0         .0         .0         .0
    339.0352         .0         .0     -481.5         .0         .0         .0         .0
    339.0477         .0         .0     -481.5         .0         .0         .0         .0
    339.0602         .0         .0     -481.5         .0         .0         .0         .0
    339.0765         .0         .0     -481.5         .0         .0         .0         .0
    339.0929         .0         .0     -481.5         .0         .0         .0         .0
    339.1142         .0         .0     -481.5         .0         .0         .0         .0
    339.1356         .0         .0     -481.5         .0         .0         .0         .0
    339.1634         .0         .0     -481.5         .0         .0         .0         .0
    339.1912         .0         .0     -481.5         .0         .0         .0         .0
    339.2191         .0         .0     -481.5         .0         .0         .0         .0
    339.2546         .0         .0     -481.5         .0         .0         .0         .0
    339.2902         .0         .0     -481.5         .0         .0         .0         .0
    339.3368         .0         .0     -481.5         .0         .0         .0         .0
    339.3833         .0         .0     -481.5         .0         .0         .0         .0
    339.4298         .0         .0     -481.5         .0         .0         .0         .0
    339.4893         .0         .0     -481.5         .0         .0         .0         .0
    339.5487         .0         .0     -481.5         .0         .0         .0         .0
    339.6082         .0         .0     -481.5         .0         .0         .0         .0
    339.6893         .0         .0     -481.5         .0         .0         .0         .0
    339.7704         .0         .0     -481.5         .0         .0         .0         .0
    339.8514         .0         .0     -481.5         .0         .0         .0         .0
    339.9325         .0         .0     -481.5         .0         .0         .0         .0
    340.0271         .0         .0     -481.5         .0         .0         .0         .0
    340.1216         .0         .0     -481.5         .0         .0         .0         .0
    340.2478         .0         .0     -481.5         .0         .0         .0         .0
    340.3739         .0         .0     -481.5         .0         .0         .0         .0
    340.5000         .0         .0     -481.5         .0         .0         .0         .0
    340.6325         .0         .0     -481.5         .0         .0         .0         .0
    340.7651         .0         .0     -481.5         .0         .0         .0         .0
    340.8976         .0         .0     -481.5         .0         .0         .0         .0
    341.0302         .0         .0     -481.5         .0         .0         .0         .0
    341.1627         .0         .0     -481.5         .0         .0         .0         .0
    341.2952         .0         .0     -481.5         .0         .0         .0         .0
    341.4278         .0         .0     -481.5         .0         .0         .0         .0
    341.5603         .0         .0     -481.5         .0         .0         .0         .0
    341.6928         .0         .0     -481.5         .0         .0         .0         .0
    341.8254         .0         .0     -481.5         .0         .0         .0         .0
    341.9579         .0         .0     -481.5         .0         .0         .0         .0
    342.0905         .0         .0     -481.5         .0         .0         .0         .0
    342.2230         .0         .0     -481.5         .0         .0         .0         .0
    342.3555         .0         .0     -481.5         .0         .0         .0         .0
    342.4881         .0         .0     -481.5         .0         .0         .0         .0
    342.6206         .0         .0     -481.5         .0         .0         .0         .0
    342.7531         .0         .0     -481.5         .0         .0         .0         .0
    342.8857         .0         .0     -481.5         .0         .0         .0         .0
    343.0182         .0         .0     -481.5         .0         .0         .0         .0
    343.1508         .0         .0     -481.5         .0         .0         .0         .0
    343.2833         .0         .0     -481.5         .0         .0         .0         .0
    343.4158         .0         .0     -481.5         .0         .0         .0         .0
    343.5484         .0         .0     -481.5         .0         .0         .0         .0
    343.7212         .0         .0     -481.5         .0         .0         .0         .0
    343.8941         .0         .0     -481.5         .0         .0         .0         .0
    344.0669         .0         .0     -481.5         .0         .0         .0         .0
    344.2398         .0         .0     -481.5         .0         .0         .0         .0
    344.4126         .0         .0     -481.5         .0         .0         .0         .0
    344.5855         .0         .0     -481.5         .0         .0         .0         .0
    344.7583         .0         .0     -481.5         .0         .0         .0         .0
    344.9312         .0         .0     -481.5         .0         .0         .0         .0
    345.1040         .0         .0     -481.5         .0         .0         .0         .0
    345.2769         .0         .0     -481.5         .0         .0         .0         .0
    345.4497         .0         .0     -481.5         .0         .0         .0         .0
    345.6226         .0         .0     -481.5         .0         .0         .0         .0
    345.7954         .0         .0     -481.5         .0         .0         .0         .0
    345.9683         .0         .0     -481.5         .0         .0         .0         .0
    346.1411         .0         .0     -481.5         .0         .0         .0         .0
    346.3140         .0         .0     -481.5         .0         .0         .0         .0
    346.4869         .0         .0     -481.5         .0         .0         .0         .0
    346.6597         .0         .0     -481.5         .0         .0         .0         .0
    346.8326         .0         .0     -481.5         .0         .0         .0         .0
    347.0055         .0         .0     -481.5         .0         .0         .0         .0
    347.1783         .0         .0     -481.5         .0         .0         .0         .0
    347.3512         .0         .0     -481.5         .0         .0         .0         .0
    347.5240         .0         .0     -481.5         .0         .0         .0         .0
    347.6969         .0         .0     -481.5         .0         .0         .0         .0
    347.8698         .0         .0     -481.5         .0         .0         .0         .0
    348.0427         .0         .0     -481.5         .0         .0         .0         .0
    348.2732         .0         .0     -481.5         .0         .0         .0         .0
    348.5037         .0         .0     -481.5         .0         .0         .0         .0
    348.7342         .0         .0     -481.5         .0         .0         .0         .0
    348.9647         .0         .0     -481.5         .0         .0         .0         .0
    349.1952         .0         .0     -481.5         .0         .0         .0         .0
    349.4257         .0         .0     -481.5         .0         .0         .0         .0
    349.6561         .0         .0     -481.5         .0         .0         .0         .0
    349.8866         .0         .0     -481.5         .0         .0         .0         .0
    350.1171         .0         .0     -481.5         .0         .0         .0         .0
    350.3476         .0         .0     -481.5         .0         .0         .0         .0
    350.5781         .0         .0     -481.5         .0         .0         .0         .0
    350.8085         .0         .0     -481.5         .0         .0         .0         .0
    351.0390         .0         .0     -481.5         .0         .0         .0         .0
    351.2695         .0         .0     -481.5         .0         .0         .0         .0
    351.5000         .0         .0     -481.5         .0         .0         .0         .0
    351.7232         .0         .0     -481.5         .0         .0         .0         .0
    351.9464         .0         .0     -481.5         .0         .0         .0         .0
    352.2404         .0         .0     -481.5         .0         .0         .0         .0
    352.5344         .0         .0     -481.5         .0         .0         .0         .0
    352.8283         .0         .0     -481.5         .0         .0         .0         .0
    353.1223         .0         .0     -481.5         .0         .0         .0         .0
    353.4163         .0         .0     -481.5         .0         .0         .0         .0
    353.7103         .0         .0     -481.5         .0         .0         .0         .0
    354.0043         .0         .0     -481.5         .0         .0         .0         .0
    354.2983         .0         .0     -481.5         .0         .0         .0         .0
    354.5923         .0         .0     -481.5         .0         .0         .0         .0
    354.8863         .0         .0     -481.5         .0         .0         .0         .0
    355.1803         .0         .0     -481.5         .0         .0         .0         .0
    355.4742         .0         .0     -481.5         .0         .0         .0         .0
    355.7682         .0         .0     -481.5         .0         .0         .0         .0
    356.0623         .0         .0     -481.5         .0         .0         .0         .0
    356.3562         .0         .0     -481.5         .0         .0         .0         .0
    356.6502         .0         .0     -481.5         .0         .0         .0         .0
    356.9442         .0         .0     -481.5         .0         .0         .0         .0
    357.3156         .0         .0     -481.5         .0         .0         .0         .0
    357.6870         .0         .0     -481.5         .0         .0         .0         .0
    358.0583         .0         .0     -481.5         .0         .0         .0         .0
    358.4297         .0         .0     -481.5         .0         .0         .0         .0
    358.8011         .0         .0     -481.5         .0         .0         .0         .0
    359.1724         .0         .0     -481.5         .0         .0         .0         .0
    359.5438         .0         .0     -481.5         .0         .0         .0         .0
    359.9151         .0         .0     -481.5         .0         .0         .0         .0
    360.2865         .0         .0     -481.5         .0         .0         .0         .0
    360.6578         .0         .0     -481.5         .0         .0         .0         .0
    361.1353         .0         .0     -481.5         .0         .0         .0         .0
    361.6127         .0         .0     -481.5         .0         .0         .0         .0
    362.0902         .0         .0     -481.5         .0         .0         .0         .0
    362.5676         .0         .0     -481.5         .0         .0         .0         .0
    363.0451         .0         .0     -481.5         .0         .0         .0         .0
    363.5225         .0         .0     -481.5         .0         .0         .0         .0
    364.0000         .0         .0     -481.5         .0         .0         .0         .0
    364.4898         .0         .0     -481.5         .0         .0         .0         .0
    364.9796         .0         .0     -481.5         .0         .0         .0         .0
    365.4694         .0         .0     -481.5         .0         .0         .0         .0
    365.9592         .0         .0     -481.5         .0         .0         .0         .0
    366.4490         .0         .0     -481.5         .0         .0         .0         .0
    366.9388         .0         .0     -481.5         .0         .0         .0         .0
    367.4286         .0         .0     -481.5         .0         .0         .0         .0
    367.9185         .0         .0     -481.5         .0         .0         .0         .0
    368.4083         .0         .0     -481.5         .0         .0         .0         .0
    368.8981         .0         .0     -481.5         .0         .0         .0         .0
    369.3879         .0         .0     -481.5         .0         .0         .0         .0
    369.8777         .0         .0     -481.5         .0         .0         .0         .0
    370.3675         .0         .0     -481.5         .0         .0         .0         .0
    370.8573         .0         .0     -481.5         .0         .0         .0         .0
    371.3471         .0         .0     -481.5         .0         .0         .0         .0
    371.8369         .0         .0     -481.5         .0         .0         .0         .0
    372.3267         .0         .0     -481.5         .0         .0         .0         .0
    372.8165         .0         .0     -481.5         .0         .0         .0         .0
    373.3062         .0         .0     -481.5         .0         .0         .0         .0
    373.7960         .0         .0     -481.5         .0         .0         .0         .0
    374.2858         .0         .0     -481.5         .0         .0         .0         .0
    374.7756         .0         .0     -481.5         .0         .0         .0         .0
    375.2654         .0         .0     -481.5         .0         .0         .0         .0
    375.7552         .0         .0     -481.5         .0         .0         .0         .0
    376.2450         .0         .0     -481.5         .0         .0         .0         .0
    376.7348         .0         .0     -481.5         .0         .0         .0         .0
    377.2246         .0         .0     -481.5         .0         .0         .0         .0
    377.7144         .0         .0     -481.5         .0         .0         .0         .0
    378.2042         .0         .0     -481.5         .0         .0         .0         .0
    378.6940         .0         .0     -481.5         .0         .0         .0         .0
    379.1837         .0         .0     -481.5         .0         .0         .0         .0
    379.6735         .0         .0     -481.5         .0         .0         .0         .0
    380.1633         .0         .0     -481.5         .0         .0         .0         .0
    380.6531         .0         .0     -481.5         .0         .0         .0         .0
    381.1429         .0         .0     -481.5         .0         .0         .0         .0
    381.6327         .0         .0     -481.5         .0         .0         .0         .0
    382.1225         .0         .0     -481.5         .0         .0         .0         .0
    382.6123         .0         .0     -481.5         .0         .0         .0         .0
    383.1021         .0         .0     -481.5         .0         .0         .0         .0
    383.5919         .0         .0     -481.5         .0         .0         .0         .0
    384.0817         .0         .0     -481.5         .0         .0         .0         .0
    384.5715         .0         .0     -481.5         .0         .0         .0         .0
    385.0612         .0         .0     -481.5         .0         .0         .0         .0
    385.5510         .0         .0     -481.5         .0         .0         .0         .0
    386.0408         .0         .0     -481.5         .0         .0         .0         .0
    386.5306         .0         .0     -481.5         .0         .0         .0         .0
    387.0204         .0         .0     -481.5         .0         .0         .0         .0
    387.5102         .0         .0     -481.5         .0         .0         .0         .0
    388.0000         .0         .0     -481.5         .0         .0         .0         .0
    388.5000         .0         .0     -481.5         .0         .0         .0         .0
    389.0000         .0         .0     -481.5         .0         .0         .0         .0
    389.5000         .0         .0     -481.5         .0         .0         .0         .0
    390.1563         .0         .0     -481.5         .0         .0         .0         .0
    390.8125         .0         .0     -481.5         .0         .0         .0         .0
    391.4688         .0         .0     -481.5         .0         .0         .0         .0
    392.1250         .0         .0     -481.5         .0         .0         .0         .0
    392.7813         .0         .0     -481.5         .0         .0         .0         .0
    393.4375         .0         .0     -481.5         .0         .0         .0         .0
    394.0938         .0         .0     -481.5         .0         .0         .0         .0
    394.7500         .0         .0     -481.5         .0         .0         .0         .0
    395.4063         .0         .0     -481.5         .0         .0         .0         .0
    396.0625         .0         .0     -481.5         .0         .0         .0         .0
    396.7188         .0         .0     -481.5         .0         .0         .0         .0
    397.3750         .0         .0     -481.5         .0         .0         .0         .0
    398.0313         .0         .0     -481.5         .0         .0         .0         .0
    398.6875         .0         .0     -481.5         .0         .0         .0         .0
    399.3438         .0         .0     -481.5         .0         .0         .0         .0
    400.0000         .0         .0     -481.5         .0         .0         .0         .0
    400.6316         .0         .0     -481.5         .0         .0         .0         .0
    401.4436         .0         .0     -481.5         .0         .0         .0         .0
    402.2557         .0         .0     -481.5         .0         .0         .0         .0
    403.0677         .0         .0     -481.5         .0         .0         .0         .0
    403.8797         .0         .0     -481.5         .0         .0         .0         .0
    404.6918         .0         .0     -481.5         .0         .0         .0         .0
    405.7358         .0         .0     -481.5         .0         .0         .0         .0
    406.7798         .0         .0     -481.5         .0         .0         .0         .0
    407.8239         .0         .0     -481.5         .0         .0         .0         .0
    408.8679         .0         .0     -481.5         .0         .0         .0         .0
    409.9120         .0         .0     -481.5         .0         .0         .0         .0
    410.9560         .0         .0     -481.5         .0         .0         .0         .0
    412.0000         .0         .0     -481.5         .0         .0         .0         .0
    413.0909         .0         .0     -481.5         .0         .0         .0         .0
    414.1818         .0         .0     -481.5         .0         .0         .0         .0
    415.2727         .0         .0     -481.5         .0         .0         .0         .0
    416.3636         .0         .0     -481.5         .0         .0         .0         .0
    417.4546         .0         .0     -481.5         .0         .0         .0         .0
    418.5455         .0         .0     -481.5         .0         .0         .0         .0
    419.9481         .0         .0     -481.5         .0         .0         .0         .0
    421.3506         .0         .0     -481.5         .0         .0         .0         .0
    422.7532         .0         .0     -481.5         .0         .0         .0         .0
    424.1558         .0         .0     -481.5         .0         .0         .0         .0
    425.5584         .0         .0     -481.5         .0         .0         .0         .0
    426.9610         .0         .0     -481.5         .0         .0         .0         .0
    428.3636         .0         .0     -481.5         .0         .0         .0         .0
    429.7662         .0         .0     -481.5         .0         .0         .0         .0
    431.1688         .0         .0     -481.5         .0         .0         .0         .0
    432.5714         .0         .0     -481.5         .0         .0         .0         .0
    433.9740         .0         .0     -481.5         .0         .0         .0         .0
    435.3766         .0         .0     -481.5         .0         .0         .0         .0
    436.7792         .0         .0     -481.5         .0         .0         .0         .0
    438.1818         .0         .0     -481.5         .0         .0         .0         .0
    439.5844         .0         .0     -481.5         .0         .0         .0         .0
    440.9870         .0         .0     -481.5         .0         .0         .0         .0
    442.3896         .0         .0     -481.5         .0         .0         .0         .0
    443.7922         .0         .0     -481.5         .0         .0         .0         .0
    445.1948         .0         .0     -481.5         .0         .0         .0         .0
    446.5974         .0         .0     -481.5         .0         .0         .0         .0
    448.0000         .0         .0     -481.5         .0         .0         .0         .0
    450.3636         .0         .0     -481.5         .0         .0         .0         .0
    452.7273         .0         .0     -481.5         .0         .0         .0         .0
    455.0909         .0         .0     -481.5         .0         .0         .0         .0
    457.4546         .0         .0     -481.5         .0         .0         .0         .0
    459.8182         .0         .0     -481.5         .0         .0         .0         .0
    462.1819         .0         .0     -481.5         .0         .0         .0         .0
    464.5455         .0         .0     -481.5         .0         .0         .0         .0
    466.9091         .0         .0     -481.5         .0         .0         .0         .0
    469.2728         .0         .0     -481.5         .0         .0         .0         .0
    471.6364         .0         .0     -481.5         .0         .0         .0         .0
    474.0001         .0         .0     -481.5         .0         .0         .0         .0
    476.3637         .0         .0     -481.5         .0         .0         .0         .0
    478.7273         .0         .0     -481.5         .0         .0         .0         .0
    481.0909         .0         .0     -481.5         .0         .0         .0         .0
    483.4546         .0         .0     -481.5         .0         .0         .0         .0
    485.8182         .0         .0     -481.5         .0         .0         .0         .0
    488.1818         .0         .0     -481.5         .0         .0         .0         .0
    490.5455         .0         .0     -481.5         .0         .0         .0         .0
    492.9091         .0         .0     -481.5         .0         .0         .0         .0
    495.2727         .0         .0     -481.5         .0         .0         .0         .0
    497.6364         .0         .0     -481.5         .0         .0         .0         .0
    500.0000         .0         .0     -481.5         .0         .0         .0         .0
    502.6000         .0         .0     -481.5         .0         .0         .0         .0
    505.2000         .0         .0     -481.5         .0         .0         .0         .0
    507.8000         .0         .0     -481.5         .0         .0         .0         .0
    510.4000         .0         .0     -481.5         .0         .0         .0         .0
    513.0000         .0         .0     -481.5         .0         .0         .0         .0
    515.4286         .0         .0     -481.5         .0         .0         .0         .0
    518.5858         .0         .0     -481.5         .0         .0         .0         .0
    521.7429         .0         .0     -481.5         .0         .0         .0         .0
    524.9000         .0         .0     -481.5         .0         .0         .0         .0
    528.0572         .0         .0     -481.5         .0         .0         .0         .0
    531.2144         .0         .0     -481.5         .0         .0         .0         .0
    535.1608         .0         .0     -481.5         .0         .0         .0         .0
    539.1072         .0         .0     -481.5         .0         .0         .0         .0
    543.0536         .0         .0     -481.5         .0         .0         .0         .0
    547.0000         .0         .0     -481.5         .0         .0         .0         .0
    551.1250         .0         .0     -481.5         .0         .0         .0         .0
    555.2500         .0         .0     -481.5         .0         .0         .0         .0
    559.3750         .0         .0     -481.5         .0         .0         .0         .0
    563.5000         .0         .0     -481.5         .0         .0         .0         .0
    567.6250         .0         .0     -481.5         .0         .0         .0         .0
    572.6250         .0         .0     -481.5         .0         .0         .0         .0
    576.3125         .0         .0     -481.5         .0         .0         .0         .0
    580.0000         .0         .0     -481.5         .0         .0         .0         .0
    585.0000         .0         .0     -481.5         .0         .0         .0         .0
    590.0000         .0         .0     -481.5         .0         .0         .0         .0
    595.0000         .0         .0     -481.5         .0         .0         .0         .0
    600.0000         .0         .0     -481.5         .0         .0         .0         .0
    602.5000         .0         .0     -481.5         .0         .0         .0         .0
    605.0000         .0         .0     -481.5         .0         .0         .0         .0
end
