


                       Node(122)                     Node(123)                     Node(124)

     time        hNew    theta    Temp         hNew    theta    Temp         hNew    theta    Temp    
       .000     -3.300   .3701   20.000      -21.000   .3689   20.000      -21.000   .3689   20.000
       .002     -3.300   .3701   20.000      -21.040   .3689   20.000      -21.006   .3689   20.000
       .004     -3.300   .3701   20.000      -21.065   .3689   20.000      -21.014   .3689   20.000
       .007     -3.300   .3701   20.000      -21.083   .3689   20.000      -21.023   .3689   20.000
       .010     -3.301   .3701   20.000      -21.097   .3689   20.000      -21.032   .3689   20.000
       .014     -3.304   .3701   20.000      -21.109   .3689   20.000      -21.041   .3689   20.000
       .020     -3.308   .3701   20.000      -21.120   .3689   20.000      -21.052   .3689   20.000
       .028     -3.315   .3701   20.000      -21.132   .3689   20.000      -21.063   .3689   20.000
       .039     -3.327   .3701   20.000      -21.149   .3689   20.000      -21.079   .3689   20.000
       .050     -3.340   .3701   20.000      -21.164   .3689   20.000      -21.095   .3689   20.000
       .063     -3.355   .3701   20.000      -21.181   .3689   20.000      -21.112   .3689   20.000
       .079     -3.376   .3701   20.000      -21.203   .3689   20.000      -21.134   .3689   20.000
       .100     -3.404   .3701   20.000      -21.232   .3689   20.000      -21.163   .3689   20.000
       .128     -3.439   .3701   20.000      -21.268   .3689   20.000      -21.199   .3689   20.000
       .164     -3.486   .3701   20.000      -21.315   .3689   20.000      -21.247   .3689   20.000
       .210     -3.547   .3701   20.000      -21.376   .3689   20.000      -21.307   .3689   20.000
       .271     -3.625   .3701   20.000      -21.454   .3689   20.000      -21.386   .3689   20.000
       .352     -3.728   .3701   20.000      -21.556   .3689   20.000      -21.489   .3689   20.000
       .460     -3.863   .3701   20.000      -21.690   .3688   20.000      -21.623   .3689   20.000
       .595     -4.028   .3701   20.000      -21.854   .3688   20.000      -21.788   .3688   20.000
       .798     -4.265   .3701   20.000      -22.091   .3688   20.000      -22.026   .3688   20.000
      1.000     -4.497   .3701   20.000      -22.322   .3688   20.000      -22.258   .3688   20.000
      1.222     -4.744   .3701   20.000      -22.567   .3687   20.000      -22.504   .3687   20.000
      1.519     -5.054   .3701   20.000      -22.876   .3687   20.000      -22.814   .3687   20.000
      1.889     -5.423   .3700   20.000      -23.243   .3686   20.000      -23.183   .3686   20.000
      2.444     -5.939   .3700   20.000      -23.756   .3686   20.000      -23.698   .3686   20.000
      3.000     -6.416   .3700   20.000      -24.231   .3685   20.000      -24.174   .3685   20.000
      3.625     -6.912   .3700   20.000      -24.723   .3684   20.000      -24.669   .3684   20.000
      4.500     -7.535   .3700   20.000      -25.342   .3683   20.000      -25.290   .3683   20.000
      5.667     -8.280   .3700   20.000      -26.081   .3681   20.000      -26.032   .3681   20.000
      6.833     -8.950   .3700   20.000      -26.747   .3680   20.000      -26.701   .3680   20.000
      8.000     -9.554   .3699   20.000      -27.346   .3679   20.000      -27.303   .3679   20.000
      9.667    -10.298   .3699   20.000      -28.084   .3677   20.000      -28.044   .3677   20.000
     13.000    -11.493   .3698   20.000      -29.270   .3675   20.000      -29.235   .3675   20.000
     16.333    -12.497   .3698   20.000      -30.264   .3673   20.000      -30.234   .3673   20.000
     19.667    -13.316   .3697   20.000      -31.076   .3671   20.000      -31.050   .3671   20.000
     23.000    -13.996   .3697   20.000      -31.749   .3669   20.000      -31.725   .3669   20.000
     25.000    -14.361   .3697   20.000      -32.111   .3668   20.000      -32.089   .3668   20.000
     25.002    -14.367   .3697   20.000      -32.161   .3668   20.000      -32.098   .3668   20.000
     25.005    -14.368   .3697   20.000      -32.210   .3668   20.000      -32.108   .3668   20.000
     25.008    -14.369   .3697   20.000      -32.249   .3668   20.000      -32.122   .3668   20.000
     25.012    -14.369   .3697   20.000      -32.280   .3668   20.000      -32.138   .3668   20.000
     25.018    -14.371   .3697   20.000      -32.306   .3667   20.000      -32.156   .3668   20.000
     25.026    -14.373   .3697   20.000      -32.329   .3667   20.000      -32.174   .3668   20.000
     25.035    -14.377   .3697   20.000      -32.352   .3667   20.000      -32.193   .3668   20.000
     25.048    -14.384   .3697   20.000      -32.375   .3667   20.000      -32.215   .3668   20.000
     25.064    -14.396   .3697   20.000      -32.401   .3667   20.000      -32.241   .3668   20.000
     25.085    -14.414   .3696   20.000      -32.433   .3667   20.000      -32.272   .3668   20.000
     25.113    -14.440   .3696   20.000      -32.472   .3667   20.000      -32.311   .3667   20.000
     25.149    -14.478   .3696   20.000      -32.521   .3667   20.000      -32.360   .3667   20.000
     25.195    -14.532   .3696   20.000      -32.582   .3667   20.000      -32.422   .3667   20.000
     25.256    -14.604   .3696   20.000      -32.661   .3667   20.000      -32.501   .3667   20.000
     25.334    -14.700   .3696   20.000      -32.760   .3666   20.000      -32.601   .3667   20.000
     25.437    -14.826   .3696   20.000      -32.888   .3666   20.000      -32.729   .3666   20.000
     25.571    -14.990   .3696   20.000      -33.053   .3665   20.000      -32.894   .3666   20.000
     25.745    -15.200   .3696   20.000      -33.262   .3665   20.000      -33.104   .3665   20.000
     25.968    -15.463   .3696   20.000      -33.526   .3664   20.000      -33.369   .3665   20.000
     26.255    -15.795   .3695   20.000      -33.856   .3663   20.000      -33.699   .3664   20.000
     26.638    -16.225   .3695   20.000      -34.283   .3662   20.000      -34.128   .3663   20.000
     27.126    -16.750   .3694   20.000      -34.806   .3661   20.000      -34.652   .3661   20.000
     27.735    -17.377   .3694   20.000      -35.429   .3659   20.000      -35.278   .3659   20.000
     28.588    -18.198   .3693   20.000      -36.246   .3657   20.000      -36.098   .3657   20.000
     29.725    -19.218   .3692   20.000      -37.260   .3654   20.000      -37.115   .3655   20.000
     30.863    -20.176   .3690   20.000      -38.214   .3651   20.000      -38.072   .3652   20.000
     32.000    -21.068   .3689   20.000      -39.100   .3648   20.000      -38.961   .3648   20.000
     34.000    -22.460   .3687   20.000      -40.484   .3643   20.000      -40.350   .3643   20.000
     36.000    -23.742   .3686   20.000      -41.760   .3638   20.000      -41.630   .3639   20.000
     40.000    -25.872   .3682   20.000      -43.873   .3630   20.000      -43.751   .3631   20.000
     44.500    -27.851   .3678   20.000      -45.834   .3623   20.000      -45.720   .3624   20.000
     49.000    -29.545   .3675   20.000      -47.512   .3617   20.000      -47.405   .3618   20.000
     54.000    -31.173   .3670   20.000      -49.125   .3609   20.000      -49.025   .3610   20.000
     57.500    -32.207   .3668   20.000      -50.149   .3604   20.000      -50.053   .3605   20.000
     61.000    -33.190   .3665   20.000      -51.121   .3599   20.000      -51.030   .3600   20.000
     66.000    -34.429   .3662   20.000      -52.347   .3593   20.000      -52.262   .3594   20.000
     69.400    -35.218   .3660   20.000      -53.127   .3590   20.000      -53.046   .3590   20.000
     72.800    -35.935   .3658   20.000      -53.836   .3586   20.000      -53.758   .3587   20.000
     73.000    -35.982   .3658   20.000      -53.881   .3586   20.000      -53.803   .3586   20.000
     73.002    -35.982   .3658   20.000      -53.923   .3586   20.000      -53.805   .3586   20.000
     73.005    -35.983   .3658   20.000      -53.990   .3585   20.000      -53.810   .3586   20.000
     73.008    -35.983   .3658   20.000      -54.060   .3585   20.000      -53.820   .3586   20.000
     73.012    -35.984   .3658   20.000      -54.128   .3585   20.000      -53.837   .3586   20.000
     73.018    -35.986   .3658   20.000      -54.190   .3584   20.000      -53.860   .3586   20.000
     73.025    -35.987   .3658   20.000      -54.246   .3584   20.000      -53.888   .3586   20.000
     73.035    -35.989   .3658   20.000      -54.298   .3584   20.000      -53.920   .3586   20.000
     73.048    -35.992   .3658   20.000      -54.348   .3584   20.000      -53.954   .3586   20.000
     73.065    -35.996   .3658   20.000      -54.396   .3583   20.000      -53.992   .3585   20.000
     73.087    -36.003   .3658   20.000      -54.445   .3583   20.000      -54.035   .3585   20.000
     73.115    -36.013   .3658   20.000      -54.496   .3583   20.000      -54.082   .3585   20.000
     73.158    -36.033   .3658   20.000      -54.561   .3583   20.000      -54.145   .3585   20.000
     73.200    -36.057   .3657   20.000      -54.620   .3582   20.000      -54.204   .3584   20.000
     73.247    -36.088   .3657   20.000      -54.683   .3582   20.000      -54.266   .3584   20.000
     73.310    -36.134   .3657   20.000      -54.763   .3582   20.000      -54.346   .3584   20.000
     73.386    -36.196   .3657   20.000      -54.857   .3581   20.000      -54.439   .3583   20.000
     73.489    -36.286   .3657   20.000      -54.976   .3581   20.000      -54.559   .3583   20.000
     73.617    -36.406   .3657   20.000      -55.121   .3580   20.000      -54.703   .3582   20.000
     73.808    -36.593   .3656   20.000      -55.330   .3579   20.000      -54.913   .3581   20.000
     74.000    -36.782   .3656   20.000      -55.534   .3578   20.000      -55.117   .3580   20.000
     74.222    -37.005   .3655   20.000      -55.766   .3577   20.000      -55.349   .3579   20.000
     74.519    -37.304   .3654   20.000      -56.071   .3575   20.000      -55.654   .3577   20.000
     74.889    -37.675   .3653   20.000      -56.446   .3573   20.000      -56.028   .3575   20.000
     75.444    -38.219   .3651   20.000      -56.993   .3571   20.000      -56.575   .3573   20.000
     76.000    -38.756   .3649   20.000      -57.532   .3568   20.000      -57.114   .3570   20.000
     76.640    -39.363   .3647   20.000      -58.139   .3565   20.000      -57.720   .3567   20.000
     77.493    -40.146   .3644   20.000      -58.921   .3561   20.000      -58.502   .3563   20.000
     78.609    -41.137   .3640   20.000      -59.911   .3556   20.000      -59.492   .3558   20.000
     80.097    -42.400   .3636   20.000      -61.175   .3549   20.000      -60.755   .3551   20.000
     82.081    -43.956   .3630   20.000      -62.734   .3539   20.000      -62.314   .3542   20.000
     84.561    -45.773   .3623   20.000      -64.560   .3528   20.000      -64.140   .3530   20.000
     88.280    -48.273   .3613   20.000      -67.076   .3512   20.000      -66.655   .3514   20.000
     92.000    -50.592   .3602   20.000      -69.406   .3497   20.000      -68.984   .3500   20.000
     96.000    -52.915   .3591   20.000      -71.731   .3483   20.000      -71.309   .3485   20.000
    100.000    -55.057   .3580   20.000      -73.871   .3469   20.000      -73.448   .3472   20.000
    105.000    -57.499   .3568   20.000      -76.312   .3453   20.000      -75.890   .3457   20.000
    110.000    -59.732   .3557   20.000      -78.548   .3437   20.000      -78.128   .3440   20.000
    112.500    -60.796   .3551   20.000      -79.615   .3429   20.000      -79.197   .3432   20.000
    115.000    -61.829   .3544   20.000      -80.644   .3421   20.000      -80.228   .3424   20.000
    120.000    -63.812   .3532   20.000      -82.617   .3407   20.000      -82.204   .3410   20.000
    125.000    -65.655   .3521   20.000      -84.452   .3393   20.000      -84.042   .3396   20.000
    130.000    -67.397   .3510   20.000      -86.183   .3380   20.000      -85.778   .3383   20.000
    135.000    -69.064   .3499   20.000      -87.842   .3368   20.000      -87.441   .3371   20.000
    140.000    -70.635   .3490   20.000      -89.407   .3357   20.000      -89.008   .3359   20.000
    145.000    -72.115   .3480   20.000      -90.883   .3346   20.000      -90.487   .3348   20.000
    147.500    -72.826   .3476   20.000      -91.593   .3340   20.000      -91.198   .3343   20.000
    150.000    -73.522   .3472   20.000      -92.284   .3335   20.000      -91.891   .3338   20.000
    154.833    -74.800   .3464   20.000      -93.554   .3326   20.000      -93.165   .3329   20.000
    159.667    -76.026   .3456   20.000      -94.773   .3317   20.000      -94.387   .3320   20.000
    164.500    -77.180   .3447   20.000      -95.920   .3308   20.000      -95.538   .3311   20.000
    169.333    -78.291   .3439   20.000      -97.015   .3299   20.000      -96.640   .3302   20.000
    174.167    -79.375   .3431   20.000      -98.079   .3291   20.000      -97.710   .3294   20.000
    179.000    -80.411   .3423   20.000      -99.098   .3283   20.000      -98.736   .3285   20.000
    184.000    -81.436   .3415   20.000     -100.106   .3275   20.000      -99.751   .3277   20.000
    189.000    -82.418   .3408   20.000     -101.071   .3267   20.000     -100.722   .3270   20.000
    194.000    -83.359   .3401   20.000     -101.994   .3260   20.000     -101.653   .3262   20.000
    197.000    -83.910   .3397   20.000     -102.535   .3255   20.000     -102.198   .3258   20.000
    200.000    -84.445   .3393   20.000     -103.061   .3251   20.000     -102.727   .3254   20.000
    205.000    -85.302   .3387   20.000     -103.900   .3244   20.000     -103.573   .3247   20.000
    210.000    -86.127   .3381   20.000     -104.707   .3238   20.000     -104.387   .3240   20.000
    213.500    -86.689   .3377   20.000     -105.256   .3234   20.000     -104.941   .3236   20.000
    217.000    -87.233   .3373   20.000     -105.789   .3229   20.000     -105.478   .3232   20.000
    217.002    -87.234   .3373   20.000     -105.800   .3229   20.000     -105.479   .3232   20.000
    217.005    -87.234   .3373   20.000     -105.845   .3229   20.000     -105.480   .3232   20.000
    217.008    -87.234   .3373   20.000     -105.931   .3228   20.000     -105.481   .3232   20.000
    217.012    -87.235   .3373   20.000     -106.057   .3227   20.000     -105.484   .3232   20.000
    217.018    -87.236   .3373   20.000     -106.216   .3226   20.000     -105.493   .3232   20.000
    217.026    -87.237   .3373   20.000     -106.397   .3224   20.000     -105.510   .3231   20.000
    217.035    -87.239   .3372   20.000     -106.593   .3223   20.000     -105.540   .3231   20.000
    217.048    -87.241   .3372   20.000     -106.797   .3221   20.000     -105.588   .3231   20.000
    217.064    -87.243   .3372   20.000     -107.003   .3220   20.000     -105.653   .3230   20.000
    217.085    -87.246   .3372   20.000     -107.205   .3218   20.000     -105.735   .3230   20.000
    217.112    -87.251   .3372   20.000     -107.410   .3216   20.000     -105.837   .3229   20.000
    217.148    -87.256   .3372   20.000     -107.606   .3215   20.000     -105.950   .3228   20.000
    217.192    -87.263   .3372   20.000     -107.791   .3213   20.000     -106.071   .3227   20.000
    217.253    -87.273   .3372   20.000     -107.985   .3212   20.000     -106.214   .3226   20.000
    217.336    -87.288   .3372   20.000     -108.183   .3210   20.000     -106.373   .3225   20.000
    217.418    -87.306   .3372   20.000     -108.347   .3209   20.000     -106.514   .3223   20.000
    217.500    -87.325   .3372   20.000     -108.490   .3208   20.000     -106.644   .3222   20.000
    217.634    -87.364   .3372   20.000     -108.695   .3206   20.000     -106.835   .3221   20.000
    217.807    -87.426   .3371   20.000     -108.935   .3204   20.000     -107.065   .3219   20.000
    218.033    -87.524   .3370   20.000     -109.224   .3202   20.000     -107.345   .3217   20.000
    218.326    -87.674   .3369   20.000     -109.575   .3199   20.000     -107.687   .3214   20.000
    218.705    -87.898   .3368   20.000     -110.004   .3196   20.000     -108.103   .3211   20.000
    219.199    -88.225   .3365   20.000     -110.529   .3192   20.000     -108.613   .3207   20.000
    219.831    -88.678   .3362   20.000     -111.164   .3186   20.000     -109.231   .3202   20.000
    220.674    -89.316   .3357   20.000     -111.972   .3180   20.000     -110.016   .3196   20.000
    221.776    -90.179   .3351   20.000     -112.988   .3172   20.000     -111.002   .3188   20.000
    223.245    -91.341   .3342   20.000     -114.300   .3162   20.000     -112.273   .3178   20.000
    225.204    -92.880   .3331   20.000     -116.000   .3148   20.000     -113.916   .3164   20.000
    227.163    -94.391   .3319   20.000     -117.668   .3135   20.000     -115.523   .3152   20.000
    229.122    -95.874   .3308   20.000     -119.314   .3121   20.000     -117.103   .3139   20.000
    231.082    -97.335   .3297   20.000     -120.939   .3109   20.000     -118.662   .3127   20.000
    233.041    -98.780   .3285   20.000     -122.529   .3097   20.000     -120.204   .3114   20.000
    235.000   -100.206   .3274   20.000     -124.085   .3085   20.000     -121.728   .3103   20.000
    237.429   -101.946   .3260   20.000     -125.971   .3071   20.000     -123.577   .3089   20.000
    239.857   -103.654   .3246   20.000     -127.822   .3057   20.000     -125.391   .3075   20.000
    242.286   -105.334   .3233   20.000     -129.637   .3043   20.000     -127.168   .3062   20.000
    244.714   -106.988   .3220   20.000     -131.419   .3029   20.000     -128.911   .3048   20.000
    247.143   -108.616   .3207   20.000     -133.170   .3016   20.000     -130.621   .3036   20.000
    249.571   -110.220   .3194   20.000     -134.892   .3003   20.000     -132.299   .3023   20.000
    252.000   -111.800   .3181   20.000     -136.586   .2990   20.000     -133.947   .3010   20.000
    254.429   -113.356   .3169   20.000     -138.253   .2978   20.000     -135.566   .2998   20.000
    256.857   -114.890   .3157   20.000     -139.895   .2965   20.000     -137.156   .2986   20.000
    259.286   -116.402   .3145   20.000     -141.512   .2953   20.000     -138.719   .2974   20.000
    261.714   -117.891   .3133   20.000     -143.106   .2941   20.000     -140.255   .2963   20.000
    264.143   -119.358   .3121   20.000     -144.678   .2929   20.000     -141.765   .2951   20.000
    266.571   -120.801   .3110   20.000     -146.228   .2917   20.000     -143.249   .2940   20.000
    269.000   -122.216   .3099   20.000     -147.758   .2906   20.000     -144.708   .2929   20.000
    271.333   -123.542   .3089   20.000     -149.213   .2895   20.000     -146.088   .2919   20.000
    273.667   -124.840   .3079   20.000     -150.662   .2884   20.000     -147.453   .2908   20.000
    276.000   -126.115   .3070   20.000     -152.117   .2873   20.000     -148.820   .2898   20.000
    278.333   -127.369   .3060   20.000     -153.557   .2864   20.000     -150.188   .2888   20.000
    280.667   -128.606   .3051   20.000     -154.964   .2855   20.000     -151.554   .2877   20.000
    283.000   -129.827   .3042   20.000     -156.340   .2847   20.000     -152.911   .2868   20.000
    285.333   -131.033   .3032   20.000     -157.688   .2838   20.000     -154.246   .2860   20.000
    287.667   -132.224   .3023   20.000     -159.009   .2830   20.000     -155.555   .2852   20.000
    290.000   -133.401   .3014   20.000     -160.305   .2822   20.000     -156.841   .2843   20.000
    292.333   -134.564   .3006   20.000     -161.577   .2814   20.000     -158.102   .2836   20.000
    294.667   -135.714   .2997   20.000     -162.827   .2806   20.000     -159.340   .2828   20.000
    297.000   -136.851   .2988   20.000     -164.054   .2798   20.000     -160.556   .2820   20.000
    300.000   -138.292   .2977   20.000     -165.597   .2788   20.000     -162.084   .2811   20.000
    302.600   -139.528   .2968   20.000     -166.910   .2780   20.000     -163.384   .2802   20.000
    305.200   -140.751   .2959   20.000     -168.201   .2772   20.000     -164.661   .2794   20.000
    307.800   -141.962   .2950   20.000     -169.469   .2764   20.000     -165.914   .2786   20.000
    310.400   -143.163   .2941   20.000     -170.715   .2756   20.000     -167.146   .2779   20.000
    313.000   -144.353   .2932   20.000     -171.941   .2749   20.000     -168.356   .2771   20.000
    315.318   -145.408   .2924   20.000     -173.018   .2742   20.000     -169.419   .2764   20.000
    318.630   -146.897   .2912   20.000     -174.524   .2732   20.000     -170.904   .2755   20.000
    321.942   -148.374   .2901   20.000     -176.003   .2723   20.000     -172.361   .2746   20.000
    325.253   -149.843   .2890   20.000     -177.453   .2714   20.000     -173.788   .2737   20.000
    328.565   -151.303   .2879   20.000     -178.877   .2705   20.000     -175.188   .2728   20.000
    331.877   -152.749   .2869   20.000     -180.275   .2696   20.000     -176.561   .2720   20.000
    335.188   -154.150   .2860   20.000     -181.646   .2688   20.000     -177.905   .2711   20.000
    338.500   -155.494   .2852   20.000     -182.986   .2679   20.000     -179.218   .2703   20.000
    339.000   -155.694   .2851   20.000     -183.187   .2678   20.000     -179.416   .2702   20.000
    339.002   -155.681   .2851   20.000     -183.186   .2678   20.000     -179.424   .2702   20.000
    339.005   -155.682   .2851   20.000     -183.192   .2678   20.000     -179.425   .2702   20.000
    339.008   -155.683   .2851   20.000     -183.213   .2678   20.000     -179.426   .2702   20.000
    339.012   -155.685   .2851   20.000     -183.272   .2678   20.000     -179.428   .2702   20.000
    339.018   -155.687   .2851   20.000     -183.407   .2677   20.000     -179.430   .2702   20.000
    339.026   -155.690   .2851   20.000     -183.660   .2675   20.000     -179.434   .2702   20.000
    339.035   -155.694   .2851   20.000     -184.074   .2673   20.000     -179.439   .2702   20.000
    339.048   -155.699   .2851   20.000     -184.682   .2669   20.000     -179.450   .2702   20.000
    339.060   -155.704   .2851   20.000     -185.317   .2665   20.000     -179.466   .2701   20.000
    339.077   -155.711   .2851   20.000     -186.138   .2660   20.000     -179.497   .2701   20.000
    339.093   -155.718   .2850   20.000     -186.931   .2655   20.000     -179.540   .2701   20.000
    339.114   -155.726   .2850   20.000     -187.888   .2649   20.000     -179.615   .2700   20.000
    339.136   -155.735   .2850   20.000     -188.782   .2643   20.000     -179.706   .2700   20.000
    339.163   -155.746   .2850   20.000     -189.841   .2636   20.000     -179.845   .2699   20.000
    339.191   -155.758   .2850   20.000     -190.803   .2630   20.000     -180.000   .2698   20.000
    339.219   -155.769   .2850   20.000     -191.667   .2625   20.000     -180.165   .2697   20.000
    339.255   -155.783   .2850   20.000     -192.664   .2620   20.000     -180.384   .2696   20.000
    339.290   -155.798   .2850   20.000     -193.546   .2616   20.000     -180.607   .2694   20.000
    339.337   -155.817   .2850   20.000     -194.537   .2611   20.000     -180.895   .2692   20.000
    339.383   -155.835   .2850   20.000     -195.408   .2607   20.000     -181.179   .2691   20.000
    339.430   -155.854   .2850   20.000     -196.175   .2604   20.000     -181.453   .2689   20.000
    339.489   -155.878   .2849   20.000     -197.026   .2600   20.000     -181.785   .2687   20.000
    339.549   -155.902   .2849   20.000     -197.776   .2597   20.000     -182.102   .2685   20.000
    339.608   -155.926   .2849   20.000     -198.444   .2593   20.000     -182.402   .2683   20.000
    339.689   -155.959   .2849   20.000     -199.230   .2590   20.000     -182.783   .2681   20.000
    339.770   -155.992   .2849   20.000     -199.921   .2587   20.000     -183.139   .2678   20.000
    339.851   -156.025   .2849   20.000     -200.537   .2584   20.000     -183.473   .2676   20.000
    339.932   -156.058   .2848   20.000     -201.093   .2581   20.000     -183.787   .2674   20.000
    340.027   -156.097   .2848   20.000     -201.669   .2579   20.000     -184.130   .2672   20.000
    340.122   -156.136   .2848   20.000     -202.193   .2576   20.000     -184.455   .2670   20.000
    340.248   -156.189   .2848   20.000     -202.809   .2573   20.000     -184.858   .2668   20.000
    340.374   -156.244   .2847   20.000     -203.369   .2571   20.000     -185.240   .2665   20.000
    340.500   -156.299   .2847   20.000     -203.882   .2568   20.000     -185.604   .2663   20.000
    340.633   -156.360   .2846   20.000     -204.378   .2566   20.000     -185.969   .2661   20.000
    340.765   -156.421   .2846   20.000     -204.841   .2564   20.000     -186.320   .2658   20.000
    340.898   -156.485   .2846   20.000     -205.279   .2562   20.000     -186.657   .2656   20.000
    341.030   -156.551   .2845   20.000     -205.698   .2560   20.000     -186.985   .2654   20.000
    341.163   -156.618   .2845   20.000     -206.101   .2558   20.000     -187.303   .2652   20.000
    341.295   -156.688   .2844   20.000     -206.490   .2556   20.000     -187.615   .2650   20.000
    341.428   -156.760   .2844   20.000     -206.868   .2555   20.000     -187.921   .2648   20.000
    341.560   -156.833   .2843   20.000     -207.235   .2553   20.000     -188.225   .2646   20.000
    341.693   -156.909   .2843   20.000     -207.593   .2551   20.000     -188.529   .2645   20.000
    341.825   -156.987   .2843   20.000     -207.942   .2550   20.000     -188.827   .2643   20.000
    341.958   -157.067   .2842   20.000     -208.283   .2548   20.000     -189.121   .2641   20.000
    342.090   -157.148   .2842   20.000     -208.617   .2547   20.000     -189.410   .2639   20.000
    342.223   -157.232   .2841   20.000     -208.946   .2545   20.000     -189.696   .2637   20.000
    342.356   -157.317   .2840   20.000     -209.270   .2544   20.000     -189.979   .2635   20.000
    342.488   -157.404   .2840   20.000     -209.589   .2542   20.000     -190.261   .2634   20.000
    342.621   -157.493   .2839   20.000     -209.904   .2541   20.000     -190.540   .2632   20.000
    342.753   -157.583   .2839   20.000     -210.214   .2539   20.000     -190.818   .2630   20.000
    342.886   -157.675   .2838   20.000     -210.521   .2538   20.000     -191.093   .2628   20.000
    343.018   -157.768   .2838   20.000     -210.824   .2536   20.000     -191.366   .2627   20.000
    343.151   -157.863   .2837   20.000     -211.125   .2535   20.000     -191.642   .2625   20.000
    343.283   -157.960   .2836   20.000     -211.423   .2534   20.000     -191.920   .2623   20.000
    343.416   -158.057   .2836   20.000     -211.718   .2532   20.000     -192.196   .2622   20.000
    343.548   -158.156   .2835   20.000     -212.012   .2531   20.000     -192.465   .2621   20.000
    343.721   -158.287   .2834   20.000     -212.389   .2529   20.000     -192.809   .2619   20.000
    343.894   -158.420   .2834   20.000     -212.767   .2528   20.000     -193.156   .2618   20.000
    344.067   -158.554   .2833   20.000     -213.140   .2526   20.000     -193.498   .2616   20.000
    344.240   -158.691   .2832   20.000     -213.510   .2524   20.000     -193.840   .2615   20.000
    344.413   -158.829   .2831   20.000     -213.877   .2522   20.000     -194.179   .2613   20.000
    344.585   -158.969   .2830   20.000     -214.240   .2521   20.000     -194.515   .2612   20.000
    344.758   -159.110   .2829   20.000     -214.603   .2519   20.000     -194.853   .2610   20.000
    344.931   -159.252   .2828   20.000     -214.964   .2517   20.000     -195.189   .2608   20.000
    345.104   -159.396   .2827   20.000     -215.322   .2516   20.000     -195.519   .2607   20.000
    345.277   -159.541   .2826   20.000     -215.678   .2514   20.000     -195.847   .2605   20.000
    345.450   -159.687   .2826   20.000     -216.030   .2512   20.000     -196.173   .2604   20.000
    345.623   -159.834   .2825   20.000     -216.380   .2511   20.000     -196.498   .2602   20.000
    345.795   -159.982   .2824   20.000     -216.727   .2509   20.000     -196.820   .2601   20.000
    345.968   -160.132   .2823   20.000     -217.072   .2508   20.000     -197.139   .2599   20.000
    346.141   -160.282   .2822   20.000     -217.415   .2506   20.000     -197.458   .2598   20.000
    346.314   -160.433   .2821   20.000     -217.757   .2505   20.000     -197.776   .2597   20.000
    346.487   -160.584   .2820   20.000     -218.097   .2503   20.000     -198.090   .2595   20.000
    346.660   -160.737   .2819   20.000     -218.434   .2501   20.000     -198.401   .2594   20.000
    346.833   -160.890   .2818   20.000     -218.768   .2500   20.000     -198.710   .2592   20.000
    347.005   -161.044   .2817   20.000     -219.103   .2498   20.000     -199.016   .2591   20.000
    347.178   -161.199   .2816   20.000     -219.438   .2497   20.000     -199.320   .2589   20.000
    347.351   -161.354   .2815   20.000     -219.771   .2495   20.000     -199.621   .2588   20.000
    347.524   -161.510   .2814   20.000     -220.103   .2494   20.000     -199.921   .2587   20.000
    347.697   -161.666   .2813   20.000     -220.433   .2492   20.000     -200.219   .2585   20.000
    347.870   -161.823   .2812   20.000     -220.761   .2491   20.000     -200.514   .2584   20.000
    348.043   -161.981   .2811   20.000     -221.088   .2489   20.000     -200.808   .2583   20.000
    348.273   -162.191   .2810   20.000     -221.513   .2487   20.000     -201.193   .2581   20.000
    348.504   -162.403   .2809   20.000     -221.940   .2485   20.000     -201.576   .2579   20.000
    348.734   -162.615   .2807   20.000     -222.363   .2483   20.000     -201.956   .2577   20.000
    348.965   -162.828   .2806   20.000     -222.784   .2481   20.000     -202.332   .2576   20.000
    349.195   -163.042   .2805   20.000     -223.200   .2479   20.000     -202.704   .2574   20.000
    349.426   -163.256   .2803   20.000     -223.612   .2478   20.000     -203.074   .2572   20.000
    349.656   -163.471   .2802   20.000     -224.021   .2476   20.000     -203.440   .2570   20.000
    349.887   -163.686   .2800   20.000     -224.429   .2474   20.000     -203.802   .2569   20.000
    350.117   -163.901   .2799   20.000     -224.836   .2472   20.000     -204.161   .2567   20.000
    350.348   -164.117   .2798   20.000     -225.239   .2470   20.000     -204.518   .2565   20.000
    350.578   -164.333   .2796   20.000     -225.639   .2468   20.000     -204.872   .2564   20.000
    350.809   -164.550   .2795   20.000     -226.035   .2466   20.000     -205.223   .2562   20.000
    351.039   -164.767   .2794   20.000     -226.427   .2465   20.000     -205.570   .2561   20.000
    351.270   -164.984   .2792   20.000     -226.818   .2463   20.000     -205.914   .2559   20.000
    351.500   -165.201   .2791   20.000     -227.210   .2461   20.000     -206.255   .2557   20.000
    351.723   -165.411   .2790   20.000     -227.590   .2459   20.000     -206.583   .2556   20.000
    351.946   -165.622   .2788   20.000     -227.970   .2458   20.000     -206.909   .2554   20.000
    352.240   -165.899   .2787   20.000     -228.456   .2455   20.000     -207.332   .2553   20.000
    352.534   -166.176   .2785   20.000     -228.944   .2453   20.000     -207.753   .2551   20.000
    352.828   -166.454   .2783   20.000     -229.427   .2451   20.000     -208.169   .2549   20.000
    353.122   -166.731   .2781   20.000     -229.908   .2449   20.000     -208.582   .2547   20.000
    353.416   -167.009   .2780   20.000     -230.387   .2446   20.000     -208.992   .2545   20.000
    353.710   -167.286   .2778   20.000     -230.863   .2444   20.000     -209.398   .2543   20.000
    354.004   -167.563   .2776   20.000     -231.339   .2442   20.000     -209.801   .2541   20.000
    354.298   -167.840   .2774   20.000     -231.809   .2440   20.000     -210.200   .2539   20.000
    354.592   -168.116   .2773   20.000     -232.279   .2438   20.000     -210.596   .2538   20.000
    354.886   -168.392   .2771   20.000     -232.745   .2436   20.000     -210.988   .2536   20.000
    355.180   -168.668   .2769   20.000     -233.206   .2433   20.000     -211.377   .2534   20.000
    355.474   -168.944   .2767   20.000     -233.664   .2431   20.000     -211.763   .2532   20.000
    355.768   -169.219   .2766   20.000     -234.122   .2429   20.000     -212.145   .2530   20.000
    356.062   -169.494   .2764   20.000     -234.580   .2427   20.000     -212.524   .2529   20.000
    356.356   -169.768   .2762   20.000     -235.036   .2425   20.000     -212.899   .2527   20.000
    356.650   -170.042   .2761   20.000     -235.493   .2423   20.000     -213.272   .2525   20.000
    356.944   -170.316   .2759   20.000     -235.959   .2421   20.000     -213.642   .2523   20.000
    357.316   -170.661   .2757   20.000     -236.529   .2418   20.000     -214.104   .2521   20.000
    357.687   -171.004   .2755   20.000     -237.103   .2415   20.000     -214.562   .2519   20.000
    358.058   -171.348   .2752   20.000     -237.672   .2413   20.000     -215.016   .2517   20.000
    358.430   -171.690   .2750   20.000     -238.237   .2410   20.000     -215.466   .2515   20.000
    358.801   -172.031   .2748   20.000     -238.803   .2408   20.000     -215.912   .2513   20.000
    359.172   -172.372   .2746   20.000     -239.365   .2405   20.000     -216.355   .2511   20.000
    359.544   -172.711   .2744   20.000     -239.923   .2403   20.000     -216.793   .2509   20.000
    359.915   -173.050   .2742   20.000     -240.477   .2400   20.000     -217.228   .2507   20.000
    360.286   -173.389   .2740   20.000     -241.027   .2397   20.000     -217.659   .2505   20.000
    360.658   -173.726   .2737   20.000     -241.580   .2395   20.000     -218.086   .2503   20.000
    361.135   -174.157   .2735   20.000     -242.276   .2392   20.000     -218.629   .2501   20.000
    361.613   -174.588   .2732   20.000     -242.976   .2390   20.000     -219.165   .2498   20.000
    362.090   -175.018   .2729   20.000     -243.664   .2388   20.000     -219.695   .2496   20.000
    362.568   -175.446   .2727   20.000     -244.339   .2386   20.000     -220.221   .2493   20.000
    363.045   -175.872   .2724   20.000     -245.014   .2384   20.000     -220.742   .2491   20.000
    363.523   -176.298   .2721   20.000     -245.690   .2382   20.000     -221.259   .2488   20.000
    364.000   -176.722   .2719   20.000     -246.362   .2380   20.000     -221.772   .2486   20.000
    364.490   -177.156   .2716   20.000     -247.044   .2378   20.000     -222.295   .2484   20.000
    364.980   -177.589   .2713   20.000     -247.715   .2375   20.000     -222.814   .2481   20.000
    365.469   -178.020   .2710   20.000     -248.382   .2373   20.000     -223.329   .2479   20.000
    365.959   -178.450   .2708   20.000     -249.044   .2371   20.000     -223.839   .2477   20.000
    366.449   -178.879   .2705   20.000     -249.709   .2369   20.000     -224.345   .2474   20.000
    366.939   -179.307   .2702   20.000     -250.359   .2367   20.000     -224.849   .2472   20.000
    367.429   -179.733   .2700   20.000     -251.000   .2365   20.000     -225.349   .2470   20.000
    367.918   -180.159   .2697   20.000     -251.632   .2363   20.000     -225.847   .2467   20.000
    368.408   -180.585   .2694   20.000     -252.256   .2362   20.000     -226.341   .2465   20.000
    368.898   -181.009   .2692   20.000     -252.876   .2360   20.000     -226.832   .2463   20.000
    369.388   -181.433   .2689   20.000     -253.486   .2358   20.000     -227.321   .2461   20.000
    369.878   -181.856   .2686   20.000     -254.087   .2356   20.000     -227.807   .2458   20.000
    370.367   -182.279   .2684   20.000     -254.681   .2354   20.000     -228.291   .2456   20.000
    370.857   -182.702   .2681   20.000     -255.269   .2352   20.000     -228.771   .2454   20.000
    371.347   -183.124   .2678   20.000     -255.848   .2351   20.000     -229.249   .2452   20.000
    371.837   -183.547   .2676   20.000     -256.422   .2349   20.000     -229.723   .2449   20.000
    372.327   -183.969   .2673   20.000     -256.995   .2347   20.000     -230.193   .2447   20.000
    372.816   -184.392   .2670   20.000     -257.563   .2345   20.000     -230.661   .2445   20.000
    373.306   -184.815   .2668   20.000     -258.120   .2344   20.000     -231.130   .2443   20.000
    373.796   -185.238   .2665   20.000     -258.668   .2342   20.000     -231.598   .2441   20.000
    374.286   -185.663   .2663   20.000     -259.211   .2340   20.000     -232.064   .2439   20.000
    374.776   -186.088   .2660   20.000     -259.756   .2339   20.000     -232.527   .2437   20.000
    375.265   -186.516   .2657   20.000     -260.300   .2337   20.000     -232.992   .2434   20.000
    375.755   -186.944   .2654   20.000     -260.837   .2335   20.000     -233.457   .2432   20.000
    376.245   -187.373   .2652   20.000     -261.368   .2334   20.000     -233.920   .2430   20.000
    376.735   -187.806   .2649   20.000     -261.893   .2332   20.000     -234.381   .2428   20.000
    377.225   -188.241   .2646   20.000     -262.417   .2331   20.000     -234.839   .2426   20.000
    377.714   -188.678   .2644   20.000     -262.941   .2329   20.000     -235.295   .2424   20.000
    378.204   -189.121   .2641   20.000     -263.462   .2327   20.000     -235.750   .2422   20.000
    378.694   -189.568   .2638   20.000     -263.982   .2326   20.000     -236.207   .2420   20.000
    379.184   -190.018   .2635   20.000     -264.497   .2324   20.000     -236.667   .2418   20.000
    379.674   -190.472   .2632   20.000     -265.004   .2323   20.000     -237.140   .2415   20.000
    380.163   -190.946   .2629   20.000     -265.504   .2321   20.000     -237.611   .2413   20.000
    380.653   -191.427   .2626   20.000     -265.998   .2320   20.000     -238.080   .2411   20.000
    381.143   -191.901   .2624   20.000     -266.488   .2318   20.000     -238.547   .2409   20.000
    381.633   -192.396   .2621   20.000     -266.975   .2317   20.000     -239.014   .2407   20.000
    382.122   -192.883   .2619   20.000     -267.458   .2315   20.000     -239.480   .2405   20.000
    382.612   -193.353   .2617   20.000     -267.936   .2314   20.000     -239.945   .2402   20.000
    383.102   -193.813   .2615   20.000     -268.413   .2312   20.000     -240.418   .2400   20.000
    383.592   -194.264   .2613   20.000     -268.890   .2311   20.000     -240.890   .2398   20.000
    384.082   -194.708   .2611   20.000     -269.368   .2309   20.000     -241.365   .2396   20.000
    384.571   -195.146   .2609   20.000     -269.844   .2308   20.000     -241.842   .2394   20.000
    385.061   -195.578   .2607   20.000     -270.318   .2306   20.000     -242.326   .2392   20.000
    385.551   -196.005   .2605   20.000     -270.787   .2305   20.000     -242.810   .2390   20.000
    386.041   -196.427   .2603   20.000     -271.251   .2304   20.000     -243.290   .2389   20.000
    386.531   -196.845   .2601   20.000     -271.713   .2302   20.000     -243.770   .2388   20.000
    387.020   -197.259   .2599   20.000     -272.179   .2301   20.000     -244.254   .2386   20.000
    387.510   -197.668   .2597   20.000     -272.647   .2299   20.000     -244.736   .2385   20.000
    388.000   -198.074   .2595   20.000     -273.113   .2298   20.000     -245.217   .2383   20.000
    388.500   -198.484   .2593   20.000     -273.595   .2296   20.000     -245.709   .2382   20.000
    389.000   -198.891   .2591   20.000     -274.077   .2295   20.000     -246.203   .2380   20.000
    389.500   -199.293   .2590   20.000     -274.564   .2293   20.000     -246.694   .2379   20.000
    390.156   -199.813   .2587   20.000     -275.184   .2291   20.000     -247.333   .2377   20.000
    390.813   -200.331   .2585   20.000     -275.811   .2290   20.000     -247.970   .2375   20.000
    391.469   -200.842   .2582   20.000     -276.435   .2288   20.000     -248.606   .2373   20.000
    392.125   -201.349   .2580   20.000     -277.053   .2286   20.000     -249.237   .2371   20.000
    392.781   -201.850   .2578   20.000     -277.670   .2284   20.000     -249.867   .2369   20.000
    393.438   -202.347   .2575   20.000     -278.284   .2282   20.000     -250.494   .2367   20.000
    394.094   -202.839   .2573   20.000     -278.891   .2280   20.000     -251.112   .2365   20.000
    394.750   -203.326   .2571   20.000     -279.494   .2278   20.000     -251.727   .2363   20.000
    395.406   -203.809   .2569   20.000     -280.095   .2276   20.000     -252.335   .2361   20.000
    396.063   -204.287   .2567   20.000     -280.694   .2275   20.000     -252.937   .2360   20.000
    396.719   -204.762   .2564   20.000     -281.293   .2273   20.000     -253.536   .2358   20.000
    397.375   -205.232   .2562   20.000     -281.886   .2271   20.000     -254.129   .2356   20.000
    398.031   -205.699   .2560   20.000     -282.474   .2269   20.000     -254.718   .2354   20.000
    398.688   -206.162   .2558   20.000     -283.056   .2267   20.000     -255.300   .2352   20.000
    399.344   -206.621   .2556   20.000     -283.632   .2266   20.000     -255.876   .2351   20.000
    400.000   -207.076   .2554   20.000     -284.200   .2264   20.000     -256.446   .2349   20.000
    400.632   -207.511   .2552   20.000     -284.761   .2262   20.000     -256.992   .2347   20.000
    401.444   -208.065   .2549   20.000     -285.455   .2260   20.000     -257.680   .2345   20.000
    402.256   -208.614   .2547   20.000     -286.155   .2258   20.000     -258.363   .2343   20.000
    403.068   -209.159   .2544   20.000     -286.849   .2256   20.000     -259.040   .2341   20.000
    403.880   -209.698   .2542   20.000     -287.537   .2254   20.000     -259.710   .2339   20.000
    404.692   -210.233   .2539   20.000     -288.234   .2252   20.000     -260.372   .2337   20.000
    405.736   -210.913   .2536   20.000     -289.094   .2249   20.000     -261.208   .2334   20.000
    406.780   -211.586   .2533   20.000     -289.963   .2246   20.000     -262.038   .2332   20.000
    407.824   -212.251   .2530   20.000     -290.829   .2244   20.000     -262.857   .2329   20.000
    408.868   -212.910   .2527   20.000     -291.684   .2241   20.000     -263.665   .2327   20.000
    409.912   -213.563   .2524   20.000     -292.533   .2238   20.000     -264.463   .2324   20.000
    410.956   -214.209   .2521   20.000     -293.371   .2236   20.000     -265.248   .2322   20.000
    412.000   -214.849   .2518   20.000     -294.197   .2233   20.000     -266.022   .2320   20.000
    413.091   -215.511   .2515   20.000     -295.056   .2231   20.000     -266.818   .2317   20.000
    414.182   -216.166   .2512   20.000     -295.912   .2228   20.000     -267.603   .2315   20.000
    415.273   -216.816   .2509   20.000     -296.773   .2225   20.000     -268.377   .2312   20.000
    416.364   -217.460   .2506   20.000     -297.637   .2223   20.000     -269.141   .2310   20.000
    417.455   -218.097   .2503   20.000     -298.497   .2220   20.000     -269.895   .2308   20.000
    418.545   -218.730   .2500   20.000     -299.366   .2218   20.000     -270.641   .2305   20.000
    419.948   -219.533   .2496   20.000     -300.437   .2214   20.000     -271.581   .2303   20.000
    421.351   -220.328   .2493   20.000     -301.524   .2211   20.000     -272.508   .2300   20.000
    422.753   -221.116   .2489   20.000     -302.604   .2208   20.000     -273.421   .2297   20.000
    424.156   -221.897   .2486   20.000     -303.672   .2204   20.000     -274.320   .2294   20.000
    425.558   -222.671   .2482   20.000     -304.729   .2201   20.000     -275.205   .2291   20.000
    426.961   -223.439   .2478   20.000     -305.787   .2198   20.000     -276.076   .2289   20.000
    428.364   -224.200   .2475   20.000     -306.849   .2196   20.000     -276.934   .2286   20.000
    429.766   -224.957   .2471   20.000     -307.900   .2194   20.000     -277.782   .2284   20.000
    431.169   -225.708   .2468   20.000     -308.940   .2192   20.000     -278.621   .2281   20.000
    432.571   -226.454   .2465   20.000     -309.977   .2190   20.000     -279.449   .2278   20.000
    433.974   -227.196   .2461   20.000     -311.002   .2188   20.000     -280.269   .2276   20.000
    435.377   -227.934   .2458   20.000     -312.003   .2187   20.000     -281.081   .2273   20.000
    436.779   -228.669   .2454   20.000     -312.988   .2185   20.000     -281.884   .2271   20.000
    438.182   -229.401   .2451   20.000     -313.967   .2183   20.000     -282.678   .2269   20.000
    439.584   -230.131   .2448   20.000     -314.940   .2181   20.000     -283.462   .2266   20.000
    440.987   -230.860   .2444   20.000     -315.885   .2179   20.000     -284.239   .2264   20.000
    442.390   -231.587   .2441   20.000     -316.811   .2177   20.000     -285.008   .2261   20.000
    443.792   -232.315   .2438   20.000     -317.723   .2176   20.000     -285.773   .2259   20.000
    445.195   -233.045   .2434   20.000     -318.635   .2174   20.000     -286.532   .2257   20.000
    446.597   -233.762   .2431   20.000     -319.520   .2172   20.000     -287.285   .2254   20.000
    448.000   -234.481   .2428   20.000     -320.385   .2171   20.000     -288.031   .2252   20.000
    450.364   -235.708   .2422   20.000     -321.792   .2168   20.000     -289.264   .2248   20.000
    452.727   -236.965   .2416   20.000     -323.191   .2165   20.000     -290.484   .2245   20.000
    455.091   -238.248   .2410   20.000     -324.563   .2163   20.000     -291.688   .2241   20.000
    457.455   -239.570   .2404   20.000     -325.882   .2160   20.000     -292.891   .2237   20.000
    459.818   -240.949   .2398   20.000     -327.168   .2158   20.000     -294.084   .2234   20.000
    462.182   -242.454   .2392   20.000     -328.420   .2155   20.000     -295.279   .2230   20.000
    464.546   -244.010   .2387   20.000     -329.652   .2153   20.000     -296.465   .2226   20.000
    466.909   -245.439   .2382   20.000     -330.881   .2151   20.000     -297.644   .2223   20.000
    469.273   -246.801   .2378   20.000     -332.103   .2149   20.000     -298.827   .2219   20.000
    471.636   -248.111   .2374   20.000     -333.303   .2146   20.000     -300.052   .2215   20.000
    474.000   -249.380   .2370   20.000     -334.481   .2144   20.000     -301.278   .2212   20.000
    476.364   -250.612   .2367   20.000     -335.651   .2142   20.000     -302.502   .2208   20.000
    478.727   -251.811   .2363   20.000     -336.803   .2140   20.000     -303.735   .2204   20.000
    481.091   -252.979   .2359   20.000     -337.951   .2137   20.000     -304.980   .2200   20.000
    483.455   -254.120   .2356   20.000     -339.076   .2135   20.000     -306.247   .2198   20.000
    485.818   -255.234   .2353   20.000     -340.184   .2133   20.000     -307.509   .2195   20.000
    488.182   -256.323   .2349   20.000     -341.282   .2131   20.000     -308.769   .2193   20.000
    490.545   -257.389   .2346   20.000     -342.374   .2129   20.000     -310.028   .2190   20.000
    492.909   -258.434   .2343   20.000     -343.458   .2127   20.000     -311.283   .2188   20.000
    495.273   -259.458   .2340   20.000     -344.529   .2125   20.000     -312.525   .2186   20.000
    497.636   -260.462   .2337   20.000     -345.591   .2123   20.000     -313.755   .2183   20.000
    500.000   -261.449   .2333   20.000     -346.639   .2121   20.000     -314.974   .2181   20.000
    502.600   -262.513   .2330   20.000     -347.773   .2119   20.000     -316.289   .2179   20.000
    505.200   -263.557   .2327   20.000     -348.899   .2117   20.000     -317.581   .2176   20.000
    507.800   -264.584   .2324   20.000     -350.022   .2115   20.000     -318.851   .2174   20.000
    510.400   -265.592   .2321   20.000     -351.131   .2112   20.000     -320.099   .2171   20.000
    513.000   -266.584   .2318   20.000     -352.226   .2110   20.000     -321.322   .2169   20.000
    515.429   -267.497   .2315   20.000     -353.255   .2108   20.000     -322.448   .2167   20.000
    518.586   -268.662   .2311   20.000     -354.521   .2106   20.000     -323.863   .2164   20.000
    521.743   -269.806   .2308   20.000     -355.787   .2104   20.000     -325.261   .2162   20.000
    524.900   -270.930   .2305   20.000     -357.019   .2101   20.000     -326.624   .2159   20.000
    528.057   -272.035   .2301   20.000     -358.221   .2099   20.000     -327.954   .2156   20.000
    531.214   -273.123   .2298   20.000     -359.430   .2097   20.000     -329.259   .2154   20.000
    535.161   -274.456   .2294   20.000     -360.863   .2094   20.000     -330.832   .2151   20.000
    539.107   -275.764   .2290   20.000     -362.279   .2091   20.000     -332.370   .2148   20.000
    543.054   -277.049   .2286   20.000     -363.655   .2089   20.000     -333.866   .2145   20.000
    547.000   -278.312   .2282   20.000     -365.024   .2086   20.000     -335.325   .2142   20.000
    551.125   -279.611   .2278   20.000     -366.440   .2083   20.000     -336.813   .2140   20.000
    555.250   -280.889   .2274   20.000     -367.830   .2081   20.000     -338.264   .2137   20.000
    559.375   -282.148   .2270   20.000     -369.203   .2078   20.000     -339.684   .2134   20.000
    563.500   -283.389   .2266   20.000     -370.555   .2076   20.000     -341.070   .2132   20.000
    567.625   -284.617   .2263   20.000     -371.905   .2073   20.000     -342.428   .2129   20.000
    572.625   -286.067   .2258   20.000     -373.468   .2070   20.000     -344.020   .2126   20.000
    576.313   -287.142   .2255   20.000     -374.631   .2068   20.000     -345.177   .2124   20.000
    580.000   -288.189   .2252   20.000     -375.769   .2066   20.000     -346.306   .2122   20.000
    585.000   -289.600   .2248   20.000     -377.316   .2063   20.000     -347.797   .2119   20.000
    590.000   -290.994   .2243   20.000     -378.853   .2060   20.000     -349.255   .2116   20.000
    595.000   -292.381   .2239   20.000     -380.369   .2057   20.000     -350.680   .2113   20.000
    600.000   -293.764   .2235   20.000     -381.879   .2054   20.000     -352.074   .2111   20.000
    602.500   -294.438   .2233   20.000     -382.624   .2053   20.000     -352.764   .2109   20.000
    605.000   -295.131   .2231   20.000     -383.372   .2051   20.000     -353.442   .2108   20.000
end
