

  TLevel   Time         dt      Iter  ItCum

     1  .20000E-02  .20000E-02    2      2
     2  .40000E-02  .20000E-02    2      4
     3  .65556E-02  .25556E-02    2      6
     4  .98974E-02  .33419E-02    2      8
     5  .14353E-01  .44558E-02    2     10
     6  .20294E-01  .59411E-02    2     12
     7  .27721E-01  .74264E-02    2     14
     8  .38860E-01  .11140E-01    2     16
     9  .50000E-01  .11140E-01    2     18
    10  .62500E-01  .12500E-01    2     20
    11  .78947E-01  .16447E-01    2     22
    12  .10037E+00  .21420E-01    2     24
    13  .12763E+00  .27262E-01    2     26
    14  .16398E+00  .36349E-01    2     28
    15  .21042E+00  .46446E-01    2     30
    16  .27116E+00  .60737E-01    2     32
    17  .35214E+00  .80982E-01    2     34
    18  .46012E+00  .10798E+00    2     36
    19  .59509E+00  .13497E+00    2     38
    20  .79754E+00  .20246E+00    2     40
    21  .10000E+01  .20246E+00    2     42
    22  .12222E+01  .22222E+00    2     44
    23  .15185E+01  .29630E+00    2     46
    24  .18889E+01  .37037E+00    2     48
    25  .24444E+01  .55556E+00    2     50
    26  .30000E+01  .55556E+00    2     52
    27  .36250E+01  .62500E+00    2     54
    28  .45000E+01  .87500E+00    2     56
    29  .56667E+01  .11667E+01    2     58
    30  .68333E+01  .11667E+01    2     60
    31  .80000E+01  .11667E+01    2     62
    32  .96667E+01  .16667E+01    2     64
    33  .13000E+02  .33333E+01    2     66
    34  .16333E+02  .33333E+01    2     68
    35  .19667E+02  .33333E+01    2     70
    36  .23000E+02  .33333E+01    2     72
    37  .25000E+02  .20000E+01    2     74
    38  .25002E+02  .20000E-02    2     76
    39  .25005E+02  .25996E-02    2     78
    40  .25008E+02  .33794E-02    2     80
    41  .25012E+02  .43947E-02    2     82
    42  .25018E+02  .57135E-02    2     84
    43  .25026E+02  .74276E-02    2     86
    44  .25035E+02  .96599E-02    2     88
    45  .25048E+02  .12549E-01    2     90
    46  .25064E+02  .16320E-01    2     92
    47  .25085E+02  .21211E-01    2     94
    48  .25113E+02  .27549E-01    2     96
    49  .25149E+02  .35871E-01    2     98
    50  .25195E+02  .46608E-01    2    100
    51  .25256E+02  .60756E-01    2    102
    52  .25334E+02  .78418E-01    2    104
    53  .25437E+02  .10255E+00    2    106
    54  .25571E+02  .13394E+00    2    108
    55  .25745E+02  .17376E+00    2    110
    56  .25968E+02  .22340E+00    2    112
    57  .26255E+02  .28723E+00    2    114
    58  .26638E+02  .38298E+00    2    116
    59  .27126E+02  .48743E+00    2    118
    60  .27735E+02  .60928E+00    2    120
    61  .28588E+02  .85300E+00    2    122
    62  .29725E+02  .11373E+01    2    124
    63  .30863E+02  .11373E+01    2    126
    64  .32000E+02  .11373E+01    2    128
    65  .34000E+02  .20000E+01    2    130
    66  .36000E+02  .20000E+01    2    132
    67  .40000E+02  .40000E+01    3    135
    68  .44500E+02  .45000E+01    3    138
    69  .49000E+02  .45000E+01    3    141
    70  .54000E+02  .50000E+01    3    144
    71  .57500E+02  .35000E+01    2    146
    72  .61000E+02  .35000E+01    2    148
    73  .66000E+02  .50000E+01    2    150
    74  .69400E+02  .34000E+01    2    152
    75  .72800E+02  .34000E+01    2    154
    76  .73000E+02  .20000E+00    2    156
    77  .73002E+02  .20000E-02    2    158
    78  .73005E+02  .26052E-02    2    160
    79  .73008E+02  .33689E-02    2    162
    80  .73012E+02  .43642E-02    2    164
    81  .73018E+02  .56867E-02    2    166
    82  .73025E+02  .72791E-02    2    168
    83  .73035E+02  .97054E-02    2    170
    84  .73048E+02  .12692E-01    2    172
    85  .73065E+02  .16922E-01    2    174
    86  .73087E+02  .22563E-01    2    176
    87  .73115E+02  .28204E-01    2    178
    88  .73158E+02  .42305E-01    2    180
    89  .73200E+02  .42305E-01    2    182
    90  .73247E+02  .47059E-01    2    184
    91  .73310E+02  .62745E-01    2    186
    92  .73386E+02  .76689E-01    2    188
    93  .73489E+02  .10225E+00    2    190
    94  .73617E+02  .12782E+00    2    192
    95  .73808E+02  .19172E+00    2    194
    96  .74000E+02  .19173E+00    2    196
    97  .74222E+02  .22222E+00    2    198
    98  .74519E+02  .29630E+00    2    200
    99  .74889E+02  .37037E+00    2    202
   100  .75444E+02  .55556E+00    2    204
   101  .76000E+02  .55556E+00    2    206
   102  .76640E+02  .64000E+00    2    208
   103  .77493E+02  .85333E+00    2    210
   104  .78609E+02  .11159E+01    2    212
   105  .80097E+02  .14879E+01    3    215
   106  .82081E+02  .19838E+01    3    218
   107  .84561E+02  .24798E+01    3    221
   108  .88280E+02  .37197E+01    3    224
   109  .92000E+02  .37197E+01    3    227
   110  .96000E+02  .40000E+01    3    230
   111  .10000E+03  .40000E+01    3    233
   112  .10500E+03  .50000E+01    3    236
   113  .11000E+03  .50000E+01    3    239
   114  .11250E+03  .25000E+01    3    242
   115  .11500E+03  .25000E+01    2    244
   116  .12000E+03  .50000E+01    3    247
   117  .12500E+03  .50000E+01    3    250
   118  .13000E+03  .50000E+01    2    252
   119  .13500E+03  .50000E+01    2    254
   120  .14000E+03  .50000E+01    2    256
   121  .14500E+03  .50000E+01    3    259
   122  .14750E+03  .25000E+01    2    261
   123  .15000E+03  .25000E+01    2    263
   124  .15483E+03  .48333E+01    2    265
   125  .15967E+03  .48333E+01    3    268
   126  .16450E+03  .48333E+01    3    271
   127  .16933E+03  .48333E+01    2    273
   128  .17417E+03  .48333E+01    2    275
   129  .17900E+03  .48333E+01    2    277
   130  .18400E+03  .50000E+01    2    279
   131  .18900E+03  .50000E+01    2    281
   132  .19400E+03  .50000E+01    2    283
   133  .19700E+03  .30000E+01    2    285
   134  .20000E+03  .30000E+01    2    287
   135  .20500E+03  .50000E+01    2    289
   136  .21000E+03  .50000E+01    2    291
   137  .21350E+03  .35000E+01    2    293
   138  .21700E+03  .35000E+01    2    295
   139  .21700E+03  .20000E-02    2    297
   140  .21700E+03  .25938E-02    2    299
   141  .21701E+03  .33701E-02    2    301
   142  .21701E+03  .43932E-02    2    303
   143  .21702E+03  .57369E-02    2    305
   144  .21703E+03  .74139E-02    2    307
   145  .21704E+03  .96834E-02    2    309
   146  .21705E+03  .12562E-01    2    311
   147  .21706E+03  .16151E-01    2    313
   148  .21708E+03  .20766E-01    2    315
   149  .21711E+03  .27689E-01    2    317
   150  .21715E+03  .35239E-01    2    319
   151  .21719E+03  .44050E-01    2    321
   152  .21725E+03  .61670E-01    2    323
   153  .21734E+03  .82225E-01    2    325
   154  .21742E+03  .82222E-01    2    327
   155  .21750E+03  .82214E-01    2    329
   156  .21763E+03  .13359E+00    2    331
   157  .21781E+03  .17366E+00    2    333
   158  .21803E+03  .22622E+00    2    335
   159  .21833E+03  .29253E+00    2    337
   160  .21870E+03  .37895E+00    3    340
   161  .21920E+03  .49379E+00    3    343
   162  .21983E+03  .63205E+00    3    346
   163  .22067E+03  .84273E+00    3    349
   164  .22178E+03  .11020E+01    3    352
   165  .22324E+03  .14694E+01    3    355
   166  .22520E+03  .19592E+01    4    359
   167  .22716E+03  .19592E+01    4    363
   168  .22912E+03  .19592E+01    4    367
   169  .23108E+03  .19592E+01    4    371
   170  .23304E+03  .19592E+01    4    375
   171  .23500E+03  .19592E+01    3    378
   172  .23743E+03  .24286E+01    4    382
   173  .23986E+03  .24286E+01    4    386
   174  .24229E+03  .24286E+01    4    390
   175  .24471E+03  .24286E+01    4    394
   176  .24714E+03  .24286E+01    4    398
   177  .24957E+03  .24286E+01    4    402
   178  .25200E+03  .24286E+01    4    406
   179  .25443E+03  .24286E+01    4    410
   180  .25686E+03  .24286E+01    4    414
   181  .25929E+03  .24286E+01    4    418
   182  .26171E+03  .24286E+01    4    422
   183  .26414E+03  .24286E+01    4    426
   184  .26657E+03  .24286E+01    4    430
   185  .26900E+03  .24286E+01    4    434
   186  .27133E+03  .23333E+01    4    438
   187  .27367E+03  .23333E+01    4    442
   188  .27600E+03  .23333E+01    4    446
   189  .27833E+03  .23333E+01    4    450
   190  .28067E+03  .23333E+01    4    454
   191  .28300E+03  .23333E+01    4    458
   192  .28533E+03  .23333E+01    4    462
   193  .28767E+03  .23333E+01    4    466
   194  .29000E+03  .23333E+01    4    470
   195  .29233E+03  .23333E+01    4    474
   196  .29467E+03  .23333E+01    4    478
   197  .29700E+03  .23333E+01    4    482
   198  .30000E+03  .30000E+01    4    486
   199  .30260E+03  .26000E+01    4    490
   200  .30520E+03  .26000E+01    4    494
   201  .30780E+03  .26000E+01    4    498
   202  .31040E+03  .26000E+01    4    502
   203  .31300E+03  .26000E+01    4    506
   204  .31532E+03  .23182E+01    3    509
   205  .31863E+03  .33117E+01    4    513
   206  .32194E+03  .33117E+01    4    517
   207  .32525E+03  .33117E+01    4    521
   208  .32856E+03  .33117E+01    4    525
   209  .33188E+03  .33117E+01    4    529
   210  .33519E+03  .33117E+01    4    533
   211  .33850E+03  .33117E+01    4    537
   212  .33900E+03  .50000E+00    2    539
   213  .33900E+03  .20000E-02    3    542
   214  .33900E+03  .26007E-02    3    545
   215  .33901E+03  .33832E-02    3    548
   216  .33901E+03  .43882E-02    3    551
   217  .33902E+03  .57216E-02    3    554
   218  .33903E+03  .74095E-02    3    557
   219  .33904E+03  .96372E-02    3    560
   220  .33905E+03  .12520E-01    4    564
   221  .33906E+03  .12520E-01    3    567
   222  .33908E+03  .16362E-01    4    571
   223  .33909E+03  .16362E-01    3    574
   224  .33911E+03  .21320E-01    4    578
   225  .33914E+03  .21320E-01    3    581
   226  .33916E+03  .27846E-01    4    585
   227  .33919E+03  .27846E-01    4    589
   228  .33922E+03  .27846E-01    3    592
   229  .33925E+03  .35582E-01    4    596
   230  .33929E+03  .35582E-01    3    599
   231  .33934E+03  .46530E-01    4    603
   232  .33938E+03  .46530E-01    4    607
   233  .33943E+03  .46529E-01    3    610
   234  .33949E+03  .59453E-01    4    614
   235  .33955E+03  .59454E-01    4    618
   236  .33961E+03  .59454E-01    3    621
   237  .33969E+03  .81074E-01    4    625
   238  .33977E+03  .81073E-01    4    629
   239  .33985E+03  .81072E-01    4    633
   240  .33993E+03  .81070E-01    3    636
   241  .34003E+03  .94584E-01    4    640
   242  .34012E+03  .94586E-01    3    643
   243  .34025E+03  .12612E+00    4    647
   244  .34037E+03  .12611E+00    4    651
   245  .34050E+03  .12610E+00    4    655
   246  .34063E+03  .13253E+00    4    659
   247  .34077E+03  .13253E+00    4    663
   248  .34090E+03  .13253E+00    4    667
   249  .34103E+03  .13253E+00    4    671
   250  .34116E+03  .13253E+00    4    675
   251  .34130E+03  .13253E+00    4    679
   252  .34143E+03  .13253E+00    4    683
   253  .34156E+03  .13253E+00    4    687
   254  .34169E+03  .13253E+00    4    691
   255  .34183E+03  .13253E+00    4    695
   256  .34196E+03  .13253E+00    4    699
   257  .34209E+03  .13253E+00    4    703
   258  .34222E+03  .13253E+00    4    707
   259  .34236E+03  .13253E+00    4    711
   260  .34249E+03  .13253E+00    4    715
   261  .34262E+03  .13253E+00    4    719
   262  .34275E+03  .13253E+00    4    723
   263  .34289E+03  .13253E+00    4    727
   264  .34302E+03  .13253E+00    4    731
   265  .34315E+03  .13253E+00    4    735
   266  .34328E+03  .13253E+00    4    739
   267  .34342E+03  .13253E+00    4    743
   268  .34355E+03  .13253E+00    3    746
   269  .34372E+03  .17286E+00    4    750
   270  .34389E+03  .17286E+00    4    754
   271  .34407E+03  .17286E+00    4    758
   272  .34424E+03  .17286E+00    4    762
   273  .34441E+03  .17286E+00    4    766
   274  .34459E+03  .17286E+00    4    770
   275  .34476E+03  .17286E+00    4    774
   276  .34493E+03  .17286E+00    4    778
   277  .34510E+03  .17286E+00    4    782
   278  .34528E+03  .17286E+00    4    786
   279  .34545E+03  .17286E+00    4    790
   280  .34562E+03  .17286E+00    4    794
   281  .34580E+03  .17287E+00    4    798
   282  .34597E+03  .17287E+00    4    802
   283  .34614E+03  .17287E+00    4    806
   284  .34631E+03  .17287E+00    4    810
   285  .34649E+03  .17287E+00    4    814
   286  .34666E+03  .17287E+00    4    818
   287  .34683E+03  .17287E+00    4    822
   288  .34701E+03  .17287E+00    4    826
   289  .34718E+03  .17287E+00    4    830
   290  .34735E+03  .17287E+00    4    834
   291  .34752E+03  .17287E+00    4    838
   292  .34770E+03  .17287E+00    4    842
   293  .34787E+03  .17287E+00    4    846
   294  .34804E+03  .17287E+00    3    849
   295  .34827E+03  .23049E+00    4    853
   296  .34850E+03  .23049E+00    4    857
   297  .34873E+03  .23049E+00    4    861
   298  .34896E+03  .23049E+00    4    865
   299  .34920E+03  .23049E+00    4    869
   300  .34943E+03  .23048E+00    4    873
   301  .34966E+03  .23048E+00    4    877
   302  .34989E+03  .23048E+00    4    881
   303  .35012E+03  .23049E+00    4    885
   304  .35035E+03  .23048E+00    4    889
   305  .35058E+03  .23048E+00    4    893
   306  .35081E+03  .23048E+00    4    897
   307  .35104E+03  .23049E+00    4    901
   308  .35127E+03  .23048E+00    4    905
   309  .35150E+03  .23047E+00    4    909
   310  .35172E+03  .22321E+00    4    913
   311  .35195E+03  .22321E+00    3    916
   312  .35224E+03  .29399E+00    4    920
   313  .35253E+03  .29399E+00    4    924
   314  .35283E+03  .29399E+00    4    928
   315  .35312E+03  .29399E+00    4    932
   316  .35342E+03  .29399E+00    4    936
   317  .35371E+03  .29399E+00    4    940
   318  .35400E+03  .29399E+00    4    944
   319  .35430E+03  .29399E+00    4    948
   320  .35459E+03  .29399E+00    4    952
   321  .35489E+03  .29399E+00    4    956
   322  .35518E+03  .29399E+00    4    960
   323  .35547E+03  .29399E+00    4    964
   324  .35577E+03  .29399E+00    4    968
   325  .35606E+03  .29399E+00    4    972
   326  .35636E+03  .29399E+00    4    976
   327  .35665E+03  .29399E+00    4    980
   328  .35694E+03  .29399E+00    3    983
   329  .35732E+03  .37136E+00    4    987
   330  .35769E+03  .37136E+00    4    991
   331  .35806E+03  .37136E+00    4    995
   332  .35843E+03  .37136E+00    4    999
   333  .35880E+03  .37135E+00    4   1003
   334  .35917E+03  .37135E+00    4   1007
   335  .35954E+03  .37135E+00    4   1011
   336  .35992E+03  .37135E+00    4   1015
   337  .36029E+03  .37135E+00    4   1019
   338  .36066E+03  .37135E+00    3   1022
   339  .36114E+03  .47745E+00    4   1026
   340  .36161E+03  .47745E+00    4   1030
   341  .36209E+03  .47745E+00    4   1034
   342  .36257E+03  .47746E+00    4   1038
   343  .36305E+03  .47746E+00    4   1042
   344  .36352E+03  .47746E+00    4   1046
   345  .36400E+03  .47748E+00    4   1050
   346  .36449E+03  .48980E+00    4   1054
   347  .36498E+03  .48980E+00    4   1058
   348  .36547E+03  .48980E+00    4   1062
   349  .36596E+03  .48980E+00    4   1066
   350  .36645E+03  .48979E+00    4   1070
   351  .36694E+03  .48979E+00    4   1074
   352  .36743E+03  .48979E+00    4   1078
   353  .36792E+03  .48979E+00    4   1082
   354  .36841E+03  .48979E+00    4   1086
   355  .36890E+03  .48979E+00    4   1090
   356  .36939E+03  .48979E+00    4   1094
   357  .36988E+03  .48979E+00    4   1098
   358  .37037E+03  .48979E+00    4   1102
   359  .37086E+03  .48979E+00    4   1106
   360  .37135E+03  .48979E+00    4   1110
   361  .37184E+03  .48979E+00    4   1114
   362  .37233E+03  .48979E+00    4   1118
   363  .37282E+03  .48979E+00    4   1122
   364  .37331E+03  .48979E+00    4   1126
   365  .37380E+03  .48979E+00    4   1130
   366  .37429E+03  .48979E+00    4   1134
   367  .37478E+03  .48979E+00    4   1138
   368  .37527E+03  .48979E+00    4   1142
   369  .37576E+03  .48979E+00    4   1146
   370  .37624E+03  .48979E+00    4   1150
   371  .37673E+03  .48979E+00    4   1154
   372  .37722E+03  .48979E+00    4   1158
   373  .37771E+03  .48979E+00    4   1162
   374  .37820E+03  .48979E+00    4   1166
   375  .37869E+03  .48979E+00    4   1170
   376  .37918E+03  .48979E+00    4   1174
   377  .37967E+03  .48979E+00    4   1178
   378  .38016E+03  .48979E+00    4   1182
   379  .38065E+03  .48979E+00    4   1186
   380  .38114E+03  .48979E+00    4   1190
   381  .38163E+03  .48979E+00    4   1194
   382  .38212E+03  .48979E+00    4   1198
   383  .38261E+03  .48979E+00    4   1202
   384  .38310E+03  .48979E+00    4   1206
   385  .38359E+03  .48979E+00    4   1210
   386  .38408E+03  .48979E+00    4   1214
   387  .38457E+03  .48979E+00    4   1218
   388  .38506E+03  .48979E+00    4   1222
   389  .38555E+03  .48979E+00    4   1226
   390  .38604E+03  .48979E+00    4   1230
   391  .38653E+03  .48979E+00    4   1234
   392  .38702E+03  .48979E+00    4   1238
   393  .38751E+03  .48979E+00    4   1242
   394  .38800E+03  .48981E+00    4   1246
   395  .38850E+03  .50000E+00    4   1250
   396  .38900E+03  .50000E+00    4   1254
   397  .38950E+03  .50000E+00    3   1257
   398  .39016E+03  .65625E+00    4   1261
   399  .39081E+03  .65625E+00    4   1265
   400  .39147E+03  .65625E+00    4   1269
   401  .39213E+03  .65625E+00    4   1273
   402  .39278E+03  .65625E+00    4   1277
   403  .39344E+03  .65625E+00    4   1281
   404  .39409E+03  .65625E+00    4   1285
   405  .39475E+03  .65625E+00    4   1289
   406  .39541E+03  .65625E+00    4   1293
   407  .39606E+03  .65625E+00    4   1297
   408  .39672E+03  .65625E+00    4   1301
   409  .39738E+03  .65625E+00    4   1305
   410  .39803E+03  .65625E+00    4   1309
   411  .39869E+03  .65625E+00    4   1313
   412  .39934E+03  .65625E+00    4   1317
   413  .40000E+03  .65625E+00    4   1321
   414  .40063E+03  .63158E+00    3   1324
   415  .40144E+03  .81203E+00    4   1328
   416  .40226E+03  .81203E+00    4   1332
   417  .40307E+03  .81203E+00    4   1336
   418  .40388E+03  .81203E+00    4   1340
   419  .40469E+03  .81203E+00    3   1343
   420  .40574E+03  .10440E+01    4   1347
   421  .40678E+03  .10440E+01    4   1351
   422  .40782E+03  .10440E+01    4   1355
   423  .40887E+03  .10440E+01    4   1359
   424  .40991E+03  .10440E+01    4   1363
   425  .41096E+03  .10440E+01    4   1367
   426  .41200E+03  .10440E+01    4   1371
   427  .41309E+03  .10909E+01    4   1375
   428  .41418E+03  .10909E+01    4   1379
   429  .41527E+03  .10909E+01    4   1383
   430  .41636E+03  .10909E+01    4   1387
   431  .41745E+03  .10909E+01    4   1391
   432  .41855E+03  .10909E+01    3   1394
   433  .41995E+03  .14026E+01    4   1398
   434  .42135E+03  .14026E+01    4   1402
   435  .42275E+03  .14026E+01    4   1406
   436  .42416E+03  .14026E+01    4   1410
   437  .42556E+03  .14026E+01    4   1414
   438  .42696E+03  .14026E+01    4   1418
   439  .42836E+03  .14026E+01    4   1422
   440  .42977E+03  .14026E+01    4   1426
   441  .43117E+03  .14026E+01    4   1430
   442  .43257E+03  .14026E+01    4   1434
   443  .43397E+03  .14026E+01    4   1438
   444  .43538E+03  .14026E+01    4   1442
   445  .43678E+03  .14026E+01    4   1446
   446  .43818E+03  .14026E+01    4   1450
   447  .43958E+03  .14026E+01    4   1454
   448  .44099E+03  .14026E+01    4   1458
   449  .44239E+03  .14026E+01    4   1462
   450  .44379E+03  .14026E+01    4   1466
   451  .44519E+03  .14026E+01    3   1469
   452  .44660E+03  .14026E+01    3   1472
   453  .44800E+03  .14026E+01    3   1475
   454  .45036E+03  .23636E+01    4   1479
   455  .45273E+03  .23636E+01    4   1483
   456  .45509E+03  .23636E+01    4   1487
   457  .45745E+03  .23636E+01    4   1491
   458  .45982E+03  .23636E+01    4   1495
   459  .46218E+03  .23636E+01    4   1499
   460  .46455E+03  .23636E+01    4   1503
   461  .46691E+03  .23636E+01    4   1507
   462  .46927E+03  .23636E+01    4   1511
   463  .47164E+03  .23636E+01    4   1515
   464  .47400E+03  .23636E+01    4   1519
   465  .47636E+03  .23636E+01    4   1523
   466  .47873E+03  .23636E+01    4   1527
   467  .48109E+03  .23636E+01    4   1531
   468  .48345E+03  .23636E+01    4   1535
   469  .48582E+03  .23636E+01    4   1539
   470  .48818E+03  .23636E+01    4   1543
   471  .49055E+03  .23636E+01    4   1547
   472  .49291E+03  .23636E+01    4   1551
   473  .49527E+03  .23636E+01    4   1555
   474  .49764E+03  .23636E+01    4   1559
   475  .50000E+03  .23636E+01    4   1563
   476  .50260E+03  .26000E+01    4   1567
   477  .50520E+03  .26000E+01    4   1571
   478  .50780E+03  .26000E+01    4   1575
   479  .51040E+03  .26000E+01    4   1579
   480  .51300E+03  .26000E+01    4   1583
   481  .51543E+03  .24286E+01    3   1586
   482  .51859E+03  .31571E+01    4   1590
   483  .52174E+03  .31571E+01    4   1594
   484  .52490E+03  .31571E+01    4   1598
   485  .52806E+03  .31571E+01    4   1602
   486  .53121E+03  .31571E+01    3   1605
   487  .53516E+03  .39464E+01    4   1609
   488  .53911E+03  .39464E+01    4   1613
   489  .54305E+03  .39464E+01    4   1617
   490  .54700E+03  .39464E+01    4   1621
   491  .55113E+03  .41250E+01    4   1625
   492  .55525E+03  .41250E+01    4   1629
   493  .55938E+03  .41250E+01    4   1633
   494  .56350E+03  .41250E+01    4   1637
   495  .56763E+03  .41250E+01    3   1640
   496  .57263E+03  .50000E+01    4   1644
   497  .57631E+03  .36875E+01    3   1647
   498  .58000E+03  .36875E+01    3   1650
   499  .58500E+03  .50000E+01    3   1653
   500  .59000E+03  .50000E+01    3   1656
   501  .59500E+03  .50000E+01    3   1659
   502  .60000E+03  .50000E+01    3   1662
   503  .60250E+03  .25000E+01    3   1665
   504  .60500E+03  .25000E+01    3   1668
end
 
 Real time [sec]      57.000000
