 Inverse Problem                                                         
 
 Program HYDRUS2
 Date:   1. 7.    Time:  14:24:25
 Time dependent boundary conditions
 Axisymmetric flow, V = L*L*L
 Units: L = cm   , T = hours, M = mmol 
 All fluxes (v) are positive out of the region

     Time       rAtm       rRoot      vAtm       vRoot      vKode3     vKode1     vSeep      vDrain     vBottom...
      [T]      [L/T]       [L/T]     [L/T]       [L/T]       [V/T]      [V/T]     [V/T]       [V/T]      [V/T]

       .0020   .000E+00   .000E+00   .000E+00   .000E+00   .132E+01   .000E+00   .000E+00   .000E+00   .000E+00
       .0040   .000E+00   .000E+00   .000E+00   .000E+00   .935E+00   .000E+00   .000E+00   .000E+00   .000E+00
       .0066   .000E+00   .000E+00   .000E+00   .000E+00   .934E+00   .000E+00   .000E+00   .000E+00   .000E+00
       .0099   .000E+00   .000E+00   .000E+00   .000E+00   .933E+00   .000E+00   .000E+00   .000E+00   .000E+00
       .0144   .000E+00   .000E+00   .000E+00   .000E+00   .932E+00   .000E+00   .000E+00   .000E+00   .000E+00
       .0203   .000E+00   .000E+00   .000E+00   .000E+00   .931E+00   .000E+00   .000E+00   .000E+00   .000E+00
       .0277   .000E+00   .000E+00   .000E+00   .000E+00   .931E+00   .000E+00   .000E+00   .000E+00   .000E+00
       .0389   .000E+00   .000E+00   .000E+00   .000E+00   .930E+00   .000E+00   .000E+00   .000E+00   .000E+00
       .0500   .000E+00   .000E+00   .000E+00   .000E+00   .929E+00   .000E+00   .000E+00   .000E+00   .000E+00
       .0625   .000E+00   .000E+00   .000E+00   .000E+00   .928E+00   .000E+00   .000E+00   .000E+00   .000E+00
       .0789   .000E+00   .000E+00   .000E+00   .000E+00   .926E+00   .000E+00   .000E+00   .000E+00   .000E+00
       .1004   .000E+00   .000E+00   .000E+00   .000E+00   .924E+00   .000E+00   .000E+00   .000E+00   .000E+00
       .1276   .000E+00   .000E+00   .000E+00   .000E+00   .922E+00   .000E+00   .000E+00   .000E+00   .000E+00
       .1640   .000E+00   .000E+00   .000E+00   .000E+00   .919E+00   .000E+00   .000E+00   .000E+00   .000E+00
       .2104   .000E+00   .000E+00   .000E+00   .000E+00   .915E+00   .000E+00   .000E+00   .000E+00   .000E+00
       .2712   .000E+00   .000E+00   .000E+00   .000E+00   .910E+00   .000E+00   .000E+00   .000E+00   .000E+00
       .3521   .000E+00   .000E+00   .000E+00   .000E+00   .904E+00   .000E+00   .000E+00   .000E+00   .000E+00
       .4601   .000E+00   .000E+00   .000E+00   .000E+00   .896E+00   .000E+00   .000E+00   .000E+00   .000E+00
       .5951   .000E+00   .000E+00   .000E+00   .000E+00   .885E+00   .000E+00   .000E+00   .000E+00   .000E+00
       .7975   .000E+00   .000E+00   .000E+00   .000E+00   .870E+00   .000E+00   .000E+00   .000E+00   .000E+00
      1.0000   .000E+00   .000E+00   .000E+00   .000E+00   .856E+00   .000E+00   .000E+00   .000E+00   .000E+00
      1.2222   .000E+00   .000E+00   .000E+00   .000E+00   .841E+00   .000E+00   .000E+00   .000E+00   .000E+00
      1.5185   .000E+00   .000E+00   .000E+00   .000E+00   .821E+00   .000E+00   .000E+00   .000E+00   .000E+00
      1.8889   .000E+00   .000E+00   .000E+00   .000E+00   .798E+00   .000E+00   .000E+00   .000E+00   .000E+00
      2.4444   .000E+00   .000E+00   .000E+00   .000E+00   .766E+00   .000E+00   .000E+00   .000E+00   .000E+00
      3.0000   .000E+00   .000E+00   .000E+00   .000E+00   .737E+00   .000E+00   .000E+00   .000E+00   .000E+00
      3.6250   .000E+00   .000E+00   .000E+00   .000E+00   .706E+00   .000E+00   .000E+00   .000E+00   .000E+00
      4.5000   .000E+00   .000E+00   .000E+00   .000E+00   .668E+00   .000E+00   .000E+00   .000E+00   .000E+00
      5.6667   .000E+00   .000E+00   .000E+00   .000E+00   .622E+00   .000E+00   .000E+00   .000E+00   .000E+00
      6.8333   .000E+00   .000E+00   .000E+00   .000E+00   .581E+00   .000E+00   .000E+00   .000E+00   .000E+00
      8.0000   .000E+00   .000E+00   .000E+00   .000E+00   .545E+00   .000E+00   .000E+00   .000E+00   .000E+00
      9.6667   .000E+00   .000E+00   .000E+00   .000E+00   .500E+00   .000E+00   .000E+00   .000E+00   .000E+00
     13.0000   .000E+00   .000E+00   .000E+00   .000E+00   .426E+00   .000E+00   .000E+00   .000E+00   .000E+00
     16.3333   .000E+00   .000E+00   .000E+00   .000E+00   .368E+00   .000E+00   .000E+00   .000E+00   .000E+00
     19.6667   .000E+00   .000E+00   .000E+00   .000E+00   .320E+00   .000E+00   .000E+00   .000E+00   .000E+00
     23.0000   .000E+00   .000E+00   .000E+00   .000E+00   .280E+00   .000E+00   .000E+00   .000E+00   .000E+00
     25.0000   .000E+00   .000E+00   .000E+00   .000E+00   .259E+00   .000E+00   .000E+00   .000E+00   .000E+00
     25.0020   .000E+00   .000E+00   .000E+00   .000E+00   .294E+01   .000E+00   .000E+00   .000E+00   .000E+00
     25.0046   .000E+00   .000E+00   .000E+00   .000E+00   .193E+01   .000E+00   .000E+00   .000E+00   .000E+00
     25.0080   .000E+00   .000E+00   .000E+00   .000E+00   .193E+01   .000E+00   .000E+00   .000E+00   .000E+00
     25.0124   .000E+00   .000E+00   .000E+00   .000E+00   .193E+01   .000E+00   .000E+00   .000E+00   .000E+00
     25.0181   .000E+00   .000E+00   .000E+00   .000E+00   .193E+01   .000E+00   .000E+00   .000E+00   .000E+00
     25.0255   .000E+00   .000E+00   .000E+00   .000E+00   .192E+01   .000E+00   .000E+00   .000E+00   .000E+00
     25.0352   .000E+00   .000E+00   .000E+00   .000E+00   .192E+01   .000E+00   .000E+00   .000E+00   .000E+00
     25.0477   .000E+00   .000E+00   .000E+00   .000E+00   .192E+01   .000E+00   .000E+00   .000E+00   .000E+00
     25.0640   .000E+00   .000E+00   .000E+00   .000E+00   .192E+01   .000E+00   .000E+00   .000E+00   .000E+00
     25.0853   .000E+00   .000E+00   .000E+00   .000E+00   .192E+01   .000E+00   .000E+00   .000E+00   .000E+00
     25.1128   .000E+00   .000E+00   .000E+00   .000E+00   .192E+01   .000E+00   .000E+00   .000E+00   .000E+00
     25.1487   .000E+00   .000E+00   .000E+00   .000E+00   .191E+01   .000E+00   .000E+00   .000E+00   .000E+00
     25.1953   .000E+00   .000E+00   .000E+00   .000E+00   .191E+01   .000E+00   .000E+00   .000E+00   .000E+00
     25.2560   .000E+00   .000E+00   .000E+00   .000E+00   .190E+01   .000E+00   .000E+00   .000E+00   .000E+00
     25.3345   .000E+00   .000E+00   .000E+00   .000E+00   .190E+01   .000E+00   .000E+00   .000E+00   .000E+00
     25.4370   .000E+00   .000E+00   .000E+00   .000E+00   .189E+01   .000E+00   .000E+00   .000E+00   .000E+00
     25.5709   .000E+00   .000E+00   .000E+00   .000E+00   .188E+01   .000E+00   .000E+00   .000E+00   .000E+00
     25.7447   .000E+00   .000E+00   .000E+00   .000E+00   .187E+01   .000E+00   .000E+00   .000E+00   .000E+00
     25.9681   .000E+00   .000E+00   .000E+00   .000E+00   .185E+01   .000E+00   .000E+00   .000E+00   .000E+00
     26.2553   .000E+00   .000E+00   .000E+00   .000E+00   .183E+01   .000E+00   .000E+00   .000E+00   .000E+00
     26.6383   .000E+00   .000E+00   .000E+00   .000E+00   .181E+01   .000E+00   .000E+00   .000E+00   .000E+00
     27.1257   .000E+00   .000E+00   .000E+00   .000E+00   .177E+01   .000E+00   .000E+00   .000E+00   .000E+00
     27.7350   .000E+00   .000E+00   .000E+00   .000E+00   .174E+01   .000E+00   .000E+00   .000E+00   .000E+00
     28.5880   .000E+00   .000E+00   .000E+00   .000E+00   .169E+01   .000E+00   .000E+00   .000E+00   .000E+00
     29.7253   .000E+00   .000E+00   .000E+00   .000E+00   .163E+01   .000E+00   .000E+00   .000E+00   .000E+00
     30.8627   .000E+00   .000E+00   .000E+00   .000E+00   .157E+01   .000E+00   .000E+00   .000E+00   .000E+00
     32.0000   .000E+00   .000E+00   .000E+00   .000E+00   .152E+01   .000E+00   .000E+00   .000E+00   .000E+00
     34.0000   .000E+00   .000E+00   .000E+00   .000E+00   .144E+01   .000E+00   .000E+00   .000E+00   .000E+00
     36.0000   .000E+00   .000E+00   .000E+00   .000E+00   .137E+01   .000E+00   .000E+00   .000E+00   .000E+00
     40.0000   .000E+00   .000E+00   .000E+00   .000E+00   .125E+01   .000E+00   .000E+00   .000E+00   .000E+00
     44.5000   .000E+00   .000E+00   .000E+00   .000E+00   .113E+01   .000E+00   .000E+00   .000E+00   .000E+00
     49.0000   .000E+00   .000E+00   .000E+00   .000E+00   .104E+01   .000E+00   .000E+00   .000E+00   .000E+00
     54.0000   .000E+00   .000E+00   .000E+00   .000E+00   .947E+00   .000E+00   .000E+00   .000E+00   .000E+00
     57.5000   .000E+00   .000E+00   .000E+00   .000E+00   .888E+00   .000E+00   .000E+00   .000E+00   .000E+00
     61.0000   .000E+00   .000E+00   .000E+00   .000E+00   .834E+00   .000E+00   .000E+00   .000E+00   .000E+00
     66.0000   .000E+00   .000E+00   .000E+00   .000E+00   .766E+00   .000E+00   .000E+00   .000E+00   .000E+00
     69.4000   .000E+00   .000E+00   .000E+00   .000E+00   .723E+00   .000E+00   .000E+00   .000E+00   .000E+00
     72.8000   .000E+00   .000E+00   .000E+00   .000E+00   .684E+00   .000E+00   .000E+00   .000E+00   .000E+00
     73.0000   .000E+00   .000E+00   .000E+00   .000E+00   .682E+00   .000E+00   .000E+00   .000E+00   .000E+00
     73.0020   .000E+00   .000E+00   .000E+00   .000E+00   .637E+01   .000E+00   .000E+00   .000E+00   .000E+00
     73.0046   .000E+00   .000E+00   .000E+00   .000E+00   .365E+01   .000E+00   .000E+00   .000E+00   .000E+00
     73.0080   .000E+00   .000E+00   .000E+00   .000E+00   .364E+01   .000E+00   .000E+00   .000E+00   .000E+00
     73.0123   .000E+00   .000E+00   .000E+00   .000E+00   .364E+01   .000E+00   .000E+00   .000E+00   .000E+00
     73.0180   .000E+00   .000E+00   .000E+00   .000E+00   .363E+01   .000E+00   .000E+00   .000E+00   .000E+00
     73.0253   .000E+00   .000E+00   .000E+00   .000E+00   .363E+01   .000E+00   .000E+00   .000E+00   .000E+00
     73.0350   .000E+00   .000E+00   .000E+00   .000E+00   .363E+01   .000E+00   .000E+00   .000E+00   .000E+00
     73.0477   .000E+00   .000E+00   .000E+00   .000E+00   .362E+01   .000E+00   .000E+00   .000E+00   .000E+00
     73.0646   .000E+00   .000E+00   .000E+00   .000E+00   .362E+01   .000E+00   .000E+00   .000E+00   .000E+00
     73.0872   .000E+00   .000E+00   .000E+00   .000E+00   .362E+01   .000E+00   .000E+00   .000E+00   .000E+00
     73.1154   .000E+00   .000E+00   .000E+00   .000E+00   .362E+01   .000E+00   .000E+00   .000E+00   .000E+00
     73.1577   .000E+00   .000E+00   .000E+00   .000E+00   .361E+01   .000E+00   .000E+00   .000E+00   .000E+00
     73.2000   .000E+00   .000E+00   .000E+00   .000E+00   .361E+01   .000E+00   .000E+00   .000E+00   .000E+00
     73.2471   .000E+00   .000E+00   .000E+00   .000E+00   .361E+01   .000E+00   .000E+00   .000E+00   .000E+00
     73.3098   .000E+00   .000E+00   .000E+00   .000E+00   .360E+01   .000E+00   .000E+00   .000E+00   .000E+00
     73.3865   .000E+00   .000E+00   .000E+00   .000E+00   .360E+01   .000E+00   .000E+00   .000E+00   .000E+00
     73.4887   .000E+00   .000E+00   .000E+00   .000E+00   .359E+01   .000E+00   .000E+00   .000E+00   .000E+00
     73.6166   .000E+00   .000E+00   .000E+00   .000E+00   .358E+01   .000E+00   .000E+00   .000E+00   .000E+00
     73.8083   .000E+00   .000E+00   .000E+00   .000E+00   .357E+01   .000E+00   .000E+00   .000E+00   .000E+00
     74.0000   .000E+00   .000E+00   .000E+00   .000E+00   .356E+01   .000E+00   .000E+00   .000E+00   .000E+00
     74.2222   .000E+00   .000E+00   .000E+00   .000E+00   .354E+01   .000E+00   .000E+00   .000E+00   .000E+00
     74.5185   .000E+00   .000E+00   .000E+00   .000E+00   .353E+01   .000E+00   .000E+00   .000E+00   .000E+00
     74.8889   .000E+00   .000E+00   .000E+00   .000E+00   .351E+01   .000E+00   .000E+00   .000E+00   .000E+00
     75.4444   .000E+00   .000E+00   .000E+00   .000E+00   .347E+01   .000E+00   .000E+00   .000E+00   .000E+00
     76.0000   .000E+00   .000E+00   .000E+00   .000E+00   .344E+01   .000E+00   .000E+00   .000E+00   .000E+00
     76.6400   .000E+00   .000E+00   .000E+00   .000E+00   .341E+01   .000E+00   .000E+00   .000E+00   .000E+00
     77.4933   .000E+00   .000E+00   .000E+00   .000E+00   .337E+01   .000E+00   .000E+00   .000E+00   .000E+00
     78.6092   .000E+00   .000E+00   .000E+00   .000E+00   .331E+01   .000E+00   .000E+00   .000E+00   .000E+00
     80.0971   .000E+00   .000E+00   .000E+00   .000E+00   .324E+01   .000E+00   .000E+00   .000E+00   .000E+00
     82.0809   .000E+00   .000E+00   .000E+00   .000E+00   .315E+01   .000E+00   .000E+00   .000E+00   .000E+00
     84.5607   .000E+00   .000E+00   .000E+00   .000E+00   .305E+01   .000E+00   .000E+00   .000E+00   .000E+00
     88.2803   .000E+00   .000E+00   .000E+00   .000E+00   .292E+01   .000E+00   .000E+00   .000E+00   .000E+00
     92.0000   .000E+00   .000E+00   .000E+00   .000E+00   .279E+01   .000E+00   .000E+00   .000E+00   .000E+00
     96.0000   .000E+00   .000E+00   .000E+00   .000E+00   .267E+01   .000E+00   .000E+00   .000E+00   .000E+00
    100.0000   .000E+00   .000E+00   .000E+00   .000E+00   .255E+01   .000E+00   .000E+00   .000E+00   .000E+00
    105.0000   .000E+00   .000E+00   .000E+00   .000E+00   .242E+01   .000E+00   .000E+00   .000E+00   .000E+00
    110.0000   .000E+00   .000E+00   .000E+00   .000E+00   .231E+01   .000E+00   .000E+00   .000E+00   .000E+00
    112.5000   .000E+00   .000E+00   .000E+00   .000E+00   .225E+01   .000E+00   .000E+00   .000E+00   .000E+00
    115.0000   .000E+00   .000E+00   .000E+00   .000E+00   .220E+01   .000E+00   .000E+00   .000E+00   .000E+00
    120.0000   .000E+00   .000E+00   .000E+00   .000E+00   .210E+01   .000E+00   .000E+00   .000E+00   .000E+00
    125.0000   .000E+00   .000E+00   .000E+00   .000E+00   .200E+01   .000E+00   .000E+00   .000E+00   .000E+00
    130.0000   .000E+00   .000E+00   .000E+00   .000E+00   .192E+01   .000E+00   .000E+00   .000E+00   .000E+00
    135.0000   .000E+00   .000E+00   .000E+00   .000E+00   .183E+01   .000E+00   .000E+00   .000E+00   .000E+00
    139.9999   .000E+00   .000E+00   .000E+00   .000E+00   .175E+01   .000E+00   .000E+00   .000E+00   .000E+00
    144.9999   .000E+00   .000E+00   .000E+00   .000E+00   .168E+01   .000E+00   .000E+00   .000E+00   .000E+00
    147.5000   .000E+00   .000E+00   .000E+00   .000E+00   .164E+01   .000E+00   .000E+00   .000E+00   .000E+00
    150.0000   .000E+00   .000E+00   .000E+00   .000E+00   .161E+01   .000E+00   .000E+00   .000E+00   .000E+00
    154.8333   .000E+00   .000E+00   .000E+00   .000E+00   .155E+01   .000E+00   .000E+00   .000E+00   .000E+00
    159.6667   .000E+00   .000E+00   .000E+00   .000E+00   .148E+01   .000E+00   .000E+00   .000E+00   .000E+00
    164.5000   .000E+00   .000E+00   .000E+00   .000E+00   .143E+01   .000E+00   .000E+00   .000E+00   .000E+00
    169.3333   .000E+00   .000E+00   .000E+00   .000E+00   .138E+01   .000E+00   .000E+00   .000E+00   .000E+00
    174.1667   .000E+00   .000E+00   .000E+00   .000E+00   .132E+01   .000E+00   .000E+00   .000E+00   .000E+00
    179.0000   .000E+00   .000E+00   .000E+00   .000E+00   .127E+01   .000E+00   .000E+00   .000E+00   .000E+00
    184.0000   .000E+00   .000E+00   .000E+00   .000E+00   .123E+01   .000E+00   .000E+00   .000E+00   .000E+00
    189.0000   .000E+00   .000E+00   .000E+00   .000E+00   .118E+01   .000E+00   .000E+00   .000E+00   .000E+00
    194.0000   .000E+00   .000E+00   .000E+00   .000E+00   .113E+01   .000E+00   .000E+00   .000E+00   .000E+00
    197.0000   .000E+00   .000E+00   .000E+00   .000E+00   .111E+01   .000E+00   .000E+00   .000E+00   .000E+00
    200.0000   .000E+00   .000E+00   .000E+00   .000E+00   .108E+01   .000E+00   .000E+00   .000E+00   .000E+00
    205.0000   .000E+00   .000E+00   .000E+00   .000E+00   .104E+01   .000E+00   .000E+00   .000E+00   .000E+00
    210.0000   .000E+00   .000E+00   .000E+00   .000E+00   .100E+01   .000E+00   .000E+00   .000E+00   .000E+00
    213.5000   .000E+00   .000E+00   .000E+00   .000E+00   .978E+00   .000E+00   .000E+00   .000E+00   .000E+00
    217.0000   .000E+00   .000E+00   .000E+00   .000E+00   .952E+00   .000E+00   .000E+00   .000E+00   .000E+00
    217.0020   .000E+00   .000E+00   .000E+00   .000E+00   .127E+02   .000E+00   .000E+00   .000E+00   .000E+00
    217.0046   .000E+00   .000E+00   .000E+00   .000E+00   .564E+01   .000E+00   .000E+00   .000E+00   .000E+00
    217.0080   .000E+00   .000E+00   .000E+00   .000E+00   .562E+01   .000E+00   .000E+00   .000E+00   .000E+00
    217.0124   .000E+00   .000E+00   .000E+00   .000E+00   .561E+01   .000E+00   .000E+00   .000E+00   .000E+00
    217.0181   .000E+00   .000E+00   .000E+00   .000E+00   .559E+01   .000E+00   .000E+00   .000E+00   .000E+00
    217.0255   .000E+00   .000E+00   .000E+00   .000E+00   .558E+01   .000E+00   .000E+00   .000E+00   .000E+00
    217.0352   .000E+00   .000E+00   .000E+00   .000E+00   .557E+01   .000E+00   .000E+00   .000E+00   .000E+00
    217.0478   .000E+00   .000E+00   .000E+00   .000E+00   .556E+01   .000E+00   .000E+00   .000E+00   .000E+00
    217.0639   .000E+00   .000E+00   .000E+00   .000E+00   .554E+01   .000E+00   .000E+00   .000E+00   .000E+00
    217.0847   .000E+00   .000E+00   .000E+00   .000E+00   .553E+01   .000E+00   .000E+00   .000E+00   .000E+00
    217.1124   .000E+00   .000E+00   .000E+00   .000E+00   .552E+01   .000E+00   .000E+00   .000E+00   .000E+00
    217.1476   .000E+00   .000E+00   .000E+00   .000E+00   .551E+01   .000E+00   .000E+00   .000E+00   .000E+00
    217.1917   .000E+00   .000E+00   .000E+00   .000E+00   .550E+01   .000E+00   .000E+00   .000E+00   .000E+00
    217.2533   .000E+00   .000E+00   .000E+00   .000E+00   .549E+01   .000E+00   .000E+00   .000E+00   .000E+00
    217.3356   .000E+00   .000E+00   .000E+00   .000E+00   .548E+01   .000E+00   .000E+00   .000E+00   .000E+00
    217.4178   .000E+00   .000E+00   .000E+00   .000E+00   .547E+01   .000E+00   .000E+00   .000E+00   .000E+00
    217.5000   .000E+00   .000E+00   .000E+00   .000E+00   .546E+01   .000E+00   .000E+00   .000E+00   .000E+00
    217.6336   .000E+00   .000E+00   .000E+00   .000E+00   .545E+01   .000E+00   .000E+00   .000E+00   .000E+00
    217.8073   .000E+00   .000E+00   .000E+00   .000E+00   .544E+01   .000E+00   .000E+00   .000E+00   .000E+00
    218.0335   .000E+00   .000E+00   .000E+00   .000E+00   .543E+01   .000E+00   .000E+00   .000E+00   .000E+00
    218.3260   .000E+00   .000E+00   .000E+00   .000E+00   .541E+01   .000E+00   .000E+00   .000E+00   .000E+00
    218.7050   .000E+00   .000E+00   .000E+00   .000E+00   .538E+01   .000E+00   .000E+00   .000E+00   .000E+00
    219.1987   .000E+00   .000E+00   .000E+00   .000E+00   .536E+01   .000E+00   .000E+00   .000E+00   .000E+00
    219.8308   .000E+00   .000E+00   .000E+00   .000E+00   .532E+01   .000E+00   .000E+00   .000E+00   .000E+00
    220.6735   .000E+00   .000E+00   .000E+00   .000E+00   .528E+01   .000E+00   .000E+00   .000E+00   .000E+00
    221.7756   .000E+00   .000E+00   .000E+00   .000E+00   .523E+01   .000E+00   .000E+00   .000E+00   .000E+00
    223.2449   .000E+00   .000E+00   .000E+00   .000E+00   .516E+01   .000E+00   .000E+00   .000E+00   .000E+00
    225.2041   .000E+00   .000E+00   .000E+00   .000E+00   .507E+01   .000E+00   .000E+00   .000E+00   .000E+00
    227.1633   .000E+00   .000E+00   .000E+00   .000E+00   .499E+01   .000E+00   .000E+00   .000E+00   .000E+00
    229.1225   .000E+00   .000E+00   .000E+00   .000E+00   .491E+01   .000E+00   .000E+00   .000E+00   .000E+00
    231.0816   .000E+00   .000E+00   .000E+00   .000E+00   .483E+01   .000E+00   .000E+00   .000E+00   .000E+00
    233.0408   .000E+00   .000E+00   .000E+00   .000E+00   .475E+01   .000E+00   .000E+00   .000E+00   .000E+00
    235.0000   .000E+00   .000E+00   .000E+00   .000E+00   .467E+01   .000E+00   .000E+00   .000E+00   .000E+00
    237.4286   .000E+00   .000E+00   .000E+00   .000E+00   .458E+01   .000E+00   .000E+00   .000E+00   .000E+00
    239.8571   .000E+00   .000E+00   .000E+00   .000E+00   .449E+01   .000E+00   .000E+00   .000E+00   .000E+00
    242.2857   .000E+00   .000E+00   .000E+00   .000E+00   .441E+01   .000E+00   .000E+00   .000E+00   .000E+00
    244.7143   .000E+00   .000E+00   .000E+00   .000E+00   .432E+01   .000E+00   .000E+00   .000E+00   .000E+00
    247.1429   .000E+00   .000E+00   .000E+00   .000E+00   .424E+01   .000E+00   .000E+00   .000E+00   .000E+00
    249.5714   .000E+00   .000E+00   .000E+00   .000E+00   .415E+01   .000E+00   .000E+00   .000E+00   .000E+00
    252.0000   .000E+00   .000E+00   .000E+00   .000E+00   .407E+01   .000E+00   .000E+00   .000E+00   .000E+00
    254.4286   .000E+00   .000E+00   .000E+00   .000E+00   .399E+01   .000E+00   .000E+00   .000E+00   .000E+00
    256.8571   .000E+00   .000E+00   .000E+00   .000E+00   .391E+01   .000E+00   .000E+00   .000E+00   .000E+00
    259.2857   .000E+00   .000E+00   .000E+00   .000E+00   .383E+01   .000E+00   .000E+00   .000E+00   .000E+00
    261.7143   .000E+00   .000E+00   .000E+00   .000E+00   .376E+01   .000E+00   .000E+00   .000E+00   .000E+00
    264.1429   .000E+00   .000E+00   .000E+00   .000E+00   .368E+01   .000E+00   .000E+00   .000E+00   .000E+00
    266.5714   .000E+00   .000E+00   .000E+00   .000E+00   .360E+01   .000E+00   .000E+00   .000E+00   .000E+00
    269.0000   .000E+00   .000E+00   .000E+00   .000E+00   .353E+01   .000E+00   .000E+00   .000E+00   .000E+00
    271.3333   .000E+00   .000E+00   .000E+00   .000E+00   .346E+01   .000E+00   .000E+00   .000E+00   .000E+00
    273.6667   .000E+00   .000E+00   .000E+00   .000E+00   .339E+01   .000E+00   .000E+00   .000E+00   .000E+00
    276.0000   .000E+00   .000E+00   .000E+00   .000E+00   .333E+01   .000E+00   .000E+00   .000E+00   .000E+00
    278.3334   .000E+00   .000E+00   .000E+00   .000E+00   .326E+01   .000E+00   .000E+00   .000E+00   .000E+00
    280.6667   .000E+00   .000E+00   .000E+00   .000E+00   .320E+01   .000E+00   .000E+00   .000E+00   .000E+00
    283.0000   .000E+00   .000E+00   .000E+00   .000E+00   .314E+01   .000E+00   .000E+00   .000E+00   .000E+00
    285.3334   .000E+00   .000E+00   .000E+00   .000E+00   .308E+01   .000E+00   .000E+00   .000E+00   .000E+00
    287.6667   .000E+00   .000E+00   .000E+00   .000E+00   .303E+01   .000E+00   .000E+00   .000E+00   .000E+00
    290.0000   .000E+00   .000E+00   .000E+00   .000E+00   .297E+01   .000E+00   .000E+00   .000E+00   .000E+00
    292.3333   .000E+00   .000E+00   .000E+00   .000E+00   .291E+01   .000E+00   .000E+00   .000E+00   .000E+00
    294.6667   .000E+00   .000E+00   .000E+00   .000E+00   .286E+01   .000E+00   .000E+00   .000E+00   .000E+00
    297.0000   .000E+00   .000E+00   .000E+00   .000E+00   .281E+01   .000E+00   .000E+00   .000E+00   .000E+00
    300.0000   .000E+00   .000E+00   .000E+00   .000E+00   .274E+01   .000E+00   .000E+00   .000E+00   .000E+00
    302.6000   .000E+00   .000E+00   .000E+00   .000E+00   .268E+01   .000E+00   .000E+00   .000E+00   .000E+00
    305.2000   .000E+00   .000E+00   .000E+00   .000E+00   .263E+01   .000E+00   .000E+00   .000E+00   .000E+00
    307.8000   .000E+00   .000E+00   .000E+00   .000E+00   .257E+01   .000E+00   .000E+00   .000E+00   .000E+00
    310.4000   .000E+00   .000E+00   .000E+00   .000E+00   .252E+01   .000E+00   .000E+00   .000E+00   .000E+00
    313.0000   .000E+00   .000E+00   .000E+00   .000E+00   .247E+01   .000E+00   .000E+00   .000E+00   .000E+00
    315.3182   .000E+00   .000E+00   .000E+00   .000E+00   .242E+01   .000E+00   .000E+00   .000E+00   .000E+00
    318.6299   .000E+00   .000E+00   .000E+00   .000E+00   .236E+01   .000E+00   .000E+00   .000E+00   .000E+00
    321.9415   .000E+00   .000E+00   .000E+00   .000E+00   .229E+01   .000E+00   .000E+00   .000E+00   .000E+00
    325.2532   .000E+00   .000E+00   .000E+00   .000E+00   .223E+01   .000E+00   .000E+00   .000E+00   .000E+00
    328.5649   .000E+00   .000E+00   .000E+00   .000E+00   .217E+01   .000E+00   .000E+00   .000E+00   .000E+00
    331.8766   .000E+00   .000E+00   .000E+00   .000E+00   .211E+01   .000E+00   .000E+00   .000E+00   .000E+00
    335.1883   .000E+00   .000E+00   .000E+00   .000E+00   .205E+01   .000E+00   .000E+00   .000E+00   .000E+00
    338.5000   .000E+00   .000E+00   .000E+00   .000E+00   .199E+01   .000E+00   .000E+00   .000E+00   .000E+00
    339.0000   .000E+00   .000E+00   .000E+00   .000E+00   .198E+01   .000E+00   .000E+00   .000E+00   .000E+00
    339.0020   .000E+00   .000E+00   .000E+00   .000E+00   .288E+02   .000E+00   .000E+00   .000E+00   .000E+00
    339.0046   .000E+00   .000E+00   .000E+00   .000E+00   .895E+01   .000E+00   .000E+00   .000E+00   .000E+00
    339.0080   .000E+00   .000E+00   .000E+00   .000E+00   .886E+01   .000E+00   .000E+00   .000E+00   .000E+00
    339.0124   .000E+00   .000E+00   .000E+00   .000E+00   .877E+01   .000E+00   .000E+00   .000E+00   .000E+00
    339.0181   .000E+00   .000E+00   .000E+00   .000E+00   .868E+01   .000E+00   .000E+00   .000E+00   .000E+00
    339.0255   .000E+00   .000E+00   .000E+00   .000E+00   .859E+01   .000E+00   .000E+00   .000E+00   .000E+00
    339.0352   .000E+00   .000E+00   .000E+00   .000E+00   .850E+01   .000E+00   .000E+00   .000E+00   .000E+00
    339.0477   .000E+00   .000E+00   .000E+00   .000E+00   .840E+01   .000E+00   .000E+00   .000E+00   .000E+00
    339.0602   .000E+00   .000E+00   .000E+00   .000E+00   .832E+01   .000E+00   .000E+00   .000E+00   .000E+00
    339.0765   .000E+00   .000E+00   .000E+00   .000E+00   .822E+01   .000E+00   .000E+00   .000E+00   .000E+00
    339.0929   .000E+00   .000E+00   .000E+00   .000E+00   .815E+01   .000E+00   .000E+00   .000E+00   .000E+00
    339.1142   .000E+00   .000E+00   .000E+00   .000E+00   .806E+01   .000E+00   .000E+00   .000E+00   .000E+00
    339.1356   .000E+00   .000E+00   .000E+00   .000E+00   .799E+01   .000E+00   .000E+00   .000E+00   .000E+00
    339.1634   .000E+00   .000E+00   .000E+00   .000E+00   .791E+01   .000E+00   .000E+00   .000E+00   .000E+00
    339.1912   .000E+00   .000E+00   .000E+00   .000E+00   .783E+01   .000E+00   .000E+00   .000E+00   .000E+00
    339.2191   .000E+00   .000E+00   .000E+00   .000E+00   .778E+01   .000E+00   .000E+00   .000E+00   .000E+00
    339.2546   .000E+00   .000E+00   .000E+00   .000E+00   .770E+01   .000E+00   .000E+00   .000E+00   .000E+00
    339.2902   .000E+00   .000E+00   .000E+00   .000E+00   .765E+01   .000E+00   .000E+00   .000E+00   .000E+00
    339.3368   .000E+00   .000E+00   .000E+00   .000E+00   .757E+01   .000E+00   .000E+00   .000E+00   .000E+00
    339.3833   .000E+00   .000E+00   .000E+00   .000E+00   .751E+01   .000E+00   .000E+00   .000E+00   .000E+00
    339.4298   .000E+00   .000E+00   .000E+00   .000E+00   .747E+01   .000E+00   .000E+00   .000E+00   .000E+00
    339.4893   .000E+00   .000E+00   .000E+00   .000E+00   .740E+01   .000E+00   .000E+00   .000E+00   .000E+00
    339.5487   .000E+00   .000E+00   .000E+00   .000E+00   .735E+01   .000E+00   .000E+00   .000E+00   .000E+00
    339.6082   .000E+00   .000E+00   .000E+00   .000E+00   .731E+01   .000E+00   .000E+00   .000E+00   .000E+00
    339.6893   .000E+00   .000E+00   .000E+00   .000E+00   .725E+01   .000E+00   .000E+00   .000E+00   .000E+00
    339.7704   .000E+00   .000E+00   .000E+00   .000E+00   .720E+01   .000E+00   .000E+00   .000E+00   .000E+00
    339.8514   .000E+00   .000E+00   .000E+00   .000E+00   .715E+01   .000E+00   .000E+00   .000E+00   .000E+00
    339.9325   .000E+00   .000E+00   .000E+00   .000E+00   .712E+01   .000E+00   .000E+00   .000E+00   .000E+00
    340.0271   .000E+00   .000E+00   .000E+00   .000E+00   .707E+01   .000E+00   .000E+00   .000E+00   .000E+00
    340.1216   .000E+00   .000E+00   .000E+00   .000E+00   .704E+01   .000E+00   .000E+00   .000E+00   .000E+00
    340.2478   .000E+00   .000E+00   .000E+00   .000E+00   .699E+01   .000E+00   .000E+00   .000E+00   .000E+00
    340.3739   .000E+00   .000E+00   .000E+00   .000E+00   .694E+01   .000E+00   .000E+00   .000E+00   .000E+00
    340.5000   .000E+00   .000E+00   .000E+00   .000E+00   .690E+01   .000E+00   .000E+00   .000E+00   .000E+00
    340.6325   .000E+00   .000E+00   .000E+00   .000E+00   .687E+01   .000E+00   .000E+00   .000E+00   .000E+00
    340.7651   .000E+00   .000E+00   .000E+00   .000E+00   .683E+01   .000E+00   .000E+00   .000E+00   .000E+00
    340.8976   .000E+00   .000E+00   .000E+00   .000E+00   .680E+01   .000E+00   .000E+00   .000E+00   .000E+00
    341.0302   .000E+00   .000E+00   .000E+00   .000E+00   .677E+01   .000E+00   .000E+00   .000E+00   .000E+00
    341.1627   .000E+00   .000E+00   .000E+00   .000E+00   .674E+01   .000E+00   .000E+00   .000E+00   .000E+00
    341.2952   .000E+00   .000E+00   .000E+00   .000E+00   .671E+01   .000E+00   .000E+00   .000E+00   .000E+00
    341.4278   .000E+00   .000E+00   .000E+00   .000E+00   .668E+01   .000E+00   .000E+00   .000E+00   .000E+00
    341.5603   .000E+00   .000E+00   .000E+00   .000E+00   .666E+01   .000E+00   .000E+00   .000E+00   .000E+00
    341.6928   .000E+00   .000E+00   .000E+00   .000E+00   .663E+01   .000E+00   .000E+00   .000E+00   .000E+00
    341.8254   .000E+00   .000E+00   .000E+00   .000E+00   .661E+01   .000E+00   .000E+00   .000E+00   .000E+00
    341.9579   .000E+00   .000E+00   .000E+00   .000E+00   .658E+01   .000E+00   .000E+00   .000E+00   .000E+00
    342.0905   .000E+00   .000E+00   .000E+00   .000E+00   .656E+01   .000E+00   .000E+00   .000E+00   .000E+00
    342.2230   .000E+00   .000E+00   .000E+00   .000E+00   .654E+01   .000E+00   .000E+00   .000E+00   .000E+00
    342.3555   .000E+00   .000E+00   .000E+00   .000E+00   .651E+01   .000E+00   .000E+00   .000E+00   .000E+00
    342.4881   .000E+00   .000E+00   .000E+00   .000E+00   .649E+01   .000E+00   .000E+00   .000E+00   .000E+00
    342.6206   .000E+00   .000E+00   .000E+00   .000E+00   .647E+01   .000E+00   .000E+00   .000E+00   .000E+00
    342.7531   .000E+00   .000E+00   .000E+00   .000E+00   .645E+01   .000E+00   .000E+00   .000E+00   .000E+00
    342.8857   .000E+00   .000E+00   .000E+00   .000E+00   .642E+01   .000E+00   .000E+00   .000E+00   .000E+00
    343.0182   .000E+00   .000E+00   .000E+00   .000E+00   .640E+01   .000E+00   .000E+00   .000E+00   .000E+00
    343.1508   .000E+00   .000E+00   .000E+00   .000E+00   .638E+01   .000E+00   .000E+00   .000E+00   .000E+00
    343.2833   .000E+00   .000E+00   .000E+00   .000E+00   .636E+01   .000E+00   .000E+00   .000E+00   .000E+00
    343.4158   .000E+00   .000E+00   .000E+00   .000E+00   .634E+01   .000E+00   .000E+00   .000E+00   .000E+00
    343.5484   .000E+00   .000E+00   .000E+00   .000E+00   .632E+01   .000E+00   .000E+00   .000E+00   .000E+00
    343.7212   .000E+00   .000E+00   .000E+00   .000E+00   .629E+01   .000E+00   .000E+00   .000E+00   .000E+00
    343.8941   .000E+00   .000E+00   .000E+00   .000E+00   .627E+01   .000E+00   .000E+00   .000E+00   .000E+00
    344.0669   .000E+00   .000E+00   .000E+00   .000E+00   .624E+01   .000E+00   .000E+00   .000E+00   .000E+00
    344.2398   .000E+00   .000E+00   .000E+00   .000E+00   .622E+01   .000E+00   .000E+00   .000E+00   .000E+00
    344.4126   .000E+00   .000E+00   .000E+00   .000E+00   .619E+01   .000E+00   .000E+00   .000E+00   .000E+00
    344.5855   .000E+00   .000E+00   .000E+00   .000E+00   .617E+01   .000E+00   .000E+00   .000E+00   .000E+00
    344.7583   .000E+00   .000E+00   .000E+00   .000E+00   .614E+01   .000E+00   .000E+00   .000E+00   .000E+00
    344.9312   .000E+00   .000E+00   .000E+00   .000E+00   .612E+01   .000E+00   .000E+00   .000E+00   .000E+00
    345.1040   .000E+00   .000E+00   .000E+00   .000E+00   .609E+01   .000E+00   .000E+00   .000E+00   .000E+00
    345.2769   .000E+00   .000E+00   .000E+00   .000E+00   .607E+01   .000E+00   .000E+00   .000E+00   .000E+00
    345.4497   .000E+00   .000E+00   .000E+00   .000E+00   .605E+01   .000E+00   .000E+00   .000E+00   .000E+00
    345.6226   .000E+00   .000E+00   .000E+00   .000E+00   .602E+01   .000E+00   .000E+00   .000E+00   .000E+00
    345.7954   .000E+00   .000E+00   .000E+00   .000E+00   .600E+01   .000E+00   .000E+00   .000E+00   .000E+00
    345.9683   .000E+00   .000E+00   .000E+00   .000E+00   .597E+01   .000E+00   .000E+00   .000E+00   .000E+00
    346.1411   .000E+00   .000E+00   .000E+00   .000E+00   .595E+01   .000E+00   .000E+00   .000E+00   .000E+00
    346.3140   .000E+00   .000E+00   .000E+00   .000E+00   .593E+01   .000E+00   .000E+00   .000E+00   .000E+00
    346.4869   .000E+00   .000E+00   .000E+00   .000E+00   .590E+01   .000E+00   .000E+00   .000E+00   .000E+00
    346.6597   .000E+00   .000E+00   .000E+00   .000E+00   .588E+01   .000E+00   .000E+00   .000E+00   .000E+00
    346.8326   .000E+00   .000E+00   .000E+00   .000E+00   .586E+01   .000E+00   .000E+00   .000E+00   .000E+00
    347.0055   .000E+00   .000E+00   .000E+00   .000E+00   .583E+01   .000E+00   .000E+00   .000E+00   .000E+00
    347.1783   .000E+00   .000E+00   .000E+00   .000E+00   .581E+01   .000E+00   .000E+00   .000E+00   .000E+00
    347.3512   .000E+00   .000E+00   .000E+00   .000E+00   .579E+01   .000E+00   .000E+00   .000E+00   .000E+00
    347.5240   .000E+00   .000E+00   .000E+00   .000E+00   .577E+01   .000E+00   .000E+00   .000E+00   .000E+00
    347.6969   .000E+00   .000E+00   .000E+00   .000E+00   .575E+01   .000E+00   .000E+00   .000E+00   .000E+00
    347.8698   .000E+00   .000E+00   .000E+00   .000E+00   .572E+01   .000E+00   .000E+00   .000E+00   .000E+00
    348.0427   .000E+00   .000E+00   .000E+00   .000E+00   .571E+01   .000E+00   .000E+00   .000E+00   .000E+00
    348.2732   .000E+00   .000E+00   .000E+00   .000E+00   .567E+01   .000E+00   .000E+00   .000E+00   .000E+00
    348.5037   .000E+00   .000E+00   .000E+00   .000E+00   .565E+01   .000E+00   .000E+00   .000E+00   .000E+00
    348.7342   .000E+00   .000E+00   .000E+00   .000E+00   .562E+01   .000E+00   .000E+00   .000E+00   .000E+00
    348.9647   .000E+00   .000E+00   .000E+00   .000E+00   .559E+01   .000E+00   .000E+00   .000E+00   .000E+00
    349.1952   .000E+00   .000E+00   .000E+00   .000E+00   .556E+01   .000E+00   .000E+00   .000E+00   .000E+00
    349.4257   .000E+00   .000E+00   .000E+00   .000E+00   .554E+01   .000E+00   .000E+00   .000E+00   .000E+00
    349.6561   .000E+00   .000E+00   .000E+00   .000E+00   .551E+01   .000E+00   .000E+00   .000E+00   .000E+00
    349.8866   .000E+00   .000E+00   .000E+00   .000E+00   .548E+01   .000E+00   .000E+00   .000E+00   .000E+00
    350.1171   .000E+00   .000E+00   .000E+00   .000E+00   .546E+01   .000E+00   .000E+00   .000E+00   .000E+00
    350.3476   .000E+00   .000E+00   .000E+00   .000E+00   .543E+01   .000E+00   .000E+00   .000E+00   .000E+00
    350.5781   .000E+00   .000E+00   .000E+00   .000E+00   .541E+01   .000E+00   .000E+00   .000E+00   .000E+00
    350.8085   .000E+00   .000E+00   .000E+00   .000E+00   .538E+01   .000E+00   .000E+00   .000E+00   .000E+00
    351.0390   .000E+00   .000E+00   .000E+00   .000E+00   .535E+01   .000E+00   .000E+00   .000E+00   .000E+00
    351.2695   .000E+00   .000E+00   .000E+00   .000E+00   .533E+01   .000E+00   .000E+00   .000E+00   .000E+00
    351.5000   .000E+00   .000E+00   .000E+00   .000E+00   .530E+01   .000E+00   .000E+00   .000E+00   .000E+00
    351.7232   .000E+00   .000E+00   .000E+00   .000E+00   .528E+01   .000E+00   .000E+00   .000E+00   .000E+00
    351.9464   .000E+00   .000E+00   .000E+00   .000E+00   .526E+01   .000E+00   .000E+00   .000E+00   .000E+00
    352.2404   .000E+00   .000E+00   .000E+00   .000E+00   .523E+01   .000E+00   .000E+00   .000E+00   .000E+00
    352.5344   .000E+00   .000E+00   .000E+00   .000E+00   .519E+01   .000E+00   .000E+00   .000E+00   .000E+00
    352.8283   .000E+00   .000E+00   .000E+00   .000E+00   .516E+01   .000E+00   .000E+00   .000E+00   .000E+00
    353.1223   .000E+00   .000E+00   .000E+00   .000E+00   .513E+01   .000E+00   .000E+00   .000E+00   .000E+00
    353.4163   .000E+00   .000E+00   .000E+00   .000E+00   .510E+01   .000E+00   .000E+00   .000E+00   .000E+00
    353.7103   .000E+00   .000E+00   .000E+00   .000E+00   .507E+01   .000E+00   .000E+00   .000E+00   .000E+00
    354.0043   .000E+00   .000E+00   .000E+00   .000E+00   .505E+01   .000E+00   .000E+00   .000E+00   .000E+00
    354.2983   .000E+00   .000E+00   .000E+00   .000E+00   .502E+01   .000E+00   .000E+00   .000E+00   .000E+00
    354.5923   .000E+00   .000E+00   .000E+00   .000E+00   .499E+01   .000E+00   .000E+00   .000E+00   .000E+00
    354.8863   .000E+00   .000E+00   .000E+00   .000E+00   .496E+01   .000E+00   .000E+00   .000E+00   .000E+00
    355.1803   .000E+00   .000E+00   .000E+00   .000E+00   .493E+01   .000E+00   .000E+00   .000E+00   .000E+00
    355.4742   .000E+00   .000E+00   .000E+00   .000E+00   .490E+01   .000E+00   .000E+00   .000E+00   .000E+00
    355.7682   .000E+00   .000E+00   .000E+00   .000E+00   .488E+01   .000E+00   .000E+00   .000E+00   .000E+00
    356.0623   .000E+00   .000E+00   .000E+00   .000E+00   .485E+01   .000E+00   .000E+00   .000E+00   .000E+00
    356.3562   .000E+00   .000E+00   .000E+00   .000E+00   .482E+01   .000E+00   .000E+00   .000E+00   .000E+00
    356.6502   .000E+00   .000E+00   .000E+00   .000E+00   .479E+01   .000E+00   .000E+00   .000E+00   .000E+00
    356.9442   .000E+00   .000E+00   .000E+00   .000E+00   .477E+01   .000E+00   .000E+00   .000E+00   .000E+00
    357.3156   .000E+00   .000E+00   .000E+00   .000E+00   .473E+01   .000E+00   .000E+00   .000E+00   .000E+00
    357.6870   .000E+00   .000E+00   .000E+00   .000E+00   .470E+01   .000E+00   .000E+00   .000E+00   .000E+00
    358.0583   .000E+00   .000E+00   .000E+00   .000E+00   .466E+01   .000E+00   .000E+00   .000E+00   .000E+00
    358.4297   .000E+00   .000E+00   .000E+00   .000E+00   .463E+01   .000E+00   .000E+00   .000E+00   .000E+00
    358.8011   .000E+00   .000E+00   .000E+00   .000E+00   .460E+01   .000E+00   .000E+00   .000E+00   .000E+00
    359.1724   .000E+00   .000E+00   .000E+00   .000E+00   .457E+01   .000E+00   .000E+00   .000E+00   .000E+00
    359.5438   .000E+00   .000E+00   .000E+00   .000E+00   .454E+01   .000E+00   .000E+00   .000E+00   .000E+00
    359.9151   .000E+00   .000E+00   .000E+00   .000E+00   .450E+01   .000E+00   .000E+00   .000E+00   .000E+00
    360.2865   .000E+00   .000E+00   .000E+00   .000E+00   .447E+01   .000E+00   .000E+00   .000E+00   .000E+00
    360.6578   .000E+00   .000E+00   .000E+00   .000E+00   .445E+01   .000E+00   .000E+00   .000E+00   .000E+00
    361.1353   .000E+00   .000E+00   .000E+00   .000E+00   .440E+01   .000E+00   .000E+00   .000E+00   .000E+00
    361.6127   .000E+00   .000E+00   .000E+00   .000E+00   .436E+01   .000E+00   .000E+00   .000E+00   .000E+00
    362.0902   .000E+00   .000E+00   .000E+00   .000E+00   .432E+01   .000E+00   .000E+00   .000E+00   .000E+00
    362.5676   .000E+00   .000E+00   .000E+00   .000E+00   .429E+01   .000E+00   .000E+00   .000E+00   .000E+00
    363.0451   .000E+00   .000E+00   .000E+00   .000E+00   .425E+01   .000E+00   .000E+00   .000E+00   .000E+00
    363.5225   .000E+00   .000E+00   .000E+00   .000E+00   .421E+01   .000E+00   .000E+00   .000E+00   .000E+00
    364.0000   .000E+00   .000E+00   .000E+00   .000E+00   .418E+01   .000E+00   .000E+00   .000E+00   .000E+00
    364.4898   .000E+00   .000E+00   .000E+00   .000E+00   .414E+01   .000E+00   .000E+00   .000E+00   .000E+00
    364.9796   .000E+00   .000E+00   .000E+00   .000E+00   .411E+01   .000E+00   .000E+00   .000E+00   .000E+00
    365.4694   .000E+00   .000E+00   .000E+00   .000E+00   .407E+01   .000E+00   .000E+00   .000E+00   .000E+00
    365.9592   .000E+00   .000E+00   .000E+00   .000E+00   .404E+01   .000E+00   .000E+00   .000E+00   .000E+00
    366.4490   .000E+00   .000E+00   .000E+00   .000E+00   .401E+01   .000E+00   .000E+00   .000E+00   .000E+00
    366.9388   .000E+00   .000E+00   .000E+00   .000E+00   .398E+01   .000E+00   .000E+00   .000E+00   .000E+00
    367.4286   .000E+00   .000E+00   .000E+00   .000E+00   .394E+01   .000E+00   .000E+00   .000E+00   .000E+00
    367.9185   .000E+00   .000E+00   .000E+00   .000E+00   .391E+01   .000E+00   .000E+00   .000E+00   .000E+00
    368.4083   .000E+00   .000E+00   .000E+00   .000E+00   .388E+01   .000E+00   .000E+00   .000E+00   .000E+00
    368.8981   .000E+00   .000E+00   .000E+00   .000E+00   .385E+01   .000E+00   .000E+00   .000E+00   .000E+00
    369.3879   .000E+00   .000E+00   .000E+00   .000E+00   .382E+01   .000E+00   .000E+00   .000E+00   .000E+00
    369.8777   .000E+00   .000E+00   .000E+00   .000E+00   .379E+01   .000E+00   .000E+00   .000E+00   .000E+00
    370.3675   .000E+00   .000E+00   .000E+00   .000E+00   .376E+01   .000E+00   .000E+00   .000E+00   .000E+00
    370.8573   .000E+00   .000E+00   .000E+00   .000E+00   .373E+01   .000E+00   .000E+00   .000E+00   .000E+00
    371.3471   .000E+00   .000E+00   .000E+00   .000E+00   .370E+01   .000E+00   .000E+00   .000E+00   .000E+00
    371.8369   .000E+00   .000E+00   .000E+00   .000E+00   .367E+01   .000E+00   .000E+00   .000E+00   .000E+00
    372.3267   .000E+00   .000E+00   .000E+00   .000E+00   .364E+01   .000E+00   .000E+00   .000E+00   .000E+00
    372.8165   .000E+00   .000E+00   .000E+00   .000E+00   .362E+01   .000E+00   .000E+00   .000E+00   .000E+00
    373.3062   .000E+00   .000E+00   .000E+00   .000E+00   .359E+01   .000E+00   .000E+00   .000E+00   .000E+00
    373.7960   .000E+00   .000E+00   .000E+00   .000E+00   .356E+01   .000E+00   .000E+00   .000E+00   .000E+00
    374.2858   .000E+00   .000E+00   .000E+00   .000E+00   .353E+01   .000E+00   .000E+00   .000E+00   .000E+00
    374.7756   .000E+00   .000E+00   .000E+00   .000E+00   .351E+01   .000E+00   .000E+00   .000E+00   .000E+00
    375.2654   .000E+00   .000E+00   .000E+00   .000E+00   .348E+01   .000E+00   .000E+00   .000E+00   .000E+00
    375.7552   .000E+00   .000E+00   .000E+00   .000E+00   .346E+01   .000E+00   .000E+00   .000E+00   .000E+00
    376.2450   .000E+00   .000E+00   .000E+00   .000E+00   .343E+01   .000E+00   .000E+00   .000E+00   .000E+00
    376.7348   .000E+00   .000E+00   .000E+00   .000E+00   .341E+01   .000E+00   .000E+00   .000E+00   .000E+00
    377.2246   .000E+00   .000E+00   .000E+00   .000E+00   .338E+01   .000E+00   .000E+00   .000E+00   .000E+00
    377.7144   .000E+00   .000E+00   .000E+00   .000E+00   .336E+01   .000E+00   .000E+00   .000E+00   .000E+00
    378.2042   .000E+00   .000E+00   .000E+00   .000E+00   .334E+01   .000E+00   .000E+00   .000E+00   .000E+00
    378.6940   .000E+00   .000E+00   .000E+00   .000E+00   .331E+01   .000E+00   .000E+00   .000E+00   .000E+00
    379.1837   .000E+00   .000E+00   .000E+00   .000E+00   .329E+01   .000E+00   .000E+00   .000E+00   .000E+00
    379.6735   .000E+00   .000E+00   .000E+00   .000E+00   .327E+01   .000E+00   .000E+00   .000E+00   .000E+00
    380.1633   .000E+00   .000E+00   .000E+00   .000E+00   .324E+01   .000E+00   .000E+00   .000E+00   .000E+00
    380.6531   .000E+00   .000E+00   .000E+00   .000E+00   .322E+01   .000E+00   .000E+00   .000E+00   .000E+00
    381.1429   .000E+00   .000E+00   .000E+00   .000E+00   .320E+01   .000E+00   .000E+00   .000E+00   .000E+00
    381.6327   .000E+00   .000E+00   .000E+00   .000E+00   .318E+01   .000E+00   .000E+00   .000E+00   .000E+00
    382.1225   .000E+00   .000E+00   .000E+00   .000E+00   .315E+01   .000E+00   .000E+00   .000E+00   .000E+00
    382.6123   .000E+00   .000E+00   .000E+00   .000E+00   .313E+01   .000E+00   .000E+00   .000E+00   .000E+00
    383.1021   .000E+00   .000E+00   .000E+00   .000E+00   .311E+01   .000E+00   .000E+00   .000E+00   .000E+00
    383.5919   .000E+00   .000E+00   .000E+00   .000E+00   .309E+01   .000E+00   .000E+00   .000E+00   .000E+00
    384.0817   .000E+00   .000E+00   .000E+00   .000E+00   .307E+01   .000E+00   .000E+00   .000E+00   .000E+00
    384.5715   .000E+00   .000E+00   .000E+00   .000E+00   .305E+01   .000E+00   .000E+00   .000E+00   .000E+00
    385.0612   .000E+00   .000E+00   .000E+00   .000E+00   .303E+01   .000E+00   .000E+00   .000E+00   .000E+00
    385.5510   .000E+00   .000E+00   .000E+00   .000E+00   .301E+01   .000E+00   .000E+00   .000E+00   .000E+00
    386.0408   .000E+00   .000E+00   .000E+00   .000E+00   .299E+01   .000E+00   .000E+00   .000E+00   .000E+00
    386.5306   .000E+00   .000E+00   .000E+00   .000E+00   .297E+01   .000E+00   .000E+00   .000E+00   .000E+00
    387.0204   .000E+00   .000E+00   .000E+00   .000E+00   .294E+01   .000E+00   .000E+00   .000E+00   .000E+00
    387.5102   .000E+00   .000E+00   .000E+00   .000E+00   .292E+01   .000E+00   .000E+00   .000E+00   .000E+00
    388.0000   .000E+00   .000E+00   .000E+00   .000E+00   .290E+01   .000E+00   .000E+00   .000E+00   .000E+00
    388.5000   .000E+00   .000E+00   .000E+00   .000E+00   .288E+01   .000E+00   .000E+00   .000E+00   .000E+00
    389.0000   .000E+00   .000E+00   .000E+00   .000E+00   .286E+01   .000E+00   .000E+00   .000E+00   .000E+00
    389.5000   .000E+00   .000E+00   .000E+00   .000E+00   .285E+01   .000E+00   .000E+00   .000E+00   .000E+00
    390.1563   .000E+00   .000E+00   .000E+00   .000E+00   .282E+01   .000E+00   .000E+00   .000E+00   .000E+00
    390.8125   .000E+00   .000E+00   .000E+00   .000E+00   .279E+01   .000E+00   .000E+00   .000E+00   .000E+00
    391.4688   .000E+00   .000E+00   .000E+00   .000E+00   .277E+01   .000E+00   .000E+00   .000E+00   .000E+00
    392.1250   .000E+00   .000E+00   .000E+00   .000E+00   .274E+01   .000E+00   .000E+00   .000E+00   .000E+00
    392.7813   .000E+00   .000E+00   .000E+00   .000E+00   .272E+01   .000E+00   .000E+00   .000E+00   .000E+00
    393.4375   .000E+00   .000E+00   .000E+00   .000E+00   .269E+01   .000E+00   .000E+00   .000E+00   .000E+00
    394.0938   .000E+00   .000E+00   .000E+00   .000E+00   .267E+01   .000E+00   .000E+00   .000E+00   .000E+00
    394.7500   .000E+00   .000E+00   .000E+00   .000E+00   .265E+01   .000E+00   .000E+00   .000E+00   .000E+00
    395.4063   .000E+00   .000E+00   .000E+00   .000E+00   .262E+01   .000E+00   .000E+00   .000E+00   .000E+00
    396.0625   .000E+00   .000E+00   .000E+00   .000E+00   .260E+01   .000E+00   .000E+00   .000E+00   .000E+00
    396.7188   .000E+00   .000E+00   .000E+00   .000E+00   .258E+01   .000E+00   .000E+00   .000E+00   .000E+00
    397.3750   .000E+00   .000E+00   .000E+00   .000E+00   .255E+01   .000E+00   .000E+00   .000E+00   .000E+00
    398.0313   .000E+00   .000E+00   .000E+00   .000E+00   .253E+01   .000E+00   .000E+00   .000E+00   .000E+00
    398.6875   .000E+00   .000E+00   .000E+00   .000E+00   .251E+01   .000E+00   .000E+00   .000E+00   .000E+00
    399.3438   .000E+00   .000E+00   .000E+00   .000E+00   .249E+01   .000E+00   .000E+00   .000E+00   .000E+00
    400.0000   .000E+00   .000E+00   .000E+00   .000E+00   .247E+01   .000E+00   .000E+00   .000E+00   .000E+00
    400.6316   .000E+00   .000E+00   .000E+00   .000E+00   .245E+01   .000E+00   .000E+00   .000E+00   .000E+00
    401.4436   .000E+00   .000E+00   .000E+00   .000E+00   .242E+01   .000E+00   .000E+00   .000E+00   .000E+00
    402.2557   .000E+00   .000E+00   .000E+00   .000E+00   .239E+01   .000E+00   .000E+00   .000E+00   .000E+00
    403.0677   .000E+00   .000E+00   .000E+00   .000E+00   .237E+01   .000E+00   .000E+00   .000E+00   .000E+00
    403.8797   .000E+00   .000E+00   .000E+00   .000E+00   .234E+01   .000E+00   .000E+00   .000E+00   .000E+00
    404.6918   .000E+00   .000E+00   .000E+00   .000E+00   .232E+01   .000E+00   .000E+00   .000E+00   .000E+00
    405.7358   .000E+00   .000E+00   .000E+00   .000E+00   .229E+01   .000E+00   .000E+00   .000E+00   .000E+00
    406.7798   .000E+00   .000E+00   .000E+00   .000E+00   .226E+01   .000E+00   .000E+00   .000E+00   .000E+00
    407.8239   .000E+00   .000E+00   .000E+00   .000E+00   .223E+01   .000E+00   .000E+00   .000E+00   .000E+00
    408.8679   .000E+00   .000E+00   .000E+00   .000E+00   .220E+01   .000E+00   .000E+00   .000E+00   .000E+00
    409.9120   .000E+00   .000E+00   .000E+00   .000E+00   .218E+01   .000E+00   .000E+00   .000E+00   .000E+00
    410.9560   .000E+00   .000E+00   .000E+00   .000E+00   .215E+01   .000E+00   .000E+00   .000E+00   .000E+00
    412.0000   .000E+00   .000E+00   .000E+00   .000E+00   .212E+01   .000E+00   .000E+00   .000E+00   .000E+00
    413.0909   .000E+00   .000E+00   .000E+00   .000E+00   .209E+01   .000E+00   .000E+00   .000E+00   .000E+00
    414.1818   .000E+00   .000E+00   .000E+00   .000E+00   .207E+01   .000E+00   .000E+00   .000E+00   .000E+00
    415.2727   .000E+00   .000E+00   .000E+00   .000E+00   .204E+01   .000E+00   .000E+00   .000E+00   .000E+00
    416.3636   .000E+00   .000E+00   .000E+00   .000E+00   .201E+01   .000E+00   .000E+00   .000E+00   .000E+00
    417.4546   .000E+00   .000E+00   .000E+00   .000E+00   .199E+01   .000E+00   .000E+00   .000E+00   .000E+00
    418.5455   .000E+00   .000E+00   .000E+00   .000E+00   .197E+01   .000E+00   .000E+00   .000E+00   .000E+00
    419.9481   .000E+00   .000E+00   .000E+00   .000E+00   .193E+01   .000E+00   .000E+00   .000E+00   .000E+00
    421.3506   .000E+00   .000E+00   .000E+00   .000E+00   .190E+01   .000E+00   .000E+00   .000E+00   .000E+00
    422.7532   .000E+00   .000E+00   .000E+00   .000E+00   .187E+01   .000E+00   .000E+00   .000E+00   .000E+00
    424.1558   .000E+00   .000E+00   .000E+00   .000E+00   .185E+01   .000E+00   .000E+00   .000E+00   .000E+00
    425.5584   .000E+00   .000E+00   .000E+00   .000E+00   .182E+01   .000E+00   .000E+00   .000E+00   .000E+00
    426.9610   .000E+00   .000E+00   .000E+00   .000E+00   .179E+01   .000E+00   .000E+00   .000E+00   .000E+00
    428.3636   .000E+00   .000E+00   .000E+00   .000E+00   .176E+01   .000E+00   .000E+00   .000E+00   .000E+00
    429.7662   .000E+00   .000E+00   .000E+00   .000E+00   .174E+01   .000E+00   .000E+00   .000E+00   .000E+00
    431.1688   .000E+00   .000E+00   .000E+00   .000E+00   .171E+01   .000E+00   .000E+00   .000E+00   .000E+00
    432.5714   .000E+00   .000E+00   .000E+00   .000E+00   .169E+01   .000E+00   .000E+00   .000E+00   .000E+00
    433.9740   .000E+00   .000E+00   .000E+00   .000E+00   .167E+01   .000E+00   .000E+00   .000E+00   .000E+00
    435.3766   .000E+00   .000E+00   .000E+00   .000E+00   .164E+01   .000E+00   .000E+00   .000E+00   .000E+00
    436.7792   .000E+00   .000E+00   .000E+00   .000E+00   .162E+01   .000E+00   .000E+00   .000E+00   .000E+00
    438.1818   .000E+00   .000E+00   .000E+00   .000E+00   .160E+01   .000E+00   .000E+00   .000E+00   .000E+00
    439.5844   .000E+00   .000E+00   .000E+00   .000E+00   .158E+01   .000E+00   .000E+00   .000E+00   .000E+00
    440.9870   .000E+00   .000E+00   .000E+00   .000E+00   .156E+01   .000E+00   .000E+00   .000E+00   .000E+00
    442.3896   .000E+00   .000E+00   .000E+00   .000E+00   .154E+01   .000E+00   .000E+00   .000E+00   .000E+00
    443.7922   .000E+00   .000E+00   .000E+00   .000E+00   .152E+01   .000E+00   .000E+00   .000E+00   .000E+00
    445.1948   .000E+00   .000E+00   .000E+00   .000E+00   .150E+01   .000E+00   .000E+00   .000E+00   .000E+00
    446.5974   .000E+00   .000E+00   .000E+00   .000E+00   .148E+01   .000E+00   .000E+00   .000E+00   .000E+00
    448.0000   .000E+00   .000E+00   .000E+00   .000E+00   .146E+01   .000E+00   .000E+00   .000E+00   .000E+00
    450.3636   .000E+00   .000E+00   .000E+00   .000E+00   .143E+01   .000E+00   .000E+00   .000E+00   .000E+00
    452.7273   .000E+00   .000E+00   .000E+00   .000E+00   .140E+01   .000E+00   .000E+00   .000E+00   .000E+00
    455.0909   .000E+00   .000E+00   .000E+00   .000E+00   .137E+01   .000E+00   .000E+00   .000E+00   .000E+00
    457.4546   .000E+00   .000E+00   .000E+00   .000E+00   .135E+01   .000E+00   .000E+00   .000E+00   .000E+00
    459.8182   .000E+00   .000E+00   .000E+00   .000E+00   .132E+01   .000E+00   .000E+00   .000E+00   .000E+00
    462.1819   .000E+00   .000E+00   .000E+00   .000E+00   .129E+01   .000E+00   .000E+00   .000E+00   .000E+00
    464.5455   .000E+00   .000E+00   .000E+00   .000E+00   .127E+01   .000E+00   .000E+00   .000E+00   .000E+00
    466.9091   .000E+00   .000E+00   .000E+00   .000E+00   .125E+01   .000E+00   .000E+00   .000E+00   .000E+00
    469.2728   .000E+00   .000E+00   .000E+00   .000E+00   .122E+01   .000E+00   .000E+00   .000E+00   .000E+00
    471.6364   .000E+00   .000E+00   .000E+00   .000E+00   .120E+01   .000E+00   .000E+00   .000E+00   .000E+00
    474.0001   .000E+00   .000E+00   .000E+00   .000E+00   .118E+01   .000E+00   .000E+00   .000E+00   .000E+00
    476.3637   .000E+00   .000E+00   .000E+00   .000E+00   .116E+01   .000E+00   .000E+00   .000E+00   .000E+00
    478.7273   .000E+00   .000E+00   .000E+00   .000E+00   .113E+01   .000E+00   .000E+00   .000E+00   .000E+00
    481.0909   .000E+00   .000E+00   .000E+00   .000E+00   .111E+01   .000E+00   .000E+00   .000E+00   .000E+00
    483.4546   .000E+00   .000E+00   .000E+00   .000E+00   .109E+01   .000E+00   .000E+00   .000E+00   .000E+00
    485.8182   .000E+00   .000E+00   .000E+00   .000E+00   .108E+01   .000E+00   .000E+00   .000E+00   .000E+00
    488.1818   .000E+00   .000E+00   .000E+00   .000E+00   .106E+01   .000E+00   .000E+00   .000E+00   .000E+00
    490.5455   .000E+00   .000E+00   .000E+00   .000E+00   .104E+01   .000E+00   .000E+00   .000E+00   .000E+00
    492.9091   .000E+00   .000E+00   .000E+00   .000E+00   .102E+01   .000E+00   .000E+00   .000E+00   .000E+00
    495.2727   .000E+00   .000E+00   .000E+00   .000E+00   .100E+01   .000E+00   .000E+00   .000E+00   .000E+00
    497.6364   .000E+00   .000E+00   .000E+00   .000E+00   .984E+00   .000E+00   .000E+00   .000E+00   .000E+00
    500.0000   .000E+00   .000E+00   .000E+00   .000E+00   .966E+00   .000E+00   .000E+00   .000E+00   .000E+00
    502.6000   .000E+00   .000E+00   .000E+00   .000E+00   .948E+00   .000E+00   .000E+00   .000E+00   .000E+00
    505.2000   .000E+00   .000E+00   .000E+00   .000E+00   .930E+00   .000E+00   .000E+00   .000E+00   .000E+00
    507.8000   .000E+00   .000E+00   .000E+00   .000E+00   .912E+00   .000E+00   .000E+00   .000E+00   .000E+00
    510.4000   .000E+00   .000E+00   .000E+00   .000E+00   .896E+00   .000E+00   .000E+00   .000E+00   .000E+00
    513.0000   .000E+00   .000E+00   .000E+00   .000E+00   .879E+00   .000E+00   .000E+00   .000E+00   .000E+00
    515.4286   .000E+00   .000E+00   .000E+00   .000E+00   .867E+00   .000E+00   .000E+00   .000E+00   .000E+00
    518.5858   .000E+00   .000E+00   .000E+00   .000E+00   .847E+00   .000E+00   .000E+00   .000E+00   .000E+00
    521.7429   .000E+00   .000E+00   .000E+00   .000E+00   .829E+00   .000E+00   .000E+00   .000E+00   .000E+00
    524.9000   .000E+00   .000E+00   .000E+00   .000E+00   .812E+00   .000E+00   .000E+00   .000E+00   .000E+00
    528.0572   .000E+00   .000E+00   .000E+00   .000E+00   .795E+00   .000E+00   .000E+00   .000E+00   .000E+00
    531.2144   .000E+00   .000E+00   .000E+00   .000E+00   .781E+00   .000E+00   .000E+00   .000E+00   .000E+00
    535.1608   .000E+00   .000E+00   .000E+00   .000E+00   .760E+00   .000E+00   .000E+00   .000E+00   .000E+00
    539.1072   .000E+00   .000E+00   .000E+00   .000E+00   .741E+00   .000E+00   .000E+00   .000E+00   .000E+00
    543.0536   .000E+00   .000E+00   .000E+00   .000E+00   .723E+00   .000E+00   .000E+00   .000E+00   .000E+00
    547.0000   .000E+00   .000E+00   .000E+00   .000E+00   .706E+00   .000E+00   .000E+00   .000E+00   .000E+00
    551.1250   .000E+00   .000E+00   .000E+00   .000E+00   .690E+00   .000E+00   .000E+00   .000E+00   .000E+00
    555.2500   .000E+00   .000E+00   .000E+00   .000E+00   .673E+00   .000E+00   .000E+00   .000E+00   .000E+00
    559.3750   .000E+00   .000E+00   .000E+00   .000E+00   .658E+00   .000E+00   .000E+00   .000E+00   .000E+00
    563.5000   .000E+00   .000E+00   .000E+00   .000E+00   .643E+00   .000E+00   .000E+00   .000E+00   .000E+00
    567.6250   .000E+00   .000E+00   .000E+00   .000E+00   .631E+00   .000E+00   .000E+00   .000E+00   .000E+00
    572.6250   .000E+00   .000E+00   .000E+00   .000E+00   .612E+00   .000E+00   .000E+00   .000E+00   .000E+00
    576.3125   .000E+00   .000E+00   .000E+00   .000E+00   .602E+00   .000E+00   .000E+00   .000E+00   .000E+00
    580.0000   .000E+00   .000E+00   .000E+00   .000E+00   .590E+00   .000E+00   .000E+00   .000E+00   .000E+00
    585.0000   .000E+00   .000E+00   .000E+00   .000E+00   .576E+00   .000E+00   .000E+00   .000E+00   .000E+00
    590.0000   .000E+00   .000E+00   .000E+00   .000E+00   .561E+00   .000E+00   .000E+00   .000E+00   .000E+00
    595.0000   .000E+00   .000E+00   .000E+00   .000E+00   .547E+00   .000E+00   .000E+00   .000E+00   .000E+00
    600.0000   .000E+00   .000E+00   .000E+00   .000E+00   .534E+00   .000E+00   .000E+00   .000E+00   .000E+00
    602.5000   .000E+00   .000E+00   .000E+00   .000E+00   .526E+00   .000E+00   .000E+00   .000E+00   .000E+00
    605.0000   .000E+00   .000E+00   .000E+00   .000E+00   .520E+00   .000E+00   .000E+00   .000E+00   .000E+00
end
