 Flow under a dam                                                        
 
 Program HYDRUS2
 Date:  17. 2.    Time:  14:46:30
 Time independent boundary conditions
 Vertical plane flow, V = L*L
 Units: L = m    , T = days , M = mmol 


 Time:       .1000

    i    n    x      z    Code     Q          v           h       th       Temp     Conc
                                 [V/T]      [L/T]        [L]     [-]        [C]    [M/L3]

    1    1  -70.0     .0    1   .226E-01  -.135E-01       10.0   .430     20.00
    2   60   80.0     .0    2  -.196E-01   .113E-01         .0   .430     20.00
    3   61   76.5     .0    2  -.387E-01   .114E-01         .0   .430     20.00
    4   62   73.2     .0    2  -.382E-01   .116E-01         .0   .430     20.00
    5   63   70.0     .0    2  -.380E-01   .120E-01         .0   .430     20.00
    6   64   66.8     .0    2  -.381E-01   .124E-01         .0   .430     20.00
    7   65   63.8     .0    2  -.386E-01   .130E-01         .0   .430     20.00
    8   66   60.9     .0    2  -.395E-01   .138E-01         .0   .430     20.00
    9   67   58.1     .0    2  -.403E-01   .147E-01         .0   .430     20.00
   10   68   55.4     .0    2  -.419E-01   .159E-01         .0   .430     20.00
   11   69   52.8     .0    2  -.437E-01   .173E-01         .0   .430     20.00
   12   70   50.3     .0    2  -.460E-01   .190E-01         .0   .430     20.00
   13   71   48.0     .0    2  -.488E-01   .211E-01         .0   .430     20.00
   14   72   45.7     .0    2  -.525E-01   .237E-01         .0   .430     20.00
   15   73   43.5     .0    2  -.565E-01   .269E-01         .0   .430     20.00
   16   74   41.5     .0    2  -.638E-01   .320E-01         .0   .430     20.00
   17   75   39.6     .0    2  -.700E-01   .371E-01         .0   .430     20.00
   18   76   37.7     .0    2  -.770E-01   .433E-01         .0   .430     20.00
   19   77   36.0     .0    2  -.393E-01   .456E-01         .0   .430     20.00
   20  160  -20.0     .0    1   .186E-01  -.223E-01       10.0   .430     20.00
   21  161  -21.7     .0    1   .376E-01  -.220E-01       10.0   .430     20.00
   22  162  -23.4     .0    1   .382E-01  -.212E-01       10.0   .430     20.00
   23  163  -25.3     .0    1   .388E-01  -.205E-01       10.0   .430     20.00
   24  164  -27.2     .0    1   .393E-01  -.199E-01       10.0   .430     20.00
   25  165  -29.2     .0    1   .400E-01  -.194E-01       10.0   .430     20.00
   26  166  -31.3     .0    1   .407E-01  -.189E-01       10.0   .430     20.00
   27  167  -33.5     .0    1   .412E-01  -.184E-01       10.0   .430     20.00
   28  168  -35.8     .0    1   .417E-01  -.179E-01       10.0   .430     20.00
   29  169  -38.2     .0    1   .420E-01  -.174E-01       10.0   .430     20.00
   30  170  -40.6     .0    1   .422E-01  -.169E-01       10.0   .430     20.00
   31  171  -43.2     .0    1   .424E-01  -.164E-01       10.0   .430     20.00
   32  172  -45.8     .0    1   .425E-01  -.159E-01       10.0   .430     20.00
   33  173  -48.5     .0    1   .425E-01  -.154E-01       10.0   .430     20.00
   34  174  -51.3     .0    1   .426E-01  -.150E-01       10.0   .430     20.00
   35  175  -54.2     .0    1   .429E-01  -.146E-01       10.0   .430     20.00
   36  176  -57.2     .0    1   .430E-01  -.142E-01       10.0   .430     20.00
   37  177  -60.3     .0    1   .434E-01  -.139E-01       10.0   .430     20.00
   38  178  -63.4     .0    1   .439E-01  -.137E-01       10.0   .430     20.00
   39  179  -66.7     .0    1   .447E-01  -.136E-01       10.0   .430     20.00
