 Flow Through the Dike with a Seepage Face                               
 
 Program HYDRUS2
 Date:   6. 4.    Time:   7:27:33
 Time dependent boundary conditions
 Vertical plane flow, V = L*L
 Units: L = cm   , T = days , M = mmol 


 Time:      2.5000

    i    n    x      z    Code     Q          v           h       th       Temp     Conc
                                 [V/T]      [L/T]        [L]     [-]        [C]    [M/L3]

    1    1 -100.0     .0    1   .267E-01  -.203E-01       50.0   .430     20.00  .102E+00
    2   39  100.0     .0    1  -.845E-01   .623E-01       10.0   .430     20.00  .671E-18
    3   40   97.8    1.6    1  -.165E+01   .598E+00        8.4   .430     20.00  .292E-17
    4   41   95.5    3.2    1  -.528E+01   .185E+01        6.8   .430     20.00  .198E-16
    5   42   93.1    4.8    1  -.107E+02   .363E+01        5.2   .430     20.00  .108E-15
    6   43   90.7    6.5    1  -.181E+02   .595E+01        3.5   .430     20.00  .535E-15
    7   44   88.1    8.3    1  -.282E+02   .900E+01        1.7   .430     20.00  .292E-14
    8   45   85.5   10.1    1  -.629E+02   .195E+02        -.1   .430     20.00  .108E-13
    9   46   82.8   12.0    2  -.287E+02   .864E+01         .0   .430     20.00  .234E-13
   10   47   80.1   13.9    2  -.188E+02   .552E+01         .0   .430     20.00  .365E-13
   11   48   77.2   15.9    2  -.494E+01   .141E+01         .0   .430     20.00  .523E-13
   12   49   74.3   18.0   -2   .000E+00   .000E+00        -.4   .430     20.00  .938E-13
   13   50   71.3   20.1   -2   .000E+00   .000E+00       -1.1   .429     20.00  .177E-12
   14   51   68.3   22.2   -2   .000E+00   .000E+00       -2.0   .428     20.00  .369E-12
   15   52   65.1   24.4   -2   .000E+00   .000E+00       -3.1   .426     20.00  .733E-12
   16   53   61.9   26.7   -2   .000E+00   .000E+00       -4.3   .423     20.00  .813E-12
   17   54   58.6   29.0   -2   .000E+00   .000E+00       -5.6   .420     20.00  .151E-11
   18   55   55.2   31.3   -2   .000E+00   .000E+00       -7.0   .416     20.00  .452E-11
   19   56   51.8   33.7   -2   .000E+00   .000E+00       -8.5   .412     20.00  .206E-11
   20   57   48.3   36.2   -2   .000E+00   .000E+00      -10.1   .407     20.00  .831E-11
   21   58   44.7   38.7   -2   .000E+00   .000E+00      -11.8   .402     20.00  .223E-10
   22   59   41.0   41.3   -2   .000E+00   .000E+00      -13.6   .396     20.00  .494E-10
   23   60   37.2   43.9   -2   .000E+00   .000E+00      -15.6   .389     20.00  .108E-09
   24   61   33.4   46.6   -2   .000E+00   .000E+00      -17.9   .382     20.00  .227E-09
   25   62   29.5   49.3   -2   .000E+00   .000E+00      -20.6   .374     20.00  .560E-09
   26   63   25.5   52.1   -2   .000E+00   .000E+00      -24.0   .363     20.00  .132E-08
   27   64   21.5   55.0   -2   .000E+00   .000E+00      -28.4   .351     20.00  .448E-08
   28   65   17.3   57.9   -4   .000E+00   .000E+00      -33.5   .338     20.00  .129E-07
   29   66   13.1   60.8   -4   .000E+00   .000E+00      -39.0   .325     20.00  .410E-07
   30   67    8.8   63.8   -4   .000E+00   .000E+00      -45.6   .311     20.00  .955E-07
   31   68    4.4   66.9   -4   .000E+00   .000E+00      -52.9   .298     20.00  .619E-06
   32   69     .0   70.0   -4   .000E+00   .000E+00      -57.8   .290     20.00  .118E-05
   33   70   -5.0   70.0   -4   .000E+00   .000E+00      -56.0   .293     20.00  .142E-04
   34   71  -10.0   70.0   -4   .000E+00   .000E+00      -51.2   .301     20.00  .814E-04
   35   72  -15.0   70.0   -4   .000E+00   .000E+00      -46.4   .309     20.00  .388E-03
   36   73  -20.0   70.0   -4   .000E+00   .000E+00      -42.5   .317     20.00  .186E-02
   37   74  -24.0   66.5   -4   .000E+00   .000E+00      -34.1   .336     20.00  .111E-01
   38   75  -27.8   63.2   -4   .000E+00   .000E+00      -25.7   .358     20.00  .528E-01
   39   76  -31.6   59.8   -4   .000E+00   .000E+00      -18.6   .380     20.00  .145E+00
   40   77  -35.3   56.6   -4   .000E+00   .000E+00      -12.4   .400     20.00  .292E+00
   41   78  -39.0   53.4   -4   .000E+00   .000E+00       -6.6   .418     20.00  .456E+00
   42   79  -42.6   50.3    1   .648E+02  -.138E+02        -.3   .430     20.00  .754E+00
   43   80  -46.1   47.2    1   .470E+02  -.102E+02        2.8   .430     20.00  .752E+00
   44   81  -49.5   44.2    1   .359E+02  -.799E+01        5.8   .430     20.00  .738E+00
   45   82  -52.8   41.3    1   .294E+02  -.669E+01        8.7   .430     20.00  .713E+00
   46   83  -56.1   38.4    1   .251E+02  -.585E+01       11.6   .430     20.00  .687E+00
   47   84  -59.3   35.6    1   .216E+02  -.516E+01       14.4   .430     20.00  .659E+00
   48   85  -62.4   32.9    1   .186E+02  -.455E+01       17.1   .430     20.00  .630E+00
   49   86  -65.4   30.2    1   .161E+02  -.403E+01       19.8   .430     20.00  .601E+00
   50   87  -68.4   27.7    1   .139E+02  -.357E+01       22.3   .430     20.00  .572E+00
   51   88  -71.3   25.1    1   .120E+02  -.316E+01       24.9   .430     20.00  .542E+00
   52   89  -74.1   22.7    1   .102E+02  -.278E+01       27.3   .430     20.00  .510E+00
   53   90  -76.8   20.3    1   .870E+01  -.243E+01       29.7   .430     20.00  .478E+00
   54   91  -79.5   17.9    1   .731E+01  -.210E+01       32.1   .430     20.00  .445E+00
   55   92  -82.1   15.7    1   .607E+01  -.179E+01       34.3   .430     20.00  .408E+00
   56   93  -84.6   13.5    1   .486E+01  -.148E+01       36.5   .430     20.00  .367E+00
   57   94  -87.0   11.4    1   .388E+01  -.122E+01       38.6   .430     20.00  .326E+00
   58   95  -89.4    9.3    1   .301E+01  -.979E+00       40.7   .430     20.00  .281E+00
   59   96  -91.6    7.3    1   .211E+01  -.708E+00       42.7   .430     20.00  .232E+00
   60   97  -93.8    5.4    1   .143E+01  -.497E+00       44.6   .430     20.00  .187E+00
   61   98  -96.0    3.5    1   .850E+00  -.306E+00       46.5   .430     20.00  .146E+00
   62   99  -98.0    1.7    1   .342E+00  -.128E+00       48.3   .430     20.00  .116E+00


 Time:      5.0000

    i    n    x      z    Code     Q          v           h       th       Temp     Conc
                                 [V/T]      [L/T]        [L]     [-]        [C]    [M/L3]

    1    1 -100.0     .0    1   .264E-01  -.201E-01       50.0   .430     20.00  .190E+00
    2   39  100.0     .0    1  -.849E-01   .626E-01       10.0   .430     20.00  .151E-10
    3   40   97.8    1.6    1  -.166E+01   .601E+00        8.4   .430     20.00  .365E-10
    4   41   95.5    3.2    1  -.531E+01   .186E+01        6.8   .430     20.00  .129E-09
    5   42   93.1    4.8    1  -.108E+02   .365E+01        5.2   .430     20.00  .396E-09
    6   43   90.7    6.5    1  -.182E+02   .598E+01        3.5   .430     20.00  .111E-08
    7   44   88.1    8.3    1  -.283E+02   .904E+01        1.7   .430     20.00  .330E-08
    8   45   85.5   10.1    1  -.631E+02   .195E+02        -.1   .430     20.00  .796E-08
    9   46   82.8   12.0    2  -.290E+02   .873E+01         .0   .430     20.00  .131E-07
   10   47   80.1   13.9    2  -.193E+02   .566E+01         .0   .430     20.00  .172E-07
   11   48   77.2   15.9    2  -.604E+01   .172E+01         .0   .430     20.00  .208E-07
   12   49   74.3   18.0   -2   .000E+00   .000E+00        -.3   .430     20.00  .277E-07
   13   50   71.3   20.1   -2   .000E+00   .000E+00       -1.0   .429     20.00  .382E-07
   14   51   68.3   22.2   -2   .000E+00   .000E+00       -2.0   .428     20.00  .560E-07
   15   52   65.1   24.4   -2   .000E+00   .000E+00       -3.1   .426     20.00  .793E-07
   16   53   61.9   26.7   -2   .000E+00   .000E+00       -4.3   .423     20.00  .890E-07
   17   54   58.6   29.0   -2   .000E+00   .000E+00       -5.5   .420     20.00  .120E-06
   18   55   55.2   31.3   -2   .000E+00   .000E+00       -6.9   .417     20.00  .209E-06
   19   56   51.8   33.7   -2   .000E+00   .000E+00       -8.4   .412     20.00  .185E-06
   20   57   48.3   36.2   -2   .000E+00   .000E+00       -9.9   .408     20.00  .294E-06
   21   58   44.7   38.7   -2   .000E+00   .000E+00      -11.6   .402     20.00  .456E-06
   22   59   41.0   41.3   -2   .000E+00   .000E+00      -13.4   .396     20.00  .726E-06
   23   60   37.2   43.9   -2   .000E+00   .000E+00      -15.4   .390     20.00  .105E-05
   24   61   33.4   46.6   -2   .000E+00   .000E+00      -17.6   .383     20.00  .169E-05
   25   62   29.5   49.3   -2   .000E+00   .000E+00      -20.2   .375     20.00  .288E-05
   26   63   25.5   52.1   -2   .000E+00   .000E+00      -23.5   .365     20.00  .520E-05
   27   64   21.5   55.0   -2   .000E+00   .000E+00      -27.8   .353     20.00  .116E-04
   28   65   17.3   57.9   -4   .000E+00   .000E+00      -32.4   .341     20.00  .224E-04
   29   66   13.1   60.8   -4   .000E+00   .000E+00      -37.4   .328     20.00  .420E-04
   30   67    8.8   63.8   -4   .000E+00   .000E+00      -43.1   .316     20.00  .675E-04
   31   68    4.4   66.9   -4   .000E+00   .000E+00      -49.1   .304     20.00  .149E-03
   32   69     .0   70.0   -4   .000E+00   .000E+00      -53.3   .297     20.00  .233E-03
   33   70   -5.0   70.0   -4   .000E+00   .000E+00      -51.9   .300     20.00  .104E-02
   34   71  -10.0   70.0   -4   .000E+00   .000E+00      -48.3   .306     20.00  .364E-02
   35   72  -15.0   70.0   -4   .000E+00   .000E+00      -44.5   .313     20.00  .106E-01
   36   73  -20.0   70.0   -4   .000E+00   .000E+00      -41.2   .320     20.00  .265E-01
   37   74  -24.0   66.5   -4   .000E+00   .000E+00      -33.3   .338     20.00  .797E-01
   38   75  -27.8   63.2   -4   .000E+00   .000E+00      -25.4   .359     20.00  .200E+00
   39   76  -31.6   59.8   -4   .000E+00   .000E+00      -18.4   .380     20.00  .352E+00
   40   77  -35.3   56.6   -4   .000E+00   .000E+00      -12.3   .400     20.00  .507E+00
   41   78  -39.0   53.4   -4   .000E+00   .000E+00       -6.5   .418     20.00  .636E+00
   42   79  -42.6   50.3    1   .641E+02  -.136E+02        -.3   .430     20.00  .840E+00
   43   80  -46.1   47.2    1   .464E+02  -.101E+02        2.8   .430     20.00  .845E+00
   44   81  -49.5   44.2    1   .354E+02  -.789E+01        5.8   .430     20.00  .839E+00
   45   82  -52.8   41.3    1   .290E+02  -.660E+01        8.7   .430     20.00  .821E+00
   46   83  -56.1   38.4    1   .248E+02  -.578E+01       11.6   .430     20.00  .799E+00
   47   84  -59.3   35.6    1   .213E+02  -.510E+01       14.4   .430     20.00  .774E+00
   48   85  -62.4   32.9    1   .183E+02  -.449E+01       17.1   .430     20.00  .748E+00
   49   86  -65.4   30.2    1   .159E+02  -.398E+01       19.8   .430     20.00  .720E+00
   50   87  -68.4   27.7    1   .137E+02  -.352E+01       22.3   .430     20.00  .690E+00
   51   88  -71.3   25.1    1   .118E+02  -.312E+01       24.9   .430     20.00  .660E+00
   52   89  -74.1   22.7    1   .101E+02  -.275E+01       27.3   .430     20.00  .626E+00
   53   90  -76.8   20.3    1   .859E+01  -.240E+01       29.7   .430     20.00  .590E+00
   54   91  -79.5   17.9    1   .722E+01  -.207E+01       32.1   .430     20.00  .553E+00
   55   92  -82.1   15.7    1   .599E+01  -.177E+01       34.3   .430     20.00  .512E+00
   56   93  -84.6   13.5    1   .480E+01  -.146E+01       36.5   .430     20.00  .466E+00
   57   94  -87.0   11.4    1   .383E+01  -.120E+01       38.6   .430     20.00  .419E+00
   58   95  -89.4    9.3    1   .298E+01  -.967E+00       40.7   .430     20.00  .369E+00
   59   96  -91.6    7.3    1   .208E+01  -.699E+00       42.7   .430     20.00  .317E+00
   60   97  -93.8    5.4    1   .141E+01  -.491E+00       44.6   .430     20.00  .271E+00
   61   98  -96.0    3.5    1   .839E+00  -.302E+00       46.5   .430     20.00  .232E+00
   62   99  -98.0    1.7    1   .337E+00  -.126E+00       48.3   .430     20.00  .203E+00


 Time:      7.5000

    i    n    x      z    Code     Q          v           h       th       Temp     Conc
                                 [V/T]      [L/T]        [L]     [-]        [C]    [M/L3]

    1    1 -100.0     .0    1   .264E-01  -.201E-01       50.0   .430     20.00  .272E+00
    2   39  100.0     .0    1  -.849E-01   .626E-01       10.0   .430     20.00  .308E-07
    3   40   97.8    1.6    1  -.166E+01   .601E+00        8.4   .430     20.00  .561E-07
    4   41   95.5    3.2    1  -.531E+01   .186E+01        6.8   .430     20.00  .139E-06
    5   42   93.1    4.8    1  -.108E+02   .365E+01        5.2   .430     20.00  .318E-06
    6   43   90.7    6.5    1  -.182E+02   .598E+01        3.5   .430     20.00  .671E-06
    7   44   88.1    8.3    1  -.283E+02   .904E+01        1.7   .430     20.00  .146E-05
    8   45   85.5   10.1    1  -.631E+02   .195E+02        -.1   .430     20.00  .277E-05
    9   46   82.8   12.0    2  -.290E+02   .873E+01         .0   .430     20.00  .395E-05
   10   47   80.1   13.9    2  -.193E+02   .566E+01         .0   .430     20.00  .475E-05
   11   48   77.2   15.9    2  -.607E+01   .173E+01         .0   .430     20.00  .539E-05
   12   49   74.3   18.0   -2   .000E+00   .000E+00        -.3   .430     20.00  .645E-05
   13   50   71.3   20.1   -2   .000E+00   .000E+00       -1.0   .429     20.00  .791E-05
   14   51   68.3   22.2   -2   .000E+00   .000E+00       -1.9   .428     20.00  .101E-04
   15   52   65.1   24.4   -2   .000E+00   .000E+00       -3.0   .426     20.00  .126E-04
   16   53   61.9   26.7   -2   .000E+00   .000E+00       -4.3   .423     20.00  .137E-04
   17   54   58.6   29.0   -2   .000E+00   .000E+00       -5.5   .420     20.00  .166E-04
   18   55   55.2   31.3   -2   .000E+00   .000E+00       -6.9   .417     20.00  .235E-04
   19   56   51.8   33.7   -2   .000E+00   .000E+00       -8.4   .412     20.00  .228E-04
   20   57   48.3   36.2   -2   .000E+00   .000E+00       -9.9   .408     20.00  .298E-04
   21   58   44.7   38.7   -2   .000E+00   .000E+00      -11.6   .402     20.00  .384E-04
   22   59   41.0   41.3   -2   .000E+00   .000E+00      -13.4   .396     20.00  .519E-04
   23   60   37.2   43.9   -2   .000E+00   .000E+00      -15.4   .390     20.00  .648E-04
   24   61   33.4   46.6   -2   .000E+00   .000E+00      -17.6   .383     20.00  .931E-04
   25   62   29.5   49.3   -2   .000E+00   .000E+00      -20.2   .375     20.00  .136E-03
   26   63   25.5   52.1   -2   .000E+00   .000E+00      -23.5   .365     20.00  .216E-03
   27   64   21.5   55.0   -2   .000E+00   .000E+00      -27.7   .353     20.00  .403E-03
   28   65   17.3   57.9   -4   .000E+00   .000E+00      -32.4   .341     20.00  .654E-03
   29   66   13.1   60.8   -4   .000E+00   .000E+00      -37.3   .328     20.00  .103E-02
   30   67    8.8   63.8   -4   .000E+00   .000E+00      -43.0   .316     20.00  .145E-02
   31   68    4.4   66.9   -4   .000E+00   .000E+00      -49.0   .305     20.00  .226E-02
   32   69     .0   70.0   -4   .000E+00   .000E+00      -53.2   .297     20.00  .323E-02
   33   70   -5.0   70.0   -4   .000E+00   .000E+00      -51.8   .300     20.00  .926E-02
   34   71  -10.0   70.0   -4   .000E+00   .000E+00      -48.2   .306     20.00  .240E-01
   35   72  -15.0   70.0   -4   .000E+00   .000E+00      -44.4   .314     20.00  .525E-01
   36   73  -20.0   70.0   -4   .000E+00   .000E+00      -41.2   .320     20.00  .980E-01
   37   74  -24.0   66.5   -4   .000E+00   .000E+00      -33.3   .338     20.00  .204E+00
   38   75  -27.8   63.2   -4   .000E+00   .000E+00      -25.3   .360     20.00  .371E+00
   39   76  -31.6   59.8   -4   .000E+00   .000E+00      -18.4   .380     20.00  .533E+00
   40   77  -35.3   56.6   -4   .000E+00   .000E+00      -12.3   .400     20.00  .662E+00
   41   78  -39.0   53.4   -4   .000E+00   .000E+00       -6.5   .418     20.00  .753E+00
   42   79  -42.6   50.3    1   .640E+02  -.136E+02        -.3   .430     20.00  .891E+00
   43   80  -46.1   47.2    1   .464E+02  -.101E+02        2.8   .430     20.00  .894E+00
   44   81  -49.5   44.2    1   .354E+02  -.788E+01        5.8   .430     20.00  .890E+00
   45   82  -52.8   41.3    1   .290E+02  -.660E+01        8.7   .430     20.00  .876E+00
   46   83  -56.1   38.4    1   .248E+02  -.578E+01       11.6   .430     20.00  .860E+00
   47   84  -59.3   35.6    1   .213E+02  -.509E+01       14.4   .430     20.00  .839E+00
   48   85  -62.4   32.9    1   .183E+02  -.449E+01       17.1   .430     20.00  .816E+00
   49   86  -65.4   30.2    1   .159E+02  -.398E+01       19.8   .430     20.00  .790E+00
   50   87  -68.4   27.7    1   .137E+02  -.352E+01       22.3   .430     20.00  .762E+00
   51   88  -71.3   25.1    1   .118E+02  -.312E+01       24.9   .430     20.00  .733E+00
   52   89  -74.1   22.7    1   .101E+02  -.275E+01       27.3   .430     20.00  .699E+00
   53   90  -76.8   20.3    1   .859E+01  -.240E+01       29.7   .430     20.00  .664E+00
   54   91  -79.5   17.9    1   .721E+01  -.207E+01       32.1   .430     20.00  .626E+00
   55   92  -82.1   15.7    1   .599E+01  -.177E+01       34.3   .430     20.00  .584E+00
   56   93  -84.6   13.5    1   .480E+01  -.146E+01       36.5   .430     20.00  .537E+00
   57   94  -87.0   11.4    1   .383E+01  -.120E+01       38.6   .430     20.00  .491E+00
   58   95  -89.4    9.3    1   .297E+01  -.966E+00       40.7   .430     20.00  .441E+00
   59   96  -91.6    7.3    1   .208E+01  -.699E+00       42.7   .430     20.00  .391E+00
   60   97  -93.8    5.4    1   .141E+01  -.491E+00       44.6   .430     20.00  .347E+00
   61   98  -96.0    3.5    1   .839E+00  -.302E+00       46.5   .430     20.00  .310E+00
   62   99  -98.0    1.7    1   .337E+00  -.126E+00       48.3   .430     20.00  .283E+00


 Time:     10.0000

    i    n    x      z    Code     Q          v           h       th       Temp     Conc
                                 [V/T]      [L/T]        [L]     [-]        [C]    [M/L3]

    1    1 -100.0     .0    1   .228E-01  -.174E-01       50.0   .430     20.00  .346E+00
    2   39  100.0     .0    1  -.888E-01   .655E-01       10.0   .430     20.00  .286E-05
    3   40   97.8    1.6    1  -.173E+01   .628E+00        8.4   .430     20.00  .440E-05
    4   41   95.5    3.2    1  -.555E+01   .195E+01        6.8   .430     20.00  .867E-05
    5   42   93.1    4.8    1  -.112E+02   .382E+01        5.2   .430     20.00  .162E-04
    6   43   90.7    6.5    1  -.190E+02   .624E+01        3.5   .430     20.00  .284E-04
    7   44   88.1    8.3    1  -.295E+02   .942E+01        1.7   .430     20.00  .504E-04
    8   45   85.5   10.1    1  -.648E+02   .201E+02        -.1   .430     20.00  .820E-04
    9   46   82.8   12.0    2  -.315E+02   .949E+01         .0   .430     20.00  .109E-03
   10   47   80.1   13.9    2  -.232E+02   .679E+01         .0   .430     20.00  .128E-03
   11   48   77.2   15.9    2  -.150E+02   .428E+01         .0   .430     20.00  .141E-03
   12   49   74.3   18.0    2  -.115E+01   .319E+00         .0   .430     20.00  .158E-03
   13   50   71.3   20.1   -2   .000E+00   .000E+00        -.5   .430     20.00  .178E-03
   14   51   68.3   22.2   -2   .000E+00   .000E+00       -1.2   .429     20.00  .209E-03
   15   52   65.1   24.4   -2   .000E+00   .000E+00       -2.2   .428     20.00  .243E-03
   16   53   61.9   26.7   -2   .000E+00   .000E+00       -3.3   .426     20.00  .261E-03
   17   54   58.6   29.0   -2   .000E+00   .000E+00       -4.4   .423     20.00  .297E-03
   18   55   55.2   31.3   -2   .000E+00   .000E+00       -5.7   .420     20.00  .375E-03
   19   56   51.8   33.7   -2   .000E+00   .000E+00       -7.1   .416     20.00  .372E-03
   20   57   48.3   36.2   -2   .000E+00   .000E+00       -8.6   .412     20.00  .446E-03
   21   58   44.7   38.7   -2   .000E+00   .000E+00      -10.1   .407     20.00  .525E-03
   22   59   41.0   41.3   -2   .000E+00   .000E+00      -11.8   .402     20.00  .643E-03
   23   60   37.2   43.9   -2   .000E+00   .000E+00      -13.5   .396     20.00  .747E-03
   24   61   33.4   46.6   -2   .000E+00   .000E+00      -15.5   .390     20.00  .101E-02
   25   62   29.5   49.3   -2   .000E+00   .000E+00      -17.5   .383     20.00  .137E-02
   26   63   25.5   52.1   -2   .000E+00   .000E+00      -19.9   .376     20.00  .205E-02
   27   64   21.5   55.0   -2   .000E+00   .000E+00      -22.1   .369     20.00  .318E-02
   28   65   17.3   57.9   -4   .510E+01  -.100E+01      -22.3   .368     20.00  .390E-02
   29   66   13.1   60.8   -4   .519E+01  -.100E+01      -23.6   .364     20.00  .622E-02
   30   67    8.8   63.8   -4   .528E+01  -.100E+01      -25.1   .360     20.00  .819E-02
   31   68    4.4   66.9   -4   .538E+01  -.100E+01      -26.6   .356     20.00  .102E-01
   32   69     .0   70.0   -4   .521E+01  -.100E+01      -27.5   .354     20.00  .145E-01
   33   70   -5.0   70.0   -4   .500E+01  -.100E+01      -27.7   .353     20.00  .282E-01
   34   71  -10.0   70.0   -4   .500E+01  -.100E+01      -27.0   .355     20.00  .576E-01
   35   72  -15.0   70.0   -4   .500E+01  -.100E+01      -25.9   .358     20.00  .102E+00
   36   73  -20.0   70.0   -4   .512E+01  -.100E+01      -24.6   .362     20.00  .151E+00
   37   74  -24.0   66.5   -4   .520E+01  -.100E+01      -21.8   .370     20.00  .270E+00
   38   75  -27.8   63.2   -4   .510E+01  -.100E+01      -18.2   .381     20.00  .401E+00
   39   76  -31.6   59.8   -4   .500E+01  -.100E+01      -14.1   .394     20.00  .538E+00
   40   77  -35.3   56.6   -4   .490E+01  -.100E+01       -9.9   .408     20.00  .620E+00
   41   78  -39.0   53.4   -4   .480E+01  -.100E+01       -5.4   .421     20.00  .722E+00
   42   79  -42.6   50.3    1   .509E+02  -.108E+02        -.3   .430     20.00  .914E+00
   43   80  -46.1   47.2    1   .379E+02  -.824E+01        2.8   .430     20.00  .922E+00
   44   81  -49.5   44.2    1   .295E+02  -.656E+01        5.8   .430     20.00  .918E+00
   45   82  -52.8   41.3    1   .244E+02  -.556E+01        8.7   .430     20.00  .908E+00
   46   83  -56.1   38.4    1   .210E+02  -.490E+01       11.6   .430     20.00  .894E+00
   47   84  -59.3   35.6    1   .182E+02  -.435E+01       14.4   .430     20.00  .877E+00
   48   85  -62.4   32.9    1   .157E+02  -.385E+01       17.1   .430     20.00  .856E+00
   49   86  -65.4   30.2    1   .136E+02  -.342E+01       19.8   .430     20.00  .833E+00
   50   87  -68.4   27.7    1   .118E+02  -.303E+01       22.3   .430     20.00  .807E+00
   51   88  -71.3   25.1    1   .102E+02  -.269E+01       24.9   .430     20.00  .779E+00
   52   89  -74.1   22.7    1   .873E+01  -.237E+01       27.3   .430     20.00  .747E+00
   53   90  -76.8   20.3    1   .742E+01  -.207E+01       29.7   .430     20.00  .712E+00
   54   91  -79.5   17.9    1   .623E+01  -.179E+01       32.1   .430     20.00  .675E+00
   55   92  -82.1   15.7    1   .518E+01  -.153E+01       34.3   .430     20.00  .635E+00
   56   93  -84.6   13.5    1   .415E+01  -.126E+01       36.5   .430     20.00  .589E+00
   57   94  -87.0   11.4    1   .331E+01  -.104E+01       38.6   .430     20.00  .545E+00
   58   95  -89.4    9.3    1   .257E+01  -.836E+00       40.7   .430     20.00  .498E+00
   59   96  -91.6    7.3    1   .180E+01  -.604E+00       42.7   .430     20.00  .451E+00
   60   97  -93.8    5.4    1   .122E+01  -.424E+00       44.6   .430     20.00  .411E+00
   61   98  -96.0    3.5    1   .725E+00  -.261E+00       46.5   .430     20.00  .378E+00
   62   99  -98.0    1.7    1   .292E+00  -.109E+00       48.3   .430     20.00  .355E+00


 Time:     12.5000

    i    n    x      z    Code     Q          v           h       th       Temp     Conc
                                 [V/T]      [L/T]        [L]     [-]        [C]    [M/L3]

    1    1 -100.0     .0    1   .263E-01  -.200E-01       50.0   .430     20.00  .413E+00
    2   39  100.0     .0    1  -.850E-01   .627E-01       10.0   .430     20.00  .594E-04
    3   40   97.8    1.6    1  -.166E+01   .602E+00        8.4   .430     20.00  .810E-04
    4   41   95.5    3.2    1  -.532E+01   .186E+01        6.8   .430     20.00  .135E-03
    5   42   93.1    4.8    1  -.108E+02   .366E+01        5.2   .430     20.00  .219E-03
    6   43   90.7    6.5    1  -.182E+02   .598E+01        3.5   .430     20.00  .338E-03
    7   44   88.1    8.3    1  -.284E+02   .905E+01        1.7   .430     20.00  .522E-03
    8   45   85.5   10.1    1  -.631E+02   .196E+02        -.1   .430     20.00  .752E-03
    9   46   82.8   12.0    2  -.290E+02   .875E+01         .0   .430     20.00  .914E-03
   10   47   80.1   13.9    2  -.194E+02   .568E+01         .0   .430     20.00  .101E-02
   11   48   77.2   15.9    2  -.626E+01   .178E+01         .0   .430     20.00  .108E-02
   12   49   74.3   18.0   -2   .000E+00   .000E+00        -.3   .430     20.00  .118E-02
   13   50   71.3   20.1   -2   .000E+00   .000E+00       -1.0   .429     20.00  .130E-02
   14   51   68.3   22.2   -2   .000E+00   .000E+00       -1.9   .428     20.00  .146E-02
   15   52   65.1   24.4   -2   .000E+00   .000E+00       -3.0   .426     20.00  .163E-02
   16   53   61.9   26.7   -2   .000E+00   .000E+00       -4.2   .423     20.00  .173E-02
   17   54   58.6   29.0   -2   .000E+00   .000E+00       -5.5   .420     20.00  .190E-02
   18   55   55.2   31.3   -2   .000E+00   .000E+00       -6.9   .417     20.00  .226E-02
   19   56   51.8   33.7   -2   .000E+00   .000E+00       -8.3   .412     20.00  .227E-02
   20   57   48.3   36.2   -2   .000E+00   .000E+00       -9.9   .408     20.00  .258E-02
   21   58   44.7   38.7   -2   .000E+00   .000E+00      -11.6   .402     20.00  .290E-02
   22   59   41.0   41.3   -2   .000E+00   .000E+00      -13.4   .397     20.00  .336E-02
   23   60   37.2   43.9   -2   .000E+00   .000E+00      -15.4   .390     20.00  .374E-02
   24   61   33.4   46.6   -2   .000E+00   .000E+00      -17.6   .383     20.00  .476E-02
   25   62   29.5   49.3   -2   .000E+00   .000E+00      -20.2   .375     20.00  .604E-02
   26   63   25.5   52.1   -2   .000E+00   .000E+00      -23.5   .365     20.00  .832E-02
   27   64   21.5   55.0   -2   .000E+00   .000E+00      -27.6   .353     20.00  .125E-01
   28   65   17.3   57.9   -4   .000E+00   .000E+00      -32.2   .341     20.00  .165E-01
   29   66   13.1   60.8   -4   .000E+00   .000E+00      -37.1   .329     20.00  .214E-01
   30   67    8.8   63.8   -4   .000E+00   .000E+00      -42.6   .317     20.00  .259E-01
   31   68    4.4   66.9   -4   .000E+00   .000E+00      -48.5   .305     20.00  .312E-01
   32   69     .0   70.0   -4   .000E+00   .000E+00      -52.7   .298     20.00  .405E-01
   33   70   -5.0   70.0   -4   .000E+00   .000E+00      -51.3   .301     20.00  .730E-01
   34   71  -10.0   70.0   -4   .000E+00   .000E+00      -47.8   .307     20.00  .134E+00
   35   72  -15.0   70.0   -4   .000E+00   .000E+00      -44.1   .314     20.00  .213E+00
   36   73  -20.0   70.0   -4   .000E+00   .000E+00      -41.0   .321     20.00  .294E+00
   37   74  -24.0   66.5   -4   .000E+00   .000E+00      -33.2   .339     20.00  .437E+00
   38   75  -27.8   63.2   -4   .000E+00   .000E+00      -25.3   .360     20.00  .608E+00
   39   76  -31.6   59.8   -4   .000E+00   .000E+00      -18.4   .381     20.00  .738E+00
   40   77  -35.3   56.6   -4   .000E+00   .000E+00      -12.3   .400     20.00  .827E+00
   41   78  -39.0   53.4   -4   .000E+00   .000E+00       -6.5   .418     20.00  .876E+00
   42   79  -42.6   50.3    1   .639E+02  -.136E+02        -.3   .430     20.00  .944E+00
   43   80  -46.1   47.2    1   .463E+02  -.101E+02        2.8   .430     20.00  .943E+00
   44   81  -49.5   44.2    1   .353E+02  -.787E+01        5.8   .430     20.00  .939E+00
   45   82  -52.8   41.3    1   .289E+02  -.659E+01        8.7   .430     20.00  .931E+00
   46   83  -56.1   38.4    1   .247E+02  -.576E+01       11.6   .430     20.00  .920E+00
   47   84  -59.3   35.6    1   .213E+02  -.508E+01       14.4   .430     20.00  .905E+00
   48   85  -62.4   32.9    1   .183E+02  -.448E+01       17.1   .430     20.00  .887E+00
   49   86  -65.4   30.2    1   .158E+02  -.397E+01       19.8   .430     20.00  .867E+00
   50   87  -68.4   27.7    1   .137E+02  -.352E+01       22.3   .430     20.00  .844E+00
   51   88  -71.3   25.1    1   .118E+02  -.311E+01       24.9   .430     20.00  .818E+00
   52   89  -74.1   22.7    1   .101E+02  -.274E+01       27.3   .430     20.00  .788E+00
   53   90  -76.8   20.3    1   .857E+01  -.239E+01       29.7   .430     20.00  .756E+00
   54   91  -79.5   17.9    1   .720E+01  -.207E+01       32.1   .430     20.00  .721E+00
   55   92  -82.1   15.7    1   .598E+01  -.177E+01       34.3   .430     20.00  .683E+00
   56   93  -84.6   13.5    1   .479E+01  -.146E+01       36.5   .430     20.00  .641E+00
   57   94  -87.0   11.4    1   .382E+01  -.120E+01       38.6   .430     20.00  .599E+00
   58   95  -89.4    9.3    1   .297E+01  -.964E+00       40.7   .430     20.00  .556E+00
   59   96  -91.6    7.3    1   .208E+01  -.697E+00       42.7   .430     20.00  .513E+00
   60   97  -93.8    5.4    1   .141E+01  -.490E+00       44.6   .430     20.00  .476E+00
   61   98  -96.0    3.5    1   .837E+00  -.301E+00       46.5   .430     20.00  .445E+00
   62   99  -98.0    1.7    1   .337E+00  -.126E+00       48.3   .430     20.00  .422E+00


 Time:     15.0000

    i    n    x      z    Code     Q          v           h       th       Temp     Conc
                                 [V/T]      [L/T]        [L]     [-]        [C]    [M/L3]

    1    1 -100.0     .0    1   .263E-01  -.201E-01       50.0   .430     20.00  .475E+00
    2   39  100.0     .0    1  -.849E-01   .626E-01       10.0   .430     20.00  .474E-03
    3   40   97.8    1.6    1  -.166E+01   .601E+00        8.4   .430     20.00  .595E-03
    4   41   95.5    3.2    1  -.531E+01   .186E+01        6.8   .430     20.00  .877E-03
    5   42   93.1    4.8    1  -.108E+02   .365E+01        5.2   .430     20.00  .128E-02
    6   43   90.7    6.5    1  -.182E+02   .598E+01        3.5   .430     20.00  .179E-02
    7   44   88.1    8.3    1  -.283E+02   .904E+01        1.7   .430     20.00  .250E-02
    8   45   85.5   10.1    1  -.631E+02   .195E+02        -.1   .430     20.00  .331E-02
    9   46   82.8   12.0    2  -.290E+02   .873E+01         .0   .430     20.00  .384E-02
   10   47   80.1   13.9    2  -.193E+02   .566E+01         .0   .430     20.00  .414E-02
   11   48   77.2   15.9    2  -.608E+01   .173E+01         .0   .430     20.00  .435E-02
   12   49   74.3   18.0   -2   .000E+00   .000E+00        -.3   .430     20.00  .464E-02
   13   50   71.3   20.1   -2   .000E+00   .000E+00       -1.0   .429     20.00  .499E-02
   14   51   68.3   22.2   -2   .000E+00   .000E+00       -1.9   .428     20.00  .546E-02
   15   52   65.1   24.4   -2   .000E+00   .000E+00       -3.0   .426     20.00  .592E-02
   16   53   61.9   26.7   -2   .000E+00   .000E+00       -4.3   .423     20.00  .617E-02
   17   54   58.6   29.0   -2   .000E+00   .000E+00       -5.5   .420     20.00  .664E-02
   18   55   55.2   31.3   -2   .000E+00   .000E+00       -6.9   .417     20.00  .755E-02
   19   56   51.8   33.7   -2   .000E+00   .000E+00       -8.4   .412     20.00  .761E-02
   20   57   48.3   36.2   -2   .000E+00   .000E+00       -9.9   .408     20.00  .838E-02
   21   58   44.7   38.7   -2   .000E+00   .000E+00      -11.6   .402     20.00  .915E-02
   22   59   41.0   41.3   -2   .000E+00   .000E+00      -13.4   .396     20.00  .103E-01
   23   60   37.2   43.9   -2   .000E+00   .000E+00      -15.4   .390     20.00  .112E-01
   24   61   33.4   46.6   -2   .000E+00   .000E+00      -17.6   .383     20.00  .137E-01
   25   62   29.5   49.3   -2   .000E+00   .000E+00      -20.2   .375     20.00  .169E-01
   26   63   25.5   52.1   -2   .000E+00   .000E+00      -23.5   .365     20.00  .227E-01
   27   64   21.5   55.0   -2   .000E+00   .000E+00      -27.7   .353     20.00  .333E-01
   28   65   17.3   57.9   -4   .000E+00   .000E+00      -32.4   .341     20.00  .438E-01
   29   66   13.1   60.8   -4   .000E+00   .000E+00      -37.3   .328     20.00  .555E-01
   30   67    8.8   63.8   -4   .000E+00   .000E+00      -43.0   .316     20.00  .655E-01
   31   68    4.4   66.9   -4   .000E+00   .000E+00      -49.0   .305     20.00  .760E-01
   32   69     .0   70.0   -4   .000E+00   .000E+00      -53.2   .297     20.00  .940E-01
   33   70   -5.0   70.0   -4   .000E+00   .000E+00      -51.8   .300     20.00  .153E+00
   34   71  -10.0   70.0   -4   .000E+00   .000E+00      -48.2   .306     20.00  .251E+00
   35   72  -15.0   70.0   -4   .000E+00   .000E+00      -44.4   .314     20.00  .360E+00
   36   73  -20.0   70.0   -4   .000E+00   .000E+00      -41.2   .320     20.00  .464E+00
   37   74  -24.0   66.5   -4   .000E+00   .000E+00      -33.3   .338     20.00  .617E+00
   38   75  -27.8   63.2   -4   .000E+00   .000E+00      -25.3   .360     20.00  .774E+00
   39   76  -31.6   59.8   -4   .000E+00   .000E+00      -18.4   .380     20.00  .877E+00
   40   77  -35.3   56.6   -4   .000E+00   .000E+00      -12.3   .400     20.00  .927E+00
   41   78  -39.0   53.4   -4   .000E+00   .000E+00       -6.5   .418     20.00  .943E+00
   42   79  -42.6   50.3    1   .640E+02  -.136E+02        -.3   .430     20.00  .968E+00
   43   80  -46.1   47.2    1   .464E+02  -.101E+02        2.8   .430     20.00  .960E+00
   44   81  -49.5   44.2    1   .354E+02  -.788E+01        5.8   .430     20.00  .954E+00
   45   82  -52.8   41.3    1   .290E+02  -.660E+01        8.7   .430     20.00  .947E+00
   46   83  -56.1   38.4    1   .248E+02  -.578E+01       11.6   .430     20.00  .937E+00
   47   84  -59.3   35.6    1   .213E+02  -.509E+01       14.4   .430     20.00  .925E+00
   48   85  -62.4   32.9    1   .183E+02  -.449E+01       17.1   .430     20.00  .910E+00
   49   86  -65.4   30.2    1   .159E+02  -.398E+01       19.8   .430     20.00  .892E+00
   50   87  -68.4   27.7    1   .137E+02  -.352E+01       22.3   .430     20.00  .871E+00
   51   88  -71.3   25.1    1   .118E+02  -.312E+01       24.9   .430     20.00  .847E+00
   52   89  -74.1   22.7    1   .101E+02  -.275E+01       27.3   .430     20.00  .820E+00
   53   90  -76.8   20.3    1   .859E+01  -.240E+01       29.7   .430     20.00  .790E+00
   54   91  -79.5   17.9    1   .721E+01  -.207E+01       32.1   .430     20.00  .758E+00
   55   92  -82.1   15.7    1   .599E+01  -.177E+01       34.3   .430     20.00  .724E+00
   56   93  -84.6   13.5    1   .480E+01  -.146E+01       36.5   .430     20.00  .685E+00
   57   94  -87.0   11.4    1   .383E+01  -.120E+01       38.6   .430     20.00  .646E+00
   58   95  -89.4    9.3    1   .297E+01  -.966E+00       40.7   .430     20.00  .607E+00
   59   96  -91.6    7.3    1   .208E+01  -.699E+00       42.7   .430     20.00  .567E+00
   60   97  -93.8    5.4    1   .141E+01  -.491E+00       44.6   .430     20.00  .533E+00
   61   98  -96.0    3.5    1   .839E+00  -.302E+00       46.5   .430     20.00  .505E+00
   62   99  -98.0    1.7    1   .337E+00  -.126E+00       48.3   .430     20.00  .484E+00


 Time:     17.5000

    i    n    x      z    Code     Q          v           h       th       Temp     Conc
                                 [V/T]      [L/T]        [L]     [-]        [C]    [M/L3]

    1    1 -100.0     .0    1   .264E-01  -.201E-01       50.0   .430     20.00  .532E+00
    2   39  100.0     .0    1  -.849E-01   .626E-01       10.0   .430     20.00  .212E-02
    3   40   97.8    1.6    1  -.166E+01   .601E+00        8.4   .430     20.00  .252E-02
    4   41   95.5    3.2    1  -.531E+01   .186E+01        6.8   .430     20.00  .341E-02
    5   42   93.1    4.8    1  -.108E+02   .365E+01        5.2   .430     20.00  .460E-02
    6   43   90.7    6.5    1  -.182E+02   .598E+01        3.5   .430     20.00  .602E-02
    7   44   88.1    8.3    1  -.283E+02   .904E+01        1.7   .430     20.00  .783E-02
    8   45   85.5   10.1    1  -.631E+02   .195E+02        -.1   .430     20.00  .973E-02
    9   46   82.8   12.0    2  -.290E+02   .873E+01         .0   .430     20.00  .109E-01
   10   47   80.1   13.9    2  -.193E+02   .566E+01         .0   .430     20.00  .115E-01
   11   48   77.2   15.9    2  -.607E+01   .173E+01         .0   .430     20.00  .120E-01
   12   49   74.3   18.0   -2   .000E+00   .000E+00        -.3   .430     20.00  .125E-01
   13   50   71.3   20.1   -2   .000E+00   .000E+00       -1.0   .429     20.00  .133E-01
   14   51   68.3   22.2   -2   .000E+00   .000E+00       -1.9   .428     20.00  .142E-01
   15   52   65.1   24.4   -2   .000E+00   .000E+00       -3.0   .426     20.00  .151E-01
   16   53   61.9   26.7   -2   .000E+00   .000E+00       -4.3   .423     20.00  .156E-01
   17   54   58.6   29.0   -2   .000E+00   .000E+00       -5.5   .420     20.00  .165E-01
   18   55   55.2   31.3   -2   .000E+00   .000E+00       -6.9   .417     20.00  .182E-01
   19   56   51.8   33.7   -2   .000E+00   .000E+00       -8.4   .412     20.00  .183E-01
   20   57   48.3   36.2   -2   .000E+00   .000E+00       -9.9   .408     20.00  .197E-01
   21   58   44.7   38.7   -2   .000E+00   .000E+00      -11.6   .402     20.00  .212E-01
   22   59   41.0   41.3   -2   .000E+00   .000E+00      -13.4   .396     20.00  .232E-01
   23   60   37.2   43.9   -2   .000E+00   .000E+00      -15.4   .390     20.00  .250E-01
   24   61   33.4   46.6   -2   .000E+00   .000E+00      -17.6   .383     20.00  .299E-01
   25   62   29.5   49.3   -2   .000E+00   .000E+00      -20.2   .375     20.00  .363E-01
   26   63   25.5   52.1   -2   .000E+00   .000E+00      -23.5   .365     20.00  .480E-01
   27   64   21.5   55.0   -2   .000E+00   .000E+00      -27.7   .353     20.00  .688E-01
   28   65   17.3   57.9   -4   .000E+00   .000E+00      -32.4   .341     20.00  .896E-01
   29   66   13.1   60.8   -4   .000E+00   .000E+00      -37.3   .328     20.00  .112E+00
   30   67    8.8   63.8   -4   .000E+00   .000E+00      -43.0   .316     20.00  .131E+00
   31   68    4.4   66.9   -4   .000E+00   .000E+00      -49.0   .305     20.00  .149E+00
   32   69     .0   70.0   -4   .000E+00   .000E+00      -53.2   .297     20.00  .180E+00
   33   70   -5.0   70.0   -4   .000E+00   .000E+00      -51.8   .300     20.00  .268E+00
   34   71  -10.0   70.0   -4   .000E+00   .000E+00      -48.2   .306     20.00  .399E+00
   35   72  -15.0   70.0   -4   .000E+00   .000E+00      -44.4   .314     20.00  .534E+00
   36   73  -20.0   70.0   -4   .000E+00   .000E+00      -41.2   .320     20.00  .649E+00
   37   74  -24.0   66.5   -4   .000E+00   .000E+00      -33.3   .338     20.00  .794E+00
   38   75  -27.8   63.2   -4   .000E+00   .000E+00      -25.3   .360     20.00  .921E+00
   39   76  -31.6   59.8   -4   .000E+00   .000E+00      -18.4   .380     20.00  .990E+00
   40   77  -35.3   56.6   -4   .000E+00   .000E+00      -12.3   .400     20.00  .101E+01
   41   78  -39.0   53.4   -4   .000E+00   .000E+00       -6.5   .418     20.00  .995E+00
   42   79  -42.6   50.3    1   .640E+02  -.136E+02        -.3   .430     20.00  .987E+00
   43   80  -46.1   47.2    1   .464E+02  -.101E+02        2.8   .430     20.00  .973E+00
   44   81  -49.5   44.2    1   .354E+02  -.788E+01        5.8   .430     20.00  .966E+00
   45   82  -52.8   41.3    1   .290E+02  -.660E+01        8.7   .430     20.00  .958E+00
   46   83  -56.1   38.4    1   .248E+02  -.578E+01       11.6   .430     20.00  .950E+00
   47   84  -59.3   35.6    1   .213E+02  -.509E+01       14.4   .430     20.00  .939E+00
   48   85  -62.4   32.9    1   .183E+02  -.449E+01       17.1   .430     20.00  .926E+00
   49   86  -65.4   30.2    1   .159E+02  -.398E+01       19.8   .430     20.00  .910E+00
   50   87  -68.4   27.7    1   .137E+02  -.352E+01       22.3   .430     20.00  .892E+00
   51   88  -71.3   25.1    1   .118E+02  -.312E+01       24.9   .430     20.00  .871E+00
   52   89  -74.1   22.7    1   .101E+02  -.275E+01       27.3   .430     20.00  .846E+00
   53   90  -76.8   20.3    1   .859E+01  -.240E+01       29.7   .430     20.00  .819E+00
   54   91  -79.5   17.9    1   .721E+01  -.207E+01       32.1   .430     20.00  .790E+00
   55   92  -82.1   15.7    1   .599E+01  -.177E+01       34.3   .430     20.00  .758E+00
   56   93  -84.6   13.5    1   .480E+01  -.146E+01       36.5   .430     20.00  .722E+00
   57   94  -87.0   11.4    1   .383E+01  -.120E+01       38.6   .430     20.00  .688E+00
   58   95  -89.4    9.3    1   .297E+01  -.966E+00       40.7   .430     20.00  .652E+00
   59   96  -91.6    7.3    1   .208E+01  -.699E+00       42.7   .430     20.00  .616E+00
   60   97  -93.8    5.4    1   .141E+01  -.491E+00       44.6   .430     20.00  .585E+00
   61   98  -96.0    3.5    1   .839E+00  -.302E+00       46.5   .430     20.00  .559E+00
   62   99  -98.0    1.7    1   .337E+00  -.126E+00       48.3   .430     20.00  .540E+00


 Time:     20.0000

    i    n    x      z    Code     Q          v           h       th       Temp     Conc
                                 [V/T]      [L/T]        [L]     [-]        [C]    [M/L3]

    1    1 -100.0     .0    1   .264E-01  -.201E-01       50.0   .430     20.00  .584E+00
    2   39  100.0     .0    1  -.849E-01   .626E-01       10.0   .430     20.00  .653E-02
    3   40   97.8    1.6    1  -.166E+01   .601E+00        8.4   .430     20.00  .747E-02
    4   41   95.5    3.2    1  -.531E+01   .186E+01        6.8   .430     20.00  .950E-02
    5   42   93.1    4.8    1  -.108E+02   .365E+01        5.2   .430     20.00  .121E-01
    6   43   90.7    6.5    1  -.182E+02   .598E+01        3.5   .430     20.00  .150E-01
    7   44   88.1    8.3    1  -.283E+02   .904E+01        1.7   .430     20.00  .186E-01
    8   45   85.5   10.1    1  -.631E+02   .195E+02        -.1   .430     20.00  .220E-01
    9   46   82.8   12.0    2  -.290E+02   .873E+01         .0   .430     20.00  .240E-01
   10   47   80.1   13.9    2  -.193E+02   .566E+01         .0   .430     20.00  .250E-01
   11   48   77.2   15.9    2  -.607E+01   .173E+01         .0   .430     20.00  .257E-01
   12   49   74.3   18.0   -2   .000E+00   .000E+00        -.3   .430     20.00  .267E-01
   13   50   71.3   20.1   -2   .000E+00   .000E+00       -1.0   .429     20.00  .278E-01
   14   51   68.3   22.2   -2   .000E+00   .000E+00       -1.9   .428     20.00  .293E-01
   15   52   65.1   24.4   -2   .000E+00   .000E+00       -3.0   .426     20.00  .307E-01
   16   53   61.9   26.7   -2   .000E+00   .000E+00       -4.3   .423     20.00  .315E-01
   17   54   58.6   29.0   -2   .000E+00   .000E+00       -5.5   .420     20.00  .329E-01
   18   55   55.2   31.3   -2   .000E+00   .000E+00       -6.9   .417     20.00  .355E-01
   19   56   51.8   33.7   -2   .000E+00   .000E+00       -8.4   .412     20.00  .358E-01
   20   57   48.3   36.2   -2   .000E+00   .000E+00       -9.9   .408     20.00  .380E-01
   21   58   44.7   38.7   -2   .000E+00   .000E+00      -11.6   .402     20.00  .402E-01
   22   59   41.0   41.3   -2   .000E+00   .000E+00      -13.4   .396     20.00  .434E-01
   23   60   37.2   43.9   -2   .000E+00   .000E+00      -15.4   .390     20.00  .464E-01
   24   61   33.4   46.6   -2   .000E+00   .000E+00      -17.6   .383     20.00  .544E-01
   25   62   29.5   49.3   -2   .000E+00   .000E+00      -20.2   .375     20.00  .654E-01
   26   63   25.5   52.1   -2   .000E+00   .000E+00      -23.5   .365     20.00  .855E-01
   27   64   21.5   55.0   -2   .000E+00   .000E+00      -27.7   .353     20.00  .120E+00
   28   65   17.3   57.9   -4   .000E+00   .000E+00      -32.4   .341     20.00  .155E+00
   29   66   13.1   60.8   -4   .000E+00   .000E+00      -37.3   .328     20.00  .191E+00
   30   67    8.8   63.8   -4   .000E+00   .000E+00      -43.0   .316     20.00  .222E+00
   31   68    4.4   66.9   -4   .000E+00   .000E+00      -49.0   .305     20.00  .251E+00
   32   69     .0   70.0   -4   .000E+00   .000E+00      -53.2   .297     20.00  .299E+00
   33   70   -5.0   70.0   -4   .000E+00   .000E+00      -51.8   .300     20.00  .413E+00
   34   71  -10.0   70.0   -4   .000E+00   .000E+00      -48.2   .306     20.00  .573E+00
   35   72  -15.0   70.0   -4   .000E+00   .000E+00      -44.4   .314     20.00  .725E+00
   36   73  -20.0   70.0   -4   .000E+00   .000E+00      -41.2   .320     20.00  .841E+00
   37   74  -24.0   66.5   -4   .000E+00   .000E+00      -33.3   .338     20.00  .965E+00
   38   75  -27.8   63.2   -4   .000E+00   .000E+00      -25.3   .360     20.00  .105E+01
   39   76  -31.6   59.8   -4   .000E+00   .000E+00      -18.4   .380     20.00  .109E+01
   40   77  -35.3   56.6   -4   .000E+00   .000E+00      -12.3   .400     20.00  .107E+01
   41   78  -39.0   53.4   -4   .000E+00   .000E+00       -6.5   .418     20.00  .104E+01
   42   79  -42.6   50.3    1   .640E+02  -.136E+02        -.3   .430     20.00  .100E+01
   43   80  -46.1   47.2    1   .464E+02  -.101E+02        2.8   .430     20.00  .984E+00
   44   81  -49.5   44.2    1   .354E+02  -.788E+01        5.8   .430     20.00  .975E+00
   45   82  -52.8   41.3    1   .290E+02  -.660E+01        8.7   .430     20.00  .967E+00
   46   83  -56.1   38.4    1   .248E+02  -.578E+01       11.6   .430     20.00  .960E+00
   47   84  -59.3   35.6    1   .213E+02  -.509E+01       14.4   .430     20.00  .950E+00
   48   85  -62.4   32.9    1   .183E+02  -.449E+01       17.1   .430     20.00  .939E+00
   49   86  -65.4   30.2    1   .159E+02  -.398E+01       19.8   .430     20.00  .925E+00
   50   87  -68.4   27.7    1   .137E+02  -.352E+01       22.3   .430     20.00  .908E+00
   51   88  -71.3   25.1    1   .118E+02  -.312E+01       24.9   .430     20.00  .889E+00
   52   89  -74.1   22.7    1   .101E+02  -.275E+01       27.3   .430     20.00  .867E+00
   53   90  -76.8   20.3    1   .859E+01  -.240E+01       29.7   .430     20.00  .843E+00
   54   91  -79.5   17.9    1   .721E+01  -.207E+01       32.1   .430     20.00  .816E+00
   55   92  -82.1   15.7    1   .599E+01  -.177E+01       34.3   .430     20.00  .788E+00
   56   93  -84.6   13.5    1   .480E+01  -.146E+01       36.5   .430     20.00  .756E+00
   57   94  -87.0   11.4    1   .383E+01  -.120E+01       38.6   .430     20.00  .724E+00
   58   95  -89.4    9.3    1   .297E+01  -.966E+00       40.7   .430     20.00  .692E+00
   59   96  -91.6    7.3    1   .208E+01  -.699E+00       42.7   .430     20.00  .659E+00
   60   97  -93.8    5.4    1   .141E+01  -.491E+00       44.6   .430     20.00  .631E+00
   61   98  -96.0    3.5    1   .839E+00  -.302E+00       46.5   .430     20.00  .608E+00
   62   99  -98.0    1.7    1   .337E+00  -.126E+00       48.3   .430     20.00  .591E+00


 Time:     22.5000

    i    n    x      z    Code     Q          v           h       th       Temp     Conc
                                 [V/T]      [L/T]        [L]     [-]        [C]    [M/L3]

    1    1 -100.0     .0    1   .264E-01  -.201E-01       50.0   .430     20.00  .630E+00
    2   39  100.0     .0    1  -.849E-01   .626E-01       10.0   .430     20.00  .156E-01
    3   40   97.8    1.6    1  -.166E+01   .601E+00        8.4   .430     20.00  .173E-01
    4   41   95.5    3.2    1  -.531E+01   .186E+01        6.8   .430     20.00  .210E-01
    5   42   93.1    4.8    1  -.108E+02   .365E+01        5.2   .430     20.00  .256E-01
    6   43   90.7    6.5    1  -.182E+02   .598E+01        3.5   .430     20.00  .306E-01
    7   44   88.1    8.3    1  -.283E+02   .904E+01        1.7   .430     20.00  .363E-01
    8   45   85.5   10.1    1  -.631E+02   .195E+02        -.1   .430     20.00  .416E-01
    9   46   82.8   12.0    2  -.290E+02   .873E+01         .0   .430     20.00  .444E-01
   10   47   80.1   13.9    2  -.193E+02   .566E+01         .0   .430     20.00  .458E-01
   11   48   77.2   15.9    2  -.607E+01   .173E+01         .0   .430     20.00  .467E-01
   12   49   74.3   18.0   -2   .000E+00   .000E+00        -.3   .430     20.00  .481E-01
   13   50   71.3   20.1   -2   .000E+00   .000E+00       -1.0   .429     20.00  .497E-01
   14   51   68.3   22.2   -2   .000E+00   .000E+00       -1.9   .428     20.00  .517E-01
   15   52   65.1   24.4   -2   .000E+00   .000E+00       -3.0   .426     20.00  .536E-01
   16   53   61.9   26.7   -2   .000E+00   .000E+00       -4.3   .423     20.00  .546E-01
   17   54   58.6   29.0   -2   .000E+00   .000E+00       -5.5   .420     20.00  .566E-01
   18   55   55.2   31.3   -2   .000E+00   .000E+00       -6.9   .417     20.00  .602E-01
   19   56   51.8   33.7   -2   .000E+00   .000E+00       -8.4   .412     20.00  .605E-01
   20   57   48.3   36.2   -2   .000E+00   .000E+00       -9.9   .408     20.00  .636E-01
   21   58   44.7   38.7   -2   .000E+00   .000E+00      -11.6   .402     20.00  .667E-01
   22   59   41.0   41.3   -2   .000E+00   .000E+00      -13.4   .396     20.00  .712E-01
   23   60   37.2   43.9   -2   .000E+00   .000E+00      -15.4   .390     20.00  .758E-01
   24   61   33.4   46.6   -2   .000E+00   .000E+00      -17.6   .383     20.00  .877E-01
   25   62   29.5   49.3   -2   .000E+00   .000E+00      -20.2   .375     20.00  .105E+00
   26   63   25.5   52.1   -2   .000E+00   .000E+00      -23.5   .365     20.00  .135E+00
   27   64   21.5   55.0   -2   .000E+00   .000E+00      -27.7   .353     20.00  .188E+00
   28   65   17.3   57.9   -4   .000E+00   .000E+00      -32.4   .341     20.00  .239E+00
   29   66   13.1   60.8   -4   .000E+00   .000E+00      -37.3   .328     20.00  .292E+00
   30   67    8.8   63.8   -4   .000E+00   .000E+00      -43.0   .316     20.00  .337E+00
   31   68    4.4   66.9   -4   .000E+00   .000E+00      -49.0   .305     20.00  .381E+00
   32   69     .0   70.0   -4   .000E+00   .000E+00      -53.2   .297     20.00  .449E+00
   33   70   -5.0   70.0   -4   .000E+00   .000E+00      -51.8   .300     20.00  .586E+00
   34   71  -10.0   70.0   -4   .000E+00   .000E+00      -48.2   .306     20.00  .767E+00
   35   72  -15.0   70.0   -4   .000E+00   .000E+00      -44.4   .314     20.00  .926E+00
   36   73  -20.0   70.0   -4   .000E+00   .000E+00      -41.2   .320     20.00  .103E+01
   37   74  -24.0   66.5   -4   .000E+00   .000E+00      -33.3   .338     20.00  .113E+01
   38   75  -27.8   63.2   -4   .000E+00   .000E+00      -25.3   .360     20.00  .118E+01
   39   76  -31.6   59.8   -4   .000E+00   .000E+00      -18.4   .380     20.00  .117E+01
   40   77  -35.3   56.6   -4   .000E+00   .000E+00      -12.3   .400     20.00  .113E+01
   41   78  -39.0   53.4   -4   .000E+00   .000E+00       -6.5   .418     20.00  .108E+01
   42   79  -42.6   50.3    1   .640E+02  -.136E+02        -.3   .430     20.00  .102E+01
   43   80  -46.1   47.2    1   .464E+02  -.101E+02        2.8   .430     20.00  .993E+00
   44   81  -49.5   44.2    1   .354E+02  -.788E+01        5.8   .430     20.00  .982E+00
   45   82  -52.8   41.3    1   .290E+02  -.660E+01        8.7   .430     20.00  .974E+00
   46   83  -56.1   38.4    1   .248E+02  -.578E+01       11.6   .430     20.00  .967E+00
   47   84  -59.3   35.6    1   .213E+02  -.509E+01       14.4   .430     20.00  .959E+00
   48   85  -62.4   32.9    1   .183E+02  -.449E+01       17.1   .430     20.00  .949E+00
   49   86  -65.4   30.2    1   .159E+02  -.398E+01       19.8   .430     20.00  .936E+00
   50   87  -68.4   27.7    1   .137E+02  -.352E+01       22.3   .430     20.00  .922E+00
   51   88  -71.3   25.1    1   .118E+02  -.312E+01       24.9   .430     20.00  .905E+00
   52   89  -74.1   22.7    1   .101E+02  -.275E+01       27.3   .430     20.00  .885E+00
   53   90  -76.8   20.3    1   .859E+01  -.240E+01       29.7   .430     20.00  .863E+00
   54   91  -79.5   17.9    1   .721E+01  -.207E+01       32.1   .430     20.00  .839E+00
   55   92  -82.1   15.7    1   .599E+01  -.177E+01       34.3   .430     20.00  .814E+00
   56   93  -84.6   13.5    1   .480E+01  -.146E+01       36.5   .430     20.00  .785E+00
   57   94  -87.0   11.4    1   .383E+01  -.120E+01       38.6   .430     20.00  .756E+00
   58   95  -89.4    9.3    1   .297E+01  -.966E+00       40.7   .430     20.00  .727E+00
   59   96  -91.6    7.3    1   .208E+01  -.699E+00       42.7   .430     20.00  .698E+00
   60   97  -93.8    5.4    1   .141E+01  -.491E+00       44.6   .430     20.00  .672E+00
   61   98  -96.0    3.5    1   .839E+00  -.302E+00       46.5   .430     20.00  .652E+00
   62   99  -98.0    1.7    1   .337E+00  -.126E+00       48.3   .430     20.00  .636E+00


 Time:     25.0000

    i    n    x      z    Code     Q          v           h       th       Temp     Conc
                                 [V/T]      [L/T]        [L]     [-]        [C]    [M/L3]

    1    1 -100.0     .0    1   .228E-01  -.174E-01       50.0   .430     20.00  .671E+00
    2   39  100.0     .0    1  -.888E-01   .655E-01       10.0   .430     20.00  .310E-01
    3   40   97.8    1.6    1  -.173E+01   .628E+00        8.4   .430     20.00  .339E-01
    4   41   95.5    3.2    1  -.555E+01   .195E+01        6.8   .430     20.00  .397E-01
    5   42   93.1    4.8    1  -.112E+02   .382E+01        5.2   .430     20.00  .467E-01
    6   43   90.7    6.5    1  -.190E+02   .624E+01        3.5   .430     20.00  .541E-01
    7   44   88.1    8.3    1  -.295E+02   .942E+01        1.7   .430     20.00  .622E-01
    8   45   85.5   10.1    1  -.648E+02   .201E+02        -.1   .430     20.00  .695E-01
    9   46   82.8   12.0    2  -.315E+02   .949E+01         .0   .430     20.00  .734E-01
   10   47   80.1   13.9    2  -.232E+02   .679E+01         .0   .430     20.00  .755E-01
   11   48   77.2   15.9    2  -.150E+02   .428E+01         .0   .430     20.00  .768E-01
   12   49   74.3   18.0    2  -.115E+01   .319E+00         .0   .430     20.00  .783E-01
   13   50   71.3   20.1   -2   .000E+00   .000E+00        -.5   .430     20.00  .800E-01
   14   51   68.3   22.2   -2   .000E+00   .000E+00       -1.2   .429     20.00  .824E-01
   15   52   65.1   24.4   -2   .000E+00   .000E+00       -2.2   .428     20.00  .848E-01
   16   53   61.9   26.7   -2   .000E+00   .000E+00       -3.3   .426     20.00  .860E-01
   17   54   58.6   29.0   -2   .000E+00   .000E+00       -4.4   .423     20.00  .884E-01
   18   55   55.2   31.3   -2   .000E+00   .000E+00       -5.7   .420     20.00  .929E-01
   19   56   51.8   33.7   -2   .000E+00   .000E+00       -7.1   .416     20.00  .934E-01
   20   57   48.3   36.2   -2   .000E+00   .000E+00       -8.6   .412     20.00  .974E-01
   21   58   44.7   38.7   -2   .000E+00   .000E+00      -10.1   .407     20.00  .101E+00
   22   59   41.0   41.3   -2   .000E+00   .000E+00      -11.8   .402     20.00  .108E+00
   23   60   37.2   43.9   -2   .000E+00   .000E+00      -13.5   .396     20.00  .114E+00
   24   61   33.4   46.6   -2   .000E+00   .000E+00      -15.5   .390     20.00  .131E+00
   25   62   29.5   49.3   -2   .000E+00   .000E+00      -17.5   .383     20.00  .156E+00
   26   63   25.5   52.1   -2   .000E+00   .000E+00      -19.9   .376     20.00  .203E+00
   27   64   21.5   55.0   -2   .000E+00   .000E+00      -22.1   .369     20.00  .273E+00
   28   65   17.3   57.9   -4   .510E+01  -.100E+01      -22.3   .368     20.00  .281E+00
   29   66   13.1   60.8   -4   .519E+01  -.100E+01      -23.6   .364     20.00  .342E+00
   30   67    8.8   63.8   -4   .528E+01  -.100E+01      -25.1   .360     20.00  .394E+00
   31   68    4.4   66.9   -4   .538E+01  -.100E+01      -26.6   .356     20.00  .449E+00
   32   69     .0   70.0   -4   .521E+01  -.100E+01      -27.5   .354     20.00  .484E+00
   33   70   -5.0   70.0   -4   .500E+01  -.100E+01      -27.7   .353     20.00  .635E+00
   34   71  -10.0   70.0   -4   .500E+01  -.100E+01      -27.0   .355     20.00  .773E+00
   35   72  -15.0   70.0   -4   .500E+01  -.100E+01      -25.9   .358     20.00  .888E+00
   36   73  -20.0   70.0   -4   .512E+01  -.100E+01      -24.6   .362     20.00  .919E+00
   37   74  -24.0   66.5   -4   .520E+01  -.100E+01      -21.8   .370     20.00  .106E+01
   38   75  -27.8   63.2   -4   .510E+01  -.100E+01      -18.2   .381     20.00  .105E+01
   39   76  -31.6   59.8   -4   .500E+01  -.100E+01      -14.1   .394     20.00  .105E+01
   40   77  -35.3   56.6   -4   .490E+01  -.100E+01       -9.9   .408     20.00  .984E+00
   41   78  -39.0   53.4   -4   .480E+01  -.100E+01       -5.4   .421     20.00  .970E+00
   42   79  -42.6   50.3    1   .509E+02  -.108E+02        -.3   .430     20.00  .101E+01
   43   80  -46.1   47.2    1   .379E+02  -.824E+01        2.8   .430     20.00  .999E+00
   44   81  -49.5   44.2    1   .295E+02  -.656E+01        5.8   .430     20.00  .987E+00
   45   82  -52.8   41.3    1   .244E+02  -.556E+01        8.7   .430     20.00  .979E+00
   46   83  -56.1   38.4    1   .210E+02  -.490E+01       11.6   .430     20.00  .973E+00
   47   84  -59.3   35.6    1   .182E+02  -.435E+01       14.4   .430     20.00  .965E+00
   48   85  -62.4   32.9    1   .157E+02  -.385E+01       17.1   .430     20.00  .956E+00
   49   86  -65.4   30.2    1   .136E+02  -.342E+01       19.8   .430     20.00  .945E+00
   50   87  -68.4   27.7    1   .118E+02  -.303E+01       22.3   .430     20.00  .931E+00
   51   88  -71.3   25.1    1   .102E+02  -.269E+01       24.9   .430     20.00  .916E+00
   52   89  -74.1   22.7    1   .873E+01  -.237E+01       27.3   .430     20.00  .898E+00
   53   90  -76.8   20.3    1   .742E+01  -.207E+01       29.7   .430     20.00  .878E+00
   54   91  -79.5   17.9    1   .623E+01  -.179E+01       32.1   .430     20.00  .857E+00
   55   92  -82.1   15.7    1   .518E+01  -.153E+01       34.3   .430     20.00  .834E+00
   56   93  -84.6   13.5    1   .415E+01  -.126E+01       36.5   .430     20.00  .807E+00
   57   94  -87.0   11.4    1   .331E+01  -.104E+01       38.6   .430     20.00  .782E+00
   58   95  -89.4    9.3    1   .257E+01  -.836E+00       40.7   .430     20.00  .755E+00
   59   96  -91.6    7.3    1   .180E+01  -.604E+00       42.7   .430     20.00  .729E+00
   60   97  -93.8    5.4    1   .122E+01  -.424E+00       44.6   .430     20.00  .707E+00
   61   98  -96.0    3.5    1   .725E+00  -.261E+00       46.5   .430     20.00  .689E+00
   62   99  -98.0    1.7    1   .292E+00  -.109E+00       48.3   .430     20.00  .676E+00
