 Flow Through the Dike with a Seepage Face                               
 
 Program HYDRUS2
 Date:   6. 4.    Time:   7:27:33
 Time dependent boundary conditions
 Vertical plane flow, V = L*L
 Units: L = cm   , T = days , M = mmol 
 All cumulative fluxes (CumQ) are positive out of the region

       Time     CumQAP      CumQRP     CumQA      CumQR     CumQ3       CumQ1      CumQS      CumQ5       CumQ6 ....
        [T]       [V]         [V]       [V]        [V]       [V]         [V]        [V]        [V]         [V]

         .0100   .000E+00   .199E+01   .000E+00   .199E+01   .000E+00  -.317E+02   .000E+00   .000E+00   .000E+00
         .0170   .000E+00   .338E+01   .000E+00   .338E+01   .000E+00  -.427E+02   .000E+00   .000E+00   .000E+00
         .0219   .000E+00   .436E+01   .000E+00   .436E+01   .000E+00  -.490E+02   .000E+00   .000E+00   .000E+00
         .0253   .000E+00   .504E+01   .000E+00   .504E+01   .000E+00  -.530E+02   .000E+00   .000E+00   .000E+00
         .0288   .000E+00   .573E+01   .000E+00   .573E+01   .000E+00  -.567E+02   .000E+00   .000E+00   .000E+00
         .0322   .000E+00   .641E+01   .000E+00   .641E+01   .000E+00  -.602E+02   .000E+00   .000E+00   .000E+00
         .0356   .000E+00   .709E+01   .000E+00   .709E+01   .000E+00  -.634E+02   .000E+00   .000E+00   .000E+00
         .0391   .000E+00   .778E+01   .000E+00   .777E+01   .000E+00  -.666E+02   .000E+00   .000E+00   .000E+00
         .0425   .000E+00   .846E+01   .000E+00   .845E+01   .000E+00  -.696E+02   .000E+00   .000E+00   .000E+00
         .0459   .000E+00   .914E+01   .000E+00   .912E+01   .000E+00  -.726E+02   .000E+00   .000E+00   .000E+00
         .0494   .000E+00   .983E+01   .000E+00   .979E+01   .000E+00  -.754E+02   .000E+00   .000E+00   .000E+00
         .0528   .000E+00   .105E+02   .000E+00   .105E+02   .000E+00  -.782E+02   .000E+00   .000E+00   .000E+00
         .0562   .000E+00   .112E+02   .000E+00   .111E+02   .000E+00  -.809E+02   .000E+00   .000E+00   .000E+00
         .0596   .000E+00   .119E+02   .000E+00   .118E+02   .000E+00  -.835E+02   .000E+00   .000E+00   .000E+00
         .0631   .000E+00   .126E+02   .000E+00   .125E+02   .000E+00  -.861E+02   .000E+00   .000E+00   .000E+00
         .0665   .000E+00   .132E+02   .000E+00   .131E+02   .000E+00  -.886E+02   .000E+00   .000E+00   .000E+00
         .0699   .000E+00   .139E+02   .000E+00   .138E+02   .000E+00  -.910E+02   .000E+00   .000E+00   .000E+00
         .0734   .000E+00   .146E+02   .000E+00   .144E+02   .000E+00  -.934E+02   .000E+00   .000E+00   .000E+00
         .0768   .000E+00   .153E+02   .000E+00   .151E+02   .000E+00  -.958E+02   .000E+00   .000E+00   .000E+00
         .0802   .000E+00   .160E+02   .000E+00   .157E+02   .000E+00  -.981E+02   .000E+00   .000E+00   .000E+00
         .0837   .000E+00   .167E+02   .000E+00   .164E+02   .000E+00  -.100E+03   .000E+00   .000E+00   .000E+00
         .0871   .000E+00   .173E+02   .000E+00   .170E+02   .000E+00  -.103E+03   .000E+00   .000E+00   .000E+00
         .0905   .000E+00   .180E+02   .000E+00   .177E+02   .000E+00  -.105E+03   .000E+00   .000E+00   .000E+00
         .0940   .000E+00   .187E+02   .000E+00   .183E+02   .000E+00  -.107E+03   .000E+00   .000E+00   .000E+00
         .0974   .000E+00   .194E+02   .000E+00   .190E+02   .000E+00  -.109E+03   .000E+00   .000E+00   .000E+00
         .1008   .000E+00   .201E+02   .000E+00   .196E+02   .000E+00  -.111E+03   .000E+00   .000E+00   .000E+00
         .1053   .000E+00   .210E+02   .000E+00   .205E+02   .000E+00  -.114E+03   .000E+00   .000E+00   .000E+00
         .1111   .000E+00   .221E+02   .000E+00   .216E+02   .000E+00  -.117E+03   .000E+00   .000E+00   .000E+00
         .1169   .000E+00   .233E+02   .000E+00   .226E+02   .000E+00  -.121E+03   .000E+00   .000E+00   .000E+00
         .1227   .000E+00   .244E+02   .000E+00   .237E+02   .000E+00  -.124E+03   .000E+00   .000E+00   .000E+00
         .1285   .000E+00   .256E+02   .000E+00   .248E+02   .000E+00  -.127E+03   .000E+00   .000E+00   .000E+00
         .1343   .000E+00   .267E+02   .000E+00   .258E+02   .000E+00  -.130E+03   .000E+00   .000E+00   .000E+00
         .1418   .000E+00   .282E+02   .000E+00   .272E+02   .000E+00  -.134E+03   .000E+00   .000E+00   .000E+00
         .1494   .000E+00   .297E+02   .000E+00   .286E+02   .000E+00  -.138E+03   .000E+00   .000E+00   .000E+00
         .1569   .000E+00   .312E+02   .000E+00   .299E+02   .000E+00  -.142E+03   .000E+00   .000E+00   .000E+00
         .1644   .000E+00   .327E+02   .000E+00   .313E+02   .000E+00  -.146E+03   .000E+00   .000E+00   .000E+00
         .1720   .000E+00   .342E+02   .000E+00   .326E+02   .000E+00  -.150E+03   .000E+00   .000E+00   .000E+00
         .1795   .000E+00   .357E+02   .000E+00   .340E+02   .000E+00  -.153E+03   .000E+00   .000E+00   .000E+00
         .1893   .000E+00   .377E+02   .000E+00   .357E+02   .000E+00  -.158E+03   .000E+00   .000E+00   .000E+00
         .1991   .000E+00   .396E+02   .000E+00   .375E+02   .000E+00  -.162E+03   .000E+00   .000E+00   .000E+00
         .2089   .000E+00   .416E+02   .000E+00   .392E+02   .000E+00  -.167E+03   .000E+00   .000E+00   .000E+00
         .2187   .000E+00   .435E+02   .000E+00   .410E+02   .000E+00  -.171E+03   .000E+00   .000E+00   .000E+00
         .2284   .000E+00   .455E+02   .000E+00   .427E+02   .000E+00  -.175E+03   .000E+00   .000E+00   .000E+00
         .2382   .000E+00   .474E+02   .000E+00   .444E+02   .000E+00  -.179E+03   .000E+00   .000E+00   .000E+00
         .2480   .000E+00   .494E+02   .000E+00   .461E+02   .000E+00  -.183E+03   .000E+00   .000E+00   .000E+00
         .2608   .000E+00   .519E+02   .000E+00   .484E+02   .000E+00  -.188E+03   .000E+00   .000E+00   .000E+00
         .2735   .000E+00   .545E+02   .000E+00   .506E+02   .000E+00  -.193E+03   .000E+00   .000E+00   .000E+00
         .2862   .000E+00   .570E+02   .000E+00   .528E+02   .000E+00  -.198E+03   .000E+00   .000E+00   .000E+00
         .2989   .000E+00   .595E+02   .000E+00   .549E+02   .000E+00  -.203E+03   .000E+00   .000E+00   .000E+00
         .3155   .000E+00   .628E+02   .000E+00   .578E+02   .000E+00  -.209E+03   .000E+00   .000E+00   .000E+00
         .3320   .000E+00   .661E+02   .000E+00   .606E+02   .000E+00  -.215E+03   .838E-02   .000E+00   .000E+00
         .3486   .000E+00   .694E+02   .000E+00   .634E+02   .000E+00  -.220E+03   .516E-01   .000E+00   .000E+00
         .3651   .000E+00   .727E+02   .000E+00   .662E+02   .000E+00  -.226E+03   .129E+00   .000E+00   .000E+00
         .3817   .000E+00   .760E+02   .000E+00   .689E+02   .000E+00  -.231E+03   .237E+00   .000E+00   .000E+00
         .3982   .000E+00   .793E+02   .000E+00   .717E+02   .000E+00  -.237E+03   .375E+00   .000E+00   .000E+00
         .4148   .000E+00   .826E+02   .000E+00   .745E+02   .000E+00  -.242E+03   .541E+00   .000E+00   .000E+00
         .4313   .000E+00   .859E+02   .000E+00   .772E+02   .000E+00  -.247E+03   .732E+00   .000E+00   .000E+00
         .4529   .000E+00   .902E+02   .000E+00   .808E+02   .000E+00  -.254E+03   .102E+01   .000E+00   .000E+00
         .4744   .000E+00   .945E+02   .000E+00   .843E+02   .000E+00  -.260E+03   .134E+01   .000E+00   .000E+00
         .4960   .000E+00   .988E+02   .000E+00   .878E+02   .000E+00  -.266E+03   .170E+01   .000E+00   .000E+00
         .5175   .000E+00   .103E+03   .000E+00   .913E+02   .000E+00  -.273E+03   .209E+01   .000E+00   .000E+00
         .5391   .000E+00   .107E+03   .000E+00   .948E+02   .000E+00  -.279E+03   .251E+01   .000E+00   .000E+00
         .5606   .000E+00   .112E+03   .000E+00   .983E+02   .000E+00  -.285E+03   .297E+01   .000E+00   .000E+00
         .5822   .000E+00   .116E+03   .000E+00   .102E+03   .000E+00  -.291E+03   .346E+01   .000E+00   .000E+00
         .6037   .000E+00   .120E+03   .000E+00   .105E+03   .000E+00  -.297E+03   .399E+01   .000E+00   .000E+00
         .6253   .000E+00   .125E+03   .000E+00   .109E+03   .000E+00  -.302E+03   .454E+01   .000E+00   .000E+00
         .6468   .000E+00   .129E+03   .000E+00   .112E+03   .000E+00  -.308E+03   .513E+01   .000E+00   .000E+00
         .6684   .000E+00   .133E+03   .000E+00   .115E+03   .000E+00  -.314E+03   .574E+01   .000E+00   .000E+00
         .6899   .000E+00   .137E+03   .000E+00   .119E+03   .000E+00  -.319E+03   .638E+01   .000E+00   .000E+00
         .7177   .000E+00   .143E+03   .000E+00   .123E+03   .000E+00  -.327E+03   .724E+01   .000E+00   .000E+00
         .7456   .000E+00   .148E+03   .000E+00   .128E+03   .000E+00  -.334E+03   .814E+01   .000E+00   .000E+00
         .7734   .000E+00   .154E+03   .000E+00   .132E+03   .000E+00  -.341E+03   .907E+01   .000E+00   .000E+00
         .8013   .000E+00   .160E+03   .000E+00   .136E+03   .000E+00  -.348E+03   .100E+02   .000E+00   .000E+00
         .8291   .000E+00   .165E+03   .000E+00   .141E+03   .000E+00  -.354E+03   .110E+02   .000E+00   .000E+00
         .8570   .000E+00   .171E+03   .000E+00   .145E+03   .000E+00  -.361E+03   .120E+02   .000E+00   .000E+00
         .8848   .000E+00   .176E+03   .000E+00   .149E+03   .000E+00  -.368E+03   .131E+02   .000E+00   .000E+00
         .9127   .000E+00   .182E+03   .000E+00   .154E+03   .000E+00  -.375E+03   .141E+02   .000E+00   .000E+00
         .9405   .000E+00   .187E+03   .000E+00   .158E+03   .000E+00  -.381E+03   .152E+02   .000E+00   .000E+00
         .9684   .000E+00   .193E+03   .000E+00   .162E+03   .000E+00  -.388E+03   .163E+02   .000E+00   .000E+00
         .9962   .000E+00   .198E+03   .000E+00   .167E+03   .000E+00  -.395E+03   .174E+02   .000E+00   .000E+00
        1.0241   .000E+00   .204E+03   .000E+00   .171E+03   .000E+00  -.401E+03   .186E+02   .000E+00   .000E+00
        1.0519   .000E+00   .209E+03   .000E+00   .175E+03   .000E+00  -.408E+03   .197E+02   .000E+00   .000E+00
        1.0798   .000E+00   .215E+03   .000E+00   .179E+03   .000E+00  -.414E+03   .209E+02   .000E+00   .000E+00
        1.1076   .000E+00   .221E+03   .000E+00   .184E+03   .000E+00  -.421E+03   .220E+02   .000E+00   .000E+00
        1.1355   .000E+00   .226E+03   .000E+00   .188E+03   .000E+00  -.427E+03   .232E+02   .000E+00   .000E+00
        1.1633   .000E+00   .232E+03   .000E+00   .192E+03   .000E+00  -.433E+03   .244E+02   .000E+00   .000E+00
        1.1912   .000E+00   .237E+03   .000E+00   .197E+03   .000E+00  -.440E+03   .256E+02   .000E+00   .000E+00
        1.2190   .000E+00   .243E+03   .000E+00   .201E+03   .000E+00  -.446E+03   .269E+02   .000E+00   .000E+00
        1.2469   .000E+00   .248E+03   .000E+00   .205E+03   .000E+00  -.452E+03   .281E+02   .000E+00   .000E+00
        1.2747   .000E+00   .254E+03   .000E+00   .209E+03   .000E+00  -.459E+03   .293E+02   .000E+00   .000E+00
        1.3025   .000E+00   .259E+03   .000E+00   .213E+03   .000E+00  -.465E+03   .306E+02   .000E+00   .000E+00
        1.3304   .000E+00   .265E+03   .000E+00   .218E+03   .000E+00  -.471E+03   .319E+02   .000E+00   .000E+00
        1.3669   .000E+00   .272E+03   .000E+00   .223E+03   .000E+00  -.479E+03   .335E+02   .000E+00   .000E+00
        1.4035   .000E+00   .279E+03   .000E+00   .229E+03   .000E+00  -.487E+03   .352E+02   .000E+00   .000E+00
        1.4400   .000E+00   .287E+03   .000E+00   .234E+03   .000E+00  -.495E+03   .369E+02   .000E+00   .000E+00
        1.4766   .000E+00   .294E+03   .000E+00   .240E+03   .000E+00  -.503E+03   .387E+02   .000E+00   .000E+00
        1.5131   .000E+00   .301E+03   .000E+00   .245E+03   .000E+00  -.511E+03   .404E+02   .000E+00   .000E+00
        1.5497   .000E+00   .309E+03   .000E+00   .251E+03   .000E+00  -.519E+03   .421E+02   .000E+00   .000E+00
        1.5862   .000E+00   .316E+03   .000E+00   .256E+03   .000E+00  -.527E+03   .439E+02   .000E+00   .000E+00
        1.6228   .000E+00   .323E+03   .000E+00   .262E+03   .000E+00  -.535E+03   .456E+02   .000E+00   .000E+00
        1.6593   .000E+00   .330E+03   .000E+00   .267E+03   .000E+00  -.543E+03   .474E+02   .000E+00   .000E+00
        1.7061   .000E+00   .340E+03   .000E+00   .274E+03   .000E+00  -.553E+03   .497E+02   .000E+00   .000E+00
        1.7528   .000E+00   .349E+03   .000E+00   .281E+03   .000E+00  -.563E+03   .520E+02   .000E+00   .000E+00
        1.7995   .000E+00   .358E+03   .000E+00   .289E+03   .000E+00  -.573E+03   .543E+02   .000E+00   .000E+00
        1.8462   .000E+00   .368E+03   .000E+00   .296E+03   .000E+00  -.583E+03   .566E+02   .000E+00   .000E+00
        1.8929   .000E+00   .377E+03   .000E+00   .303E+03   .000E+00  -.593E+03   .590E+02   .000E+00   .000E+00
        1.9396   .000E+00   .386E+03   .000E+00   .309E+03   .000E+00  -.603E+03   .613E+02   .000E+00   .000E+00
        1.9863   .000E+00   .396E+03   .000E+00   .316E+03   .000E+00  -.613E+03   .637E+02   .000E+00   .000E+00
        2.0505   .000E+00   .408E+03   .000E+00   .326E+03   .000E+00  -.626E+03   .670E+02   .000E+00   .000E+00
        2.1147   .000E+00   .421E+03   .000E+00   .336E+03   .000E+00  -.640E+03   .703E+02   .000E+00   .000E+00
        2.1789   .000E+00   .434E+03   .000E+00   .345E+03   .000E+00  -.653E+03   .736E+02   .000E+00   .000E+00
        2.2431   .000E+00   .447E+03   .000E+00   .355E+03   .000E+00  -.666E+03   .769E+02   .000E+00   .000E+00
        2.3074   .000E+00   .459E+03   .000E+00   .364E+03   .000E+00  -.680E+03   .802E+02   .000E+00   .000E+00
        2.4037   .000E+00   .479E+03   .000E+00   .379E+03   .000E+00  -.700E+03   .852E+02   .000E+00   .000E+00
        2.5000   .000E+00   .498E+03   .000E+00   .393E+03   .000E+00  -.719E+03   .903E+02   .000E+00   .000E+00
        2.5806   .000E+00   .514E+03   .000E+00   .405E+03   .000E+00  -.736E+03   .945E+02   .000E+00   .000E+00
        2.6858   .000E+00   .535E+03   .000E+00   .420E+03   .000E+00  -.758E+03   .100E+03   .000E+00   .000E+00
        2.7910   .000E+00   .556E+03   .000E+00   .436E+03   .000E+00  -.779E+03   .106E+03   .000E+00   .000E+00
        2.9291   .000E+00   .583E+03   .000E+00   .456E+03   .000E+00  -.807E+03   .113E+03   .000E+00   .000E+00
        3.0671   .000E+00   .611E+03   .000E+00   .477E+03   .000E+00  -.835E+03   .120E+03   .000E+00   .000E+00
        3.2429   .000E+00   .646E+03   .000E+00   .503E+03   .000E+00  -.871E+03   .130E+03   .000E+00   .000E+00
        3.4186   .000E+00   .681E+03   .000E+00   .529E+03   .000E+00  -.907E+03   .139E+03   .000E+00   .000E+00
        3.6437   .000E+00   .726E+03   .000E+00   .562E+03   .000E+00  -.952E+03   .152E+03   .000E+00   .000E+00
        3.8689   .000E+00   .770E+03   .000E+00   .595E+03   .000E+00  -.998E+03   .164E+03   .000E+00   .000E+00
        4.0939   .000E+00   .815E+03   .000E+00   .628E+03   .000E+00  -.104E+04   .176E+03   .000E+00   .000E+00
        4.3190   .000E+00   .860E+03   .000E+00   .661E+03   .000E+00  -.109E+04   .188E+03   .000E+00   .000E+00
        4.5440   .000E+00   .905E+03   .000E+00   .694E+03   .000E+00  -.113E+04   .200E+03   .000E+00   .000E+00
        4.7690   .000E+00   .950E+03   .000E+00   .727E+03   .000E+00  -.118E+04   .213E+03   .000E+00   .000E+00
        4.8845   .000E+00   .973E+03   .000E+00   .744E+03   .000E+00  -.120E+04   .219E+03   .000E+00   .000E+00
        5.0000   .000E+00   .996E+03   .000E+00   .761E+03   .000E+00  -.123E+04   .225E+03   .000E+00   .000E+00
        5.2250   .000E+00   .104E+04   .000E+00   .794E+03   .000E+00  -.127E+04   .237E+03   .000E+00   .000E+00
        5.4500   .000E+00   .109E+04   .000E+00   .827E+03   .000E+00  -.132E+04   .250E+03   .000E+00   .000E+00
        5.6749   .000E+00   .113E+04   .000E+00   .861E+03   .000E+00  -.136E+04   .262E+03   .000E+00   .000E+00
        5.8999   .000E+00   .117E+04   .000E+00   .894E+03   .000E+00  -.141E+04   .274E+03   .000E+00   .000E+00
        6.1249   .000E+00   .122E+04   .000E+00   .927E+03   .000E+00  -.145E+04   .286E+03   .000E+00   .000E+00
        6.3498   .000E+00   .126E+04   .000E+00   .960E+03   .000E+00  -.150E+04   .298E+03   .000E+00   .000E+00
        6.5748   .000E+00   .131E+04   .000E+00   .993E+03   .000E+00  -.154E+04   .311E+03   .000E+00   .000E+00
        6.7998   .000E+00   .135E+04   .000E+00   .103E+04   .000E+00  -.159E+04   .323E+03   .000E+00   .000E+00
        7.0247   .000E+00   .140E+04   .000E+00   .106E+04   .000E+00  -.163E+04   .335E+03   .000E+00   .000E+00
        7.2497   .000E+00   .144E+04   .000E+00   .109E+04   .000E+00  -.168E+04   .347E+03   .000E+00   .000E+00
        7.3748   .000E+00   .147E+04   .000E+00   .111E+04   .000E+00  -.170E+04   .354E+03   .000E+00   .000E+00
        7.5000   .000E+00   .149E+04   .000E+00   .113E+04   .000E+00  -.173E+04   .361E+03   .000E+00   .000E+00
        7.7143   .000E+00   .154E+04   .000E+00   .116E+04   .000E+00  -.177E+04   .373E+03   .000E+00   .000E+00
        7.9286   .000E+00   .158E+04   .000E+00   .119E+04   .000E+00  -.182E+04   .384E+03   .000E+00   .000E+00
        8.1429   .000E+00   .162E+04   .000E+00   .122E+04   .000E+00  -.186E+04   .396E+03   .000E+00   .000E+00
        8.3571   .000E+00   .166E+04   .000E+00   .125E+04   .000E+00  -.190E+04   .408E+03   .000E+00   .000E+00
        8.5714   .000E+00   .171E+04   .000E+00   .129E+04   .000E+00  -.195E+04   .419E+03   .000E+00   .000E+00
        8.7857   .000E+00   .175E+04   .000E+00   .132E+04   .000E+00  -.199E+04   .431E+03   .000E+00   .000E+00
        9.0000   .000E+00   .179E+04   .000E+00   .135E+04   .000E+00  -.203E+04   .443E+03   .000E+00   .000E+00
        9.0100  -.713E+00   .179E+04  -.713E+00   .135E+04   .000E+00  -.203E+04   .443E+03   .000E+00   .000E+00
        9.0230  -.164E+01   .180E+04  -.164E+01   .135E+04   .000E+00  -.204E+04   .444E+03   .000E+00   .000E+00
        9.0399  -.284E+01   .180E+04  -.284E+01   .136E+04   .000E+00  -.204E+04   .445E+03   .000E+00   .000E+00
        9.0617  -.440E+01   .180E+04  -.440E+01   .136E+04   .000E+00  -.204E+04   .446E+03   .000E+00   .000E+00
        9.0835  -.595E+01   .181E+04  -.595E+01   .136E+04   .000E+00  -.205E+04   .447E+03   .000E+00   .000E+00
        9.1053  -.751E+01   .181E+04  -.751E+01   .136E+04   .000E+00  -.205E+04   .448E+03   .000E+00   .000E+00
        9.1272  -.906E+01   .182E+04  -.906E+01   .137E+04   .000E+00  -.206E+04   .450E+03   .000E+00   .000E+00
        9.1553  -.111E+02   .182E+04  -.111E+02   .137E+04   .000E+00  -.206E+04   .451E+03   .000E+00   .000E+00
        9.1920  -.137E+02   .183E+04  -.137E+02   .138E+04   .000E+00  -.207E+04   .453E+03   .000E+00   .000E+00
        9.2288  -.163E+02   .184E+04  -.163E+02   .138E+04   .000E+00  -.207E+04   .455E+03   .000E+00   .000E+00
        9.2770  -.197E+02   .185E+04  -.197E+02   .139E+04   .000E+00  -.208E+04   .458E+03   .000E+00   .000E+00
        9.3252  -.232E+02   .186E+04  -.232E+02   .140E+04   .000E+00  -.209E+04   .461E+03   .000E+00   .000E+00
        9.3734  -.266E+02   .187E+04  -.266E+02   .140E+04   .000E+00  -.210E+04   .464E+03   .000E+00   .000E+00
        9.4360  -.311E+02   .188E+04  -.311E+02   .141E+04   .000E+00  -.211E+04   .468E+03   .000E+00   .000E+00
        9.4987  -.355E+02   .189E+04  -.355E+02   .142E+04   .000E+00  -.212E+04   .472E+03   .000E+00   .000E+00
        9.5822  -.415E+02   .191E+04  -.415E+02   .143E+04   .000E+00  -.213E+04   .477E+03   .000E+00   .000E+00
        9.6867  -.489E+02   .193E+04  -.489E+02   .145E+04   .000E+00  -.215E+04   .484E+03   .000E+00   .000E+00
        9.8433  -.601E+02   .196E+04  -.601E+02   .147E+04   .000E+00  -.217E+04   .495E+03   .000E+00   .000E+00
       10.0000  -.713E+02   .199E+04  -.713E+02   .149E+04   .000E+00  -.219E+04   .506E+03   .000E+00   .000E+00
       10.1786  -.713E+02   .203E+04  -.713E+02   .151E+04   .000E+00  -.222E+04   .519E+03   .000E+00   .000E+00
       10.3571  -.713E+02   .206E+04  -.713E+02   .154E+04   .000E+00  -.225E+04   .530E+03   .000E+00   .000E+00
       10.5357  -.713E+02   .210E+04  -.713E+02   .156E+04   .000E+00  -.229E+04   .541E+03   .000E+00   .000E+00
       10.7143  -.713E+02   .213E+04  -.713E+02   .159E+04   .000E+00  -.232E+04   .552E+03   .000E+00   .000E+00
       10.8929  -.713E+02   .217E+04  -.713E+02   .162E+04   .000E+00  -.235E+04   .562E+03   .000E+00   .000E+00
       11.0714  -.713E+02   .220E+04  -.713E+02   .164E+04   .000E+00  -.239E+04   .573E+03   .000E+00   .000E+00
       11.2500  -.713E+02   .224E+04  -.713E+02   .167E+04   .000E+00  -.242E+04   .583E+03   .000E+00   .000E+00
       11.4286  -.713E+02   .228E+04  -.713E+02   .169E+04   .000E+00  -.246E+04   .593E+03   .000E+00   .000E+00
       11.6071  -.713E+02   .231E+04  -.713E+02   .172E+04   .000E+00  -.249E+04   .603E+03   .000E+00   .000E+00
       11.7857  -.713E+02   .235E+04  -.713E+02   .175E+04   .000E+00  -.253E+04   .613E+03   .000E+00   .000E+00
       11.9643  -.713E+02   .238E+04  -.713E+02   .177E+04   .000E+00  -.256E+04   .622E+03   .000E+00   .000E+00
       12.1889  -.713E+02   .243E+04  -.713E+02   .181E+04   .000E+00  -.261E+04   .635E+03   .000E+00   .000E+00
       12.3445  -.713E+02   .246E+04  -.713E+02   .183E+04   .000E+00  -.264E+04   .643E+03   .000E+00   .000E+00
       12.5000  -.713E+02   .249E+04  -.713E+02   .185E+04   .000E+00  -.267E+04   .652E+03   .000E+00   .000E+00
       12.7248  -.713E+02   .253E+04  -.713E+02   .188E+04   .000E+00  -.272E+04   .664E+03   .000E+00   .000E+00
       12.9497  -.713E+02   .258E+04  -.713E+02   .192E+04   .000E+00  -.276E+04   .676E+03   .000E+00   .000E+00
       13.1746  -.713E+02   .262E+04  -.713E+02   .195E+04   .000E+00  -.281E+04   .689E+03   .000E+00   .000E+00
       13.3995  -.713E+02   .267E+04  -.713E+02   .198E+04   .000E+00  -.285E+04   .701E+03   .000E+00   .000E+00
       13.6244  -.713E+02   .271E+04  -.713E+02   .202E+04   .000E+00  -.290E+04   .713E+03   .000E+00   .000E+00
       13.8493  -.713E+02   .276E+04  -.713E+02   .205E+04   .000E+00  -.294E+04   .725E+03   .000E+00   .000E+00
       14.0743  -.713E+02   .280E+04  -.713E+02   .208E+04   .000E+00  -.299E+04   .738E+03   .000E+00   .000E+00
       14.2992  -.713E+02   .285E+04  -.713E+02   .212E+04   .000E+00  -.303E+04   .750E+03   .000E+00   .000E+00
       14.5242  -.713E+02   .289E+04  -.713E+02   .215E+04   .000E+00  -.308E+04   .762E+03   .000E+00   .000E+00
       14.7491  -.713E+02   .294E+04  -.713E+02   .218E+04   .000E+00  -.312E+04   .774E+03   .000E+00   .000E+00
       14.8746  -.713E+02   .296E+04  -.713E+02   .220E+04   .000E+00  -.315E+04   .781E+03   .000E+00   .000E+00
       15.0000  -.713E+02   .299E+04  -.713E+02   .222E+04   .000E+00  -.317E+04   .788E+03   .000E+00   .000E+00
       15.2250  -.713E+02   .303E+04  -.713E+02   .225E+04   .000E+00  -.322E+04   .800E+03   .000E+00   .000E+00
       15.4499  -.713E+02   .308E+04  -.713E+02   .228E+04   .000E+00  -.327E+04   .812E+03   .000E+00   .000E+00
       15.6749  -.713E+02   .312E+04  -.713E+02   .232E+04   .000E+00  -.331E+04   .825E+03   .000E+00   .000E+00
       15.8998  -.713E+02   .317E+04  -.713E+02   .235E+04   .000E+00  -.336E+04   .837E+03   .000E+00   .000E+00
       16.1248  -.713E+02   .321E+04  -.713E+02   .238E+04   .000E+00  -.340E+04   .849E+03   .000E+00   .000E+00
       16.3497  -.713E+02   .326E+04  -.713E+02   .242E+04   .000E+00  -.345E+04   .861E+03   .000E+00   .000E+00
       16.5747  -.713E+02   .330E+04  -.713E+02   .245E+04   .000E+00  -.349E+04   .874E+03   .000E+00   .000E+00
       16.7997  -.713E+02   .335E+04  -.713E+02   .248E+04   .000E+00  -.354E+04   .886E+03   .000E+00   .000E+00
       17.0246  -.713E+02   .339E+04  -.713E+02   .252E+04   .000E+00  -.358E+04   .898E+03   .000E+00   .000E+00
       17.2496  -.713E+02   .343E+04  -.713E+02   .255E+04   .000E+00  -.363E+04   .910E+03   .000E+00   .000E+00
       17.3748  -.713E+02   .346E+04  -.713E+02   .257E+04   .000E+00  -.365E+04   .917E+03   .000E+00   .000E+00
       17.5000  -.713E+02   .348E+04  -.713E+02   .259E+04   .000E+00  -.368E+04   .924E+03   .000E+00   .000E+00
       17.7250  -.713E+02   .353E+04  -.713E+02   .262E+04   .000E+00  -.372E+04   .936E+03   .000E+00   .000E+00
       17.9499  -.713E+02   .357E+04  -.713E+02   .265E+04   .000E+00  -.377E+04   .948E+03   .000E+00   .000E+00
       18.1749  -.713E+02   .362E+04  -.713E+02   .269E+04   .000E+00  -.381E+04   .961E+03   .000E+00   .000E+00
       18.3998  -.713E+02   .366E+04  -.713E+02   .272E+04   .000E+00  -.386E+04   .973E+03   .000E+00   .000E+00
       18.6248  -.713E+02   .371E+04  -.713E+02   .275E+04   .000E+00  -.391E+04   .985E+03   .000E+00   .000E+00
       18.8498  -.713E+02   .375E+04  -.713E+02   .278E+04   .000E+00  -.395E+04   .997E+03   .000E+00   .000E+00
       19.0747  -.713E+02   .380E+04  -.713E+02   .282E+04   .000E+00  -.400E+04   .101E+04   .000E+00   .000E+00
       19.2997  -.713E+02   .384E+04  -.713E+02   .285E+04   .000E+00  -.404E+04   .102E+04   .000E+00   .000E+00
       19.5246  -.713E+02   .389E+04  -.713E+02   .288E+04   .000E+00  -.409E+04   .103E+04   .000E+00   .000E+00
       19.7496  -.713E+02   .393E+04  -.713E+02   .292E+04   .000E+00  -.413E+04   .105E+04   .000E+00   .000E+00
       19.8748  -.713E+02   .396E+04  -.713E+02   .294E+04   .000E+00  -.416E+04   .105E+04   .000E+00   .000E+00
       20.0000  -.713E+02   .398E+04  -.713E+02   .295E+04   .000E+00  -.418E+04   .106E+04   .000E+00   .000E+00
       20.2250  -.713E+02   .403E+04  -.713E+02   .299E+04   .000E+00  -.423E+04   .107E+04   .000E+00   .000E+00
       20.4499  -.713E+02   .407E+04  -.713E+02   .302E+04   .000E+00  -.427E+04   .108E+04   .000E+00   .000E+00
       20.6749  -.713E+02   .412E+04  -.713E+02   .305E+04   .000E+00  -.432E+04   .110E+04   .000E+00   .000E+00
       20.8998  -.713E+02   .416E+04  -.713E+02   .309E+04   .000E+00  -.436E+04   .111E+04   .000E+00   .000E+00
       21.1248  -.713E+02   .421E+04  -.713E+02   .312E+04   .000E+00  -.441E+04   .112E+04   .000E+00   .000E+00
       21.3498  -.713E+02   .425E+04  -.713E+02   .315E+04   .000E+00  -.445E+04   .113E+04   .000E+00   .000E+00
       21.5747  -.713E+02   .430E+04  -.713E+02   .319E+04   .000E+00  -.450E+04   .115E+04   .000E+00   .000E+00
       21.7997  -.713E+02   .434E+04  -.713E+02   .322E+04   .000E+00  -.454E+04   .116E+04   .000E+00   .000E+00
       22.0246  -.713E+02   .439E+04  -.713E+02   .325E+04   .000E+00  -.459E+04   .117E+04   .000E+00   .000E+00
       22.2496  -.713E+02   .443E+04  -.713E+02   .328E+04   .000E+00  -.464E+04   .118E+04   .000E+00   .000E+00
       22.3748  -.713E+02   .446E+04  -.713E+02   .330E+04   .000E+00  -.466E+04   .119E+04   .000E+00   .000E+00
       22.5000  -.713E+02   .448E+04  -.713E+02   .332E+04   .000E+00  -.469E+04   .120E+04   .000E+00   .000E+00
       22.7143  -.713E+02   .452E+04  -.713E+02   .335E+04   .000E+00  -.473E+04   .121E+04   .000E+00   .000E+00
       22.9286  -.713E+02   .457E+04  -.713E+02   .338E+04   .000E+00  -.477E+04   .122E+04   .000E+00   .000E+00
       23.1429  -.713E+02   .461E+04  -.713E+02   .342E+04   .000E+00  -.482E+04   .123E+04   .000E+00   .000E+00
       23.3571  -.713E+02   .465E+04  -.713E+02   .345E+04   .000E+00  -.486E+04   .124E+04   .000E+00   .000E+00
       23.5714  -.713E+02   .469E+04  -.713E+02   .348E+04   .000E+00  -.490E+04   .125E+04   .000E+00   .000E+00
       23.7857  -.713E+02   .474E+04  -.713E+02   .351E+04   .000E+00  -.494E+04   .127E+04   .000E+00   .000E+00
       24.0000  -.713E+02   .478E+04  -.713E+02   .354E+04   .000E+00  -.499E+04   .128E+04   .000E+00   .000E+00
       24.0100  -.720E+02   .478E+04  -.720E+02   .354E+04   .000E+00  -.499E+04   .128E+04   .000E+00   .000E+00
       24.0230  -.729E+02   .478E+04  -.729E+02   .355E+04   .000E+00  -.499E+04   .128E+04   .000E+00   .000E+00
       24.0399  -.741E+02   .479E+04  -.741E+02   .355E+04   .000E+00  -.500E+04   .128E+04   .000E+00   .000E+00
       24.0617  -.757E+02   .479E+04  -.757E+02   .355E+04   .000E+00  -.500E+04   .128E+04   .000E+00   .000E+00
       24.0835  -.772E+02   .480E+04  -.772E+02   .355E+04   .000E+00  -.500E+04   .128E+04   .000E+00   .000E+00
       24.1053  -.788E+02   .480E+04  -.788E+02   .356E+04   .000E+00  -.501E+04   .128E+04   .000E+00   .000E+00
       24.1272  -.803E+02   .480E+04  -.803E+02   .356E+04   .000E+00  -.501E+04   .128E+04   .000E+00   .000E+00
       24.1553  -.823E+02   .481E+04  -.823E+02   .356E+04   .000E+00  -.502E+04   .129E+04   .000E+00   .000E+00
       24.1920  -.850E+02   .482E+04  -.850E+02   .357E+04   .000E+00  -.502E+04   .129E+04   .000E+00   .000E+00
       24.2288  -.876E+02   .482E+04  -.876E+02   .358E+04   .000E+00  -.503E+04   .129E+04   .000E+00   .000E+00
       24.2770  -.910E+02   .483E+04  -.910E+02   .358E+04   .000E+00  -.504E+04   .129E+04   .000E+00   .000E+00
       24.3252  -.945E+02   .484E+04  -.945E+02   .359E+04   .000E+00  -.505E+04   .130E+04   .000E+00   .000E+00
       24.3734  -.979E+02   .485E+04  -.979E+02   .360E+04   .000E+00  -.506E+04   .130E+04   .000E+00   .000E+00
       24.4360  -.102E+03   .487E+04  -.102E+03   .360E+04   .000E+00  -.507E+04   .130E+04   .000E+00   .000E+00
       24.4987  -.107E+03   .488E+04  -.107E+03   .361E+04   .000E+00  -.508E+04   .131E+04   .000E+00   .000E+00
       24.5822  -.113E+03   .490E+04  -.113E+03   .362E+04   .000E+00  -.509E+04   .131E+04   .000E+00   .000E+00
       24.6867  -.120E+03   .492E+04  -.120E+03   .364E+04   .000E+00  -.510E+04   .132E+04   .000E+00   .000E+00
       24.8433  -.131E+03   .495E+04  -.131E+03   .366E+04   .000E+00  -.513E+04   .133E+04   .000E+00   .000E+00
       25.0000  -.143E+03   .498E+04  -.143E+03   .368E+04   .000E+00  -.515E+04   .134E+04   .000E+00   .000E+00
end
