

       Time         hAtm       hRoot     hKode3     hKode1        hSeep     hKode5     hKode6 ... 
      [T]          [L]        [L]        [L]        [L]        [L]        [L]        [L]

         .0100      -53.6      -37.3         .0       20.2      -23.8         .0         .0
         .0170      -53.5      -37.3         .0       20.2      -23.8         .0         .0
         .0219      -53.4      -37.1         .0       20.2      -23.8         .0         .0
         .0253      -53.4      -36.9         .0       20.2      -23.8         .0         .0
         .0288      -53.4      -36.8         .0       20.2      -23.8         .0         .0
         .0322      -53.5      -36.6         .0       20.2      -23.8         .0         .0
         .0356      -53.5      -36.4         .0       20.2      -23.9         .0         .0
         .0391      -53.5      -36.2         .0       20.2      -23.9         .0         .0
         .0425      -53.6      -36.0         .0       20.2      -23.9         .0         .0
         .0459      -53.6      -35.8         .0       20.2      -23.9         .0         .0
         .0494      -53.6      -35.6         .0       20.2      -23.9         .0         .0
         .0528      -53.7      -35.4         .0       20.2      -23.9         .0         .0
         .0562      -53.8      -35.3         .0       20.2      -23.9         .0         .0
         .0596      -53.8      -35.1         .0       20.2      -23.9         .0         .0
         .0631      -53.9      -34.9         .0       20.2      -23.9         .0         .0
         .0665      -54.0      -34.8         .0       20.2      -23.9         .0         .0
         .0699      -54.0      -34.6         .0       20.2      -23.9         .0         .0
         .0734      -54.1      -34.5         .0       20.2      -23.9         .0         .0
         .0768      -54.2      -34.3         .0       20.2      -23.9         .0         .0
         .0802      -54.2      -34.2         .0       20.2      -23.9         .0         .0
         .0837      -54.3      -34.0         .0       20.2      -23.9         .0         .0
         .0871      -54.4      -33.9         .0       20.2      -23.9         .0         .0
         .0905      -54.5      -33.8         .0       20.2      -23.8         .0         .0
         .0940      -54.6      -33.6         .0       20.2      -23.8         .0         .0
         .0974      -54.6      -33.5         .0       20.2      -23.8         .0         .0
         .1008      -54.7      -33.4         .0       20.2      -23.8         .0         .0
         .1053      -54.8      -33.2         .0       20.2      -23.8         .0         .0
         .1111      -55.0      -33.0         .0       20.2      -23.7         .0         .0
         .1169      -55.1      -32.8         .0       20.2      -23.7         .0         .0
         .1227      -55.3      -32.6         .0       20.2      -23.7         .0         .0
         .1285      -55.4      -32.4         .0       20.2      -23.6         .0         .0
         .1343      -55.6      -32.2         .0       20.2      -23.5         .0         .0
         .1418      -55.8      -31.9         .0       20.2      -23.5         .0         .0
         .1494      -56.0      -31.7         .0       20.2      -23.4         .0         .0
         .1569      -56.2      -31.5         .0       20.2      -23.3         .0         .0
         .1644      -56.4      -31.3         .0       20.2      -23.2         .0         .0
         .1720      -56.6      -31.0         .0       20.2      -23.1         .0         .0
         .1795      -56.8      -30.8         .0       20.2      -23.0         .0         .0
         .1893      -57.1      -30.6         .0       20.2      -22.8         .0         .0
         .1991      -57.4      -30.4         .0       20.2      -22.6         .0         .0
         .2089      -57.7      -30.1         .0       20.2      -22.5         .0         .0
         .2187      -58.0      -29.9         .0       20.2      -22.3         .0         .0
         .2284      -58.3      -29.7         .0       20.2      -22.1         .0         .0
         .2382      -58.6      -29.4         .0       20.2      -21.9         .0         .0
         .2480      -59.0      -29.2         .0       20.2      -21.7         .0         .0
         .2608      -59.4      -29.0         .0       20.2      -21.4         .0         .0
         .2735      -59.8      -28.7         .0       20.2      -21.1         .0         .0
         .2862      -60.2      -28.5         .0       20.2      -20.8         .0         .0
         .2989      -60.6      -28.2         .0       20.2      -20.6         .0         .0
         .3155      -61.2      -27.9         .0       20.2      -20.2         .0         .0
         .3320      -61.7      -27.6         .0       20.2      -19.8         .0         .0
         .3486      -62.2      -27.3         .0       20.2      -19.4         .0         .0
         .3651      -62.7      -27.1         .0       20.2      -19.1         .0         .0
         .3817      -63.1      -26.8         .0       20.2      -18.7         .0         .0
         .3982      -63.5      -26.5         .0       20.2      -18.3         .0         .0
         .4148      -63.9      -26.3         .0       20.2      -18.0         .0         .0
         .4313      -64.3      -26.0         .0       20.2      -17.6         .0         .0
         .4529      -64.7      -25.7         .0       20.2      -17.2         .0         .0
         .4744      -65.2      -25.4         .0       20.2      -16.8         .0         .0
         .4960      -65.5      -25.1         .0       20.2      -16.4         .0         .0
         .5175      -65.8      -24.7         .0       20.2      -16.0         .0         .0
         .5391      -66.1      -24.4         .0       20.2      -15.6         .0         .0
         .5606      -66.3      -24.1         .0       20.2      -15.3         .0         .0
         .5822      -66.4      -23.8         .0       20.2      -15.0         .0         .0
         .6037      -66.4      -23.6         .0       20.2      -14.7         .0         .0
         .6253      -66.4      -23.3         .0       20.2      -14.4         .0         .0
         .6468      -66.3      -23.0         .0       20.2      -14.2         .0         .0
         .6684      -66.2      -22.7         .0       20.2      -13.9         .0         .0
         .6899      -66.0      -22.4         .0       20.2      -13.7         .0         .0
         .7177      -65.7      -22.1         .0       20.2      -13.4         .0         .0
         .7456      -65.3      -21.8         .0       20.2      -13.2         .0         .0
         .7734      -64.8      -21.5         .0       20.2      -13.0         .0         .0
         .8013      -64.2      -21.1         .0       20.2      -12.8         .0         .0
         .8291      -63.6      -20.8         .0       20.2      -12.6         .0         .0
         .8570      -62.9      -20.5         .0       20.2      -12.4         .0         .0
         .8848      -62.2      -20.2         .0       20.2      -12.3         .0         .0
         .9127      -61.4      -19.9         .0       20.2      -12.1         .0         .0
         .9405      -60.6      -19.7         .0       20.2      -12.0         .0         .0
         .9684      -59.8      -19.4         .0       20.2      -11.9         .0         .0
         .9962      -58.9      -19.1         .0       20.2      -11.8         .0         .0
        1.0241      -58.0      -18.9         .0       20.2      -11.7         .0         .0
        1.0519      -57.2      -18.6         .0       20.2      -11.6         .0         .0
        1.0798      -56.3      -18.4         .0       20.2      -11.5         .0         .0
        1.1076      -55.4      -18.2         .0       20.2      -11.4         .0         .0
        1.1355      -54.6      -17.9         .0       20.2      -11.4         .0         .0
        1.1633      -53.8      -17.7         .0       20.2      -11.3         .0         .0
        1.1912      -53.0      -17.5         .0       20.2      -11.2         .0         .0
        1.2190      -52.3      -17.3         .0       20.2      -11.2         .0         .0
        1.2469      -51.5      -17.2         .0       20.2      -11.1         .0         .0
        1.2747      -50.7      -17.0         .0       20.2      -11.1         .0         .0
        1.3025      -50.0      -16.8         .0       20.2      -11.0         .0         .0
        1.3304      -49.3      -16.6         .0       20.2      -11.0         .0         .0
        1.3669      -48.5      -16.4         .0       20.2      -10.9         .0         .0
        1.4035      -47.7      -16.2         .0       20.2      -10.9         .0         .0
        1.4400      -46.9      -16.1         .0       20.2      -10.8         .0         .0
        1.4766      -46.2      -15.9         .0       20.2      -10.8         .0         .0
        1.5131      -45.5      -15.7         .0       20.2      -10.7         .0         .0
        1.5497      -44.9      -15.6         .0       20.2      -10.7         .0         .0
        1.5862      -44.3      -15.4         .0       20.2      -10.7         .0         .0
        1.6228      -43.8      -15.3         .0       20.2      -10.6         .0         .0
        1.6593      -43.3      -15.1         .0       20.2      -10.6         .0         .0
        1.7061      -42.7      -15.0         .0       20.2      -10.6         .0         .0
        1.7528      -42.2      -14.8         .0       20.2      -10.5         .0         .0
        1.7995      -41.6      -14.7         .0       20.2      -10.5         .0         .0
        1.8462      -41.2      -14.6         .0       20.2      -10.5         .0         .0
        1.8929      -40.8      -14.5         .0       20.2      -10.4         .0         .0
        1.9396      -40.4      -14.3         .0       20.2      -10.4         .0         .0
        1.9863      -40.0      -14.2         .0       20.2      -10.4         .0         .0
        2.0505      -39.6      -14.1         .0       20.2      -10.3         .0         .0
        2.1147      -39.2      -14.0         .0       20.2      -10.3         .0         .0
        2.1789      -38.9      -13.9         .0       20.2      -10.3         .0         .0
        2.2431      -38.5      -13.8         .0       20.2      -10.3         .0         .0
        2.3074      -38.3      -13.7         .0       20.2      -10.2         .0         .0
        2.4037      -37.9      -13.6         .0       20.2      -10.2         .0         .0
        2.5000      -37.6      -13.5         .0       20.2      -10.2         .0         .0
        2.5806      -37.4      -13.4         .0       20.2      -10.2         .0         .0
        2.6858      -37.1      -13.3         .0       20.2      -10.1         .0         .0
        2.7910      -36.9      -13.3         .0       20.2      -10.1         .0         .0
        2.9291      -36.7      -13.2         .0       20.2      -10.1         .0         .0
        3.0671      -36.5      -13.1         .0       20.2      -10.1         .0         .0
        3.2429      -36.3      -13.1         .0       20.2      -10.1         .0         .0
        3.4186      -36.2      -13.0         .0       20.2      -10.0         .0         .0
        3.6437      -36.0      -13.0         .0       20.2      -10.0         .0         .0
        3.8689      -36.0      -12.9         .0       20.2      -10.0         .0         .0
        4.0939      -35.9      -12.9         .0       20.2      -10.0         .0         .0
        4.3190      -35.8      -12.9         .0       20.2      -10.0         .0         .0
        4.5440      -35.8      -12.9         .0       20.2      -10.0         .0         .0
        4.7690      -35.8      -12.9         .0       20.2      -10.0         .0         .0
        4.8845      -35.8      -12.9         .0       20.2      -10.0         .0         .0
        5.0000      -35.8      -12.9         .0       20.2      -10.0         .0         .0
        5.2250      -35.8      -12.9         .0       20.2      -10.0         .0         .0
        5.4500      -35.8      -12.9         .0       20.2      -10.0         .0         .0
        5.6749      -35.7      -12.9         .0       20.2      -10.0         .0         .0
        5.8999      -35.7      -12.9         .0       20.2      -10.0         .0         .0
        6.1249      -35.7      -12.9         .0       20.2      -10.0         .0         .0
        6.3498      -35.7      -12.9         .0       20.2      -10.0         .0         .0
        6.5748      -35.7      -12.9         .0       20.2      -10.0         .0         .0
        6.7998      -35.7      -12.9         .0       20.2      -10.0         .0         .0
        7.0247      -35.7      -12.9         .0       20.2      -10.0         .0         .0
        7.2497      -35.7      -12.9         .0       20.2      -10.0         .0         .0
        7.3748      -35.7      -12.9         .0       20.2      -10.0         .0         .0
        7.5000      -35.7      -12.9         .0       20.2      -10.0         .0         .0
        7.7143      -35.7      -12.9         .0       20.2      -10.0         .0         .0
        7.9286      -35.7      -12.9         .0       20.2      -10.0         .0         .0
        8.1429      -35.7      -12.9         .0       20.2      -10.0         .0         .0
        8.3571      -35.7      -12.9         .0       20.2      -10.0         .0         .0
        8.5714      -35.7      -12.9         .0       20.2      -10.0         .0         .0
        8.7857      -35.7      -12.9         .0       20.2      -10.0         .0         .0
        9.0000      -35.7      -12.9         .0       20.2      -10.0         .0         .0
        9.0100      -33.9      -12.7         .0       20.2      -10.0         .0         .0
        9.0230      -32.4      -12.6         .0       20.2      -10.0         .0         .0
        9.0399      -31.0      -12.3         .0       20.2      -10.0         .0         .0
        9.0617      -29.8      -12.1         .0       20.2       -9.9         .0         .0
        9.0835      -28.8      -11.8         .0       20.2       -9.9         .0         .0
        9.1053      -28.1      -11.6         .0       20.2       -9.9         .0         .0
        9.1272      -27.4      -11.4         .0       20.2       -9.8         .0         .0
        9.1553      -26.8      -11.1         .0       20.2       -9.8         .0         .0
        9.1920      -26.1      -10.8         .0       20.2       -9.7         .0         .0
        9.2288      -25.5      -10.5         .0       20.2       -9.6         .0         .0
        9.2770      -24.8      -10.1         .0       20.2       -9.5         .0         .0
        9.3252      -24.3       -9.8         .0       20.2       -9.4         .0         .0
        9.3734      -23.8       -9.5         .0       20.2       -9.3         .0         .0
        9.4360      -23.3       -9.2         .0       20.2       -9.1         .0         .0
        9.4987      -22.9       -9.0         .0       20.2       -9.0         .0         .0
        9.5822      -22.5       -8.7         .0       20.2       -8.8         .0         .0
        9.6867      -22.1       -8.4         .0       20.2       -8.7         .0         .0
        9.8433      -21.8       -8.1         .0       20.2       -8.5         .0         .0
       10.0000      -21.5       -7.9         .0       20.2       -8.4         .0         .0
       10.1786      -26.6       -9.2         .0       20.2       -8.7         .0         .0
       10.3571      -29.1      -10.2         .0       20.2       -9.0         .0         .0
       10.5357      -30.7      -10.9         .0       20.2       -9.2         .0         .0
       10.7143      -31.9      -11.4         .0       20.2       -9.4         .0         .0
       10.8929      -32.8      -11.7         .0       20.2       -9.6         .0         .0
       11.0714      -33.5      -12.0         .0       20.2       -9.7         .0         .0
       11.2500      -34.1      -12.2         .0       20.2       -9.8         .0         .0
       11.4286      -34.5      -12.4         .0       20.2       -9.8         .0         .0
       11.6071      -34.8      -12.5         .0       20.2       -9.9         .0         .0
       11.7857      -35.0      -12.6         .0       20.2       -9.9         .0         .0
       11.9643      -35.2      -12.7         .0       20.2       -9.9         .0         .0
       12.1889      -35.3      -12.7         .0       20.2       -9.9         .0         .0
       12.3445      -35.4      -12.7         .0       20.2       -9.9         .0         .0
       12.5000      -35.5      -12.8         .0       20.2      -10.0         .0         .0
       12.7248      -35.5      -12.8         .0       20.2      -10.0         .0         .0
       12.9497      -35.6      -12.8         .0       20.2      -10.0         .0         .0
       13.1746      -35.6      -12.8         .0       20.2      -10.0         .0         .0
       13.3995      -35.7      -12.8         .0       20.2      -10.0         .0         .0
       13.6244      -35.7      -12.8         .0       20.2      -10.0         .0         .0
       13.8493      -35.7      -12.9         .0       20.2      -10.0         .0         .0
       14.0743      -35.7      -12.9         .0       20.2      -10.0         .0         .0
       14.2992      -35.7      -12.9         .0       20.2      -10.0         .0         .0
       14.5242      -35.7      -12.9         .0       20.2      -10.0         .0         .0
       14.7491      -35.7      -12.9         .0       20.2      -10.0         .0         .0
       14.8746      -35.7      -12.9         .0       20.2      -10.0         .0         .0
       15.0000      -35.7      -12.9         .0       20.2      -10.0         .0         .0
       15.2250      -35.7      -12.9         .0       20.2      -10.0         .0         .0
       15.4499      -35.7      -12.9         .0       20.2      -10.0         .0         .0
       15.6749      -35.7      -12.9         .0       20.2      -10.0         .0         .0
       15.8998      -35.7      -12.9         .0       20.2      -10.0         .0         .0
       16.1248      -35.7      -12.9         .0       20.2      -10.0         .0         .0
       16.3497      -35.7      -12.9         .0       20.2      -10.0         .0         .0
       16.5747      -35.7      -12.9         .0       20.2      -10.0         .0         .0
       16.7997      -35.7      -12.9         .0       20.2      -10.0         .0         .0
       17.0246      -35.7      -12.9         .0       20.2      -10.0         .0         .0
       17.2496      -35.7      -12.9         .0       20.2      -10.0         .0         .0
       17.3748      -35.7      -12.9         .0       20.2      -10.0         .0         .0
       17.5000      -35.7      -12.9         .0       20.2      -10.0         .0         .0
       17.7250      -35.7      -12.9         .0       20.2      -10.0         .0         .0
       17.9499      -35.7      -12.9         .0       20.2      -10.0         .0         .0
       18.1749      -35.7      -12.9         .0       20.2      -10.0         .0         .0
       18.3998      -35.7      -12.9         .0       20.2      -10.0         .0         .0
       18.6248      -35.7      -12.9         .0       20.2      -10.0         .0         .0
       18.8498      -35.7      -12.9         .0       20.2      -10.0         .0         .0
       19.0747      -35.7      -12.9         .0       20.2      -10.0         .0         .0
       19.2997      -35.7      -12.9         .0       20.2      -10.0         .0         .0
       19.5246      -35.7      -12.9         .0       20.2      -10.0         .0         .0
       19.7496      -35.7      -12.9         .0       20.2      -10.0         .0         .0
       19.8748      -35.7      -12.9         .0       20.2      -10.0         .0         .0
       20.0000      -35.7      -12.9         .0       20.2      -10.0         .0         .0
       20.2250      -35.7      -12.9         .0       20.2      -10.0         .0         .0
       20.4499      -35.7      -12.9         .0       20.2      -10.0         .0         .0
       20.6749      -35.7      -12.9         .0       20.2      -10.0         .0         .0
       20.8998      -35.7      -12.9         .0       20.2      -10.0         .0         .0
       21.1248      -35.7      -12.9         .0       20.2      -10.0         .0         .0
       21.3498      -35.7      -12.9         .0       20.2      -10.0         .0         .0
       21.5747      -35.7      -12.9         .0       20.2      -10.0         .0         .0
       21.7997      -35.7      -12.9         .0       20.2      -10.0         .0         .0
       22.0246      -35.7      -12.9         .0       20.2      -10.0         .0         .0
       22.2496      -35.7      -12.9         .0       20.2      -10.0         .0         .0
       22.3748      -35.7      -12.9         .0       20.2      -10.0         .0         .0
       22.5000      -35.7      -12.9         .0       20.2      -10.0         .0         .0
       22.7143      -35.7      -12.9         .0       20.2      -10.0         .0         .0
       22.9286      -35.7      -12.9         .0       20.2      -10.0         .0         .0
       23.1429      -35.7      -12.9         .0       20.2      -10.0         .0         .0
       23.3571      -35.7      -12.9         .0       20.2      -10.0         .0         .0
       23.5714      -35.7      -12.9         .0       20.2      -10.0         .0         .0
       23.7857      -35.7      -12.9         .0       20.2      -10.0         .0         .0
       24.0000      -35.7      -12.9         .0       20.2      -10.0         .0         .0
       24.0100      -33.9      -12.7         .0       20.2      -10.0         .0         .0
       24.0230      -32.4      -12.6         .0       20.2      -10.0         .0         .0
       24.0399      -31.0      -12.3         .0       20.2      -10.0         .0         .0
       24.0617      -29.8      -12.1         .0       20.2       -9.9         .0         .0
       24.0835      -28.8      -11.8         .0       20.2       -9.9         .0         .0
       24.1053      -28.1      -11.6         .0       20.2       -9.9         .0         .0
       24.1272      -27.4      -11.4         .0       20.2       -9.8         .0         .0
       24.1553      -26.8      -11.1         .0       20.2       -9.8         .0         .0
       24.1920      -26.1      -10.8         .0       20.2       -9.7         .0         .0
       24.2288      -25.5      -10.5         .0       20.2       -9.6         .0         .0
       24.2770      -24.8      -10.1         .0       20.2       -9.5         .0         .0
       24.3252      -24.3       -9.8         .0       20.2       -9.4         .0         .0
       24.3734      -23.8       -9.5         .0       20.2       -9.3         .0         .0
       24.4360      -23.3       -9.2         .0       20.2       -9.1         .0         .0
       24.4987      -22.9       -9.0         .0       20.2       -9.0         .0         .0
       24.5822      -22.5       -8.7         .0       20.2       -8.8         .0         .0
       24.6867      -22.1       -8.4         .0       20.2       -8.7         .0         .0
       24.8433      -21.8       -8.1         .0       20.2       -8.5         .0         .0
       25.0000      -21.5       -7.9         .0       20.2       -8.4         .0         .0
end
