


                               Node(320)                                           Node(422)                                           Node(519)

     time        hNew    theta    Temp       Conc       Sorb         hNew    theta    Temp       Conc       Sorb         hNew    theta    Temp       Conc       Sorb    
       .000    -35.562   .3327   20.000   .000E+00   .000E+00      -12.165   .4005   20.000   .000E+00   .000E+00      -22.797   .3669   20.000   .000E+00   .000E+00
       .010    -18.847   .3790   20.000   .133E-02   .000E+00      -11.968   .4012   20.000   .147E-29   .000E+00      -22.799   .3669   20.000   .000E+00   .000E+00
       .017    -10.782   .4049   20.000   .462E-02   .000E+00      -11.551   .4025   20.000   .196E-25   .000E+00      -22.801   .3669   20.000   .000E+00   .000E+00
       .022     -7.519   .4149   20.000   .828E-02   .000E+00      -11.023   .4041   20.000   .460E-24   .000E+00      -22.802   .3669   20.000   .000E+00   .000E+00
       .025     -5.959   .4192   20.000   .112E-01   .000E+00      -10.530   .4057   20.000   .353E-23   .000E+00      -22.803   .3669   20.000   .000E+00   .000E+00
       .029     -4.992   .4217   20.000   .142E-01   .000E+00       -9.916   .4076   20.000   .355E-22   .000E+00      -22.803   .3669   20.000   .000E+00   .000E+00
       .032     -4.311   .4233   20.000   .173E-01   .000E+00       -9.189   .4099   20.000   .309E-21   .000E+00      -22.803   .3669   20.000   .000E+00   .000E+00
       .036     -3.773   .4245   20.000   .203E-01   .000E+00       -8.357   .4124   20.000   .214E-20   .000E+00      -22.803   .3669   20.000   .000E+00   .000E+00
       .039     -3.356   .4254   20.000   .234E-01   .000E+00       -7.457   .4150   20.000   .122E-19   .000E+00      -22.801   .3669   20.000   .000E+00   .000E+00
       .042     -3.012   .4261   20.000   .265E-01   .000E+00       -6.457   .4178   20.000   .606E-19   .000E+00      -22.798   .3669   20.000   .000E+00   .000E+00
       .046     -2.705   .4267   20.000   .296E-01   .000E+00       -5.577   .4202   20.000   .238E-18   .000E+00      -22.793   .3669   20.000   .000E+00   .000E+00
       .049     -2.462   .4272   20.000   .328E-01   .000E+00       -4.796   .4222   20.000   .796E-18   .000E+00      -22.787   .3669   20.000   .000E+00   .000E+00
       .053     -2.250   .4275   20.000   .359E-01   .000E+00       -4.070   .4239   20.000   .241E-17   .000E+00      -22.778   .3670   20.000   .000E+00   .000E+00
       .056     -2.021   .4279   20.000   .391E-01   .000E+00       -3.396   .4253   20.000   .676E-17   .000E+00      -22.766   .3670   20.000   .000E+00   .000E+00
       .060     -1.815   .4282   20.000   .423E-01   .000E+00       -2.761   .4266   20.000   .178E-16   .000E+00      -22.752   .3671   20.000   .000E+00   .000E+00
       .063     -1.622   .4285   20.000   .456E-01   .000E+00       -2.187   .4276   20.000   .437E-16   .000E+00      -22.733   .3671   20.000   .000E+00   .000E+00
       .067     -1.453   .4287   20.000   .489E-01   .000E+00       -1.649   .4285   20.000   .101E-15   .000E+00      -22.711   .3672   20.000   .000E+00   .000E+00
       .070     -1.324   .4289   20.000   .521E-01   .000E+00       -1.159   .4291   20.000   .220E-15   .000E+00      -22.685   .3673   20.000   .000E+00   .000E+00
       .073     -1.214   .4290   20.000   .554E-01   .000E+00        -.673   .4296   20.000   .458E-15   .000E+00      -22.654   .3674   20.000   .000E+00   .000E+00
       .077     -1.116   .4292   20.000   .586E-01   .000E+00        -.195   .4299   20.000   .919E-15   .000E+00      -22.619   .3675   20.000   .000E+00   .000E+00
       .080     -1.026   .4293   20.000   .618E-01   .000E+00         .278   .4300   20.000   .178E-14   .000E+00      -22.578   .3676   20.000   .000E+00   .000E+00
       .084      -.947   .4293   20.000   .649E-01   .000E+00         .717   .4300   20.000   .331E-14   .000E+00      -22.531   .3677   20.000   .000E+00   .000E+00
       .087      -.875   .4294   20.000   .681E-01   .000E+00        1.122   .4300   20.000   .591E-14   .000E+00      -22.479   .3679   20.000   .000E+00   .000E+00
       .091      -.810   .4295   20.000   .712E-01   .000E+00        1.509   .4300   20.000   .103E-13   .000E+00      -22.421   .3681   20.000   .000E+00   .000E+00
       .094      -.748   .4295   20.000   .742E-01   .000E+00        1.879   .4300   20.000   .174E-13   .000E+00      -22.357   .3683   20.000   .000E+00   .000E+00
       .097      -.688   .4296   20.000   .773E-01   .000E+00        2.208   .4300   20.000   .286E-13   .000E+00      -22.286   .3685   20.000   .000E+00   .000E+00
       .101      -.638   .4296   20.000   .803E-01   .000E+00        2.510   .4300   20.000   .457E-13   .000E+00      -22.210   .3687   20.000   .000E+00   .000E+00
       .105      -.566   .4297   20.000   .842E-01   .000E+00        2.871   .4300   20.000   .815E-13   .000E+00      -22.101   .3691   20.000   .000E+00   .000E+00
       .111      -.479   .4298   20.000   .892E-01   .000E+00        3.291   .4300   20.000   .165E-12   .000E+00      -21.943   .3695   20.000   .000E+00   .000E+00
       .117      -.408   .4298   20.000   .941E-01   .000E+00        3.690   .4300   20.000   .315E-12   .000E+00      -21.768   .3701   20.000   .000E+00   .000E+00
       .123      -.343   .4299   20.000   .989E-01   .000E+00        4.054   .4300   20.000   .574E-12   .000E+00      -21.578   .3707   20.000   .000E+00   .000E+00
       .128      -.273   .4299   20.000   .104E+00   .000E+00        4.395   .4300   20.000   .100E-11   .000E+00      -21.372   .3713   20.000   .000E+00   .000E+00
       .134      -.213   .4299   20.000   .108E+00   .000E+00        4.713   .4300   20.000   .169E-11   .000E+00      -21.154   .3720   20.000   .000E+00   .000E+00
       .142      -.144   .4300   20.000   .114E+00   .000E+00        5.077   .4300   20.000   .318E-11   .000E+00      -20.852   .3729   20.000   .000E+00   .000E+00
       .149      -.085   .4300   20.000   .120E+00   .000E+00        5.465   .4300   20.000   .568E-11   .000E+00      -20.535   .3739   20.000   .000E+00   .000E+00
       .157      -.008   .4300   20.000   .126E+00   .000E+00        5.817   .4300   20.000   .973E-11   .000E+00      -20.206   .3749   20.000   .000E+00   .000E+00
       .164       .063   .4300   20.000   .131E+00   .000E+00        6.136   .4300   20.000   .161E-10   .000E+00      -19.866   .3759   20.000   .282E-29   .000E+00
       .172       .127   .4300   20.000   .137E+00   .000E+00        6.442   .4300   20.000   .257E-10   .000E+00      -19.517   .3770   20.000   .124E-28   .000E+00
       .179       .182   .4300   20.000   .142E+00   .000E+00        6.724   .4300   20.000   .399E-10   .000E+00      -19.161   .3781   20.000   .429E-28   .000E+00
       .189       .248   .4300   20.000   .149E+00   .000E+00        7.078   .4300   20.000   .684E-10   .000E+00      -18.696   .3795   20.000   .202E-27   .000E+00
       .199       .309   .4300   20.000   .155E+00   .000E+00        7.393   .4300   20.000   .113E-09   .000E+00      -18.236   .3810   20.000   .827E-27   .000E+00
       .209       .364   .4300   20.000   .162E+00   .000E+00        7.681   .4300   20.000   .179E-09   .000E+00      -17.775   .3825   20.000   .305E-26   .000E+00
       .219       .411   .4300   20.000   .168E+00   .000E+00        7.946   .4300   20.000   .276E-09   .000E+00      -17.319   .3839   20.000   .103E-25   .000E+00
       .228       .460   .4300   20.000   .174E+00   .000E+00        8.215   .4300   20.000   .415E-09   .000E+00      -16.873   .3854   20.000   .322E-25   .000E+00
       .238       .506   .4300   20.000   .179E+00   .000E+00        8.463   .4300   20.000   .608E-09   .000E+00      -16.433   .3868   20.000   .938E-25   .000E+00
       .248       .547   .4300   20.000   .185E+00   .000E+00        8.690   .4300   20.000   .872E-09   .000E+00      -16.005   .3881   20.000   .256E-24   .000E+00
       .261       .600   .4300   20.000   .192E+00   .000E+00        8.961   .4300   20.000   .136E-08   .000E+00      -15.471   .3899   20.000   .906E-24   .000E+00
       .273       .650   .4300   20.000   .199E+00   .000E+00        9.225   .4300   20.000   .205E-08   .000E+00      -14.960   .3915   20.000   .287E-23   .000E+00
       .286       .696   .4300   20.000   .206E+00   .000E+00        9.467   .4300   20.000   .301E-08   .000E+00      -14.473   .3931   20.000   .832E-23   .000E+00
       .299       .738   .4300   20.000   .212E+00   .000E+00        9.690   .4300   20.000   .433E-08   .000E+00      -14.006   .3946   20.000   .224E-22   .000E+00
       .315       .788   .4300   20.000   .220E+00   .000E+00        9.957   .4300   20.000   .673E-08   .000E+00      -13.433   .3964   20.000   .777E-22   .000E+00
       .332       .831   .4300   20.000   .228E+00   .000E+00       10.201   .4300   20.000   .101E-07   .000E+00      -12.893   .3982   20.000   .242E-21   .000E+00
       .349       .871   .4300   20.000   .236E+00   .000E+00       10.436   .4300   20.000   .149E-07   .000E+00      -12.387   .3998   20.000   .691E-21   .000E+00
       .365       .908   .4300   20.000   .243E+00   .000E+00       10.650   .4300   20.000   .213E-07   .000E+00      -11.900   .4014   20.000   .185E-20   .000E+00
       .382       .942   .4300   20.000   .250E+00   .000E+00       10.852   .4300   20.000   .298E-07   .000E+00      -11.447   .4028   20.000   .467E-20   .000E+00
       .398       .973   .4300   20.000   .257E+00   .000E+00       11.037   .4300   20.000   .410E-07   .000E+00      -11.025   .4041   20.000   .112E-19   .000E+00
       .415      1.006   .4300   20.000   .263E+00   .000E+00       11.216   .4300   20.000   .555E-07   .000E+00      -10.630   .4054   20.000   .258E-19   .000E+00
       .431      1.036   .4300   20.000   .270E+00   .000E+00       11.386   .4300   20.000   .738E-07   .000E+00      -10.266   .4065   20.000   .567E-19   .000E+00
       .453      1.073   .4300   20.000   .278E+00   .000E+00       11.590   .4300   20.000   .105E-06   .000E+00       -9.836   .4079   20.000   .152E-18   .000E+00
       .474      1.107   .4300   20.000   .286E+00   .000E+00       11.777   .4300   20.000   .146E-06   .000E+00       -9.445   .4091   20.000   .381E-18   .000E+00
       .496      1.138   .4300   20.000   .293E+00   .000E+00       11.950   .4300   20.000   .199E-06   .000E+00       -9.090   .4102   20.000   .898E-18   .000E+00
       .518      1.166   .4300   20.000   .300E+00   .000E+00       12.111   .4300   20.000   .266E-06   .000E+00       -8.764   .4111   20.000   .201E-17   .000E+00
       .539      1.193   .4300   20.000   .307E+00   .000E+00       12.265   .4300   20.000   .352E-06   .000E+00       -8.464   .4120   20.000   .429E-17   .000E+00
       .561      1.217   .4300   20.000   .314E+00   .000E+00       12.406   .4300   20.000   .459E-06   .000E+00       -8.190   .4129   20.000   .882E-17   .000E+00
       .582      1.240   .4300   20.000   .321E+00   .000E+00       12.535   .4300   20.000   .592E-06   .000E+00       -7.937   .4136   20.000   .175E-16   .000E+00
       .604      1.261   .4300   20.000   .327E+00   .000E+00       12.657   .4300   20.000   .753E-06   .000E+00       -7.704   .4143   20.000   .335E-16   .000E+00
       .625      1.280   .4300   20.000   .333E+00   .000E+00       12.769   .4300   20.000   .949E-06   .000E+00       -7.486   .4150   20.000   .624E-16   .000E+00
       .647      1.298   .4300   20.000   .339E+00   .000E+00       12.876   .4300   20.000   .118E-05   .000E+00       -7.287   .4155   20.000   .113E-15   .000E+00
       .668      1.313   .4300   20.000   .345E+00   .000E+00       12.975   .4300   20.000   .146E-05   .000E+00       -7.105   .4160   20.000   .201E-15   .000E+00
       .690      1.329   .4300   20.000   .351E+00   .000E+00       13.064   .4300   20.000   .180E-05   .000E+00       -6.937   .4165   20.000   .349E-15   .000E+00
       .718      1.348   .4300   20.000   .358E+00   .000E+00       13.171   .4300   20.000   .231E-05   .000E+00       -6.740   .4170   20.000   .697E-15   .000E+00
       .746      1.366   .4300   20.000   .365E+00   .000E+00       13.270   .4300   20.000   .294E-05   .000E+00       -6.561   .4175   20.000   .135E-14   .000E+00
       .773      1.382   .4300   20.000   .372E+00   .000E+00       13.361   .4300   20.000   .369E-05   .000E+00       -6.403   .4180   20.000   .254E-14   .000E+00
       .801      1.396   .4300   20.000   .378E+00   .000E+00       13.445   .4300   20.000   .460E-05   .000E+00       -6.263   .4184   20.000   .465E-14   .000E+00
       .829      1.410   .4300   20.000   .384E+00   .000E+00       13.524   .4300   20.000   .567E-05   .000E+00       -6.130   .4187   20.000   .828E-14   .000E+00
       .857      1.423   .4300   20.000   .391E+00   .000E+00       13.598   .4300   20.000   .694E-05   .000E+00       -6.008   .4191   20.000   .144E-13   .000E+00
       .885      1.435   .4300   20.000   .397E+00   .000E+00       13.666   .4300   20.000   .842E-05   .000E+00       -5.894   .4194   20.000   .245E-13   .000E+00
       .913      1.447   .4300   20.000   .402E+00   .000E+00       13.730   .4300   20.000   .101E-04   .000E+00       -5.783   .4197   20.000   .409E-13   .000E+00
       .941      1.457   .4300   20.000   .408E+00   .000E+00       13.792   .4300   20.000   .121E-04   .000E+00       -5.682   .4199   20.000   .670E-13   .000E+00
       .968      1.467   .4300   20.000   .414E+00   .000E+00       13.852   .4300   20.000   .144E-04   .000E+00       -5.588   .4202   20.000   .108E-12   .000E+00
       .996      1.476   .4300   20.000   .419E+00   .000E+00       13.908   .4300   20.000   .171E-04   .000E+00       -5.501   .4204   20.000   .171E-12   .000E+00
      1.024      1.485   .4300   20.000   .424E+00   .000E+00       13.960   .4300   20.000   .200E-04   .000E+00       -5.420   .4206   20.000   .266E-12   .000E+00
      1.052      1.495   .4300   20.000   .429E+00   .000E+00       14.009   .4300   20.000   .234E-04   .000E+00       -5.343   .4208   20.000   .408E-12   .000E+00
      1.080      1.504   .4300   20.000   .434E+00   .000E+00       14.054   .4300   20.000   .273E-04   .000E+00       -5.274   .4210   20.000   .618E-12   .000E+00
      1.108      1.512   .4300   20.000   .439E+00   .000E+00       14.097   .4300   20.000   .316E-04   .000E+00       -5.210   .4211   20.000   .923E-12   .000E+00
      1.135      1.520   .4300   20.000   .444E+00   .000E+00       14.137   .4300   20.000   .365E-04   .000E+00       -5.149   .4213   20.000   .136E-11   .000E+00
      1.163      1.527   .4300   20.000   .449E+00   .000E+00       14.175   .4300   20.000   .419E-04   .000E+00       -5.092   .4214   20.000   .198E-11   .000E+00
      1.191      1.534   .4300   20.000   .453E+00   .000E+00       14.210   .4300   20.000   .479E-04   .000E+00       -5.039   .4216   20.000   .285E-11   .000E+00
      1.219      1.541   .4300   20.000   .458E+00   .000E+00       14.244   .4300   20.000   .547E-04   .000E+00       -4.990   .4217   20.000   .406E-11   .000E+00
      1.247      1.547   .4300   20.000   .462E+00   .000E+00       14.277   .4300   20.000   .621E-04   .000E+00       -4.944   .4218   20.000   .573E-11   .000E+00
      1.275      1.553   .4300   20.000   .467E+00   .000E+00       14.307   .4300   20.000   .703E-04   .000E+00       -4.902   .4219   20.000   .799E-11   .000E+00
      1.303      1.559   .4300   20.000   .471E+00   .000E+00       14.335   .4300   20.000   .793E-04   .000E+00       -4.862   .4220   20.000   .111E-10   .000E+00
      1.330      1.564   .4300   20.000   .475E+00   .000E+00       14.362   .4300   20.000   .892E-04   .000E+00       -4.824   .4221   20.000   .152E-10   .000E+00
      1.367      1.571   .4300   20.000   .481E+00   .000E+00       14.396   .4300   20.000   .104E-03   .000E+00       -4.778   .4222   20.000   .227E-10   .000E+00
      1.403      1.577   .4300   20.000   .486E+00   .000E+00       14.427   .4300   20.000   .120E-03   .000E+00       -4.737   .4223   20.000   .335E-10   .000E+00
      1.440      1.583   .4300   20.000   .491E+00   .000E+00       14.457   .4300   20.000   .138E-03   .000E+00       -4.696   .4224   20.000   .488E-10   .000E+00
      1.477      1.588   .4300   20.000   .496E+00   .000E+00       14.485   .4300   20.000   .158E-03   .000E+00       -4.657   .4225   20.000   .703E-10   .000E+00
      1.513      1.593   .4300   20.000   .501E+00   .000E+00       14.512   .4300   20.000   .181E-03   .000E+00       -4.621   .4226   20.000   .100E-09   .000E+00
      1.550      1.599   .4300   20.000   .506E+00   .000E+00       14.537   .4300   20.000   .205E-03   .000E+00       -4.585   .4227   20.000   .141E-09   .000E+00
      1.586      1.603   .4300   20.000   .510E+00   .000E+00       14.562   .4300   20.000   .233E-03   .000E+00       -4.552   .4228   20.000   .196E-09   .000E+00
      1.623      1.608   .4300   20.000   .515E+00   .000E+00       14.587   .4300   20.000   .262E-03   .000E+00       -4.520   .4228   20.000   .270E-09   .000E+00
      1.659      1.613   .4300   20.000   .519E+00   .000E+00       14.610   .4300   20.000   .295E-03   .000E+00       -4.489   .4229   20.000   .370E-09   .000E+00
      1.706      1.619   .4300   20.000   .525E+00   .000E+00       14.639   .4300   20.000   .342E-03   .000E+00       -4.453   .4230   20.000   .544E-09   .000E+00
      1.753      1.624   .4300   20.000   .530E+00   .000E+00       14.665   .4300   20.000   .393E-03   .000E+00       -4.418   .4231   20.000   .791E-09   .000E+00
      1.799      1.629   .4300   20.000   .536E+00   .000E+00       14.690   .4300   20.000   .451E-03   .000E+00       -4.386   .4231   20.000   .113E-08   .000E+00
      1.846      1.634   .4300   20.000   .541E+00   .000E+00       14.713   .4300   20.000   .514E-03   .000E+00       -4.355   .4232   20.000   .161E-08   .000E+00
      1.893      1.639   .4300   20.000   .546E+00   .000E+00       14.737   .4300   20.000   .584E-03   .000E+00       -4.326   .4233   20.000   .225E-08   .000E+00
      1.940      1.643   .4300   20.000   .551E+00   .000E+00       14.759   .4300   20.000   .661E-03   .000E+00       -4.300   .4233   20.000   .311E-08   .000E+00
      1.986      1.647   .4300   20.000   .556E+00   .000E+00       14.780   .4300   20.000   .745E-03   .000E+00       -4.275   .4234   20.000   .426E-08   .000E+00
      2.050      1.653   .4300   20.000   .562E+00   .000E+00       14.807   .4300   20.000   .874E-03   .000E+00       -4.243   .4235   20.000   .649E-08   .000E+00
      2.115      1.658   .4300   20.000   .569E+00   .000E+00       14.832   .4300   20.000   .102E-02   .000E+00       -4.214   .4235   20.000   .969E-08   .000E+00
      2.179      1.662   .4300   20.000   .575E+00   .000E+00       14.855   .4300   20.000   .118E-02   .000E+00       -4.186   .4236   20.000   .142E-07   .000E+00
      2.243      1.666   .4300   20.000   .581E+00   .000E+00       14.876   .4300   20.000   .136E-02   .000E+00       -4.161   .4237   20.000   .206E-07   .000E+00
      2.307      1.670   .4300   20.000   .587E+00   .000E+00       14.896   .4300   20.000   .155E-02   .000E+00       -4.138   .4237   20.000   .294E-07   .000E+00
      2.404      1.675   .4300   20.000   .595E+00   .000E+00       14.922   .4300   20.000   .188E-02   .000E+00       -4.106   .4238   20.000   .489E-07   .000E+00
      2.500      1.679   .4300   20.000   .603E+00   .000E+00       14.946   .4300   20.000   .226E-02   .000E+00       -4.078   .4238   20.000   .791E-07   .000E+00
      2.581      1.681   .4300   20.000   .610E+00   .000E+00       14.964   .4300   20.000   .262E-02   .000E+00       -4.057   .4239   20.000   .116E-06   .000E+00
      2.686      1.686   .4300   20.000   .618E+00   .000E+00       14.985   .4300   20.000   .314E-02   .000E+00       -4.033   .4239   20.000   .186E-06   .000E+00
      2.791      1.690   .4300   20.000   .626E+00   .000E+00       15.002   .4300   20.000   .372E-02   .000E+00       -4.011   .4240   20.000   .291E-06   .000E+00
      2.929      1.694   .4300   20.000   .636E+00   .000E+00       15.021   .4300   20.000   .460E-02   .000E+00       -3.988   .4241   20.000   .505E-06   .000E+00
      3.067      1.698   .4300   20.000   .645E+00   .000E+00       15.037   .4300   20.000   .560E-02   .000E+00       -3.969   .4241   20.000   .844E-06   .000E+00
      3.243      1.702   .4300   20.000   .657E+00   .000E+00       15.053   .4300   20.000   .707E-02   .000E+00       -3.949   .4241   20.000   .155E-05   .000E+00
      3.419      1.704   .4300   20.000   .668E+00   .000E+00       15.066   .4300   20.000   .876E-02   .000E+00       -3.934   .4242   20.000   .271E-05   .000E+00
      3.644      1.707   .4300   20.000   .681E+00   .000E+00       15.077   .4300   20.000   .113E-01   .000E+00       -3.920   .4242   20.000   .523E-05   .000E+00
      3.869      1.709   .4300   20.000   .693E+00   .000E+00       15.085   .4300   20.000   .142E-01   .000E+00       -3.910   .4242   20.000   .946E-05   .000E+00
      4.094      1.710   .4300   20.000   .705E+00   .000E+00       15.091   .4300   20.000   .174E-01   .000E+00       -3.903   .4242   20.000   .162E-04   .000E+00
      4.319      1.711   .4300   20.000   .716E+00   .000E+00       15.096   .4300   20.000   .211E-01   .000E+00       -3.898   .4243   20.000   .266E-04   .000E+00
      4.544      1.712   .4300   20.000   .726E+00   .000E+00       15.098   .4300   20.000   .252E-01   .000E+00       -3.894   .4243   20.000   .420E-04   .000E+00
      4.769      1.712   .4300   20.000   .736E+00   .000E+00       15.100   .4300   20.000   .297E-01   .000E+00       -3.892   .4243   20.000   .639E-04   .000E+00
      4.884      1.713   .4300   20.000   .740E+00   .000E+00       15.101   .4300   20.000   .321E-01   .000E+00       -3.891   .4243   20.000   .782E-04   .000E+00
      5.000      1.713   .4300   20.000   .745E+00   .000E+00       15.102   .4300   20.000   .346E-01   .000E+00       -3.890   .4243   20.000   .951E-04   .000E+00
      5.225      1.713   .4300   20.000   .754E+00   .000E+00       15.103   .4300   20.000   .398E-01   .000E+00       -3.888   .4243   20.000   .137E-03   .000E+00
      5.450      1.713   .4300   20.000   .762E+00   .000E+00       15.104   .4300   20.000   .454E-01   .000E+00       -3.887   .4243   20.000   .191E-03   .000E+00
      5.675      1.713   .4300   20.000   .770E+00   .000E+00       15.105   .4300   20.000   .513E-01   .000E+00       -3.886   .4243   20.000   .262E-03   .000E+00
      5.900      1.713   .4300   20.000   .778E+00   .000E+00       15.105   .4300   20.000   .574E-01   .000E+00       -3.886   .4243   20.000   .352E-03   .000E+00
      6.125      1.714   .4300   20.000   .785E+00   .000E+00       15.106   .4300   20.000   .639E-01   .000E+00       -3.885   .4243   20.000   .464E-03   .000E+00
      6.350      1.714   .4300   20.000   .792E+00   .000E+00       15.106   .4300   20.000   .706E-01   .000E+00       -3.885   .4243   20.000   .602E-03   .000E+00
      6.575      1.714   .4300   20.000   .799E+00   .000E+00       15.106   .4300   20.000   .776E-01   .000E+00       -3.885   .4243   20.000   .769E-03   .000E+00
      6.800      1.714   .4300   20.000   .806E+00   .000E+00       15.106   .4300   20.000   .848E-01   .000E+00       -3.884   .4243   20.000   .970E-03   .000E+00
      7.025      1.714   .4300   20.000   .812E+00   .000E+00       15.106   .4300   20.000   .923E-01   .000E+00       -3.884   .4243   20.000   .121E-02   .000E+00
      7.250      1.714   .4300   20.000   .818E+00   .000E+00       15.106   .4300   20.000   .999E-01   .000E+00       -3.884   .4243   20.000   .149E-02   .000E+00
      7.375      1.714   .4300   20.000   .821E+00   .000E+00       15.106   .4300   20.000   .104E+00   .000E+00       -3.884   .4243   20.000   .166E-02   .000E+00
      7.500      1.714   .4300   20.000   .824E+00   .000E+00       15.107   .4300   20.000   .109E+00   .000E+00       -3.884   .4243   20.000   .185E-02   .000E+00
      7.714      1.714   .4300   20.000   .830E+00   .000E+00       15.107   .4300   20.000   .116E+00   .000E+00       -3.884   .4243   20.000   .221E-02   .000E+00
      7.929      1.714   .4300   20.000   .835E+00   .000E+00       15.107   .4300   20.000   .124E+00   .000E+00       -3.884   .4243   20.000   .261E-02   .000E+00
      8.143      1.714   .4300   20.000   .840E+00   .000E+00       15.107   .4300   20.000   .132E+00   .000E+00       -3.884   .4243   20.000   .307E-02   .000E+00
      8.357      1.714   .4300   20.000   .845E+00   .000E+00       15.107   .4300   20.000   .140E+00   .000E+00       -3.884   .4243   20.000   .358E-02   .000E+00
      8.571      1.714   .4300   20.000   .849E+00   .000E+00       15.107   .4300   20.000   .148E+00   .000E+00       -3.884   .4243   20.000   .415E-02   .000E+00
      8.786      1.714   .4300   20.000   .854E+00   .000E+00       15.107   .4300   20.000   .156E+00   .000E+00       -3.884   .4243   20.000   .477E-02   .000E+00
      9.000      1.714   .4300   20.000   .858E+00   .000E+00       15.107   .4300   20.000   .164E+00   .000E+00       -3.884   .4243   20.000   .546E-02   .000E+00
      9.010      1.753   .4300   20.000   .858E+00   .000E+00       15.115   .4300   20.000   .164E+00   .000E+00       -3.883   .4243   20.000   .550E-02   .000E+00
      9.023      1.783   .4300   20.000   .859E+00   .000E+00       15.128   .4300   20.000   .165E+00   .000E+00       -3.879   .4243   20.000   .554E-02   .000E+00
      9.040      1.807   .4300   20.000   .859E+00   .000E+00       15.149   .4300   20.000   .165E+00   .000E+00       -3.870   .4243   20.000   .560E-02   .000E+00
      9.062      1.830   .4300   20.000   .859E+00   .000E+00       15.180   .4300   20.000   .166E+00   .000E+00       -3.851   .4244   20.000   .567E-02   .000E+00
      9.084      1.850   .4300   20.000   .860E+00   .000E+00       15.214   .4300   20.000   .167E+00   .000E+00       -3.827   .4244   20.000   .575E-02   .000E+00
      9.105      1.867   .4300   20.000   .860E+00   .000E+00       15.253   .4300   20.000   .168E+00   .000E+00       -3.798   .4245   20.000   .583E-02   .000E+00
      9.127      1.884   .4300   20.000   .860E+00   .000E+00       15.296   .4300   20.000   .169E+00   .000E+00       -3.763   .4246   20.000   .591E-02   .000E+00
      9.155      1.905   .4300   20.000   .861E+00   .000E+00       15.356   .4300   20.000   .170E+00   .000E+00       -3.710   .4247   20.000   .601E-02   .000E+00
      9.192      1.930   .4300   20.000   .862E+00   .000E+00       15.440   .4300   20.000   .171E+00   .000E+00       -3.630   .4249   20.000   .615E-02   .000E+00
      9.229      1.955   .4300   20.000   .862E+00   .000E+00       15.528   .4300   20.000   .173E+00   .000E+00       -3.543   .4250   20.000   .629E-02   .000E+00
      9.277      1.987   .4300   20.000   .863E+00   .000E+00       15.641   .4300   20.000   .175E+00   .000E+00       -3.421   .4253   20.000   .649E-02   .000E+00
      9.325      2.017   .4300   20.000   .864E+00   .000E+00       15.755   .4300   20.000   .177E+00   .000E+00       -3.297   .4255   20.000   .669E-02   .000E+00
      9.373      2.046   .4300   20.000   .864E+00   .000E+00       15.867   .4300   20.000   .179E+00   .000E+00       -3.171   .4258   20.000   .689E-02   .000E+00
      9.436      2.079   .4300   20.000   .865E+00   .000E+00       16.003   .4300   20.000   .181E+00   .000E+00       -3.015   .4261   20.000   .717E-02   .000E+00
      9.499      2.109   .4300   20.000   .866E+00   .000E+00       16.128   .4300   20.000   .184E+00   .000E+00       -2.866   .4264   20.000   .746E-02   .000E+00
      9.582      2.142   .4300   20.000   .867E+00   .000E+00       16.270   .4300   20.000   .187E+00   .000E+00       -2.685   .4267   20.000   .787E-02   .000E+00
      9.687      2.176   .4300   20.000   .868E+00   .000E+00       16.411   .4300   20.000   .191E+00   .000E+00       -2.508   .4271   20.000   .840E-02   .000E+00
      9.843      2.211   .4300   20.000   .870E+00   .000E+00       16.559   .4300   20.000   .197E+00   .000E+00       -2.325   .4274   20.000   .926E-02   .000E+00
     10.000      2.235   .4300   20.000   .871E+00   .000E+00       16.658   .4300   20.000   .203E+00   .000E+00       -2.201   .4276   20.000   .102E-01   .000E+00
     10.179      2.026   .4300   20.000   .873E+00   .000E+00       16.325   .4300   20.000   .210E+00   .000E+00       -2.458   .4272   20.000   .113E-01   .000E+00
     10.357      1.930   .4300   20.000   .875E+00   .000E+00       16.012   .4300   20.000   .217E+00   .000E+00       -2.789   .4265   20.000   .124E-01   .000E+00
     10.536      1.867   .4300   20.000   .877E+00   .000E+00       15.770   .4300   20.000   .224E+00   .000E+00       -3.068   .4260   20.000   .135E-01   .000E+00
     10.714      1.825   .4300   20.000   .880E+00   .000E+00       15.594   .4300   20.000   .231E+00   .000E+00       -3.280   .4256   20.000   .147E-01   .000E+00
     10.893      1.795   .4300   20.000   .883E+00   .000E+00       15.468   .4300   20.000   .237E+00   .000E+00       -3.437   .4253   20.000   .159E-01   .000E+00
     11.071      1.773   .4300   20.000   .885E+00   .000E+00       15.376   .4300   20.000   .244E+00   .000E+00       -3.552   .4250   20.000   .172E-01   .000E+00
     11.250      1.757   .4300   20.000   .888E+00   .000E+00       15.308   .4300   20.000   .251E+00   .000E+00       -3.635   .4248   20.000   .185E-01   .000E+00
     11.429      1.746   .4300   20.000   .891E+00   .000E+00       15.258   .4300   20.000   .258E+00   .000E+00       -3.696   .4247   20.000   .198E-01   .000E+00
     11.607      1.738   .4300   20.000   .894E+00   .000E+00       15.219   .4300   20.000   .264E+00   .000E+00       -3.742   .4246   20.000   .212E-01   .000E+00
     11.786      1.732   .4300   20.000   .896E+00   .000E+00       15.191   .4300   20.000   .271E+00   .000E+00       -3.777   .4245   20.000   .227E-01   .000E+00
     11.964      1.728   .4300   20.000   .899E+00   .000E+00       15.170   .4300   20.000   .278E+00   .000E+00       -3.802   .4245   20.000   .242E-01   .000E+00
     12.189      1.724   .4300   20.000   .903E+00   .000E+00       15.151   .4300   20.000   .286E+00   .000E+00       -3.825   .4244   20.000   .262E-01   .000E+00
     12.344      1.721   .4300   20.000   .905E+00   .000E+00       15.141   .4300   20.000   .292E+00   .000E+00       -3.837   .4244   20.000   .276E-01   .000E+00
     12.500      1.720   .4300   20.000   .907E+00   .000E+00       15.134   .4300   20.000   .297E+00   .000E+00       -3.847   .4244   20.000   .290E-01   .000E+00
     12.725      1.718   .4300   20.000   .910E+00   .000E+00       15.126   .4300   20.000   .306E+00   .000E+00       -3.858   .4243   20.000   .312E-01   .000E+00
     12.950      1.717   .4300   20.000   .913E+00   .000E+00       15.121   .4300   20.000   .314E+00   .000E+00       -3.865   .4243   20.000   .334E-01   .000E+00
     13.175      1.716   .4300   20.000   .916E+00   .000E+00       15.117   .4300   20.000   .322E+00   .000E+00       -3.871   .4243   20.000   .357E-01   .000E+00
     13.399      1.715   .4300   20.000   .919E+00   .000E+00       15.114   .4300   20.000   .330E+00   .000E+00       -3.874   .4243   20.000   .382E-01   .000E+00
     13.624      1.715   .4300   20.000   .922E+00   .000E+00       15.112   .4300   20.000   .338E+00   .000E+00       -3.876   .4243   20.000   .406E-01   .000E+00
     13.849      1.715   .4300   20.000   .925E+00   .000E+00       15.111   .4300   20.000   .346E+00   .000E+00       -3.878   .4243   20.000   .432E-01   .000E+00
     14.074      1.714   .4300   20.000   .928E+00   .000E+00       15.110   .4300   20.000   .354E+00   .000E+00       -3.880   .4243   20.000   .459E-01   .000E+00
     14.299      1.714   .4300   20.000   .930E+00   .000E+00       15.109   .4300   20.000   .362E+00   .000E+00       -3.881   .4243   20.000   .486E-01   .000E+00
     14.524      1.714   .4300   20.000   .933E+00   .000E+00       15.109   .4300   20.000   .370E+00   .000E+00       -3.881   .4243   20.000   .515E-01   .000E+00
     14.749      1.714   .4300   20.000   .936E+00   .000E+00       15.108   .4300   20.000   .377E+00   .000E+00       -3.882   .4243   20.000   .544E-01   .000E+00
     14.875      1.714   .4300   20.000   .937E+00   .000E+00       15.108   .4300   20.000   .382E+00   .000E+00       -3.882   .4243   20.000   .560E-01   .000E+00
     15.000      1.714   .4300   20.000   .938E+00   .000E+00       15.108   .4300   20.000   .386E+00   .000E+00       -3.882   .4243   20.000   .577E-01   .000E+00
     15.225      1.714   .4300   20.000   .941E+00   .000E+00       15.107   .4300   20.000   .394E+00   .000E+00       -3.883   .4243   20.000   .608E-01   .000E+00
     15.450      1.714   .4300   20.000   .943E+00   .000E+00       15.107   .4300   20.000   .401E+00   .000E+00       -3.883   .4243   20.000   .639E-01   .000E+00
     15.675      1.714   .4300   20.000   .946E+00   .000E+00       15.107   .4300   20.000   .409E+00   .000E+00       -3.883   .4243   20.000   .672E-01   .000E+00
     15.900      1.714   .4300   20.000   .948E+00   .000E+00       15.107   .4300   20.000   .416E+00   .000E+00       -3.883   .4243   20.000   .705E-01   .000E+00
     16.125      1.714   .4300   20.000   .950E+00   .000E+00       15.107   .4300   20.000   .423E+00   .000E+00       -3.883   .4243   20.000   .738E-01   .000E+00
     16.350      1.714   .4300   20.000   .953E+00   .000E+00       15.107   .4300   20.000   .430E+00   .000E+00       -3.884   .4243   20.000   .773E-01   .000E+00
     16.575      1.714   .4300   20.000   .955E+00   .000E+00       15.107   .4300   20.000   .438E+00   .000E+00       -3.884   .4243   20.000   .808E-01   .000E+00
     16.800      1.714   .4300   20.000   .957E+00   .000E+00       15.107   .4300   20.000   .445E+00   .000E+00       -3.884   .4243   20.000   .844E-01   .000E+00
     17.025      1.714   .4300   20.000   .959E+00   .000E+00       15.107   .4300   20.000   .452E+00   .000E+00       -3.884   .4243   20.000   .881E-01   .000E+00
     17.250      1.714   .4300   20.000   .961E+00   .000E+00       15.107   .4300   20.000   .459E+00   .000E+00       -3.884   .4243   20.000   .918E-01   .000E+00
     17.375      1.714   .4300   20.000   .962E+00   .000E+00       15.107   .4300   20.000   .463E+00   .000E+00       -3.884   .4243   20.000   .939E-01   .000E+00
     17.500      1.714   .4300   20.000   .963E+00   .000E+00       15.107   .4300   20.000   .466E+00   .000E+00       -3.884   .4243   20.000   .960E-01   .000E+00
     17.725      1.714   .4300   20.000   .965E+00   .000E+00       15.107   .4300   20.000   .473E+00   .000E+00       -3.884   .4243   20.000   .999E-01   .000E+00
     17.950      1.714   .4300   20.000   .967E+00   .000E+00       15.107   .4300   20.000   .480E+00   .000E+00       -3.884   .4243   20.000   .104E+00   .000E+00
     18.175      1.714   .4300   20.000   .969E+00   .000E+00       15.107   .4300   20.000   .486E+00   .000E+00       -3.884   .4243   20.000   .108E+00   .000E+00
     18.400      1.714   .4300   20.000   .971E+00   .000E+00       15.107   .4300   20.000   .493E+00   .000E+00       -3.884   .4243   20.000   .112E+00   .000E+00
     18.625      1.714   .4300   20.000   .973E+00   .000E+00       15.107   .4300   20.000   .500E+00   .000E+00       -3.884   .4243   20.000   .116E+00   .000E+00
     18.850      1.714   .4300   20.000   .975E+00   .000E+00       15.107   .4300   20.000   .506E+00   .000E+00       -3.884   .4243   20.000   .120E+00   .000E+00
     19.075      1.714   .4300   20.000   .977E+00   .000E+00       15.107   .4300   20.000   .512E+00   .000E+00       -3.884   .4243   20.000   .124E+00   .000E+00
     19.300      1.714   .4300   20.000   .978E+00   .000E+00       15.107   .4300   20.000   .519E+00   .000E+00       -3.884   .4243   20.000   .129E+00   .000E+00
     19.525      1.714   .4300   20.000   .980E+00   .000E+00       15.107   .4300   20.000   .525E+00   .000E+00       -3.884   .4243   20.000   .133E+00   .000E+00
     19.750      1.714   .4300   20.000   .982E+00   .000E+00       15.107   .4300   20.000   .531E+00   .000E+00       -3.884   .4243   20.000   .137E+00   .000E+00
     19.875      1.714   .4300   20.000   .983E+00   .000E+00       15.107   .4300   20.000   .534E+00   .000E+00       -3.884   .4243   20.000   .140E+00   .000E+00
     20.000      1.714   .4300   20.000   .984E+00   .000E+00       15.107   .4300   20.000   .538E+00   .000E+00       -3.884   .4243   20.000   .142E+00   .000E+00
     20.225      1.714   .4300   20.000   .986E+00   .000E+00       15.107   .4300   20.000   .544E+00   .000E+00       -3.884   .4243   20.000   .147E+00   .000E+00
     20.450      1.714   .4300   20.000   .987E+00   .000E+00       15.107   .4300   20.000   .550E+00   .000E+00       -3.884   .4243   20.000   .151E+00   .000E+00
     20.675      1.714   .4300   20.000   .989E+00   .000E+00       15.107   .4300   20.000   .556E+00   .000E+00       -3.884   .4243   20.000   .156E+00   .000E+00
     20.900      1.714   .4300   20.000   .990E+00   .000E+00       15.107   .4300   20.000   .561E+00   .000E+00       -3.884   .4243   20.000   .160E+00   .000E+00
     21.125      1.714   .4300   20.000   .992E+00   .000E+00       15.107   .4300   20.000   .567E+00   .000E+00       -3.884   .4243   20.000   .165E+00   .000E+00
     21.350      1.714   .4300   20.000   .994E+00   .000E+00       15.107   .4300   20.000   .573E+00   .000E+00       -3.884   .4243   20.000   .170E+00   .000E+00
     21.575      1.714   .4300   20.000   .995E+00   .000E+00       15.107   .4300   20.000   .578E+00   .000E+00       -3.884   .4243   20.000   .174E+00   .000E+00
     21.800      1.714   .4300   20.000   .997E+00   .000E+00       15.107   .4300   20.000   .584E+00   .000E+00       -3.884   .4243   20.000   .179E+00   .000E+00
     22.025      1.714   .4300   20.000   .998E+00   .000E+00       15.107   .4300   20.000   .589E+00   .000E+00       -3.884   .4243   20.000   .184E+00   .000E+00
     22.250      1.714   .4300   20.000   .100E+01   .000E+00       15.107   .4300   20.000   .595E+00   .000E+00       -3.884   .4243   20.000   .189E+00   .000E+00
     22.375      1.714   .4300   20.000   .100E+01   .000E+00       15.107   .4300   20.000   .598E+00   .000E+00       -3.884   .4243   20.000   .192E+00   .000E+00
     22.500      1.714   .4300   20.000   .100E+01   .000E+00       15.107   .4300   20.000   .601E+00   .000E+00       -3.884   .4243   20.000   .194E+00   .000E+00
     22.714      1.714   .4300   20.000   .100E+01   .000E+00       15.107   .4300   20.000   .606E+00   .000E+00       -3.884   .4243   20.000   .199E+00   .000E+00
     22.929      1.714   .4300   20.000   .100E+01   .000E+00       15.107   .4300   20.000   .611E+00   .000E+00       -3.884   .4243   20.000   .204E+00   .000E+00
     23.143      1.714   .4300   20.000   .101E+01   .000E+00       15.107   .4300   20.000   .616E+00   .000E+00       -3.884   .4243   20.000   .208E+00   .000E+00
     23.357      1.714   .4300   20.000   .101E+01   .000E+00       15.107   .4300   20.000   .620E+00   .000E+00       -3.884   .4243   20.000   .213E+00   .000E+00
     23.571      1.714   .4300   20.000   .101E+01   .000E+00       15.107   .4300   20.000   .625E+00   .000E+00       -3.884   .4243   20.000   .218E+00   .000E+00
     23.786      1.714   .4300   20.000   .101E+01   .000E+00       15.107   .4300   20.000   .630E+00   .000E+00       -3.884   .4243   20.000   .223E+00   .000E+00
     24.000      1.714   .4300   20.000   .101E+01   .000E+00       15.107   .4300   20.000   .635E+00   .000E+00       -3.884   .4243   20.000   .227E+00   .000E+00
     24.010      1.753   .4300   20.000   .101E+01   .000E+00       15.115   .4300   20.000   .635E+00   .000E+00       -3.883   .4243   20.000   .228E+00   .000E+00
     24.023      1.783   .4300   20.000   .101E+01   .000E+00       15.128   .4300   20.000   .635E+00   .000E+00       -3.879   .4243   20.000   .228E+00   .000E+00
     24.040      1.807   .4300   20.000   .101E+01   .000E+00       15.149   .4300   20.000   .636E+00   .000E+00       -3.870   .4243   20.000   .228E+00   .000E+00
     24.062      1.830   .4300   20.000   .101E+01   .000E+00       15.180   .4300   20.000   .636E+00   .000E+00       -3.851   .4244   20.000   .229E+00   .000E+00
     24.084      1.850   .4300   20.000   .101E+01   .000E+00       15.214   .4300   20.000   .637E+00   .000E+00       -3.827   .4244   20.000   .229E+00   .000E+00
     24.105      1.867   .4300   20.000   .101E+01   .000E+00       15.253   .4300   20.000   .637E+00   .000E+00       -3.798   .4245   20.000   .230E+00   .000E+00
     24.127      1.884   .4300   20.000   .101E+01   .000E+00       15.296   .4300   20.000   .638E+00   .000E+00       -3.763   .4246   20.000   .230E+00   .000E+00
     24.155      1.905   .4300   20.000   .101E+01   .000E+00       15.356   .4300   20.000   .638E+00   .000E+00       -3.709   .4247   20.000   .231E+00   .000E+00
     24.192      1.930   .4300   20.000   .101E+01   .000E+00       15.440   .4300   20.000   .639E+00   .000E+00       -3.630   .4249   20.000   .232E+00   .000E+00
     24.229      1.955   .4300   20.000   .101E+01   .000E+00       15.528   .4300   20.000   .640E+00   .000E+00       -3.543   .4250   20.000   .233E+00   .000E+00
     24.277      1.987   .4300   20.000   .101E+01   .000E+00       15.641   .4300   20.000   .641E+00   .000E+00       -3.421   .4253   20.000   .234E+00   .000E+00
     24.325      2.017   .4300   20.000   .101E+01   .000E+00       15.755   .4300   20.000   .642E+00   .000E+00       -3.297   .4255   20.000   .235E+00   .000E+00
     24.373      2.046   .4300   20.000   .101E+01   .000E+00       15.867   .4300   20.000   .643E+00   .000E+00       -3.171   .4258   20.000   .236E+00   .000E+00
     24.436      2.079   .4300   20.000   .101E+01   .000E+00       16.003   .4300   20.000   .644E+00   .000E+00       -3.015   .4261   20.000   .238E+00   .000E+00
     24.499      2.109   .4300   20.000   .101E+01   .000E+00       16.128   .4300   20.000   .646E+00   .000E+00       -2.866   .4264   20.000   .240E+00   .000E+00
     24.582      2.142   .4300   20.000   .101E+01   .000E+00       16.270   .4300   20.000   .648E+00   .000E+00       -2.685   .4267   20.000   .242E+00   .000E+00
     24.687      2.176   .4300   20.000   .101E+01   .000E+00       16.411   .4300   20.000   .650E+00   .000E+00       -2.508   .4271   20.000   .245E+00   .000E+00
     24.843      2.211   .4300   20.000   .101E+01   .000E+00       16.559   .4300   20.000   .653E+00   .000E+00       -2.325   .4274   20.000   .250E+00   .000E+00
     25.000      2.235   .4300   20.000   .101E+01   .000E+00       16.658   .4300   20.000   .657E+00   .000E+00       -2.201   .4276   20.000   .254E+00   .000E+00
end
