

  TLevel   Time         dt     IterW IterC   ItCum  Peclet   Courant

     1  .10000E-01  .10000E-01    9    1      9      .753      .113
     2  .16994E-01  .69944E-02    8    1     17      .862      .055
     3  .21892E-01  .48974E-02    7    1     24      .867      .032
     4  .25324E-01  .34323E-02    6    1     30      .757      .020
     5  .28756E-01  .34323E-02    5    1     35      .728      .020
     6  .32189E-01  .34323E-02    6    1     41      .719      .017
     7  .35621E-01  .34323E-02    5    1     46      .705      .017
     8  .39053E-01  .34323E-02    5    1     51      .708      .016
     9  .42486E-01  .34323E-02    5    1     56      .709      .015
    10  .45918E-01  .34323E-02    5    1     61      .711      .014
    11  .49350E-01  .34323E-02    6    1     67      .713      .014
    12  .52782E-01  .34323E-02    4    1     71      .719      .013
    13  .56215E-01  .34323E-02    5    1     76      .737      .013
    14  .59647E-01  .34323E-02    4    1     80      .738      .013
    15  .63079E-01  .34323E-02    4    1     84      .735      .012
    16  .66511E-01  .34323E-02    4    1     88      .730      .012
    17  .69944E-01  .34323E-02    4    1     92      .721      .012
    18  .73376E-01  .34323E-02    4    1     96      .716      .011
    19  .76808E-01  .34323E-02    4    1    100      .716      .011
    20  .80241E-01  .34323E-02    4    1    104      .720      .011
    21  .83673E-01  .34323E-02    4    1    108      .717      .011
    22  .87105E-01  .34323E-02    4    1    112      .716      .011
    23  .90537E-01  .34323E-02    4    1    116      .715      .010
    24  .93970E-01  .34323E-02    4    1    120      .715      .010
    25  .97402E-01  .34323E-02    4    1    124      .715      .010
    26  .10083E+00  .34323E-02    3    1    127      .715      .010
    27  .10529E+00  .44594E-02    3    1    130      .715      .013
    28  .11109E+00  .57983E-02    4    1    134      .715      .016
    29  .11689E+00  .57983E-02    4    1    138      .714      .016
    30  .12269E+00  .57983E-02    4    1    142      .714      .016
    31  .12849E+00  .57983E-02    4    1    146      .713      .016
    32  .13429E+00  .57983E-02    3    1    149      .713      .015
    33  .14182E+00  .75341E-02    4    1    153      .712      .020
    34  .14935E+00  .75341E-02    4    1    157      .712      .019
    35  .15689E+00  .75341E-02    4    1    161      .711      .019
    36  .16442E+00  .75341E-02    4    1    165      .710      .019
    37  .17196E+00  .75341E-02    4    1    169      .710      .018
    38  .17949E+00  .75341E-02    3    1    172      .709      .018
    39  .18928E+00  .97912E-02    4    1    176      .709      .023
    40  .19907E+00  .97912E-02    4    1    180      .708      .023
    41  .20886E+00  .97912E-02    4    1    184      .707      .023
    42  .21865E+00  .97912E-02    4    1    188      .706      .022
    43  .22845E+00  .97912E-02    4    1    192      .706      .022
    44  .23824E+00  .97912E-02    4    1    196      .705      .022
    45  .24803E+00  .97912E-02    3    1    199      .704      .022
    46  .26075E+00  .12723E-01    4    1    203      .703      .029
    47  .27347E+00  .12723E-01    4    1    207      .702      .031
    48  .28620E+00  .12723E-01    4    1    211      .702      .032
    49  .29892E+00  .12723E-01    3    1    214      .701      .034
    50  .31547E+00  .16549E-01    4    1    218      .700      .046
    51  .33202E+00  .16549E-01    4    1    222      .699      .048
    52  .34857E+00  .16549E-01    4    1    226      .698      .049
    53  .36512E+00  .16549E-01    4    1    230      .697      .050
    54  .38167E+00  .16549E-01    4    1    234      .696      .051
    55  .39822E+00  .16549E-01    4    1    238      .695      .054
    56  .41477E+00  .16549E-01    4    1    242      .694      .055
    57  .43132E+00  .16549E-01    3    1    245      .694      .057
    58  .45286E+00  .21549E-01    4    1    249      .693      .077
    59  .47441E+00  .21549E-01    4    1    253      .692      .079
    60  .49596E+00  .21549E-01    4    1    257      .691      .081
    61  .51751E+00  .21549E-01    4    1    261      .690      .083
    62  .53906E+00  .21549E-01    4    1    265      .689      .085
    63  .56061E+00  .21549E-01    4    1    269      .689      .086
    64  .58216E+00  .21549E-01    4    1    273      .688      .087
    65  .60371E+00  .21549E-01    4    1    277      .687      .087
    66  .62526E+00  .21549E-01    4    1    281      .687      .088
    67  .64680E+00  .21549E-01    4    1    285      .686      .088
    68  .66835E+00  .21549E-01    4    1    289      .686      .089
    69  .68990E+00  .21549E-01    3    1    292      .685      .089
    70  .71775E+00  .27848E-01    4    1    296      .685      .116
    71  .74560E+00  .27848E-01    4    1    300      .684      .116
    72  .77344E+00  .27848E-01    4    1    304      .684      .117
    73  .80129E+00  .27848E-01    4    1    308      .683      .117
    74  .82914E+00  .27848E-01    4    1    312      .683      .118
    75  .85699E+00  .27848E-01    4    1    316      .682      .118
    76  .88484E+00  .27848E-01    4    1    320      .682      .119
    77  .91268E+00  .27848E-01    4    1    324      .682      .119
    78  .94053E+00  .27848E-01    4    1    328      .681      .119
    79  .96838E+00  .27848E-01    4    1    332      .681      .119
    80  .99623E+00  .27848E-01    4    1    336      .681      .120
    81  .10241E+01  .27848E-01    4    1    340      .680      .120
    82  .10519E+01  .27848E-01    4    1    344      .680      .120
    83  .10798E+01  .27848E-01    4    1    348      .680      .120
    84  .11076E+01  .27848E-01    4    1    352      .680      .121
    85  .11355E+01  .27848E-01    4    1    356      .680      .121
    86  .11633E+01  .27848E-01    4    1    360      .679      .121
    87  .11912E+01  .27848E-01    4    1    364      .679      .121
    88  .12190E+01  .27848E-01    4    1    368      .679      .121
    89  .12469E+01  .27848E-01    4    1    372      .679      .121
    90  .12747E+01  .27848E-01    4    1    376      .679      .122
    91  .13025E+01  .27848E-01    4    1    380      .679      .122
    92  .13304E+01  .27848E-01    3    1    383      .679      .122
    93  .13669E+01  .36550E-01    4    1    387      .678      .160
    94  .14035E+01  .36550E-01    4    1    391      .678      .160
    95  .14400E+01  .36550E-01    4    1    395      .678      .160
    96  .14766E+01  .36550E-01    4    1    399      .678      .160
    97  .15131E+01  .36550E-01    4    1    403      .678      .160
    98  .15497E+01  .36550E-01    4    1    407      .678      .160
    99  .15862E+01  .36550E-01    4    1    411      .678      .161
   100  .16228E+01  .36550E-01    4    1    415      .677      .161
   101  .16593E+01  .36550E-01    3    1    418      .677      .161
   102  .17061E+01  .46703E-01    4    1    422      .677      .205
   103  .17528E+01  .46703E-01    4    1    426      .677      .206
   104  .17995E+01  .46703E-01    4    1    430      .677      .206
   105  .18462E+01  .46703E-01    4    1    434      .677      .206
   106  .18929E+01  .46703E-01    4    1    438      .677      .206
   107  .19396E+01  .46703E-01    4    1    442      .677      .206
   108  .19863E+01  .46703E-01    3    1    445      .677      .206
   109  .20505E+01  .64216E-01    4    1    449      .677      .284
   110  .21147E+01  .64216E-01    4    1    453      .677      .284
   111  .21789E+01  .64216E-01    4    1    457      .676      .284
   112  .22431E+01  .64217E-01    4    1    461      .676      .284
   113  .23074E+01  .64216E-01    3    1    464      .676      .284
   114  .24037E+01  .96325E-01    4    1    468      .676      .426
   115  .25000E+01  .96325E-01    4    1    472      .676      .427
   116  .25806E+01  .80645E-01    3    1    475      .676      .357
   117  .26858E+01  .10519E+00    4    1    479      .676      .466
   118  .27910E+01  .10519E+00    3    1    482      .676      .466
   119  .29291E+01  .13806E+00    4    1    486      .676      .613
   120  .30671E+01  .13806E+00    3    1    489      .676      .613
   121  .32429E+01  .17571E+00    4    1    493      .676      .780
   122  .34186E+01  .17571E+00    3    1    496      .676      .780
   123  .36437E+01  .22517E+00    3    1    499      .676     1.000
   124  .38689E+01  .22511E+00    3    1    502      .676     1.000
   125  .40939E+01  .22507E+00    3    1    505      .676     1.000
   126  .43190E+01  .22504E+00    2    1    507      .676     1.000
   127  .45440E+01  .22502E+00    2    1    509      .676     1.000
   128  .47690E+01  .22500E+00    2    1    511      .676     1.000
   129  .48845E+01  .11551E+00    2    1    513      .676      .513
   130  .50000E+01  .11551E+00    2    1    515      .676      .513
   131  .52250E+01  .22498E+00    2    1    517      .676     1.000
   132  .54500E+01  .22498E+00    2    1    519      .675     1.000
   133  .56749E+01  .22497E+00    2    1    521      .675     1.000
   134  .58999E+01  .22497E+00    2    1    523      .675     1.000
   135  .61249E+01  .22497E+00    2    1    525      .675     1.000
   136  .63498E+01  .22496E+00    2    1    527      .675     1.000
   137  .65748E+01  .22496E+00    2    1    529      .675     1.000
   138  .67998E+01  .22496E+00    2    1    531      .675     1.000
   139  .70247E+01  .22496E+00    2    1    533      .675     1.000
   140  .72497E+01  .22496E+00    2    1    535      .675     1.000
   141  .73748E+01  .12516E+00    2    1    537      .675      .556
   142  .75000E+01  .12516E+00    2    1    539      .675      .556
   143  .77143E+01  .21429E+00    2    1    541      .675      .953
   144  .79286E+01  .21429E+00    2    1    543      .675      .953
   145  .81429E+01  .21429E+00    2    1    545      .675      .953
   146  .83571E+01  .21429E+00    2    1    547      .675      .953
   147  .85714E+01  .21429E+00    2    1    549      .675      .953
   148  .87857E+01  .21429E+00    2    1    551      .675      .953
   149  .90000E+01  .21428E+00    2    1    553      .675      .953
   150  .90100E+01  .10000E-01    3    1    556      .676      .044
   151  .90230E+01  .13026E-01    3    1    559      .676      .058
   152  .90399E+01  .16844E-01    3    1    562      .676      .075
   153  .90617E+01  .21821E-01    4    1    566      .676      .097
   154  .90835E+01  .21821E-01    4    1    570      .676      .097
   155  .91053E+01  .21821E-01    4    1    574      .676      .097
   156  .91272E+01  .21821E-01    3    1    577      .676      .097
   157  .91553E+01  .28156E-01    3    1    580      .675      .126
   158  .91920E+01  .36726E-01    4    1    584      .675      .164
   159  .92288E+01  .36726E-01    3    1    587      .675      .164
   160  .92770E+01  .48202E-01    4    1    591      .675      .216
   161  .93252E+01  .48202E-01    4    1    595      .674      .216
   162  .93734E+01  .48202E-01    3    1    598      .674      .217
   163  .94360E+01  .62663E-01    4    1    602      .673      .283
   164  .94987E+01  .62663E-01    3    1    605      .673      .284
   165  .95822E+01  .83550E-01    3    1    608      .672      .379
   166  .96867E+01  .10444E+00    3    1    611      .671      .476
   167  .98433E+01  .15666E+00    3    1    614      .671      .715
   168  .10000E+02  .15666E+00    3    1    617      .670      .717
   169  .10179E+02  .17857E+00    4    1    621      .671      .814
   170  .10357E+02  .17857E+00    4    1    625      .672      .809
   171  .10536E+02  .17857E+00    4    1    629      .673      .805
   172  .10714E+02  .17857E+00    4    1    633      .673      .802
   173  .10893E+02  .17857E+00    4    1    637      .674      .800
   174  .11071E+02  .17857E+00    4    1    641      .674      .798
   175  .11250E+02  .17857E+00    4    1    645      .675      .797
   176  .11429E+02  .17857E+00    4    1    649      .675      .796
   177  .11607E+02  .17857E+00    4    1    653      .675      .796
   178  .11786E+02  .17857E+00    4    1    657      .675      .795
   179  .11964E+02  .17857E+00    3    1    660      .675      .795
   180  .12189E+02  .22465E+00    3    1    663      .675     1.000
   181  .12344E+02  .15553E+00    3    1    666      .675      .692
   182  .12500E+02  .15553E+00    3    1    669      .675      .692
   183  .12725E+02  .22482E+00    3    1    672      .675     1.000
   184  .12950E+02  .22486E+00    3    1    675      .675     1.000
   185  .13175E+02  .22489E+00    2    1    677      .675     1.000
   186  .13399E+02  .22491E+00    2    1    679      .675     1.000
   187  .13624E+02  .22492E+00    2    1    681      .675     1.000
   188  .13849E+02  .22493E+00    2    1    683      .675     1.000
   189  .14074E+02  .22494E+00    2    1    685      .675     1.000
   190  .14299E+02  .22494E+00    2    1    687      .675     1.000
   191  .14524E+02  .22495E+00    2    1    689      .675     1.000
   192  .14749E+02  .22495E+00    2    1    691      .675     1.000
   193  .14875E+02  .12544E+00    2    1    693      .675      .558
   194  .15000E+02  .12544E+00    2    1    695      .675      .558
   195  .15225E+02  .22495E+00    2    1    697      .675     1.000
   196  .15450E+02  .22496E+00    2    1    699      .675     1.000
   197  .15675E+02  .22496E+00    2    1    701      .675     1.000
   198  .15900E+02  .22496E+00    2    1    703      .675     1.000
   199  .16125E+02  .22496E+00    2    1    705      .675     1.000
   200  .16350E+02  .22496E+00    2    1    707      .675     1.000
   201  .16575E+02  .22496E+00    2    1    709      .675     1.000
   202  .16800E+02  .22496E+00    2    1    711      .675     1.000
   203  .17025E+02  .22496E+00    2    1    713      .675     1.000
   204  .17250E+02  .22496E+00    2    1    715      .675     1.000
   205  .17375E+02  .12521E+00    2    1    717      .675      .557
   206  .17500E+02  .12521E+00    2    1    719      .675      .557
   207  .17725E+02  .22496E+00    2    1    721      .675     1.000
   208  .17950E+02  .22496E+00    2    1    723      .675     1.000
   209  .18175E+02  .22496E+00    2    1    725      .675     1.000
   210  .18400E+02  .22496E+00    2    1    727      .675     1.000
   211  .18625E+02  .22496E+00    2    1    729      .675     1.000
   212  .18850E+02  .22496E+00    2    1    731      .675     1.000
   213  .19075E+02  .22496E+00    2    1    733      .675     1.000
   214  .19300E+02  .22496E+00    2    1    735      .675     1.000
   215  .19525E+02  .22496E+00    2    1    737      .675     1.000
   216  .19750E+02  .22496E+00    2    1    739      .675     1.000
   217  .19875E+02  .12521E+00    2    1    741      .675      .557
   218  .20000E+02  .12521E+00    2    1    743      .675      .557
   219  .20225E+02  .22496E+00    2    1    745      .675     1.000
   220  .20450E+02  .22496E+00    2    1    747      .675     1.000
   221  .20675E+02  .22496E+00    2    1    749      .675     1.000
   222  .20900E+02  .22496E+00    2    1    751      .675     1.000
   223  .21125E+02  .22496E+00    2    1    753      .675     1.000
   224  .21350E+02  .22496E+00    2    1    755      .675     1.000
   225  .21575E+02  .22496E+00    2    1    757      .675     1.000
   226  .21800E+02  .22496E+00    2    1    759      .675     1.000
   227  .22025E+02  .22496E+00    2    1    761      .675     1.000
   228  .22250E+02  .22496E+00    2    1    763      .675     1.000
   229  .22375E+02  .12521E+00    2    1    765      .675      .557
   230  .22500E+02  .12521E+00    2    1    767      .675      .557
   231  .22714E+02  .21429E+00    2    1    769      .675      .953
   232  .22929E+02  .21429E+00    2    1    771      .675      .953
   233  .23143E+02  .21429E+00    2    1    773      .675      .953
   234  .23357E+02  .21429E+00    2    1    775      .675      .953
   235  .23571E+02  .21429E+00    2    1    777      .675      .953
   236  .23786E+02  .21429E+00    2    1    779      .675      .953
   237  .24000E+02  .21429E+00    2    1    781      .675      .953
   238  .24010E+02  .10000E-01    3    1    784      .676      .044
   239  .24023E+02  .13026E-01    3    1    787      .676      .058
   240  .24040E+02  .16844E-01    3    1    790      .676      .075
   241  .24062E+02  .21821E-01    4    1    794      .676      .097
   242  .24084E+02  .21821E-01    4    1    798      .676      .097
   243  .24105E+02  .21821E-01    4    1    802      .676      .097
   244  .24127E+02  .21821E-01    3    1    805      .676      .097
   245  .24155E+02  .28156E-01    3    1    808      .675      .126
   246  .24192E+02  .36725E-01    4    1    812      .675      .164
   247  .24229E+02  .36725E-01    3    1    815      .675      .164
   248  .24277E+02  .48202E-01    4    1    819      .675      .216
   249  .24325E+02  .48202E-01    4    1    823      .674      .216
   250  .24373E+02  .48202E-01    3    1    826      .674      .217
   251  .24436E+02  .62663E-01    4    1    830      .673      .283
   252  .24499E+02  .62663E-01    3    1    833      .673      .284
   253  .24582E+02  .83550E-01    3    1    836      .672      .379
   254  .24687E+02  .10444E+00    3    1    839      .671      .476
   255  .24843E+02  .15666E+00    3    1    842      .671      .715
   256  .25000E+02  .15666E+00    3    1    845      .670      .717
end
 
 Real time [sec]     105.000000000000000
