 All solute fluxes (SMean) and cumulative solute fluxes (ChemS) are positive out of the region

       Time     CumCh0     CumCh1     CumChR     CumChN   --------------------  ChemS(i),i=1,NumKD  ----------------------  ---------------------  SMean(j),j=1,NumKD ----------------------
        [T]    [VM/L3]    [VM/L3]    [VM/L3]    [VM/L3]                               [VM/L3]                                                           [VM/T/L3]

         .01   .000E+00   .000E+00   .000E+00   .000E+00  -.317E+02   .000E+00   .000E+00   .000E+00   .000E+00   .000E+00  -.317E+04   .000E+00   .000E+00   .000E+00   .000E+00   .000E+00
         .02   .000E+00   .000E+00   .000E+00   .000E+00  -.427E+02   .000E+00   .000E+00   .000E+00   .000E+00   .000E+00  -.157E+04   .000E+00   .000E+00   .000E+00   .000E+00   .000E+00
         .02   .000E+00   .000E+00   .000E+00   .000E+00  -.490E+02   .000E+00   .000E+00   .000E+00   .000E+00   .000E+00  -.129E+04   .000E+00   .000E+00   .000E+00   .000E+00   .000E+00
         .03   .000E+00   .000E+00   .000E+00   .000E+00  -.530E+02   .000E+00   .000E+00   .000E+00   .000E+00   .000E+00  -.116E+04   .000E+00   .000E+00   .000E+00   .000E+00   .000E+00
         .03   .000E+00   .000E+00   .000E+00   .000E+00  -.567E+02   .000E+00   .000E+00   .000E+00   .000E+00   .000E+00  -.108E+04   .000E+00   .000E+00   .000E+00   .000E+00   .000E+00
         .03   .000E+00   .000E+00   .000E+00   .000E+00  -.602E+02   .000E+00   .000E+00   .000E+00   .000E+00   .000E+00  -.102E+04   .000E+00   .000E+00   .000E+00   .000E+00   .000E+00
         .04   .000E+00   .000E+00   .000E+00   .000E+00  -.635E+02   .000E+00   .000E+00   .000E+00   .000E+00   .000E+00  -.961E+03   .000E+00   .000E+00   .000E+00   .000E+00   .000E+00
         .04   .000E+00   .000E+00   .000E+00   .000E+00  -.666E+02   .000E+00   .000E+00   .000E+00   .000E+00   .000E+00  -.921E+03   .000E+00   .000E+00   .000E+00   .000E+00   .000E+00
         .04   .000E+00   .000E+00   .000E+00   .000E+00  -.697E+02   .000E+00   .000E+00   .000E+00   .000E+00   .000E+00  -.888E+03   .000E+00   .000E+00   .000E+00   .000E+00   .000E+00
         .05   .000E+00   .000E+00   .000E+00   .000E+00  -.726E+02   .000E+00   .000E+00   .000E+00   .000E+00   .000E+00  -.860E+03   .000E+00   .000E+00   .000E+00   .000E+00   .000E+00
         .05   .000E+00   .000E+00   .000E+00   .000E+00  -.755E+02   .000E+00   .000E+00   .000E+00   .000E+00   .000E+00  -.836E+03   .000E+00   .000E+00   .000E+00   .000E+00   .000E+00
         .05   .000E+00   .000E+00   .000E+00   .000E+00  -.783E+02   .000E+00   .000E+00   .000E+00   .000E+00   .000E+00  -.812E+03   .000E+00   .000E+00   .000E+00   .000E+00   .000E+00
         .06   .000E+00   .000E+00   .000E+00   .000E+00  -.810E+02   .000E+00   .000E+00   .000E+00   .000E+00   .000E+00  -.789E+03   .000E+00   .000E+00   .000E+00   .000E+00   .000E+00
         .06   .000E+00   .000E+00   .000E+00   .000E+00  -.836E+02   .000E+00   .000E+00   .000E+00   .000E+00   .000E+00  -.768E+03   .000E+00   .000E+00   .000E+00   .000E+00   .000E+00
         .06   .000E+00   .000E+00   .000E+00   .000E+00  -.862E+02   .000E+00   .000E+00   .000E+00   .000E+00   .000E+00  -.751E+03   .000E+00   .000E+00   .000E+00   .000E+00   .000E+00
         .07   .000E+00   .000E+00   .000E+00   .000E+00  -.887E+02   .000E+00   .000E+00   .000E+00   .000E+00   .000E+00  -.736E+03   .000E+00   .000E+00   .000E+00   .000E+00   .000E+00
         .07   .000E+00   .000E+00   .000E+00   .000E+00  -.912E+02   .000E+00   .000E+00   .000E+00   .000E+00   .000E+00  -.722E+03   .000E+00   .000E+00   .000E+00   .000E+00   .000E+00
         .07   .000E+00   .000E+00   .000E+00   .000E+00  -.936E+02   .000E+00   .000E+00   .000E+00   .000E+00   .000E+00  -.708E+03   .000E+00   .000E+00   .000E+00   .000E+00   .000E+00
         .08   .000E+00   .000E+00   .000E+00   .000E+00  -.960E+02   .000E+00   .000E+00   .000E+00   .000E+00   .000E+00  -.696E+03   .000E+00   .000E+00   .000E+00   .000E+00   .000E+00
         .08   .000E+00   .000E+00   .000E+00   .000E+00  -.984E+02   .000E+00   .000E+00   .000E+00   .000E+00   .000E+00  -.685E+03   .000E+00   .000E+00   .000E+00   .000E+00   .000E+00
         .08   .000E+00   .000E+00   .000E+00   .000E+00  -.101E+03   .000E+00   .000E+00   .000E+00   .000E+00   .000E+00  -.675E+03   .000E+00   .000E+00   .000E+00   .000E+00   .000E+00
         .09   .000E+00   .000E+00   .000E+00   .000E+00  -.103E+03   .000E+00   .000E+00   .000E+00   .000E+00   .000E+00  -.666E+03   .000E+00   .000E+00   .000E+00   .000E+00   .000E+00
         .09   .000E+00   .000E+00   .000E+00   .000E+00  -.105E+03   .000E+00   .000E+00   .000E+00   .000E+00   .000E+00  -.657E+03   .000E+00   .000E+00   .000E+00   .000E+00   .000E+00
         .09   .000E+00   .000E+00   .000E+00   .000E+00  -.107E+03   .000E+00   .000E+00   .000E+00   .000E+00   .000E+00  -.648E+03   .000E+00   .000E+00   .000E+00   .000E+00   .000E+00
         .10   .000E+00   .000E+00   .000E+00   .000E+00  -.110E+03   .000E+00   .000E+00   .000E+00   .000E+00   .000E+00  -.640E+03   .000E+00   .000E+00   .000E+00   .000E+00   .000E+00
         .10   .000E+00   .000E+00   .000E+00   .000E+00  -.112E+03   .000E+00   .000E+00   .000E+00   .000E+00   .000E+00  -.632E+03   .000E+00   .000E+00   .000E+00   .000E+00   .000E+00
         .11   .000E+00   .000E+00   .000E+00   .000E+00  -.115E+03   .000E+00   .000E+00   .000E+00   .000E+00   .000E+00  -.623E+03   .000E+00   .000E+00   .000E+00   .000E+00   .000E+00
         .11   .000E+00   .000E+00   .000E+00   .000E+00  -.118E+03   .000E+00   .000E+00   .000E+00   .000E+00   .000E+00  -.611E+03   .000E+00   .000E+00   .000E+00   .000E+00   .000E+00
         .12   .000E+00   .000E+00   .000E+00   .000E+00  -.122E+03   .000E+00   .000E+00   .000E+00   .000E+00   .000E+00  -.602E+03   .000E+00   .000E+00   .000E+00   .000E+00   .000E+00
         .12   .000E+00   .000E+00   .000E+00   .000E+00  -.125E+03   .000E+00   .000E+00   .000E+00   .000E+00   .000E+00  -.592E+03   .000E+00   .000E+00   .000E+00   .000E+00   .000E+00
         .13   .000E+00   .000E+00   .000E+00   .000E+00  -.128E+03   .000E+00   .000E+00   .000E+00   .000E+00   .000E+00  -.583E+03   .000E+00   .000E+00   .000E+00   .000E+00   .000E+00
         .13   .000E+00   .000E+00   .000E+00   .000E+00  -.132E+03   .000E+00   .000E+00   .000E+00   .000E+00   .000E+00  -.575E+03   .000E+00   .000E+00   .000E+00   .000E+00   .000E+00
         .14   .000E+00   .000E+00   .000E+00   .000E+00  -.136E+03   .000E+00   .000E+00   .000E+00   .000E+00   .000E+00  -.565E+03   .000E+00   .000E+00   .000E+00   .000E+00   .000E+00
         .15   .000E+00   .000E+00   .000E+00   .000E+00  -.140E+03   .000E+00   .000E+00   .000E+00   .000E+00   .000E+00  -.557E+03   .000E+00   .000E+00   .000E+00   .000E+00   .000E+00
         .16   .000E+00   .000E+00   .000E+00   .000E+00  -.144E+03   .000E+00   .000E+00   .000E+00   .000E+00   .000E+00  -.549E+03   .000E+00   .000E+00   .000E+00   .000E+00   .000E+00
         .16   .000E+00   .000E+00   .000E+00   .000E+00  -.148E+03   .000E+00   .000E+00   .000E+00   .000E+00   .000E+00  -.541E+03   .000E+00   .000E+00   .000E+00   .000E+00   .000E+00
         .17   .000E+00   .000E+00   .000E+00   .000E+00  -.152E+03   .000E+00   .000E+00   .000E+00   .000E+00   .000E+00  -.533E+03   .000E+00   .000E+00   .000E+00   .000E+00   .000E+00
         .18   .000E+00   .000E+00   .000E+00   .000E+00  -.156E+03   .000E+00   .000E+00   .000E+00   .000E+00   .000E+00  -.526E+03   .000E+00   .000E+00   .000E+00   .000E+00   .000E+00
         .19   .000E+00   .000E+00   .000E+00   .000E+00  -.162E+03   .000E+00   .000E+00   .000E+00   .000E+00   .000E+00  -.518E+03   .000E+00   .000E+00   .000E+00   .000E+00   .000E+00
         .20   .000E+00   .000E+00   .000E+00   .000E+00  -.167E+03   .000E+00   .000E+00   .000E+00   .000E+00   .000E+00  -.510E+03   .000E+00   .000E+00   .000E+00   .000E+00   .000E+00
         .21   .000E+00   .000E+00   .000E+00   .000E+00  -.171E+03   .000E+00   .000E+00   .000E+00   .000E+00   .000E+00  -.504E+03   .000E+00   .000E+00   .000E+00   .000E+00   .000E+00
         .22   .000E+00   .000E+00   .000E+00   .000E+00  -.176E+03   .000E+00   .000E+00   .000E+00   .000E+00   .000E+00  -.498E+03   .000E+00   .000E+00   .000E+00   .000E+00   .000E+00
         .23   .000E+00   .000E+00   .000E+00   .000E+00  -.181E+03   .000E+00   .000E+00   .000E+00   .000E+00   .000E+00  -.491E+03   .000E+00   .000E+00   .000E+00   .000E+00   .000E+00
         .24   .000E+00   .000E+00  -.397E-32   .000E+00  -.186E+03   .000E+00   .000E+00   .000E+00   .000E+00   .000E+00  -.485E+03   .000E+00   .000E+00   .000E+00   .000E+00   .000E+00
         .25   .000E+00   .000E+00  -.218E-31   .000E+00  -.191E+03   .000E+00   .000E+00   .000E+00   .000E+00   .000E+00  -.480E+03   .000E+00   .000E+00   .000E+00   .000E+00   .000E+00
         .26   .000E+00   .000E+00  -.103E-30   .000E+00  -.197E+03   .000E+00   .000E+00   .000E+00   .000E+00   .000E+00  -.473E+03   .000E+00   .000E+00   .000E+00   .000E+00   .000E+00
         .27   .000E+00   .000E+00  -.488E-30   .000E+00  -.203E+03   .000E+00   .000E+00   .000E+00   .000E+00   .000E+00  -.467E+03   .000E+00   .000E+00   .000E+00   .000E+00   .000E+00
         .29   .000E+00   .000E+00  -.204E-29   .000E+00  -.208E+03   .000E+00   .000E+00   .000E+00   .000E+00   .000E+00  -.461E+03   .000E+00   .000E+00   .000E+00   .000E+00   .000E+00
         .30   .000E+00   .000E+00  -.762E-29   .000E+00  -.214E+03   .000E+00   .000E+00   .000E+00   .000E+00   .000E+00  -.455E+03   .000E+00   .000E+00   .000E+00   .000E+00   .000E+00
         .32   .000E+00   .000E+00  -.311E-28   .000E+00  -.222E+03   .000E+00   .000E+00   .000E+00   .000E+00   .000E+00  -.449E+03   .000E+00   .000E+00   .000E+00   .000E+00   .000E+00
         .33   .000E+00   .000E+00  -.133E-27   .000E+00  -.229E+03   .000E+00   .000E+00   .000E+00   .000E+00   .000E+00  -.444E+03   .000E+00   .000E+00   .000E+00   .000E+00   .000E+00
         .35   .000E+00   .000E+00  -.509E-27   .000E+00  -.236E+03   .000E+00   .000E+00   .000E+00   .000E+00   .000E+00  -.438E+03   .000E+00   .000E+00   .000E+00   .000E+00   .000E+00
         .37   .000E+00   .000E+00  -.173E-26   .000E+00  -.243E+03   .000E+00   .000E+00   .000E+00   .000E+00   .000E+00  -.433E+03   .000E+00   .000E+00   .000E+00   .000E+00   .000E+00
         .38   .000E+00   .000E+00  -.526E-26   .000E+00  -.250E+03   .000E+00   .000E+00   .000E+00   .000E+00   .000E+00  -.429E+03   .000E+00   .000E+00   .000E+00   .000E+00   .000E+00
         .40   .000E+00   .000E+00  -.146E-25   .000E+00  -.257E+03   .000E+00   .000E+00   .000E+00   .000E+00   .000E+00  -.424E+03   .000E+00   .000E+00   .000E+00   .000E+00   .000E+00
         .41   .000E+00   .000E+00  -.373E-25   .000E+00  -.264E+03   .000E+00   .000E+00   .000E+00   .000E+00   .000E+00  -.420E+03   .000E+00   .000E+00   .000E+00   .000E+00   .000E+00
         .43   .000E+00   .000E+00  -.896E-25   .000E+00  -.271E+03   .000E+00   .000E+00   .000E+00   .000E+00   .000E+00  -.416E+03   .000E+00   .000E+00   .000E+00   .000E+00   .000E+00
         .45   .000E+00   .000E+00  -.241E-24   .000E+00  -.280E+03   .000E+00   .000E+00   .000E+00   .000E+00   .000E+00  -.412E+03   .000E+00   .000E+00   .000E+00   .000E+00   .000E+00
         .47   .000E+00   .000E+00  -.664E-24   .000E+00  -.289E+03   .000E+00   .000E+00   .000E+00   .000E+00   .000E+00  -.407E+03   .000E+00   .000E+00   .000E+00   .000E+00   .000E+00
         .50   .000E+00   .000E+00  -.175E-23   .000E+00  -.298E+03   .000E+00   .000E+00   .000E+00   .000E+00   .000E+00  -.403E+03   .000E+00   .000E+00   .000E+00   .000E+00   .000E+00
         .52   .000E+00   .000E+00  -.445E-23   .000E+00  -.306E+03   .000E+00   .000E+00   .000E+00   .000E+00   .000E+00  -.400E+03   .000E+00   .000E+00   .000E+00   .000E+00   .000E+00
         .54   .000E+00   .000E+00  -.109E-22   .000E+00  -.315E+03   .000E+00   .000E+00   .000E+00   .000E+00   .000E+00  -.396E+03   .000E+00   .000E+00   .000E+00   .000E+00   .000E+00
         .56   .000E+00   .000E+00  -.251E-22   .000E+00  -.323E+03   .000E+00   .000E+00   .000E+00   .000E+00   .000E+00  -.393E+03   .000E+00   .000E+00   .000E+00   .000E+00   .000E+00
         .58   .000E+00   .000E+00  -.533E-22   .000E+00  -.332E+03   .000E+00   .000E+00   .000E+00   .000E+00   .000E+00  -.390E+03   .000E+00   .000E+00   .000E+00   .000E+00   .000E+00
         .60   .000E+00   .000E+00  -.102E-21   .000E+00  -.340E+03   .000E+00   .000E+00   .000E+00   .000E+00   .000E+00  -.387E+03   .000E+00   .000E+00   .000E+00   .000E+00   .000E+00
         .63   .000E+00   .000E+00  -.175E-21   .000E+00  -.348E+03   .000E+00   .000E+00   .000E+00   .000E+00   .000E+00  -.385E+03   .000E+00   .000E+00   .000E+00   .000E+00   .000E+00
         .65   .000E+00   .000E+00  -.268E-21   .000E+00  -.357E+03   .197E-30   .000E+00   .000E+00   .000E+00   .000E+00  -.382E+03   .914E-29   .000E+00   .000E+00   .000E+00   .000E+00
         .67   .000E+00   .000E+00  -.363E-21   .000E+00  -.365E+03   .234E-29   .000E+00   .000E+00   .000E+00   .000E+00  -.380E+03   .994E-28   .000E+00   .000E+00   .000E+00   .000E+00
         .69   .000E+00   .000E+00  -.399E-21   .000E+00  -.373E+03   .100E-28   .000E+00   .000E+00   .000E+00   .000E+00  -.378E+03   .356E-27   .000E+00   .000E+00   .000E+00   .000E+00
         .72   .000E+00   .000E+00  -.399E-21   .000E+00  -.383E+03   .403E-28   .000E+00   .000E+00   .000E+00   .000E+00  -.376E+03   .109E-26   .000E+00   .000E+00   .000E+00   .000E+00
         .75   .000E+00   .000E+00  -.399E-21   .000E+00  -.394E+03   .158E-27   .000E+00   .000E+00   .000E+00   .000E+00  -.374E+03   .424E-26   .000E+00   .000E+00   .000E+00   .000E+00
         .77   .000E+00   .000E+00  -.399E-21   .000E+00  -.404E+03   .577E-27   .000E+00   .000E+00   .000E+00   .000E+00  -.371E+03   .150E-25   .000E+00   .000E+00   .000E+00   .000E+00
         .80   .000E+00   .000E+00  -.399E-21   .000E+00  -.414E+03   .195E-26   .000E+00   .000E+00   .000E+00   .000E+00  -.369E+03   .492E-25   .000E+00   .000E+00   .000E+00   .000E+00
         .83   .000E+00   .000E+00  -.399E-21   .000E+00  -.425E+03   .616E-26   .000E+00   .000E+00   .000E+00   .000E+00  -.368E+03   .151E-24   .000E+00   .000E+00   .000E+00   .000E+00
         .86   .000E+00   .000E+00  -.399E-21   .000E+00  -.435E+03   .184E-25   .000E+00   .000E+00   .000E+00   .000E+00  -.366E+03   .439E-24   .000E+00   .000E+00   .000E+00   .000E+00
         .88   .000E+00   .000E+00  -.399E-21   .000E+00  -.445E+03   .521E-25   .000E+00   .000E+00   .000E+00   .000E+00  -.364E+03   .121E-23   .000E+00   .000E+00   .000E+00   .000E+00
         .91   .000E+00   .000E+00  -.399E-21   .000E+00  -.455E+03   .141E-24   .000E+00   .000E+00   .000E+00   .000E+00  -.363E+03   .320E-23   .000E+00   .000E+00   .000E+00   .000E+00
         .94   .000E+00   .000E+00  -.399E-21   .000E+00  -.465E+03   .366E-24   .000E+00   .000E+00   .000E+00   .000E+00  -.362E+03   .808E-23   .000E+00   .000E+00   .000E+00   .000E+00
         .97   .000E+00   .000E+00  -.399E-21   .000E+00  -.475E+03   .914E-24   .000E+00   .000E+00   .000E+00   .000E+00  -.360E+03   .197E-22   .000E+00   .000E+00   .000E+00   .000E+00
        1.00   .000E+00   .000E+00  -.399E-21   .000E+00  -.485E+03   .220E-23   .000E+00   .000E+00   .000E+00   .000E+00  -.359E+03   .463E-22   .000E+00   .000E+00   .000E+00   .000E+00
        1.02   .000E+00   .000E+00  -.399E-21   .000E+00  -.495E+03   .513E-23   .000E+00   .000E+00   .000E+00   .000E+00  -.358E+03   .105E-21   .000E+00   .000E+00   .000E+00   .000E+00
        1.05   .000E+00   .000E+00  -.399E-21   .000E+00  -.505E+03   .116E-22   .000E+00   .000E+00   .000E+00   .000E+00  -.357E+03   .232E-21   .000E+00   .000E+00   .000E+00   .000E+00
        1.08   .000E+00   .000E+00  -.399E-21   .000E+00  -.515E+03   .255E-22   .000E+00   .000E+00   .000E+00   .000E+00  -.356E+03   .499E-21   .000E+00   .000E+00   .000E+00   .000E+00
        1.11   .000E+00   .000E+00  -.399E-21   .000E+00  -.525E+03   .545E-22   .000E+00   .000E+00   .000E+00   .000E+00  -.354E+03   .104E-20   .000E+00   .000E+00   .000E+00   .000E+00
        1.14   .000E+00   .000E+00  -.399E-21   .000E+00  -.535E+03   .114E-21   .000E+00   .000E+00   .000E+00   .000E+00  -.353E+03   .213E-20   .000E+00   .000E+00   .000E+00   .000E+00
        1.16   .000E+00   .000E+00  -.399E-21   .000E+00  -.545E+03   .232E-21   .000E+00   .000E+00   .000E+00   .000E+00  -.353E+03   .424E-20   .000E+00   .000E+00   .000E+00   .000E+00
        1.19   .000E+00   .000E+00  -.399E-21   .000E+00  -.554E+03   .462E-21   .000E+00   .000E+00   .000E+00   .000E+00  -.352E+03   .827E-20   .000E+00   .000E+00   .000E+00   .000E+00
        1.22   .000E+00   .000E+00  -.399E-21   .000E+00  -.564E+03   .903E-21   .000E+00   .000E+00   .000E+00   .000E+00  -.351E+03   .158E-19   .000E+00   .000E+00   .000E+00   .000E+00
        1.25   .000E+00   .000E+00  -.399E-21   .000E+00  -.574E+03   .174E-20   .000E+00   .000E+00   .000E+00   .000E+00  -.350E+03   .299E-19   .000E+00   .000E+00   .000E+00   .000E+00
        1.27   .000E+00   .000E+00  -.399E-21   .000E+00  -.584E+03   .328E-20   .000E+00   .000E+00   .000E+00   .000E+00  -.349E+03   .555E-19   .000E+00   .000E+00   .000E+00   .000E+00
        1.30   .000E+00   .000E+00  -.399E-21   .000E+00  -.593E+03   .609E-20   .000E+00   .000E+00   .000E+00   .000E+00  -.349E+03   .101E-18   .000E+00   .000E+00   .000E+00   .000E+00
        1.33   .000E+00   .000E+00  -.399E-21   .000E+00  -.603E+03   .111E-19   .000E+00   .000E+00   .000E+00   .000E+00  -.348E+03   .181E-18   .000E+00   .000E+00   .000E+00   .000E+00
        1.37   .000E+00   .000E+00  -.399E-21   .000E+00  -.616E+03   .228E-19   .000E+00   .000E+00   .000E+00   .000E+00  -.347E+03   .320E-18   .000E+00   .000E+00   .000E+00   .000E+00
        1.40   .000E+00   .000E+00  -.399E-21   .000E+00  -.628E+03   .471E-19   .000E+00   .000E+00   .000E+00   .000E+00  -.346E+03   .663E-18   .000E+00   .000E+00   .000E+00   .000E+00
        1.44   .000E+00   .000E+00  -.399E-21   .000E+00  -.641E+03   .960E-19   .000E+00   .000E+00   .000E+00   .000E+00  -.346E+03   .134E-17   .000E+00   .000E+00   .000E+00   .000E+00
        1.48   .000E+00   .000E+00  -.399E-21   .000E+00  -.654E+03   .192E-18   .000E+00   .000E+00   .000E+00   .000E+00  -.345E+03   .264E-17   .000E+00   .000E+00   .000E+00   .000E+00
        1.51   .000E+00   .000E+00  -.399E-21   .000E+00  -.666E+03   .378E-18   .000E+00   .000E+00   .000E+00   .000E+00  -.344E+03   .507E-17   .000E+00   .000E+00   .000E+00   .000E+00
        1.55   .000E+00   .000E+00  -.399E-21   .000E+00  -.679E+03   .727E-18   .000E+00   .000E+00   .000E+00   .000E+00  -.343E+03   .955E-17   .000E+00   .000E+00   .000E+00   .000E+00
        1.59   .000E+00   .000E+00  -.399E-21   .000E+00  -.691E+03   .137E-17   .000E+00   .000E+00   .000E+00   .000E+00  -.343E+03   .176E-16   .000E+00   .000E+00   .000E+00   .000E+00
        1.62   .000E+00   .000E+00  -.399E-21   .000E+00  -.704E+03   .254E-17   .000E+00   .000E+00   .000E+00   .000E+00  -.342E+03   .319E-16   .000E+00   .000E+00   .000E+00   .000E+00
        1.66   .000E+00   .000E+00  -.399E-21   .000E+00  -.716E+03   .461E-17   .000E+00   .000E+00   .000E+00   .000E+00  -.342E+03   .567E-16   .000E+00   .000E+00   .000E+00   .000E+00
        1.71   .000E+00   .000E+00  -.399E-21   .000E+00  -.732E+03   .925E-17   .000E+00   .000E+00   .000E+00   .000E+00  -.341E+03   .994E-16   .000E+00   .000E+00   .000E+00   .000E+00
        1.75   .000E+00   .000E+00  -.399E-21   .000E+00  -.748E+03   .186E-16   .000E+00   .000E+00   .000E+00   .000E+00  -.340E+03   .200E-15   .000E+00   .000E+00   .000E+00   .000E+00
        1.80   .000E+00   .000E+00  -.399E-21   .000E+00  -.764E+03   .369E-16   .000E+00   .000E+00   .000E+00   .000E+00  -.340E+03   .392E-15   .000E+00   .000E+00   .000E+00   .000E+00
        1.85   .000E+00   .000E+00  -.399E-21   .000E+00  -.780E+03   .718E-16   .000E+00   .000E+00   .000E+00   .000E+00  -.339E+03   .748E-15   .000E+00   .000E+00   .000E+00   .000E+00
        1.89   .000E+00   .000E+00  -.399E-21   .000E+00  -.796E+03   .137E-15   .000E+00   .000E+00   .000E+00   .000E+00  -.338E+03   .140E-14   .000E+00   .000E+00   .000E+00   .000E+00
        1.94   .000E+00   .000E+00  -.399E-21   .000E+00  -.811E+03   .257E-15   .000E+00   .000E+00   .000E+00   .000E+00  -.338E+03   .256E-14   .000E+00   .000E+00   .000E+00   .000E+00
        1.99   .000E+00   .000E+00  -.399E-21   .000E+00  -.827E+03   .471E-15   .000E+00   .000E+00   .000E+00   .000E+00  -.337E+03   .459E-14   .000E+00   .000E+00   .000E+00   .000E+00
        2.05   .000E+00   .000E+00  -.399E-21   .000E+00  -.849E+03   .991E-15   .000E+00   .000E+00   .000E+00   .000E+00  -.337E+03   .809E-14   .000E+00   .000E+00   .000E+00   .000E+00
        2.11   .000E+00   .000E+00  -.399E-21   .000E+00  -.870E+03   .210E-14   .000E+00   .000E+00   .000E+00   .000E+00  -.336E+03   .173E-13   .000E+00   .000E+00   .000E+00   .000E+00
        2.18   .000E+00   .000E+00  -.399E-21   .000E+00  -.892E+03   .440E-14   .000E+00   .000E+00   .000E+00   .000E+00  -.335E+03   .357E-13   .000E+00   .000E+00   .000E+00   .000E+00
        2.24   .000E+00   .000E+00  -.399E-21   .000E+00  -.913E+03   .899E-14   .000E+00   .000E+00   .000E+00   .000E+00  -.335E+03   .715E-13   .000E+00   .000E+00   .000E+00   .000E+00
        2.31   .000E+00   .000E+00  -.399E-21   .000E+00  -.935E+03   .179E-13   .000E+00   .000E+00   .000E+00   .000E+00  -.334E+03   .139E-12   .000E+00   .000E+00   .000E+00   .000E+00
        2.40   .000E+00   .000E+00  -.399E-21   .000E+00  -.967E+03   .434E-13   .000E+00   .000E+00   .000E+00   .000E+00  -.334E+03   .264E-12   .000E+00   .000E+00   .000E+00   .000E+00
        2.50   .000E+00   .000E+00  -.399E-21   .000E+00  -.999E+03   .108E-12   .000E+00   .000E+00   .000E+00   .000E+00  -.333E+03   .675E-12   .000E+00   .000E+00   .000E+00   .000E+00
        2.58   .000E+00   .000E+00  -.399E-21   .000E+00  -.103E+04   .240E-12   .000E+00   .000E+00   .000E+00   .000E+00  -.333E+03   .163E-11   .000E+00   .000E+00   .000E+00   .000E+00
        2.69   .000E+00   .000E+00  -.399E-21   .000E+00  -.106E+04   .580E-12   .000E+00   .000E+00   .000E+00   .000E+00  -.332E+03   .324E-11   .000E+00   .000E+00   .000E+00   .000E+00
        2.79   .000E+00   .000E+00  -.399E-21   .000E+00  -.110E+04   .139E-11   .000E+00   .000E+00   .000E+00   .000E+00  -.332E+03   .771E-11   .000E+00   .000E+00   .000E+00   .000E+00
        2.93   .000E+00   .000E+00  -.399E-21   .000E+00  -.114E+04   .380E-11   .000E+00   .000E+00   .000E+00   .000E+00  -.331E+03   .175E-10   .000E+00   .000E+00   .000E+00   .000E+00
        3.07   .000E+00   .000E+00  -.399E-21   .000E+00  -.119E+04   .105E-10   .000E+00   .000E+00   .000E+00   .000E+00  -.331E+03   .487E-10   .000E+00   .000E+00   .000E+00   .000E+00
        3.24   .000E+00   .000E+00  -.399E-21   .000E+00  -.124E+04   .326E-10   .000E+00   .000E+00   .000E+00   .000E+00  -.330E+03   .126E-09   .000E+00   .000E+00   .000E+00   .000E+00
        3.42   .000E+00   .000E+00  -.399E-21   .000E+00  -.130E+04   .102E-09   .000E+00   .000E+00   .000E+00   .000E+00  -.330E+03   .393E-09   .000E+00   .000E+00   .000E+00   .000E+00
        3.64   .000E+00   .000E+00  -.399E-21   .000E+00  -.138E+04   .351E-09   .000E+00   .000E+00   .000E+00   .000E+00  -.330E+03   .111E-08   .000E+00   .000E+00   .000E+00   .000E+00
        3.87   .000E+00   .000E+00  -.399E-21   .000E+00  -.145E+04   .121E-08   .000E+00   .000E+00   .000E+00   .000E+00  -.329E+03   .382E-08   .000E+00   .000E+00   .000E+00   .000E+00
        4.09   .000E+00   .000E+00  -.399E-21   .000E+00  -.153E+04   .382E-08   .000E+00   .000E+00   .000E+00   .000E+00  -.329E+03   .116E-07   .000E+00   .000E+00   .000E+00   .000E+00
        4.32   .000E+00   .000E+00  -.399E-21   .000E+00  -.160E+04   .109E-07   .000E+00   .000E+00   .000E+00   .000E+00  -.329E+03   .316E-07   .000E+00   .000E+00   .000E+00   .000E+00
        4.54   .000E+00   .000E+00  -.399E-21   .000E+00  -.167E+04   .288E-07   .000E+00   .000E+00   .000E+00   .000E+00  -.329E+03   .792E-07   .000E+00   .000E+00   .000E+00   .000E+00
        4.77   .000E+00   .000E+00  -.399E-21   .000E+00  -.175E+04   .702E-07   .000E+00   .000E+00   .000E+00   .000E+00  -.329E+03   .184E-06   .000E+00   .000E+00   .000E+00   .000E+00
        4.88   .000E+00   .000E+00  -.399E-21   .000E+00  -.179E+04   .117E-06   .000E+00   .000E+00   .000E+00   .000E+00  -.329E+03   .403E-06   .000E+00   .000E+00   .000E+00   .000E+00
        5.00   .000E+00   .000E+00  -.399E-21   .000E+00  -.182E+04   .184E-06   .000E+00   .000E+00   .000E+00   .000E+00  -.329E+03   .585E-06   .000E+00   .000E+00   .000E+00   .000E+00
        5.22   .000E+00   .000E+00  -.399E-21   .000E+00  -.190E+04   .373E-06   .000E+00   .000E+00   .000E+00   .000E+00  -.329E+03   .838E-06   .000E+00   .000E+00   .000E+00   .000E+00
        5.45   .000E+00   .000E+00  -.399E-21   .000E+00  -.197E+04   .745E-06   .000E+00   .000E+00   .000E+00   .000E+00  -.329E+03   .165E-05   .000E+00   .000E+00   .000E+00   .000E+00
        5.67   .000E+00   .000E+00  -.399E-21   .000E+00  -.205E+04   .145E-05   .000E+00   .000E+00   .000E+00   .000E+00  -.329E+03   .312E-05   .000E+00   .000E+00   .000E+00   .000E+00
        5.90   .000E+00   .000E+00  -.399E-21   .000E+00  -.212E+04   .272E-05   .000E+00   .000E+00   .000E+00   .000E+00  -.329E+03   .565E-05   .000E+00   .000E+00   .000E+00   .000E+00
        6.12   .000E+00   .000E+00  -.399E-21   .000E+00  -.219E+04   .494E-05   .000E+00   .000E+00   .000E+00   .000E+00  -.329E+03   .989E-05   .000E+00   .000E+00   .000E+00   .000E+00
        6.35   .000E+00   .000E+00  -.399E-21   .000E+00  -.227E+04   .871E-05   .000E+00   .000E+00   .000E+00   .000E+00  -.329E+03   .168E-04   .000E+00   .000E+00   .000E+00   .000E+00
        6.57   .000E+00   .000E+00  -.399E-21   .000E+00  -.234E+04   .149E-04   .000E+00   .000E+00   .000E+00   .000E+00  -.329E+03   .275E-04   .000E+00   .000E+00   .000E+00   .000E+00
        6.80   .000E+00   .000E+00  -.399E-21   .000E+00  -.242E+04   .248E-04   .000E+00   .000E+00   .000E+00   .000E+00  -.329E+03   .441E-04   .000E+00   .000E+00   .000E+00   .000E+00
        7.02   .000E+00   .000E+00  -.399E-21   .000E+00  -.249E+04   .403E-04   .000E+00   .000E+00   .000E+00   .000E+00  -.329E+03   .688E-04   .000E+00   .000E+00   .000E+00   .000E+00
        7.25   .000E+00   .000E+00  -.399E-21   .000E+00  -.256E+04   .639E-04   .000E+00   .000E+00   .000E+00   .000E+00  -.329E+03   .105E-03   .000E+00   .000E+00   .000E+00   .000E+00
        7.37   .000E+00   .000E+00  -.399E-21   .000E+00  -.260E+04   .835E-04   .000E+00   .000E+00   .000E+00   .000E+00  -.329E+03   .157E-03   .000E+00   .000E+00   .000E+00   .000E+00
        7.50   .000E+00   .000E+00  -.399E-21   .000E+00  -.265E+04   .108E-03   .000E+00   .000E+00   .000E+00   .000E+00  -.329E+03   .194E-03   .000E+00   .000E+00   .000E+00   .000E+00
        7.71   .000E+00   .000E+00  -.399E-21   .000E+00  -.272E+04   .159E-03   .000E+00   .000E+00   .000E+00   .000E+00  -.329E+03   .239E-03   .000E+00   .000E+00   .000E+00   .000E+00
        7.93   .000E+00   .000E+00  -.399E-21   .000E+00  -.279E+04   .231E-03   .000E+00   .000E+00   .000E+00   .000E+00  -.329E+03   .337E-03   .000E+00   .000E+00   .000E+00   .000E+00
        8.14   .000E+00   .000E+00  -.399E-21   .000E+00  -.286E+04   .332E-03   .000E+00   .000E+00   .000E+00   .000E+00  -.329E+03   .469E-03   .000E+00   .000E+00   .000E+00   .000E+00
        8.36   .000E+00   .000E+00  -.399E-21   .000E+00  -.293E+04   .469E-03   .000E+00   .000E+00   .000E+00   .000E+00  -.329E+03   .642E-03   .000E+00   .000E+00   .000E+00   .000E+00
        8.57   .000E+00   .000E+00  -.399E-21   .000E+00  -.300E+04   .655E-03   .000E+00   .000E+00   .000E+00   .000E+00  -.329E+03   .867E-03   .000E+00   .000E+00   .000E+00   .000E+00
        8.79   .000E+00   .000E+00  -.399E-21   .000E+00  -.307E+04   .903E-03   .000E+00   .000E+00   .000E+00   .000E+00  -.329E+03   .116E-02   .000E+00   .000E+00   .000E+00   .000E+00
        9.00   .000E+00   .000E+00  -.399E-21   .000E+00  -.314E+04   .123E-02   .000E+00   .000E+00   .000E+00   .000E+00  -.329E+03   .153E-02   .000E+00   .000E+00   .000E+00   .000E+00
        9.01   .000E+00   .000E+00  -.399E-21   .000E+00  -.314E+04   .125E-02   .000E+00   .000E+00   .000E+00   .000E+00  -.326E+03   .199E-02   .000E+00   .000E+00   .000E+00   .000E+00
        9.02   .000E+00   .000E+00  -.399E-21   .000E+00  -.315E+04   .128E-02   .000E+00   .000E+00   .000E+00   .000E+00  -.323E+03   .202E-02   .000E+00   .000E+00   .000E+00   .000E+00
        9.04   .000E+00   .000E+00  -.399E-21   .000E+00  -.315E+04   .131E-02   .000E+00   .000E+00   .000E+00   .000E+00  -.321E+03   .205E-02   .000E+00   .000E+00   .000E+00   .000E+00
        9.06   .000E+00   .000E+00  -.399E-21   .000E+00  -.316E+04   .136E-02   .000E+00   .000E+00   .000E+00   .000E+00  -.319E+03   .210E-02   .000E+00   .000E+00   .000E+00   .000E+00
        9.08   .000E+00   .000E+00  -.399E-21   .000E+00  -.317E+04   .140E-02   .000E+00   .000E+00   .000E+00   .000E+00  -.318E+03   .217E-02   .000E+00   .000E+00   .000E+00   .000E+00
        9.11   .000E+00   .000E+00  -.399E-21   .000E+00  -.317E+04   .145E-02   .000E+00   .000E+00   .000E+00   .000E+00  -.316E+03   .224E-02   .000E+00   .000E+00   .000E+00   .000E+00
        9.13   .000E+00   .000E+00  -.399E-21   .000E+00  -.318E+04   .150E-02   .000E+00   .000E+00   .000E+00   .000E+00  -.314E+03   .231E-02   .000E+00   .000E+00   .000E+00   .000E+00
        9.16   .000E+00   .000E+00  -.399E-21   .000E+00  -.319E+04   .157E-02   .000E+00   .000E+00   .000E+00   .000E+00  -.312E+03   .240E-02   .000E+00   .000E+00   .000E+00   .000E+00
        9.19   .000E+00   .000E+00  -.399E-21   .000E+00  -.320E+04   .166E-02   .000E+00   .000E+00   .000E+00   .000E+00  -.310E+03   .251E-02   .000E+00   .000E+00   .000E+00   .000E+00
        9.23   .000E+00   .000E+00  -.399E-21   .000E+00  -.321E+04   .176E-02   .000E+00   .000E+00   .000E+00   .000E+00  -.307E+03   .267E-02   .000E+00   .000E+00   .000E+00   .000E+00
        9.28   .000E+00   .000E+00  -.399E-21   .000E+00  -.323E+04   .190E-02   .000E+00   .000E+00   .000E+00   .000E+00  -.303E+03   .285E-02   .000E+00   .000E+00   .000E+00   .000E+00
        9.33   .000E+00   .000E+00  -.399E-21   .000E+00  -.324E+04   .205E-02   .000E+00   .000E+00   .000E+00   .000E+00  -.300E+03   .308E-02   .000E+00   .000E+00   .000E+00   .000E+00
        9.37   .000E+00   .000E+00  -.399E-21   .000E+00  -.325E+04   .221E-02   .000E+00   .000E+00   .000E+00   .000E+00  -.297E+03   .334E-02   .000E+00   .000E+00   .000E+00   .000E+00
        9.44   .000E+00   .000E+00  -.399E-21   .000E+00  -.327E+04   .244E-02   .000E+00   .000E+00   .000E+00   .000E+00  -.293E+03   .363E-02   .000E+00   .000E+00   .000E+00   .000E+00
        9.50   .000E+00   .000E+00  -.399E-21   .000E+00  -.329E+04   .269E-02   .000E+00   .000E+00   .000E+00   .000E+00  -.289E+03   .401E-02   .000E+00   .000E+00   .000E+00   .000E+00
        9.58   .000E+00   .000E+00  -.399E-21   .000E+00  -.331E+04   .306E-02   .000E+00   .000E+00   .000E+00   .000E+00  -.286E+03   .445E-02   .000E+00   .000E+00   .000E+00   .000E+00
        9.69   .000E+00   .000E+00  -.399E-21   .000E+00  -.334E+04   .359E-02   .000E+00   .000E+00   .000E+00   .000E+00  -.282E+03   .506E-02   .000E+00   .000E+00   .000E+00   .000E+00
        9.84   .000E+00   .000E+00  -.399E-21   .000E+00  -.339E+04   .451E-02   .000E+00   .000E+00   .000E+00   .000E+00  -.278E+03   .592E-02   .000E+00   .000E+00   .000E+00   .000E+00
       10.00   .000E+00   .000E+00  -.399E-21   .000E+00  -.343E+04   .565E-02   .000E+00   .000E+00   .000E+00   .000E+00  -.275E+03   .728E-02   .000E+00   .000E+00   .000E+00   .000E+00
       10.18   .000E+00   .000E+00  -.399E-21   .000E+00  -.348E+04   .714E-02   .000E+00   .000E+00   .000E+00   .000E+00  -.294E+03   .831E-02   .000E+00   .000E+00   .000E+00   .000E+00
       10.36   .000E+00   .000E+00  -.399E-21   .000E+00  -.354E+04   .884E-02   .000E+00   .000E+00   .000E+00   .000E+00  -.304E+03   .952E-02   .000E+00   .000E+00   .000E+00   .000E+00
       10.54   .000E+00   .000E+00  -.399E-21   .000E+00  -.359E+04   .108E-01   .000E+00   .000E+00   .000E+00   .000E+00  -.311E+03   .109E-01   .000E+00   .000E+00   .000E+00   .000E+00
       10.71   .000E+00   .000E+00  -.399E-21   .000E+00  -.365E+04   .130E-01   .000E+00   .000E+00   .000E+00   .000E+00  -.316E+03   .125E-01   .000E+00   .000E+00   .000E+00   .000E+00
       10.89   .000E+00   .000E+00  -.399E-21   .000E+00  -.371E+04   .156E-01   .000E+00   .000E+00   .000E+00   .000E+00  -.319E+03   .143E-01   .000E+00   .000E+00   .000E+00   .000E+00
       11.07   .000E+00   .000E+00  -.399E-21   .000E+00  -.376E+04   .185E-01   .000E+00   .000E+00   .000E+00   .000E+00  -.322E+03   .164E-01   .000E+00   .000E+00   .000E+00   .000E+00
       11.25   .000E+00   .000E+00  -.399E-21   .000E+00  -.382E+04   .219E-01   .000E+00   .000E+00   .000E+00   .000E+00  -.324E+03   .189E-01   .000E+00   .000E+00   .000E+00   .000E+00
       11.43   .000E+00   .000E+00  -.399E-21   .000E+00  -.388E+04   .257E-01   .000E+00   .000E+00   .000E+00   .000E+00  -.325E+03   .216E-01   .000E+00   .000E+00   .000E+00   .000E+00
       11.61   .000E+00   .000E+00  -.399E-21   .000E+00  -.394E+04   .302E-01   .000E+00   .000E+00   .000E+00   .000E+00  -.326E+03   .247E-01   .000E+00   .000E+00   .000E+00   .000E+00
       11.79   .000E+00   .000E+00  -.399E-21   .000E+00  -.400E+04   .352E-01   .000E+00   .000E+00   .000E+00   .000E+00  -.327E+03   .282E-01   .000E+00   .000E+00   .000E+00   .000E+00
       11.96   .000E+00   .000E+00  -.399E-21   .000E+00  -.405E+04   .409E-01   .000E+00   .000E+00   .000E+00   .000E+00  -.327E+03   .322E-01   .000E+00   .000E+00   .000E+00   .000E+00
       12.19   .000E+00   .000E+00  -.399E-21   .000E+00  -.413E+04   .492E-01   .000E+00   .000E+00   .000E+00   .000E+00  -.328E+03   .365E-01   .000E+00   .000E+00   .000E+00   .000E+00
       12.34   .000E+00   .000E+00  -.399E-21   .000E+00  -.418E+04   .558E-01   .000E+00   .000E+00   .000E+00   .000E+00  -.328E+03   .428E-01   .000E+00   .000E+00   .000E+00   .000E+00
       12.50   .000E+00   .000E+00  -.399E-21   .000E+00  -.423E+04   .632E-01   .000E+00   .000E+00   .000E+00   .000E+00  -.328E+03   .476E-01   .000E+00   .000E+00   .000E+00   .000E+00
       12.72   .000E+00   .000E+00  -.399E-21   .000E+00  -.430E+04   .751E-01   .000E+00   .000E+00   .000E+00   .000E+00  -.328E+03   .528E-01   .000E+00   .000E+00   .000E+00   .000E+00
       12.95   .000E+00   .000E+00  -.399E-21   .000E+00  -.438E+04   .889E-01   .000E+00   .000E+00   .000E+00   .000E+00  -.328E+03   .612E-01   .000E+00   .000E+00   .000E+00   .000E+00
       13.17   .000E+00   .000E+00  -.399E-21   .000E+00  -.445E+04   .105E+00   .000E+00   .000E+00   .000E+00   .000E+00  -.329E+03   .706E-01   .000E+00   .000E+00   .000E+00   .000E+00
       13.40   .000E+00   .000E+00  -.399E-21   .000E+00  -.453E+04   .123E+00   .000E+00   .000E+00   .000E+00   .000E+00  -.329E+03   .812E-01   .000E+00   .000E+00   .000E+00   .000E+00
       13.62   .000E+00   .000E+00  -.399E-21   .000E+00  -.460E+04   .144E+00   .000E+00   .000E+00   .000E+00   .000E+00  -.329E+03   .929E-01   .000E+00   .000E+00   .000E+00   .000E+00
       13.85   .000E+00   .000E+00  -.399E-21   .000E+00  -.467E+04   .168E+00   .000E+00   .000E+00   .000E+00   .000E+00  -.329E+03   .106E+00   .000E+00   .000E+00   .000E+00   .000E+00
       14.07   .000E+00   .000E+00  -.399E-21   .000E+00  -.475E+04   .195E+00   .000E+00   .000E+00   .000E+00   .000E+00  -.329E+03   .120E+00   .000E+00   .000E+00   .000E+00   .000E+00
       14.30   .000E+00   .000E+00  -.399E-21   .000E+00  -.482E+04   .225E+00   .000E+00   .000E+00   .000E+00   .000E+00  -.329E+03   .136E+00   .000E+00   .000E+00   .000E+00   .000E+00
       14.52   .000E+00   .000E+00  -.399E-21   .000E+00  -.490E+04   .260E+00   .000E+00   .000E+00   .000E+00   .000E+00  -.329E+03   .153E+00   .000E+00   .000E+00   .000E+00   .000E+00
       14.75   .000E+00   .000E+00  -.399E-21   .000E+00  -.497E+04   .298E+00   .000E+00   .000E+00   .000E+00   .000E+00  -.329E+03   .172E+00   .000E+00   .000E+00   .000E+00   .000E+00
       14.87   .000E+00   .000E+00  -.399E-21   .000E+00  -.501E+04   .323E+00   .000E+00   .000E+00   .000E+00   .000E+00  -.329E+03   .193E+00   .000E+00   .000E+00   .000E+00   .000E+00
       15.00   .000E+00   .000E+00  -.399E-21   .000E+00  -.505E+04   .348E+00   .000E+00   .000E+00   .000E+00   .000E+00  -.329E+03   .205E+00   .000E+00   .000E+00   .000E+00   .000E+00
       15.22   .000E+00   .000E+00  -.399E-21   .000E+00  -.513E+04   .397E+00   .000E+00   .000E+00   .000E+00   .000E+00  -.328E+03   .218E+00   .000E+00   .000E+00   .000E+00   .000E+00
       15.45   .000E+00   .000E+00  -.399E-21   .000E+00  -.520E+04   .452E+00   .000E+00   .000E+00   .000E+00   .000E+00  -.328E+03   .242E+00   .000E+00   .000E+00   .000E+00   .000E+00
       15.67   .000E+00   .000E+00  -.399E-21   .000E+00  -.527E+04   .512E+00   .000E+00   .000E+00   .000E+00   .000E+00  -.328E+03   .268E+00   .000E+00   .000E+00   .000E+00   .000E+00
       15.90   .000E+00   .000E+00  -.399E-21   .000E+00  -.535E+04   .579E+00   .000E+00   .000E+00   .000E+00   .000E+00  -.328E+03   .297E+00   .000E+00   .000E+00   .000E+00   .000E+00
       16.12   .000E+00   .000E+00  -.399E-21   .000E+00  -.542E+04   .652E+00   .000E+00   .000E+00   .000E+00   .000E+00  -.328E+03   .327E+00   .000E+00   .000E+00   .000E+00   .000E+00
       16.35   .000E+00   .000E+00  -.399E-21   .000E+00  -.549E+04   .733E+00   .000E+00   .000E+00   .000E+00   .000E+00  -.328E+03   .360E+00   .000E+00   .000E+00   .000E+00   .000E+00
       16.57   .000E+00   .000E+00  -.399E-21   .000E+00  -.557E+04   .822E+00   .000E+00   .000E+00   .000E+00   .000E+00  -.328E+03   .395E+00   .000E+00   .000E+00   .000E+00   .000E+00
       16.80   .000E+00   .000E+00  -.399E-21   .000E+00  -.564E+04   .919E+00   .000E+00   .000E+00   .000E+00   .000E+00  -.328E+03   .432E+00   .000E+00   .000E+00   .000E+00   .000E+00
       17.02   .000E+00   .000E+00  -.399E-21   .000E+00  -.572E+04   .103E+01   .000E+00   .000E+00   .000E+00   .000E+00  -.328E+03   .471E+00   .000E+00   .000E+00   .000E+00   .000E+00
       17.25   .000E+00   .000E+00  -.399E-21   .000E+00  -.579E+04   .114E+01   .000E+00   .000E+00   .000E+00   .000E+00  -.328E+03   .514E+00   .000E+00   .000E+00   .000E+00   .000E+00
       17.37   .000E+00   .000E+00  -.399E-21   .000E+00  -.583E+04   .121E+01   .000E+00   .000E+00   .000E+00   .000E+00  -.328E+03   .558E+00   .000E+00   .000E+00   .000E+00   .000E+00
       17.50   .000E+00   .000E+00  -.399E-21   .000E+00  -.587E+04   .128E+01   .000E+00   .000E+00   .000E+00   .000E+00  -.328E+03   .584E+00   .000E+00   .000E+00   .000E+00   .000E+00
       17.72   .000E+00   .000E+00  -.399E-21   .000E+00  -.595E+04   .142E+01   .000E+00   .000E+00   .000E+00   .000E+00  -.328E+03   .611E+00   .000E+00   .000E+00   .000E+00   .000E+00
       17.95   .000E+00   .000E+00  -.399E-21   .000E+00  -.602E+04   .157E+01   .000E+00   .000E+00   .000E+00   .000E+00  -.328E+03   .661E+00   .000E+00   .000E+00   .000E+00   .000E+00
       18.17   .000E+00   .000E+00  -.399E-21   .000E+00  -.609E+04   .173E+01   .000E+00   .000E+00   .000E+00   .000E+00  -.328E+03   .714E+00   .000E+00   .000E+00   .000E+00   .000E+00
       18.40   .000E+00   .000E+00  -.399E-21   .000E+00  -.617E+04   .190E+01   .000E+00   .000E+00   .000E+00   .000E+00  -.328E+03   .770E+00   .000E+00   .000E+00   .000E+00   .000E+00
       18.62   .000E+00   .000E+00  -.399E-21   .000E+00  -.624E+04   .209E+01   .000E+00   .000E+00   .000E+00   .000E+00  -.327E+03   .829E+00   .000E+00   .000E+00   .000E+00   .000E+00
       18.85   .000E+00   .000E+00  -.399E-21   .000E+00  -.631E+04   .229E+01   .000E+00   .000E+00   .000E+00   .000E+00  -.327E+03   .890E+00   .000E+00   .000E+00   .000E+00   .000E+00
       19.07   .000E+00   .000E+00  -.399E-21   .000E+00  -.639E+04   .251E+01   .000E+00   .000E+00   .000E+00   .000E+00  -.327E+03   .955E+00   .000E+00   .000E+00   .000E+00   .000E+00
       19.30   .000E+00   .000E+00  -.399E-21   .000E+00  -.646E+04   .274E+01   .000E+00   .000E+00   .000E+00   .000E+00  -.327E+03   .102E+01   .000E+00   .000E+00   .000E+00   .000E+00
       19.52   .000E+00   .000E+00  -.399E-21   .000E+00  -.654E+04   .298E+01   .000E+00   .000E+00   .000E+00   .000E+00  -.327E+03   .109E+01   .000E+00   .000E+00   .000E+00   .000E+00
       19.75   .000E+00   .000E+00  -.399E-21   .000E+00  -.661E+04   .324E+01   .000E+00   .000E+00   .000E+00   .000E+00  -.327E+03   .117E+01   .000E+00   .000E+00   .000E+00   .000E+00
       19.87   .000E+00   .000E+00  -.399E-21   .000E+00  -.665E+04   .340E+01   .000E+00   .000E+00   .000E+00   .000E+00  -.327E+03   .124E+01   .000E+00   .000E+00   .000E+00   .000E+00
       20.00   .000E+00   .000E+00  -.399E-21   .000E+00  -.669E+04   .356E+01   .000E+00   .000E+00   .000E+00   .000E+00  -.327E+03   .129E+01   .000E+00   .000E+00   .000E+00   .000E+00
       20.22   .000E+00   .000E+00  -.399E-21   .000E+00  -.676E+04   .386E+01   .000E+00   .000E+00   .000E+00   .000E+00  -.326E+03   .133E+01   .000E+00   .000E+00   .000E+00   .000E+00
       20.45   .000E+00   .000E+00  -.399E-21   .000E+00  -.684E+04   .418E+01   .000E+00   .000E+00   .000E+00   .000E+00  -.326E+03   .142E+01   .000E+00   .000E+00   .000E+00   .000E+00
       20.67   .000E+00   .000E+00  -.399E-21   .000E+00  -.691E+04   .452E+01   .000E+00   .000E+00   .000E+00   .000E+00  -.326E+03   .151E+01   .000E+00   .000E+00   .000E+00   .000E+00
       20.90   .000E+00   .000E+00  -.399E-21   .000E+00  -.698E+04   .488E+01   .000E+00   .000E+00   .000E+00   .000E+00  -.326E+03   .160E+01   .000E+00   .000E+00   .000E+00   .000E+00
       21.12   .000E+00   .000E+00  -.399E-21   .000E+00  -.706E+04   .526E+01   .000E+00   .000E+00   .000E+00   .000E+00  -.326E+03   .169E+01   .000E+00   .000E+00   .000E+00   .000E+00
       21.35   .000E+00   .000E+00  -.399E-21   .000E+00  -.713E+04   .566E+01   .000E+00   .000E+00   .000E+00   .000E+00  -.326E+03   .179E+01   .000E+00   .000E+00   .000E+00   .000E+00
       21.57   .000E+00   .000E+00  -.399E-21   .000E+00  -.720E+04   .608E+01   .000E+00   .000E+00   .000E+00   .000E+00  -.325E+03   .189E+01   .000E+00   .000E+00   .000E+00   .000E+00
       21.80   .000E+00   .000E+00  -.399E-21   .000E+00  -.728E+04   .653E+01   .000E+00   .000E+00   .000E+00   .000E+00  -.325E+03   .199E+01   .000E+00   .000E+00   .000E+00   .000E+00
       22.02   .000E+00   .000E+00  -.399E-21   .000E+00  -.735E+04   .700E+01   .000E+00   .000E+00   .000E+00   .000E+00  -.325E+03   .210E+01   .000E+00   .000E+00   .000E+00   .000E+00
       22.25   .000E+00   .000E+00  -.399E-21   .000E+00  -.742E+04   .750E+01   .000E+00   .000E+00   .000E+00   .000E+00  -.325E+03   .221E+01   .000E+00   .000E+00   .000E+00   .000E+00
       22.37   .000E+00   .000E+00  -.399E-21   .000E+00  -.746E+04   .779E+01   .000E+00   .000E+00   .000E+00   .000E+00  -.324E+03   .232E+01   .000E+00   .000E+00   .000E+00   .000E+00
       22.50   .000E+00   .000E+00  -.399E-21   .000E+00  -.750E+04   .809E+01   .000E+00   .000E+00   .000E+00   .000E+00  -.324E+03   .239E+01   .000E+00   .000E+00   .000E+00   .000E+00
       22.71   .000E+00   .000E+00  -.399E-21   .000E+00  -.757E+04   .862E+01   .000E+00   .000E+00   .000E+00   .000E+00  -.324E+03   .246E+01   .000E+00   .000E+00   .000E+00   .000E+00
       22.93   .000E+00   .000E+00  -.399E-21   .000E+00  -.764E+04   .917E+01   .000E+00   .000E+00   .000E+00   .000E+00  -.324E+03   .257E+01   .000E+00   .000E+00   .000E+00   .000E+00
       23.14   .000E+00   .000E+00  -.399E-21   .000E+00  -.771E+04   .975E+01   .000E+00   .000E+00   .000E+00   .000E+00  -.324E+03   .269E+01   .000E+00   .000E+00   .000E+00   .000E+00
       23.36   .000E+00   .000E+00  -.399E-21   .000E+00  -.778E+04   .103E+02   .000E+00   .000E+00   .000E+00   .000E+00  -.323E+03   .281E+01   .000E+00   .000E+00   .000E+00   .000E+00
       23.57   .000E+00   .000E+00  -.399E-21   .000E+00  -.785E+04   .110E+02   .000E+00   .000E+00   .000E+00   .000E+00  -.323E+03   .294E+01   .000E+00   .000E+00   .000E+00   .000E+00
       23.79   .000E+00   .000E+00  -.399E-21   .000E+00  -.792E+04   .116E+02   .000E+00   .000E+00   .000E+00   .000E+00  -.323E+03   .307E+01   .000E+00   .000E+00   .000E+00   .000E+00
       24.00   .000E+00   .000E+00  -.399E-21   .000E+00  -.799E+04   .123E+02   .000E+00   .000E+00   .000E+00   .000E+00  -.323E+03   .320E+01   .000E+00   .000E+00   .000E+00   .000E+00
       24.01   .000E+00   .000E+00  -.399E-21   .000E+00  -.799E+04   .124E+02   .000E+00   .000E+00   .000E+00   .000E+00  -.319E+03   .333E+01   .000E+00   .000E+00   .000E+00   .000E+00
       24.02   .000E+00   .000E+00  -.399E-21   .000E+00  -.800E+04   .124E+02   .000E+00   .000E+00   .000E+00   .000E+00  -.317E+03   .334E+01   .000E+00   .000E+00   .000E+00   .000E+00
       24.04   .000E+00   .000E+00  -.399E-21   .000E+00  -.800E+04   .125E+02   .000E+00   .000E+00   .000E+00   .000E+00  -.315E+03   .335E+01   .000E+00   .000E+00   .000E+00   .000E+00
       24.06   .000E+00   .000E+00  -.399E-21   .000E+00  -.801E+04   .125E+02   .000E+00   .000E+00   .000E+00   .000E+00  -.313E+03   .338E+01   .000E+00   .000E+00   .000E+00   .000E+00
       24.08   .000E+00   .000E+00  -.399E-21   .000E+00  -.802E+04   .126E+02   .000E+00   .000E+00   .000E+00   .000E+00  -.311E+03   .340E+01   .000E+00   .000E+00   .000E+00   .000E+00
       24.11   .000E+00   .000E+00  -.399E-21   .000E+00  -.802E+04   .127E+02   .000E+00   .000E+00   .000E+00   .000E+00  -.309E+03   .344E+01   .000E+00   .000E+00   .000E+00   .000E+00
       24.13   .000E+00   .000E+00  -.399E-21   .000E+00  -.803E+04   .128E+02   .000E+00   .000E+00   .000E+00   .000E+00  -.308E+03   .347E+01   .000E+00   .000E+00   .000E+00   .000E+00
       24.16   .000E+00   .000E+00  -.399E-21   .000E+00  -.804E+04   .129E+02   .000E+00   .000E+00   .000E+00   .000E+00  -.306E+03   .352E+01   .000E+00   .000E+00   .000E+00   .000E+00
       24.19   .000E+00   .000E+00  -.399E-21   .000E+00  -.805E+04   .130E+02   .000E+00   .000E+00   .000E+00   .000E+00  -.303E+03   .358E+01   .000E+00   .000E+00   .000E+00   .000E+00
       24.23   .000E+00   .000E+00  -.399E-21   .000E+00  -.806E+04   .131E+02   .000E+00   .000E+00   .000E+00   .000E+00  -.300E+03   .366E+01   .000E+00   .000E+00   .000E+00   .000E+00
       24.28   .000E+00   .000E+00  -.399E-21   .000E+00  -.807E+04   .133E+02   .000E+00   .000E+00   .000E+00   .000E+00  -.297E+03   .376E+01   .000E+00   .000E+00   .000E+00   .000E+00
       24.33   .000E+00   .000E+00  -.399E-21   .000E+00  -.809E+04   .135E+02   .000E+00   .000E+00   .000E+00   .000E+00  -.293E+03   .387E+01   .000E+00   .000E+00   .000E+00   .000E+00
       24.37   .000E+00   .000E+00  -.399E-21   .000E+00  -.810E+04   .137E+02   .000E+00   .000E+00   .000E+00   .000E+00  -.290E+03   .399E+01   .000E+00   .000E+00   .000E+00   .000E+00
       24.44   .000E+00   .000E+00  -.399E-21   .000E+00  -.812E+04   .139E+02   .000E+00   .000E+00   .000E+00   .000E+00  -.286E+03   .412E+01   .000E+00   .000E+00   .000E+00   .000E+00
       24.50   .000E+00   .000E+00  -.399E-21   .000E+00  -.814E+04   .142E+02   .000E+00   .000E+00   .000E+00   .000E+00  -.282E+03   .427E+01   .000E+00   .000E+00   .000E+00   .000E+00
       24.58   .000E+00   .000E+00  -.399E-21   .000E+00  -.816E+04   .146E+02   .000E+00   .000E+00   .000E+00   .000E+00  -.278E+03   .444E+01   .000E+00   .000E+00   .000E+00   .000E+00
       24.69   .000E+00   .000E+00  -.399E-21   .000E+00  -.819E+04   .151E+02   .000E+00   .000E+00   .000E+00   .000E+00  -.274E+03   .464E+01   .000E+00   .000E+00   .000E+00   .000E+00
       24.84   .000E+00   .000E+00  -.399E-21   .000E+00  -.823E+04   .158E+02   .000E+00   .000E+00   .000E+00   .000E+00  -.270E+03   .488E+01   .000E+00   .000E+00   .000E+00   .000E+00
       25.00   .000E+00   .000E+00  -.399E-21   .000E+00  -.827E+04   .166E+02   .000E+00   .000E+00   .000E+00   .000E+00  -.267E+03   .515E+01   .000E+00   .000E+00   .000E+00   .000E+00
end
