 Flow Through the Dike with a Seepage Face                               
 
 Program HYDRUS2
 Date:   6. 4.    Time:   7:27:33
 Time dependent boundary conditions
 Vertical plane flow, V = L*L
 Units: L = cm   , T = days , M = mmol 
 All fluxes (v) are positive out of the region

       Time       rAtm       rRoot      vAtm       vRoot      vKode3     vKode1     vSeep      vDrain     vBottom...
        [T]      [L/T]       [L/T]     [L/T]       [L/T]       [V/T]      [V/T]     [V/T]       [V/T]      [V/T]

         .0100   .000E+00   .300E+01   .000E+00   .300E+01   .000E+00  -.317E+04   .000E+00   .000E+00   .000E+00
         .0170   .000E+00   .300E+01   .000E+00   .300E+01   .000E+00  -.157E+04   .000E+00   .000E+00   .000E+00
         .0219   .000E+00   .300E+01   .000E+00   .300E+01   .000E+00  -.129E+04   .000E+00   .000E+00   .000E+00
         .0253   .000E+00   .300E+01   .000E+00   .300E+01   .000E+00  -.116E+04   .000E+00   .000E+00   .000E+00
         .0288   .000E+00   .300E+01   .000E+00   .300E+01   .000E+00  -.108E+04   .000E+00   .000E+00   .000E+00
         .0322   .000E+00   .300E+01   .000E+00   .300E+01   .000E+00  -.102E+04   .000E+00   .000E+00   .000E+00
         .0356   .000E+00   .300E+01   .000E+00   .299E+01   .000E+00  -.959E+03   .000E+00   .000E+00   .000E+00
         .0391   .000E+00   .300E+01   .000E+00   .298E+01   .000E+00  -.919E+03   .000E+00   .000E+00   .000E+00
         .0425   .000E+00   .300E+01   .000E+00   .296E+01   .000E+00  -.886E+03   .000E+00   .000E+00   .000E+00
         .0459   .000E+00   .300E+01   .000E+00   .295E+01   .000E+00  -.857E+03   .000E+00   .000E+00   .000E+00
         .0494   .000E+00   .300E+01   .000E+00   .295E+01   .000E+00  -.833E+03   .000E+00   .000E+00   .000E+00
         .0528   .000E+00   .300E+01   .000E+00   .295E+01   .000E+00  -.808E+03   .000E+00   .000E+00   .000E+00
         .0562   .000E+00   .300E+01   .000E+00   .294E+01   .000E+00  -.784E+03   .000E+00   .000E+00   .000E+00
         .0596   .000E+00   .300E+01   .000E+00   .293E+01   .000E+00  -.763E+03   .000E+00   .000E+00   .000E+00
         .0631   .000E+00   .300E+01   .000E+00   .291E+01   .000E+00  -.745E+03   .000E+00   .000E+00   .000E+00
         .0665   .000E+00   .300E+01   .000E+00   .290E+01   .000E+00  -.729E+03   .000E+00   .000E+00   .000E+00
         .0699   .000E+00   .300E+01   .000E+00   .289E+01   .000E+00  -.713E+03   .000E+00   .000E+00   .000E+00
         .0734   .000E+00   .300E+01   .000E+00   .288E+01   .000E+00  -.699E+03   .000E+00   .000E+00   .000E+00
         .0768   .000E+00   .300E+01   .000E+00   .287E+01   .000E+00  -.686E+03   .000E+00   .000E+00   .000E+00
         .0802   .000E+00   .300E+01   .000E+00   .286E+01   .000E+00  -.674E+03   .000E+00   .000E+00   .000E+00
         .0837   .000E+00   .300E+01   .000E+00   .286E+01   .000E+00  -.663E+03   .000E+00   .000E+00   .000E+00
         .0871   .000E+00   .300E+01   .000E+00   .286E+01   .000E+00  -.653E+03   .000E+00   .000E+00   .000E+00
         .0905   .000E+00   .300E+01   .000E+00   .286E+01   .000E+00  -.643E+03   .000E+00   .000E+00   .000E+00
         .0940   .000E+00   .300E+01   .000E+00   .285E+01   .000E+00  -.633E+03   .000E+00   .000E+00   .000E+00
         .0974   .000E+00   .300E+01   .000E+00   .285E+01   .000E+00  -.624E+03   .000E+00   .000E+00   .000E+00
         .1008   .000E+00   .300E+01   .000E+00   .284E+01   .000E+00  -.615E+03   .000E+00   .000E+00   .000E+00
         .1053   .000E+00   .300E+01   .000E+00   .282E+01   .000E+00  -.604E+03   .000E+00   .000E+00   .000E+00
         .1111   .000E+00   .300E+01   .000E+00   .281E+01   .000E+00  -.590E+03   .000E+00   .000E+00   .000E+00
         .1169   .000E+00   .300E+01   .000E+00   .280E+01   .000E+00  -.578E+03   .000E+00   .000E+00   .000E+00
         .1227   .000E+00   .300E+01   .000E+00   .278E+01   .000E+00  -.567E+03   .000E+00   .000E+00   .000E+00
         .1285   .000E+00   .300E+01   .000E+00   .277E+01   .000E+00  -.556E+03   .000E+00   .000E+00   .000E+00
         .1343   .000E+00   .300E+01   .000E+00   .276E+01   .000E+00  -.546E+03   .000E+00   .000E+00   .000E+00
         .1418   .000E+00   .300E+01   .000E+00   .275E+01   .000E+00  -.533E+03   .000E+00   .000E+00   .000E+00
         .1494   .000E+00   .300E+01   .000E+00   .274E+01   .000E+00  -.522E+03   .000E+00   .000E+00   .000E+00
         .1569   .000E+00   .300E+01   .000E+00   .273E+01   .000E+00  -.511E+03   .000E+00   .000E+00   .000E+00
         .1644   .000E+00   .300E+01   .000E+00   .272E+01   .000E+00  -.501E+03   .000E+00   .000E+00   .000E+00
         .1720   .000E+00   .300E+01   .000E+00   .271E+01   .000E+00  -.490E+03   .000E+00   .000E+00   .000E+00
         .1795   .000E+00   .300E+01   .000E+00   .270E+01   .000E+00  -.480E+03   .000E+00   .000E+00   .000E+00
         .1893   .000E+00   .300E+01   .000E+00   .270E+01   .000E+00  -.469E+03   .000E+00   .000E+00   .000E+00
         .1991   .000E+00   .300E+01   .000E+00   .269E+01   .000E+00  -.457E+03   .000E+00   .000E+00   .000E+00
         .2089   .000E+00   .300E+01   .000E+00   .268E+01   .000E+00  -.447E+03   .000E+00   .000E+00   .000E+00
         .2187   .000E+00   .300E+01   .000E+00   .267E+01   .000E+00  -.437E+03   .000E+00   .000E+00   .000E+00
         .2284   .000E+00   .300E+01   .000E+00   .266E+01   .000E+00  -.427E+03   .000E+00   .000E+00   .000E+00
         .2382   .000E+00   .300E+01   .000E+00   .265E+01   .000E+00  -.418E+03   .000E+00   .000E+00   .000E+00
         .2480   .000E+00   .300E+01   .000E+00   .264E+01   .000E+00  -.410E+03   .000E+00   .000E+00   .000E+00
         .2608   .000E+00   .300E+01   .000E+00   .262E+01   .000E+00  -.399E+03   .000E+00   .000E+00   .000E+00
         .2735   .000E+00   .300E+01   .000E+00   .261E+01   .000E+00  -.389E+03   .000E+00   .000E+00   .000E+00
         .2862   .000E+00   .300E+01   .000E+00   .260E+01   .000E+00  -.379E+03   .000E+00   .000E+00   .000E+00
         .2989   .000E+00   .300E+01   .000E+00   .259E+01   .000E+00  -.370E+03   .000E+00   .000E+00   .000E+00
         .3155   .000E+00   .300E+01   .000E+00   .257E+01   .000E+00  -.360E+03   .000E+00   .000E+00   .000E+00
         .3320   .000E+00   .300E+01   .000E+00   .256E+01   .000E+00  -.351E+03   .506E+00   .000E+00   .000E+00
         .3486   .000E+00   .300E+01   .000E+00   .255E+01   .000E+00  -.343E+03   .261E+01   .000E+00   .000E+00
         .3651   .000E+00   .300E+01   .000E+00   .254E+01   .000E+00  -.336E+03   .466E+01   .000E+00   .000E+00
         .3817   .000E+00   .300E+01   .000E+00   .253E+01   .000E+00  -.329E+03   .655E+01   .000E+00   .000E+00
         .3982   .000E+00   .300E+01   .000E+00   .252E+01   .000E+00  -.323E+03   .836E+01   .000E+00   .000E+00
         .4148   .000E+00   .300E+01   .000E+00   .251E+01   .000E+00  -.317E+03   .100E+02   .000E+00   .000E+00
         .4313   .000E+00   .300E+01   .000E+00   .250E+01   .000E+00  -.312E+03   .115E+02   .000E+00   .000E+00
         .4529   .000E+00   .300E+01   .000E+00   .248E+01   .000E+00  -.305E+03   .133E+02   .000E+00   .000E+00
         .4744   .000E+00   .300E+01   .000E+00   .247E+01   .000E+00  -.299E+03   .150E+02   .000E+00   .000E+00
         .4960   .000E+00   .300E+01   .000E+00   .246E+01   .000E+00  -.293E+03   .166E+02   .000E+00   .000E+00
         .5175   .000E+00   .300E+01   .000E+00   .245E+01   .000E+00  -.288E+03   .181E+02   .000E+00   .000E+00
         .5391   .000E+00   .300E+01   .000E+00   .244E+01   .000E+00  -.284E+03   .195E+02   .000E+00   .000E+00
         .5606   .000E+00   .300E+01   .000E+00   .243E+01   .000E+00  -.279E+03   .212E+02   .000E+00   .000E+00
         .5822   .000E+00   .300E+01   .000E+00   .242E+01   .000E+00  -.276E+03   .228E+02   .000E+00   .000E+00
         .6037   .000E+00   .300E+01   .000E+00   .241E+01   .000E+00  -.272E+03   .244E+02   .000E+00   .000E+00
         .6253   .000E+00   .300E+01   .000E+00   .240E+01   .000E+00  -.269E+03   .258E+02   .000E+00   .000E+00
         .6468   .000E+00   .300E+01   .000E+00   .240E+01   .000E+00  -.266E+03   .271E+02   .000E+00   .000E+00
         .6684   .000E+00   .300E+01   .000E+00   .239E+01   .000E+00  -.263E+03   .285E+02   .000E+00   .000E+00
         .6899   .000E+00   .300E+01   .000E+00   .238E+01   .000E+00  -.261E+03   .296E+02   .000E+00   .000E+00
         .7177   .000E+00   .300E+01   .000E+00   .238E+01   .000E+00  -.257E+03   .310E+02   .000E+00   .000E+00
         .7456   .000E+00   .300E+01   .000E+00   .237E+01   .000E+00  -.255E+03   .323E+02   .000E+00   .000E+00
         .7734   .000E+00   .300E+01   .000E+00   .237E+01   .000E+00  -.252E+03   .335E+02   .000E+00   .000E+00
         .8013   .000E+00   .300E+01   .000E+00   .236E+01   .000E+00  -.249E+03   .345E+02   .000E+00   .000E+00
         .8291   .000E+00   .300E+01   .000E+00   .235E+01   .000E+00  -.247E+03   .355E+02   .000E+00   .000E+00
         .8570   .000E+00   .300E+01   .000E+00   .235E+01   .000E+00  -.245E+03   .364E+02   .000E+00   .000E+00
         .8848   .000E+00   .300E+01   .000E+00   .234E+01   .000E+00  -.243E+03   .373E+02   .000E+00   .000E+00
         .9127   .000E+00   .300E+01   .000E+00   .234E+01   .000E+00  -.241E+03   .380E+02   .000E+00   .000E+00
         .9405   .000E+00   .300E+01   .000E+00   .233E+01   .000E+00  -.240E+03   .387E+02   .000E+00   .000E+00
         .9684   .000E+00   .300E+01   .000E+00   .233E+01   .000E+00  -.238E+03   .394E+02   .000E+00   .000E+00
         .9962   .000E+00   .300E+01   .000E+00   .232E+01   .000E+00  -.236E+03   .400E+02   .000E+00   .000E+00
        1.0241   .000E+00   .300E+01   .000E+00   .232E+01   .000E+00  -.235E+03   .406E+02   .000E+00   .000E+00
        1.0519   .000E+00   .300E+01   .000E+00   .232E+01   .000E+00  -.233E+03   .412E+02   .000E+00   .000E+00
        1.0798   .000E+00   .300E+01   .000E+00   .231E+01   .000E+00  -.232E+03   .417E+02   .000E+00   .000E+00
        1.1076   .000E+00   .300E+01   .000E+00   .231E+01   .000E+00  -.231E+03   .422E+02   .000E+00   .000E+00
        1.1355   .000E+00   .300E+01   .000E+00   .231E+01   .000E+00  -.230E+03   .426E+02   .000E+00   .000E+00
        1.1633   .000E+00   .300E+01   .000E+00   .230E+01   .000E+00  -.228E+03   .431E+02   .000E+00   .000E+00
        1.1912   .000E+00   .300E+01   .000E+00   .230E+01   .000E+00  -.227E+03   .435E+02   .000E+00   .000E+00
        1.2190   .000E+00   .300E+01   .000E+00   .230E+01   .000E+00  -.226E+03   .439E+02   .000E+00   .000E+00
        1.2469   .000E+00   .300E+01   .000E+00   .230E+01   .000E+00  -.226E+03   .443E+02   .000E+00   .000E+00
        1.2747   .000E+00   .300E+01   .000E+00   .229E+01   .000E+00  -.225E+03   .447E+02   .000E+00   .000E+00
        1.3025   .000E+00   .300E+01   .000E+00   .229E+01   .000E+00  -.224E+03   .451E+02   .000E+00   .000E+00
        1.3304   .000E+00   .300E+01   .000E+00   .229E+01   .000E+00  -.223E+03   .454E+02   .000E+00   .000E+00
        1.3669   .000E+00   .300E+01   .000E+00   .229E+01   .000E+00  -.222E+03   .459E+02   .000E+00   .000E+00
        1.4035   .000E+00   .300E+01   .000E+00   .229E+01   .000E+00  -.221E+03   .463E+02   .000E+00   .000E+00
        1.4400   .000E+00   .300E+01   .000E+00   .228E+01   .000E+00  -.220E+03   .467E+02   .000E+00   .000E+00
        1.4766   .000E+00   .300E+01   .000E+00   .228E+01   .000E+00  -.220E+03   .470E+02   .000E+00   .000E+00
        1.5131   .000E+00   .300E+01   .000E+00   .228E+01   .000E+00  -.219E+03   .474E+02   .000E+00   .000E+00
        1.5497   .000E+00   .300E+01   .000E+00   .228E+01   .000E+00  -.218E+03   .477E+02   .000E+00   .000E+00
        1.5862   .000E+00   .300E+01   .000E+00   .227E+01   .000E+00  -.217E+03   .480E+02   .000E+00   .000E+00
        1.6228   .000E+00   .300E+01   .000E+00   .227E+01   .000E+00  -.217E+03   .483E+02   .000E+00   .000E+00
        1.6593   .000E+00   .300E+01   .000E+00   .227E+01   .000E+00  -.216E+03   .486E+02   .000E+00   .000E+00
        1.7061   .000E+00   .300E+01   .000E+00   .227E+01   .000E+00  -.215E+03   .489E+02   .000E+00   .000E+00
        1.7528   .000E+00   .300E+01   .000E+00   .226E+01   .000E+00  -.214E+03   .492E+02   .000E+00   .000E+00
        1.7995   .000E+00   .300E+01   .000E+00   .226E+01   .000E+00  -.214E+03   .495E+02   .000E+00   .000E+00
        1.8462   .000E+00   .300E+01   .000E+00   .226E+01   .000E+00  -.213E+03   .498E+02   .000E+00   .000E+00
        1.8929   .000E+00   .300E+01   .000E+00   .226E+01   .000E+00  -.212E+03   .501E+02   .000E+00   .000E+00
        1.9396   .000E+00   .300E+01   .000E+00   .225E+01   .000E+00  -.212E+03   .504E+02   .000E+00   .000E+00
        1.9863   .000E+00   .300E+01   .000E+00   .225E+01   .000E+00  -.211E+03   .506E+02   .000E+00   .000E+00
        2.0505   .000E+00   .300E+01   .000E+00   .225E+01   .000E+00  -.210E+03   .509E+02   .000E+00   .000E+00
        2.1147   .000E+00   .300E+01   .000E+00   .225E+01   .000E+00  -.209E+03   .512E+02   .000E+00   .000E+00
        2.1789   .000E+00   .300E+01   .000E+00   .224E+01   .000E+00  -.209E+03   .514E+02   .000E+00   .000E+00
        2.2431   .000E+00   .300E+01   .000E+00   .224E+01   .000E+00  -.208E+03   .517E+02   .000E+00   .000E+00
        2.3074   .000E+00   .300E+01   .000E+00   .224E+01   .000E+00  -.208E+03   .519E+02   .000E+00   .000E+00
        2.4037   .000E+00   .300E+01   .000E+00   .224E+01   .000E+00  -.207E+03   .522E+02   .000E+00   .000E+00
        2.5000   .000E+00   .300E+01   .000E+00   .223E+01   .000E+00  -.206E+03   .525E+02   .000E+00   .000E+00
        2.5806   .000E+00   .300E+01   .000E+00   .223E+01   .000E+00  -.206E+03   .527E+02   .000E+00   .000E+00
        2.6858   .000E+00   .300E+01   .000E+00   .223E+01   .000E+00  -.205E+03   .529E+02   .000E+00   .000E+00
        2.7910   .000E+00   .300E+01   .000E+00   .223E+01   .000E+00  -.205E+03   .531E+02   .000E+00   .000E+00
        2.9291   .000E+00   .300E+01   .000E+00   .223E+01   .000E+00  -.204E+03   .533E+02   .000E+00   .000E+00
        3.0671   .000E+00   .300E+01   .000E+00   .222E+01   .000E+00  -.204E+03   .535E+02   .000E+00   .000E+00
        3.2429   .000E+00   .300E+01   .000E+00   .222E+01   .000E+00  -.203E+03   .537E+02   .000E+00   .000E+00
        3.4186   .000E+00   .300E+01   .000E+00   .222E+01   .000E+00  -.203E+03   .539E+02   .000E+00   .000E+00
        3.6437   .000E+00   .300E+01   .000E+00   .222E+01   .000E+00  -.202E+03   .540E+02   .000E+00   .000E+00
        3.8689   .000E+00   .300E+01   .000E+00   .222E+01   .000E+00  -.202E+03   .541E+02   .000E+00   .000E+00
        4.0939   .000E+00   .300E+01   .000E+00   .222E+01   .000E+00  -.202E+03   .542E+02   .000E+00   .000E+00
        4.3190   .000E+00   .300E+01   .000E+00   .222E+01   .000E+00  -.202E+03   .542E+02   .000E+00   .000E+00
        4.5440   .000E+00   .300E+01   .000E+00   .222E+01   .000E+00  -.202E+03   .543E+02   .000E+00   .000E+00
        4.7690   .000E+00   .300E+01   .000E+00   .222E+01   .000E+00  -.202E+03   .543E+02   .000E+00   .000E+00
        4.8845   .000E+00   .300E+01   .000E+00   .222E+01   .000E+00  -.202E+03   .543E+02   .000E+00   .000E+00
        5.0000   .000E+00   .300E+01   .000E+00   .222E+01   .000E+00  -.202E+03   .543E+02   .000E+00   .000E+00
        5.2250   .000E+00   .300E+01   .000E+00   .222E+01   .000E+00  -.202E+03   .543E+02   .000E+00   .000E+00
        5.4500   .000E+00   .300E+01   .000E+00   .222E+01   .000E+00  -.202E+03   .544E+02   .000E+00   .000E+00
        5.6749   .000E+00   .300E+01   .000E+00   .222E+01   .000E+00  -.202E+03   .544E+02   .000E+00   .000E+00
        5.8999   .000E+00   .300E+01   .000E+00   .222E+01   .000E+00  -.201E+03   .544E+02   .000E+00   .000E+00
        6.1249   .000E+00   .300E+01   .000E+00   .222E+01   .000E+00  -.201E+03   .544E+02   .000E+00   .000E+00
        6.3498   .000E+00   .300E+01   .000E+00   .222E+01   .000E+00  -.201E+03   .544E+02   .000E+00   .000E+00
        6.5748   .000E+00   .300E+01   .000E+00   .222E+01   .000E+00  -.201E+03   .544E+02   .000E+00   .000E+00
        6.7998   .000E+00   .300E+01   .000E+00   .222E+01   .000E+00  -.201E+03   .544E+02   .000E+00   .000E+00
        7.0247   .000E+00   .300E+01   .000E+00   .222E+01   .000E+00  -.201E+03   .544E+02   .000E+00   .000E+00
        7.2497   .000E+00   .300E+01   .000E+00   .222E+01   .000E+00  -.201E+03   .544E+02   .000E+00   .000E+00
        7.3748   .000E+00   .300E+01   .000E+00   .222E+01   .000E+00  -.201E+03   .544E+02   .000E+00   .000E+00
        7.5000   .000E+00   .300E+01   .000E+00   .222E+01   .000E+00  -.201E+03   .544E+02   .000E+00   .000E+00
        7.7143   .000E+00   .300E+01   .000E+00   .222E+01   .000E+00  -.201E+03   .544E+02   .000E+00   .000E+00
        7.9286   .000E+00   .300E+01   .000E+00   .222E+01   .000E+00  -.201E+03   .544E+02   .000E+00   .000E+00
        8.1429   .000E+00   .300E+01   .000E+00   .222E+01   .000E+00  -.201E+03   .544E+02   .000E+00   .000E+00
        8.3571   .000E+00   .300E+01   .000E+00   .222E+01   .000E+00  -.201E+03   .544E+02   .000E+00   .000E+00
        8.5714   .000E+00   .300E+01   .000E+00   .222E+01   .000E+00  -.201E+03   .544E+02   .000E+00   .000E+00
        8.7857   .000E+00   .300E+01   .000E+00   .222E+01   .000E+00  -.201E+03   .544E+02   .000E+00   .000E+00
        9.0000   .000E+00   .300E+01   .000E+00   .222E+01   .000E+00  -.201E+03   .544E+02   .000E+00   .000E+00
        9.0100  -.100E+01   .300E+01  -.100E+01   .221E+01   .000E+00  -.198E+03   .544E+02   .000E+00   .000E+00
        9.0230  -.100E+01   .300E+01  -.100E+01   .221E+01   .000E+00  -.196E+03   .544E+02   .000E+00   .000E+00
        9.0399  -.100E+01   .300E+01  -.100E+01   .221E+01   .000E+00  -.194E+03   .545E+02   .000E+00   .000E+00
        9.0617  -.100E+01   .300E+01  -.100E+01   .220E+01   .000E+00  -.192E+03   .547E+02   .000E+00   .000E+00
        9.0835  -.100E+01   .300E+01  -.100E+01   .220E+01   .000E+00  -.190E+03   .549E+02   .000E+00   .000E+00
        9.1053  -.100E+01   .300E+01  -.100E+01   .219E+01   .000E+00  -.188E+03   .552E+02   .000E+00   .000E+00
        9.1272  -.100E+01   .300E+01  -.100E+01   .219E+01   .000E+00  -.187E+03   .555E+02   .000E+00   .000E+00
        9.1553  -.100E+01   .300E+01  -.100E+01   .218E+01   .000E+00  -.184E+03   .560E+02   .000E+00   .000E+00
        9.1920  -.100E+01   .300E+01  -.100E+01   .217E+01   .000E+00  -.181E+03   .567E+02   .000E+00   .000E+00
        9.2288  -.100E+01   .300E+01  -.100E+01   .216E+01   .000E+00  -.178E+03   .575E+02   .000E+00   .000E+00
        9.2770  -.100E+01   .300E+01  -.100E+01   .215E+01   .000E+00  -.175E+03   .587E+02   .000E+00   .000E+00
        9.3252  -.100E+01   .300E+01  -.100E+01   .214E+01   .000E+00  -.171E+03   .599E+02   .000E+00   .000E+00
        9.3734  -.100E+01   .300E+01  -.100E+01   .213E+01   .000E+00  -.167E+03   .610E+02   .000E+00   .000E+00
        9.4360  -.100E+01   .300E+01  -.100E+01   .211E+01   .000E+00  -.163E+03   .625E+02   .000E+00   .000E+00
        9.4987  -.100E+01   .300E+01  -.100E+01   .210E+01   .000E+00  -.159E+03   .639E+02   .000E+00   .000E+00
        9.5822  -.100E+01   .300E+01  -.100E+01   .208E+01   .000E+00  -.155E+03   .656E+02   .000E+00   .000E+00
        9.6867  -.100E+01   .300E+01  -.100E+01   .207E+01   .000E+00  -.151E+03   .674E+02   .000E+00   .000E+00
        9.8433  -.100E+01   .300E+01  -.100E+01   .206E+01   .000E+00  -.146E+03   .694E+02   .000E+00   .000E+00
       10.0000  -.100E+01   .300E+01  -.100E+01   .205E+01   .000E+00  -.143E+03   .709E+02   .000E+00   .000E+00
       10.1786   .000E+00   .300E+01   .000E+00   .208E+01   .000E+00  -.163E+03   .682E+02   .000E+00   .000E+00
       10.3571   .000E+00   .300E+01   .000E+00   .212E+01   .000E+00  -.174E+03   .646E+02   .000E+00   .000E+00
       10.5357   .000E+00   .300E+01   .000E+00   .214E+01   .000E+00  -.181E+03   .619E+02   .000E+00   .000E+00
       10.7143   .000E+00   .300E+01   .000E+00   .216E+01   .000E+00  -.187E+03   .599E+02   .000E+00   .000E+00
       10.8929   .000E+00   .300E+01   .000E+00   .218E+01   .000E+00  -.191E+03   .585E+02   .000E+00   .000E+00
       11.0714   .000E+00   .300E+01   .000E+00   .219E+01   .000E+00  -.193E+03   .574E+02   .000E+00   .000E+00
       11.2500   .000E+00   .300E+01   .000E+00   .219E+01   .000E+00  -.196E+03   .566E+02   .000E+00   .000E+00
       11.4286   .000E+00   .300E+01   .000E+00   .220E+01   .000E+00  -.197E+03   .561E+02   .000E+00   .000E+00
       11.6071   .000E+00   .300E+01   .000E+00   .220E+01   .000E+00  -.198E+03   .557E+02   .000E+00   .000E+00
       11.7857   .000E+00   .300E+01   .000E+00   .221E+01   .000E+00  -.199E+03   .553E+02   .000E+00   .000E+00
       11.9643   .000E+00   .300E+01   .000E+00   .221E+01   .000E+00  -.200E+03   .551E+02   .000E+00   .000E+00
       12.1889   .000E+00   .300E+01   .000E+00   .221E+01   .000E+00  -.200E+03   .549E+02   .000E+00   .000E+00
       12.3445   .000E+00   .300E+01   .000E+00   .221E+01   .000E+00  -.200E+03   .548E+02   .000E+00   .000E+00
       12.5000   .000E+00   .300E+01   .000E+00   .221E+01   .000E+00  -.201E+03   .547E+02   .000E+00   .000E+00
       12.7248   .000E+00   .300E+01   .000E+00   .221E+01   .000E+00  -.201E+03   .546E+02   .000E+00   .000E+00
       12.9497   .000E+00   .300E+01   .000E+00   .221E+01   .000E+00  -.201E+03   .545E+02   .000E+00   .000E+00
       13.1746   .000E+00   .300E+01   .000E+00   .221E+01   .000E+00  -.201E+03   .545E+02   .000E+00   .000E+00
       13.3995   .000E+00   .300E+01   .000E+00   .221E+01   .000E+00  -.201E+03   .545E+02   .000E+00   .000E+00
       13.6244   .000E+00   .300E+01   .000E+00   .221E+01   .000E+00  -.201E+03   .545E+02   .000E+00   .000E+00
       13.8493   .000E+00   .300E+01   .000E+00   .222E+01   .000E+00  -.201E+03   .544E+02   .000E+00   .000E+00
       14.0743   .000E+00   .300E+01   .000E+00   .222E+01   .000E+00  -.201E+03   .544E+02   .000E+00   .000E+00
       14.2992   .000E+00   .300E+01   .000E+00   .222E+01   .000E+00  -.201E+03   .544E+02   .000E+00   .000E+00
       14.5242   .000E+00   .300E+01   .000E+00   .222E+01   .000E+00  -.201E+03   .544E+02   .000E+00   .000E+00
       14.7491   .000E+00   .300E+01   .000E+00   .222E+01   .000E+00  -.201E+03   .544E+02   .000E+00   .000E+00
       14.8746   .000E+00   .300E+01   .000E+00   .222E+01   .000E+00  -.201E+03   .544E+02   .000E+00   .000E+00
       15.0000   .000E+00   .300E+01   .000E+00   .222E+01   .000E+00  -.201E+03   .544E+02   .000E+00   .000E+00
       15.2250   .000E+00   .300E+01   .000E+00   .222E+01   .000E+00  -.201E+03   .544E+02   .000E+00   .000E+00
       15.4499   .000E+00   .300E+01   .000E+00   .222E+01   .000E+00  -.201E+03   .544E+02   .000E+00   .000E+00
       15.6749   .000E+00   .300E+01   .000E+00   .222E+01   .000E+00  -.201E+03   .544E+02   .000E+00   .000E+00
       15.8998   .000E+00   .300E+01   .000E+00   .222E+01   .000E+00  -.201E+03   .544E+02   .000E+00   .000E+00
       16.1248   .000E+00   .300E+01   .000E+00   .222E+01   .000E+00  -.201E+03   .544E+02   .000E+00   .000E+00
       16.3497   .000E+00   .300E+01   .000E+00   .222E+01   .000E+00  -.201E+03   .544E+02   .000E+00   .000E+00
       16.5747   .000E+00   .300E+01   .000E+00   .222E+01   .000E+00  -.201E+03   .544E+02   .000E+00   .000E+00
       16.7997   .000E+00   .300E+01   .000E+00   .222E+01   .000E+00  -.201E+03   .544E+02   .000E+00   .000E+00
       17.0246   .000E+00   .300E+01   .000E+00   .222E+01   .000E+00  -.201E+03   .544E+02   .000E+00   .000E+00
       17.2496   .000E+00   .300E+01   .000E+00   .222E+01   .000E+00  -.201E+03   .544E+02   .000E+00   .000E+00
       17.3748   .000E+00   .300E+01   .000E+00   .222E+01   .000E+00  -.201E+03   .544E+02   .000E+00   .000E+00
       17.5000   .000E+00   .300E+01   .000E+00   .222E+01   .000E+00  -.201E+03   .544E+02   .000E+00   .000E+00
       17.7250   .000E+00   .300E+01   .000E+00   .222E+01   .000E+00  -.201E+03   .544E+02   .000E+00   .000E+00
       17.9499   .000E+00   .300E+01   .000E+00   .222E+01   .000E+00  -.201E+03   .544E+02   .000E+00   .000E+00
       18.1749   .000E+00   .300E+01   .000E+00   .222E+01   .000E+00  -.201E+03   .544E+02   .000E+00   .000E+00
       18.3998   .000E+00   .300E+01   .000E+00   .222E+01   .000E+00  -.201E+03   .544E+02   .000E+00   .000E+00
       18.6248   .000E+00   .300E+01   .000E+00   .222E+01   .000E+00  -.201E+03   .544E+02   .000E+00   .000E+00
       18.8498   .000E+00   .300E+01   .000E+00   .222E+01   .000E+00  -.201E+03   .544E+02   .000E+00   .000E+00
       19.0747   .000E+00   .300E+01   .000E+00   .222E+01   .000E+00  -.201E+03   .544E+02   .000E+00   .000E+00
       19.2997   .000E+00   .300E+01   .000E+00   .222E+01   .000E+00  -.201E+03   .544E+02   .000E+00   .000E+00
       19.5246   .000E+00   .300E+01   .000E+00   .222E+01   .000E+00  -.201E+03   .544E+02   .000E+00   .000E+00
       19.7496   .000E+00   .300E+01   .000E+00   .222E+01   .000E+00  -.201E+03   .544E+02   .000E+00   .000E+00
       19.8748   .000E+00   .300E+01   .000E+00   .222E+01   .000E+00  -.201E+03   .544E+02   .000E+00   .000E+00
       20.0000   .000E+00   .300E+01   .000E+00   .222E+01   .000E+00  -.201E+03   .544E+02   .000E+00   .000E+00
       20.2250   .000E+00   .300E+01   .000E+00   .222E+01   .000E+00  -.201E+03   .544E+02   .000E+00   .000E+00
       20.4499   .000E+00   .300E+01   .000E+00   .222E+01   .000E+00  -.201E+03   .544E+02   .000E+00   .000E+00
       20.6749   .000E+00   .300E+01   .000E+00   .222E+01   .000E+00  -.201E+03   .544E+02   .000E+00   .000E+00
       20.8998   .000E+00   .300E+01   .000E+00   .222E+01   .000E+00  -.201E+03   .544E+02   .000E+00   .000E+00
       21.1248   .000E+00   .300E+01   .000E+00   .222E+01   .000E+00  -.201E+03   .544E+02   .000E+00   .000E+00
       21.3498   .000E+00   .300E+01   .000E+00   .222E+01   .000E+00  -.201E+03   .544E+02   .000E+00   .000E+00
       21.5747   .000E+00   .300E+01   .000E+00   .222E+01   .000E+00  -.201E+03   .544E+02   .000E+00   .000E+00
       21.7997   .000E+00   .300E+01   .000E+00   .222E+01   .000E+00  -.201E+03   .544E+02   .000E+00   .000E+00
       22.0246   .000E+00   .300E+01   .000E+00   .222E+01   .000E+00  -.201E+03   .544E+02   .000E+00   .000E+00
       22.2496   .000E+00   .300E+01   .000E+00   .222E+01   .000E+00  -.201E+03   .544E+02   .000E+00   .000E+00
       22.3748   .000E+00   .300E+01   .000E+00   .222E+01   .000E+00  -.201E+03   .544E+02   .000E+00   .000E+00
       22.5000   .000E+00   .300E+01   .000E+00   .222E+01   .000E+00  -.201E+03   .544E+02   .000E+00   .000E+00
       22.7143   .000E+00   .300E+01   .000E+00   .222E+01   .000E+00  -.201E+03   .544E+02   .000E+00   .000E+00
       22.9286   .000E+00   .300E+01   .000E+00   .222E+01   .000E+00  -.201E+03   .544E+02   .000E+00   .000E+00
       23.1429   .000E+00   .300E+01   .000E+00   .222E+01   .000E+00  -.201E+03   .544E+02   .000E+00   .000E+00
       23.3571   .000E+00   .300E+01   .000E+00   .222E+01   .000E+00  -.201E+03   .544E+02   .000E+00   .000E+00
       23.5714   .000E+00   .300E+01   .000E+00   .222E+01   .000E+00  -.201E+03   .544E+02   .000E+00   .000E+00
       23.7857   .000E+00   .300E+01   .000E+00   .222E+01   .000E+00  -.201E+03   .544E+02   .000E+00   .000E+00
       24.0000   .000E+00   .300E+01   .000E+00   .222E+01   .000E+00  -.201E+03   .544E+02   .000E+00   .000E+00
       24.0100  -.100E+01   .300E+01  -.100E+01   .221E+01   .000E+00  -.198E+03   .544E+02   .000E+00   .000E+00
       24.0230  -.100E+01   .300E+01  -.100E+01   .221E+01   .000E+00  -.196E+03   .544E+02   .000E+00   .000E+00
       24.0399  -.100E+01   .300E+01  -.100E+01   .221E+01   .000E+00  -.194E+03   .545E+02   .000E+00   .000E+00
       24.0617  -.100E+01   .300E+01  -.100E+01   .220E+01   .000E+00  -.192E+03   .547E+02   .000E+00   .000E+00
       24.0835  -.100E+01   .300E+01  -.100E+01   .220E+01   .000E+00  -.190E+03   .549E+02   .000E+00   .000E+00
       24.1053  -.100E+01   .300E+01  -.100E+01   .219E+01   .000E+00  -.188E+03   .552E+02   .000E+00   .000E+00
       24.1272  -.100E+01   .300E+01  -.100E+01   .219E+01   .000E+00  -.187E+03   .555E+02   .000E+00   .000E+00
       24.1553  -.100E+01   .300E+01  -.100E+01   .218E+01   .000E+00  -.184E+03   .560E+02   .000E+00   .000E+00
       24.1920  -.100E+01   .300E+01  -.100E+01   .217E+01   .000E+00  -.181E+03   .567E+02   .000E+00   .000E+00
       24.2288  -.100E+01   .300E+01  -.100E+01   .216E+01   .000E+00  -.178E+03   .575E+02   .000E+00   .000E+00
       24.2770  -.100E+01   .300E+01  -.100E+01   .215E+01   .000E+00  -.175E+03   .587E+02   .000E+00   .000E+00
       24.3252  -.100E+01   .300E+01  -.100E+01   .214E+01   .000E+00  -.171E+03   .599E+02   .000E+00   .000E+00
       24.3734  -.100E+01   .300E+01  -.100E+01   .213E+01   .000E+00  -.167E+03   .610E+02   .000E+00   .000E+00
       24.4360  -.100E+01   .300E+01  -.100E+01   .211E+01   .000E+00  -.163E+03   .625E+02   .000E+00   .000E+00
       24.4987  -.100E+01   .300E+01  -.100E+01   .210E+01   .000E+00  -.159E+03   .639E+02   .000E+00   .000E+00
       24.5822  -.100E+01   .300E+01  -.100E+01   .208E+01   .000E+00  -.155E+03   .656E+02   .000E+00   .000E+00
       24.6867  -.100E+01   .300E+01  -.100E+01   .207E+01   .000E+00  -.151E+03   .674E+02   .000E+00   .000E+00
       24.8433  -.100E+01   .300E+01  -.100E+01   .206E+01   .000E+00  -.146E+03   .694E+02   .000E+00   .000E+00
       25.0000  -.100E+01   .300E+01  -.100E+01   .205E+01   .000E+00  -.143E+03   .709E+02   .000E+00   .000E+00
end
