 Welcome to HYDRUS-2D                                                    
 
 Program HYDRUS2
 Date:   5. 3.    Time:  15:52:28
 Time independent boundary conditions
 Vertical plane flow, V = L*L
 Units: L = cm   , T = days , M = mmol 

 Max. number of iterations             20
 Absolute water content tolerance [-]  .00010
 Absolute pressure head tolerance [L]10.00000



MatNum, Param. array:

   Mat     Qr     Qs        Alfa         n          Ks      l

    1     .070   .300    .750E-01    .170E+01    .864E+00   .500
    2     .040   .380    .155E+00    .243E+01    .864E+03   .500
    3     .005   .420    .493E+01    .219E+01    .432E+05   .500
    4     .160   .440    .200E-02    .126E+01    .864E-02   .500

       Table of Hydraulic Properties which are interpolated in simulation
       =================================================================

  theta         h        log h        C             K        log K          S
 
   .3000   -.100E+00  -.1000E+01   .3929E-03   .8086E+00  -.9225E-01     .9999
   .3000   -.108E+00  -.9657E+00   .4152E-03   .8055E+00  -.9391E-01     .9999
   .3000   -.117E+00  -.9314E+00   .4388E-03   .8023E+00  -.9568E-01     .9999
   .3000   -.127E+00  -.8970E+00   .4637E-03   .7988E+00  -.9755E-01     .9998
   .3000   -.137E+00  -.8627E+00   .4901E-03   .7952E+00  -.9953E-01     .9998
   .3000   -.148E+00  -.8284E+00   .5179E-03   .7914E+00  -.1016E+00     .9998
   .2999   -.161E+00  -.7941E+00   .5473E-03   .7873E+00  -.1038E+00     .9998
   .2999   -.174E+00  -.7597E+00   .5784E-03   .7831E+00  -.1062E+00     .9997
   .2999   -.188E+00  -.7254E+00   .6112E-03   .7786E+00  -.1087E+00     .9997
   .2999   -.204E+00  -.6911E+00   .6459E-03   .7738E+00  -.1113E+00     .9997
   .2999   -.220E+00  -.6568E+00   .6825E-03   .7689E+00  -.1142E+00     .9996
   .2999   -.239E+00  -.6225E+00   .7212E-03   .7636E+00  -.1171E+00     .9996
   .2999   -.258E+00  -.5881E+00   .7621E-03   .7581E+00  -.1203E+00     .9995
   .2999   -.279E+00  -.5538E+00   .8052E-03   .7522E+00  -.1236E+00     .9994
   .2998   -.302E+00  -.5195E+00   .8508E-03   .7461E+00  -.1272E+00     .9993
   .2998   -.327E+00  -.4852E+00   .8989E-03   .7397E+00  -.1310E+00     .9992
   .2998   -.354E+00  -.4508E+00   .9496E-03   .7329E+00  -.1350E+00     .9991
   .2998   -.383E+00  -.4165E+00   .1003E-02   .7257E+00  -.1392E+00     .9990
   .2997   -.415E+00  -.3822E+00   .1060E-02   .7182E+00  -.1437E+00     .9989
   .2997   -.449E+00  -.3479E+00   .1119E-02   .7103E+00  -.1485E+00     .9987
   .2997   -.486E+00  -.3135E+00   .1182E-02   .7020E+00  -.1537E+00     .9985
   .2996   -.526E+00  -.2792E+00   .1249E-02   .6933E+00  -.1591E+00     .9983
   .2996   -.569E+00  -.2449E+00   .1319E-02   .6842E+00  -.1648E+00     .9981
   .2995   -.616E+00  -.2106E+00   .1392E-02   .6745E+00  -.1710E+00     .9978
   .2994   -.666E+00  -.1763E+00   .1470E-02   .6645E+00  -.1775E+00     .9975
   .2993   -.721E+00  -.1419E+00   .1552E-02   .6539E+00  -.1845E+00     .9971
   .2992   -.781E+00  -.1076E+00   .1638E-02   .6429E+00  -.1919E+00     .9967
   .2991   -.845E+00  -.7329E-01   .1728E-02   .6313E+00  -.1998E+00     .9962
   .2990   -.914E+00  -.3897E-01   .1823E-02   .6192E+00  -.2082E+00     .9957
   .2989   -.989E+00  -.4644E-02   .1922E-02   .6065E+00  -.2172E+00     .9951
   .2987   -.107E+01   .2968E-01   .2027E-02   .5933E+00  -.2267E+00     .9944
   .2985   -.116E+01   .6400E-01   .2136E-02   .5795E+00  -.2369E+00     .9936
   .2983   -.125E+01   .9832E-01   .2251E-02   .5651E+00  -.2478E+00     .9927
   .2981   -.136E+01   .1326E+00   .2370E-02   .5502E+00  -.2595E+00     .9917
   .2978   -.147E+01   .1670E+00   .2495E-02   .5346E+00  -.2719E+00     .9905
   .2975   -.159E+01   .2013E+00   .2625E-02   .5185E+00  -.2852E+00     .9891
   .2971   -.172E+01   .2356E+00   .2759E-02   .5018E+00  -.2995E+00     .9876
   .2967   -.186E+01   .2699E+00   .2899E-02   .4845E+00  -.3147E+00     .9859
   .2963   -.201E+01   .3043E+00   .3042E-02   .4666E+00  -.3310E+00     .9839
   .2958   -.218E+01   .3386E+00   .3190E-02   .4482E+00  -.3485E+00     .9816
   .2952   -.236E+01   .3729E+00   .3342E-02   .4293E+00  -.3672E+00     .9791
   .2945   -.255E+01   .4072E+00   .3496E-02   .4100E+00  -.3873E+00     .9762
   .2938   -.276E+01   .4416E+00   .3653E-02   .3902E+00  -.4088E+00     .9729
   .2929   -.299E+01   .4759E+00   .3811E-02   .3700E+00  -.4318E+00     .9692
   .2920   -.324E+01   .5102E+00   .3969E-02   .3495E+00  -.4565E+00     .9651
   .2909   -.350E+01   .5445E+00   .4125E-02   .3288E+00  -.4831E+00     .9604
   .2897   -.379E+01   .5788E+00   .4278E-02   .3080E+00  -.5115E+00     .9551
   .2883   -.410E+01   .6132E+00   .4427E-02   .2871E+00  -.5420E+00     .9492
   .2868   -.444E+01   .6475E+00   .4568E-02   .2662E+00  -.5747E+00     .9426
   .2851   -.481E+01   .6818E+00   .4699E-02   .2456E+00  -.6098E+00     .9353
   .2832   -.520E+01   .7161E+00   .4819E-02   .2252E+00  -.6474E+00     .9271
   .2811   -.563E+01   .7505E+00   .4925E-02   .2053E+00  -.6876E+00     .9180
   .2788   -.609E+01   .7848E+00   .5013E-02   .1859E+00  -.7307E+00     .9080
   .2763   -.659E+01   .8191E+00   .5081E-02   .1672E+00  -.7766E+00     .8970
   .2735   -.714E+01   .8534E+00   .5127E-02   .1494E+00  -.8257E+00     .8850
   .2705   -.772E+01   .8877E+00   .5148E-02   .1324E+00  -.8780E+00     .8719
   .2673   -.836E+01   .9221E+00   .5143E-02   .1165E+00  -.9337E+00     .8577
   .2637   -.904E+01   .9564E+00   .5110E-02   .1017E+00  -.9928E+00     .8423
   .2600   -.979E+01   .9907E+00   .5048E-02   .8800E-01  -.1056E+01     .8259
   .2559   -.106E+02   .1025E+01   .4957E-02   .7555E-01  -.1122E+01     .8084
   .2517   -.115E+02   .1059E+01   .4838E-02   .6431E-01  -.1192E+01     .7898
   .2472   -.124E+02   .1094E+01   .4692E-02   .5429E-01  -.1265E+01     .7703
   .2425   -.134E+02   .1128E+01   .4522E-02   .4544E-01  -.1343E+01     .7498
   .2376   -.145E+02   .1162E+01   .4331E-02   .3772E-01  -.1423E+01     .7286
   .2325   -.157E+02   .1197E+01   .4121E-02   .3106E-01  -.1508E+01     .7066
   .2273   -.170E+02   .1231E+01   .3897E-02   .2537E-01  -.1596E+01     .6841
   .2220   -.184E+02   .1265E+01   .3663E-02   .2056E-01  -.1687E+01     .6611
   .2167   -.199E+02   .1300E+01   .3423E-02   .1655E-01  -.1781E+01     .6378
   .2113   -.216E+02   .1334E+01   .3180E-02   .1322E-01  -.1879E+01     .6142
   .2058   -.233E+02   .1368E+01   .2939E-02   .1049E-01  -.1979E+01     .5906
   .2004   -.253E+02   .1403E+01   .2702E-02   .8278E-02  -.2082E+01     .5671
   .1951   -.273E+02   .1437E+01   .2472E-02   .6492E-02  -.2188E+01     .5438
   .1898   -.296E+02   .1471E+01   .2252E-02   .5064E-02  -.2296E+01     .5207
   .1845   -.320E+02   .1506E+01   .2043E-02   .3931E-02  -.2406E+01     .4980
   .1794   -.347E+02   .1540E+01   .1846E-02   .3037E-02  -.2518E+01     .4758
   .1744   -.375E+02   .1574E+01   .1662E-02   .2337E-02  -.2631E+01     .4540
   .1696   -.406E+02   .1609E+01   .1492E-02   .1792E-02  -.2747E+01     .4329
   .1649   -.439E+02   .1643E+01   .1335E-02   .1369E-02  -.2864E+01     .4124
   .1603   -.476E+02   .1677E+01   .1192E-02   .1042E-02  -.2982E+01     .3926
   .1559   -.515E+02   .1711E+01   .1062E-02   .7918E-03  -.3101E+01     .3735
   .1517   -.557E+02   .1746E+01   .9434E-03   .5999E-03  -.3222E+01     .3551
   .1476   -.603E+02   .1780E+01   .8368E-03   .4535E-03  -.3343E+01     .3374
   .1437   -.652E+02   .1814E+01   .7410E-03   .3422E-03  -.3466E+01     .3204
   .1400   -.706E+02   .1849E+01   .6551E-03   .2577E-03  -.3589E+01     .3042
   .1364   -.764E+02   .1883E+01   .5785E-03   .1938E-03  -.3713E+01     .2886
   .1330   -.827E+02   .1917E+01   .5102E-03   .1456E-03  -.3837E+01     .2738
   .1297   -.895E+02   .1952E+01   .4494E-03   .1092E-03  -.3962E+01     .2596
   .1266   -.968E+02   .1986E+01   .3956E-03   .8181E-04  -.4087E+01     .2461
   .1237   -.105E+03   .2020E+01   .3479E-03   .6124E-04  -.4213E+01     .2333
   .1208   -.113E+03   .2055E+01   .3058E-03   .4581E-04  -.4339E+01     .2211
   .1182   -.123E+03   .2089E+01   .2685E-03   .3424E-04  -.4466E+01     .2094
   .1156   -.133E+03   .2123E+01   .2357E-03   .2557E-04  -.4592E+01     .1984
   .1132   -.144E+03   .2158E+01   .2068E-03   .1909E-04  -.4719E+01     .1879
   .1109   -.156E+03   .2192E+01   .1814E-03   .1424E-04  -.4846E+01     .1780
   .1088   -.168E+03   .2226E+01   .1590E-03   .1062E-04  -.4974E+01     .1685
   .1067   -.182E+03   .2261E+01   .1393E-03   .7920E-05  -.5101E+01     .1596
   .1047   -.197E+03   .2295E+01   .1221E-03   .5902E-05  -.5229E+01     .1511
   .1029   -.213E+03   .2329E+01   .1069E-03   .4397E-05  -.5357E+01     .1430
   .1011   -.231E+03   .2364E+01   .9362E-04   .3276E-05  -.5485E+01     .1354
   .0995   -.250E+03   .2398E+01   .8196E-04   .2439E-05  -.5613E+01     .1281
end
 
   .3800   -.100E+00  -.1000E+01   .1947E-03   .8595E+03   .2934E+01    1.0000
   .3800   -.108E+00  -.9657E+00   .2180E-03   .8590E+03   .2934E+01    1.0000
   .3800   -.117E+00  -.9314E+00   .2440E-03   .8584E+03   .2934E+01    1.0000
   .3800   -.127E+00  -.8970E+00   .2732E-03   .8577E+03   .2933E+01    1.0000
   .3800   -.137E+00  -.8627E+00   .3059E-03   .8570E+03   .2933E+01     .9999
   .3800   -.148E+00  -.8284E+00   .3425E-03   .8561E+03   .2933E+01     .9999
   .3800   -.161E+00  -.7941E+00   .3835E-03   .8552E+03   .2932E+01     .9999
   .3800   -.174E+00  -.7597E+00   .4293E-03   .8541E+03   .2932E+01     .9999
   .3800   -.188E+00  -.7254E+00   .4807E-03   .8530E+03   .2931E+01     .9999
   .3800   -.204E+00  -.6911E+00   .5381E-03   .8516E+03   .2930E+01     .9999
   .3799   -.220E+00  -.6568E+00   .6025E-03   .8502E+03   .2930E+01     .9998
   .3799   -.239E+00  -.6225E+00   .6745E-03   .8485E+03   .2929E+01     .9998
   .3799   -.258E+00  -.5881E+00   .7551E-03   .8467E+03   .2928E+01     .9998
   .3799   -.279E+00  -.5538E+00   .8454E-03   .8446E+03   .2927E+01     .9997
   .3799   -.302E+00  -.5195E+00   .9464E-03   .8423E+03   .2925E+01     .9997
   .3799   -.327E+00  -.4852E+00   .1059E-02   .8397E+03   .2924E+01     .9996
   .3798   -.354E+00  -.4508E+00   .1186E-02   .8368E+03   .2923E+01     .9995
   .3798   -.383E+00  -.4165E+00   .1327E-02   .8335E+03   .2921E+01     .9994
   .3797   -.415E+00  -.3822E+00   .1486E-02   .8299E+03   .2919E+01     .9993
   .3797   -.449E+00  -.3479E+00   .1663E-02   .8259E+03   .2917E+01     .9991
   .3796   -.486E+00  -.3135E+00   .1861E-02   .8213E+03   .2915E+01     .9989
   .3795   -.526E+00  -.2792E+00   .2082E-02   .8163E+03   .2912E+01     .9987
   .3795   -.569E+00  -.2449E+00   .2329E-02   .8106E+03   .2909E+01     .9984
   .3793   -.616E+00  -.2106E+00   .2606E-02   .8043E+03   .2905E+01     .9981
   .3792   -.666E+00  -.1763E+00   .2914E-02   .7973E+03   .2902E+01     .9976
   .3790   -.721E+00  -.1419E+00   .3258E-02   .7894E+03   .2897E+01     .9971
   .3788   -.781E+00  -.1076E+00   .3642E-02   .7807E+03   .2892E+01     .9965
   .3786   -.845E+00  -.7329E-01   .4070E-02   .7709E+03   .2887E+01     .9958
   .3783   -.914E+00  -.3897E-01   .4546E-02   .7601E+03   .2881E+01     .9949
   .3779   -.989E+00  -.4644E-02   .5075E-02   .7481E+03   .2874E+01     .9939
   .3775   -.107E+01   .2968E-01   .5663E-02   .7348E+03   .2866E+01     .9926
   .3770   -.116E+01   .6400E-01   .6314E-02   .7200E+03   .2857E+01     .9910
   .3763   -.125E+01   .9832E-01   .7033E-02   .7037E+03   .2847E+01     .9892
   .3756   -.136E+01   .1326E+00   .7826E-02   .6857E+03   .2836E+01     .9869
   .3746   -.147E+01   .1670E+00   .8698E-02   .6659E+03   .2823E+01     .9842
   .3735   -.159E+01   .2013E+00   .9652E-02   .6442E+03   .2809E+01     .9809
   .3722   -.172E+01   .2356E+00   .1069E-01   .6206E+03   .2793E+01     .9770
   .3706   -.186E+01   .2699E+00   .1182E-01   .5948E+03   .2774E+01     .9723
   .3687   -.201E+01   .3043E+00   .1302E-01   .5670E+03   .2754E+01     .9668
   .3664   -.218E+01   .3386E+00   .1431E-01   .5370E+03   .2730E+01     .9601
   .3637   -.236E+01   .3729E+00   .1567E-01   .5050E+03   .2703E+01     .9522
   .3606   -.255E+01   .4072E+00   .1709E-01   .4712E+03   .2673E+01     .9428
   .3568   -.276E+01   .4416E+00   .1853E-01   .4356E+03   .2639E+01     .9318
   .3524   -.299E+01   .4759E+00   .1999E-01   .3987E+03   .2601E+01     .9189
   .3473   -.324E+01   .5102E+00   .2141E-01   .3609E+03   .2557E+01     .9040
   .3415   -.350E+01   .5445E+00   .2275E-01   .3226E+03   .2509E+01     .8867
   .3347   -.379E+01   .5788E+00   .2396E-01   .2844E+03   .2454E+01     .8668
   .3271   -.410E+01   .6132E+00   .2499E-01   .2471E+03   .2393E+01     .8444
   .3185   -.444E+01   .6475E+00   .2578E-01   .2113E+03   .2325E+01     .8191
   .3090   -.481E+01   .6818E+00   .2628E-01   .1776E+03   .2249E+01     .7911
   .2986   -.520E+01   .7161E+00   .2645E-01   .1466E+03   .2166E+01     .7605
   .2873   -.563E+01   .7505E+00   .2625E-01   .1188E+03   .2075E+01     .7273
   .2752   -.609E+01   .7848E+00   .2569E-01   .9447E+02   .1975E+01     .6919
   .2626   -.659E+01   .8191E+00   .2477E-01   .7370E+02   .1867E+01     .6547
   .2495   -.714E+01   .8534E+00   .2355E-01   .5641E+02   .1751E+01     .6161
   .2361   -.772E+01   .8877E+00   .2206E-01   .4240E+02   .1627E+01     .5767
   .2226   -.836E+01   .9221E+00   .2038E-01   .3131E+02   .1496E+01     .5371
   .2092   -.904E+01   .9564E+00   .1858E-01   .2274E+02   .1357E+01     .4977
   .1961   -.979E+01   .9907E+00   .1673E-01   .1626E+02   .1211E+01     .4591
   .1834   -.106E+02   .1025E+01   .1489E-01   .1146E+02   .1059E+01     .4217
   .1712   -.115E+02   .1059E+01   .1312E-01   .7982E+01   .9021E+00     .3859
   .1596   -.124E+02   .1094E+01   .1145E-01   .5494E+01   .7399E+00     .3519
   .1488   -.134E+02   .1128E+01   .9913E-02   .3745E+01   .5734E+00     .3199
   .1386   -.145E+02   .1162E+01   .8519E-02   .2530E+01   .4031E+00     .2900
   .1292   -.157E+02   .1197E+01   .7276E-02   .1696E+01   .2295E+00     .2623
   .1205   -.170E+02   .1231E+01   .6180E-02   .1130E+01   .5306E-01     .2368
   .1126   -.184E+02   .1265E+01   .5225E-02   .7485E+00  -.1258E+00     .2134
   .1053   -.199E+02   .1300E+01   .4400E-02   .4935E+00  -.3067E+00     .1920
   .0987   -.216E+02   .1334E+01   .3693E-02   .3241E+00  -.4893E+00     .1726
   .0927   -.233E+02   .1368E+01   .3091E-02   .2121E+00  -.6734E+00     .1550
   .0873   -.253E+02   .1403E+01   .2581E-02   .1385E+00  -.8587E+00     .1390
   .0824   -.273E+02   .1437E+01   .2151E-02   .9016E-01  -.1045E+01     .1246
   .0780   -.296E+02   .1471E+01   .1790E-02   .5859E-01  -.1232E+01     .1116
   .0740   -.320E+02   .1506E+01   .1487E-02   .3801E-01  -.1420E+01     .0999
   .0704   -.347E+02   .1540E+01   .1234E-02   .2463E-01  -.1609E+01     .0894
   .0672   -.375E+02   .1574E+01   .1023E-02   .1594E-01  -.1798E+01     .0800
   .0643   -.406E+02   .1609E+01   .8474E-03   .1031E-01  -.1987E+01     .0716
   .0618   -.439E+02   .1643E+01   .7015E-03   .6658E-02  -.2177E+01     .0640
   .0595   -.476E+02   .1677E+01   .5805E-03   .4299E-02  -.2367E+01     .0572
   .0574   -.515E+02   .1711E+01   .4801E-03   .2774E-02  -.2557E+01     .0511
   .0555   -.557E+02   .1746E+01   .3969E-03   .1789E-02  -.2747E+01     .0457
   .0539   -.603E+02   .1780E+01   .3280E-03   .1154E-02  -.2938E+01     .0408
   .0524   -.652E+02   .1814E+01   .2710E-03   .7436E-03  -.3129E+01     .0365
   .0511   -.706E+02   .1849E+01   .2239E-03   .4792E-03  -.3320E+01     .0326
   .0499   -.764E+02   .1883E+01   .1849E-03   .3087E-03  -.3510E+01     .0291
   .0488   -.827E+02   .1917E+01   .1527E-03   .1989E-03  -.3701E+01     .0260
   .0479   -.895E+02   .1952E+01   .1261E-03   .1281E-03  -.3892E+01     .0232
   .0471   -.968E+02   .1986E+01   .1041E-03   .8249E-04  -.4084E+01     .0208
   .0463   -.105E+03   .2020E+01   .8596E-04   .5312E-04  -.4275E+01     .0186
   .0456   -.113E+03   .2055E+01   .7096E-04   .3420E-04  -.4466E+01     .0166
   .0450   -.123E+03   .2089E+01   .5858E-04   .2202E-04  -.4657E+01     .0148
   .0445   -.133E+03   .2123E+01   .4835E-04   .1418E-04  -.4848E+01     .0132
   .0440   -.144E+03   .2158E+01   .3991E-04   .9128E-05  -.5040E+01     .0118
   .0436   -.156E+03   .2192E+01   .3294E-04   .5876E-05  -.5231E+01     .0105
   .0432   -.168E+03   .2226E+01   .2719E-04   .3783E-05  -.5422E+01     .0094
   .0429   -.182E+03   .2261E+01   .2244E-04   .2435E-05  -.5613E+01     .0084
   .0426   -.197E+03   .2295E+01   .1852E-04   .1567E-05  -.5805E+01     .0075
   .0423   -.213E+03   .2329E+01   .1529E-04   .1009E-05  -.5996E+01     .0067
   .0420   -.231E+03   .2364E+01   .1262E-04   .6495E-06  -.6187E+01     .0060
   .0418   -.250E+03   .2398E+01   .1041E-04   .4181E-06  -.6379E+01     .0054
end
 
   .3787   -.100E+00  -.1000E+01   .7794E+00   .1535E+05   .4186E+01     .9006
   .3722   -.108E+00  -.9657E+00   .8143E+00   .1372E+05   .4137E+01     .8848
   .3648   -.117E+00  -.9314E+00   .8444E+00   .1212E+05   .4084E+01     .8670
   .3565   -.127E+00  -.8970E+00   .8685E+00   .1058E+05   .4025E+01     .8471
   .3474   -.137E+00  -.8627E+00   .8853E+00   .9116E+04   .3960E+01     .8251
   .3374   -.148E+00  -.8284E+00   .8937E+00   .7745E+04   .3889E+01     .8009
   .3264   -.161E+00  -.7941E+00   .8930E+00   .6487E+04   .3812E+01     .7745
   .3147   -.174E+00  -.7597E+00   .8827E+00   .5353E+04   .3729E+01     .7463
   .3022   -.188E+00  -.7254E+00   .8627E+00   .4351E+04   .3639E+01     .7162
   .2891   -.204E+00  -.6911E+00   .8336E+00   .3484E+04   .3542E+01     .6845
   .2754   -.220E+00  -.6568E+00   .7962E+00   .2747E+04   .3439E+01     .6516
   .2614   -.239E+00  -.6225E+00   .7519E+00   .2135E+04   .3329E+01     .6178
   .2471   -.258E+00  -.5881E+00   .7021E+00   .1636E+04   .3214E+01     .5834
   .2328   -.279E+00  -.5538E+00   .6486E+00   .1237E+04   .3092E+01     .5489
   .2185   -.302E+00  -.5195E+00   .5930E+00   .9231E+03   .2965E+01     .5145
   .2045   -.327E+00  -.4852E+00   .5370E+00   .6809E+03   .2833E+01     .4807
   .1908   -.354E+00  -.4508E+00   .4821E+00   .4968E+03   .2696E+01     .4477
   .1775   -.383E+00  -.4165E+00   .4292E+00   .3588E+03   .2555E+01     .4158
   .1648   -.415E+00  -.3822E+00   .3793E+00   .2569E+03   .2410E+01     .3851
   .1527   -.449E+00  -.3479E+00   .3331E+00   .1825E+03   .2261E+01     .3559
   .1412   -.486E+00  -.3135E+00   .2907E+00   .1287E+03   .2110E+01     .3282
   .1304   -.526E+00  -.2792E+00   .2524E+00   .9021E+02   .1955E+01     .3021
   .1202   -.569E+00  -.2449E+00   .2182E+00   .6289E+02   .1799E+01     .2776
   .1107   -.616E+00  -.2106E+00   .1879E+00   .4364E+02   .1640E+01     .2548
   .1019   -.666E+00  -.1763E+00   .1612E+00   .3015E+02   .1479E+01     .2336
   .0938   -.721E+00  -.1419E+00   .1379E+00   .2076E+02   .1317E+01     .2139
   .0862   -.781E+00  -.1076E+00   .1177E+00   .1425E+02   .1154E+01     .1957
   .0792   -.845E+00  -.7329E-01   .1002E+00   .9759E+01   .9894E+00     .1789
   .0728   -.914E+00  -.3897E-01   .8513E-01   .6668E+01   .8240E+00     .1634
   .0669   -.989E+00  -.4644E-02   .7223E-01   .4547E+01   .6577E+00     .1492
   .0615   -.107E+01   .2968E-01   .6121E-01   .3096E+01   .4907E+00     .1362
   .0566   -.116E+01   .6400E-01   .5180E-01   .2105E+01   .3232E+00     .1242
   .0520   -.125E+01   .9832E-01   .4380E-01   .1429E+01   .1551E+00     .1133
   .0479   -.136E+01   .1326E+00   .3700E-01   .9698E+00  -.1332E-01     .1033
   .0441   -.147E+01   .1670E+00   .3124E-01   .6574E+00  -.1822E+00     .0941
   .0406   -.159E+01   .2013E+00   .2636E-01   .4454E+00  -.3513E+00     .0858
   .0374   -.172E+01   .2356E+00   .2223E-01   .3015E+00  -.5207E+00     .0782
   .0345   -.186E+01   .2699E+00   .1874E-01   .2040E+00  -.6903E+00     .0712
   .0319   -.201E+01   .3043E+00   .1579E-01   .1380E+00  -.8601E+00     .0648
   .0295   -.218E+01   .3386E+00   .1330E-01   .9332E-01  -.1030E+01     .0591
   .0273   -.236E+01   .3729E+00   .1120E-01   .6309E-01  -.1200E+01     .0538
   .0253   -.255E+01   .4072E+00   .9433E-02   .4263E-01  -.1370E+01     .0490
   .0235   -.276E+01   .4416E+00   .7942E-02   .2881E-01  -.1541E+01     .0446
   .0219   -.299E+01   .4759E+00   .6685E-02   .1946E-01  -.1711E+01     .0406
   .0203   -.324E+01   .5102E+00   .5626E-02   .1314E-01  -.1881E+01     .0370
   .0190   -.350E+01   .5445E+00   .4735E-02   .8877E-02  -.2052E+01     .0337
   .0177   -.379E+01   .5788E+00   .3984E-02   .5994E-02  -.2222E+01     .0306
   .0166   -.410E+01   .6132E+00   .3352E-02   .4048E-02  -.2393E+01     .0279
   .0155   -.444E+01   .6475E+00   .2821E-02   .2733E-02  -.2563E+01     .0254
   .0146   -.481E+01   .6818E+00   .2373E-02   .1845E-02  -.2734E+01     .0231
   .0137   -.520E+01   .7161E+00   .1996E-02   .1246E-02  -.2905E+01     .0210
   .0129   -.563E+01   .7505E+00   .1679E-02   .8409E-03  -.3075E+01     .0192
   .0122   -.609E+01   .7848E+00   .1413E-02   .5676E-03  -.3246E+01     .0174
   .0116   -.659E+01   .8191E+00   .1188E-02   .3832E-03  -.3417E+01     .0159
   .0110   -.714E+01   .8534E+00   .9996E-03   .2586E-03  -.3587E+01     .0144
   .0105   -.772E+01   .8877E+00   .8408E-03   .1746E-03  -.3758E+01     .0132
   .0100   -.836E+01   .9221E+00   .7073E-03   .1178E-03  -.3929E+01     .0120
   .0095   -.904E+01   .9564E+00   .5949E-03   .7953E-04  -.4099E+01     .0109
   .0091   -.979E+01   .9907E+00   .5004E-03   .5368E-04  -.4270E+01     .0099
   .0087   -.106E+02   .1025E+01   .4209E-03   .3623E-04  -.4441E+01     .0090
   .0084   -.115E+02   .1059E+01   .3540E-03   .2445E-04  -.4612E+01     .0082
   .0081   -.124E+02   .1094E+01   .2978E-03   .1651E-04  -.4782E+01     .0075
   .0078   -.134E+02   .1128E+01   .2504E-03   .1114E-04  -.4953E+01     .0068
   .0076   -.145E+02   .1162E+01   .2106E-03   .7519E-05  -.5124E+01     .0062
   .0073   -.157E+02   .1197E+01   .1772E-03   .5075E-05  -.5295E+01     .0056
   .0071   -.170E+02   .1231E+01   .1490E-03   .3425E-05  -.5465E+01     .0051
   .0069   -.184E+02   .1265E+01   .1253E-03   .2312E-05  -.5636E+01     .0047
   .0068   -.199E+02   .1300E+01   .1054E-03   .1560E-05  -.5807E+01     .0043
   .0066   -.216E+02   .1334E+01   .8867E-04   .1053E-05  -.5978E+01     .0039
   .0065   -.233E+02   .1368E+01   .7458E-04   .7106E-06  -.6148E+01     .0035
   .0063   -.253E+02   .1403E+01   .6272E-04   .4796E-06  -.6319E+01     .0032
   .0062   -.273E+02   .1437E+01   .5276E-04   .3237E-06  -.6490E+01     .0029
   .0061   -.296E+02   .1471E+01   .4437E-04   .2185E-06  -.6661E+01     .0027
   .0060   -.320E+02   .1506E+01   .3732E-04   .1474E-06  -.6831E+01     .0024
   .0059   -.347E+02   .1540E+01   .3139E-04   .9952E-07  -.7002E+01     .0022
   .0058   -.375E+02   .1574E+01   .2640E-04   .6716E-07  -.7173E+01     .0020
   .0058   -.406E+02   .1609E+01   .2220E-04   .4533E-07  -.7344E+01     .0018
   .0057   -.439E+02   .1643E+01   .1868E-04   .3059E-07  -.7514E+01     .0017
   .0056   -.476E+02   .1677E+01   .1571E-04   .2065E-07  -.7685E+01     .0015
   .0056   -.515E+02   .1711E+01   .1321E-04   .1394E-07  -.7856E+01     .0014
   .0055   -.557E+02   .1746E+01   .1111E-04   .9405E-08  -.8027E+01     .0013
   .0055   -.603E+02   .1780E+01   .9346E-05   .6348E-08  -.8197E+01     .0011
   .0054   -.652E+02   .1814E+01   .7860E-05   .4284E-08  -.8368E+01     .0010
   .0054   -.706E+02   .1849E+01   .6611E-05   .2891E-08  -.8539E+01     .0009
   .0054   -.764E+02   .1883E+01   .5561E-05   .1951E-08  -.8710E+01     .0009
   .0053   -.827E+02   .1917E+01   .4677E-05   .1317E-08  -.8880E+01     .0008
   .0053   -.895E+02   .1952E+01   .3934E-05   .8889E-09  -.9051E+01     .0007
   .0053   -.968E+02   .1986E+01   .3308E-05   .5999E-09  -.9222E+01     .0006
   .0052   -.105E+03   .2020E+01   .2783E-05   .4049E-09  -.9393E+01     .0006
   .0052   -.113E+03   .2055E+01   .2340E-05   .2733E-09  -.9563E+01     .0005
   .0052   -.123E+03   .2089E+01   .1968E-05   .1844E-09  -.9734E+01     .0005
   .0052   -.133E+03   .2123E+01   .1656E-05   .1245E-09  -.9905E+01     .0004
   .0052   -.144E+03   .2158E+01   .1392E-05   .8401E-10  -.1008E+02     .0004
   .0052   -.156E+03   .2192E+01   .1171E-05   .5670E-10  -.1025E+02     .0004
   .0051   -.168E+03   .2226E+01   .9850E-06   .3826E-10  -.1042E+02     .0003
   .0051   -.182E+03   .2261E+01   .8285E-06   .2583E-10  -.1059E+02     .0003
   .0051   -.197E+03   .2295E+01   .6968E-06   .1743E-10  -.1076E+02     .0003
   .0051   -.213E+03   .2329E+01   .5861E-06   .1176E-10  -.1093E+02     .0003
   .0051   -.231E+03   .2364E+01   .4929E-06   .7939E-11  -.1110E+02     .0002
   .0051   -.250E+03   .2398E+01   .4146E-06   .5358E-11  -.1127E+02     .0002
end
 
   .4400   -.100E+00  -.1000E+01   .1590E-04   .6871E-02  -.2163E+01    1.0000
   .4400   -.108E+00  -.9657E+00   .1623E-04   .6836E-02  -.2165E+01    1.0000
   .4400   -.117E+00  -.9314E+00   .1657E-04   .6801E-02  -.2167E+01    1.0000
   .4400   -.127E+00  -.8970E+00   .1691E-04   .6764E-02  -.2170E+01    1.0000
   .4400   -.137E+00  -.8627E+00   .1726E-04   .6728E-02  -.2172E+01    1.0000
   .4400   -.148E+00  -.8284E+00   .1762E-04   .6690E-02  -.2175E+01    1.0000
   .4400   -.161E+00  -.7941E+00   .1799E-04   .6652E-02  -.2177E+01    1.0000
   .4400   -.174E+00  -.7597E+00   .1836E-04   .6613E-02  -.2180E+01    1.0000
   .4400   -.188E+00  -.7254E+00   .1874E-04   .6573E-02  -.2182E+01    1.0000
   .4400   -.204E+00  -.6911E+00   .1913E-04   .6533E-02  -.2185E+01    1.0000
   .4400   -.220E+00  -.6568E+00   .1953E-04   .6492E-02  -.2188E+01    1.0000
   .4400   -.239E+00  -.6225E+00   .1993E-04   .6450E-02  -.2190E+01    1.0000
   .4400   -.258E+00  -.5881E+00   .2035E-04   .6408E-02  -.2193E+01    1.0000
   .4400   -.279E+00  -.5538E+00   .2077E-04   .6365E-02  -.2196E+01    1.0000
   .4400   -.302E+00  -.5195E+00   .2120E-04   .6321E-02  -.2199E+01    1.0000
   .4400   -.327E+00  -.4852E+00   .2164E-04   .6276E-02  -.2202E+01    1.0000
   .4400   -.354E+00  -.4508E+00   .2209E-04   .6231E-02  -.2205E+01    1.0000
   .4400   -.383E+00  -.4165E+00   .2255E-04   .6185E-02  -.2209E+01    1.0000
   .4400   -.415E+00  -.3822E+00   .2301E-04   .6138E-02  -.2212E+01    1.0000
   .4400   -.449E+00  -.3479E+00   .2349E-04   .6090E-02  -.2215E+01    1.0000
   .4400   -.486E+00  -.3135E+00   .2398E-04   .6041E-02  -.2219E+01    1.0000
   .4400   -.526E+00  -.2792E+00   .2448E-04   .5992E-02  -.2222E+01    1.0000
   .4400   -.569E+00  -.2449E+00   .2498E-04   .5942E-02  -.2226E+01    1.0000
   .4400   -.616E+00  -.2106E+00   .2550E-04   .5891E-02  -.2230E+01    1.0000
   .4400   -.666E+00  -.1763E+00   .2603E-04   .5839E-02  -.2234E+01    1.0000
   .4400   -.721E+00  -.1419E+00   .2657E-04   .5786E-02  -.2238E+01     .9999
   .4400   -.781E+00  -.1076E+00   .2712E-04   .5733E-02  -.2242E+01     .9999
   .4400   -.845E+00  -.7329E-01   .2768E-04   .5679E-02  -.2246E+01     .9999
   .4400   -.914E+00  -.3897E-01   .2826E-04   .5623E-02  -.2250E+01     .9999
   .4400   -.989E+00  -.4644E-02   .2884E-04   .5567E-02  -.2254E+01     .9999
   .4400   -.107E+01   .2968E-01   .2944E-04   .5510E-02  -.2259E+01     .9999
   .4400   -.116E+01   .6400E-01   .3005E-04   .5452E-02  -.2263E+01     .9999
   .4400   -.125E+01   .9832E-01   .3067E-04   .5394E-02  -.2268E+01     .9999
   .4400   -.136E+01   .1326E+00   .3130E-04   .5334E-02  -.2273E+01     .9999
   .4400   -.147E+01   .1670E+00   .3195E-04   .5273E-02  -.2278E+01     .9999
   .4400   -.159E+01   .2013E+00   .3261E-04   .5212E-02  -.2283E+01     .9999
   .4400   -.172E+01   .2356E+00   .3329E-04   .5150E-02  -.2288E+01     .9998
   .4399   -.186E+01   .2699E+00   .3397E-04   .5086E-02  -.2294E+01     .9998
   .4399   -.201E+01   .3043E+00   .3468E-04   .5022E-02  -.2299E+01     .9998
   .4399   -.218E+01   .3386E+00   .3539E-04   .4957E-02  -.2305E+01     .9998
   .4399   -.236E+01   .3729E+00   .3612E-04   .4891E-02  -.2311E+01     .9998
   .4399   -.255E+01   .4072E+00   .3687E-04   .4824E-02  -.2317E+01     .9997
   .4399   -.276E+01   .4416E+00   .3763E-04   .4757E-02  -.2323E+01     .9997
   .4399   -.299E+01   .4759E+00   .3840E-04   .4688E-02  -.2329E+01     .9997
   .4399   -.324E+01   .5102E+00   .3919E-04   .4618E-02  -.2336E+01     .9996
   .4399   -.350E+01   .5445E+00   .3999E-04   .4548E-02  -.2342E+01     .9996
   .4399   -.379E+01   .5788E+00   .4081E-04   .4477E-02  -.2349E+01     .9996
   .4399   -.410E+01   .6132E+00   .4165E-04   .4404E-02  -.2356E+01     .9995
   .4398   -.444E+01   .6475E+00   .4250E-04   .4331E-02  -.2363E+01     .9995
   .4398   -.481E+01   .6818E+00   .4337E-04   .4257E-02  -.2371E+01     .9994
   .4398   -.520E+01   .7161E+00   .4426E-04   .4182E-02  -.2379E+01     .9993
   .4398   -.563E+01   .7505E+00   .4516E-04   .4107E-02  -.2387E+01     .9993
   .4398   -.609E+01   .7848E+00   .4607E-04   .4030E-02  -.2395E+01     .9992
   .4398   -.659E+01   .8191E+00   .4701E-04   .3953E-02  -.2403E+01     .9991
   .4397   -.714E+01   .8534E+00   .4796E-04   .3874E-02  -.2412E+01     .9990
   .4397   -.772E+01   .8877E+00   .4892E-04   .3796E-02  -.2421E+01     .9989
   .4397   -.836E+01   .9221E+00   .4991E-04   .3716E-02  -.2430E+01     .9988
   .4396   -.904E+01   .9564E+00   .5091E-04   .3635E-02  -.2439E+01     .9987
   .4396   -.979E+01   .9907E+00   .5192E-04   .3554E-02  -.2449E+01     .9986
   .4396   -.106E+02   .1025E+01   .5295E-04   .3472E-02  -.2459E+01     .9984
   .4395   -.115E+02   .1059E+01   .5400E-04   .3390E-02  -.2470E+01     .9982
   .4395   -.124E+02   .1094E+01   .5506E-04   .3307E-02  -.2481E+01     .9981
   .4394   -.134E+02   .1128E+01   .5614E-04   .3223E-02  -.2492E+01     .9978
   .4393   -.145E+02   .1162E+01   .5723E-04   .3139E-02  -.2503E+01     .9976
   .4393   -.157E+02   .1197E+01   .5833E-04   .3054E-02  -.2515E+01     .9974
   .4392   -.170E+02   .1231E+01   .5945E-04   .2969E-02  -.2527E+01     .9971
   .4391   -.184E+02   .1265E+01   .6057E-04   .2883E-02  -.2540E+01     .9968
   .4390   -.199E+02   .1300E+01   .6171E-04   .2797E-02  -.2553E+01     .9965
   .4389   -.216E+02   .1334E+01   .6286E-04   .2711E-02  -.2567E+01     .9961
   .4388   -.233E+02   .1368E+01   .6401E-04   .2624E-02  -.2581E+01     .9957
   .4387   -.253E+02   .1403E+01   .6517E-04   .2538E-02  -.2596E+01     .9953
   .4385   -.273E+02   .1437E+01   .6633E-04   .2451E-02  -.2611E+01     .9948
   .4384   -.296E+02   .1471E+01   .6750E-04   .2364E-02  -.2626E+01     .9942
   .4382   -.320E+02   .1506E+01   .6866E-04   .2277E-02  -.2643E+01     .9936
   .4380   -.347E+02   .1540E+01   .6982E-04   .2191E-02  -.2659E+01     .9930
   .4378   -.375E+02   .1574E+01   .7097E-04   .2105E-02  -.2677E+01     .9923
   .4376   -.406E+02   .1609E+01   .7210E-04   .2019E-02  -.2695E+01     .9915
   .4374   -.439E+02   .1643E+01   .7322E-04   .1933E-02  -.2714E+01     .9906
   .4371   -.476E+02   .1677E+01   .7433E-04   .1848E-02  -.2733E+01     .9897
   .4368   -.515E+02   .1711E+01   .7540E-04   .1764E-02  -.2754E+01     .9886
   .4365   -.557E+02   .1746E+01   .7645E-04   .1680E-02  -.2775E+01     .9875
   .4361   -.603E+02   .1780E+01   .7745E-04   .1598E-02  -.2796E+01     .9862
   .4358   -.652E+02   .1814E+01   .7842E-04   .1516E-02  -.2819E+01     .9848
   .4353   -.706E+02   .1849E+01   .7933E-04   .1436E-02  -.2843E+01     .9833
   .4349   -.764E+02   .1883E+01   .8018E-04   .1357E-02  -.2868E+01     .9817
   .4344   -.827E+02   .1917E+01   .8097E-04   .1279E-02  -.2893E+01     .9799
   .4338   -.895E+02   .1952E+01   .8168E-04   .1203E-02  -.2920E+01     .9779
   .4332   -.968E+02   .1986E+01   .8231E-04   .1129E-02  -.2947E+01     .9757
   .4325   -.105E+03   .2020E+01   .8284E-04   .1056E-02  -.2976E+01     .9734
   .4318   -.113E+03   .2055E+01   .8327E-04   .9855E-03  -.3006E+01     .9708
   .4311   -.123E+03   .2089E+01   .8359E-04   .9171E-03  -.3038E+01     .9681
   .4302   -.133E+03   .2123E+01   .8378E-04   .8509E-03  -.3070E+01     .9650
   .4293   -.144E+03   .2158E+01   .8384E-04   .7871E-03  -.3104E+01     .9618
   .4283   -.156E+03   .2192E+01   .8375E-04   .7258E-03  -.3139E+01     .9582
   .4272   -.168E+03   .2226E+01   .8352E-04   .6671E-03  -.3176E+01     .9544
   .4261   -.182E+03   .2261E+01   .8312E-04   .6110E-03  -.3214E+01     .9503
   .4248   -.197E+03   .2295E+01   .8256E-04   .5578E-03  -.3254E+01     .9458
   .4235   -.213E+03   .2329E+01   .8182E-04   .5073E-03  -.3295E+01     .9411
   .4221   -.231E+03   .2364E+01   .8091E-04   .4598E-03  -.3337E+01     .9360
   .4205   -.250E+03   .2398E+01   .7982E-04   .4151E-03  -.3382E+01     .9305
end
