 Water flow to a stream - 1                                              
 
 Program HYDRUS2
 Date:  17. 2.    Time:  13:28:22
 Time independent boundary conditions
 Vertical plane flow, V = L*L
 Units: L = cm   , T = days , M = mmol 


 Time:       .5000

    i    n    x      z    Code     Q          v           h       th       Temp     Conc
                                 [V/T]      [L/T]        [L]     [-]        [C]    [M/L3]

    1    1     .0     .0    1   .780E+01  -.112E+01      400.0   .430     20.00
    2   90 5000.0     .0    1   .156E+02  -.218E+01      200.0   .430     20.00
    3   91 5000.0   14.3    1   .311E+02  -.217E+01      185.7   .430     20.00
    4   92 5000.0   28.6    1   .311E+02  -.218E+01      171.4   .430     20.00
    5   93 5000.0   42.9    1   .312E+02  -.218E+01      157.1   .430     20.00
    6   94 5000.0   57.1    1   .313E+02  -.219E+01      142.9   .430     20.00
    7   95 5000.0   71.4    1   .314E+02  -.220E+01      128.6   .430     20.00
    8   96 5000.0   85.7    1   .315E+02  -.220E+01      114.3   .430     20.00
    9   97 5000.0  100.0    1   .316E+02  -.221E+01      100.0   .430     20.00
   10   98 5000.0  114.3    1   .316E+02  -.221E+01       85.7   .430     20.00
   11   99 5000.0  128.6    1   .316E+02  -.222E+01       71.4   .430     20.00
   12  100 5000.0  142.9    1   .316E+02  -.221E+01       57.1   .430     20.00
   13  101 5000.0  157.1    1   .315E+02  -.221E+01       42.9   .430     20.00
   14  102 5000.0  171.4    1   .313E+02  -.219E+01       28.6   .430     20.00
   15  103 5000.0  185.7    1   .307E+02  -.215E+01       14.3   .430     20.00
   16  104 5000.0  200.0    1   .148E+02  -.207E+01         .0   .430     20.00
   17  119 4791.7  176.0    1  -.101E+03   .148E+02        -.2   .430     20.00
   18  120 4779.8  169.4    1  -.548E+02   .401E+01        6.4   .430     20.00
   19  121 4768.1  162.2    1  -.421E+02   .307E+01       13.5   .430     20.00
   20  122 4756.6  154.8    1  -.353E+02   .256E+01       21.0   .430     20.00
   21  123 4745.1  147.1    1  -.309E+02   .224E+01       28.7   .430     20.00
   22  124 4733.6  139.5    1  -.274E+02   .199E+01       36.2   .430     20.00
   23  125 4722.0  132.2    1  -.243E+02   .178E+01       43.6   .430     20.00
   24  126 4710.2  125.3    1  -.213E+02   .157E+01       50.4   .430     20.00
   25  127 4698.2  119.1    1  -.185E+02   .138E+01       56.6   .430     20.00
   26  128 4685.9  113.8    1  -.157E+02   .117E+01       62.0   .430     20.00
   27  129 4673.3  109.2    1  -.132E+02   .985E+00       66.6   .430     20.00
   28  130 4660.5  105.3    1  -.109E+02   .811E+00       70.5   .430     20.00
   29  131 4647.4  102.2    1  -.895E+01   .662E+00       73.6   .430     20.00
   30  132 4634.0   99.7    1  -.723E+01   .531E+00       76.1   .430     20.00
   31  133 4620.5   97.9    1  -.579E+01   .421E+00       77.9   .430     20.00
   32  134 4606.7   96.6    1  -.465E+01   .335E+00       79.1   .430     20.00
   33  135 4592.8   95.9    1  -.368E+01   .263E+00       79.8   .430     20.00
   34  136 4578.7   95.8    1  -.293E+01   .207E+00       80.0   .430     20.00
   35  137 4564.5   96.1    1  -.234E+01   .164E+00       79.7   .430     20.00
   36  138 4550.2   96.8    1  -.192E+01   .133E+00       79.0   .430     20.00
   37  139 4535.8   97.9    1  -.157E+01   .108E+00       77.9   .430     20.00
   38  140 4521.3   99.4    1  -.135E+01   .928E-01       76.4   .430     20.00
   39  141 4506.8  101.2    1  -.122E+01   .831E-01       74.6   .430     20.00
   40  142 4492.2  103.2    1  -.116E+01   .784E-01       72.6   .430     20.00
   41  143 4477.6  105.5    1  -.115E+01   .779E-01       70.3   .430     20.00
   42  144 4463.0  108.0    1  -.120E+01   .811E-01       67.8   .430     20.00
   43  145 4448.5  110.6    1  -.130E+01   .878E-01       65.2   .430     20.00
   44  146 4434.0  113.3    1  -.143E+01   .973E-01       62.5   .430     20.00
   45  147 4419.6  116.1    1  -.161E+01   .110E+00       59.6   .430     20.00
   46  148 4405.2  119.0    1  -.184E+01   .126E+00       56.8   .430     20.00
   47  149 4391.0  121.8    1  -.210E+01   .145E+00       54.0   .430     20.00
   48  150 4376.9  124.6    1  -.240E+01   .167E+00       51.2   .430     20.00
   49  151 4362.8  127.4    1  -.276E+01   .194E+00       48.4   .430     20.00
   50  152 4348.9  130.2    1  -.316E+01   .223E+00       45.6   .430     20.00
   51  153 4335.0  132.9    1  -.367E+01   .260E+00       42.9   .430     20.00
   52  154 4321.2  135.7    1  -.419E+01   .299E+00       40.1   .430     20.00
   53  155 4307.5  138.4    1  -.481E+01   .344E+00       37.4   .430     20.00
   54  156 4293.8  141.1    1  -.551E+01   .396E+00       34.7   .430     20.00
   55  157 4280.2  143.8    1  -.625E+01   .450E+00       31.9   .430     20.00
   56  158 4266.6  146.6    1  -.725E+01   .523E+00       29.2   .430     20.00
   57  159 4253.0  149.3    1  -.828E+01   .598E+00       26.5   .430     20.00
   58  160 4239.4  152.0    1  -.952E+01   .688E+00       23.7   .430     20.00
   59  161 4225.9  154.8    1  -.110E+02   .792E+00       21.0   .430     20.00
   60  162 4212.3  157.5    1  -.127E+02   .914E+00       18.3   .430     20.00
   61  163 4198.7  160.3    1  -.147E+02   .106E+01       15.5   .430     20.00
   62  164 4185.1  163.0    1  -.173E+02   .125E+01       12.7   .430     20.00
   63  165 4171.5  165.8    1  -.208E+02   .149E+01       10.0   .430     20.00
   64  166 4157.9  168.6    1  -.257E+02   .185E+01        7.2   .430     20.00
   65  167 4144.2  171.4    1  -.339E+02   .243E+01        4.4   .430     20.00
   66  168 4130.5  174.2    1  -.576E+02   .412E+01        1.6   .430     20.00
   67  169 4116.8  177.0    2  -.558E+02   .399E+01         .0   .430     20.00
   68  170 4103.1  179.8    2  -.525E+01   .375E+00         .0   .430     20.00
   69  171 4089.4  182.5   -2   .000E+00   .000E+00        -.9   .429     20.00
   70  172 4075.7  185.3   -2   .000E+00   .000E+00       -2.2   .428     20.00
   71  173 4061.9  188.0   -2   .000E+00   .000E+00       -3.6   .425     20.00
   72  174 4048.2  190.7   -2   .000E+00   .000E+00       -5.2   .421     20.00
   73  175 4034.4  193.4   -2   .000E+00   .000E+00       -6.8   .417     20.00
   74  176 4020.7  196.1   -2   .000E+00   .000E+00       -8.5   .412     20.00
   75  177 4006.9  198.7   -2   .000E+00   .000E+00      -10.1   .407     20.00
   76  178 3993.1  201.3   -2   .000E+00   .000E+00      -11.7   .402     20.00
   77  179 3979.3  203.8   -2   .000E+00   .000E+00      -13.3   .397     20.00
   78  180 3965.6  206.3   -2   .000E+00   .000E+00      -14.9   .392     20.00
   79  181 3951.8  208.8   -2   .000E+00   .000E+00      -16.4   .387     20.00
   80  182 3938.0  211.3   -2   .000E+00   .000E+00      -17.9   .382     20.00
   81  183 3924.2  213.7   -2   .000E+00   .000E+00      -19.4   .377     20.00
   82  184 3910.4  216.0   -2   .000E+00   .000E+00      -20.8   .373     20.00
   83  185 3896.5  218.3   -2   .000E+00   .000E+00      -22.2   .369     20.00
   84  186 3882.7  220.6   -2   .000E+00   .000E+00      -23.7   .364     20.00
   85  187 3868.9  222.9   -2   .000E+00   .000E+00      -25.0   .360     20.00
   86  188 3855.1  225.1   -2   .000E+00   .000E+00      -26.4   .357     20.00
   87  189 3841.3  227.3   -2   .000E+00   .000E+00      -27.7   .353     20.00
   88  190 3827.4  229.5   -2   .000E+00   .000E+00      -29.0   .349     20.00
   89  191 3813.6  231.6   -2   .000E+00   .000E+00      -30.3   .346     20.00
   90  192 3799.8  233.7   -2   .000E+00   .000E+00      -31.5   .343     20.00
   91  193 3785.9  235.7   -2   .000E+00   .000E+00      -32.7   .340     20.00
   92  194 3772.1  237.7   -2   .000E+00   .000E+00      -33.9   .337     20.00
   93  195 3758.2  239.7   -2   .000E+00   .000E+00      -35.0   .334     20.00
   94  196 3744.4  241.7   -2   .000E+00   .000E+00      -36.1   .331     20.00
   95  197 3730.5  243.6   -2   .000E+00   .000E+00      -37.1   .329     20.00
   96  198 3716.6  245.5   -2   .000E+00   .000E+00      -38.2   .326     20.00
   97  199 3702.8  247.3   -2   .000E+00   .000E+00      -39.2   .324     20.00
   98  200 3688.9  249.2   -2   .000E+00   .000E+00      -40.2   .322     20.00
   99  201 3675.0  251.0   -2   .000E+00   .000E+00      -41.2   .320     20.00
  100  202 3661.1  252.7   -2   .000E+00   .000E+00      -42.1   .318     20.00
  101  203 3647.3  254.5   -2   .000E+00   .000E+00      -43.0   .316     20.00
  102  204 3633.4  256.2   -2   .000E+00   .000E+00      -43.9   .314     20.00
  103  205 3619.5  257.8   -2   .000E+00   .000E+00      -44.8   .313     20.00
  104  206 3605.6  259.5   -2   .000E+00   .000E+00      -45.6   .311     20.00
  105  207 3591.7  261.1   -2   .000E+00   .000E+00      -46.4   .309     20.00
  106  208 3577.8  262.7   -2   .000E+00   .000E+00      -47.2   .308     20.00
  107  209 3563.9  264.3   -2   .000E+00   .000E+00      -47.9   .306     20.00
  108  210 3550.0  265.8   -2   .000E+00   .000E+00      -48.7   .305     20.00
  109  211 3536.1  267.3   -2   .000E+00   .000E+00      -49.4   .304     20.00
  110  212 3522.2  268.8   -2   .000E+00   .000E+00      -50.1   .303     20.00
  111  213 3508.2  270.3   -2   .000E+00   .000E+00      -50.8   .302     20.00
  112  214 3494.3  271.7   -2   .000E+00   .000E+00      -51.4   .301     20.00
  113  215 3480.4  273.1   -2   .000E+00   .000E+00      -52.0   .299     20.00
  114  216 3466.5  274.5   -2   .000E+00   .000E+00      -52.6   .298     20.00
  115  217 3452.5  275.9   -2   .000E+00   .000E+00      -53.2   .298     20.00
  116  218 3438.6  277.2   -2   .000E+00   .000E+00      -53.7   .297     20.00
  117  219 3424.7  278.6   -2   .000E+00   .000E+00      -54.2   .296     20.00
  118  220 3410.7  279.8   -2   .000E+00   .000E+00      -54.8   .295     20.00
  119  221 3396.8  281.1   -2   .000E+00   .000E+00      -55.2   .294     20.00
  120  222 3382.9  282.4   -2   .000E+00   .000E+00      -55.7   .293     20.00
  121  223 3368.9  283.6   -2   .000E+00   .000E+00      -56.2   .292     20.00
  122  224 3355.0  284.8   -2   .000E+00   .000E+00      -56.6   .292     20.00
  123  225 3341.0  286.0   -2   .000E+00   .000E+00      -57.0   .291     20.00
  124  226 3327.1  287.1   -2   .000E+00   .000E+00      -57.4   .290     20.00
  125  227 3313.1  288.3   -2   .000E+00   .000E+00      -57.8   .290     20.00
  126  228 3299.1  289.4   -2   .000E+00   .000E+00      -58.1   .289     20.00
  127  229 3285.2  290.5   -2   .000E+00   .000E+00      -58.5   .289     20.00
  128  230 3271.2  291.6   -2   .000E+00   .000E+00      -58.8   .288     20.00
  129  231 3257.2  292.6   -2   .000E+00   .000E+00      -59.1   .288     20.00
  130  232 3243.3  293.7   -2   .000E+00   .000E+00      -59.3   .287     20.00
  131  233 3229.3  294.7   -2   .000E+00   .000E+00      -59.6   .287     20.00
  132  234 3215.3  295.7   -2   .000E+00   .000E+00      -59.8   .286     20.00
  133  235 3201.4  296.7   -2   .000E+00   .000E+00      -60.0   .286     20.00
  134  236 3187.4  297.6   -2   .000E+00   .000E+00      -60.2   .286     20.00
  135  237 3173.4  298.6   -2   .000E+00   .000E+00      -60.4   .286     20.00
  136  342 1702.7  371.9    1   .250E+03  -.357E+02         .0   .430     20.00
  137  343 1688.7  372.7    1   .182E+03  -.130E+02         .0   .430     20.00
  138  344 1674.7  373.6    1   .149E+03  -.107E+02         .0   .430     20.00
  139  345 1660.7  374.5    1   .139E+03  -.991E+01         .0   .430     20.00
  140  346 1646.8  375.3    1   .141E+03  -.101E+02         .0   .430     20.00
  141  347 1632.8  376.2    1   .157E+03  -.112E+02         .0   .430     20.00
  142  348 1618.8  377.1    1   .200E+03  -.143E+02         .0   .430     20.00
  143  349 1604.8  378.0    1   .273E+03  -.389E+02         .0   .430     20.00
  144  464     .0  500.0    1   .109E-01  -.156E-02     -100.0   .243     20.00
  145  465     .0  486.1    1   .336E-01  -.242E-02      -86.1   .255     20.00
  146  466     .0  472.2    1   .570E-01  -.411E-02      -72.2   .270     20.00
  147  467     .0  458.3    1   .108E+00  -.781E-02      -58.3   .289     20.00
  148  468     .0  444.4    1   .228E+00  -.164E-01      -44.4   .313     20.00
  149  469     .0  430.6    1   .596E+00  -.429E-01      -30.6   .345     20.00
  150  470     .0  416.7    1   .209E+01  -.151E+00      -16.7   .386     20.00
  151  471     .0  402.8    1   .833E+01  -.599E+00       -2.8   .427     20.00
  152  472     .0  388.9    1   .143E+02  -.103E+01       11.1   .430     20.00
  153  473     .0  375.0    1   .149E+02  -.107E+01       25.0   .430     20.00
  154  474     .0  361.1    1   .150E+02  -.108E+01       38.9   .430     20.00
  155  475     .0  347.2    1   .151E+02  -.109E+01       52.8   .430     20.00
  156  476     .0  333.3    1   .152E+02  -.110E+01       66.7   .430     20.00
  157  477     .0  319.4    1   .153E+02  -.110E+01       80.6   .430     20.00
  158  478     .0  305.6    1   .153E+02  -.110E+01       94.4   .430     20.00
  159  479     .0  291.7    1   .154E+02  -.111E+01      108.3   .430     20.00
  160  480     .0  277.8    1   .154E+02  -.111E+01      122.2   .430     20.00
  161  481     .0  263.9    1   .154E+02  -.111E+01      136.1   .430     20.00
  162  482     .0  250.0    1   .155E+02  -.111E+01      150.0   .430     20.00
  163  483     .0  236.1    1   .155E+02  -.111E+01      163.9   .430     20.00
  164  484     .0  222.2    1   .155E+02  -.112E+01      177.8   .430     20.00
  165  485     .0  208.3    1   .155E+02  -.112E+01      191.7   .430     20.00
  166  486     .0  194.4    1   .155E+02  -.112E+01      205.6   .430     20.00
  167  487     .0  180.6    1   .155E+02  -.112E+01      219.4   .430     20.00
  168  488     .0  166.7    1   .155E+02  -.112E+01      233.3   .430     20.00
  169  489     .0  152.8    1   .156E+02  -.112E+01      247.2   .430     20.00
  170  490     .0  138.9    1   .156E+02  -.112E+01      261.1   .430     20.00
  171  491     .0  125.0    1   .156E+02  -.112E+01      275.0   .430     20.00
  172  492     .0  111.1    1   .156E+02  -.112E+01      288.9   .430     20.00
  173  493     .0   97.2    1   .156E+02  -.112E+01      302.8   .430     20.00
  174  494     .0   83.3    1   .156E+02  -.112E+01      316.7   .430     20.00
  175  495     .0   69.4    1   .156E+02  -.112E+01      330.6   .430     20.00
  176  496     .0   55.6    1   .156E+02  -.112E+01      344.4   .430     20.00
  177  497     .0   41.7    1   .156E+02  -.112E+01      358.3   .430     20.00
  178  498     .0   27.8    1   .156E+02  -.112E+01      372.2   .430     20.00
  179  499     .0   13.9    1   .156E+02  -.112E+01      386.1   .430     20.00


 Time:      1.0000

    i    n    x      z    Code     Q          v           h       th       Temp     Conc
                                 [V/T]      [L/T]        [L]     [-]        [C]    [M/L3]

    1    1     .0     .0    1   .763E+01  -.110E+01      400.0   .430     20.00
    2   90 5000.0     .0    1   .156E+02  -.218E+01      200.0   .430     20.00
    3   91 5000.0   14.3    1   .311E+02  -.217E+01      185.7   .430     20.00
    4   92 5000.0   28.6    1   .311E+02  -.218E+01      171.4   .430     20.00
    5   93 5000.0   42.9    1   .312E+02  -.218E+01      157.1   .430     20.00
    6   94 5000.0   57.1    1   .313E+02  -.219E+01      142.9   .430     20.00
    7   95 5000.0   71.4    1   .314E+02  -.220E+01      128.6   .430     20.00
    8   96 5000.0   85.7    1   .315E+02  -.220E+01      114.3   .430     20.00
    9   97 5000.0  100.0    1   .316E+02  -.221E+01      100.0   .430     20.00
   10   98 5000.0  114.3    1   .316E+02  -.221E+01       85.7   .430     20.00
   11   99 5000.0  128.6    1   .316E+02  -.222E+01       71.4   .430     20.00
   12  100 5000.0  142.9    1   .316E+02  -.221E+01       57.1   .430     20.00
   13  101 5000.0  157.1    1   .315E+02  -.221E+01       42.9   .430     20.00
   14  102 5000.0  171.4    1   .313E+02  -.219E+01       28.6   .430     20.00
   15  103 5000.0  185.7    1   .307E+02  -.215E+01       14.3   .430     20.00
   16  104 5000.0  200.0    1   .148E+02  -.207E+01         .0   .430     20.00
   17  119 4791.7  176.0    1  -.101E+03   .148E+02        -.2   .430     20.00
   18  120 4779.8  169.4    1  -.548E+02   .401E+01        6.4   .430     20.00
   19  121 4768.1  162.2    1  -.421E+02   .307E+01       13.5   .430     20.00
   20  122 4756.6  154.8    1  -.353E+02   .256E+01       21.0   .430     20.00
   21  123 4745.1  147.1    1  -.309E+02   .224E+01       28.7   .430     20.00
   22  124 4733.6  139.5    1  -.274E+02   .199E+01       36.2   .430     20.00
   23  125 4722.0  132.2    1  -.243E+02   .178E+01       43.6   .430     20.00
   24  126 4710.2  125.3    1  -.213E+02   .157E+01       50.4   .430     20.00
   25  127 4698.2  119.1    1  -.185E+02   .138E+01       56.6   .430     20.00
   26  128 4685.9  113.8    1  -.157E+02   .117E+01       62.0   .430     20.00
   27  129 4673.3  109.2    1  -.132E+02   .985E+00       66.6   .430     20.00
   28  130 4660.5  105.3    1  -.109E+02   .811E+00       70.5   .430     20.00
   29  131 4647.4  102.2    1  -.895E+01   .662E+00       73.6   .430     20.00
   30  132 4634.0   99.7    1  -.723E+01   .531E+00       76.1   .430     20.00
   31  133 4620.5   97.9    1  -.579E+01   .421E+00       77.9   .430     20.00
   32  134 4606.7   96.6    1  -.465E+01   .335E+00       79.1   .430     20.00
   33  135 4592.8   95.9    1  -.368E+01   .263E+00       79.8   .430     20.00
   34  136 4578.7   95.8    1  -.293E+01   .207E+00       80.0   .430     20.00
   35  137 4564.5   96.1    1  -.234E+01   .164E+00       79.7   .430     20.00
   36  138 4550.2   96.8    1  -.192E+01   .133E+00       79.0   .430     20.00
   37  139 4535.8   97.9    1  -.157E+01   .108E+00       77.9   .430     20.00
   38  140 4521.3   99.4    1  -.136E+01   .929E-01       76.4   .430     20.00
   39  141 4506.8  101.2    1  -.122E+01   .832E-01       74.6   .430     20.00
   40  142 4492.2  103.2    1  -.116E+01   .785E-01       72.6   .430     20.00
   41  143 4477.6  105.5    1  -.115E+01   .780E-01       70.3   .430     20.00
   42  144 4463.0  108.0    1  -.120E+01   .812E-01       67.8   .430     20.00
   43  145 4448.5  110.6    1  -.130E+01   .880E-01       65.2   .430     20.00
   44  146 4434.0  113.3    1  -.144E+01   .975E-01       62.5   .430     20.00
   45  147 4419.6  116.1    1  -.162E+01   .110E+00       59.6   .430     20.00
   46  148 4405.2  119.0    1  -.185E+01   .127E+00       56.8   .430     20.00
   47  149 4391.0  121.8    1  -.210E+01   .145E+00       54.0   .430     20.00
   48  150 4376.9  124.6    1  -.241E+01   .168E+00       51.2   .430     20.00
   49  151 4362.8  127.4    1  -.277E+01   .194E+00       48.4   .430     20.00
   50  152 4348.9  130.2    1  -.317E+01   .224E+00       45.6   .430     20.00
   51  153 4335.0  132.9    1  -.368E+01   .261E+00       42.9   .430     20.00
   52  154 4321.2  135.7    1  -.420E+01   .299E+00       40.1   .430     20.00
   53  155 4307.5  138.4    1  -.482E+01   .345E+00       37.4   .430     20.00
   54  156 4293.8  141.1    1  -.553E+01   .397E+00       34.7   .430     20.00
   55  157 4280.2  143.8    1  -.627E+01   .451E+00       31.9   .430     20.00
   56  158 4266.6  146.6    1  -.727E+01   .525E+00       29.2   .430     20.00
   57  159 4253.0  149.3    1  -.830E+01   .600E+00       26.5   .430     20.00
   58  160 4239.4  152.0    1  -.955E+01   .690E+00       23.7   .430     20.00
   59  161 4225.9  154.8    1  -.110E+02   .794E+00       21.0   .430     20.00
   60  162 4212.3  157.5    1  -.127E+02   .917E+00       18.3   .430     20.00
   61  163 4198.7  160.3    1  -.148E+02   .106E+01       15.5   .430     20.00
   62  164 4185.1  163.0    1  -.174E+02   .125E+01       12.7   .430     20.00
   63  165 4171.5  165.8    1  -.208E+02   .150E+01       10.0   .430     20.00
   64  166 4157.9  168.6    1  -.258E+02   .185E+01        7.2   .430     20.00
   65  167 4144.2  171.4    1  -.340E+02   .244E+01        4.4   .430     20.00
   66  168 4130.5  174.2    1  -.577E+02   .413E+01        1.6   .430     20.00
   67  169 4116.8  177.0    2  -.559E+02   .400E+01         .0   .430     20.00
   68  170 4103.1  179.8    2  -.554E+01   .396E+00         .0   .430     20.00
   69  171 4089.4  182.5   -2   .000E+00   .000E+00        -.9   .429     20.00
   70  172 4075.7  185.3   -2   .000E+00   .000E+00       -2.2   .428     20.00
   71  173 4061.9  188.0   -2   .000E+00   .000E+00       -3.6   .425     20.00
   72  174 4048.2  190.7   -2   .000E+00   .000E+00       -5.2   .421     20.00
   73  175 4034.4  193.4   -2   .000E+00   .000E+00       -6.8   .417     20.00
   74  176 4020.7  196.1   -2   .000E+00   .000E+00       -8.5   .412     20.00
   75  177 4006.9  198.7   -2   .000E+00   .000E+00      -10.1   .407     20.00
   76  178 3993.1  201.3   -2   .000E+00   .000E+00      -11.7   .402     20.00
   77  179 3979.3  203.8   -2   .000E+00   .000E+00      -13.3   .397     20.00
   78  180 3965.6  206.3   -2   .000E+00   .000E+00      -14.8   .392     20.00
   79  181 3951.8  208.8   -2   .000E+00   .000E+00      -16.3   .387     20.00
   80  182 3938.0  211.3   -2   .000E+00   .000E+00      -17.8   .382     20.00
   81  183 3924.2  213.7   -2   .000E+00   .000E+00      -19.3   .378     20.00
   82  184 3910.4  216.0   -2   .000E+00   .000E+00      -20.8   .373     20.00
   83  185 3896.5  218.3   -2   .000E+00   .000E+00      -22.2   .369     20.00
   84  186 3882.7  220.6   -2   .000E+00   .000E+00      -23.6   .364     20.00
   85  187 3868.9  222.9   -2   .000E+00   .000E+00      -25.0   .361     20.00
   86  188 3855.1  225.1   -2   .000E+00   .000E+00      -26.3   .357     20.00
   87  189 3841.3  227.3   -2   .000E+00   .000E+00      -27.7   .353     20.00
   88  190 3827.4  229.5   -2   .000E+00   .000E+00      -28.9   .349     20.00
   89  191 3813.6  231.6   -2   .000E+00   .000E+00      -30.2   .346     20.00
   90  192 3799.8  233.7   -2   .000E+00   .000E+00      -31.4   .343     20.00
   91  193 3785.9  235.7   -2   .000E+00   .000E+00      -32.6   .340     20.00
   92  194 3772.1  237.7   -2   .000E+00   .000E+00      -33.8   .337     20.00
   93  195 3758.2  239.7   -2   .000E+00   .000E+00      -34.9   .334     20.00
   94  196 3744.4  241.7   -2   .000E+00   .000E+00      -36.0   .332     20.00
   95  197 3730.5  243.6   -2   .000E+00   .000E+00      -37.0   .329     20.00
   96  198 3716.6  245.5   -2   .000E+00   .000E+00      -38.1   .327     20.00
   97  199 3702.8  247.3   -2   .000E+00   .000E+00      -39.1   .325     20.00
   98  200 3688.9  249.2   -2   .000E+00   .000E+00      -40.1   .322     20.00
   99  201 3675.0  251.0   -2   .000E+00   .000E+00      -41.1   .320     20.00
  100  202 3661.1  252.7   -2   .000E+00   .000E+00      -42.0   .318     20.00
  101  203 3647.3  254.5   -2   .000E+00   .000E+00      -42.9   .317     20.00
  102  204 3633.4  256.2   -2   .000E+00   .000E+00      -43.8   .315     20.00
  103  205 3619.5  257.8   -2   .000E+00   .000E+00      -44.7   .313     20.00
  104  206 3605.6  259.5   -2   .000E+00   .000E+00      -45.5   .311     20.00
  105  207 3591.7  261.1   -2   .000E+00   .000E+00      -46.3   .310     20.00
  106  208 3577.8  262.7   -2   .000E+00   .000E+00      -47.1   .308     20.00
  107  209 3563.9  264.3   -2   .000E+00   .000E+00      -47.8   .307     20.00
  108  210 3550.0  265.8   -2   .000E+00   .000E+00      -48.5   .305     20.00
  109  211 3536.1  267.3   -2   .000E+00   .000E+00      -49.3   .304     20.00
  110  212 3522.2  268.8   -2   .000E+00   .000E+00      -50.0   .303     20.00
  111  213 3508.2  270.3   -2   .000E+00   .000E+00      -50.6   .302     20.00
  112  214 3494.3  271.7   -2   .000E+00   .000E+00      -51.3   .301     20.00
  113  215 3480.4  273.1   -2   .000E+00   .000E+00      -51.9   .300     20.00
  114  216 3466.5  274.5   -2   .000E+00   .000E+00      -52.5   .299     20.00
  115  217 3452.5  275.9   -2   .000E+00   .000E+00      -53.0   .298     20.00
  116  218 3438.6  277.2   -2   .000E+00   .000E+00      -53.6   .297     20.00
  117  219 3424.7  278.6   -2   .000E+00   .000E+00      -54.1   .296     20.00
  118  220 3410.7  279.8   -2   .000E+00   .000E+00      -54.6   .295     20.00
  119  221 3396.8  281.1   -2   .000E+00   .000E+00      -55.1   .294     20.00
  120  222 3382.9  282.4   -2   .000E+00   .000E+00      -55.6   .294     20.00
  121  223 3368.9  283.6   -2   .000E+00   .000E+00      -56.0   .293     20.00
  122  224 3355.0  284.8   -2   .000E+00   .000E+00      -56.5   .292     20.00
  123  225 3341.0  286.0   -2   .000E+00   .000E+00      -56.9   .291     20.00
  124  226 3327.1  287.1   -2   .000E+00   .000E+00      -57.3   .291     20.00
  125  227 3313.1  288.3   -2   .000E+00   .000E+00      -57.6   .290     20.00
  126  228 3299.1  289.4   -2   .000E+00   .000E+00      -58.0   .289     20.00
  127  229 3285.2  290.5   -2   .000E+00   .000E+00      -58.3   .289     20.00
  128  230 3271.2  291.6   -2   .000E+00   .000E+00      -58.6   .288     20.00
  129  231 3257.2  292.6   -2   .000E+00   .000E+00      -58.9   .288     20.00
  130  232 3243.3  293.7   -2   .000E+00   .000E+00      -59.2   .287     20.00
  131  233 3229.3  294.7   -2   .000E+00   .000E+00      -59.4   .287     20.00
  132  234 3215.3  295.7   -2   .000E+00   .000E+00      -59.7   .287     20.00
  133  235 3201.4  296.7   -2   .000E+00   .000E+00      -59.9   .286     20.00
  134  236 3187.4  297.6   -2   .000E+00   .000E+00      -60.0   .286     20.00
  135  237 3173.4  298.6   -2   .000E+00   .000E+00      -60.2   .286     20.00
  136  342 1702.7  371.9    1   .210E+03  -.300E+02         .0   .430     20.00
  137  343 1688.7  372.7    1   .147E+03  -.105E+02         .0   .430     20.00
  138  344 1674.7  373.6    1   .121E+03  -.865E+01         .0   .430     20.00
  139  345 1660.7  374.5    1   .113E+03  -.810E+01         .0   .430     20.00
  140  346 1646.8  375.3    1   .116E+03  -.826E+01         .0   .430     20.00
  141  347 1632.8  376.2    1   .128E+03  -.916E+01         .0   .430     20.00
  142  348 1618.8  377.1    1   .164E+03  -.117E+02         .0   .430     20.00
  143  349 1604.8  378.0    1   .236E+03  -.338E+02         .0   .430     20.00
  144  464     .0  500.0    1   .108E-01  -.156E-02     -100.0   .243     20.00
  145  465     .0  486.1    1   .335E-01  -.241E-02      -86.1   .255     20.00
  146  466     .0  472.2    1   .569E-01  -.410E-02      -72.2   .270     20.00
  147  467     .0  458.3    1   .108E+00  -.779E-02      -58.3   .289     20.00
  148  468     .0  444.4    1   .227E+00  -.164E-01      -44.4   .313     20.00
  149  469     .0  430.6    1   .592E+00  -.426E-01      -30.6   .345     20.00
  150  470     .0  416.7    1   .207E+01  -.149E+00      -16.7   .386     20.00
  151  471     .0  402.8    1   .823E+01  -.593E+00       -2.8   .427     20.00
  152  472     .0  388.9    1   .141E+02  -.102E+01       11.1   .430     20.00
  153  473     .0  375.0    1   .147E+02  -.106E+01       25.0   .430     20.00
  154  474     .0  361.1    1   .148E+02  -.107E+01       38.9   .430     20.00
  155  475     .0  347.2    1   .149E+02  -.107E+01       52.8   .430     20.00
  156  476     .0  333.3    1   .150E+02  -.108E+01       66.7   .430     20.00
  157  477     .0  319.4    1   .150E+02  -.108E+01       80.6   .430     20.00
  158  478     .0  305.6    1   .151E+02  -.109E+01       94.4   .430     20.00
  159  479     .0  291.7    1   .151E+02  -.109E+01      108.3   .430     20.00
  160  480     .0  277.8    1   .151E+02  -.109E+01      122.2   .430     20.00
  161  481     .0  263.9    1   .152E+02  -.109E+01      136.1   .430     20.00
  162  482     .0  250.0    1   .152E+02  -.109E+01      150.0   .430     20.00
  163  483     .0  236.1    1   .152E+02  -.109E+01      163.9   .430     20.00
  164  484     .0  222.2    1   .152E+02  -.109E+01      177.8   .430     20.00
  165  485     .0  208.3    1   .152E+02  -.110E+01      191.7   .430     20.00
  166  486     .0  194.4    1   .152E+02  -.110E+01      205.6   .430     20.00
  167  487     .0  180.6    1   .152E+02  -.110E+01      219.4   .430     20.00
  168  488     .0  166.7    1   .152E+02  -.110E+01      233.3   .430     20.00
  169  489     .0  152.8    1   .152E+02  -.110E+01      247.2   .430     20.00
  170  490     .0  138.9    1   .152E+02  -.110E+01      261.1   .430     20.00
  171  491     .0  125.0    1   .153E+02  -.110E+01      275.0   .430     20.00
  172  492     .0  111.1    1   .153E+02  -.110E+01      288.9   .430     20.00
  173  493     .0   97.2    1   .153E+02  -.110E+01      302.8   .430     20.00
  174  494     .0   83.3    1   .153E+02  -.110E+01      316.7   .430     20.00
  175  495     .0   69.4    1   .153E+02  -.110E+01      330.6   .430     20.00
  176  496     .0   55.6    1   .153E+02  -.110E+01      344.4   .430     20.00
  177  497     .0   41.7    1   .153E+02  -.110E+01      358.3   .430     20.00
  178  498     .0   27.8    1   .153E+02  -.110E+01      372.2   .430     20.00
  179  499     .0   13.9    1   .153E+02  -.110E+01      386.1   .430     20.00


 Time:     10.0000

    i    n    x      z    Code     Q          v           h       th       Temp     Conc
                                 [V/T]      [L/T]        [L]     [-]        [C]    [M/L3]

    1    1     .0     .0    1   .493E+01  -.709E+00      400.0   .430     20.00
    2   90 5000.0     .0    1   .156E+02  -.218E+01      200.0   .430     20.00
    3   91 5000.0   14.3    1   .311E+02  -.217E+01      185.7   .430     20.00
    4   92 5000.0   28.6    1   .311E+02  -.218E+01      171.4   .430     20.00
    5   93 5000.0   42.9    1   .312E+02  -.218E+01      157.1   .430     20.00
    6   94 5000.0   57.1    1   .313E+02  -.219E+01      142.9   .430     20.00
    7   95 5000.0   71.4    1   .314E+02  -.220E+01      128.6   .430     20.00
    8   96 5000.0   85.7    1   .315E+02  -.220E+01      114.3   .430     20.00
    9   97 5000.0  100.0    1   .316E+02  -.221E+01      100.0   .430     20.00
   10   98 5000.0  114.3    1   .316E+02  -.221E+01       85.7   .430     20.00
   11   99 5000.0  128.6    1   .316E+02  -.222E+01       71.4   .430     20.00
   12  100 5000.0  142.9    1   .316E+02  -.221E+01       57.1   .430     20.00
   13  101 5000.0  157.1    1   .315E+02  -.221E+01       42.9   .430     20.00
   14  102 5000.0  171.4    1   .313E+02  -.219E+01       28.6   .430     20.00
   15  103 5000.0  185.7    1   .307E+02  -.215E+01       14.3   .430     20.00
   16  104 5000.0  200.0    1   .148E+02  -.207E+01         .0   .430     20.00
   17  119 4791.7  176.0    1  -.101E+03   .148E+02        -.2   .430     20.00
   18  120 4779.8  169.4    1  -.548E+02   .401E+01        6.4   .430     20.00
   19  121 4768.1  162.2    1  -.421E+02   .307E+01       13.5   .430     20.00
   20  122 4756.6  154.8    1  -.353E+02   .256E+01       21.0   .430     20.00
   21  123 4745.1  147.1    1  -.309E+02   .224E+01       28.7   .430     20.00
   22  124 4733.6  139.5    1  -.274E+02   .199E+01       36.2   .430     20.00
   23  125 4722.0  132.2    1  -.243E+02   .178E+01       43.6   .430     20.00
   24  126 4710.2  125.3    1  -.213E+02   .157E+01       50.4   .430     20.00
   25  127 4698.2  119.1    1  -.185E+02   .138E+01       56.6   .430     20.00
   26  128 4685.9  113.8    1  -.157E+02   .117E+01       62.0   .430     20.00
   27  129 4673.3  109.2    1  -.132E+02   .985E+00       66.6   .430     20.00
   28  130 4660.5  105.3    1  -.109E+02   .811E+00       70.5   .430     20.00
   29  131 4647.4  102.2    1  -.896E+01   .662E+00       73.6   .430     20.00
   30  132 4634.0   99.7    1  -.724E+01   .531E+00       76.1   .430     20.00
   31  133 4620.5   97.9    1  -.580E+01   .422E+00       77.9   .430     20.00
   32  134 4606.7   96.6    1  -.466E+01   .336E+00       79.1   .430     20.00
   33  135 4592.8   95.9    1  -.370E+01   .264E+00       79.8   .430     20.00
   34  136 4578.7   95.8    1  -.295E+01   .209E+00       80.0   .430     20.00
   35  137 4564.5   96.1    1  -.236E+01   .165E+00       79.7   .430     20.00
   36  138 4550.2   96.8    1  -.195E+01   .135E+00       79.0   .430     20.00
   37  139 4535.8   97.9    1  -.160E+01   .111E+00       77.9   .430     20.00
   38  140 4521.3   99.4    1  -.140E+01   .961E-01       76.4   .430     20.00
   39  141 4506.8  101.2    1  -.128E+01   .872E-01       74.6   .430     20.00
   40  142 4492.2  103.2    1  -.123E+01   .834E-01       72.6   .430     20.00
   41  143 4477.6  105.5    1  -.124E+01   .841E-01       70.3   .430     20.00
   42  144 4463.0  108.0    1  -.131E+01   .885E-01       67.8   .430     20.00
   43  145 4448.5  110.6    1  -.143E+01   .968E-01       65.2   .430     20.00
   44  146 4434.0  113.3    1  -.159E+01   .108E+00       62.5   .430     20.00
   45  147 4419.6  116.1    1  -.180E+01   .123E+00       59.6   .430     20.00
   46  148 4405.2  119.0    1  -.206E+01   .142E+00       56.8   .430     20.00
   47  149 4391.0  121.8    1  -.236E+01   .163E+00       54.0   .430     20.00
   48  150 4376.9  124.6    1  -.271E+01   .189E+00       51.2   .430     20.00
   49  151 4362.8  127.4    1  -.311E+01   .218E+00       48.4   .430     20.00
   50  152 4348.9  130.2    1  -.357E+01   .252E+00       45.6   .430     20.00
   51  153 4335.0  132.9    1  -.414E+01   .294E+00       42.9   .430     20.00
   52  154 4321.2  135.7    1  -.473E+01   .337E+00       40.1   .430     20.00
   53  155 4307.5  138.4    1  -.543E+01   .389E+00       37.4   .430     20.00
   54  156 4293.8  141.1    1  -.622E+01   .447E+00       34.7   .430     20.00
   55  157 4280.2  143.8    1  -.706E+01   .508E+00       31.9   .430     20.00
   56  158 4266.6  146.6    1  -.819E+01   .591E+00       29.2   .430     20.00
   57  159 4253.0  149.3    1  -.935E+01   .675E+00       26.5   .430     20.00
   58  160 4239.4  152.0    1  -.107E+02   .777E+00       23.7   .430     20.00
   59  161 4225.9  154.8    1  -.124E+02   .893E+00       21.0   .430     20.00
   60  162 4212.3  157.5    1  -.143E+02   .103E+01       18.3   .430     20.00
   61  163 4198.7  160.3    1  -.166E+02   .120E+01       15.5   .430     20.00
   62  164 4185.1  163.0    1  -.195E+02   .140E+01       12.7   .430     20.00
   63  165 4171.5  165.8    1  -.233E+02   .167E+01       10.0   .430     20.00
   64  166 4157.9  168.6    1  -.287E+02   .206E+01        7.2   .430     20.00
   65  167 4144.2  171.4    1  -.375E+02   .269E+01        4.4   .430     20.00
   66  168 4130.5  174.2    1  -.622E+02   .446E+01        1.6   .430     20.00
   67  169 4116.8  177.0    2  -.624E+02   .447E+01         .0   .430     20.00
   68  170 4103.1  179.8    2  -.190E+02   .136E+01         .0   .430     20.00
   69  171 4089.4  182.5   -2   .000E+00   .000E+00        -.4   .430     20.00
   70  172 4075.7  185.3   -2   .000E+00   .000E+00       -1.3   .429     20.00
   71  173 4061.9  188.0   -2   .000E+00   .000E+00       -2.6   .427     20.00
   72  174 4048.2  190.7   -2   .000E+00   .000E+00       -3.9   .424     20.00
   73  175 4034.4  193.4   -2   .000E+00   .000E+00       -5.3   .421     20.00
   74  176 4020.7  196.1   -2   .000E+00   .000E+00       -6.9   .417     20.00
   75  177 4006.9  198.7   -2   .000E+00   .000E+00       -8.3   .413     20.00
   76  178 3993.1  201.3   -2   .000E+00   .000E+00       -9.8   .408     20.00
   77  179 3979.3  203.8   -2   .000E+00   .000E+00      -11.2   .404     20.00
   78  180 3965.6  206.3   -2   .000E+00   .000E+00      -12.6   .399     20.00
   79  181 3951.8  208.8   -2   .000E+00   .000E+00      -14.0   .395     20.00
   80  182 3938.0  211.3   -2   .000E+00   .000E+00      -15.4   .390     20.00
   81  183 3924.2  213.7   -2   .000E+00   .000E+00      -16.8   .386     20.00
   82  184 3910.4  216.0   -2   .000E+00   .000E+00      -18.1   .381     20.00
   83  185 3896.5  218.3   -2   .000E+00   .000E+00      -19.5   .377     20.00
   84  186 3882.7  220.6   -2   .000E+00   .000E+00      -20.8   .373     20.00
   85  187 3868.9  222.9   -2   .000E+00   .000E+00      -22.0   .369     20.00
   86  188 3855.1  225.1   -2   .000E+00   .000E+00      -23.2   .366     20.00
   87  189 3841.3  227.3   -2   .000E+00   .000E+00      -24.4   .362     20.00
   88  190 3827.4  229.5   -2   .000E+00   .000E+00      -25.6   .359     20.00
   89  191 3813.6  231.6   -2   .000E+00   .000E+00      -26.7   .356     20.00
   90  192 3799.8  233.7   -2   .000E+00   .000E+00      -27.8   .353     20.00
   91  193 3785.9  235.7   -2   .000E+00   .000E+00      -28.9   .349     20.00
   92  194 3772.1  237.7   -2   .000E+00   .000E+00      -30.0   .347     20.00
   93  195 3758.2  239.7   -2   .000E+00   .000E+00      -31.0   .344     20.00
   94  196 3744.4  241.7   -2   .000E+00   .000E+00      -32.0   .342     20.00
   95  197 3730.5  243.6   -2   .000E+00   .000E+00      -33.0   .339     20.00
   96  198 3716.6  245.5   -2   .000E+00   .000E+00      -34.0   .337     20.00
   97  199 3702.8  247.3   -2   .000E+00   .000E+00      -34.9   .334     20.00
   98  200 3688.9  249.2   -2   .000E+00   .000E+00      -35.8   .332     20.00
   99  201 3675.0  251.0   -2   .000E+00   .000E+00      -36.6   .330     20.00
  100  202 3661.1  252.7   -2   .000E+00   .000E+00      -37.4   .328     20.00
  101  203 3647.3  254.5   -2   .000E+00   .000E+00      -38.2   .326     20.00
  102  204 3633.4  256.2   -2   .000E+00   .000E+00      -39.0   .325     20.00
  103  205 3619.5  257.8   -2   .000E+00   .000E+00      -39.8   .323     20.00
  104  206 3605.6  259.5   -2   .000E+00   .000E+00      -40.5   .322     20.00
  105  207 3591.7  261.1   -2   .000E+00   .000E+00      -41.2   .320     20.00
  106  208 3577.8  262.7   -2   .000E+00   .000E+00      -41.9   .319     20.00
  107  209 3563.9  264.3   -2   .000E+00   .000E+00      -42.6   .317     20.00
  108  210 3550.0  265.8   -2   .000E+00   .000E+00      -43.2   .316     20.00
  109  211 3536.1  267.3   -2   .000E+00   .000E+00      -43.8   .315     20.00
  110  212 3522.2  268.8   -2   .000E+00   .000E+00      -44.4   .314     20.00
  111  213 3508.2  270.3   -2   .000E+00   .000E+00      -44.9   .312     20.00
  112  214 3494.3  271.7   -2   .000E+00   .000E+00      -45.5   .311     20.00
  113  215 3480.4  273.1   -2   .000E+00   .000E+00      -46.0   .310     20.00
  114  216 3466.5  274.5   -2   .000E+00   .000E+00      -46.5   .309     20.00
  115  217 3452.5  275.9   -2   .000E+00   .000E+00      -46.9   .308     20.00
  116  218 3438.6  277.2   -2   .000E+00   .000E+00      -47.4   .307     20.00
  117  219 3424.7  278.6   -2   .000E+00   .000E+00      -47.8   .307     20.00
  118  220 3410.7  279.8   -2   .000E+00   .000E+00      -48.2   .306     20.00
  119  221 3396.8  281.1   -2   .000E+00   .000E+00      -48.5   .305     20.00
  120  222 3382.9  282.4   -2   .000E+00   .000E+00      -48.9   .305     20.00
  121  223 3368.9  283.6   -2   .000E+00   .000E+00      -49.2   .304     20.00
  122  224 3355.0  284.8   -2   .000E+00   .000E+00      -49.5   .304     20.00
  123  225 3341.0  286.0   -2   .000E+00   .000E+00      -49.7   .303     20.00
  124  226 3327.1  287.1   -2   .000E+00   .000E+00      -50.0   .303     20.00
  125  227 3313.1  288.3   -2   .000E+00   .000E+00      -50.2   .303     20.00
  126  228 3299.1  289.4   -2   .000E+00   .000E+00      -50.4   .302     20.00
  127  229 3285.2  290.5   -2   .000E+00   .000E+00      -50.6   .302     20.00
  128  230 3271.2  291.6   -2   .000E+00   .000E+00      -50.7   .302     20.00
  129  231 3257.2  292.6   -2   .000E+00   .000E+00      -50.8   .301     20.00
  130  232 3243.3  293.7   -2   .000E+00   .000E+00      -51.0   .301     20.00
  131  233 3229.3  294.7   -2   .000E+00   .000E+00      -51.1   .301     20.00
  132  234 3215.3  295.7   -2   .000E+00   .000E+00      -51.1   .301     20.00
  133  235 3201.4  296.7   -2   .000E+00   .000E+00      -51.2   .301     20.00
  134  236 3187.4  297.6   -2   .000E+00   .000E+00      -51.2   .301     20.00
  135  237 3173.4  298.6   -2   .000E+00   .000E+00      -51.2   .301     20.00
  136  342 1702.7  371.9    1   .910E+02  -.130E+02         .0   .430     20.00
  137  343 1688.7  372.7    1   .567E+02  -.405E+01         .0   .430     20.00
  138  344 1674.7  373.6    1   .477E+02  -.340E+01         .0   .430     20.00
  139  345 1660.7  374.5    1   .457E+02  -.326E+01         .0   .430     20.00
  140  346 1646.8  375.3    1   .477E+02  -.340E+01         .0   .430     20.00
  141  347 1632.8  376.2    1   .539E+02  -.385E+01         .0   .430     20.00
  142  348 1618.8  377.1    1   .702E+02  -.501E+01         .0   .430     20.00
  143  349 1604.8  378.0    1   .124E+03  -.177E+02         .0   .430     20.00
  144  464     .0  500.0    1   .992E-02  -.143E-02     -100.0   .243     20.00
  145  465     .0  486.1    1   .302E-01  -.218E-02      -86.1   .255     20.00
  146  466     .0  472.2    1   .492E-01  -.354E-02      -72.2   .270     20.00
  147  467     .0  458.3    1   .878E-01  -.632E-02      -58.3   .289     20.00
  148  468     .0  444.4    1   .174E+00  -.125E-01      -44.4   .313     20.00
  149  469     .0  430.6    1   .431E+00  -.310E-01      -30.6   .345     20.00
  150  470     .0  416.7    1   .147E+01  -.106E+00      -16.7   .386     20.00
  151  471     .0  402.8    1   .572E+01  -.412E+00       -2.8   .427     20.00
  152  472     .0  388.9    1   .971E+01  -.699E+00       11.1   .430     20.00
  153  473     .0  375.0    1   .100E+02  -.723E+00       25.0   .430     20.00
  154  474     .0  361.1    1   .100E+02  -.722E+00       38.9   .430     20.00
  155  475     .0  347.2    1   .100E+02  -.722E+00       52.8   .430     20.00
  156  476     .0  333.3    1   .100E+02  -.722E+00       66.7   .430     20.00
  157  477     .0  319.4    1   .100E+02  -.722E+00       80.6   .430     20.00
  158  478     .0  305.6    1   .100E+02  -.721E+00       94.4   .430     20.00
  159  479     .0  291.7    1   .100E+02  -.720E+00      108.3   .430     20.00
  160  480     .0  277.8    1   .100E+02  -.720E+00      122.2   .430     20.00
  161  481     .0  263.9    1   .999E+01  -.719E+00      136.1   .430     20.00
  162  482     .0  250.0    1   .997E+01  -.718E+00      150.0   .430     20.00
  163  483     .0  236.1    1   .996E+01  -.717E+00      163.9   .430     20.00
  164  484     .0  222.2    1   .995E+01  -.716E+00      177.8   .430     20.00
  165  485     .0  208.3    1   .994E+01  -.716E+00      191.7   .430     20.00
  166  486     .0  194.4    1   .993E+01  -.715E+00      205.6   .430     20.00
  167  487     .0  180.6    1   .992E+01  -.714E+00      219.4   .430     20.00
  168  488     .0  166.7    1   .991E+01  -.713E+00      233.3   .430     20.00
  169  489     .0  152.8    1   .990E+01  -.713E+00      247.2   .430     20.00
  170  490     .0  138.9    1   .989E+01  -.712E+00      261.1   .430     20.00
  171  491     .0  125.0    1   .988E+01  -.711E+00      275.0   .430     20.00
  172  492     .0  111.1    1   .987E+01  -.711E+00      288.9   .430     20.00
  173  493     .0   97.2    1   .987E+01  -.710E+00      302.8   .430     20.00
  174  494     .0   83.3    1   .986E+01  -.710E+00      316.7   .430     20.00
  175  495     .0   69.4    1   .986E+01  -.710E+00      330.6   .430     20.00
  176  496     .0   55.6    1   .985E+01  -.709E+00      344.4   .430     20.00
  177  497     .0   41.7    1   .985E+01  -.709E+00      358.3   .430     20.00
  178  498     .0   27.8    1   .985E+01  -.709E+00      372.2   .430     20.00
  179  499     .0   13.9    1   .984E+01  -.709E+00      386.1   .430     20.00


 Time:     25.0000

    i    n    x      z    Code     Q          v           h       th       Temp     Conc
                                 [V/T]      [L/T]        [L]     [-]        [C]    [M/L3]

    1    1     .0     .0    1   .352E+01  -.507E+00      400.0   .430     20.00
    2   90 5000.0     .0    1   .156E+02  -.218E+01      200.0   .430     20.00
    3   91 5000.0   14.3    1   .311E+02  -.217E+01      185.7   .430     20.00
    4   92 5000.0   28.6    1   .311E+02  -.218E+01      171.4   .430     20.00
    5   93 5000.0   42.9    1   .312E+02  -.218E+01      157.1   .430     20.00
    6   94 5000.0   57.1    1   .313E+02  -.219E+01      142.9   .430     20.00
    7   95 5000.0   71.4    1   .314E+02  -.220E+01      128.6   .430     20.00
    8   96 5000.0   85.7    1   .315E+02  -.220E+01      114.3   .430     20.00
    9   97 5000.0  100.0    1   .316E+02  -.221E+01      100.0   .430     20.00
   10   98 5000.0  114.3    1   .316E+02  -.221E+01       85.7   .430     20.00
   11   99 5000.0  128.6    1   .316E+02  -.222E+01       71.4   .430     20.00
   12  100 5000.0  142.9    1   .316E+02  -.221E+01       57.1   .430     20.00
   13  101 5000.0  157.1    1   .315E+02  -.221E+01       42.9   .430     20.00
   14  102 5000.0  171.4    1   .313E+02  -.219E+01       28.6   .430     20.00
   15  103 5000.0  185.7    1   .307E+02  -.215E+01       14.3   .430     20.00
   16  104 5000.0  200.0    1   .148E+02  -.207E+01         .0   .430     20.00
   17  119 4791.7  176.0    1  -.101E+03   .148E+02        -.2   .430     20.00
   18  120 4779.8  169.4    1  -.548E+02   .401E+01        6.4   .430     20.00
   19  121 4768.1  162.2    1  -.421E+02   .307E+01       13.5   .430     20.00
   20  122 4756.6  154.8    1  -.353E+02   .256E+01       21.0   .430     20.00
   21  123 4745.1  147.1    1  -.309E+02   .224E+01       28.7   .430     20.00
   22  124 4733.6  139.5    1  -.274E+02   .199E+01       36.2   .430     20.00
   23  125 4722.0  132.2    1  -.243E+02   .178E+01       43.6   .430     20.00
   24  126 4710.2  125.3    1  -.213E+02   .157E+01       50.4   .430     20.00
   25  127 4698.2  119.1    1  -.185E+02   .138E+01       56.6   .430     20.00
   26  128 4685.9  113.8    1  -.157E+02   .117E+01       62.0   .430     20.00
   27  129 4673.3  109.2    1  -.132E+02   .986E+00       66.6   .430     20.00
   28  130 4660.5  105.3    1  -.109E+02   .812E+00       70.5   .430     20.00
   29  131 4647.4  102.2    1  -.897E+01   .663E+00       73.6   .430     20.00
   30  132 4634.0   99.7    1  -.725E+01   .532E+00       76.1   .430     20.00
   31  133 4620.5   97.9    1  -.582E+01   .423E+00       77.9   .430     20.00
   32  134 4606.7   96.6    1  -.468E+01   .337E+00       79.1   .430     20.00
   33  135 4592.8   95.9    1  -.372E+01   .266E+00       79.8   .430     20.00
   34  136 4578.7   95.8    1  -.298E+01   .211E+00       80.0   .430     20.00
   35  137 4564.5   96.1    1  -.240E+01   .168E+00       79.7   .430     20.00
   36  138 4550.2   96.8    1  -.200E+01   .139E+00       79.0   .430     20.00
   37  139 4535.8   97.9    1  -.168E+01   .116E+00       77.9   .430     20.00
   38  140 4521.3   99.4    1  -.149E+01   .102E+00       76.4   .430     20.00
   39  141 4506.8  101.2    1  -.139E+01   .949E-01       74.6   .430     20.00
   40  142 4492.2  103.2    1  -.137E+01   .929E-01       72.6   .430     20.00
   41  143 4477.6  105.5    1  -.142E+01   .959E-01       70.3   .430     20.00
   42  144 4463.0  108.0    1  -.152E+01   .103E+00       67.8   .430     20.00
   43  145 4448.5  110.6    1  -.168E+01   .114E+00       65.2   .430     20.00
   44  146 4434.0  113.3    1  -.189E+01   .129E+00       62.5   .430     20.00
   45  147 4419.6  116.1    1  -.216E+01   .147E+00       59.6   .430     20.00
   46  148 4405.2  119.0    1  -.249E+01   .171E+00       56.8   .430     20.00
   47  149 4391.0  121.8    1  -.285E+01   .197E+00       54.0   .430     20.00
   48  150 4376.9  124.6    1  -.328E+01   .229E+00       51.2   .430     20.00
   49  151 4362.8  127.4    1  -.378E+01   .265E+00       48.4   .430     20.00
   50  152 4348.9  130.2    1  -.434E+01   .306E+00       45.6   .430     20.00
   51  153 4335.0  132.9    1  -.504E+01   .358E+00       42.9   .430     20.00
   52  154 4321.2  135.7    1  -.576E+01   .411E+00       40.1   .430     20.00
   53  155 4307.5  138.4    1  -.662E+01   .474E+00       37.4   .430     20.00
   54  156 4293.8  141.1    1  -.758E+01   .544E+00       34.7   .430     20.00
   55  157 4280.2  143.8    1  -.860E+01   .619E+00       31.9   .430     20.00
   56  158 4266.6  146.6    1  -.997E+01   .719E+00       29.2   .430     20.00
   57  159 4253.0  149.3    1  -.114E+02   .822E+00       26.5   .430     20.00
   58  160 4239.4  152.0    1  -.131E+02   .944E+00       23.7   .430     20.00
   59  161 4225.9  154.8    1  -.150E+02   .109E+01       21.0   .430     20.00
   60  162 4212.3  157.5    1  -.173E+02   .125E+01       18.3   .430     20.00
   61  163 4198.7  160.3    1  -.201E+02   .145E+01       15.5   .430     20.00
   62  164 4185.1  163.0    1  -.235E+02   .169E+01       12.7   .430     20.00
   63  165 4171.5  165.8    1  -.280E+02   .201E+01       10.0   .430     20.00
   64  166 4157.9  168.6    1  -.342E+02   .246E+01        7.2   .430     20.00
   65  167 4144.2  171.4    1  -.441E+02   .316E+01        4.4   .430     20.00
   66  168 4130.5  174.2    1  -.704E+02   .504E+01        1.6   .430     20.00
   67  169 4116.8  177.0    2  -.733E+02   .525E+01         .0   .430     20.00
   68  170 4103.1  179.8    2  -.382E+02   .273E+01         .0   .430     20.00
   69  171 4089.4  182.5    2  -.207E+02   .148E+01         .0   .430     20.00
   70  172 4075.7  185.3   -2   .000E+00   .000E+00         .0   .430     20.00
   71  173 4061.9  188.0   -2   .000E+00   .000E+00        -.7   .430     20.00
   72  174 4048.2  190.7   -2   .000E+00   .000E+00       -1.6   .429     20.00
   73  175 4034.4  193.4   -2   .000E+00   .000E+00       -2.5   .427     20.00
   74  176 4020.7  196.1   -2   .000E+00   .000E+00       -3.6   .425     20.00
   75  177 4006.9  198.7   -2   .000E+00   .000E+00       -4.7   .422     20.00
   76  178 3993.1  201.3   -2   .000E+00   .000E+00       -5.9   .419     20.00
   77  179 3979.3  203.8   -2   .000E+00   .000E+00       -7.1   .416     20.00
   78  180 3965.6  206.3   -2   .000E+00   .000E+00       -8.3   .413     20.00
   79  181 3951.8  208.8   -2   .000E+00   .000E+00       -9.3   .409     20.00
   80  182 3938.0  211.3   -2   .000E+00   .000E+00      -10.5   .406     20.00
   81  183 3924.2  213.7   -2   .000E+00   .000E+00      -11.6   .402     20.00
   82  184 3910.4  216.0   -2   .000E+00   .000E+00      -12.6   .399     20.00
   83  185 3896.5  218.3   -2   .000E+00   .000E+00      -13.6   .396     20.00
   84  186 3882.7  220.6   -2   .000E+00   .000E+00      -14.6   .393     20.00
   85  187 3868.9  222.9   -2   .000E+00   .000E+00      -15.5   .390     20.00
   86  188 3855.1  225.1   -2   .000E+00   .000E+00      -16.5   .387     20.00
   87  189 3841.3  227.3   -2   .000E+00   .000E+00      -17.5   .383     20.00
   88  190 3827.4  229.5   -2   .000E+00   .000E+00      -18.4   .380     20.00
   89  191 3813.6  231.6   -2   .000E+00   .000E+00      -19.3   .378     20.00
   90  192 3799.8  233.7   -2   .000E+00   .000E+00      -20.2   .375     20.00
   91  193 3785.9  235.7   -2   .000E+00   .000E+00      -21.0   .372     20.00
   92  194 3772.1  237.7   -2   .000E+00   .000E+00      -21.8   .370     20.00
   93  195 3758.2  239.7   -2   .000E+00   .000E+00      -22.6   .367     20.00
   94  196 3744.4  241.7   -2   .000E+00   .000E+00      -23.4   .365     20.00
   95  197 3730.5  243.6   -2   .000E+00   .000E+00      -24.1   .363     20.00
   96  198 3716.6  245.5   -2   .000E+00   .000E+00      -24.8   .361     20.00
   97  199 3702.8  247.3   -2   .000E+00   .000E+00      -25.4   .359     20.00
   98  200 3688.9  249.2   -2   .000E+00   .000E+00      -26.1   .357     20.00
   99  201 3675.0  251.0   -2   .000E+00   .000E+00      -26.7   .356     20.00
  100  202 3661.1  252.7   -2   .000E+00   .000E+00      -27.3   .354     20.00
  101  203 3647.3  254.5   -2   .000E+00   .000E+00      -27.9   .352     20.00
  102  204 3633.4  256.2   -2   .000E+00   .000E+00      -28.5   .351     20.00
  103  205 3619.5  257.8   -2   .000E+00   .000E+00      -29.0   .349     20.00
  104  206 3605.6  259.5   -2   .000E+00   .000E+00      -29.5   .348     20.00
  105  207 3591.7  261.1   -2   .000E+00   .000E+00      -30.0   .346     20.00
  106  208 3577.8  262.7   -2   .000E+00   .000E+00      -30.5   .345     20.00
  107  209 3563.9  264.3   -2   .000E+00   .000E+00      -31.0   .344     20.00
  108  210 3550.0  265.8   -2   .000E+00   .000E+00      -31.3   .343     20.00
  109  211 3536.1  267.3   -2   .000E+00   .000E+00      -31.7   .342     20.00
  110  212 3522.2  268.8   -2   .000E+00   .000E+00      -32.1   .341     20.00
  111  213 3508.2  270.3   -2   .000E+00   .000E+00      -32.4   .340     20.00
  112  214 3494.3  271.7   -2   .000E+00   .000E+00      -32.7   .340     20.00
  113  215 3480.4  273.1   -2   .000E+00   .000E+00      -33.1   .339     20.00
  114  216 3466.5  274.5   -2   .000E+00   .000E+00      -33.4   .338     20.00
  115  217 3452.5  275.9   -2   .000E+00   .000E+00      -33.6   .337     20.00
  116  218 3438.6  277.2   -2   .000E+00   .000E+00      -33.9   .337     20.00
  117  219 3424.7  278.6   -2   .000E+00   .000E+00      -34.1   .336     20.00
  118  220 3410.7  279.8   -2   .000E+00   .000E+00      -34.3   .336     20.00
  119  221 3396.8  281.1   -2   .000E+00   .000E+00      -34.5   .335     20.00
  120  222 3382.9  282.4   -2   .000E+00   .000E+00      -34.6   .335     20.00
  121  223 3368.9  283.6   -2   .000E+00   .000E+00      -34.8   .335     20.00
  122  224 3355.0  284.8   -2   .000E+00   .000E+00      -34.9   .334     20.00
  123  225 3341.0  286.0   -2   .000E+00   .000E+00      -35.0   .334     20.00
  124  226 3327.1  287.1   -2   .000E+00   .000E+00      -35.1   .334     20.00
  125  227 3313.1  288.3   -2   .000E+00   .000E+00      -35.1   .334     20.00
  126  228 3299.1  289.4   -2   .000E+00   .000E+00      -35.1   .334     20.00
  127  229 3285.2  290.5   -2   .000E+00   .000E+00      -35.2   .334     20.00
  128  230 3271.2  291.6   -2   .000E+00   .000E+00      -35.1   .334     20.00
  129  231 3257.2  292.6   -2   .000E+00   .000E+00      -35.1   .334     20.00
  130  232 3243.3  293.7   -2   .000E+00   .000E+00      -35.1   .334     20.00
  131  233 3229.3  294.7   -2   .000E+00   .000E+00      -35.0   .334     20.00
  132  234 3215.3  295.7   -2   .000E+00   .000E+00      -35.0   .334     20.00
  133  235 3201.4  296.7   -2   .000E+00   .000E+00      -34.9   .334     20.00
  134  236 3187.4  297.6   -2   .000E+00   .000E+00      -34.8   .335     20.00
  135  237 3173.4  298.6   -2   .000E+00   .000E+00      -34.7   .335     20.00
  136  342 1702.7  371.9    1   .572E+02  -.817E+01         .0   .430     20.00
  137  343 1688.7  372.7    1   .364E+02  -.260E+01         .0   .430     20.00
  138  344 1674.7  373.6    1   .316E+02  -.225E+01         .0   .430     20.00
  139  345 1660.7  374.5    1   .311E+02  -.222E+01         .0   .430     20.00
  140  346 1646.8  375.3    1   .333E+02  -.238E+01         .0   .430     20.00
  141  347 1632.8  376.2    1   .386E+02  -.276E+01         .0   .430     20.00
  142  348 1618.8  377.1    1   .516E+02  -.368E+01         .0   .430     20.00
  143  349 1604.8  378.0    1   .936E+02  -.134E+02         .0   .430     20.00
  144  464     .0  500.0    1   .701E-02  -.101E-02     -100.0   .243     20.00
  145  465     .0  486.1    1   .211E-01  -.152E-02      -86.1   .255     20.00
  146  466     .0  472.2    1   .337E-01  -.243E-02      -72.2   .270     20.00
  147  467     .0  458.3    1   .596E-01  -.429E-02      -58.3   .289     20.00
  148  468     .0  444.4    1   .119E+00  -.856E-02      -44.4   .313     20.00
  149  469     .0  430.6    1   .299E+00  -.215E-01      -30.6   .345     20.00
  150  470     .0  416.7    1   .103E+01  -.744E-01      -16.7   .386     20.00
  151  471     .0  402.8    1   .402E+01  -.289E+00       -2.8   .427     20.00
  152  472     .0  388.9    1   .681E+01  -.490E+00       11.1   .430     20.00
  153  473     .0  375.0    1   .703E+01  -.506E+00       25.0   .430     20.00
  154  474     .0  361.1    1   .703E+01  -.506E+00       38.9   .430     20.00
  155  475     .0  347.2    1   .704E+01  -.507E+00       52.8   .430     20.00
  156  476     .0  333.3    1   .704E+01  -.507E+00       66.7   .430     20.00
  157  477     .0  319.4    1   .705E+01  -.507E+00       80.6   .430     20.00
  158  478     .0  305.6    1   .705E+01  -.508E+00       94.4   .430     20.00
  159  479     .0  291.7    1   .705E+01  -.508E+00      108.3   .430     20.00
  160  480     .0  277.8    1   .705E+01  -.508E+00      122.2   .430     20.00
  161  481     .0  263.9    1   .705E+01  -.508E+00      136.1   .430     20.00
  162  482     .0  250.0    1   .705E+01  -.508E+00      150.0   .430     20.00
  163  483     .0  236.1    1   .705E+01  -.508E+00      163.9   .430     20.00
  164  484     .0  222.2    1   .705E+01  -.508E+00      177.8   .430     20.00
  165  485     .0  208.3    1   .705E+01  -.508E+00      191.7   .430     20.00
  166  486     .0  194.4    1   .705E+01  -.508E+00      205.6   .430     20.00
  167  487     .0  180.6    1   .705E+01  -.507E+00      219.4   .430     20.00
  168  488     .0  166.7    1   .705E+01  -.507E+00      233.3   .430     20.00
  169  489     .0  152.8    1   .705E+01  -.507E+00      247.2   .430     20.00
  170  490     .0  138.9    1   .705E+01  -.507E+00      261.1   .430     20.00
  171  491     .0  125.0    1   .704E+01  -.507E+00      275.0   .430     20.00
  172  492     .0  111.1    1   .704E+01  -.507E+00      288.9   .430     20.00
  173  493     .0   97.2    1   .704E+01  -.507E+00      302.8   .430     20.00
  174  494     .0   83.3    1   .704E+01  -.507E+00      316.7   .430     20.00
  175  495     .0   69.4    1   .704E+01  -.507E+00      330.6   .430     20.00
  176  496     .0   55.6    1   .704E+01  -.507E+00      344.4   .430     20.00
  177  497     .0   41.7    1   .704E+01  -.507E+00      358.3   .430     20.00
  178  498     .0   27.8    1   .704E+01  -.507E+00      372.2   .430     20.00
  179  499     .0   13.9    1   .704E+01  -.507E+00      386.1   .430     20.00


 Time:     50.0000

    i    n    x      z    Code     Q          v           h       th       Temp     Conc
                                 [V/T]      [L/T]        [L]     [-]        [C]    [M/L3]

    1    1     .0     .0    1   .324E+01  -.467E+00      400.0   .430     20.00
    2   90 5000.0     .0    1   .156E+02  -.218E+01      200.0   .430     20.00
    3   91 5000.0   14.3    1   .311E+02  -.217E+01      185.7   .430     20.00
    4   92 5000.0   28.6    1   .311E+02  -.218E+01      171.4   .430     20.00
    5   93 5000.0   42.9    1   .312E+02  -.218E+01      157.1   .430     20.00
    6   94 5000.0   57.1    1   .313E+02  -.219E+01      142.9   .430     20.00
    7   95 5000.0   71.4    1   .314E+02  -.220E+01      128.6   .430     20.00
    8   96 5000.0   85.7    1   .315E+02  -.220E+01      114.3   .430     20.00
    9   97 5000.0  100.0    1   .316E+02  -.221E+01      100.0   .430     20.00
   10   98 5000.0  114.3    1   .316E+02  -.221E+01       85.7   .430     20.00
   11   99 5000.0  128.6    1   .316E+02  -.222E+01       71.4   .430     20.00
   12  100 5000.0  142.9    1   .316E+02  -.221E+01       57.1   .430     20.00
   13  101 5000.0  157.1    1   .315E+02  -.221E+01       42.9   .430     20.00
   14  102 5000.0  171.4    1   .313E+02  -.219E+01       28.6   .430     20.00
   15  103 5000.0  185.7    1   .307E+02  -.215E+01       14.3   .430     20.00
   16  104 5000.0  200.0    1   .148E+02  -.207E+01         .0   .430     20.00
   17  119 4791.7  176.0    1  -.101E+03   .148E+02        -.2   .430     20.00
   18  120 4779.8  169.4    1  -.548E+02   .401E+01        6.4   .430     20.00
   19  121 4768.1  162.2    1  -.421E+02   .307E+01       13.5   .430     20.00
   20  122 4756.6  154.8    1  -.353E+02   .256E+01       21.0   .430     20.00
   21  123 4745.1  147.1    1  -.309E+02   .224E+01       28.7   .430     20.00
   22  124 4733.6  139.5    1  -.274E+02   .199E+01       36.2   .430     20.00
   23  125 4722.0  132.2    1  -.243E+02   .178E+01       43.6   .430     20.00
   24  126 4710.2  125.3    1  -.213E+02   .157E+01       50.4   .430     20.00
   25  127 4698.2  119.1    1  -.185E+02   .138E+01       56.6   .430     20.00
   26  128 4685.9  113.8    1  -.157E+02   .117E+01       62.0   .430     20.00
   27  129 4673.3  109.2    1  -.132E+02   .986E+00       66.6   .430     20.00
   28  130 4660.5  105.3    1  -.109E+02   .812E+00       70.5   .430     20.00
   29  131 4647.4  102.2    1  -.897E+01   .663E+00       73.6   .430     20.00
   30  132 4634.0   99.7    1  -.726E+01   .533E+00       76.1   .430     20.00
   31  133 4620.5   97.9    1  -.582E+01   .424E+00       77.9   .430     20.00
   32  134 4606.7   96.6    1  -.469E+01   .338E+00       79.1   .430     20.00
   33  135 4592.8   95.9    1  -.373E+01   .266E+00       79.8   .430     20.00
   34  136 4578.7   95.8    1  -.300E+01   .212E+00       80.0   .430     20.00
   35  137 4564.5   96.1    1  -.242E+01   .170E+00       79.7   .430     20.00
   36  138 4550.2   96.8    1  -.202E+01   .141E+00       79.0   .430     20.00
   37  139 4535.8   97.9    1  -.170E+01   .117E+00       77.9   .430     20.00
   38  140 4521.3   99.4    1  -.153E+01   .104E+00       76.4   .430     20.00
   39  141 4506.8  101.2    1  -.143E+01   .976E-01       74.6   .430     20.00
   40  142 4492.2  103.2    1  -.142E+01   .961E-01       72.6   .430     20.00
   41  143 4477.6  105.5    1  -.148E+01   .999E-01       70.3   .430     20.00
   42  144 4463.0  108.0    1  -.159E+01   .108E+00       67.8   .430     20.00
   43  145 4448.5  110.6    1  -.177E+01   .120E+00       65.2   .430     20.00
   44  146 4434.0  113.3    1  -.200E+01   .136E+00       62.5   .430     20.00
   45  147 4419.6  116.1    1  -.228E+01   .156E+00       59.6   .430     20.00
   46  148 4405.2  119.0    1  -.264E+01   .181E+00       56.8   .430     20.00
   47  149 4391.0  121.8    1  -.302E+01   .209E+00       54.0   .430     20.00
   48  150 4376.9  124.6    1  -.348E+01   .242E+00       51.2   .430     20.00
   49  151 4362.8  127.4    1  -.401E+01   .281E+00       48.4   .430     20.00
   50  152 4348.9  130.2    1  -.460E+01   .325E+00       45.6   .430     20.00
   51  153 4335.0  132.9    1  -.535E+01   .379E+00       42.9   .430     20.00
   52  154 4321.2  135.7    1  -.612E+01   .436E+00       40.1   .430     20.00
   53  155 4307.5  138.4    1  -.702E+01   .503E+00       37.4   .430     20.00
   54  156 4293.8  141.1    1  -.805E+01   .578E+00       34.7   .430     20.00
   55  157 4280.2  143.8    1  -.913E+01   .657E+00       31.9   .430     20.00
   56  158 4266.6  146.6    1  -.106E+02   .763E+00       29.2   .430     20.00
   57  159 4253.0  149.3    1  -.121E+02   .872E+00       26.5   .430     20.00
   58  160 4239.4  152.0    1  -.139E+02   .100E+01       23.7   .430     20.00
   59  161 4225.9  154.8    1  -.159E+02   .115E+01       21.0   .430     20.00
   60  162 4212.3  157.5    1  -.183E+02   .132E+01       18.3   .430     20.00
   61  163 4198.7  160.3    1  -.212E+02   .153E+01       15.5   .430     20.00
   62  164 4185.1  163.0    1  -.249E+02   .179E+01       12.7   .430     20.00
   63  165 4171.5  165.8    1  -.295E+02   .212E+01       10.0   .430     20.00
   64  166 4157.9  168.6    1  -.360E+02   .259E+01        7.2   .430     20.00
   65  167 4144.2  171.4    1  -.462E+02   .331E+01        4.4   .430     20.00
   66  168 4130.5  174.2    1  -.729E+02   .522E+01        1.6   .430     20.00
   67  169 4116.8  177.0    2  -.764E+02   .546E+01         .0   .430     20.00
   68  170 4103.1  179.8    2  -.421E+02   .301E+01         .0   .430     20.00
   69  171 4089.4  182.5    2  -.266E+02   .190E+01         .0   .430     20.00
   70  172 4075.7  185.3    2  -.111E+02   .796E+00         .0   .430     20.00
   71  173 4061.9  188.0   -2   .000E+00   .000E+00        -.2   .430     20.00
   72  174 4048.2  190.7   -2   .000E+00   .000E+00        -.9   .429     20.00
   73  175 4034.4  193.4   -2   .000E+00   .000E+00       -1.7   .428     20.00
   74  176 4020.7  196.1   -2   .000E+00   .000E+00       -2.5   .427     20.00
   75  177 4006.9  198.7   -2   .000E+00   .000E+00       -3.5   .425     20.00
   76  178 3993.1  201.3   -2   .000E+00   .000E+00       -4.5   .423     20.00
   77  179 3979.3  203.8   -2   .000E+00   .000E+00       -5.5   .420     20.00
   78  180 3965.6  206.3   -2   .000E+00   .000E+00       -6.6   .417     20.00
   79  181 3951.8  208.8   -2   .000E+00   .000E+00       -7.6   .415     20.00
   80  182 3938.0  211.3   -2   .000E+00   .000E+00       -8.6   .412     20.00
   81  183 3924.2  213.7   -2   .000E+00   .000E+00       -9.5   .409     20.00
   82  184 3910.4  216.0   -2   .000E+00   .000E+00      -10.4   .406     20.00
   83  185 3896.5  218.3   -2   .000E+00   .000E+00      -11.3   .403     20.00
   84  186 3882.7  220.6   -2   .000E+00   .000E+00      -12.2   .400     20.00
   85  187 3868.9  222.9   -2   .000E+00   .000E+00      -13.2   .397     20.00
   86  188 3855.1  225.1   -2   .000E+00   .000E+00      -14.1   .394     20.00
   87  189 3841.3  227.3   -2   .000E+00   .000E+00      -14.9   .392     20.00
   88  190 3827.4  229.5   -2   .000E+00   .000E+00      -15.7   .389     20.00
   89  191 3813.6  231.6   -2   .000E+00   .000E+00      -16.5   .386     20.00
   90  192 3799.8  233.7   -2   .000E+00   .000E+00      -17.3   .384     20.00
   91  193 3785.9  235.7   -2   .000E+00   .000E+00      -18.1   .381     20.00
   92  194 3772.1  237.7   -2   .000E+00   .000E+00      -18.8   .379     20.00
   93  195 3758.2  239.7   -2   .000E+00   .000E+00      -19.5   .377     20.00
   94  196 3744.4  241.7   -2   .000E+00   .000E+00      -20.1   .375     20.00
   95  197 3730.5  243.6   -2   .000E+00   .000E+00      -20.8   .373     20.00
   96  198 3716.6  245.5   -2   .000E+00   .000E+00      -21.4   .371     20.00
   97  199 3702.8  247.3   -2   .000E+00   .000E+00      -22.0   .369     20.00
   98  200 3688.9  249.2   -2   .000E+00   .000E+00      -22.6   .368     20.00
   99  201 3675.0  251.0   -2   .000E+00   .000E+00      -23.1   .366     20.00
  100  202 3661.1  252.7   -2   .000E+00   .000E+00      -23.6   .364     20.00
  101  203 3647.3  254.5   -2   .000E+00   .000E+00      -24.1   .363     20.00
  102  204 3633.4  256.2   -2   .000E+00   .000E+00      -24.6   .362     20.00
  103  205 3619.5  257.8   -2   .000E+00   .000E+00      -25.1   .360     20.00
  104  206 3605.6  259.5   -2   .000E+00   .000E+00      -25.5   .359     20.00
  105  207 3591.7  261.1   -2   .000E+00   .000E+00      -26.0   .358     20.00
  106  208 3577.8  262.7   -2   .000E+00   .000E+00      -26.3   .357     20.00
  107  209 3563.9  264.3   -2   .000E+00   .000E+00      -26.7   .356     20.00
  108  210 3550.0  265.8   -2   .000E+00   .000E+00      -27.1   .355     20.00
  109  211 3536.1  267.3   -2   .000E+00   .000E+00      -27.4   .354     20.00
  110  212 3522.2  268.8   -2   .000E+00   .000E+00      -27.7   .353     20.00
  111  213 3508.2  270.3   -2   .000E+00   .000E+00      -28.0   .352     20.00
  112  214 3494.3  271.7   -2   .000E+00   .000E+00      -28.3   .351     20.00
  113  215 3480.4  273.1   -2   .000E+00   .000E+00      -28.5   .351     20.00
  114  216 3466.5  274.5   -2   .000E+00   .000E+00      -28.7   .350     20.00
  115  217 3452.5  275.9   -2   .000E+00   .000E+00      -28.9   .350     20.00
  116  218 3438.6  277.2   -2   .000E+00   .000E+00      -29.0   .349     20.00
  117  219 3424.7  278.6   -2   .000E+00   .000E+00      -29.2   .349     20.00
  118  220 3410.7  279.8   -2   .000E+00   .000E+00      -29.4   .348     20.00
  119  221 3396.8  281.1   -2   .000E+00   .000E+00      -29.5   .348     20.00
  120  222 3382.9  282.4   -2   .000E+00   .000E+00      -29.6   .347     20.00
  121  223 3368.9  283.6   -2   .000E+00   .000E+00      -29.7   .347     20.00
  122  224 3355.0  284.8   -2   .000E+00   .000E+00      -29.8   .347     20.00
  123  225 3341.0  286.0   -2   .000E+00   .000E+00      -29.9   .347     20.00
  124  226 3327.1  287.1   -2   .000E+00   .000E+00      -30.0   .347     20.00
  125  227 3313.1  288.3   -2   .000E+00   .000E+00      -30.0   .346     20.00
  126  228 3299.1  289.4   -2   .000E+00   .000E+00      -30.0   .347     20.00
  127  229 3285.2  290.5   -2   .000E+00   .000E+00      -29.9   .347     20.00
  128  230 3271.2  291.6   -2   .000E+00   .000E+00      -29.9   .347     20.00
  129  231 3257.2  292.6   -2   .000E+00   .000E+00      -30.0   .347     20.00
  130  232 3243.3  293.7   -2   .000E+00   .000E+00      -29.9   .347     20.00
  131  233 3229.3  294.7   -2   .000E+00   .000E+00      -29.9   .347     20.00
  132  234 3215.3  295.7   -2   .000E+00   .000E+00      -29.8   .347     20.00
  133  235 3201.4  296.7   -2   .000E+00   .000E+00      -29.7   .347     20.00
  134  236 3187.4  297.6   -2   .000E+00   .000E+00      -29.6   .348     20.00
  135  237 3173.4  298.6   -2   .000E+00   .000E+00      -29.5   .348     20.00
  136  342 1702.7  371.9    1   .498E+02  -.711E+01         .0   .430     20.00
  137  343 1688.7  372.7    1   .321E+02  -.229E+01         .0   .430     20.00
  138  344 1674.7  373.6    1   .282E+02  -.201E+01         .0   .430     20.00
  139  345 1660.7  374.5    1   .281E+02  -.201E+01         .0   .430     20.00
  140  346 1646.8  375.3    1   .304E+02  -.217E+01         .0   .430     20.00
  141  347 1632.8  376.2    1   .356E+02  -.254E+01         .0   .430     20.00
  142  348 1618.8  377.1    1   .479E+02  -.342E+01         .0   .430     20.00
  143  349 1604.8  378.0    1   .878E+02  -.125E+02         .0   .430     20.00
  144  464     .0  500.0    1   .491E-02  -.707E-03     -100.0   .243     20.00
  145  465     .0  486.1    1   .151E-01  -.109E-02      -86.1   .255     20.00
  146  466     .0  472.2    1   .255E-01  -.184E-02      -72.2   .270     20.00
  147  467     .0  458.3    1   .483E-01  -.348E-02      -58.3   .289     20.00
  148  468     .0  444.4    1   .102E+00  -.732E-02      -44.4   .313     20.00
  149  469     .0  430.6    1   .265E+00  -.191E-01      -30.6   .345     20.00
  150  470     .0  416.7    1   .931E+00  -.670E-01      -16.7   .386     20.00
  151  471     .0  402.8    1   .363E+01  -.262E+00       -2.8   .427     20.00
  152  472     .0  388.9    1   .616E+01  -.444E+00       11.1   .430     20.00
  153  473     .0  375.0    1   .637E+01  -.459E+00       25.0   .430     20.00
  154  474     .0  361.1    1   .638E+01  -.460E+00       38.9   .430     20.00
  155  475     .0  347.2    1   .640E+01  -.460E+00       52.8   .430     20.00
  156  476     .0  333.3    1   .641E+01  -.461E+00       66.7   .430     20.00
  157  477     .0  319.4    1   .642E+01  -.462E+00       80.6   .430     20.00
  158  478     .0  305.6    1   .643E+01  -.463E+00       94.4   .430     20.00
  159  479     .0  291.7    1   .643E+01  -.463E+00      108.3   .430     20.00
  160  480     .0  277.8    1   .644E+01  -.464E+00      122.2   .430     20.00
  161  481     .0  263.9    1   .645E+01  -.464E+00      136.1   .430     20.00
  162  482     .0  250.0    1   .645E+01  -.465E+00      150.0   .430     20.00
  163  483     .0  236.1    1   .646E+01  -.465E+00      163.9   .430     20.00
  164  484     .0  222.2    1   .646E+01  -.465E+00      177.8   .430     20.00
  165  485     .0  208.3    1   .647E+01  -.466E+00      191.7   .430     20.00
  166  486     .0  194.4    1   .647E+01  -.466E+00      205.6   .430     20.00
  167  487     .0  180.6    1   .647E+01  -.466E+00      219.4   .430     20.00
  168  488     .0  166.7    1   .648E+01  -.466E+00      233.3   .430     20.00
  169  489     .0  152.8    1   .648E+01  -.466E+00      247.2   .430     20.00
  170  490     .0  138.9    1   .648E+01  -.467E+00      261.1   .430     20.00
  171  491     .0  125.0    1   .648E+01  -.467E+00      275.0   .430     20.00
  172  492     .0  111.1    1   .648E+01  -.467E+00      288.9   .430     20.00
  173  493     .0   97.2    1   .649E+01  -.467E+00      302.8   .430     20.00
  174  494     .0   83.3    1   .649E+01  -.467E+00      316.7   .430     20.00
  175  495     .0   69.4    1   .649E+01  -.467E+00      330.6   .430     20.00
  176  496     .0   55.6    1   .649E+01  -.467E+00      344.4   .430     20.00
  177  497     .0   41.7    1   .649E+01  -.467E+00      358.3   .430     20.00
  178  498     .0   27.8    1   .649E+01  -.467E+00      372.2   .430     20.00
  179  499     .0   13.9    1   .649E+01  -.467E+00      386.1   .430     20.00


 Time:    100.0000

    i    n    x      z    Code     Q          v           h       th       Temp     Conc
                                 [V/T]      [L/T]        [L]     [-]        [C]    [M/L3]

    1    1     .0     .0    1   .322E+01  -.464E+00      400.0   .430     20.00
    2   90 5000.0     .0    1   .156E+02  -.218E+01      200.0   .430     20.00
    3   91 5000.0   14.3    1   .311E+02  -.217E+01      185.7   .430     20.00
    4   92 5000.0   28.6    1   .311E+02  -.218E+01      171.4   .430     20.00
    5   93 5000.0   42.9    1   .312E+02  -.218E+01      157.1   .430     20.00
    6   94 5000.0   57.1    1   .313E+02  -.219E+01      142.9   .430     20.00
    7   95 5000.0   71.4    1   .314E+02  -.220E+01      128.6   .430     20.00
    8   96 5000.0   85.7    1   .315E+02  -.220E+01      114.3   .430     20.00
    9   97 5000.0  100.0    1   .316E+02  -.221E+01      100.0   .430     20.00
   10   98 5000.0  114.3    1   .316E+02  -.221E+01       85.7   .430     20.00
   11   99 5000.0  128.6    1   .316E+02  -.222E+01       71.4   .430     20.00
   12  100 5000.0  142.9    1   .316E+02  -.221E+01       57.1   .430     20.00
   13  101 5000.0  157.1    1   .315E+02  -.221E+01       42.9   .430     20.00
   14  102 5000.0  171.4    1   .313E+02  -.219E+01       28.6   .430     20.00
   15  103 5000.0  185.7    1   .307E+02  -.215E+01       14.3   .430     20.00
   16  104 5000.0  200.0    1   .148E+02  -.207E+01         .0   .430     20.00
   17  119 4791.7  176.0    1  -.101E+03   .148E+02        -.2   .430     20.00
   18  120 4779.8  169.4    1  -.548E+02   .401E+01        6.4   .430     20.00
   19  121 4768.1  162.2    1  -.421E+02   .307E+01       13.5   .430     20.00
   20  122 4756.6  154.8    1  -.353E+02   .256E+01       21.0   .430     20.00
   21  123 4745.1  147.1    1  -.309E+02   .224E+01       28.7   .430     20.00
   22  124 4733.6  139.5    1  -.274E+02   .199E+01       36.2   .430     20.00
   23  125 4722.0  132.2    1  -.243E+02   .178E+01       43.6   .430     20.00
   24  126 4710.2  125.3    1  -.213E+02   .157E+01       50.4   .430     20.00
   25  127 4698.2  119.1    1  -.185E+02   .138E+01       56.6   .430     20.00
   26  128 4685.9  113.8    1  -.157E+02   .117E+01       62.0   .430     20.00
   27  129 4673.3  109.2    1  -.132E+02   .986E+00       66.6   .430     20.00
   28  130 4660.5  105.3    1  -.109E+02   .812E+00       70.5   .430     20.00
   29  131 4647.4  102.2    1  -.897E+01   .663E+00       73.6   .430     20.00
   30  132 4634.0   99.7    1  -.726E+01   .533E+00       76.1   .430     20.00
   31  133 4620.5   97.9    1  -.582E+01   .424E+00       77.9   .430     20.00
   32  134 4606.7   96.6    1  -.469E+01   .338E+00       79.1   .430     20.00
   33  135 4592.8   95.9    1  -.373E+01   .266E+00       79.8   .430     20.00
   34  136 4578.7   95.8    1  -.300E+01   .212E+00       80.0   .430     20.00
   35  137 4564.5   96.1    1  -.242E+01   .170E+00       79.7   .430     20.00
   36  138 4550.2   96.8    1  -.202E+01   .141E+00       79.0   .430     20.00
   37  139 4535.8   97.9    1  -.170E+01   .117E+00       77.9   .430     20.00
   38  140 4521.3   99.4    1  -.153E+01   .105E+00       76.4   .430     20.00
   39  141 4506.8  101.2    1  -.143E+01   .978E-01       74.6   .430     20.00
   40  142 4492.2  103.2    1  -.142E+01   .964E-01       72.6   .430     20.00
   41  143 4477.6  105.5    1  -.148E+01   .100E+00       70.3   .430     20.00
   42  144 4463.0  108.0    1  -.160E+01   .108E+00       67.8   .430     20.00
   43  145 4448.5  110.6    1  -.178E+01   .120E+00       65.2   .430     20.00
   44  146 4434.0  113.3    1  -.201E+01   .136E+00       62.5   .430     20.00
   45  147 4419.6  116.1    1  -.229E+01   .156E+00       59.6   .430     20.00
   46  148 4405.2  119.0    1  -.265E+01   .182E+00       56.8   .430     20.00
   47  149 4391.0  121.8    1  -.304E+01   .210E+00       54.0   .430     20.00
   48  150 4376.9  124.6    1  -.350E+01   .243E+00       51.2   .430     20.00
   49  151 4362.8  127.4    1  -.403E+01   .282E+00       48.4   .430     20.00
   50  152 4348.9  130.2    1  -.462E+01   .326E+00       45.6   .430     20.00
   51  153 4335.0  132.9    1  -.537E+01   .381E+00       42.9   .430     20.00
   52  154 4321.2  135.7    1  -.614E+01   .438E+00       40.1   .430     20.00
   53  155 4307.5  138.4    1  -.705E+01   .505E+00       37.4   .430     20.00
   54  156 4293.8  141.1    1  -.808E+01   .580E+00       34.7   .430     20.00
   55  157 4280.2  143.8    1  -.917E+01   .660E+00       31.9   .430     20.00
   56  158 4266.6  146.6    1  -.106E+02   .766E+00       29.2   .430     20.00
   57  159 4253.0  149.3    1  -.121E+02   .876E+00       26.5   .430     20.00
   58  160 4239.4  152.0    1  -.139E+02   .101E+01       23.7   .430     20.00
   59  161 4225.9  154.8    1  -.160E+02   .116E+01       21.0   .430     20.00
   60  162 4212.3  157.5    1  -.184E+02   .133E+01       18.3   .430     20.00
   61  163 4198.7  160.3    1  -.213E+02   .154E+01       15.5   .430     20.00
   62  164 4185.1  163.0    1  -.250E+02   .180E+01       12.7   .430     20.00
   63  165 4171.5  165.8    1  -.296E+02   .213E+01       10.0   .430     20.00
   64  166 4157.9  168.6    1  -.362E+02   .260E+01        7.2   .430     20.00
   65  167 4144.2  171.4    1  -.464E+02   .333E+01        4.4   .430     20.00
   66  168 4130.5  174.2    1  -.730E+02   .523E+01        1.6   .430     20.00
   67  169 4116.8  177.0    2  -.766E+02   .548E+01         .0   .430     20.00
   68  170 4103.1  179.8    2  -.424E+02   .303E+01         .0   .430     20.00
   69  171 4089.4  182.5    2  -.270E+02   .193E+01         .0   .430     20.00
   70  172 4075.7  185.3    2  -.121E+02   .861E+00         .0   .430     20.00
   71  173 4061.9  188.0   -2   .000E+00   .000E+00        -.2   .430     20.00
   72  174 4048.2  190.7   -2   .000E+00   .000E+00        -.8   .429     20.00
   73  175 4034.4  193.4   -2   .000E+00   .000E+00       -1.6   .429     20.00
   74  176 4020.7  196.1   -2   .000E+00   .000E+00       -2.5   .427     20.00
   75  177 4006.9  198.7   -2   .000E+00   .000E+00       -3.4   .425     20.00
   76  178 3993.1  201.3   -2   .000E+00   .000E+00       -4.4   .423     20.00
   77  179 3979.3  203.8   -2   .000E+00   .000E+00       -5.4   .421     20.00
   78  180 3965.6  206.3   -2   .000E+00   .000E+00       -6.5   .418     20.00
   79  181 3951.8  208.8   -2   .000E+00   .000E+00       -7.4   .415     20.00
   80  182 3938.0  211.3   -2   .000E+00   .000E+00       -8.4   .412     20.00
   81  183 3924.2  213.7   -2   .000E+00   .000E+00       -9.4   .409     20.00
   82  184 3910.4  216.0   -2   .000E+00   .000E+00      -10.3   .406     20.00
   83  185 3896.5  218.3   -2   .000E+00   .000E+00      -11.2   .404     20.00
   84  186 3882.7  220.6   -2   .000E+00   .000E+00      -12.1   .401     20.00
   85  187 3868.9  222.9   -2   .000E+00   .000E+00      -13.0   .398     20.00
   86  188 3855.1  225.1   -2   .000E+00   .000E+00      -13.9   .395     20.00
   87  189 3841.3  227.3   -2   .000E+00   .000E+00      -14.7   .392     20.00
   88  190 3827.4  229.5   -2   .000E+00   .000E+00      -15.5   .390     20.00
   89  191 3813.6  231.6   -2   .000E+00   .000E+00      -16.3   .387     20.00
   90  192 3799.8  233.7   -2   .000E+00   .000E+00      -17.1   .385     20.00
   91  193 3785.9  235.7   -2   .000E+00   .000E+00      -17.9   .382     20.00
   92  194 3772.1  237.7   -2   .000E+00   .000E+00      -18.6   .380     20.00
   93  195 3758.2  239.7   -2   .000E+00   .000E+00      -19.3   .378     20.00
   94  196 3744.4  241.7   -2   .000E+00   .000E+00      -19.9   .376     20.00
   95  197 3730.5  243.6   -2   .000E+00   .000E+00      -20.5   .374     20.00
   96  198 3716.6  245.5   -2   .000E+00   .000E+00      -21.2   .372     20.00
   97  199 3702.8  247.3   -2   .000E+00   .000E+00      -21.8   .370     20.00
   98  200 3688.9  249.2   -2   .000E+00   .000E+00      -22.4   .368     20.00
   99  201 3675.0  251.0   -2   .000E+00   .000E+00      -22.9   .367     20.00
  100  202 3661.1  252.7   -2   .000E+00   .000E+00      -23.4   .365     20.00
  101  203 3647.3  254.5   -2   .000E+00   .000E+00      -23.9   .364     20.00
  102  204 3633.4  256.2   -2   .000E+00   .000E+00      -24.3   .362     20.00
  103  205 3619.5  257.8   -2   .000E+00   .000E+00      -24.8   .361     20.00
  104  206 3605.6  259.5   -2   .000E+00   .000E+00      -25.2   .360     20.00
  105  207 3591.7  261.1   -2   .000E+00   .000E+00      -25.7   .359     20.00
  106  208 3577.8  262.7   -2   .000E+00   .000E+00      -26.1   .358     20.00
  107  209 3563.9  264.3   -2   .000E+00   .000E+00      -26.4   .356     20.00
  108  210 3550.0  265.8   -2   .000E+00   .000E+00      -26.8   .355     20.00
  109  211 3536.1  267.3   -2   .000E+00   .000E+00      -27.1   .355     20.00
  110  212 3522.2  268.8   -2   .000E+00   .000E+00      -27.4   .354     20.00
  111  213 3508.2  270.3   -2   .000E+00   .000E+00      -27.7   .353     20.00
  112  214 3494.3  271.7   -2   .000E+00   .000E+00      -28.0   .352     20.00
  113  215 3480.4  273.1   -2   .000E+00   .000E+00      -28.2   .352     20.00
  114  216 3466.5  274.5   -2   .000E+00   .000E+00      -28.4   .351     20.00
  115  217 3452.5  275.9   -2   .000E+00   .000E+00      -28.6   .350     20.00
  116  218 3438.6  277.2   -2   .000E+00   .000E+00      -28.7   .350     20.00
  117  219 3424.7  278.6   -2   .000E+00   .000E+00      -28.9   .349     20.00
  118  220 3410.7  279.8   -2   .000E+00   .000E+00      -29.1   .349     20.00
  119  221 3396.8  281.1   -2   .000E+00   .000E+00      -29.2   .349     20.00
  120  222 3382.9  282.4   -2   .000E+00   .000E+00      -29.3   .348     20.00
  121  223 3368.9  283.6   -2   .000E+00   .000E+00      -29.4   .348     20.00
  122  224 3355.0  284.8   -2   .000E+00   .000E+00      -29.5   .348     20.00
  123  225 3341.0  286.0   -2   .000E+00   .000E+00      -29.6   .348     20.00
  124  226 3327.1  287.1   -2   .000E+00   .000E+00      -29.6   .348     20.00
  125  227 3313.1  288.3   -2   .000E+00   .000E+00      -29.6   .347     20.00
  126  228 3299.1  289.4   -2   .000E+00   .000E+00      -29.6   .347     20.00
  127  229 3285.2  290.5   -2   .000E+00   .000E+00      -29.6   .348     20.00
  128  230 3271.2  291.6   -2   .000E+00   .000E+00      -29.6   .348     20.00
  129  231 3257.2  292.6   -2   .000E+00   .000E+00      -29.6   .347     20.00
  130  232 3243.3  293.7   -2   .000E+00   .000E+00      -29.6   .348     20.00
  131  233 3229.3  294.7   -2   .000E+00   .000E+00      -29.5   .348     20.00
  132  234 3215.3  295.7   -2   .000E+00   .000E+00      -29.4   .348     20.00
  133  235 3201.4  296.7   -2   .000E+00   .000E+00      -29.3   .348     20.00
  134  236 3187.4  297.6   -2   .000E+00   .000E+00      -29.2   .349     20.00
  135  237 3173.4  298.6   -2   .000E+00   .000E+00      -29.1   .349     20.00
  136  342 1702.7  371.9    1   .494E+02  -.705E+01         .0   .430     20.00
  137  343 1688.7  372.7    1   .318E+02  -.227E+01         .0   .430     20.00
  138  344 1674.7  373.6    1   .280E+02  -.200E+01         .0   .430     20.00
  139  345 1660.7  374.5    1   .279E+02  -.199E+01         .0   .430     20.00
  140  346 1646.8  375.3    1   .303E+02  -.216E+01         .0   .430     20.00
  141  347 1632.8  376.2    1   .354E+02  -.253E+01         .0   .430     20.00
  142  348 1618.8  377.1    1   .477E+02  -.340E+01         .0   .430     20.00
  143  349 1604.8  378.0    1   .874E+02  -.125E+02         .0   .430     20.00
  144  464     .0  500.0    1   .449E-02  -.647E-03     -100.0   .243     20.00
  145  465     .0  486.1    1   .140E-01  -.100E-02      -86.1   .255     20.00
  146  466     .0  472.2    1   .241E-01  -.174E-02      -72.2   .270     20.00
  147  467     .0  458.3    1   .466E-01  -.336E-02      -58.3   .289     20.00
  148  468     .0  444.4    1   .996E-01  -.717E-02      -44.4   .313     20.00
  149  469     .0  430.6    1   .262E+00  -.188E-01      -30.6   .345     20.00
  150  470     .0  416.7    1   .922E+00  -.664E-01      -16.7   .386     20.00
  151  471     .0  402.8    1   .360E+01  -.259E+00       -2.8   .427     20.00
  152  472     .0  388.9    1   .611E+01  -.440E+00       11.1   .430     20.00
  153  473     .0  375.0    1   .632E+01  -.455E+00       25.0   .430     20.00
  154  474     .0  361.1    1   .633E+01  -.456E+00       38.9   .430     20.00
  155  475     .0  347.2    1   .634E+01  -.457E+00       52.8   .430     20.00
  156  476     .0  333.3    1   .636E+01  -.458E+00       66.7   .430     20.00
  157  477     .0  319.4    1   .637E+01  -.458E+00       80.6   .430     20.00
  158  478     .0  305.6    1   .638E+01  -.459E+00       94.4   .430     20.00
  159  479     .0  291.7    1   .639E+01  -.460E+00      108.3   .430     20.00
  160  480     .0  277.8    1   .639E+01  -.460E+00      122.2   .430     20.00
  161  481     .0  263.9    1   .640E+01  -.461E+00      136.1   .430     20.00
  162  482     .0  250.0    1   .641E+01  -.461E+00      150.0   .430     20.00
  163  483     .0  236.1    1   .641E+01  -.462E+00      163.9   .430     20.00
  164  484     .0  222.2    1   .642E+01  -.462E+00      177.8   .430     20.00
  165  485     .0  208.3    1   .642E+01  -.462E+00      191.7   .430     20.00
  166  486     .0  194.4    1   .643E+01  -.463E+00      205.6   .430     20.00
  167  487     .0  180.6    1   .643E+01  -.463E+00      219.4   .430     20.00
  168  488     .0  166.7    1   .643E+01  -.463E+00      233.3   .430     20.00
  169  489     .0  152.8    1   .644E+01  -.463E+00      247.2   .430     20.00
  170  490     .0  138.9    1   .644E+01  -.464E+00      261.1   .430     20.00
  171  491     .0  125.0    1   .644E+01  -.464E+00      275.0   .430     20.00
  172  492     .0  111.1    1   .644E+01  -.464E+00      288.9   .430     20.00
  173  493     .0   97.2    1   .645E+01  -.464E+00      302.8   .430     20.00
  174  494     .0   83.3    1   .645E+01  -.464E+00      316.7   .430     20.00
  175  495     .0   69.4    1   .645E+01  -.464E+00      330.6   .430     20.00
  176  496     .0   55.6    1   .645E+01  -.464E+00      344.4   .430     20.00
  177  497     .0   41.7    1   .645E+01  -.464E+00      358.3   .430     20.00
  178  498     .0   27.8    1   .645E+01  -.464E+00      372.2   .430     20.00
  179  499     .0   13.9    1   .645E+01  -.464E+00      386.1   .430     20.00
