

       Time         hAtm       hRoot     hKode3     hKode1        hSeep     hKode5     hKode6 ... 
      [T]          [L]        [L]        [L]        [L]        [L]        [L]        [L]

         .0010         .0         .0         .0       85.6      -37.9         .0         .0
         .0023         .0         .0         .0       85.6      -37.9         .0         .0
         .0040         .0         .0         .0       85.6      -37.9         .0         .0
         .0062         .0         .0         .0       85.6      -37.9         .0         .0
         .0090         .0         .0         .0       85.6      -37.9         .0         .0
         .0119         .0         .0         .0       85.6      -37.9         .0         .0
         .0156         .0         .0         .0       85.6      -37.9         .0         .0
         .0193         .0         .0         .0       85.6      -37.9         .0         .0
         .0231         .0         .0         .0       85.6      -37.9         .0         .0
         .0279         .0         .0         .0       85.6      -37.9         .0         .0
         .0327         .0         .0         .0       85.6      -37.9         .0         .0
         .0375         .0         .0         .0       85.6      -37.9         .0         .0
         .0423         .0         .0         .0       85.6      -37.9         .0         .0
         .0472         .0         .0         .0       85.6      -37.9         .0         .0
         .0520         .0         .0         .0       85.6      -37.9         .0         .0
         .0568         .0         .0         .0       85.6      -37.9         .0         .0
         .0616         .0         .0         .0       85.6      -37.9         .0         .0
         .0664         .0         .0         .0       85.6      -37.9         .0         .0
         .0712         .0         .0         .0       85.6      -37.9         .0         .0
         .0761         .0         .0         .0       85.6      -37.9         .0         .0
         .0809         .0         .0         .0       85.6      -37.9         .0         .0
         .0857         .0         .0         .0       85.6      -37.9         .0         .0
         .0905         .0         .0         .0       85.6      -37.9         .0         .0
         .0953         .0         .0         .0       85.6      -37.9         .0         .0
         .1002         .0         .0         .0       85.6      -37.9         .0         .0
         .1035         .0         .0         .0       85.6      -37.9         .0         .0
         .1069         .0         .0         .0       85.6      -37.9         .0         .0
         .1103         .0         .0         .0       85.6      -37.9         .0         .0
         .1137         .0         .0         .0       85.6      -37.9         .0         .0
         .1181         .0         .0         .0       85.6      -37.9         .0         .0
         .1225         .0         .0         .0       85.6      -37.9         .0         .0
         .1269         .0         .0         .0       85.6      -37.9         .0         .0
         .1313         .0         .0         .0       85.6      -37.9         .0         .0
         .1357         .0         .0         .0       85.6      -37.9         .0         .0
         .1400         .0         .0         .0       85.6      -37.9         .0         .0
         .1444         .0         .0         .0       85.6      -37.9         .0         .0
         .1488         .0         .0         .0       85.6      -37.9         .0         .0
         .1545         .0         .0         .0       85.6      -37.9         .0         .0
         .1602         .0         .0         .0       85.6      -37.9         .0         .0
         .1658         .0         .0         .0       85.6      -37.9         .0         .0
         .1732         .0         .0         .0       85.6      -37.9         .0         .0
         .1829         .0         .0         .0       85.6      -37.9         .0         .0
         .1925         .0         .0         .0       85.6      -37.9         .0         .0
         .2021         .0         .0         .0       85.6      -37.9         .0         .0
         .2117         .0         .0         .0       85.6      -37.9         .0         .0
         .2213         .0         .0         .0       85.6      -37.9         .0         .0
         .2340         .0         .0         .0       85.6      -37.9         .0         .0
         .2466         .0         .0         .0       85.6      -37.9         .0         .0
         .2625         .0         .0         .0       85.6      -37.9         .0         .0
         .2783         .0         .0         .0       85.6      -37.9         .0         .0
         .3005         .0         .0         .0       85.6      -37.9         .0         .0
         .3226         .0         .0         .0       85.6      -37.9         .0         .0
         .3448         .0         .0         .0       85.6      -37.9         .0         .0
         .3707         .0         .0         .0       85.6      -37.9         .0         .0
         .3965         .0         .0         .0       85.6      -37.9         .0         .0
         .4224         .0         .0         .0       85.6      -37.9         .0         .0
         .4612         .0         .0         .0       85.6      -37.9         .0         .0
         .5000         .0         .0         .0       85.6      -37.8         .0         .0
         .5455         .0         .0         .0       85.6      -37.8         .0         .0
         .5909         .0         .0         .0       85.6      -37.8         .0         .0
         .6494         .0         .0         .0       85.6      -37.8         .0         .0
         .7078         .0         .0         .0       85.6      -37.8         .0         .0
         .7808         .0         .0         .0       85.6      -37.8         .0         .0
         .8539         .0         .0         .0       85.6      -37.8         .0         .0
        1.0000         .0         .0         .0       85.6      -37.7         .0         .0
        1.1023         .0         .0         .0       85.6      -37.7         .0         .0
        1.2045         .0         .0         .0       85.6      -37.7         .0         .0
        1.3378         .0         .0         .0       85.6      -37.7         .0         .0
        1.5111         .0         .0         .0       85.6      -37.6         .0         .0
        1.6843         .0         .0         .0       85.6      -37.6         .0         .0
        1.9090         .0         .0         .0       85.6      -37.6         .0         .0
        2.1980         .0         .0         .0       85.6      -37.5         .0         .0
        2.5695         .0         .0         .0       85.6      -37.4         .0         .0
        3.0649         .0         .0         .0       85.6      -37.2         .0         .0
        3.5603         .0         .0         .0       85.6      -37.1         .0         .0
        4.2042         .0         .0         .0       85.6      -36.8         .0         .0
        5.0322         .0         .0         .0       85.6      -36.4         .0         .0
        6.0258         .0         .0         .0       85.6      -35.9         .0         .0
        7.3505         .0         .0         .0       85.6      -35.1         .0         .0
       10.0000         .0         .0         .0       85.6      -33.1         .0         .0
       11.8750         .0         .0         .0       85.6      -31.6         .0         .0
       14.0625         .0         .0         .0       85.6      -29.9         .0         .0
       16.2500         .0         .0         .0       85.6      -28.2         .0         .0
       19.1667         .0         .0         .0       85.6      -26.3         .0         .0
       22.0833         .0         .0         .0       85.6      -24.7         .0         .0
       25.0000         .0         .0         .0       85.6      -23.4         .0         .0
       30.0000         .0         .0         .0       85.6      -21.9         .0         .0
       35.0000         .0         .0         .0       85.6      -21.0         .0         .0
       40.0000         .0         .0         .0       85.6      -20.5         .0         .0
       45.0000         .0         .0         .0       85.6      -20.2         .0         .0
       50.0000         .0         .0         .0       85.6      -20.0         .0         .0
       55.0000         .0         .0         .0       85.6      -19.9         .0         .0
       60.0000         .0         .0         .0       85.6      -19.8         .0         .0
       65.0000         .0         .0         .0       85.6      -19.8         .0         .0
       70.0000         .0         .0         .0       85.6      -19.8         .0         .0
       75.0000         .0         .0         .0       85.6      -19.8         .0         .0
       80.0000         .0         .0         .0       85.6      -19.8         .0         .0
       85.0000         .0         .0         .0       85.6      -19.8         .0         .0
       90.0000         .0         .0         .0       85.6      -19.8         .0         .0
       95.0000         .0         .0         .0       85.6      -19.8         .0         .0
      100.0000         .0         .0         .0       85.6      -19.8         .0         .0
end
