 Irrigation from pond                                                    
 
 Program HYDRUS2
 Date:  14.12.    Time:   8:56:15
 Time independent boundary conditions
 Vertical plane flow, V = L*L
 Units: L = cm   , T = days , M = mmol 


 Time:       .2000

    i    n    x      z    Code     Q          v           h       th       Temp     Conc
                                 [V/T]      [L/T]        [L]     [-]        [C]    [M/L3]

    1   17 -200.0   14.7    1  -.130E+01   .178E+00        5.3   .460     20.00  .000E+00
    2   18 -200.0     .0    1  -.837E+00   .114E+00       20.0   .460     20.00  .000E+00
    3   44  200.0     .0    1  -.129E+01   .176E+00       20.0   .460     20.00  .145E-26
    4   45  200.0   14.7    1  -.178E+01   .242E+00        5.3   .460     20.00  .152E-25
    5   70   84.3   85.5    1   .124E+03  -.314E+02       -3.9   .424     22.58  .708E+00
    6   71   76.6   83.7    1   .122E+03  -.155E+02       -2.1   .428     22.84  .689E+00
    7   72   68.9   82.1    1   .141E+03  -.178E+02        -.5   .430     23.13  .737E+00
    8   73   61.0   80.8    1   .133E+03  -.167E+02         .9   .430     23.24  .759E+00
    9   74   53.2   79.6    1   .108E+03  -.136E+02        2.1   .430     23.26  .757E+00
   10   75   45.2   78.6    1   .894E+02  -.111E+02        3.1   .430     23.25  .761E+00
   11   76   37.2   77.8    1   .749E+02  -.931E+01        3.8   .430     23.20  .753E+00
   12   77   29.2   77.2    1   .642E+02  -.796E+01        4.4   .430     23.16  .750E+00
   13   78   21.1   76.9    1   .573E+02  -.709E+01        4.8   .430     23.12  .747E+00
   14   79   13.0   76.7    1   .538E+02  -.665E+01        5.0   .430     23.10  .745E+00
   15   80    4.9   76.7    1   .534E+02  -.659E+01        5.0   .430     23.10  .745E+00
   16   81   -3.2   76.9    1   .561E+02  -.692E+01        4.8   .430     23.11  .746E+00
   17   82  -11.3   77.2    1   .621E+02  -.765E+01        4.5   .430     23.14  .748E+00
   18   83  -19.4   77.8    1   .718E+02  -.884E+01        3.9   .430     23.19  .752E+00
   19   84  -27.5   78.5    1   .860E+02  -.106E+02        3.2   .430     23.24  .757E+00
   20   85  -35.5   79.4    1   .106E+03  -.131E+02        2.3   .430     23.27  .758E+00
   21   86  -43.6   80.4    1   .133E+03  -.164E+02        1.2   .430     23.26  .761E+00
   22   87  -51.6   81.7    1   .156E+03  -.193E+02         .0   .430     23.15  .745E+00
   23   88  -59.5   83.0    1   .179E+03  -.443E+02       -1.4   .429     22.99  .759E+00


 Time:       .5000

    i    n    x      z    Code     Q          v           h       th       Temp     Conc
                                 [V/T]      [L/T]        [L]     [-]        [C]    [M/L3]

    1   17 -200.0   14.7    1  -.203E+02   .277E+01        5.3   .460     20.00  .698E-16
    2   18 -200.0     .0    1  -.104E+02   .142E+01       20.0   .460     20.00  .140E-16
    3   44  200.0     .0    1  -.187E+02   .254E+01       20.0   .460     20.00  .459E-12
    4   45  200.0   14.7    1  -.429E+02   .584E+01        5.3   .460     20.00  .192E-11
    5   70   84.3   85.5    1   .951E+02  -.241E+02       -3.9   .424     23.11  .797E+00
    6   71   76.6   83.7    1   .974E+02  -.123E+02       -2.1   .428     23.40  .825E+00
    7   72   68.9   82.1    1   .831E+02  -.105E+02        -.5   .430     23.51  .835E+00
    8   73   61.0   80.8    1   .687E+02  -.862E+01         .9   .430     23.51  .840E+00
    9   74   53.2   79.6    1   .542E+02  -.678E+01        2.1   .430     23.41  .821E+00
   10   75   45.2   78.6    1   .442E+02  -.551E+01        3.1   .430     23.30  .812E+00
   11   76   37.2   77.8    1   .369E+02  -.458E+01        3.8   .430     23.17  .794E+00
   12   77   29.2   77.2    1   .317E+02  -.393E+01        4.4   .430     23.06  .783E+00
   13   78   21.1   76.9    1   .284E+02  -.352E+01        4.8   .430     22.98  .774E+00
   14   79   13.0   76.7    1   .269E+02  -.333E+01        5.0   .430     22.93  .770E+00
   15   80    4.9   76.7    1   .270E+02  -.333E+01        5.0   .430     22.93  .769E+00
   16   81   -3.2   76.9    1   .286E+02  -.353E+01        4.8   .430     22.97  .773E+00
   17   82  -11.3   77.2    1   .320E+02  -.394E+01        4.5   .430     23.05  .781E+00
   18   83  -19.4   77.8    1   .373E+02  -.459E+01        3.9   .430     23.17  .793E+00
   19   84  -27.5   78.5    1   .452E+02  -.557E+01        3.2   .430     23.30  .808E+00
   20   85  -35.5   79.4    1   .569E+02  -.702E+01        2.3   .430     23.42  .823E+00
   21   86  -43.6   80.4    1   .737E+02  -.911E+01        1.2   .430     23.52  .843E+00
   22   87  -51.6   81.7    1   .987E+02  -.122E+02         .0   .430     23.52  .844E+00
   23   88  -59.5   83.0    1   .140E+03  -.347E+02       -1.4   .429     23.47  .844E+00


 Time:      1.0000

    i    n    x      z    Code     Q          v           h       th       Temp     Conc
                                 [V/T]      [L/T]        [L]     [-]        [C]    [M/L3]

    1   17 -200.0   14.7    1  -.106E+03   .144E+02        5.3   .460     20.00  .201E-08
    2   18 -200.0     .0    1  -.301E+02   .410E+01       20.0   .460     20.00  .162E-09
    3   44  200.0     .0    1  -.382E+02   .521E+01       20.0   .460     20.00  .408E-07
    4   45  200.0   14.7    1  -.157E+03   .213E+02        5.3   .460     20.00  .294E-06
    5   70   84.3   85.5    1   .808E+02  -.205E+02       -3.9   .424     23.37  .855E+00
    6   71   76.6   83.7    1   .758E+02  -.958E+01       -2.1   .428     23.60  .888E+00
    7   72   68.9   82.1    1   .612E+02  -.771E+01        -.5   .430     23.66  .891E+00
    8   73   61.0   80.8    1   .500E+02  -.628E+01         .9   .430     23.61  .887E+00
    9   74   53.2   79.6    1   .392E+02  -.491E+01        2.1   .430     23.48  .864E+00
   10   75   45.2   78.6    1   .319E+02  -.398E+01        3.1   .430     23.33  .847E+00
   11   76   37.2   77.8    1   .266E+02  -.330E+01        3.8   .430     23.17  .824E+00
   12   77   29.2   77.2    1   .228E+02  -.282E+01        4.4   .430     23.03  .808E+00
   13   78   21.1   76.9    1   .204E+02  -.253E+01        4.8   .430     22.94  .796E+00
   14   79   13.0   76.7    1   .193E+02  -.239E+01        5.0   .430     22.88  .789E+00
   15   80    4.9   76.7    1   .194E+02  -.239E+01        5.0   .430     22.88  .788E+00
   16   81   -3.2   76.9    1   .205E+02  -.253E+01        4.8   .430     22.94  .795E+00
   17   82  -11.3   77.2    1   .229E+02  -.282E+01        4.5   .430     23.04  .807E+00
   18   83  -19.4   77.8    1   .267E+02  -.329E+01        3.9   .430     23.17  .824E+00
   19   84  -27.5   78.5    1   .325E+02  -.400E+01        3.2   .430     23.33  .845E+00
   20   85  -35.5   79.4    1   .409E+02  -.505E+01        2.3   .430     23.49  .866E+00
   21   86  -43.6   80.4    1   .533E+02  -.659E+01        1.2   .430     23.61  .890E+00
   22   87  -51.6   81.7    1   .721E+02  -.893E+01         .0   .430     23.65  .895E+00
   23   88  -59.5   83.0    1   .114E+03  -.283E+02       -1.4   .429     23.64  .889E+00


 Time:      1.5000

    i    n    x      z    Code     Q          v           h       th       Temp     Conc
                                 [V/T]      [L/T]        [L]     [-]        [C]    [M/L3]

    1   17 -200.0   14.7    1  -.150E+03   .204E+02        5.3   .460     20.01  .700E-06
    2   18 -200.0     .0    1  -.397E+02   .542E+01       20.0   .460     20.01  .777E-07
    3   44  200.0     .0    1  -.460E+02   .628E+01       20.0   .460     20.02  .356E-05
    4   45  200.0   14.7    1  -.200E+03   .273E+02        5.3   .460     20.03  .235E-04
    5   70   84.3   85.5    1   .739E+02  -.187E+02       -3.9   .424     23.49  .886E+00
    6   71   76.6   83.7    1   .669E+02  -.846E+01       -2.1   .428     23.69  .917E+00
    7   72   68.9   82.1    1   .528E+02  -.665E+01        -.5   .430     23.72  .918E+00
    8   73   61.0   80.8    1   .431E+02  -.541E+01         .9   .430     23.66  .910E+00
    9   74   53.2   79.6    1   .338E+02  -.423E+01        2.1   .430     23.52  .887E+00
   10   75   45.2   78.6    1   .274E+02  -.342E+01        3.1   .430     23.36  .868E+00
   11   76   37.2   77.8    1   .228E+02  -.284E+01        3.8   .430     23.20  .844E+00
   12   77   29.2   77.2    1   .195E+02  -.242E+01        4.4   .430     23.06  .825E+00
   13   78   21.1   76.9    1   .175E+02  -.216E+01        4.8   .430     22.96  .810E+00
   14   79   13.0   76.7    1   .165E+02  -.204E+01        5.0   .430     22.91  .802E+00
   15   80    4.9   76.7    1   .165E+02  -.203E+01        5.0   .430     22.91  .802E+00
   16   81   -3.2   76.9    1   .174E+02  -.215E+01        4.8   .430     22.96  .809E+00
   17   82  -11.3   77.2    1   .194E+02  -.239E+01        4.5   .430     23.06  .824E+00
   18   83  -19.4   77.8    1   .226E+02  -.278E+01        3.9   .430     23.19  .844E+00
   19   84  -27.5   78.5    1   .274E+02  -.338E+01        3.2   .430     23.35  .866E+00
   20   85  -35.5   79.4    1   .345E+02  -.426E+01        2.3   .430     23.51  .889E+00
   21   86  -43.6   80.4    1   .450E+02  -.556E+01        1.2   .430     23.64  .913E+00
   22   87  -51.6   81.7    1   .610E+02  -.756E+01         .0   .430     23.70  .918E+00
   23   88  -59.5   83.0    1   .105E+03  -.260E+02       -1.4   .429     23.72  .912E+00


 Time:      2.0000

    i    n    x      z    Code     Q          v           h       th       Temp     Conc
                                 [V/T]      [L/T]        [L]     [-]        [C]    [M/L3]

    1   17 -200.0   14.7    1  -.174E+03   .237E+02        5.3   .460     20.03  .179E-04
    2   18 -200.0     .0    1  -.449E+02   .612E+01       20.0   .460     20.03  .245E-05
    3   44  200.0     .0    1  -.493E+02   .673E+01       20.0   .460     20.08  .470E-04
    4   45  200.0   14.7    1  -.218E+03   .297E+02        5.3   .460     20.09  .276E-03
    5   70   84.3   85.5    1   .700E+02  -.177E+02       -3.9   .424     23.57  .905E+00
    6   71   76.6   83.7    1   .621E+02  -.785E+01       -2.1   .428     23.75  .933E+00
    7   72   68.9   82.1    1   .487E+02  -.614E+01        -.5   .430     23.77  .934E+00
    8   73   61.0   80.8    1   .398E+02  -.499E+01         .9   .430     23.70  .926E+00
    9   74   53.2   79.6    1   .312E+02  -.390E+01        2.1   .430     23.56  .903E+00
   10   75   45.2   78.6    1   .253E+02  -.316E+01        3.1   .430     23.41  .883E+00
   11   76   37.2   77.8    1   .210E+02  -.262E+01        3.8   .430     23.25  .858E+00
   12   77   29.2   77.2    1   .180E+02  -.223E+01        4.4   .430     23.12  .838E+00
   13   78   21.1   76.9    1   .161E+02  -.199E+01        4.8   .430     23.02  .822E+00
   14   79   13.0   76.7    1   .152E+02  -.187E+01        5.0   .430     22.96  .814E+00
   15   80    4.9   76.7    1   .151E+02  -.186E+01        5.0   .430     22.96  .813E+00
   16   81   -3.2   76.9    1   .160E+02  -.197E+01        4.8   .430     23.01  .821E+00
   17   82  -11.3   77.2    1   .178E+02  -.219E+01        4.5   .430     23.10  .837E+00
   18   83  -19.4   77.8    1   .207E+02  -.254E+01        3.9   .430     23.23  .858E+00
   19   84  -27.5   78.5    1   .250E+02  -.308E+01        3.2   .430     23.38  .882E+00
   20   85  -35.5   79.4    1   .315E+02  -.389E+01        2.3   .430     23.54  .905E+00
   21   86  -43.6   80.4    1   .411E+02  -.508E+01        1.2   .430     23.67  .927E+00
   22   87  -51.6   81.7    1   .557E+02  -.690E+01         .0   .430     23.74  .933E+00
   23   88  -59.5   83.0    1   .992E+02  -.246E+02       -1.4   .429     23.78  .927E+00


 Time:      3.0000

    i    n    x      z    Code     Q          v           h       th       Temp     Conc
                                 [V/T]      [L/T]        [L]     [-]        [C]    [M/L3]

    1   17 -200.0   14.7    1  -.195E+03   .266E+02        5.3   .460     20.13  .675E-03
    2   18 -200.0     .0    1  -.497E+02   .678E+01       20.0   .460     20.13  .129E-03
    3   44  200.0     .0    1  -.524E+02   .715E+01       20.0   .460     20.26  .947E-03
    4   45  200.0   14.7    1  -.234E+03   .319E+02        5.3   .460     20.28  .431E-02
    5   70   84.3   85.5    1   .667E+02  -.169E+02       -3.9   .424     23.71  .930E+00
    6   71   76.6   83.7    1   .580E+02  -.734E+01       -2.1   .428     23.87  .953E+00
    7   72   68.9   82.1    1   .452E+02  -.570E+01        -.5   .430     23.89  .953E+00
    8   73   61.0   80.8    1   .369E+02  -.464E+01         .9   .430     23.82  .945E+00
    9   74   53.2   79.6    1   .289E+02  -.362E+01        2.1   .430     23.69  .925E+00
   10   75   45.2   78.6    1   .235E+02  -.293E+01        3.1   .430     23.54  .905E+00
   11   76   37.2   77.8    1   .195E+02  -.243E+01        3.8   .430     23.39  .881E+00
   12   77   29.2   77.2    1   .167E+02  -.207E+01        4.4   .430     23.27  .860E+00
   13   78   21.1   76.9    1   .149E+02  -.184E+01        4.8   .430     23.17  .843E+00
   14   79   13.0   76.7    1   .140E+02  -.173E+01        5.0   .430     23.12  .833E+00
   15   80    4.9   76.7    1   .139E+02  -.172E+01        5.0   .430     23.11  .833E+00
   16   81   -3.2   76.9    1   .147E+02  -.181E+01        4.8   .430     23.16  .841E+00
   17   82  -11.3   77.2    1   .163E+02  -.201E+01        4.5   .430     23.24  .858E+00
   18   83  -19.4   77.8    1   .190E+02  -.234E+01        3.9   .430     23.36  .880E+00
   19   84  -27.5   78.5    1   .230E+02  -.283E+01        3.2   .430     23.50  .903E+00
   20   85  -35.5   79.4    1   .290E+02  -.357E+01        2.3   .430     23.64  .925E+00
   21   86  -43.6   80.4    1   .378E+02  -.467E+01        1.2   .430     23.77  .945E+00
   22   87  -51.6   81.7    1   .513E+02  -.636E+01         .0   .430     23.84  .951E+00
   23   88  -59.5   83.0    1   .920E+02  -.228E+02       -1.4   .429     23.88  .947E+00


 Time:      4.0000

    i    n    x      z    Code     Q          v           h       th       Temp     Conc
                                 [V/T]      [L/T]        [L]     [-]        [C]    [M/L3]

    1   17 -200.0   14.7    1  -.204E+03   .278E+02        5.3   .460     20.28  .491E-02
    2   18 -200.0     .0    1  -.517E+02   .705E+01       20.0   .460     20.27  .122E-02
    3   44  200.0     .0    1  -.537E+02   .733E+01       20.0   .460     20.49  .534E-02
    4   45  200.0   14.7    1  -.241E+03   .329E+02        5.3   .460     20.51  .196E-01
    5   70   84.3   85.5    1   .652E+02  -.165E+02       -3.9   .424     23.86  .946E+00
    6   71   76.6   83.7    1   .564E+02  -.712E+01       -2.1   .428     24.02  .965E+00
    7   72   68.9   82.1    1   .438E+02  -.552E+01        -.5   .430     24.03  .965E+00
    8   73   61.0   80.8    1   .357E+02  -.449E+01         .9   .430     23.97  .958E+00
    9   74   53.2   79.6    1   .280E+02  -.350E+01        2.1   .430     23.85  .940E+00
   10   75   45.2   78.6    1   .227E+02  -.283E+01        3.1   .430     23.71  .922E+00
   11   76   37.2   77.8    1   .189E+02  -.235E+01        3.8   .430     23.57  .898E+00
   12   77   29.2   77.2    1   .161E+02  -.200E+01        4.4   .430     23.45  .878E+00
   13   78   21.1   76.9    1   .144E+02  -.178E+01        4.8   .430     23.36  .861E+00
   14   79   13.0   76.7    1   .135E+02  -.167E+01        5.0   .430     23.30  .851E+00
   15   80    4.9   76.7    1   .134E+02  -.166E+01        5.0   .430     23.30  .850E+00
   16   81   -3.2   76.9    1   .142E+02  -.174E+01        4.8   .430     23.33  .859E+00
   17   82  -11.3   77.2    1   .157E+02  -.194E+01        4.5   .430     23.41  .875E+00
   18   83  -19.4   77.8    1   .183E+02  -.225E+01        3.9   .430     23.52  .896E+00
   19   84  -27.5   78.5    1   .221E+02  -.272E+01        3.2   .430     23.65  .919E+00
   20   85  -35.5   79.4    1   .278E+02  -.344E+01        2.3   .430     23.78  .939E+00
   21   86  -43.6   80.4    1   .363E+02  -.449E+01        1.2   .430     23.90  .956E+00
   22   87  -51.6   81.7    1   .494E+02  -.612E+01         .0   .430     23.97  .962E+00
   23   88  -59.5   83.0    1   .890E+02  -.221E+02       -1.4   .429     24.00  .959E+00


 Time:      5.0000

    i    n    x      z    Code     Q          v           h       th       Temp     Conc
                                 [V/T]      [L/T]        [L]     [-]        [C]    [M/L3]

    1   17 -200.0   14.7    1  -.209E+03   .285E+02        5.3   .460     20.44  .169E-01
    2   18 -200.0     .0    1  -.528E+02   .720E+01       20.0   .460     20.44  .524E-02
    3   44  200.0     .0    1  -.545E+02   .743E+01       20.0   .460     20.73  .166E-01
    4   45  200.0   14.7    1  -.245E+03   .335E+02        5.3   .460     20.74  .509E-01
    5   70   84.3   85.5    1   .645E+02  -.163E+02       -3.9   .424     24.02  .957E+00
    6   71   76.6   83.7    1   .555E+02  -.702E+01       -2.1   .428     24.17  .973E+00
    7   72   68.9   82.1    1   .431E+02  -.542E+01        -.5   .430     24.19  .973E+00
    8   73   61.0   80.8    1   .352E+02  -.441E+01         .9   .430     24.13  .966E+00
    9   74   53.2   79.6    1   .275E+02  -.344E+01        2.1   .430     24.01  .951E+00
   10   75   45.2   78.6    1   .223E+02  -.278E+01        3.1   .430     23.88  .934E+00
   11   76   37.2   77.8    1   .185E+02  -.230E+01        3.8   .430     23.75  .912E+00
   12   77   29.2   77.2    1   .158E+02  -.196E+01        4.4   .430     23.64  .893E+00
   13   78   21.1   76.9    1   .141E+02  -.175E+01        4.8   .430     23.55  .876E+00
   14   79   13.0   76.7    1   .132E+02  -.164E+01        5.0   .430     23.50  .866E+00
   15   80    4.9   76.7    1   .132E+02  -.162E+01        5.0   .430     23.49  .865E+00
   16   81   -3.2   76.9    1   .139E+02  -.171E+01        4.8   .430     23.52  .874E+00
   17   82  -11.3   77.2    1   .154E+02  -.190E+01        4.5   .430     23.59  .890E+00
   18   83  -19.4   77.8    1   .179E+02  -.220E+01        3.9   .430     23.69  .910E+00
   19   84  -27.5   78.5    1   .216E+02  -.267E+01        3.2   .430     23.81  .931E+00
   20   85  -35.5   79.4    1   .273E+02  -.336E+01        2.3   .430     23.94  .949E+00
   21   86  -43.6   80.4    1   .356E+02  -.440E+01        1.2   .430     24.05  .964E+00
   22   87  -51.6   81.7    1   .484E+02  -.600E+01         .0   .430     24.10  .970E+00
   23   88  -59.5   83.0    1   .873E+02  -.217E+02       -1.4   .429     24.13  .967E+00


 Time:      6.0000

    i    n    x      z    Code     Q          v           h       th       Temp     Conc
                                 [V/T]      [L/T]        [L]     [-]        [C]    [M/L3]

    1   17 -200.0   14.7    1  -.212E+03   .288E+02        5.3   .460     20.62  .389E-01
    2   18 -200.0     .0    1  -.535E+02   .729E+01       20.0   .460     20.62  .144E-01
    3   44  200.0     .0    1  -.549E+02   .749E+01       20.0   .460     20.97  .368E-01
    4   45  200.0   14.7    1  -.248E+03   .338E+02        5.3   .460     20.98  .966E-01
    5   70   84.3   85.5    1   .642E+02  -.162E+02       -3.9   .424     24.17  .965E+00
    6   71   76.6   83.7    1   .551E+02  -.696E+01       -2.1   .428     24.32  .978E+00
    7   72   68.9   82.1    1   .427E+02  -.537E+01        -.5   .430     24.35  .978E+00
    8   73   61.0   80.8    1   .348E+02  -.437E+01         .9   .430     24.29  .972E+00
    9   74   53.2   79.6    1   .273E+02  -.341E+01        2.1   .430     24.18  .959E+00
   10   75   45.2   78.6    1   .221E+02  -.276E+01        3.1   .430     24.06  .943E+00
   11   76   37.2   77.8    1   .183E+02  -.228E+01        3.8   .430     23.93  .924E+00
   12   77   29.2   77.2    1   .157E+02  -.194E+01        4.4   .430     23.83  .905E+00
   13   78   21.1   76.9    1   .140E+02  -.173E+01        4.8   .430     23.74  .889E+00
   14   79   13.0   76.7    1   .131E+02  -.162E+01        5.0   .430     23.69  .879E+00
   15   80    4.9   76.7    1   .130E+02  -.161E+01        5.0   .430     23.68  .878E+00
   16   81   -3.2   76.9    1   .137E+02  -.169E+01        4.8   .430     23.71  .887E+00
   17   82  -11.3   77.2    1   .152E+02  -.187E+01        4.5   .430     23.77  .902E+00
   18   83  -19.4   77.8    1   .176E+02  -.217E+01        3.9   .430     23.87  .921E+00
   19   84  -27.5   78.5    1   .214E+02  -.263E+01        3.2   .430     23.98  .940E+00
   20   85  -35.5   79.4    1   .269E+02  -.332E+01        2.3   .430     24.09  .957E+00
   21   86  -43.6   80.4    1   .351E+02  -.434E+01        1.2   .430     24.19  .970E+00
   22   87  -51.6   81.7    1   .478E+02  -.592E+01         .0   .430     24.24  .975E+00
   23   88  -59.5   83.0    1   .864E+02  -.214E+02       -1.4   .429     24.26  .974E+00


 Time:      8.0000

    i    n    x      z    Code     Q          v           h       th       Temp     Conc
                                 [V/T]      [L/T]        [L]     [-]        [C]    [M/L3]

    1   17 -200.0   14.7    1  -.215E+03   .293E+02        5.3   .460     20.98  .110E+00
    2   18 -200.0     .0    1  -.541E+02   .738E+01       20.0   .460     20.99  .520E-01
    3   44  200.0     .0    1  -.553E+02   .754E+01       20.0   .460     21.43  .102E+00
    4   45  200.0   14.7    1  -.250E+03   .340E+02        5.3   .460     21.44  .212E+00
    5   70   84.3   85.5    1   .638E+02  -.162E+02       -3.9   .424     24.48  .976E+00
    6   71   76.6   83.7    1   .547E+02  -.691E+01       -2.1   .428     24.63  .985E+00
    7   72   68.9   82.1    1   .423E+02  -.533E+01        -.5   .430     24.66  .985E+00
    8   73   61.0   80.8    1   .345E+02  -.433E+01         .9   .430     24.61  .980E+00
    9   74   53.2   79.6    1   .270E+02  -.338E+01        2.1   .430     24.52  .970E+00
   10   75   45.2   78.6    1   .219E+02  -.273E+01        3.1   .430     24.40  .957E+00
   11   76   37.2   77.8    1   .182E+02  -.226E+01        3.8   .430     24.29  .940E+00
   12   77   29.2   77.2    1   .155E+02  -.192E+01        4.4   .430     24.19  .924E+00
   13   78   21.1   76.9    1   .138E+02  -.171E+01        4.8   .430     24.11  .910E+00
   14   79   13.0   76.7    1   .130E+02  -.160E+01        5.0   .430     24.07  .901E+00
   15   80    4.9   76.7    1   .129E+02  -.159E+01        5.0   .430     24.05  .900E+00
   16   81   -3.2   76.9    1   .135E+02  -.167E+01        4.8   .430     24.08  .907E+00
   17   82  -11.3   77.2    1   .150E+02  -.185E+01        4.5   .430     24.13  .921E+00
   18   83  -19.4   77.8    1   .174E+02  -.215E+01        3.9   .430     24.21  .937E+00
   19   84  -27.5   78.5    1   .211E+02  -.260E+01        3.2   .430     24.30  .954E+00
   20   85  -35.5   79.4    1   .266E+02  -.328E+01        2.3   .430     24.40  .967E+00
   21   86  -43.6   80.4    1   .347E+02  -.429E+01        1.2   .430     24.49  .978E+00
   22   87  -51.6   81.7    1   .472E+02  -.585E+01         .0   .430     24.52  .982E+00
   23   88  -59.5   83.0    1   .854E+02  -.212E+02       -1.4   .429     24.53  .982E+00


 Time:     10.0000

    i    n    x      z    Code     Q          v           h       th       Temp     Conc
                                 [V/T]      [L/T]        [L]     [-]        [C]    [M/L3]

    1   17 -200.0   14.7    1  -.216E+03   .294E+02        5.3   .460     21.35  .199E+00
    2   18 -200.0     .0    1  -.544E+02   .742E+01       20.0   .460     21.35  .112E+00
    3   44  200.0     .0    1  -.554E+02   .756E+01       20.0   .460     21.88  .186E+00
    4   45  200.0   14.7    1  -.250E+03   .341E+02        5.3   .460     21.88  .329E+00
    5   70   84.3   85.5    1   .638E+02  -.161E+02       -3.9   .424     24.78  .983E+00
    6   71   76.6   83.7    1   .546E+02  -.690E+01       -2.1   .428     24.93  .990E+00
    7   72   68.9   82.1    1   .422E+02  -.532E+01        -.5   .430     24.96  .989E+00
    8   73   61.0   80.8    1   .345E+02  -.433E+01         .9   .430     24.92  .985E+00
    9   74   53.2   79.6    1   .270E+02  -.337E+01        2.1   .430     24.83  .977E+00
   10   75   45.2   78.6    1   .219E+02  -.273E+01        3.1   .430     24.72  .966E+00
   11   76   37.2   77.8    1   .181E+02  -.226E+01        3.8   .430     24.62  .952E+00
   12   77   29.2   77.2    1   .155E+02  -.192E+01        4.4   .430     24.53  .938E+00
   13   78   21.1   76.9    1   .138E+02  -.171E+01        4.8   .430     24.45  .926E+00
   14   79   13.0   76.7    1   .129E+02  -.160E+01        5.0   .430     24.41  .918E+00
   15   80    4.9   76.7    1   .128E+02  -.158E+01        5.0   .430     24.40  .917E+00
   16   81   -3.2   76.9    1   .135E+02  -.166E+01        4.8   .430     24.41  .923E+00
   17   82  -11.3   77.2    1   .150E+02  -.184E+01        4.5   .430     24.46  .935E+00
   18   83  -19.4   77.8    1   .174E+02  -.214E+01        3.9   .430     24.52  .949E+00
   19   84  -27.5   78.5    1   .210E+02  -.259E+01        3.2   .430     24.61  .963E+00
   20   85  -35.5   79.4    1   .265E+02  -.327E+01        2.3   .430     24.69  .974E+00
   21   86  -43.6   80.4    1   .346E+02  -.427E+01        1.2   .430     24.77  .983E+00
   22   87  -51.6   81.7    1   .471E+02  -.583E+01         .0   .430     24.80  .987E+00
   23   88  -59.5   83.0    1   .851E+02  -.211E+02       -1.4   .429     24.80  .987E+00


 Time:     12.0000

    i    n    x      z    Code     Q          v           h       th       Temp     Conc
                                 [V/T]      [L/T]        [L]     [-]        [C]    [M/L3]

    1   17 -200.0   14.7    1  -.216E+03   .295E+02        5.3   .460     21.71  .291E+00
    2   18 -200.0     .0    1  -.545E+02   .743E+01       20.0   .460     21.71  .183E+00
    3   44  200.0     .0    1  -.554E+02   .756E+01       20.0   .460     22.30  .274E+00
    4   45  200.0   14.7    1  -.250E+03   .341E+02        5.3   .460     22.31  .433E+00
    5   70   84.3   85.5    1   .637E+02  -.161E+02       -3.9   .424     25.07  .987E+00
    6   71   76.6   83.7    1   .546E+02  -.690E+01       -2.1   .428     25.20  .992E+00
    7   72   68.9   82.1    1   .422E+02  -.532E+01        -.5   .430     25.24  .992E+00
    8   73   61.0   80.8    1   .344E+02  -.432E+01         .9   .430     25.20  .988E+00
    9   74   53.2   79.6    1   .270E+02  -.337E+01        2.1   .430     25.12  .981E+00
   10   75   45.2   78.6    1   .218E+02  -.272E+01        3.1   .430     25.02  .973E+00
   11   76   37.2   77.8    1   .181E+02  -.225E+01        3.8   .430     24.93  .961E+00
   12   77   29.2   77.2    1   .155E+02  -.192E+01        4.4   .430     24.84  .949E+00
   13   78   21.1   76.9    1   .138E+02  -.170E+01        4.8   .430     24.77  .938E+00
   14   79   13.0   76.7    1   .129E+02  -.160E+01        5.0   .430     24.73  .931E+00
   15   80    4.9   76.7    1   .128E+02  -.158E+01        5.0   .430     24.71  .930E+00
   16   81   -3.2   76.9    1   .135E+02  -.166E+01        4.8   .430     24.72  .936E+00
   17   82  -11.3   77.2    1   .150E+02  -.184E+01        4.5   .430     24.76  .946E+00
   18   83  -19.4   77.8    1   .174E+02  -.214E+01        3.9   .430     24.82  .958E+00
   19   84  -27.5   78.5    1   .210E+02  -.259E+01        3.2   .430     24.89  .970E+00
   20   85  -35.5   79.4    1   .264E+02  -.326E+01        2.3   .430     24.97  .979E+00
   21   86  -43.6   80.4    1   .345E+02  -.427E+01        1.2   .430     25.03  .987E+00
   22   87  -51.6   81.7    1   .470E+02  -.582E+01         .0   .430     25.05  .990E+00
   23   88  -59.5   83.0    1   .850E+02  -.211E+02       -1.4   .429     25.05  .990E+00


 Time:     14.0000

    i    n    x      z    Code     Q          v           h       th       Temp     Conc
                                 [V/T]      [L/T]        [L]     [-]        [C]    [M/L3]

    1   17 -200.0   14.7    1  -.216E+03   .295E+02        5.3   .460     22.06  .376E+00
    2   18 -200.0     .0    1  -.545E+02   .743E+01       20.0   .460     22.07  .256E+00
    3   44  200.0     .0    1  -.554E+02   .756E+01       20.0   .460     22.71  .357E+00
    4   45  200.0   14.7    1  -.250E+03   .341E+02        5.3   .460     22.71  .518E+00
    5   70   84.3   85.5    1   .637E+02  -.161E+02       -3.9   .424     25.34  .990E+00
    6   71   76.6   83.7    1   .546E+02  -.690E+01       -2.1   .428     25.47  .994E+00
    7   72   68.9   82.1    1   .422E+02  -.532E+01        -.5   .430     25.50  .993E+00
    8   73   61.0   80.8    1   .344E+02  -.432E+01         .9   .430     25.47  .991E+00
    9   74   53.2   79.6    1   .270E+02  -.337E+01        2.1   .430     25.39  .985E+00
   10   75   45.2   78.6    1   .218E+02  -.272E+01        3.1   .430     25.30  .977E+00
   11   76   37.2   77.8    1   .181E+02  -.225E+01        3.8   .430     25.21  .967E+00
   12   77   29.2   77.2    1   .155E+02  -.192E+01        4.4   .430     25.13  .957E+00
   13   78   21.1   76.9    1   .138E+02  -.170E+01        4.8   .430     25.06  .947E+00
   14   79   13.0   76.7    1   .129E+02  -.160E+01        5.0   .430     25.02  .941E+00
   15   80    4.9   76.7    1   .128E+02  -.158E+01        5.0   .430     25.00  .941E+00
   16   81   -3.2   76.9    1   .135E+02  -.166E+01        4.8   .430     25.01  .945E+00
   17   82  -11.3   77.2    1   .149E+02  -.184E+01        4.5   .430     25.04  .954E+00
   18   83  -19.4   77.8    1   .173E+02  -.214E+01        3.9   .430     25.09  .965E+00
   19   84  -27.5   78.5    1   .210E+02  -.259E+01        3.2   .430     25.16  .975E+00
   20   85  -35.5   79.4    1   .264E+02  -.326E+01        2.3   .430     25.23  .983E+00
   21   86  -43.6   80.4    1   .345E+02  -.426E+01        1.2   .430     25.28  .989E+00
   22   87  -51.6   81.7    1   .470E+02  -.582E+01         .0   .430     25.30  .992E+00
   23   88  -59.5   83.0    1   .850E+02  -.211E+02       -1.4   .429     25.29  .992E+00


 Time:     16.0000

    i    n    x      z    Code     Q          v           h       th       Temp     Conc
                                 [V/T]      [L/T]        [L]     [-]        [C]    [M/L3]

    1   17 -200.0   14.7    1  -.216E+03   .295E+02        5.3   .460     22.41  .450E+00
    2   18 -200.0     .0    1  -.545E+02   .743E+01       20.0   .460     22.41  .327E+00
    3   44  200.0     .0    1  -.554E+02   .756E+01       20.0   .460     23.10  .431E+00
    4   45  200.0   14.7    1  -.250E+03   .341E+02        5.3   .460     23.10  .586E+00
    5   70   84.3   85.5    1   .637E+02  -.161E+02       -3.9   .424     25.59  .992E+00
    6   71   76.6   83.7    1   .546E+02  -.690E+01       -2.1   .428     25.71  .995E+00
    7   72   68.9   82.1    1   .422E+02  -.532E+01        -.5   .430     25.74  .995E+00
    8   73   61.0   80.8    1   .344E+02  -.432E+01         .9   .430     25.72  .992E+00
    9   74   53.2   79.6    1   .270E+02  -.337E+01        2.1   .430     25.64  .987E+00
   10   75   45.2   78.6    1   .218E+02  -.272E+01        3.1   .430     25.56  .981E+00
   11   76   37.2   77.8    1   .181E+02  -.225E+01        3.8   .430     25.47  .972E+00
   12   77   29.2   77.2    1   .155E+02  -.192E+01        4.4   .430     25.39  .963E+00
   13   78   21.1   76.9    1   .138E+02  -.170E+01        4.8   .430     25.33  .955E+00
   14   79   13.0   76.7    1   .129E+02  -.160E+01        5.0   .430     25.29  .949E+00
   15   80    4.9   76.7    1   .128E+02  -.158E+01        5.0   .430     25.27  .949E+00
   16   81   -3.2   76.9    1   .135E+02  -.166E+01        4.8   .430     25.28  .953E+00
   17   82  -11.3   77.2    1   .149E+02  -.184E+01        4.5   .430     25.30  .961E+00
   18   83  -19.4   77.8    1   .173E+02  -.214E+01        3.9   .430     25.35  .970E+00
   19   84  -27.5   78.5    1   .210E+02  -.259E+01        3.2   .430     25.41  .979E+00
   20   85  -35.5   79.4    1   .264E+02  -.326E+01        2.3   .430     25.47  .986E+00
   21   86  -43.6   80.4    1   .345E+02  -.426E+01        1.2   .430     25.52  .991E+00
   22   87  -51.6   81.7    1   .470E+02  -.582E+01         .0   .430     25.53  .993E+00
   23   88  -59.5   83.0    1   .850E+02  -.211E+02       -1.4   .429     25.52  .994E+00


 Time:     18.0000

    i    n    x      z    Code     Q          v           h       th       Temp     Conc
                                 [V/T]      [L/T]        [L]     [-]        [C]    [M/L3]

    1   17 -200.0   14.7    1  -.216E+03   .295E+02        5.3   .460     22.74  .514E+00
    2   18 -200.0     .0    1  -.545E+02   .743E+01       20.0   .460     22.75  .391E+00
    3   44  200.0     .0    1  -.554E+02   .756E+01       20.0   .460     23.47  .494E+00
    4   45  200.0   14.7    1  -.250E+03   .341E+02        5.3   .460     23.47  .641E+00
    5   70   84.3   85.5    1   .637E+02  -.161E+02       -3.9   .424     25.83  .993E+00
    6   71   76.6   83.7    1   .546E+02  -.690E+01       -2.1   .428     25.95  .996E+00
    7   72   68.9   82.1    1   .422E+02  -.532E+01        -.5   .430     25.97  .995E+00
    8   73   61.0   80.8    1   .344E+02  -.432E+01         .9   .430     25.95  .993E+00
    9   74   53.2   79.6    1   .270E+02  -.337E+01        2.1   .430     25.88  .989E+00
   10   75   45.2   78.6    1   .218E+02  -.272E+01        3.1   .430     25.80  .984E+00
   11   76   37.2   77.8    1   .181E+02  -.225E+01        3.8   .430     25.72  .976E+00
   12   77   29.2   77.2    1   .155E+02  -.192E+01        4.4   .430     25.64  .968E+00
   13   78   21.1   76.9    1   .138E+02  -.170E+01        4.8   .430     25.58  .961E+00
   14   79   13.0   76.7    1   .129E+02  -.160E+01        5.0   .430     25.54  .956E+00
   15   80    4.9   76.7    1   .128E+02  -.158E+01        5.0   .430     25.52  .955E+00
   16   81   -3.2   76.9    1   .135E+02  -.166E+01        4.8   .430     25.52  .959E+00
   17   82  -11.3   77.2    1   .149E+02  -.184E+01        4.5   .430     25.55  .966E+00
   18   83  -19.4   77.8    1   .173E+02  -.214E+01        3.9   .430     25.59  .974E+00
   19   84  -27.5   78.5    1   .210E+02  -.259E+01        3.2   .430     25.64  .982E+00
   20   85  -35.5   79.4    1   .264E+02  -.326E+01        2.3   .430     25.70  .988E+00
   21   86  -43.6   80.4    1   .345E+02  -.426E+01        1.2   .430     25.74  .992E+00
   22   87  -51.6   81.7    1   .470E+02  -.582E+01         .0   .430     25.75  .994E+00
   23   88  -59.5   83.0    1   .850E+02  -.211E+02       -1.4   .429     25.74  .995E+00


 Time:     20.0000

    i    n    x      z    Code     Q          v           h       th       Temp     Conc
                                 [V/T]      [L/T]        [L]     [-]        [C]    [M/L3]

    1   17 -200.0   14.7    1  -.216E+03   .295E+02        5.3   .460     23.07  .567E+00
    2   18 -200.0     .0    1  -.545E+02   .743E+01       20.0   .460     23.08  .449E+00
    3   44  200.0     .0    1  -.554E+02   .756E+01       20.0   .460     23.82  .549E+00
    4   45  200.0   14.7    1  -.250E+03   .341E+02        5.3   .460     23.82  .685E+00
    5   70   84.3   85.5    1   .637E+02  -.161E+02       -3.9   .424     26.05  .994E+00
    6   71   76.6   83.7    1   .546E+02  -.690E+01       -2.1   .428     26.17  .997E+00
    7   72   68.9   82.1    1   .422E+02  -.532E+01        -.5   .430     26.19  .996E+00
    8   73   61.0   80.8    1   .344E+02  -.432E+01         .9   .430     26.17  .994E+00
    9   74   53.2   79.6    1   .270E+02  -.337E+01        2.1   .430     26.10  .991E+00
   10   75   45.2   78.6    1   .218E+02  -.272E+01        3.1   .430     26.03  .986E+00
   11   76   37.2   77.8    1   .181E+02  -.225E+01        3.8   .430     25.95  .979E+00
   12   77   29.2   77.2    1   .155E+02  -.192E+01        4.4   .430     25.87  .972E+00
   13   78   21.1   76.9    1   .138E+02  -.170E+01        4.8   .430     25.82  .966E+00
   14   79   13.0   76.7    1   .129E+02  -.160E+01        5.0   .430     25.78  .961E+00
   15   80    4.9   76.7    1   .128E+02  -.158E+01        5.0   .430     25.76  .961E+00
   16   81   -3.2   76.9    1   .135E+02  -.166E+01        4.8   .430     25.76  .964E+00
   17   82  -11.3   77.2    1   .149E+02  -.184E+01        4.5   .430     25.78  .970E+00
   18   83  -19.4   77.8    1   .173E+02  -.214E+01        3.9   .430     25.82  .977E+00
   19   84  -27.5   78.5    1   .210E+02  -.259E+01        3.2   .430     25.86  .984E+00
   20   85  -35.5   79.4    1   .264E+02  -.326E+01        2.3   .430     25.91  .989E+00
   21   86  -43.6   80.4    1   .345E+02  -.426E+01        1.2   .430     25.95  .993E+00
   22   87  -51.6   81.7    1   .470E+02  -.582E+01         .0   .430     25.96  .995E+00
   23   88  -59.5   83.0    1   .850E+02  -.211E+02       -1.4   .429     25.95  .996E+00


 Time:     22.5000

    i    n    x      z    Code     Q          v           h       th       Temp     Conc
                                 [V/T]      [L/T]        [L]     [-]        [C]    [M/L3]

    1   17 -200.0   14.7    1  -.216E+03   .295E+02        5.3   .460     23.47  .623E+00
    2   18 -200.0     .0    1  -.545E+02   .743E+01       20.0   .460     23.47  .513E+00
    3   44  200.0     .0    1  -.554E+02   .756E+01       20.0   .460     24.23  .607E+00
    4   45  200.0   14.7    1  -.250E+03   .341E+02        5.3   .460     24.24  .730E+00
    5   70   84.3   85.5    1   .637E+02  -.161E+02       -3.9   .424     26.32  .995E+00
    6   71   76.6   83.7    1   .546E+02  -.690E+01       -2.1   .428     26.42  .997E+00
    7   72   68.9   82.1    1   .422E+02  -.532E+01        -.5   .430     26.45  .997E+00
    8   73   61.0   80.8    1   .344E+02  -.432E+01         .9   .430     26.42  .995E+00
    9   74   53.2   79.6    1   .270E+02  -.337E+01        2.1   .430     26.36  .992E+00
   10   75   45.2   78.6    1   .218E+02  -.272E+01        3.1   .430     26.29  .988E+00
   11   76   37.2   77.8    1   .181E+02  -.225E+01        3.8   .430     26.21  .982E+00
   12   77   29.2   77.2    1   .155E+02  -.192E+01        4.4   .430     26.14  .976E+00
   13   78   21.1   76.9    1   .138E+02  -.170E+01        4.8   .430     26.09  .970E+00
   14   79   13.0   76.7    1   .129E+02  -.160E+01        5.0   .430     26.05  .967E+00
   15   80    4.9   76.7    1   .128E+02  -.158E+01        5.0   .430     26.03  .966E+00
   16   81   -3.2   76.9    1   .135E+02  -.166E+01        4.8   .430     26.03  .969E+00
   17   82  -11.3   77.2    1   .149E+02  -.184E+01        4.5   .430     26.05  .974E+00
   18   83  -19.4   77.8    1   .173E+02  -.214E+01        3.9   .430     26.08  .980E+00
   19   84  -27.5   78.5    1   .210E+02  -.259E+01        3.2   .430     26.12  .986E+00
   20   85  -35.5   79.4    1   .264E+02  -.326E+01        2.3   .430     26.17  .991E+00
   21   86  -43.6   80.4    1   .345E+02  -.426E+01        1.2   .430     26.20  .994E+00
   22   87  -51.6   81.7    1   .470E+02  -.582E+01         .0   .430     26.20  .996E+00
   23   88  -59.5   83.0    1   .850E+02  -.211E+02       -1.4   .429     26.19  .996E+00


 Time:     25.0000

    i    n    x      z    Code     Q          v           h       th       Temp     Conc
                                 [V/T]      [L/T]        [L]     [-]        [C]    [M/L3]

    1   17 -200.0   14.7    1  -.216E+03   .295E+02        5.3   .460     23.84  .669E+00
    2   18 -200.0     .0    1  -.545E+02   .743E+01       20.0   .460     23.85  .568E+00
    3   44  200.0     .0    1  -.554E+02   .756E+01       20.0   .460     24.62  .655E+00
    4   45  200.0   14.7    1  -.250E+03   .341E+02        5.3   .460     24.62  .765E+00
    5   70   84.3   85.5    1   .637E+02  -.161E+02       -3.9   .424     26.56  .996E+00
    6   71   76.6   83.7    1   .546E+02  -.690E+01       -2.1   .428     26.66  .998E+00
    7   72   68.9   82.1    1   .422E+02  -.532E+01        -.5   .430     26.68  .997E+00
    8   73   61.0   80.8    1   .344E+02  -.432E+01         .9   .430     26.66  .996E+00
    9   74   53.2   79.6    1   .270E+02  -.337E+01        2.1   .430     26.60  .993E+00
   10   75   45.2   78.6    1   .218E+02  -.272E+01        3.1   .430     26.53  .990E+00
   11   76   37.2   77.8    1   .181E+02  -.225E+01        3.8   .430     26.46  .985E+00
   12   77   29.2   77.2    1   .155E+02  -.192E+01        4.4   .430     26.40  .979E+00
   13   78   21.1   76.9    1   .138E+02  -.170E+01        4.8   .430     26.34  .974E+00
   14   79   13.0   76.7    1   .129E+02  -.160E+01        5.0   .430     26.30  .971E+00
   15   80    4.9   76.7    1   .128E+02  -.158E+01        5.0   .430     26.28  .971E+00
   16   81   -3.2   76.9    1   .135E+02  -.166E+01        4.8   .430     26.28  .973E+00
   17   82  -11.3   77.2    1   .149E+02  -.184E+01        4.5   .430     26.30  .978E+00
   18   83  -19.4   77.8    1   .173E+02  -.214E+01        3.9   .430     26.33  .983E+00
   19   84  -27.5   78.5    1   .210E+02  -.259E+01        3.2   .430     26.36  .988E+00
   20   85  -35.5   79.4    1   .264E+02  -.326E+01        2.3   .430     26.40  .992E+00
   21   86  -43.6   80.4    1   .345E+02  -.426E+01        1.2   .430     26.43  .995E+00
   22   87  -51.6   81.7    1   .470E+02  -.582E+01         .0   .430     26.43  .997E+00
   23   88  -59.5   83.0    1   .850E+02  -.211E+02       -1.4   .429     26.42  .997E+00
