

     Time         hAtm       hRoot     hKode3     hKode1      hSeep     hKode5     hKode6 ... 
      [T]          [L]        [L]        [L]        [L]        [L]        [L]        [L]

       .0333         .0         .0         .0        4.2         .0         .0         .0
       .0571         .0         .0         .0        4.2         .0         .0         .0
       .0730         .0         .0         .0        4.2         .0         .0         .0
       .0846         .0         .0         .0        4.2         .0         .0         .0
       .0928         .0         .0         .0        4.2         .0         .0         .0
       .0984         .0         .0         .0        4.2         .0         .0         .0
       .0997         .0         .0         .0        4.2         .0         .0         .0
       .1011         .0         .0         .0        4.2         .0         .0         .0
       .1024         .0         .0         .0        4.2         .0         .0         .0
       .1037         .0         .0         .0        4.2         .0         .0         .0
       .1050         .0         .0         .0        4.2         .0         .0         .0
       .1063         .0         .0         .0        4.2         .0         .0         .0
       .1080         .0         .0         .0        4.2         .0         .0         .0
       .1097         .0         .0         .0        4.2         .0         .0         .0
       .1114         .0         .0         .0        4.2         .0         .0         .0
       .1131         .0         .0         .0        4.2         .0         .0         .0
       .1148         .0         .0         .0        4.2         .0         .0         .0
       .1165         .0         .0         .0        4.2         .0         .0         .0
       .1182         .0         .0         .0        4.2         .0         .0         .0
       .1199         .0         .0         .0        4.2         .0         .0         .0
       .1216         .0         .0         .0        4.2         .0         .0         .0
       .1233         .0         .0         .0        4.2         .0         .0         .0
       .1250         .0         .0         .0        4.2         .0         .0         .0
       .1267         .0         .0         .0        4.2         .0         .0         .0
       .1284         .0         .0         .0        4.2         .0         .0         .0
       .1301         .0         .0         .0        4.2         .0         .0         .0
       .1318         .0         .0         .0        4.2         .0         .0         .0
       .1335         .0         .0         .0        4.2         .0         .0         .0
       .1345         .0         .0         .0        4.2         .0         .0         .0
       .1355         .0         .0         .0        4.2         .0         .0         .0
       .1365         .0         .0         .0        4.2         .0         .0         .0
       .1378         .0         .0         .0        4.2         .0         .0         .0
       .1391         .0         .0         .0        4.2         .0         .0         .0
       .1404         .0         .0         .0        4.2         .0         .0         .0
       .1417         .0         .0         .0        4.2         .0         .0         .0
       .1434         .0         .0         .0        4.2         .0         .0         .0
       .1452         .0         .0         .0        4.2         .0         .0         .0
       .1469         .0         .0         .0        4.2         .0         .0         .0
       .1486         .0         .0         .0        4.2         .0         .0         .0
       .1503         .0         .0         .0        4.2         .0         .0         .0
       .1520         .0         .0         .0        4.2         .0         .0         .0
       .1542         .0         .0         .0        4.2         .0         .0         .0
       .1564         .0         .0         .0        4.2         .0         .0         .0
       .1586         .0         .0         .0        4.2         .0         .0         .0
       .1607         .0         .0         .0        4.2         .0         .0         .0
       .1629         .0         .0         .0        4.2         .0         .0         .0
       .1651         .0         .0         .0        4.2         .0         .0         .0
       .1673         .0         .0         .0        4.2         .0         .0         .0
       .1703         .0         .0         .0        4.2         .0         .0         .0
       .1732         .0         .0         .0        4.2         .0         .0         .0
       .1762         .0         .0         .0        4.2         .0         .0         .0
       .1772         .0         .0         .0        4.2         .0         .0         .0
       .1785         .0         .0         .0        4.2         .0         .0         .0
       .1797         .0         .0         .0        4.2         .0         .0         .0
       .1814         .0         .0         .0        4.2         .0         .0         .0
       .1837         .0         .0         .0        4.2         .0         .0         .0
       .1861         .0         .0         .0        4.2         .0         .0         .0
       .1884         .0         .0         .0        4.2         .0         .0         .0
       .1907         .0         .0         .0        4.2         .0         .0         .0
       .1938         .0         .0         .0        4.2         .0         .0         .0
       .1969         .0         .0         .0        4.2         .0         .0         .0
       .2000         .0         .0         .0        4.2         .0         .0         .0
       .2029         .0         .0         .0        4.2         .0         .0         .0
       .2066         .0         .0         .0        4.2         .0         .0         .0
       .2103         .0         .0         .0        4.2         .0         .0         .0
       .2140         .0         .0         .0        4.2         .0         .0         .0
       .2177         .0         .0         .0        4.2         .0         .0         .0
       .2214         .0         .0         .0        4.2         .0         .0         .0
       .2251         .0         .0         .0        4.2         .0         .0         .0
       .2300         .0         .0         .0        4.2         .0         .0         .0
       .2348         .0         .0         .0        4.2         .0         .0         .0
       .2396         .0         .0         .0        4.2         .0         .0         .0
       .2444         .0         .0         .0        4.2         .0         .0         .0
       .2493         .0         .0         .0        4.2         .0         .0         .0
       .2541         .0         .0         .0        4.2         .0         .0         .0
       .2589         .0         .0         .0        4.2         .0         .0         .0
       .2637         .0         .0         .0        4.2         .0         .0         .0
       .2685         .0         .0         .0        4.2         .0         .0         .0
       .2734         .0         .0         .0        4.2         .0         .0         .0
       .2782         .0         .0         .0        4.2         .0         .0         .0
       .2830         .0         .0         .0        4.2         .0         .0         .0
       .2878         .0         .0         .0        4.2         .0         .0         .0
       .2927         .0         .0         .0        4.2         .0         .0         .0
       .2975         .0         .0         .0        4.2         .0         .0         .0
       .3023         .0         .0         .0        4.2         .0         .0         .0
       .3071         .0         .0         .0        4.2         .0         .0         .0
       .3133         .0         .0         .0        4.2         .0         .0         .0
       .3196         .0         .0         .0        4.2         .0         .0         .0
       .3258         .0         .0         .0        4.2         .0         .0         .0
       .3320         .0         .0         .0        4.2         .0         .0         .0
       .3382         .0         .0         .0        4.2         .0         .0         .0
       .3444         .0         .0         .0        4.2         .0         .0         .0
       .3507         .0         .0         .0        4.2         .0         .0         .0
       .3569         .0         .0         .0        4.2         .0         .0         .0
       .3631         .0         .0         .0        4.2         .0         .0         .0
       .3675         .0         .0         .0        4.2         .0         .0         .0
       .3733         .0         .0         .0        4.2         .0         .0         .0
       .3807         .0         .0         .0        4.2         .0         .0         .0
       .3882         .0         .0         .0        4.2         .0         .0         .0
       .3957         .0         .0         .0        4.2         .0         .0         .0
       .4051         .0         .0         .0        4.2         .0         .0         .0
       .4146         .0         .0         .0        4.2         .0         .0         .0
       .4241         .0         .0         .0        4.2         .0         .0         .0
       .4336         .0         .0         .0        4.2         .0         .0         .0
       .4431         .0         .0         .0        4.2         .0         .0         .0
       .4526         .0         .0         .0        4.2         .0         .0         .0
       .4644         .0         .0         .0        4.2         .0         .0         .0
       .4763         .0         .0         .0        4.2         .0         .0         .0
       .4881         .0         .0         .0        4.2         .0         .0         .0
       .5000         .0         .0         .0        4.2         .0         .0         .0
       .5125         .0         .0         .0        4.2         .0         .0         .0
       .5250         .0         .0         .0        4.2         .0         .0         .0
       .5375         .0         .0         .0        4.2         .0         .0         .0
       .5500         .0         .0         .0        4.2         .0         .0         .0
       .5625         .0         .0         .0        4.2         .0         .0         .0
       .5750         .0         .0         .0        4.2         .0         .0         .0
       .5875         .0         .0         .0        4.2         .0         .0         .0
       .6000         .0         .0         .0        4.2         .0         .0         .0
       .6125         .0         .0         .0        4.2         .0         .0         .0
       .6250         .0         .0         .0        4.2         .0         .0         .0
       .6413         .0         .0         .0        4.2         .0         .0         .0
       .6576         .0         .0         .0        4.2         .0         .0         .0
       .6739         .0         .0         .0        4.2         .0         .0         .0
       .6902         .0         .0         .0        4.2         .0         .0         .0
       .7065         .0         .0         .0        4.2         .0         .0         .0
       .7228         .0         .0         .0        4.2         .0         .0         .0
       .7391         .0         .0         .0        4.2         .0         .0         .0
       .7609         .0         .0         .0        4.2         .0         .0         .0
       .7826         .0         .0         .0        4.2         .0         .0         .0
       .8043         .0         .0         .0        4.2         .0         .0         .0
       .8261         .0         .0         .0        4.2         .0         .0         .0
       .8478         .0         .0         .0        4.2         .0         .0         .0
       .8696         .0         .0         .0        4.2         .0         .0         .0
       .8913         .0         .0         .0        4.2         .0         .0         .0
       .9130         .0         .0         .0        4.2         .0         .0         .0
       .9348         .0         .0         .0        4.2         .0         .0         .0
       .9674         .0         .0         .0        4.2         .0         .0         .0
      1.0000         .0         .0         .0        4.2         .0         .0         .0
      1.0278         .0         .0         .0        4.2         .0         .0         .0
      1.0556         .0         .0         .0        4.2         .0         .0         .0
      1.0833         .0         .0         .0        4.2         .0         .0         .0
      1.1111         .0         .0         .0        4.2         .0         .0         .0
      1.1389         .0         .0         .0        4.2         .0         .0         .0
      1.1750         .0         .0         .0        4.2         .0         .0         .0
      1.2111         .0         .0         .0        4.2         .0         .0         .0
      1.2472         .0         .0         .0        4.2         .0         .0         .0
      1.2833         .0         .0         .0        4.2         .0         .0         .0
      1.3194         .0         .0         .0        4.2         .0         .0         .0
      1.3646         .0         .0         .0        4.2         .0         .0         .0
      1.4097         .0         .0         .0        4.2         .0         .0         .0
      1.4549         .0         .0         .0        4.2         .0         .0         .0
      1.5000         .0         .0         .0        4.2         .0         .0         .0
      1.5625         .0         .0         .0        4.2         .0         .0         .0
      1.6250         .0         .0         .0        4.2         .0         .0         .0
      1.6875         .0         .0         .0        4.2         .0         .0         .0
      1.7500         .0         .0         .0        4.2         .0         .0         .0
      1.8125         .0         .0         .0        4.2         .0         .0         .0
      1.8750         .0         .0         .0        4.2         .0         .0         .0
      1.9375         .0         .0         .0        4.2         .0         .0         .0
      2.0000         .0         .0         .0        4.2         .0         .0         .0
      2.0769         .0         .0         .0        4.2         .0         .0         .0
      2.1538         .0         .0         .0        4.2         .0         .0         .0
      2.2308         .0         .0         .0        4.2         .0         .0         .0
      2.3077         .0         .0         .0        4.2         .0         .0         .0
      2.4066         .0         .0         .0        4.2         .0         .0         .0
      2.5055         .0         .0         .0        4.2         .0         .0         .0
      2.6044         .0         .0         .0        4.2         .0         .0         .0
      2.7033         .0         .0         .0        4.2         .0         .0         .0
      2.8516         .0         .0         .0        4.2         .0         .0         .0
      3.0000         .0         .0         .0        4.2         .0         .0         .0
      3.1250         .0         .0         .0        4.2         .0         .0         .0
      3.3000         .0         .0         .0        4.2         .0         .0         .0
      3.4750         .0         .0         .0        4.2         .0         .0         .0
      3.6500         .0         .0         .0        4.2         .0         .0         .0
      3.8250         .0         .0         .0        4.2         .0         .0         .0
      4.0000         .0         .0         .0        4.2         .0         .0         .0
      4.2000         .0         .0         .0        4.2         .0         .0         .0
      4.4000         .0         .0         .0        4.2         .0         .0         .0
      4.6000         .0         .0         .0        4.2         .0         .0         .0
      4.8000         .0         .0         .0        4.2         .0         .0         .0
      5.0000         .0         .0         .0        4.2         .0         .0         .0
      5.2000         .0         .0         .0        4.2         .0         .0         .0
      5.4000         .0         .0         .0        4.2         .0         .0         .0
      5.6000         .0         .0         .0        4.2         .0         .0         .0
      5.8000         .0         .0         .0        4.2         .0         .0         .0
      6.0000         .0         .0         .0        4.2         .0         .0         .0
      6.2000         .0         .0         .0        4.2         .0         .0         .0
      6.4000         .0         .0         .0        4.2         .0         .0         .0
      6.6000         .0         .0         .0        4.2         .0         .0         .0
      6.8000         .0         .0         .0        4.2         .0         .0         .0
      7.0000         .0         .0         .0        4.2         .0         .0         .0
      7.2000         .0         .0         .0        4.2         .0         .0         .0
      7.4000         .0         .0         .0        4.2         .0         .0         .0
      7.6000         .0         .0         .0        4.2         .0         .0         .0
      7.8000         .0         .0         .0        4.2         .0         .0         .0
      8.0000         .0         .0         .0        4.2         .0         .0         .0
      8.2000         .0         .0         .0        4.2         .0         .0         .0
      8.4000         .0         .0         .0        4.2         .0         .0         .0
      8.5998         .0         .0         .0        4.2         .0         .0         .0
      8.7994         .0         .0         .0        4.2         .0         .0         .0
      8.9989         .0         .0         .0        4.2         .0         .0         .0
      9.1983         .0         .0         .0        4.2         .0         .0         .0
      9.3975         .0         .0         .0        4.2         .0         .0         .0
      9.5967         .0         .0         .0        4.2         .0         .0         .0
      9.7957         .0         .0         .0        4.2         .0         .0         .0
      9.8978         .0         .0         .0        4.2         .0         .0         .0
     10.0000         .0         .0         .0        4.2         .0         .0         .0
     10.1989         .0         .0         .0        4.2         .0         .0         .0
     10.3977         .0         .0         .0        4.2         .0         .0         .0
     10.5964         .0         .0         .0        4.2         .0         .0         .0
     10.7951         .0         .0         .0        4.2         .0         .0         .0
     10.9938         .0         .0         .0        4.2         .0         .0         .0
     11.1924         .0         .0         .0        4.2         .0         .0         .0
     11.3909         .0         .0         .0        4.2         .0         .0         .0
     11.5895         .0         .0         .0        4.2         .0         .0         .0
     11.7880         .0         .0         .0        4.2         .0         .0         .0
     11.8940         .0         .0         .0        4.2         .0         .0         .0
     12.0000         .0         .0         .0        4.2         .0         .0         .0
     12.1985         .0         .0         .0        4.2         .0         .0         .0
     12.3969         .0         .0         .0        4.2         .0         .0         .0
     12.5953         .0         .0         .0        4.2         .0         .0         .0
     12.7937         .0         .0         .0        4.2         .0         .0         .0
     12.9921         .0         .0         .0        4.2         .0         .0         .0
     13.1905         .0         .0         .0        4.2         .0         .0         .0
     13.3889         .0         .0         .0        4.2         .0         .0         .0
     13.5872         .0         .0         .0        4.2         .0         .0         .0
     13.7856         .0         .0         .0        4.2         .0         .0         .0
     13.8928         .0         .0         .0        4.2         .0         .0         .0
     14.0000         .0         .0         .0        4.2         .0         .0         .0
     14.1983         .0         .0         .0        4.2         .0         .0         .0
     14.3967         .0         .0         .0        4.2         .0         .0         .0
     14.5950         .0         .0         .0        4.2         .0         .0         .0
     14.7933         .0         .0         .0        4.2         .0         .0         .0
     14.9916         .0         .0         .0        4.2         .0         .0         .0
     15.1899         .0         .0         .0        4.2         .0         .0         .0
     15.3882         .0         .0         .0        4.2         .0         .0         .0
     15.5865         .0         .0         .0        4.2         .0         .0         .0
     15.7848         .0         .0         .0        4.2         .0         .0         .0
     15.8924         .0         .0         .0        4.2         .0         .0         .0
     16.0000         .0         .0         .0        4.2         .0         .0         .0
     16.1983         .0         .0         .0        4.2         .0         .0         .0
     16.3966         .0         .0         .0        4.2         .0         .0         .0
     16.5949         .0         .0         .0        4.2         .0         .0         .0
     16.7932         .0         .0         .0        4.2         .0         .0         .0
     16.9915         .0         .0         .0        4.2         .0         .0         .0
     17.1898         .0         .0         .0        4.2         .0         .0         .0
     17.3881         .0         .0         .0        4.2         .0         .0         .0
     17.5863         .0         .0         .0        4.2         .0         .0         .0
     17.7846         .0         .0         .0        4.2         .0         .0         .0
     17.8923         .0         .0         .0        4.2         .0         .0         .0
     18.0000         .0         .0         .0        4.2         .0         .0         .0
     18.1983         .0         .0         .0        4.2         .0         .0         .0
     18.3966         .0         .0         .0        4.2         .0         .0         .0
     18.5949         .0         .0         .0        4.2         .0         .0         .0
     18.7931         .0         .0         .0        4.2         .0         .0         .0
     18.9914         .0         .0         .0        4.2         .0         .0         .0
     19.1897         .0         .0         .0        4.2         .0         .0         .0
     19.3880         .0         .0         .0        4.2         .0         .0         .0
     19.5863         .0         .0         .0        4.2         .0         .0         .0
     19.7846         .0         .0         .0        4.2         .0         .0         .0
     19.8923         .0         .0         .0        4.2         .0         .0         .0
     20.0000         .0         .0         .0        4.2         .0         .0         .0
     20.1923         .0         .0         .0        4.2         .0         .0         .0
     20.3846         .0         .0         .0        4.2         .0         .0         .0
     20.5769         .0         .0         .0        4.2         .0         .0         .0
     20.7692         .0         .0         .0        4.2         .0         .0         .0
     20.9615         .0         .0         .0        4.2         .0         .0         .0
     21.1538         .0         .0         .0        4.2         .0         .0         .0
     21.3462         .0         .0         .0        4.2         .0         .0         .0
     21.5385         .0         .0         .0        4.2         .0         .0         .0
     21.7308         .0         .0         .0        4.2         .0         .0         .0
     21.9231         .0         .0         .0        4.2         .0         .0         .0
     22.1154         .0         .0         .0        4.2         .0         .0         .0
     22.3077         .0         .0         .0        4.2         .0         .0         .0
     22.5000         .0         .0         .0        4.2         .0         .0         .0
     22.6923         .0         .0         .0        4.2         .0         .0         .0
     22.8846         .0         .0         .0        4.2         .0         .0         .0
     23.0769         .0         .0         .0        4.2         .0         .0         .0
     23.2692         .0         .0         .0        4.2         .0         .0         .0
     23.4615         .0         .0         .0        4.2         .0         .0         .0
     23.6538         .0         .0         .0        4.2         .0         .0         .0
     23.8462         .0         .0         .0        4.2         .0         .0         .0
     24.0385         .0         .0         .0        4.2         .0         .0         .0
     24.2308         .0         .0         .0        4.2         .0         .0         .0
     24.4231         .0         .0         .0        4.2         .0         .0         .0
     24.6154         .0         .0         .0        4.2         .0         .0         .0
     24.8077         .0         .0         .0        4.2         .0         .0         .0
     25.0000         .0         .0         .0        4.2         .0         .0         .0
end
