


                               Node(179)                                           Node(229)                                           Node(401)

     time        hNew    theta    Temp       Conc       Sorb         hNew    theta    Temp       Conc       Sorb         hNew    theta    Temp       Conc       Sorb    
       .000    -50.923   .3013   20.000   .000E+00   .000E+00       -2.629   .4585   20.000   .000E+00   .000E+00       -4.345   .4571   20.000   .000E+00   .000E+00
       .033    -50.923   .3013   20.000   .229E-24   .000E+00       -2.609   .4585   20.000   .315E-11   .000E+00       -4.345   .4571   20.000   .220E-29   .000E+00
       .057    -50.923   .3013   20.000   .140E-23   .000E+00       -2.521   .4586   20.000   .164E-09   .000E+00       -4.345   .4571   20.000   .137E-28   .000E+00
       .073    -50.923   .3013   20.000   .398E-23   .000E+00       -2.342   .4587   20.000   .197E-08   .000E+00       -4.345   .4571   20.000   .390E-28   .000E+00
       .085    -50.923   .3013   20.000   .828E-23   .000E+00       -2.017   .4590   20.000   .148E-07   .000E+00       -4.345   .4571   20.000   .809E-28   .000E+00
       .093    -50.923   .3013   20.000   .138E-22   .000E+00       -1.545   .4593   20.001   .670E-07   .000E+00       -4.345   .4571   20.000   .135E-27   .000E+00
       .098    -50.923   .3013   20.000   .196E-22   .000E+00        -.970   .4596   20.001   .193E-06   .000E+00       -4.345   .4571   20.000   .191E-27   .000E+00
       .100    -50.923   .3013   20.000   .212E-22   .000E+00        -.804   .4597   20.001   .244E-06   .000E+00       -4.345   .4571   20.000   .206E-27   .000E+00
       .101    -50.923   .3013   20.000   .230E-22   .000E+00        -.605   .4598   20.001   .310E-06   .000E+00       -4.345   .4571   20.000   .223E-27   .000E+00
       .102    -50.923   .3013   20.000   .249E-22   .000E+00        -.351   .4599   20.002   .399E-06   .000E+00       -4.345   .4571   20.000   .242E-27   .000E+00
       .104    -50.923   .3013   20.000   .269E-22   .000E+00         .177   .4600   20.002   .516E-06   .000E+00       -4.344   .4571   20.000   .261E-27   .000E+00
       .105    -50.923   .3013   20.000   .292E-22   .000E+00        1.454   .4600   20.002   .667E-06   .000E+00       -4.344   .4571   20.000   .283E-27   .000E+00
       .106    -50.923   .3013   20.000   .316E-22   .000E+00        1.994   .4600   20.002   .861E-06   .000E+00       -4.344   .4571   20.000   .306E-27   .000E+00
       .108    -50.923   .3013   20.000   .350E-22   .000E+00        2.968   .4600   20.003   .121E-05   .000E+00       -4.344   .4571   20.000   .340E-27   .000E+00
       .110    -50.923   .3013   20.000   .389E-22   .000E+00        4.289   .4600   20.003   .172E-05   .000E+00       -4.344   .4571   20.000   .377E-27   .000E+00
       .111    -50.923   .3013   20.000   .432E-22   .000E+00        5.990   .4600   20.004   .247E-05   .000E+00       -4.344   .4571   20.000   .418E-27   .000E+00
       .113    -50.923   .3013   20.000   .479E-22   .000E+00       10.181   .4600   20.005   .361E-05   .000E+00       -4.344   .4571   20.000   .464E-27   .000E+00
       .115    -50.923   .3013   20.000   .532E-22   .000E+00       19.225   .4600   20.005   .507E-05   .000E+00       -4.343   .4571   20.000   .515E-27   .000E+00
       .116    -50.923   .3013   20.000   .591E-22   .000E+00       23.514   .4600   20.006   .661E-05   .000E+00       -4.343   .4571   20.000   .572E-27   .000E+00
       .118    -50.923   .3013   20.000   .656E-22   .000E+00       28.774   .4600   20.007   .811E-05   .000E+00       -4.342   .4571   20.000   .634E-27   .000E+00
       .120    -50.923   .3013   20.000   .728E-22   .000E+00       31.984   .4600   20.008   .957E-05   .000E+00       -4.341   .4571   20.000   .704E-27   .000E+00
       .122    -50.923   .3013   20.000   .808E-22   .000E+00       32.832   .4600   20.009   .111E-04   .000E+00       -4.340   .4571   20.000   .781E-27   .000E+00
       .123    -50.923   .3013   20.000   .897E-22   .000E+00       33.460   .4600   20.010   .127E-04   .000E+00       -4.339   .4571   20.000   .867E-27   .000E+00
       .125    -50.923   .3013   20.000   .996E-22   .000E+00       37.383   .4600   20.011   .143E-04   .000E+00       -4.337   .4571   20.000   .963E-27   .000E+00
       .127    -50.923   .3013   20.000   .111E-21   .000E+00       38.807   .4600   20.012   .158E-04   .000E+00       -4.335   .4571   20.000   .107E-26   .000E+00
       .128    -50.923   .3013   20.000   .123E-21   .000E+00       39.186   .4600   20.013   .173E-04   .000E+00       -4.333   .4571   20.000   .119E-26   .000E+00
       .130    -50.923   .3013   20.000   .136E-21   .000E+00       39.507   .4600   20.014   .189E-04   .000E+00       -4.330   .4571   20.000   .132E-26   .000E+00
       .132    -50.923   .3013   20.000   .151E-21   .000E+00       40.312   .4600   20.014   .205E-04   .000E+00       -4.328   .4571   20.000   .146E-26   .000E+00
       .134    -50.923   .3013   20.000   .168E-21   .000E+00       41.237   .4600   20.015   .221E-04   .000E+00       -4.326   .4571   20.000   .162E-26   .000E+00
       .135    -50.923   .3013   20.000   .178E-21   .000E+00       41.683   .4600   20.016   .231E-04   .000E+00       -4.324   .4571   20.000   .173E-26   .000E+00
       .136    -50.923   .3013   20.000   .190E-21   .000E+00       42.014   .4600   20.016   .241E-04   .000E+00       -4.323   .4571   20.000   .184E-26   .000E+00
       .137    -50.923   .3013   20.000   .202E-21   .000E+00       42.209   .4600   20.017   .251E-04   .000E+00       -4.321   .4571   20.000   .196E-26   .000E+00
       .138    -50.923   .3013   20.000   .219E-21   .000E+00       42.398   .4600   20.018   .264E-04   .000E+00       -4.318   .4571   20.000   .212E-26   .000E+00
       .139    -50.923   .3013   20.000   .236E-21   .000E+00       42.492   .4600   20.018   .277E-04   .000E+00       -4.316   .4571   20.000   .229E-26   .000E+00
       .140    -50.923   .3013   20.000   .256E-21   .000E+00       43.700   .4600   20.019   .291E-04   .000E+00       -4.313   .4571   20.000   .248E-26   .000E+00
       .142    -50.923   .3013   20.000   .277E-21   .000E+00       43.957   .4600   20.020   .304E-04   .000E+00       -4.310   .4571   20.000   .269E-26   .000E+00
       .143    -50.923   .3013   20.000   .307E-21   .000E+00       44.218   .4600   20.021   .321E-04   .000E+00       -4.306   .4571   20.000   .299E-26   .000E+00
       .145    -50.923   .3013   20.000   .341E-21   .000E+00       44.491   .4600   20.022   .339E-04   .000E+00       -4.302   .4571   20.000   .333E-26   .000E+00
       .147    -50.923   .3013   20.000   .379E-21   .000E+00       44.822   .4600   20.023   .357E-04   .000E+00       -4.297   .4571   20.000   .370E-26   .000E+00
       .149    -50.923   .3013   20.000   .420E-21   .000E+00       45.116   .4600   20.024   .375E-04   .000E+00       -4.293   .4571   20.000   .411E-26   .000E+00
       .150    -50.923   .3013   20.000   .466E-21   .000E+00       45.380   .4600   20.025   .394E-04   .000E+00       -4.288   .4571   20.000   .457E-26   .000E+00
       .152    -50.923   .3013   20.000   .517E-21   .000E+00       45.584   .4600   20.026   .413E-04   .000E+00       -4.283   .4571   20.000   .508E-26   .000E+00
       .154    -50.923   .3013   20.000   .590E-21   .000E+00       45.782   .4600   20.027   .437E-04   .000E+00       -4.277   .4571   20.000   .582E-26   .000E+00
       .156    -50.923   .3013   20.000   .674E-21   .000E+00       45.980   .4600   20.028   .462E-04   .000E+00       -4.271   .4571   20.000   .666E-26   .000E+00
       .159    -50.923   .3013   20.000   .768E-21   .000E+00       46.124   .4600   20.030   .488E-04   .000E+00       -4.264   .4571   20.000   .762E-26   .000E+00
       .161    -50.923   .3013   20.000   .876E-21   .000E+00       46.684   .4600   20.031   .513E-04   .000E+00       -4.258   .4571   20.000   .872E-26   .000E+00
       .163    -50.923   .3013   20.000   .998E-21   .000E+00       46.973   .4600   20.032   .539E-04   .000E+00       -4.251   .4571   20.000   .998E-26   .000E+00
       .165    -50.923   .3013   20.000   .114E-20   .000E+00       47.131   .4600   20.034   .566E-04   .000E+00       -4.243   .4571   20.000   .114E-25   .000E+00
       .167    -50.923   .3013   20.000   .129E-20   .000E+00       47.544   .4600   20.035   .592E-04   .000E+00       -4.235   .4572   20.000   .131E-25   .000E+00
       .170    -50.923   .3013   20.000   .154E-20   .000E+00       47.815   .4600   20.037   .629E-04   .000E+00       -4.224   .4572   20.000   .157E-25   .000E+00
       .173    -50.923   .3013   20.000   .184E-20   .000E+00       48.056   .4600   20.039   .666E-04   .000E+00       -4.212   .4572   20.000   .188E-25   .000E+00
       .176    -50.923   .3013   20.000   .219E-20   .000E+00       48.272   .4600   20.041   .704E-04   .000E+00       -4.200   .4572   20.000   .226E-25   .000E+00
       .177    -50.923   .3013   20.000   .233E-20   .000E+00       48.342   .4600   20.041   .717E-04   .000E+00       -4.195   .4572   20.000   .240E-25   .000E+00
       .178    -50.923   .3013   20.000   .250E-20   .000E+00       48.422   .4600   20.042   .734E-04   .000E+00       -4.189   .4572   20.000   .259E-25   .000E+00
       .180    -50.923   .3013   20.000   .270E-20   .000E+00       48.533   .4600   20.043   .750E-04   .000E+00       -4.183   .4572   20.000   .280E-25   .000E+00
       .181    -50.923   .3013   20.000   .298E-20   .000E+00       48.656   .4600   20.044   .772E-04   .000E+00       -4.174   .4572   20.000   .310E-25   .000E+00
       .184    -50.923   .3013   20.000   .340E-20   .000E+00       48.808   .4600   20.045   .803E-04   .000E+00       -4.163   .4572   20.000   .357E-25   .000E+00
       .186    -50.923   .3013   20.000   .389E-20   .000E+00       48.942   .4600   20.047   .835E-04   .000E+00       -4.152   .4572   20.000   .411E-25   .000E+00
       .188    -50.923   .3013   20.000   .445E-20   .000E+00       49.076   .4600   20.048   .867E-04   .000E+00       -4.140   .4572   20.000   .472E-25   .000E+00
       .191    -50.923   .3013   20.000   .508E-20   .000E+00       49.213   .4600   20.050   .899E-04   .000E+00       -4.128   .4573   20.000   .543E-25   .000E+00
       .194    -50.923   .3013   20.000   .607E-20   .000E+00       49.362   .4600   20.052   .943E-04   .000E+00       -4.112   .4573   20.000   .654E-25   .000E+00
       .197    -50.923   .3013   20.000   .723E-20   .000E+00       49.475   .4600   20.054   .987E-04   .000E+00       -4.096   .4573   20.000   .786E-25   .000E+00
       .200    -50.923   .3013   20.000   .861E-20   .000E+00       49.660   .4600   20.056   .103E-03   .000E+00       -4.078   .4573   20.000   .945E-25   .000E+00
       .203    -50.923   .3013   20.000   .101E-19   .000E+00       49.846   .4600   20.058   .107E-03   .000E+00       -4.061   .4573   20.000   .112E-24   .000E+00
       .207    -50.923   .3013   20.000   .125E-19   .000E+00       50.022   .4600   20.060   .113E-03   .000E+00       -4.039   .4573   20.000   .140E-24   .000E+00
       .210    -50.923   .3013   20.000   .153E-19   .000E+00       50.230   .4600   20.062   .119E-03   .000E+00       -4.016   .4574   20.000   .176E-24   .000E+00
       .214    -50.923   .3013   20.000   .188E-19   .000E+00       50.391   .4600   20.065   .124E-03   .000E+00       -3.994   .4574   20.000   .222E-24   .000E+00
       .218    -50.923   .3013   20.000   .231E-19   .000E+00       50.543   .4600   20.067   .130E-03   .000E+00       -3.971   .4574   20.000   .286E-24   .000E+00
       .221    -50.923   .3013   20.000   .284E-19   .000E+00       50.682   .4600   20.070   .136E-03   .000E+00       -3.949   .4574   20.000   .377E-24   .000E+00
       .225    -50.923   .3013   20.000   .349E-19   .000E+00       50.817   .4600   20.072   .142E-03   .000E+00       -3.926   .4574   20.000   .520E-24   .000E+00
       .230    -50.923   .3013   20.000   .457E-19   .000E+00       50.966   .4600   20.075   .150E-03   .000E+00       -3.896   .4575   20.000   .870E-24   .000E+00
       .235    -50.923   .3013   20.000   .600E-19   .000E+00       51.115   .4600   20.079   .158E-03   .000E+00       -3.865   .4575   20.000   .163E-23   .000E+00
       .240    -50.923   .3013   20.000   .792E-19   .000E+00       51.234   .4600   20.082   .167E-03   .000E+00       -3.834   .4575   20.000   .334E-23   .000E+00
       .244    -50.923   .3013   20.000   .105E-18   .000E+00       51.341   .4600   20.085   .175E-03   .000E+00       -3.803   .4575   20.000   .722E-23   .000E+00
       .249    -50.923   .3013   20.000   .141E-18   .000E+00       51.469   .4600   20.088   .184E-03   .000E+00       -3.771   .4576   20.000   .159E-22   .000E+00
       .254    -50.923   .3013   20.000   .191E-18   .000E+00       51.577   .4600   20.091   .193E-03   .000E+00       -3.738   .4576   20.000   .351E-22   .000E+00
       .259    -50.923   .3013   20.000   .262E-18   .000E+00       51.668   .4600   20.095   .202E-03   .000E+00       -3.704   .4576   20.000   .768E-22   .000E+00
       .264    -50.923   .3013   20.000   .365E-18   .000E+00       51.754   .4600   20.098   .211E-03   .000E+00       -3.668   .4577   20.000   .166E-21   .000E+00
       .269    -50.923   .3013   20.000   .516E-18   .000E+00       51.838   .4600   20.101   .221E-03   .000E+00       -3.629   .4577   20.000   .354E-21   .000E+00
       .273    -50.923   .3013   20.000   .740E-18   .000E+00       51.915   .4600   20.104   .230E-03   .000E+00       -3.587   .4577   20.000   .752E-21   .000E+00
       .278    -50.922   .3013   20.000   .108E-17   .000E+00       52.024   .4600   20.108   .240E-03   .000E+00       -3.540   .4578   20.000   .160E-20   .000E+00
       .283    -50.922   .3013   20.000   .159E-17   .000E+00       52.133   .4600   20.111   .250E-03   .000E+00       -3.485   .4578   20.000   .346E-20   .000E+00
       .288    -50.922   .3013   20.000   .237E-17   .000E+00       52.236   .4600   20.114   .260E-03   .000E+00       -3.428   .4579   20.000   .759E-20   .000E+00
       .293    -50.922   .3013   20.000   .358E-17   .000E+00       52.329   .4600   20.118   .270E-03   .000E+00       -3.371   .4579   20.000   .168E-19   .000E+00
       .297    -50.922   .3013   20.000   .542E-17   .000E+00       52.425   .4600   20.121   .280E-03   .000E+00       -3.313   .4580   20.000   .370E-19   .000E+00
       .302    -50.921   .3013   20.000   .826E-17   .000E+00       52.515   .4600   20.124   .291E-03   .000E+00       -3.255   .4580   20.000   .795E-19   .000E+00
       .307    -50.921   .3013   20.000   .126E-16   .000E+00       52.599   .4600   20.127   .302E-03   .000E+00       -3.197   .4581   20.000   .166E-18   .000E+00
       .313    -50.921   .3013   20.000   .219E-16   .000E+00       52.699   .4600   20.132   .316E-03   .000E+00       -3.121   .4581   20.000   .417E-18   .000E+00
       .320    -50.920   .3013   20.000   .379E-16   .000E+00       52.789   .4600   20.136   .330E-03   .000E+00       -3.044   .4582   20.000   .982E-18   .000E+00
       .326    -50.920   .3013   20.000   .652E-16   .000E+00       52.876   .4600   20.140   .345E-03   .000E+00       -2.967   .4582   20.000   .219E-17   .000E+00
       .332    -50.919   .3013   20.000   .111E-15   .000E+00       52.963   .4600   20.144   .359E-03   .000E+00       -2.887   .4583   20.000   .464E-17   .000E+00
       .338    -50.918   .3013   20.000   .188E-15   .000E+00       53.044   .4600   20.149   .374E-03   .000E+00       -2.803   .4584   20.000   .943E-17   .000E+00
       .344    -50.917   .3013   20.000   .314E-15   .000E+00       53.117   .4600   20.153   .390E-03   .000E+00       -2.718   .4584   20.000   .185E-16   .000E+00
       .351    -50.916   .3013   20.000   .520E-15   .000E+00       53.192   .4600   20.157   .406E-03   .000E+00       -2.631   .4585   20.000   .351E-16   .000E+00
       .357    -50.914   .3013   20.000   .851E-15   .000E+00       53.260   .4600   20.161   .421E-03   .000E+00       -2.543   .4586   20.000   .650E-16   .000E+00
       .363    -50.913   .3013   20.000   .138E-14   .000E+00       53.321   .4600   20.166   .438E-03   .000E+00       -2.453   .4586   20.000   .117E-15   .000E+00
       .368    -50.912   .3013   20.000   .192E-14   .000E+00       53.369   .4600   20.169   .449E-03   .000E+00       -2.388   .4587   20.000   .175E-15   .000E+00
       .373    -50.910   .3013   20.000   .296E-14   .000E+00       53.428   .4600   20.173   .465E-03   .000E+00       -2.300   .4588   20.000   .294E-15   .000E+00
       .381    -50.907   .3013   20.000   .512E-14   .000E+00       53.499   .4600   20.178   .485E-03   .000E+00       -2.179   .4588   20.000   .566E-15   .000E+00
       .388    -50.904   .3014   20.000   .876E-14   .000E+00       53.566   .4600   20.183   .506E-03   .000E+00       -2.054   .4589   20.000   .107E-14   .000E+00
       .396    -50.900   .3014   20.000   .148E-13   .000E+00       53.631   .4600   20.188   .527E-03   .000E+00       -1.920   .4590   20.000   .200E-14   .000E+00
       .405    -50.894   .3014   20.000   .286E-13   .000E+00       53.706   .4600   20.194   .554E-03   .000E+00       -1.732   .4592   20.000   .441E-14   .000E+00
       .415    -50.886   .3014   20.000   .541E-13   .000E+00       53.773   .4600   20.201   .582E-03   .000E+00       -1.532   .4593   20.000   .948E-14   .000E+00
       .424    -50.877   .3014   20.000   .101E-12   .000E+00       53.834   .4600   20.207   .611E-03   .000E+00       -1.316   .4594   20.000   .199E-13   .000E+00
       .434    -50.866   .3014   20.000   .185E-12   .000E+00       53.892   .4600   20.214   .640E-03   .000E+00       -1.073   .4596   20.000   .415E-13   .000E+00
       .443    -50.853   .3014   20.000   .334E-12   .000E+00       53.952   .4600   20.220   .670E-03   .000E+00        -.798   .4597   20.000   .862E-13   .000E+00
       .453    -50.837   .3015   20.000   .594E-12   .000E+00       54.014   .4600   20.226   .700E-03   .000E+00        -.517   .4598   20.000   .176E-12   .000E+00
       .464    -50.812   .3015   20.000   .121E-11   .000E+00       54.085   .4600   20.234   .740E-03   .000E+00        -.146   .4600   20.000   .419E-12   .000E+00
       .476    -50.781   .3016   20.000   .238E-11   .000E+00       54.148   .4600   20.242   .780E-03   .000E+00         .272   .4600   20.000   .953E-12   .000E+00
       .488    -50.743   .3016   20.000   .459E-11   .000E+00       54.217   .4600   20.250   .821E-03   .000E+00         .688   .4600   20.000   .204E-11   .000E+00
       .500    -50.698   .3017   20.000   .862E-11   .000E+00       54.284   .4600   20.258   .863E-03   .000E+00        1.099   .4600   20.000   .414E-11   .000E+00
       .512    -50.639   .3018   20.000   .163E-10   .000E+00       54.348   .4600   20.266   .909E-03   .000E+00        1.552   .4600   20.000   .833E-11   .000E+00
       .525    -50.568   .3019   20.000   .300E-10   .000E+00       54.407   .4600   20.274   .955E-03   .000E+00        2.041   .4600   20.000   .162E-10   .000E+00
       .537    -50.484   .3021   20.000   .534E-10   .000E+00       54.464   .4600   20.283   .100E-02   .000E+00        2.585   .4600   20.000   .303E-10   .000E+00
       .550    -50.385   .3022   20.001   .926E-10   .000E+00       54.519   .4600   20.291   .105E-02   .000E+00        3.003   .4600   20.000   .542E-10   .000E+00
       .562    -50.270   .3024   20.001   .156E-09   .000E+00       54.572   .4600   20.299   .110E-02   .000E+00        3.382   .4600   20.000   .915E-10   .000E+00
       .575    -50.137   .3026   20.001   .257E-09   .000E+00       54.623   .4600   20.307   .115E-02   .000E+00        3.740   .4600   20.000   .148E-09   .000E+00
       .587    -49.985   .3029   20.001   .414E-09   .000E+00       54.671   .4600   20.315   .121E-02   .000E+00        4.082   .4600   20.000   .231E-09   .000E+00
       .600    -49.814   .3032   20.001   .653E-09   .000E+00       54.719   .4600   20.323   .126E-02   .000E+00        4.409   .4600   20.000   .351E-09   .000E+00
       .612    -49.621   .3035   20.001   .101E-08   .000E+00       54.764   .4600   20.331   .131E-02   .000E+00        4.722   .4600   20.000   .519E-09   .000E+00
       .625    -49.407   .3039   20.002   .153E-08   .000E+00       54.811   .4600   20.339   .137E-02   .000E+00        5.025   .4600   20.000   .752E-09   .000E+00
       .641    -49.091   .3044   20.002   .257E-08   .000E+00       54.870   .4600   20.349   .144E-02   .000E+00        5.406   .4600   20.000   .119E-08   .000E+00
       .658    -48.730   .3050   20.003   .423E-08   .000E+00       54.924   .4600   20.360   .152E-02   .000E+00        5.774   .4600   20.000   .183E-08   .000E+00
       .674    -48.328   .3057   20.003   .679E-08   .000E+00       54.974   .4600   20.370   .160E-02   .000E+00        6.123   .4600   20.000   .275E-08   .000E+00
       .690    -47.883   .3064   20.004   .107E-07   .000E+00       55.021   .4600   20.380   .168E-02   .000E+00        6.478   .4600   20.000   .405E-08   .000E+00
       .707    -47.416   .3072   20.004   .165E-07   .000E+00       55.063   .4600   20.390   .176E-02   .000E+00        6.834   .4600   20.000   .585E-08   .000E+00
       .723    -46.977   .3082   20.005   .250E-07   .000E+00       55.104   .4600   20.400   .184E-02   .000E+00        7.206   .4600   20.000   .833E-08   .000E+00
       .739    -46.497   .3091   20.006   .372E-07   .000E+00       55.145   .4600   20.410   .193E-02   .000E+00        7.556   .4600   20.000   .117E-07   .000E+00
       .761    -45.789   .3106   20.007   .617E-07   .000E+00       55.192   .4600   20.423   .205E-02   .000E+00        7.988   .4600   20.001   .181E-07   .000E+00
       .783    -45.001   .3123   20.008   .997E-07   .000E+00       55.245   .4600   20.436   .217E-02   .000E+00        8.383   .4600   20.001   .272E-07   .000E+00
       .804    -44.149   .3140   20.010   .157E-06   .000E+00       55.294   .4600   20.449   .229E-02   .000E+00        8.733   .4600   20.001   .401E-07   .000E+00
       .826    -43.240   .3159   20.011   .241E-06   .000E+00       55.338   .4600   20.462   .242E-02   .000E+00        9.076   .4600   20.001   .578E-07   .000E+00
       .848    -42.290   .3179   20.013   .362E-06   .000E+00       55.383   .4600   20.475   .255E-02   .000E+00        9.496   .4600   20.001   .818E-07   .000E+00
       .870    -41.316   .3199   20.015   .532E-06   .000E+00       55.426   .4600   20.487   .269E-02   .000E+00        9.881   .4600   20.001   .114E-06   .000E+00
       .891    -40.323   .3220   20.017   .766E-06   .000E+00       55.466   .4600   20.500   .282E-02   .000E+00       10.260   .4600   20.002   .156E-06   .000E+00
       .913    -39.329   .3241   20.019   .108E-05   .000E+00       55.502   .4600   20.512   .297E-02   .000E+00       10.640   .4600   20.002   .210E-06   .000E+00
       .935    -38.348   .3261   20.021   .149E-05   .000E+00       55.538   .4600   20.525   .311E-02   .000E+00       11.014   .4600   20.002   .280E-06   .000E+00
       .967    -37.019   .3291   20.025   .236E-05   .000E+00       55.584   .4600   20.543   .333E-02   .000E+00       11.564   .4600   20.003   .422E-06   .000E+00
      1.000    -35.794   .3321   20.029   .359E-05   .000E+00       55.630   .4600   20.561   .356E-02   .000E+00       12.119   .4600   20.004   .619E-06   .000E+00
      1.028    -34.774   .3347   20.032   .502E-05   .000E+00       55.671   .4600   20.577   .377E-02   .000E+00       12.552   .4600   20.004   .840E-06   .000E+00
      1.056    -33.786   .3371   20.036   .688E-05   .000E+00       55.709   .4600   20.592   .397E-02   .000E+00       12.953   .4600   20.005   .112E-05   .000E+00
      1.083    -32.842   .3394   20.040   .925E-05   .000E+00       55.745   .4600   20.607   .419E-02   .000E+00       13.328   .4600   20.005   .148E-05   .000E+00
      1.111    -31.946   .3417   20.044   .122E-04   .000E+00       55.781   .4600   20.622   .441E-02   .000E+00       13.683   .4600   20.006   .192E-05   .000E+00
      1.139    -31.105   .3437   20.048   .159E-04   .000E+00       55.815   .4600   20.637   .463E-02   .000E+00       14.023   .4600   20.007   .247E-05   .000E+00
      1.175    -30.107   .3462   20.053   .218E-04   .000E+00       55.856   .4600   20.656   .493E-02   .000E+00       14.446   .4600   20.008   .336E-05   .000E+00
      1.211    -29.249   .3485   20.059   .293E-04   .000E+00       55.894   .4600   20.675   .524E-02   .000E+00       14.868   .4600   20.010   .450E-05   .000E+00
      1.247    -28.461   .3507   20.065   .387E-04   .000E+00       55.929   .4600   20.694   .556E-02   .000E+00       15.245   .4600   20.011   .593E-05   .000E+00
      1.283    -27.711   .3529   20.071   .504E-04   .000E+00       55.963   .4600   20.713   .588E-02   .000E+00       15.590   .4600   20.013   .772E-05   .000E+00
      1.319    -27.004   .3549   20.077   .646E-04   .000E+00       55.996   .4600   20.731   .622E-02   .000E+00       15.917   .4600   20.014   .994E-05   .000E+00
      1.365    -26.182   .3572   20.085   .864E-04   .000E+00       56.037   .4600   20.754   .665E-02   .000E+00       16.293   .4600   20.016   .134E-04   .000E+00
      1.410    -25.417   .3593   20.093   .113E-03   .000E+00       56.074   .4600   20.776   .710E-02   .000E+00       16.648   .4600   20.019   .178E-04   .000E+00
      1.455    -24.705   .3613   20.101   .146E-03   .000E+00       56.109   .4600   20.799   .756E-02   .000E+00       16.984   .4600   20.021   .234E-04   .000E+00
      1.500    -24.036   .3632   20.109   .185E-03   .000E+00       56.141   .4600   20.821   .803E-02   .000E+00       17.304   .4600   20.024   .302E-04   .000E+00
      1.563    -23.218   .3656   20.121   .252E-03   .000E+00       56.184   .4600   20.851   .870E-02   .000E+00       17.719   .4600   20.028   .424E-04   .000E+00
      1.625    -22.484   .3679   20.133   .335E-03   .000E+00       56.223   .4600   20.881   .941E-02   .000E+00       18.110   .4600   20.032   .581E-04   .000E+00
      1.688    -21.818   .3699   20.145   .437E-03   .000E+00       56.257   .4600   20.910   .101E-01   .000E+00       18.477   .4600   20.037   .781E-04   .000E+00
      1.750    -21.211   .3718   20.157   .559E-03   .000E+00       56.287   .4600   20.939   .109E-01   .000E+00       18.829   .4600   20.042   .103E-03   .000E+00
      1.813    -20.649   .3735   20.169   .703E-03   .000E+00       56.314   .4600   20.967   .117E-01   .000E+00       19.162   .4600   20.047   .135E-03   .000E+00
      1.875    -20.130   .3751   20.181   .871E-03   .000E+00       56.339   .4600   20.995   .125E-01   .000E+00       19.480   .4600   20.052   .173E-03   .000E+00
      1.938    -19.656   .3766   20.193   .107E-02   .000E+00       56.361   .4600   21.023   .133E-01   .000E+00       19.790   .4600   20.058   .219E-03   .000E+00
      2.000    -19.204   .3780   20.205   .129E-02   .000E+00       56.382   .4600   21.050   .141E-01   .000E+00       20.072   .4600   20.064   .275E-03   .000E+00
      2.077    -18.689   .3795   20.220   .160E-02   .000E+00       56.406   .4600   21.083   .152E-01   .000E+00       20.384   .4600   20.071   .357E-03   .000E+00
      2.154    -18.214   .3811   20.235   .197E-02   .000E+00       56.427   .4600   21.116   .163E-01   .000E+00       20.678   .4600   20.079   .458E-03   .000E+00
      2.231    -17.781   .3825   20.250   .239E-02   .000E+00       56.446   .4600   21.148   .174E-01   .000E+00       20.947   .4600   20.088   .579E-03   .000E+00
      2.308    -17.399   .3837   20.264   .287E-02   .000E+00       56.466   .4600   21.180   .186E-01   .000E+00       21.189   .4600   20.097   .723E-03   .000E+00
      2.407    -16.970   .3851   20.283   .357E-02   .000E+00       56.490   .4600   21.220   .202E-01   .000E+00       21.470   .4600   20.108   .946E-03   .000E+00
      2.505    -16.597   .3863   20.302   .437E-02   .000E+00       56.511   .4600   21.259   .218E-01   .000E+00       21.736   .4600   20.120   .122E-02   .000E+00
      2.604    -16.251   .3874   20.320   .528E-02   .000E+00       56.530   .4600   21.298   .234E-01   .000E+00       21.965   .4600   20.133   .154E-02   .000E+00
      2.703    -15.932   .3884   20.338   .629E-02   .000E+00       56.548   .4600   21.336   .251E-01   .000E+00       22.172   .4600   20.146   .192E-02   .000E+00
      2.852    -15.512   .3897   20.366   .802E-02   .000E+00       56.572   .4600   21.392   .278E-01   .000E+00       22.447   .4600   20.166   .261E-02   .000E+00
      3.000    -15.146   .3909   20.392   .100E-01   .000E+00       56.592   .4600   21.446   .305E-01   .000E+00       22.691   .4600   20.188   .348E-02   .000E+00
      3.125    -14.866   .3918   20.415   .119E-01   .000E+00       56.607   .4600   21.491   .329E-01   .000E+00       22.879   .4600   20.206   .434E-02   .000E+00
      3.300    -14.515   .3929   20.446   .148E-01   .000E+00       56.624   .4600   21.552   .363E-01   .000E+00       23.117   .4600   20.233   .579E-02   .000E+00
      3.475    -14.228   .3939   20.477   .181E-01   .000E+00       56.641   .4600   21.612   .399E-01   .000E+00       23.319   .4600   20.260   .754E-02   .000E+00
      3.650    -13.981   .3947   20.508   .218E-01   .000E+00       56.656   .4600   21.670   .436E-01   .000E+00       23.497   .4600   20.288   .962E-02   .000E+00
      3.825    -13.764   .3954   20.538   .258E-01   .000E+00       56.669   .4600   21.727   .474E-01   .000E+00       23.657   .4600   20.317   .120E-01   .000E+00
      4.000    -13.573   .3960   20.568   .302E-01   .000E+00       56.681   .4600   21.782   .512E-01   .000E+00       23.802   .4600   20.346   .148E-01   .000E+00
      4.200    -13.378   .3966   20.603   .355E-01   .000E+00       56.693   .4600   21.845   .558E-01   .000E+00       23.952   .4600   20.380   .184E-01   .000E+00
      4.400    -13.207   .3972   20.637   .413E-01   .000E+00       56.703   .4600   21.905   .604E-01   .000E+00       24.085   .4600   20.414   .224E-01   .000E+00
      4.600    -13.059   .3976   20.672   .474E-01   .000E+00       56.713   .4600   21.964   .652E-01   .000E+00       24.204   .4600   20.449   .270E-01   .000E+00
      4.800    -12.930   .3981   20.706   .538E-01   .000E+00       56.721   .4600   22.022   .700E-01   .000E+00       24.308   .4600   20.484   .320E-01   .000E+00
      5.000    -12.817   .3984   20.740   .605E-01   .000E+00       56.729   .4600   22.079   .749E-01   .000E+00       24.402   .4600   20.519   .374E-01   .000E+00
      5.200    -12.718   .3987   20.775   .676E-01   .000E+00       56.735   .4600   22.135   .799E-01   .000E+00       24.486   .4600   20.555   .434E-01   .000E+00
      5.400    -12.629   .3990   20.809   .749E-01   .000E+00       56.741   .4600   22.190   .849E-01   .000E+00       24.563   .4600   20.591   .497E-01   .000E+00
      5.600    -12.549   .3993   20.844   .824E-01   .000E+00       56.747   .4600   22.243   .900E-01   .000E+00       24.632   .4600   20.627   .565E-01   .000E+00
      5.800    -12.477   .3995   20.878   .902E-01   .000E+00       56.752   .4600   22.296   .952E-01   .000E+00       24.696   .4600   20.663   .636E-01   .000E+00
      6.000    -12.411   .3997   20.913   .982E-01   .000E+00       56.756   .4600   22.348   .100E+00   .000E+00       24.755   .4600   20.700   .711E-01   .000E+00
      6.200    -12.352   .3999   20.948   .106E+00   .000E+00       56.760   .4600   22.399   .106E+00   .000E+00       24.808   .4600   20.736   .789E-01   .000E+00
      6.400    -12.299   .4001   20.982   .115E+00   .000E+00       56.764   .4600   22.449   .111E+00   .000E+00       24.857   .4600   20.772   .871E-01   .000E+00
      6.600    -12.251   .4002   21.017   .123E+00   .000E+00       56.767   .4600   22.498   .116E+00   .000E+00       24.902   .4600   20.809   .955E-01   .000E+00
      6.800    -12.208   .4004   21.052   .132E+00   .000E+00       56.769   .4600   22.547   .121E+00   .000E+00       24.943   .4600   20.845   .104E+00   .000E+00
      7.000    -12.169   .4005   21.087   .141E+00   .000E+00       56.772   .4600   22.595   .127E+00   .000E+00       24.979   .4600   20.882   .113E+00   .000E+00
      7.200    -12.134   .4006   21.122   .149E+00   .000E+00       56.774   .4600   22.642   .132E+00   .000E+00       25.012   .4600   20.918   .122E+00   .000E+00
      7.400    -12.104   .4007   21.157   .158E+00   .000E+00       56.776   .4600   22.689   .138E+00   .000E+00       25.042   .4600   20.955   .132E+00   .000E+00
      7.600    -12.076   .4008   21.192   .167E+00   .000E+00       56.778   .4600   22.735   .143E+00   .000E+00       25.070   .4600   20.992   .141E+00   .000E+00
      7.800    -12.052   .4009   21.227   .176E+00   .000E+00       56.780   .4600   22.781   .148E+00   .000E+00       25.095   .4600   21.028   .151E+00   .000E+00
      8.000    -12.030   .4010   21.262   .185E+00   .000E+00       56.781   .4600   22.825   .154E+00   .000E+00       25.117   .4600   21.065   .160E+00   .000E+00
      8.200    -12.011   .4010   21.297   .194E+00   .000E+00       56.782   .4600   22.870   .159E+00   .000E+00       25.137   .4600   21.101   .170E+00   .000E+00
      8.400    -11.994   .4011   21.332   .204E+00   .000E+00       56.783   .4600   22.914   .164E+00   .000E+00       25.155   .4600   21.138   .180E+00   .000E+00
      8.600    -11.979   .4011   21.367   .213E+00   .000E+00       56.784   .4600   22.957   .170E+00   .000E+00       25.171   .4600   21.174   .190E+00   .000E+00
      8.799    -11.965   .4012   21.402   .222E+00   .000E+00       56.785   .4600   23.000   .175E+00   .000E+00       25.186   .4600   21.210   .200E+00   .000E+00
      8.999    -11.953   .4012   21.437   .231E+00   .000E+00       56.786   .4600   23.042   .181E+00   .000E+00       25.199   .4600   21.247   .209E+00   .000E+00
      9.198    -11.942   .4012   21.472   .240E+00   .000E+00       56.787   .4600   23.084   .186E+00   .000E+00       25.210   .4600   21.283   .219E+00   .000E+00
      9.398    -11.933   .4013   21.508   .249E+00   .000E+00       56.787   .4600   23.125   .191E+00   .000E+00       25.221   .4600   21.319   .229E+00   .000E+00
      9.597    -11.925   .4013   21.543   .258E+00   .000E+00       56.788   .4600   23.166   .197E+00   .000E+00       25.230   .4600   21.355   .239E+00   .000E+00
      9.796    -11.917   .4013   21.578   .266E+00   .000E+00       56.788   .4600   23.207   .202E+00   .000E+00       25.238   .4600   21.392   .249E+00   .000E+00
      9.898    -11.914   .4013   21.596   .271E+00   .000E+00       56.788   .4600   23.227   .205E+00   .000E+00       25.242   .4600   21.410   .254E+00   .000E+00
     10.000    -11.910   .4013   21.614   .275E+00   .000E+00       56.789   .4600   23.248   .207E+00   .000E+00       25.246   .4600   21.429   .259E+00   .000E+00
     10.199    -11.905   .4014   21.649   .284E+00   .000E+00       56.789   .4600   23.287   .213E+00   .000E+00       25.252   .4600   21.465   .268E+00   .000E+00
     10.398    -11.900   .4014   21.683   .293E+00   .000E+00       56.789   .4600   23.326   .218E+00   .000E+00       25.258   .4600   21.501   .278E+00   .000E+00
     10.596    -11.895   .4014   21.718   .301E+00   .000E+00       56.790   .4600   23.365   .223E+00   .000E+00       25.263   .4600   21.536   .287E+00   .000E+00
     10.795    -11.891   .4014   21.753   .310E+00   .000E+00       56.790   .4600   23.404   .228E+00   .000E+00       25.267   .4600   21.572   .297E+00   .000E+00
     10.994    -11.888   .4014   21.788   .318E+00   .000E+00       56.790   .4600   23.442   .234E+00   .000E+00       25.271   .4600   21.608   .306E+00   .000E+00
     11.192    -11.884   .4014   21.823   .327E+00   .000E+00       56.790   .4600   23.480   .239E+00   .000E+00       25.275   .4600   21.644   .315E+00   .000E+00
     11.391    -11.882   .4014   21.858   .335E+00   .000E+00       56.791   .4600   23.517   .244E+00   .000E+00       25.278   .4600   21.679   .324E+00   .000E+00
     11.589    -11.879   .4014   21.892   .343E+00   .000E+00       56.791   .4600   23.554   .249E+00   .000E+00       25.281   .4600   21.715   .333E+00   .000E+00
     11.788    -11.877   .4014   21.927   .351E+00   .000E+00       56.791   .4600   23.591   .254E+00   .000E+00       25.283   .4600   21.751   .342E+00   .000E+00
     11.894    -11.876   .4015   21.946   .355E+00   .000E+00       56.791   .4600   23.610   .257E+00   .000E+00       25.285   .4600   21.769   .347E+00   .000E+00
     12.000    -11.875   .4015   21.964   .360E+00   .000E+00       56.791   .4600   23.630   .259E+00   .000E+00       25.286   .4600   21.788   .351E+00   .000E+00
     12.198    -11.873   .4015   21.999   .368E+00   .000E+00       56.791   .4600   23.666   .265E+00   .000E+00       25.288   .4600   21.824   .360E+00   .000E+00
     12.397    -11.872   .4015   22.033   .375E+00   .000E+00       56.791   .4600   23.702   .270E+00   .000E+00       25.289   .4600   21.859   .369E+00   .000E+00
     12.595    -11.871   .4015   22.068   .383E+00   .000E+00       56.791   .4600   23.737   .275E+00   .000E+00       25.291   .4600   21.894   .377E+00   .000E+00
     12.794    -11.869   .4015   22.102   .391E+00   .000E+00       56.791   .4600   23.772   .279E+00   .000E+00       25.292   .4600   21.930   .385E+00   .000E+00
     12.992    -11.868   .4015   22.136   .398E+00   .000E+00       56.791   .4600   23.807   .284E+00   .000E+00       25.293   .4600   21.965   .393E+00   .000E+00
     13.190    -11.868   .4015   22.171   .405E+00   .000E+00       56.791   .4600   23.842   .289E+00   .000E+00       25.294   .4600   22.000   .401E+00   .000E+00
     13.389    -11.867   .4015   22.205   .413E+00   .000E+00       56.791   .4600   23.876   .294E+00   .000E+00       25.295   .4600   22.035   .409E+00   .000E+00
     13.587    -11.866   .4015   22.239   .420E+00   .000E+00       56.792   .4600   23.910   .299E+00   .000E+00       25.296   .4600   22.069   .417E+00   .000E+00
     13.786    -11.865   .4015   22.273   .427E+00   .000E+00       56.792   .4600   23.944   .304E+00   .000E+00       25.297   .4600   22.104   .425E+00   .000E+00
     13.893    -11.865   .4015   22.291   .431E+00   .000E+00       56.792   .4600   23.962   .307E+00   .000E+00       25.297   .4600   22.123   .429E+00   .000E+00
     14.000    -11.865   .4015   22.310   .435E+00   .000E+00       56.792   .4600   23.980   .309E+00   .000E+00       25.298   .4600   22.142   .433E+00   .000E+00
     14.198    -11.864   .4015   22.344   .441E+00   .000E+00       56.792   .4600   24.013   .314E+00   .000E+00       25.298   .4600   22.176   .440E+00   .000E+00
     14.397    -11.864   .4015   22.377   .448E+00   .000E+00       56.792   .4600   24.047   .319E+00   .000E+00       25.299   .4600   22.211   .448E+00   .000E+00
     14.595    -11.864   .4015   22.411   .455E+00   .000E+00       56.792   .4600   24.079   .323E+00   .000E+00       25.299   .4600   22.245   .455E+00   .000E+00
     14.793    -11.863   .4015   22.445   .461E+00   .000E+00       56.792   .4600   24.112   .328E+00   .000E+00       25.299   .4600   22.280   .462E+00   .000E+00
     14.992    -11.863   .4015   22.478   .468E+00   .000E+00       56.792   .4600   24.144   .333E+00   .000E+00       25.300   .4600   22.314   .469E+00   .000E+00
     15.190    -11.863   .4015   22.512   .474E+00   .000E+00       56.792   .4600   24.176   .337E+00   .000E+00       25.300   .4600   22.348   .475E+00   .000E+00
     15.388    -11.862   .4015   22.545   .481E+00   .000E+00       56.792   .4600   24.208   .342E+00   .000E+00       25.300   .4600   22.383   .482E+00   .000E+00
     15.587    -11.862   .4015   22.579   .487E+00   .000E+00       56.792   .4600   24.240   .347E+00   .000E+00       25.301   .4600   22.417   .489E+00   .000E+00
     15.785    -11.862   .4015   22.612   .493E+00   .000E+00       56.792   .4600   24.271   .351E+00   .000E+00       25.301   .4600   22.450   .495E+00   .000E+00
     15.892    -11.862   .4015   22.630   .496E+00   .000E+00       56.792   .4600   24.288   .354E+00   .000E+00       25.301   .4600   22.469   .499E+00   .000E+00
     16.000    -11.862   .4015   22.648   .499E+00   .000E+00       56.792   .4600   24.305   .356E+00   .000E+00       25.301   .4600   22.487   .502E+00   .000E+00
     16.198    -11.862   .4015   22.681   .505E+00   .000E+00       56.792   .4600   24.336   .360E+00   .000E+00       25.301   .4600   22.521   .508E+00   .000E+00
     16.397    -11.862   .4015   22.714   .511E+00   .000E+00       56.792   .4600   24.366   .365E+00   .000E+00       25.301   .4600   22.555   .514E+00   .000E+00
     16.595    -11.861   .4015   22.747   .517E+00   .000E+00       56.792   .4600   24.397   .369E+00   .000E+00       25.301   .4600   22.588   .520E+00   .000E+00
     16.793    -11.861   .4015   22.780   .523E+00   .000E+00       56.792   .4600   24.427   .374E+00   .000E+00       25.302   .4600   22.622   .526E+00   .000E+00
     16.991    -11.861   .4015   22.812   .528E+00   .000E+00       56.792   .4600   24.457   .378E+00   .000E+00       25.302   .4600   22.655   .532E+00   .000E+00
     17.190    -11.861   .4015   22.845   .534E+00   .000E+00       56.792   .4600   24.487   .383E+00   .000E+00       25.302   .4600   22.688   .538E+00   .000E+00
     17.388    -11.861   .4015   22.877   .539E+00   .000E+00       56.792   .4600   24.517   .387E+00   .000E+00       25.302   .4600   22.721   .543E+00   .000E+00
     17.586    -11.861   .4015   22.910   .544E+00   .000E+00       56.792   .4600   24.546   .391E+00   .000E+00       25.302   .4600   22.754   .549E+00   .000E+00
     17.785    -11.861   .4015   22.942   .549E+00   .000E+00       56.792   .4600   24.575   .395E+00   .000E+00       25.302   .4600   22.787   .554E+00   .000E+00
     17.892    -11.861   .4015   22.959   .552E+00   .000E+00       56.792   .4600   24.591   .398E+00   .000E+00       25.302   .4600   22.805   .557E+00   .000E+00
     18.000    -11.861   .4015   22.977   .555E+00   .000E+00       56.792   .4600   24.607   .400E+00   .000E+00       25.302   .4600   22.823   .560E+00   .000E+00
     18.198    -11.861   .4015   23.009   .560E+00   .000E+00       56.792   .4600   24.636   .404E+00   .000E+00       25.302   .4600   22.856   .565E+00   .000E+00
     18.397    -11.861   .4015   23.041   .565E+00   .000E+00       56.792   .4600   24.665   .408E+00   .000E+00       25.302   .4600   22.888   .570E+00   .000E+00
     18.595    -11.861   .4015   23.073   .570E+00   .000E+00       56.792   .4600   24.693   .413E+00   .000E+00       25.302   .4600   22.921   .575E+00   .000E+00
     18.793    -11.861   .4015   23.105   .575E+00   .000E+00       56.792   .4600   24.721   .417E+00   .000E+00       25.302   .4600   22.953   .580E+00   .000E+00
     18.991    -11.861   .4015   23.136   .580E+00   .000E+00       56.792   .4600   24.749   .421E+00   .000E+00       25.302   .4600   22.986   .585E+00   .000E+00
     19.190    -11.861   .4015   23.168   .584E+00   .000E+00       56.792   .4600   24.777   .425E+00   .000E+00       25.302   .4600   23.018   .590E+00   .000E+00
     19.388    -11.861   .4015   23.199   .589E+00   .000E+00       56.792   .4600   24.805   .429E+00   .000E+00       25.302   .4600   23.050   .595E+00   .000E+00
     19.586    -11.861   .4015   23.231   .593E+00   .000E+00       56.792   .4600   24.833   .433E+00   .000E+00       25.302   .4600   23.082   .599E+00   .000E+00
     19.785    -11.861   .4015   23.262   .598E+00   .000E+00       56.792   .4600   24.860   .437E+00   .000E+00       25.302   .4600   23.114   .604E+00   .000E+00
     19.892    -11.861   .4015   23.279   .600E+00   .000E+00       56.792   .4600   24.875   .439E+00   .000E+00       25.302   .4600   23.131   .606E+00   .000E+00
     20.000    -11.861   .4015   23.296   .603E+00   .000E+00       56.792   .4600   24.890   .441E+00   .000E+00       25.302   .4600   23.148   .609E+00   .000E+00
     20.192    -11.861   .4015   23.326   .607E+00   .000E+00       56.792   .4600   24.916   .445E+00   .000E+00       25.302   .4600   23.179   .613E+00   .000E+00
     20.385    -11.861   .4015   23.356   .611E+00   .000E+00       56.792   .4600   24.942   .449E+00   .000E+00       25.302   .4600   23.210   .617E+00   .000E+00
     20.577    -11.861   .4015   23.385   .615E+00   .000E+00       56.792   .4600   24.968   .452E+00   .000E+00       25.302   .4600   23.240   .621E+00   .000E+00
     20.769    -11.861   .4015   23.415   .619E+00   .000E+00       56.792   .4600   24.994   .456E+00   .000E+00       25.302   .4600   23.271   .625E+00   .000E+00
     20.962    -11.861   .4015   23.445   .623E+00   .000E+00       56.792   .4600   25.020   .460E+00   .000E+00       25.302   .4600   23.301   .629E+00   .000E+00
     21.154    -11.861   .4015   23.474   .627E+00   .000E+00       56.792   .4600   25.045   .464E+00   .000E+00       25.302   .4600   23.331   .633E+00   .000E+00
     21.346    -11.861   .4015   23.504   .631E+00   .000E+00       56.792   .4600   25.070   .467E+00   .000E+00       25.302   .4600   23.361   .637E+00   .000E+00
     21.538    -11.861   .4015   23.533   .634E+00   .000E+00       56.792   .4600   25.096   .471E+00   .000E+00       25.302   .4600   23.391   .641E+00   .000E+00
     21.731    -11.861   .4015   23.562   .638E+00   .000E+00       56.792   .4600   25.121   .475E+00   .000E+00       25.302   .4600   23.421   .644E+00   .000E+00
     21.923    -11.861   .4015   23.592   .642E+00   .000E+00       56.792   .4600   25.145   .478E+00   .000E+00       25.302   .4600   23.451   .648E+00   .000E+00
     22.115    -11.861   .4015   23.621   .645E+00   .000E+00       56.792   .4600   25.170   .482E+00   .000E+00       25.302   .4600   23.480   .652E+00   .000E+00
     22.308    -11.861   .4015   23.650   .649E+00   .000E+00       56.792   .4600   25.195   .485E+00   .000E+00       25.302   .4600   23.510   .655E+00   .000E+00
     22.500    -11.861   .4015   23.678   .653E+00   .000E+00       56.792   .4600   25.219   .489E+00   .000E+00       25.302   .4600   23.539   .659E+00   .000E+00
     22.692    -11.861   .4015   23.707   .656E+00   .000E+00       56.792   .4600   25.244   .492E+00   .000E+00       25.302   .4600   23.569   .662E+00   .000E+00
     22.885    -11.861   .4015   23.736   .659E+00   .000E+00       56.792   .4600   25.268   .496E+00   .000E+00       25.302   .4600   23.598   .666E+00   .000E+00
     23.077    -11.861   .4015   23.764   .663E+00   .000E+00       56.792   .4600   25.292   .499E+00   .000E+00       25.302   .4600   23.627   .669E+00   .000E+00
     23.269    -11.861   .4015   23.793   .666E+00   .000E+00       56.792   .4600   25.316   .503E+00   .000E+00       25.302   .4600   23.656   .672E+00   .000E+00
     23.462    -11.861   .4015   23.821   .669E+00   .000E+00       56.792   .4600   25.339   .506E+00   .000E+00       25.302   .4600   23.685   .676E+00   .000E+00
     23.654    -11.861   .4015   23.849   .673E+00   .000E+00       56.792   .4600   25.363   .509E+00   .000E+00       25.302   .4600   23.713   .679E+00   .000E+00
     23.846    -11.861   .4015   23.877   .676E+00   .000E+00       56.792   .4600   25.387   .513E+00   .000E+00       25.302   .4600   23.742   .682E+00   .000E+00
     24.038    -11.861   .4015   23.905   .679E+00   .000E+00       56.792   .4600   25.410   .516E+00   .000E+00       25.302   .4600   23.771   .685E+00   .000E+00
     24.231    -11.861   .4015   23.933   .682E+00   .000E+00       56.792   .4600   25.433   .519E+00   .000E+00       25.302   .4600   23.799   .688E+00   .000E+00
     24.423    -11.861   .4015   23.961   .685E+00   .000E+00       56.792   .4600   25.456   .523E+00   .000E+00       25.302   .4600   23.827   .691E+00   .000E+00
     24.615    -11.861   .4015   23.988   .688E+00   .000E+00       56.792   .4600   25.479   .526E+00   .000E+00       25.302   .4600   23.856   .694E+00   .000E+00
     24.808    -11.861   .4015   24.016   .691E+00   .000E+00       56.792   .4600   25.502   .529E+00   .000E+00       25.302   .4600   23.884   .697E+00   .000E+00
     25.000    -11.861   .4015   24.043   .694E+00   .000E+00       56.792   .4600   25.525   .532E+00   .000E+00       25.302   .4600   23.912   .700E+00   .000E+00
end
