

  TLevel   Time         dt     IterW IterC   ItCum  Peclet   Courant

     1  .33333E-01  .33333E-01   10    1     30     1.077      .847
     2  .57143E-01  .23810E-01   12    1     42     1.290      .380
     3  .73016E-01  .15873E-01   13    1     55     1.378      .215
     4  .84560E-01  .11544E-01   14    1     69     1.412      .142
     5  .92806E-01  .82457E-02    8    1     77     1.428      .100
     6  .98447E-01  .56418E-02    9    1     86     1.435      .068
     7  .99749E-01  .13020E-02    5    1    111     1.436      .016
     8  .10105E+00  .13020E-02    5    1    116     1.438      .016
     9  .10235E+00  .13020E-02    5    1    121     1.440      .016
    10  .10366E+00  .13020E-02    5    1    126     1.441      .015
    11  .10496E+00  .13020E-02    5    1    131     1.442      .015
    12  .10626E+00  .13020E-02    3    1    134     1.443      .015
    13  .10796E+00  .17044E-02    4    1    138     1.444      .020
    14  .10967E+00  .17044E-02    4    1    142     1.445      .020
    15  .11137E+00  .17044E-02    6    1    148     1.445      .020
    16  .11308E+00  .17044E-02    5    1    153     1.650      .020
    17  .11478E+00  .17044E-02    6    1    159     1.766      .019
    18  .11649E+00  .17044E-02    5    1    164     1.742      .019
    19  .11819E+00  .17044E-02    5    1    169     1.636      .018
    20  .11989E+00  .17044E-02    6    1    175     1.743      .018
    21  .12160E+00  .17044E-02    4    1    179     1.745      .018
    22  .12330E+00  .17044E-02    5    1    184     1.756      .018
    23  .12501E+00  .17044E-02    4    1    188     1.712      .018
    24  .12671E+00  .17044E-02    4    1    192     1.661      .018
    25  .12842E+00  .17044E-02    6    1    198     1.653      .018
    26  .13012E+00  .17044E-02    4    1    202     1.662      .017
    27  .13182E+00  .17044E-02    4    1    206     1.729      .017
    28  .13353E+00  .17044E-02    6    1    212     1.771      .017
    29  .13453E+00  .10000E-02    4    1    236     1.783      .010
    30  .13554E+00  .10072E-02    4    1    240     1.801      .010
    31  .13654E+00  .10072E-02    3    1    243     1.808      .010
    32  .13784E+00  .12950E-02    4    1    247     1.809      .013
    33  .13913E+00  .12950E-02    5    1    252     1.805      .013
    34  .14043E+00  .12950E-02    4    1    256     1.699      .013
    35  .14172E+00  .12950E-02    3    1    259     1.709      .013
    36  .14344E+00  .17140E-02    4    1    263     1.720      .016
    37  .14515E+00  .17140E-02    4    1    267     1.727      .016
    38  .14687E+00  .17140E-02    4    1    271     1.730      .016
    39  .14858E+00  .17140E-02    4    1    275     1.728      .016
    40  .15029E+00  .17140E-02    4    1    279     1.726      .016
    41  .15201E+00  .17140E-02    3    1    282     1.723      .016
    42  .15419E+00  .21815E-02    4    1    286     1.719      .020
    43  .15637E+00  .21815E-02    4    1    290     1.715      .020
    44  .15855E+00  .21815E-02    5    1    295     1.729      .020
    45  .16073E+00  .21815E-02    4    1    299     1.682      .020
    46  .16292E+00  .21815E-02    4    1    303     1.659      .020
    47  .16510E+00  .21815E-02    6    1    309     1.660      .020
    48  .16728E+00  .21815E-02    3    1    312     1.659      .020
    49  .17025E+00  .29747E-02    4    1    316     1.656      .027
    50  .17323E+00  .29747E-02    4    1    320     1.651      .026
    51  .17620E+00  .29747E-02    4    1    324     1.644      .026
    52  .17720E+00  .10000E-02    3    1    347     1.640      .009
    53  .17847E+00  .12665E-02    4    1    351     1.636      .011
    54  .17974E+00  .12665E-02    3    1    354     1.634      .011
    55  .18142E+00  .16887E-02    3    1    357     1.631      .014
    56  .18375E+00  .23220E-02    4    1    361     1.625      .020
    57  .18607E+00  .23220E-02    4    1    365     1.620      .019
    58  .18839E+00  .23220E-02    4    1    369     1.613      .019
    59  .19071E+00  .23220E-02    3    1    372     1.608      .019
    60  .19381E+00  .30960E-02    4    1    376     1.604      .025
    61  .19690E+00  .30960E-02    5    1    381     1.628      .025
    62  .20000E+00  .30960E-02    4    1    385     1.633      .025
    63  .20286E+00  .28571E-02    3    1    388     1.592      .022
    64  .20657E+00  .37143E-02    4    1    392     1.607      .029
    65  .21029E+00  .37143E-02    4    1    396     1.657      .028
    66  .21400E+00  .37143E-02    5    1    401     1.630      .028
    67  .21771E+00  .37143E-02    4    1    405     1.601      .028
    68  .22143E+00  .37143E-02    4    1    409     1.570      .028
    69  .22514E+00  .37143E-02    3    1    412     1.535      .027
    70  .22996E+00  .48221E-02    4    1    416     1.529      .035
    71  .23479E+00  .48221E-02    4    1    420     1.532      .034
    72  .23961E+00  .48221E-02    5    1    425     1.502      .034
    73  .24443E+00  .48221E-02    4    1    429     1.497      .033
    74  .24925E+00  .48221E-02    4    1    433     1.498      .033
    75  .25408E+00  .48221E-02    4    1    437     1.499      .033
    76  .25890E+00  .48221E-02    4    1    441     1.500      .032
    77  .26372E+00  .48221E-02    5    1    446     1.502      .032
    78  .26854E+00  .48221E-02    5    1    451     1.504      .032
    79  .27336E+00  .48221E-02    4    1    455     1.507      .032
    80  .27819E+00  .48221E-02    4    1    459     1.510      .031
    81  .28301E+00  .48221E-02    4    1    463     1.525      .031
    82  .28783E+00  .48221E-02    4    1    467     1.519      .031
    83  .29265E+00  .48221E-02    4    1    471     1.529      .030
    84  .29747E+00  .48221E-02    4    1    475     1.552      .030
    85  .30230E+00  .48221E-02    4    1    479     1.560      .030
    86  .30712E+00  .48221E-02    3    1    482     1.570      .030
    87  .31334E+00  .62220E-02    4    1    486     1.585      .038
    88  .31956E+00  .62220E-02    4    1    490     1.601      .037
    89  .32578E+00  .62220E-02    5    1    495     1.617      .037
    90  .33201E+00  .62220E-02    4    1    499     1.634      .036
    91  .33823E+00  .62220E-02    4    1    503     1.653      .036
    92  .34445E+00  .62220E-02    4    1    507     1.678      .035
    93  .35067E+00  .62220E-02    4    1    511     1.664      .035
    94  .35689E+00  .62220E-02    4    1    515     1.647      .035
    95  .36312E+00  .62220E-02    8    1    523     1.630      .034
    96  .36753E+00  .44156E-02    3    1    526     1.619      .024
    97  .37329E+00  .57595E-02    3    1    529     1.605      .031
    98  .38074E+00  .74535E-02    4    1    533     1.585      .040
    99  .38820E+00  .74535E-02    4    1    537     1.565      .043
   100  .39565E+00  .74535E-02    3    1    540     1.545      .042
   101  .40514E+00  .94862E-02    4    1    544     1.518      .053
   102  .41462E+00  .94862E-02    4    1    548     1.491      .052
   103  .42411E+00  .94862E-02    4    1    552     1.512      .051
   104  .43360E+00  .94862E-02    4    1    556     1.549      .050
   105  .44308E+00  .94862E-02    4    1    560     1.547      .049
   106  .45257E+00  .94862E-02    3    1    563     1.533      .049
   107  .46443E+00  .11858E-01    4    1    567     1.518      .060
   108  .47628E+00  .11858E-01    4    1    571     1.505      .059
   109  .48814E+00  .11858E-01    4    1    575     1.460      .058
   110  .50000E+00  .11858E-01    4    1    579     1.453      .058
   111  .51250E+00  .12500E-01    4    1    583     1.450      .060
   112  .52500E+00  .12500E-01    4    1    587     1.447      .060
   113  .53750E+00  .12500E-01    4    1    591     1.444      .059
   114  .55000E+00  .12500E-01    4    1    595     1.442      .058
   115  .56250E+00  .12500E-01    5    1    600     1.441      .058
   116  .57500E+00  .12500E-01    4    1    604     1.441      .057
   117  .58750E+00  .12500E-01    4    1    608     1.440      .057
   118  .60000E+00  .12500E-01    4    1    612     1.438      .056
   119  .61250E+00  .12500E-01    4    1    616     1.436      .056
   120  .62500E+00  .12500E-01    3    1    619     1.435      .055
   121  .64130E+00  .16304E-01    4    1    623     1.433      .071
   122  .65761E+00  .16304E-01    4    1    627     1.432      .070
   123  .67391E+00  .16304E-01    4    1    631     1.430      .069
   124  .69022E+00  .16304E-01    4    1    635     1.429      .068
   125  .70652E+00  .16304E-01    5    1    640     1.428      .067
   126  .72283E+00  .16304E-01    4    1    644     1.427      .066
   127  .73913E+00  .16304E-01    3    1    647     1.426      .065
   128  .76087E+00  .21739E-01    4    1    651     1.424      .086
   129  .78261E+00  .21739E-01    4    1    655     1.423      .085
   130  .80435E+00  .21739E-01    4    1    659     1.422      .084
   131  .82609E+00  .21739E-01    4    1    663     1.420      .083
   132  .84783E+00  .21739E-01    4    1    667     1.419      .081
   133  .86957E+00  .21739E-01    4    1    671     1.418      .081
   134  .89130E+00  .21739E-01    4    1    675     1.416      .080
   135  .91304E+00  .21739E-01    4    1    679     1.415      .079
   136  .93478E+00  .21739E-01    3    1    682     1.414      .078
   137  .96739E+00  .32609E-01    4    1    686     1.419      .115
   138  .10000E+01  .32609E-01    4    1    690     1.442      .114
   139  .10278E+01  .27778E-01    4    1    694     1.456      .096
   140  .10556E+01  .27778E-01    4    1    698     1.469      .094
   141  .10833E+01  .27778E-01    4    1    702     1.483      .093
   142  .11111E+01  .27778E-01    4    1    706     1.494      .092
   143  .11389E+01  .27778E-01    3    1    709     1.503      .091
   144  .11750E+01  .36111E-01    4    1    713     1.512      .117
   145  .12111E+01  .36111E-01    4    1    717     1.521      .116
   146  .12472E+01  .36111E-01    4    1    721     1.528      .115
   147  .12833E+01  .36111E-01    4    1    725     1.534      .113
   148  .13194E+01  .36111E-01    3    1    728     1.539      .112
   149  .13646E+01  .45139E-01    4    1    732     1.546      .139
   150  .14097E+01  .45139E-01    4    1    736     1.551      .138
   151  .14549E+01  .45139E-01    4    1    740     1.555      .140
   152  .15000E+01  .45139E-01    3    1    743     1.559      .143
   153  .15625E+01  .62500E-01    4    1    747     1.564      .205
   154  .16250E+01  .62500E-01    4    1    751     1.568      .211
   155  .16875E+01  .62500E-01    4    1    755     1.572      .218
   156  .17500E+01  .62500E-01    4    1    759     1.575      .223
   157  .18125E+01  .62500E-01    4    1    763     1.578      .227
   158  .18750E+01  .62500E-01    4    1    767     1.580      .232
   159  .19375E+01  .62500E-01    4    1    771     1.582      .236
   160  .20000E+01  .62500E-01    3    1    774     1.584      .240
   161  .20769E+01  .76923E-01    4    1    778     1.586      .301
   162  .21538E+01  .76923E-01    4    1    782     1.588      .306
   163  .22308E+01  .76923E-01    4    1    786     1.589      .311
   164  .23077E+01  .76923E-01    3    1    789     1.590      .315
   165  .24066E+01  .98901E-01    4    1    793     1.592      .412
   166  .25055E+01  .98901E-01    4    1    797     1.593      .419
   167  .26044E+01  .98901E-01    4    1    801     1.594      .424
   168  .27033E+01  .98901E-01    3    1    804     1.594      .428
   169  .28516E+01  .14835E+00    4    1    808     1.595      .651
   170  .30000E+01  .14835E+00    4    1    812     1.595      .659
   171  .31250E+01  .12500E+00    3    1    815     1.596      .560
   172  .33000E+01  .17500E+00    4    1    819     1.597      .793
   173  .34750E+01  .17500E+00    4    1    823     1.597      .801
   174  .36500E+01  .17500E+00    3    1    826     1.598      .808
   175  .38250E+01  .17500E+00    3    1    829     1.598      .814
   176  .40000E+01  .17500E+00    3    1    832     1.598      .820
   177  .42000E+01  .20000E+00    3    1    835     1.599      .944
   178  .44000E+01  .20000E+00    3    1    838     1.599      .950
   179  .46000E+01  .20000E+00    3    1    841     1.599      .955
   180  .48000E+01  .20000E+00    3    1    844     1.598      .960
   181  .50000E+01  .20000E+00    3    1    847     1.598      .964
   182  .52000E+01  .20000E+00    3    1    850     1.598      .968
   183  .54000E+01  .20000E+00    3    1    853     1.599      .972
   184  .56000E+01  .20000E+00    3    1    856     1.599      .975
   185  .58000E+01  .20000E+00    3    1    859     1.599      .978
   186  .60000E+01  .20000E+00    3    1    862     1.599      .981
   187  .62000E+01  .20000E+00    3    1    865     1.599      .984
   188  .64000E+01  .20000E+00    3    1    868     1.599      .986
   189  .66000E+01  .20000E+00    3    1    871     1.599      .988
   190  .68000E+01  .20000E+00    3    1    874     1.599      .990
   191  .70000E+01  .20000E+00    2    1    876     1.600      .992
   192  .72000E+01  .20000E+00    2    1    878     1.600      .994
   193  .74000E+01  .20000E+00    2    1    880     1.600      .995
   194  .76000E+01  .20000E+00    2    1    882     1.600      .997
   195  .78000E+01  .20000E+00    2    1    884     1.600      .998
   196  .80000E+01  .20000E+00    2    1    886     1.600      .999
   197  .82000E+01  .20000E+00    2    1    888     1.600     1.000
   198  .84000E+01  .19999E+00    2    1    890     1.600     1.001
   199  .85998E+01  .19980E+00    2    1    892     1.600     1.001
   200  .87994E+01  .19964E+00    2    1    894     1.600     1.001
   201  .89989E+01  .19949E+00    2    1    896     1.600     1.001
   202  .91983E+01  .19936E+00    2    1    898     1.600     1.001
   203  .93975E+01  .19924E+00    2    1    900     1.600     1.001
   204  .95967E+01  .19913E+00    2    1    902     1.600     1.000
   205  .97957E+01  .19904E+00    2    1    904     1.600     1.000
   206  .98978E+01  .10216E+00    2    1    906     1.600      .514
   207  .10000E+02  .10216E+00    2    1    908     1.600      .514
   208  .10199E+02  .19887E+00    2    1    910     1.600     1.000
   209  .10398E+02  .19881E+00    2    1    912     1.600     1.000
   210  .10596E+02  .19875E+00    2    1    914     1.600     1.000
   211  .10795E+02  .19870E+00    2    1    916     1.600     1.000
   212  .10994E+02  .19865E+00    2    1    918     1.600     1.000
   213  .11192E+02  .19861E+00    2    1    920     1.600     1.000
   214  .11391E+02  .19857E+00    2    1    922     1.600     1.000
   215  .11589E+02  .19854E+00    2    1    924     1.600     1.000
   216  .11788E+02  .19851E+00    2    1    926     1.600     1.000
   217  .11894E+02  .10600E+00    2    1    928     1.600      .534
   218  .12000E+02  .10600E+00    2    1    930     1.600      .534
   219  .12198E+02  .19846E+00    2    1    932     1.600     1.000
   220  .12397E+02  .19844E+00    2    1    934     1.600     1.000
   221  .12595E+02  .19842E+00    2    1    936     1.600     1.000
   222  .12794E+02  .19840E+00    2    1    938     1.600     1.000
   223  .12992E+02  .19839E+00    2    1    940     1.600     1.000
   224  .13190E+02  .19838E+00    2    1    942     1.600     1.000
   225  .13389E+02  .19837E+00    2    1    944     1.600     1.000
   226  .13587E+02  .19836E+00    2    1    946     1.600     1.000
   227  .13786E+02  .19835E+00    2    1    948     1.600     1.000
   228  .13893E+02  .10722E+00    2    1    950     1.600      .541
   229  .14000E+02  .10722E+00    2    1    952     1.600      .541
   230  .14198E+02  .19833E+00    2    1    954     1.600     1.000
   231  .14397E+02  .19833E+00    2    1    956     1.600     1.000
   232  .14595E+02  .19832E+00    2    1    958     1.600     1.000
   233  .14793E+02  .19832E+00    2    1    960     1.600     1.000
   234  .14992E+02  .19831E+00    2    1    962     1.600     1.000
   235  .15190E+02  .19831E+00    2    1    964     1.600     1.000
   236  .15388E+02  .19831E+00    2    1    966     1.600     1.000
   237  .15587E+02  .19830E+00    2    1    968     1.600     1.000
   238  .15785E+02  .19830E+00    2    1    970     1.600     1.000
   239  .15892E+02  .10758E+00    2    1    972     1.600      .543
   240  .16000E+02  .10758E+00    2    1    974     1.600      .543
   241  .16198E+02  .19830E+00    2    1    976     1.600     1.000
   242  .16397E+02  .19830E+00    2    1    978     1.600     1.000
   243  .16595E+02  .19830E+00    2    1    980     1.600     1.000
   244  .16793E+02  .19829E+00    2    1    982     1.600     1.000
   245  .16991E+02  .19829E+00    2    1    984     1.600     1.000
   246  .17190E+02  .19829E+00    2    1    986     1.600     1.000
   247  .17388E+02  .19829E+00    2    1    988     1.600     1.000
   248  .17586E+02  .19829E+00    2    1    990     1.600     1.000
   249  .17785E+02  .19829E+00    2    1    992     1.600     1.000
   250  .17892E+02  .10768E+00    2    1    994     1.600      .543
   251  .18000E+02  .10768E+00    2    1    996     1.600      .543
   252  .18198E+02  .19829E+00    2    1    998     1.600     1.000
   253  .18397E+02  .19829E+00    2    1   1000     1.600     1.000
   254  .18595E+02  .19829E+00    2    1   1002     1.600     1.000
   255  .18793E+02  .19829E+00    2    1   1004     1.600     1.000
   256  .18991E+02  .19829E+00    2    1   1006     1.600     1.000
   257  .19190E+02  .19829E+00    2    1   1008     1.600     1.000
   258  .19388E+02  .19829E+00    2    1   1010     1.600     1.000
   259  .19586E+02  .19829E+00    2    1   1012     1.600     1.000
   260  .19785E+02  .19829E+00    2    1   1014     1.600     1.000
   261  .19892E+02  .10771E+00    2    1   1016     1.600      .543
   262  .20000E+02  .10771E+00    2    1   1018     1.600      .543
   263  .20192E+02  .19231E+00    2    1   1020     1.600      .970
   264  .20385E+02  .19231E+00    2    1   1022     1.600      .970
   265  .20577E+02  .19231E+00    2    1   1024     1.600      .970
   266  .20769E+02  .19231E+00    2    1   1026     1.600      .970
   267  .20962E+02  .19231E+00    2    1   1028     1.600      .970
   268  .21154E+02  .19231E+00    2    1   1030     1.600      .970
   269  .21346E+02  .19231E+00    2    1   1032     1.600      .970
   270  .21538E+02  .19231E+00    2    1   1034     1.600      .970
   271  .21731E+02  .19231E+00    2    1   1036     1.600      .970
   272  .21923E+02  .19231E+00    2    1   1038     1.600      .970
   273  .22115E+02  .19231E+00    2    1   1040     1.600      .970
   274  .22308E+02  .19231E+00    2    1   1042     1.600      .970
   275  .22500E+02  .19231E+00    2    1   1044     1.600      .970
   276  .22692E+02  .19231E+00    2    1   1046     1.600      .970
   277  .22885E+02  .19231E+00    2    1   1048     1.600      .970
   278  .23077E+02  .19231E+00    2    1   1050     1.600      .970
   279  .23269E+02  .19231E+00    2    1   1052     1.600      .970
   280  .23462E+02  .19231E+00    2    1   1054     1.600      .970
   281  .23654E+02  .19231E+00    2    1   1056     1.600      .970
   282  .23846E+02  .19231E+00    2    1   1058     1.600      .970
   283  .24038E+02  .19231E+00    2    1   1060     1.600      .970
   284  .24231E+02  .19231E+00    2    1   1062     1.600      .970
   285  .24423E+02  .19231E+00    2    1   1064     1.600      .970
   286  .24615E+02  .19231E+00    2    1   1066     1.600      .970
   287  .24808E+02  .19231E+00    2    1   1068     1.600      .970
   288  .25000E+02  .19231E+00    2    1   1070     1.600      .970
end
 
 Real time [sec]      99.000000000000000
