 All solute fluxes (SMean) and cumulative solute fluxes (ChemS) are positive out of the region

     Time     CumCh0     CumCh1     CumChR     CumChN   --------------------  ChemS(i),i=1,NumKD  ----------------------  ---------------------  SMean(j),j=1,NumKD ----------------------
      [T]    [VM/L3]    [VM/L3]    [VM/L3]    [VM/L3]                               [VM/L3]                                                           [VM/T/L3]

       .03   .000E+00   .000E+00   .000E+00   .000E+00  -.204E+03   .000E+00   .000E+00   .000E+00   .000E+00   .000E+00  -.611E+04   .000E+00   .000E+00   .000E+00   .000E+00   .000E+00
       .06   .000E+00   .000E+00   .000E+00   .000E+00  -.320E+03   .000E+00   .000E+00   .000E+00   .000E+00   .000E+00  -.489E+04   .000E+00   .000E+00   .000E+00   .000E+00   .000E+00
       .07   .000E+00   .000E+00   .000E+00   .000E+00  -.391E+03   .000E+00   .000E+00   .000E+00   .000E+00   .000E+00  -.449E+04   .000E+00   .000E+00   .000E+00   .000E+00   .000E+00
       .08   .000E+00   .000E+00   .000E+00   .000E+00  -.441E+03   .000E+00   .000E+00   .000E+00   .000E+00   .000E+00  -.427E+04   .000E+00   .000E+00   .000E+00   .000E+00   .000E+00
       .09   .000E+00   .000E+00   .000E+00   .000E+00  -.475E+03   .000E+00   .000E+00   .000E+00   .000E+00   .000E+00  -.419E+04   .000E+00   .000E+00   .000E+00   .000E+00   .000E+00
       .10   .000E+00   .000E+00   .000E+00   .000E+00  -.499E+03   .000E+00   .000E+00   .000E+00   .000E+00   .000E+00  -.415E+04   .000E+00   .000E+00   .000E+00   .000E+00   .000E+00
       .10   .000E+00   .000E+00   .000E+00   .000E+00  -.504E+03   .000E+00   .000E+00   .000E+00   .000E+00   .000E+00  -.415E+04   .000E+00   .000E+00   .000E+00   .000E+00   .000E+00
       .10   .000E+00   .000E+00   .000E+00   .000E+00  -.509E+03   .000E+00   .000E+00   .000E+00   .000E+00   .000E+00  -.414E+04   .000E+00   .000E+00   .000E+00   .000E+00   .000E+00
       .10   .000E+00   .000E+00   .000E+00   .000E+00  -.515E+03   .000E+00   .000E+00   .000E+00   .000E+00   .000E+00  -.413E+04   .000E+00   .000E+00   .000E+00   .000E+00   .000E+00
       .10   .000E+00   .000E+00   .000E+00   .000E+00  -.520E+03   .000E+00   .000E+00   .000E+00   .000E+00   .000E+00  -.413E+04   .000E+00   .000E+00   .000E+00   .000E+00   .000E+00
       .10   .000E+00   .000E+00   .000E+00   .000E+00  -.526E+03   .000E+00   .000E+00   .000E+00   .000E+00   .000E+00  -.412E+04   .000E+00   .000E+00   .000E+00   .000E+00   .000E+00
       .11   .000E+00   .000E+00   .000E+00   .000E+00  -.531E+03   .000E+00   .000E+00   .000E+00   .000E+00   .000E+00  -.410E+04   .000E+00   .000E+00   .000E+00   .000E+00   .000E+00
       .11   .000E+00   .000E+00   .000E+00   .000E+00  -.538E+03   .000E+00   .000E+00   .000E+00   .000E+00   .000E+00  -.408E+04   .000E+00   .000E+00   .000E+00   .000E+00   .000E+00
       .11   .000E+00   .000E+00   .000E+00   .000E+00  -.545E+03   .000E+00   .000E+00   .000E+00   .000E+00   .000E+00  -.407E+04   .000E+00   .000E+00   .000E+00   .000E+00   .000E+00
       .11   .000E+00   .000E+00   .000E+00   .000E+00  -.552E+03   .000E+00   .000E+00   .000E+00   .000E+00   .000E+00  -.406E+04   .000E+00   .000E+00   .000E+00   .000E+00   .000E+00
       .11   .000E+00   .000E+00   .000E+00   .000E+00  -.559E+03   .000E+00   .000E+00   .000E+00   .000E+00   .000E+00  -.403E+04   .000E+00   .000E+00   .000E+00   .000E+00   .000E+00
       .11   .000E+00   .000E+00   .000E+00   .000E+00  -.565E+03   .000E+00   .000E+00   .000E+00   .000E+00   .000E+00  -.385E+04   .000E+00   .000E+00   .000E+00   .000E+00   .000E+00
       .12   .000E+00   .000E+00   .000E+00   .000E+00  -.571E+03   .000E+00   .000E+00   .000E+00   .000E+00   .000E+00  -.372E+04   .000E+00   .000E+00   .000E+00   .000E+00   .000E+00
       .12   .000E+00   .000E+00   .000E+00   .000E+00  -.578E+03   .000E+00   .000E+00   .000E+00   .000E+00   .000E+00  -.355E+04   .000E+00   .000E+00   .000E+00   .000E+00   .000E+00
       .12   .000E+00   .000E+00   .000E+00   .000E+00  -.583E+03   .000E+00   .000E+00   .000E+00   .000E+00   .000E+00  -.339E+04   .000E+00   .000E+00   .000E+00   .000E+00   .000E+00
       .12   .000E+00   .000E+00   .000E+00   .000E+00  -.589E+03   .000E+00   .000E+00   .000E+00   .000E+00   .000E+00  -.333E+04   .000E+00   .000E+00   .000E+00   .000E+00   .000E+00
       .12   .000E+00   .000E+00   .000E+00   .000E+00  -.595E+03   .000E+00   .000E+00   .000E+00   .000E+00   .000E+00  -.329E+04   .000E+00   .000E+00   .000E+00   .000E+00   .000E+00
       .13   .000E+00   .000E+00   .000E+00   .000E+00  -.600E+03   .000E+00   .000E+00   .000E+00   .000E+00   .000E+00  -.310E+04   .000E+00   .000E+00   .000E+00   .000E+00   .000E+00
       .13   .000E+00   .000E+00   .000E+00   .000E+00  -.605E+03   .000E+00   .000E+00   .000E+00   .000E+00   .000E+00  -.298E+04   .000E+00   .000E+00   .000E+00   .000E+00   .000E+00
       .13   .000E+00   .000E+00   .000E+00   .000E+00  -.610E+03   .000E+00   .000E+00   .000E+00   .000E+00   .000E+00  -.295E+04   .000E+00   .000E+00   .000E+00   .000E+00   .000E+00
       .13   .000E+00   .000E+00   .000E+00   .000E+00  -.615E+03   .000E+00   .000E+00   .000E+00   .000E+00   .000E+00  -.292E+04   .000E+00   .000E+00   .000E+00   .000E+00   .000E+00
       .13   .000E+00   .000E+00   .000E+00   .000E+00  -.620E+03   .000E+00   .000E+00   .000E+00   .000E+00   .000E+00  -.287E+04   .000E+00   .000E+00   .000E+00   .000E+00   .000E+00
       .13   .000E+00   .000E+00   .000E+00   .000E+00  -.625E+03   .000E+00   .000E+00   .000E+00   .000E+00   .000E+00  -.280E+04   .000E+00   .000E+00   .000E+00   .000E+00   .000E+00
       .13   .000E+00   .000E+00   .000E+00   .000E+00  -.627E+03   .000E+00   .000E+00   .000E+00   .000E+00   .000E+00  -.276E+04   .000E+00   .000E+00   .000E+00   .000E+00   .000E+00
       .14   .000E+00   .000E+00   .000E+00   .000E+00  -.630E+03   .000E+00   .000E+00   .000E+00   .000E+00   .000E+00  -.273E+04   .000E+00   .000E+00   .000E+00   .000E+00   .000E+00
       .14   .000E+00   .000E+00   .000E+00   .000E+00  -.633E+03   .000E+00   .000E+00   .000E+00   .000E+00   .000E+00  -.270E+04   .000E+00   .000E+00   .000E+00   .000E+00   .000E+00
       .14   .000E+00   .000E+00   .000E+00   .000E+00  -.636E+03   .000E+00   .000E+00   .000E+00   .000E+00   .000E+00  -.268E+04   .000E+00   .000E+00   .000E+00   .000E+00   .000E+00
       .14   .000E+00   .000E+00   .000E+00   .000E+00  -.640E+03   .000E+00   .000E+00   .000E+00   .000E+00   .000E+00  -.267E+04   .000E+00   .000E+00   .000E+00   .000E+00   .000E+00
       .14   .000E+00   .000E+00   .000E+00   .000E+00  -.643E+03   .000E+00   .000E+00   .000E+00   .000E+00   .000E+00  -.257E+04   .000E+00   .000E+00   .000E+00   .000E+00   .000E+00
       .14   .000E+00   .000E+00   .000E+00   .000E+00  -.646E+03   .000E+00   .000E+00   .000E+00   .000E+00   .000E+00  -.254E+04   .000E+00   .000E+00   .000E+00   .000E+00   .000E+00
       .14   .000E+00   .000E+00   .000E+00   .000E+00  -.651E+03   .000E+00   .000E+00   .000E+00   .000E+00   .000E+00  -.251E+04   .000E+00   .000E+00   .000E+00   .000E+00   .000E+00
       .15   .000E+00   .000E+00   .000E+00   .000E+00  -.655E+03   .000E+00   .000E+00   .000E+00   .000E+00   .000E+00  -.249E+04   .000E+00   .000E+00   .000E+00   .000E+00   .000E+00
       .15   .000E+00   .000E+00   .000E+00   .000E+00  -.659E+03   .000E+00   .000E+00   .000E+00   .000E+00   .000E+00  -.246E+04   .000E+00   .000E+00   .000E+00   .000E+00   .000E+00
       .15   .000E+00   .000E+00   .000E+00   .000E+00  -.663E+03   .000E+00   .000E+00   .000E+00   .000E+00   .000E+00  -.243E+04   .000E+00   .000E+00   .000E+00   .000E+00   .000E+00
       .15   .000E+00   .000E+00   .000E+00   .000E+00  -.667E+03   .000E+00   .000E+00   .000E+00   .000E+00   .000E+00  -.239E+04   .000E+00   .000E+00   .000E+00   .000E+00   .000E+00
       .15   .000E+00   .000E+00   .000E+00   .000E+00  -.671E+03   .000E+00   .000E+00   .000E+00   .000E+00   .000E+00  -.237E+04   .000E+00   .000E+00   .000E+00   .000E+00   .000E+00
       .15   .000E+00   .000E+00   .000E+00   .000E+00  -.677E+03   .000E+00   .000E+00   .000E+00   .000E+00   .000E+00  -.235E+04   .000E+00   .000E+00   .000E+00   .000E+00   .000E+00
       .16   .000E+00   .000E+00   .000E+00   .000E+00  -.682E+03   .000E+00   .000E+00   .000E+00   .000E+00   .000E+00  -.233E+04   .000E+00   .000E+00   .000E+00   .000E+00   .000E+00
       .16   .000E+00   .000E+00   .000E+00   .000E+00  -.687E+03   .000E+00   .000E+00   .000E+00   .000E+00   .000E+00  -.231E+04   .000E+00   .000E+00   .000E+00   .000E+00   .000E+00
       .16   .000E+00   .000E+00   .000E+00   .000E+00  -.692E+03   .000E+00   .000E+00   .000E+00   .000E+00   .000E+00  -.225E+04   .000E+00   .000E+00   .000E+00   .000E+00   .000E+00
       .16   .000E+00   .000E+00   .000E+00   .000E+00  -.696E+03   .000E+00   .000E+00   .000E+00   .000E+00   .000E+00  -.222E+04   .000E+00   .000E+00   .000E+00   .000E+00   .000E+00
       .17   .000E+00   .000E+00   .000E+00   .000E+00  -.701E+03   .000E+00   .000E+00   .000E+00   .000E+00   .000E+00  -.220E+04   .000E+00   .000E+00   .000E+00   .000E+00   .000E+00
       .17   .000E+00   .000E+00   .000E+00   .000E+00  -.706E+03   .000E+00   .000E+00   .000E+00   .000E+00   .000E+00  -.216E+04   .000E+00   .000E+00   .000E+00   .000E+00   .000E+00
       .17   .000E+00   .000E+00   .000E+00   .000E+00  -.712E+03   .000E+00   .000E+00   .000E+00   .000E+00   .000E+00  -.212E+04   .000E+00   .000E+00   .000E+00   .000E+00   .000E+00
       .17   .000E+00   .000E+00   .000E+00   .000E+00  -.719E+03   .000E+00   .000E+00   .000E+00   .000E+00   .000E+00  -.209E+04   .000E+00   .000E+00   .000E+00   .000E+00   .000E+00
       .18   .000E+00   .000E+00   .000E+00   .000E+00  -.725E+03   .000E+00   .000E+00   .000E+00   .000E+00   .000E+00  -.207E+04   .000E+00   .000E+00   .000E+00   .000E+00   .000E+00
       .18   .000E+00   .000E+00   .000E+00   .000E+00  -.727E+03   .000E+00   .000E+00   .000E+00   .000E+00   .000E+00  -.206E+04   .000E+00   .000E+00   .000E+00   .000E+00   .000E+00
       .18   .000E+00   .000E+00   .000E+00   .000E+00  -.729E+03   .000E+00   .000E+00   .000E+00   .000E+00   .000E+00  -.205E+04   .000E+00   .000E+00   .000E+00   .000E+00   .000E+00
       .18   .000E+00   .000E+00   .000E+00   .000E+00  -.732E+03   .000E+00   .000E+00   .000E+00   .000E+00   .000E+00  -.203E+04   .000E+00   .000E+00   .000E+00   .000E+00   .000E+00
       .18   .000E+00   .000E+00   .000E+00   .000E+00  -.735E+03   .000E+00   .000E+00   .000E+00   .000E+00   .000E+00  -.202E+04   .000E+00   .000E+00   .000E+00   .000E+00   .000E+00
       .18   .000E+00   .000E+00   .000E+00   .000E+00  -.740E+03   .000E+00   .000E+00   .000E+00   .000E+00   .000E+00  -.200E+04   .000E+00   .000E+00   .000E+00   .000E+00   .000E+00
       .19   .000E+00   .000E+00   .000E+00   .000E+00  -.745E+03   .000E+00   .000E+00   .000E+00   .000E+00   .000E+00  -.198E+04   .000E+00   .000E+00   .000E+00   .000E+00   .000E+00
       .19   .000E+00   .000E+00   .000E+00   .000E+00  -.749E+03   .000E+00   .000E+00   .000E+00   .000E+00   .000E+00  -.196E+04   .000E+00   .000E+00   .000E+00   .000E+00   .000E+00
       .19   .000E+00   .000E+00   .000E+00   .000E+00  -.754E+03   .000E+00   .000E+00   .000E+00   .000E+00   .000E+00  -.194E+04   .000E+00   .000E+00   .000E+00   .000E+00   .000E+00
       .19   .000E+00   .000E+00   .000E+00   .000E+00  -.759E+03   .000E+00   .000E+00   .000E+00   .000E+00   .000E+00  -.191E+04   .000E+00   .000E+00   .000E+00   .000E+00   .000E+00
       .20   .000E+00   .000E+00   .000E+00   .000E+00  -.765E+03   .000E+00   .000E+00   .000E+00   .000E+00   .000E+00  -.189E+04   .000E+00   .000E+00   .000E+00   .000E+00   .000E+00
       .20   .000E+00   .000E+00   .000E+00   .000E+00  -.771E+03   .000E+00   .000E+00   .000E+00   .000E+00   .000E+00  -.187E+04   .000E+00   .000E+00   .000E+00   .000E+00   .000E+00
       .20   .000E+00   .000E+00   .000E+00   .000E+00  -.776E+03   .000E+00   .000E+00   .000E+00   .000E+00   .000E+00  -.185E+04   .000E+00   .000E+00   .000E+00   .000E+00   .000E+00
       .21   .000E+00   .000E+00   .000E+00   .000E+00  -.783E+03   .000E+00   .000E+00   .000E+00   .000E+00   .000E+00  -.182E+04   .000E+00   .000E+00   .000E+00   .000E+00   .000E+00
       .21   .000E+00   .000E+00   .000E+00   .000E+00  -.790E+03   .000E+00   .000E+00   .000E+00   .000E+00   .000E+00  -.179E+04   .000E+00   .000E+00   .000E+00   .000E+00   .000E+00
       .21   .000E+00   .000E+00   .000E+00   .000E+00  -.796E+03   .000E+00   .000E+00   .000E+00   .000E+00   .000E+00  -.177E+04   .000E+00   .000E+00   .000E+00   .000E+00   .000E+00
       .22   .000E+00   .000E+00   .000E+00   .000E+00  -.803E+03   .000E+00   .000E+00   .000E+00   .000E+00   .000E+00  -.175E+04   .000E+00   .000E+00   .000E+00   .000E+00   .000E+00
       .22   .000E+00   .000E+00   .000E+00   .000E+00  -.809E+03   .000E+00   .000E+00   .000E+00   .000E+00   .000E+00  -.173E+04   .000E+00   .000E+00   .000E+00   .000E+00   .000E+00
       .23   .000E+00   .000E+00   .000E+00   .000E+00  -.816E+03   .000E+00   .000E+00   .000E+00   .000E+00   .000E+00  -.171E+04   .000E+00   .000E+00   .000E+00   .000E+00   .000E+00
       .23   .000E+00   .000E+00   .000E+00   .000E+00  -.824E+03   .000E+00   .000E+00   .000E+00   .000E+00   .000E+00  -.169E+04   .000E+00   .000E+00   .000E+00   .000E+00   .000E+00
       .23   .000E+00   .000E+00   .000E+00   .000E+00  -.832E+03   .000E+00   .000E+00   .000E+00   .000E+00   .000E+00  -.167E+04   .000E+00   .000E+00   .000E+00   .000E+00   .000E+00
       .24   .000E+00   .000E+00   .000E+00   .000E+00  -.840E+03   .000E+00   .000E+00   .000E+00   .000E+00   .000E+00  -.165E+04   .000E+00   .000E+00   .000E+00   .000E+00   .000E+00
       .24   .000E+00   .000E+00   .000E+00   .000E+00  -.848E+03   .000E+00   .000E+00   .000E+00   .000E+00   .000E+00  -.163E+04   .000E+00   .000E+00   .000E+00   .000E+00   .000E+00
       .25   .000E+00   .000E+00   .000E+00   .000E+00  -.855E+03   .000E+00   .000E+00   .000E+00   .000E+00   .000E+00  -.161E+04   .000E+00   .000E+00   .000E+00   .000E+00   .000E+00
       .25   .000E+00   .000E+00   .000E+00   .000E+00  -.863E+03   .000E+00   .000E+00   .000E+00   .000E+00   .000E+00  -.159E+04   .000E+00   .000E+00   .000E+00   .000E+00   .000E+00
       .26   .000E+00   .000E+00   .000E+00   .000E+00  -.871E+03   .000E+00   .000E+00   .000E+00   .000E+00   .000E+00  -.158E+04   .000E+00   .000E+00   .000E+00   .000E+00   .000E+00
       .26   .000E+00   .000E+00   .000E+00   .000E+00  -.878E+03   .000E+00   .000E+00   .000E+00   .000E+00   .000E+00  -.156E+04   .000E+00   .000E+00   .000E+00   .000E+00   .000E+00
       .27   .000E+00   .000E+00   .000E+00   .000E+00  -.886E+03   .000E+00   .000E+00   .000E+00   .000E+00   .000E+00  -.155E+04   .000E+00   .000E+00   .000E+00   .000E+00   .000E+00
       .27   .000E+00   .000E+00   .000E+00   .000E+00  -.893E+03   .000E+00   .000E+00   .000E+00   .000E+00   .000E+00  -.154E+04   .000E+00   .000E+00   .000E+00   .000E+00   .000E+00
       .28   .000E+00   .000E+00   .000E+00   .000E+00  -.901E+03   .000E+00   .000E+00   .000E+00   .000E+00   .000E+00  -.152E+04   .000E+00   .000E+00   .000E+00   .000E+00   .000E+00
       .28   .000E+00   .000E+00   .000E+00   .000E+00  -.908E+03   .000E+00   .000E+00   .000E+00   .000E+00   .000E+00  -.150E+04   .000E+00   .000E+00   .000E+00   .000E+00   .000E+00
       .29   .000E+00   .000E+00   .000E+00   .000E+00  -.915E+03   .000E+00   .000E+00   .000E+00   .000E+00   .000E+00  -.149E+04   .000E+00   .000E+00   .000E+00   .000E+00   .000E+00
       .29   .000E+00   .000E+00   .000E+00   .000E+00  -.922E+03   .000E+00   .000E+00   .000E+00   .000E+00   .000E+00  -.147E+04   .000E+00   .000E+00   .000E+00   .000E+00   .000E+00
       .30   .000E+00   .000E+00   .000E+00   .000E+00  -.929E+03   .000E+00   .000E+00   .000E+00   .000E+00   .000E+00  -.146E+04   .000E+00   .000E+00   .000E+00   .000E+00   .000E+00
       .30   .000E+00   .000E+00   .000E+00   .000E+00  -.936E+03   .000E+00   .000E+00   .000E+00   .000E+00   .000E+00  -.144E+04   .000E+00   .000E+00   .000E+00   .000E+00   .000E+00
       .31   .000E+00   .000E+00   .000E+00   .000E+00  -.943E+03   .000E+00   .000E+00   .000E+00   .000E+00   .000E+00  -.143E+04   .000E+00   .000E+00   .000E+00   .000E+00   .000E+00
       .31   .000E+00   .000E+00   .000E+00   .000E+00  -.952E+03   .000E+00   .000E+00   .000E+00   .000E+00   .000E+00  -.141E+04   .000E+00   .000E+00   .000E+00   .000E+00   .000E+00
       .32   .000E+00   .000E+00   .000E+00   .000E+00  -.960E+03   .000E+00   .000E+00   .000E+00   .000E+00   .000E+00  -.140E+04   .000E+00   .000E+00   .000E+00   .000E+00   .000E+00
       .33   .000E+00   .000E+00   .000E+00   .000E+00  -.969E+03   .000E+00   .000E+00   .000E+00   .000E+00   .000E+00  -.138E+04   .000E+00   .000E+00   .000E+00   .000E+00   .000E+00
       .33   .000E+00   .000E+00   .000E+00   .000E+00  -.977E+03   .000E+00   .000E+00   .000E+00   .000E+00   .000E+00  -.137E+04   .000E+00   .000E+00   .000E+00   .000E+00   .000E+00
       .34   .000E+00   .000E+00   .000E+00   .000E+00  -.986E+03   .000E+00   .000E+00   .000E+00   .000E+00   .000E+00  -.135E+04   .000E+00   .000E+00   .000E+00   .000E+00   .000E+00
       .34   .000E+00   .000E+00   .000E+00   .000E+00  -.994E+03   .000E+00   .000E+00   .000E+00   .000E+00   .000E+00  -.134E+04   .000E+00   .000E+00   .000E+00   .000E+00   .000E+00
       .35   .000E+00   .000E+00   .000E+00   .000E+00  -.100E+04   .000E+00   .000E+00   .000E+00   .000E+00   .000E+00  -.132E+04   .000E+00   .000E+00   .000E+00   .000E+00   .000E+00
       .36   .000E+00   .000E+00   .000E+00   .000E+00  -.101E+04   .000E+00   .000E+00   .000E+00   .000E+00   .000E+00  -.131E+04   .000E+00   .000E+00   .000E+00   .000E+00   .000E+00
       .36   .000E+00   .000E+00   .000E+00   .000E+00  -.102E+04   .000E+00   .000E+00   .000E+00   .000E+00   .000E+00  -.130E+04   .000E+00   .000E+00   .000E+00   .000E+00   .000E+00
       .37   .000E+00   .000E+00   .000E+00   .000E+00  -.102E+04   .000E+00   .000E+00   .000E+00   .000E+00   .000E+00  -.129E+04   .000E+00   .000E+00   .000E+00   .000E+00   .000E+00
       .37   .000E+00   .000E+00   .000E+00   .000E+00  -.103E+04   .000E+00   .000E+00   .000E+00   .000E+00   .000E+00  -.128E+04   .000E+00   .000E+00   .000E+00   .000E+00   .000E+00
       .38   .000E+00   .000E+00   .000E+00   .000E+00  -.104E+04   .000E+00   .000E+00   .000E+00   .000E+00   .000E+00  -.127E+04   .000E+00   .000E+00   .000E+00   .000E+00   .000E+00
       .39   .000E+00   .000E+00   .000E+00   .000E+00  -.105E+04   .000E+00   .000E+00   .000E+00   .000E+00   .000E+00  -.125E+04   .000E+00   .000E+00   .000E+00   .000E+00   .000E+00
       .40   .000E+00   .000E+00   .000E+00   .000E+00  -.106E+04   .000E+00   .000E+00   .000E+00   .000E+00   .000E+00  -.124E+04   .000E+00   .000E+00   .000E+00   .000E+00   .000E+00
       .41   .000E+00   .000E+00   .000E+00   .000E+00  -.107E+04   .000E+00   .000E+00   .000E+00   .000E+00   .000E+00  -.122E+04   .000E+00   .000E+00   .000E+00   .000E+00   .000E+00
       .41   .000E+00   .000E+00   .000E+00   .000E+00  -.108E+04   .000E+00   .000E+00   .000E+00   .000E+00   .000E+00  -.121E+04   .000E+00   .000E+00   .000E+00   .000E+00   .000E+00
       .42   .000E+00   .000E+00   .000E+00   .000E+00  -.109E+04   .000E+00   .000E+00   .000E+00   .000E+00   .000E+00  -.120E+04   .000E+00   .000E+00   .000E+00   .000E+00   .000E+00
       .43   .000E+00   .000E+00   .000E+00   .000E+00  -.111E+04   .000E+00   .000E+00   .000E+00   .000E+00   .000E+00  -.118E+04   .000E+00   .000E+00   .000E+00   .000E+00   .000E+00
       .44   .000E+00   .000E+00   .000E+00   .000E+00  -.112E+04   .000E+00   .000E+00   .000E+00   .000E+00   .000E+00  -.117E+04   .000E+00   .000E+00   .000E+00   .000E+00   .000E+00
       .45   .000E+00   .000E+00   .000E+00   .000E+00  -.113E+04   .000E+00   .000E+00   .000E+00   .000E+00   .000E+00  -.116E+04   .000E+00   .000E+00   .000E+00   .000E+00   .000E+00
       .46   .000E+00   .000E+00   .000E+00   .000E+00  -.114E+04   .000E+00   .000E+00   .000E+00   .000E+00   .000E+00  -.114E+04   .000E+00   .000E+00   .000E+00   .000E+00   .000E+00
       .48   .000E+00   .000E+00   .000E+00   .000E+00  -.115E+04   .000E+00   .000E+00   .000E+00   .000E+00   .000E+00  -.113E+04   .000E+00   .000E+00   .000E+00   .000E+00   .000E+00
       .49   .000E+00   .000E+00   .000E+00   .000E+00  -.117E+04   .000E+00   .000E+00   .000E+00   .000E+00   .000E+00  -.112E+04   .000E+00   .000E+00   .000E+00   .000E+00   .000E+00
       .50   .000E+00   .000E+00   .000E+00   .000E+00  -.118E+04   .000E+00   .000E+00   .000E+00   .000E+00   .000E+00  -.111E+04   .000E+00   .000E+00   .000E+00   .000E+00   .000E+00
       .51   .000E+00   .000E+00   .000E+00   .000E+00  -.119E+04   .000E+00   .000E+00   .000E+00   .000E+00   .000E+00  -.109E+04   .000E+00   .000E+00   .000E+00   .000E+00   .000E+00
       .52   .000E+00   .000E+00   .000E+00   .000E+00  -.121E+04   .000E+00   .000E+00   .000E+00   .000E+00   .000E+00  -.108E+04   .000E+00   .000E+00   .000E+00   .000E+00   .000E+00
       .54   .000E+00   .000E+00   .000E+00   .000E+00  -.122E+04   .000E+00   .000E+00   .000E+00   .000E+00   .000E+00  -.107E+04   .000E+00   .000E+00   .000E+00   .000E+00   .000E+00
       .55   .000E+00   .000E+00   .000E+00   .000E+00  -.123E+04   .000E+00   .000E+00   .000E+00   .000E+00   .000E+00  -.106E+04   .000E+00   .000E+00   .000E+00   .000E+00   .000E+00
       .56   .000E+00   .000E+00   .000E+00   .000E+00  -.125E+04   .000E+00   .000E+00   .000E+00   .000E+00   .000E+00  -.105E+04   .000E+00   .000E+00   .000E+00   .000E+00   .000E+00
       .57   .000E+00   .000E+00   .000E+00   .000E+00  -.126E+04   .000E+00   .000E+00   .000E+00   .000E+00   .000E+00  -.104E+04   .000E+00   .000E+00   .000E+00   .000E+00   .000E+00
       .59   .000E+00   .000E+00   .000E+00   .000E+00  -.127E+04   .000E+00   .000E+00   .000E+00   .000E+00   .000E+00  -.103E+04   .000E+00   .000E+00   .000E+00   .000E+00   .000E+00
       .60   .000E+00   .000E+00   .000E+00   .000E+00  -.129E+04   .000E+00   .000E+00   .000E+00   .000E+00   .000E+00  -.102E+04   .000E+00   .000E+00   .000E+00   .000E+00   .000E+00
       .61   .000E+00   .000E+00   .000E+00   .000E+00  -.130E+04   .000E+00   .000E+00   .000E+00   .000E+00   .000E+00  -.101E+04   .000E+00   .000E+00   .000E+00   .000E+00   .000E+00
       .62   .000E+00   .000E+00   .000E+00   .000E+00  -.131E+04   .000E+00   .000E+00   .000E+00   .000E+00   .000E+00  -.100E+04   .000E+00   .000E+00   .000E+00   .000E+00   .000E+00
       .64   .000E+00   .000E+00   .000E+00   .000E+00  -.133E+04   .000E+00   .000E+00   .000E+00   .000E+00   .000E+00  -.991E+03   .000E+00   .000E+00   .000E+00   .000E+00   .000E+00
       .66   .000E+00   .000E+00   .000E+00   .000E+00  -.134E+04   .000E+00   .000E+00   .000E+00   .000E+00   .000E+00  -.979E+03   .000E+00   .000E+00   .000E+00   .000E+00   .000E+00
       .67   .000E+00   .000E+00   .000E+00   .000E+00  -.136E+04   .000E+00   .000E+00   .000E+00   .000E+00   .000E+00  -.969E+03   .000E+00   .000E+00   .000E+00   .000E+00   .000E+00
       .69   .000E+00   .000E+00   .000E+00   .000E+00  -.138E+04   .000E+00   .000E+00   .000E+00   .000E+00   .000E+00  -.959E+03   .000E+00   .000E+00   .000E+00   .000E+00   .000E+00
       .71   .000E+00   .000E+00   .000E+00   .000E+00  -.139E+04   .000E+00   .000E+00   .000E+00   .000E+00   .000E+00  -.949E+03   .000E+00   .000E+00   .000E+00   .000E+00   .000E+00
       .72   .000E+00   .000E+00   .000E+00   .000E+00  -.141E+04   .000E+00   .000E+00   .000E+00   .000E+00   .000E+00  -.941E+03   .000E+00   .000E+00   .000E+00   .000E+00   .000E+00
       .74   .000E+00   .000E+00   .000E+00   .000E+00  -.142E+04   .000E+00   .000E+00   .000E+00   .000E+00   .000E+00  -.932E+03   .000E+00   .000E+00   .000E+00   .000E+00   .000E+00
       .76   .000E+00   .000E+00   .000E+00   .000E+00  -.144E+04   .000E+00   .000E+00   .000E+00   .000E+00   .000E+00  -.923E+03   .000E+00   .000E+00   .000E+00   .000E+00   .000E+00
       .78   .000E+00   .000E+00   .000E+00   .000E+00  -.146E+04   .000E+00   .000E+00   .000E+00   .000E+00   .000E+00  -.912E+03   .000E+00   .000E+00   .000E+00   .000E+00   .000E+00
       .80   .000E+00   .000E+00   .000E+00   .000E+00  -.148E+04   .000E+00   .000E+00   .000E+00   .000E+00   .000E+00  -.901E+03   .000E+00   .000E+00   .000E+00   .000E+00   .000E+00
       .83   .000E+00   .000E+00   .000E+00   .000E+00  -.150E+04   .000E+00   .000E+00   .000E+00   .000E+00   .000E+00  -.892E+03   .000E+00   .000E+00   .000E+00   .000E+00   .000E+00
       .85   .000E+00   .000E+00   .000E+00   .000E+00  -.152E+04   .000E+00   .000E+00   .000E+00   .000E+00   .000E+00  -.882E+03   .000E+00   .000E+00   .000E+00   .000E+00   .000E+00
       .87   .000E+00   .000E+00   .000E+00   .000E+00  -.154E+04   .000E+00   .000E+00   .000E+00   .000E+00   .000E+00  -.874E+03   .000E+00   .000E+00   .000E+00   .000E+00   .000E+00
       .89   .000E+00   .000E+00   .000E+00   .000E+00  -.156E+04   .000E+00   .000E+00   .000E+00   .000E+00   .000E+00  -.866E+03   .000E+00   .000E+00   .000E+00   .000E+00   .000E+00
       .91   .000E+00   .000E+00   .000E+00   .000E+00  -.158E+04   .000E+00   .000E+00   .000E+00   .000E+00   .000E+00  -.858E+03   .000E+00   .000E+00   .000E+00   .000E+00   .000E+00
       .93   .000E+00   .000E+00   .000E+00   .000E+00  -.159E+04   .000E+00   .000E+00   .000E+00   .000E+00   .000E+00  -.851E+03   .000E+00   .000E+00   .000E+00   .000E+00   .000E+00
       .97   .000E+00   .000E+00   .000E+00   .000E+00  -.162E+04   .000E+00   .000E+00   .000E+00   .000E+00   .000E+00  -.840E+03   .000E+00   .000E+00   .000E+00   .000E+00   .000E+00
      1.00   .000E+00   .000E+00   .000E+00   .000E+00  -.165E+04   .000E+00   .000E+00   .000E+00   .000E+00   .000E+00  -.830E+03   .000E+00   .000E+00   .000E+00   .000E+00   .000E+00
      1.03   .000E+00   .000E+00   .000E+00   .000E+00  -.167E+04   .000E+00   .000E+00   .000E+00   .000E+00   .000E+00  -.822E+03   .000E+00   .000E+00   .000E+00   .000E+00   .000E+00
      1.06   .000E+00   .000E+00   .000E+00   .000E+00  -.169E+04   .000E+00   .000E+00   .000E+00   .000E+00   .000E+00  -.814E+03   .000E+00   .000E+00   .000E+00   .000E+00   .000E+00
      1.08   .000E+00   .000E+00   .000E+00   .000E+00  -.172E+04   .000E+00   .000E+00   .000E+00   .000E+00   .000E+00  -.806E+03   .000E+00   .000E+00   .000E+00   .000E+00   .000E+00
      1.11   .000E+00   .000E+00   .000E+00   .000E+00  -.174E+04   .000E+00   .000E+00   .000E+00   .000E+00   .000E+00  -.799E+03   .000E+00   .000E+00   .000E+00   .000E+00   .000E+00
      1.14   .000E+00   .000E+00   .000E+00   .000E+00  -.176E+04   .000E+00   .000E+00   .000E+00   .000E+00   .000E+00  -.792E+03   .000E+00   .000E+00   .000E+00   .000E+00   .000E+00
      1.18   .000E+00   .000E+00   .000E+00   .000E+00  -.179E+04   .000E+00   .000E+00   .000E+00   .000E+00   .000E+00  -.784E+03   .000E+00   .000E+00   .000E+00   .000E+00   .000E+00
      1.21   .000E+00   .000E+00   .000E+00   .000E+00  -.182E+04   .000E+00   .000E+00   .000E+00   .000E+00   .000E+00  -.776E+03   .000E+00   .000E+00   .000E+00   .000E+00   .000E+00
      1.25   .000E+00   .000E+00   .000E+00   .000E+00  -.184E+04   .000E+00   .000E+00   .000E+00   .000E+00   .000E+00  -.768E+03   .000E+00   .000E+00   .000E+00   .000E+00   .000E+00
      1.28   .000E+00   .000E+00   .000E+00   .000E+00  -.187E+04   .000E+00   .000E+00   .000E+00   .000E+00   .000E+00  -.761E+03   .000E+00   .000E+00   .000E+00   .000E+00   .000E+00
      1.32   .000E+00   .000E+00   .000E+00   .000E+00  -.190E+04   .000E+00   .000E+00   .000E+00   .000E+00   .000E+00  -.754E+03   .000E+00   .000E+00   .000E+00   .000E+00   .000E+00
      1.36   .000E+00   .000E+00   .000E+00   .000E+00  -.193E+04   .000E+00   .000E+00   .000E+00   .000E+00   .000E+00  -.745E+03   .000E+00   .000E+00   .000E+00   .000E+00   .000E+00
      1.41   .000E+00   .000E+00   .000E+00   .000E+00  -.197E+04   .000E+00   .000E+00   .000E+00   .000E+00   .000E+00  -.737E+03   .000E+00   .000E+00   .000E+00   .000E+00   .000E+00
      1.45   .000E+00   .000E+00   .000E+00   .000E+00  -.200E+04   .000E+00   .000E+00   .000E+00   .000E+00   .000E+00  -.730E+03   .000E+00   .000E+00   .000E+00   .000E+00   .000E+00
      1.50   .000E+00   .000E+00   .000E+00   .000E+00  -.203E+04   .000E+00   .000E+00   .000E+00   .000E+00   .000E+00  -.723E+03   .000E+00   .000E+00   .000E+00   .000E+00   .000E+00
      1.56   .000E+00   .000E+00   .000E+00   .000E+00  -.208E+04   .000E+00   .000E+00   .000E+00   .000E+00   .000E+00  -.715E+03   .000E+00   .000E+00   .000E+00   .000E+00   .000E+00
      1.63   .000E+00   .000E+00   .000E+00   .000E+00  -.212E+04   .000E+00   .000E+00   .000E+00   .000E+00   .000E+00  -.707E+03   .000E+00   .000E+00   .000E+00   .000E+00   .000E+00
      1.69   .000E+00   .000E+00   .000E+00   .000E+00  -.216E+04   .000E+00   .000E+00   .000E+00   .000E+00   .000E+00  -.699E+03   .000E+00   .000E+00   .000E+00   .000E+00   .000E+00
      1.75   .000E+00   .000E+00   .000E+00   .000E+00  -.221E+04   .000E+00   .000E+00   .000E+00   .000E+00   .000E+00  -.692E+03   .000E+00   .000E+00   .000E+00   .000E+00   .000E+00
      1.81   .000E+00   .000E+00   .000E+00   .000E+00  -.225E+04   .000E+00   .000E+00   .000E+00   .000E+00   .000E+00  -.685E+03   .000E+00   .000E+00   .000E+00   .000E+00   .000E+00
      1.88   .000E+00   .000E+00   .000E+00   .000E+00  -.229E+04   .000E+00   .000E+00   .000E+00   .000E+00   .000E+00  -.680E+03   .000E+00   .000E+00   .000E+00   .000E+00   .000E+00
      1.94   .000E+00   .000E+00   .000E+00   .000E+00  -.234E+04   .000E+00   .000E+00   .000E+00   .000E+00   .000E+00  -.674E+03   .000E+00   .000E+00   .000E+00   .000E+00   .000E+00
      2.00   .000E+00   .000E+00   .000E+00   .000E+00  -.238E+04   .000E+00   .000E+00   .000E+00   .000E+00   .000E+00  -.669E+03   .000E+00   .000E+00   .000E+00   .000E+00   .000E+00
      2.08   .000E+00   .000E+00   .000E+00   .000E+00  -.243E+04   .000E+00   .000E+00   .000E+00   .000E+00   .000E+00  -.664E+03   .000E+00   .000E+00   .000E+00   .000E+00   .000E+00
      2.15   .000E+00   .000E+00   .000E+00   .000E+00  -.248E+04   .000E+00   .000E+00   .000E+00   .000E+00   .000E+00  -.659E+03   .000E+00   .000E+00   .000E+00   .000E+00   .000E+00
      2.23   .000E+00   .000E+00   .000E+00   .000E+00  -.253E+04   .000E+00   .000E+00   .000E+00   .000E+00   .000E+00  -.655E+03   .000E+00   .000E+00   .000E+00   .000E+00   .000E+00
      2.31   .000E+00   .000E+00   .000E+00   .000E+00  -.258E+04   .000E+00   .000E+00   .000E+00   .000E+00   .000E+00  -.650E+03   .000E+00   .000E+00   .000E+00   .000E+00   .000E+00
      2.41   .000E+00   .000E+00   .000E+00   .000E+00  -.264E+04   .000E+00   .000E+00   .000E+00   .000E+00   .000E+00  -.644E+03   .000E+00   .000E+00   .000E+00   .000E+00   .000E+00
      2.51   .000E+00   .000E+00   .000E+00   .000E+00  -.271E+04   .000E+00   .000E+00   .000E+00   .000E+00   .000E+00  -.640E+03   .000E+00   .000E+00   .000E+00   .000E+00   .000E+00
      2.60   .000E+00   .000E+00   .000E+00   .000E+00  -.277E+04   .000E+00   .000E+00   .000E+00   .000E+00   .000E+00  -.635E+03   .000E+00   .000E+00   .000E+00   .000E+00   .000E+00
      2.70   .000E+00   .000E+00   .000E+00   .000E+00  -.283E+04   .000E+00   .000E+00   .000E+00   .000E+00   .000E+00  -.631E+03   .000E+00   .000E+00   .000E+00   .000E+00   .000E+00
      2.85   .000E+00   .000E+00   .000E+00   .000E+00  -.292E+04   .000E+00   .000E+00   .000E+00   .000E+00   .000E+00  -.625E+03   .000E+00   .000E+00   .000E+00   .000E+00   .000E+00
      3.00   .000E+00   .000E+00   .000E+00   .000E+00  -.302E+04   .000E+00   .000E+00   .000E+00   .000E+00   .000E+00  -.621E+03   .000E+00   .000E+00   .000E+00   .000E+00   .000E+00
      3.13   .000E+00   .000E+00   .000E+00   .000E+00  -.309E+04   .000E+00   .000E+00   .000E+00   .000E+00   .000E+00  -.617E+03   .000E+00   .000E+00   .000E+00   .000E+00   .000E+00
      3.30   .000E+00   .000E+00   .000E+00   .000E+00  -.320E+04   .000E+00   .000E+00   .000E+00   .000E+00   .000E+00  -.612E+03   .000E+00   .000E+00   .000E+00   .000E+00   .000E+00
      3.47   .000E+00   .000E+00   .000E+00   .000E+00  -.331E+04   .000E+00   .000E+00   .000E+00   .000E+00   .000E+00  -.608E+03   .000E+00   .000E+00   .000E+00   .000E+00   .000E+00
      3.65   .000E+00   .000E+00   .000E+00   .000E+00  -.341E+04   .000E+00   .000E+00   .000E+00   .000E+00   .000E+00  -.604E+03   .000E+00   .000E+00   .000E+00   .000E+00   .000E+00
      3.82   .000E+00   .000E+00   .000E+00   .000E+00  -.352E+04   .000E+00   .000E+00   .000E+00   .000E+00   .000E+00  -.600E+03   .000E+00   .000E+00   .000E+00   .000E+00   .000E+00
      4.00   .000E+00   .000E+00   .000E+00   .000E+00  -.362E+04   .000E+00   .000E+00   .000E+00   .000E+00   .000E+00  -.596E+03   .000E+00   .000E+00   .000E+00   .000E+00   .000E+00
      4.20   .000E+00   .000E+00   .000E+00   .000E+00  -.374E+04   .000E+00   .000E+00   .000E+00   .000E+00   .000E+00  -.592E+03   .000E+00   .000E+00   .000E+00   .000E+00   .000E+00
      4.40   .000E+00   .000E+00   .000E+00   .000E+00  -.386E+04   .000E+00   .000E+00   .000E+00   .000E+00   .000E+00  -.588E+03   .000E+00   .000E+00   .000E+00   .000E+00   .000E+00
      4.60   .000E+00   .000E+00   .000E+00   .000E+00  -.397E+04   .000E+00   .000E+00   .000E+00   .000E+00   .000E+00  -.584E+03   .000E+00   .000E+00   .000E+00   .000E+00   .000E+00
      4.80   .000E+00   .000E+00   .000E+00   .000E+00  -.409E+04   .000E+00   .000E+00   .000E+00   .000E+00   .000E+00  -.580E+03   .000E+00   .000E+00   .000E+00   .000E+00   .000E+00
      5.00   .000E+00   .000E+00   .000E+00   .000E+00  -.421E+04   .000E+00   .000E+00   .000E+00   .000E+00   .000E+00  -.576E+03   .000E+00   .000E+00   .000E+00   .000E+00   .000E+00
      5.20   .000E+00   .000E+00   .000E+00   .000E+00  -.432E+04   .000E+00   .000E+00   .000E+00   .000E+00   .000E+00  -.572E+03   .000E+00   .000E+00   .000E+00   .000E+00   .000E+00
      5.40   .000E+00   .000E+00   .000E+00   .000E+00  -.443E+04   .000E+00   .000E+00   .000E+00   .000E+00   .000E+00  -.567E+03   .000E+00   .000E+00   .000E+00   .000E+00   .000E+00
      5.60   .000E+00   .000E+00   .000E+00   .000E+00  -.455E+04   .000E+00   .000E+00   .000E+00   .000E+00   .000E+00  -.563E+03   .000E+00   .000E+00   .000E+00   .000E+00   .000E+00
      5.80   .000E+00   .000E+00   .000E+00   .000E+00  -.466E+04   .000E+00   .000E+00   .000E+00   .000E+00   .000E+00  -.558E+03   .000E+00   .000E+00   .000E+00   .000E+00   .000E+00
      6.00   .000E+00   .000E+00   .000E+00   .000E+00  -.477E+04   .000E+00   .000E+00   .000E+00   .000E+00   .000E+00  -.553E+03   .000E+00   .000E+00   .000E+00   .000E+00   .000E+00
      6.20   .000E+00   .000E+00   .000E+00   .000E+00  -.488E+04   .000E+00   .000E+00   .000E+00   .000E+00   .000E+00  -.548E+03   .000E+00   .000E+00   .000E+00   .000E+00   .000E+00
      6.40   .000E+00   .000E+00   .000E+00   .000E+00  -.499E+04   .000E+00   .000E+00   .000E+00   .000E+00   .000E+00  -.543E+03   .000E+00   .000E+00   .000E+00   .000E+00   .000E+00
      6.60   .000E+00   .000E+00   .000E+00   .000E+00  -.509E+04   .000E+00   .000E+00   .000E+00   .000E+00   .000E+00  -.538E+03   .000E+00   .000E+00   .000E+00   .000E+00   .000E+00
      6.80   .000E+00   .000E+00   .000E+00   .000E+00  -.520E+04   .000E+00   .000E+00   .000E+00   .000E+00   .000E+00  -.533E+03   .000E+00   .000E+00   .000E+00   .000E+00   .000E+00
      7.00   .000E+00   .000E+00   .000E+00   .000E+00  -.531E+04   .000E+00   .000E+00   .000E+00   .000E+00   .000E+00  -.527E+03   .000E+00   .000E+00   .000E+00   .000E+00   .000E+00
      7.20   .000E+00   .000E+00   .000E+00   .000E+00  -.541E+04   .000E+00   .000E+00   .000E+00   .000E+00   .000E+00  -.522E+03   .000E+00   .000E+00   .000E+00   .000E+00   .000E+00
      7.40   .000E+00   .000E+00   .000E+00   .000E+00  -.551E+04   .000E+00   .000E+00   .000E+00   .000E+00   .000E+00  -.516E+03   .000E+00   .000E+00   .000E+00   .000E+00   .000E+00
      7.60   .000E+00   .000E+00   .000E+00   .000E+00  -.562E+04   .000E+00   .000E+00   .000E+00   .000E+00   .000E+00  -.511E+03   .000E+00   .000E+00   .000E+00   .000E+00   .000E+00
      7.80   .000E+00   .000E+00   .000E+00   .000E+00  -.572E+04   .000E+00   .000E+00   .000E+00   .000E+00   .000E+00  -.505E+03   .000E+00   .000E+00   .000E+00   .000E+00   .000E+00
      8.00   .000E+00   .000E+00   .000E+00   .000E+00  -.582E+04   .000E+00   .000E+00   .000E+00   .000E+00   .000E+00  -.499E+03   .000E+00   .000E+00   .000E+00   .000E+00   .000E+00
      8.20   .000E+00   .000E+00   .000E+00   .000E+00  -.592E+04   .000E+00   .000E+00   .000E+00   .000E+00   .000E+00  -.494E+03   .000E+00   .000E+00   .000E+00   .000E+00   .000E+00
      8.40   .000E+00   .000E+00   .000E+00   .000E+00  -.601E+04   .000E+00   .000E+00   .000E+00   .000E+00   .000E+00  -.488E+03   .000E+00   .000E+00   .000E+00   .000E+00   .000E+00
      8.60   .000E+00   .000E+00   .000E+00   .000E+00  -.611E+04   .000E+00   .000E+00   .000E+00   .000E+00   .000E+00  -.482E+03   .000E+00   .000E+00   .000E+00   .000E+00   .000E+00
      8.80   .000E+00   .000E+00   .000E+00   .000E+00  -.621E+04   .000E+00   .000E+00   .000E+00   .000E+00   .000E+00  -.476E+03   .000E+00   .000E+00   .000E+00   .000E+00   .000E+00
      9.00   .000E+00   .000E+00   .000E+00   .000E+00  -.630E+04   .000E+00   .000E+00   .000E+00   .000E+00   .000E+00  -.470E+03   .000E+00   .000E+00   .000E+00   .000E+00   .000E+00
      9.20   .000E+00   .000E+00   .000E+00   .000E+00  -.639E+04   .000E+00   .000E+00   .000E+00   .000E+00   .000E+00  -.464E+03   .000E+00   .000E+00   .000E+00   .000E+00   .000E+00
      9.40   .000E+00   .000E+00   .000E+00   .000E+00  -.648E+04   .000E+00   .000E+00   .000E+00   .000E+00   .000E+00  -.459E+03   .000E+00   .000E+00   .000E+00   .000E+00   .000E+00
      9.60   .000E+00   .000E+00   .000E+00   .000E+00  -.657E+04   .000E+00   .000E+00   .000E+00   .000E+00   .000E+00  -.453E+03   .000E+00   .000E+00   .000E+00   .000E+00   .000E+00
      9.80   .000E+00   .000E+00   .000E+00   .000E+00  -.666E+04   .000E+00   .000E+00   .000E+00   .000E+00   .000E+00  -.447E+03   .000E+00   .000E+00   .000E+00   .000E+00   .000E+00
      9.90   .000E+00   .000E+00   .000E+00   .000E+00  -.671E+04   .000E+00   .000E+00   .000E+00   .000E+00   .000E+00  -.441E+03   .000E+00   .000E+00   .000E+00   .000E+00   .000E+00
     10.00   .000E+00   .000E+00   .000E+00   .000E+00  -.675E+04   .000E+00   .000E+00   .000E+00   .000E+00   .000E+00  -.438E+03   .000E+00   .000E+00   .000E+00   .000E+00   .000E+00
     10.20   .000E+00   .000E+00   .000E+00   .000E+00  -.684E+04   .000E+00   .000E+00   .000E+00   .000E+00   .000E+00  -.435E+03   .000E+00   .000E+00   .000E+00   .000E+00   .000E+00
     10.40   .000E+00   .000E+00   .000E+00   .000E+00  -.692E+04   .000E+00   .000E+00   .000E+00   .000E+00   .000E+00  -.429E+03   .000E+00   .000E+00   .000E+00   .000E+00   .000E+00
     10.60   .000E+00   .000E+00   .000E+00   .000E+00  -.701E+04   .000E+00   .000E+00   .000E+00   .000E+00   .000E+00  -.424E+03   .000E+00   .000E+00   .000E+00   .000E+00   .000E+00
     10.80   .000E+00   .000E+00   .000E+00   .000E+00  -.709E+04   .000E+00   .000E+00   .000E+00   .000E+00   .000E+00  -.418E+03   .000E+00   .000E+00   .000E+00   .000E+00   .000E+00
     10.99   .000E+00   .000E+00   .000E+00   .000E+00  -.717E+04   .000E+00   .000E+00   .000E+00   .000E+00   .000E+00  -.413E+03   .000E+00   .000E+00   .000E+00   .000E+00   .000E+00
     11.19   .000E+00   .000E+00   .000E+00   .000E+00  -.725E+04   .000E+00   .000E+00   .000E+00   .000E+00   .000E+00  -.407E+03   .000E+00   .000E+00   .000E+00   .000E+00   .000E+00
     11.39   .000E+00   .000E+00   .000E+00   .000E+00  -.733E+04   .000E+00   .000E+00   .000E+00   .000E+00   .000E+00  -.402E+03   .000E+00   .000E+00   .000E+00   .000E+00   .000E+00
     11.59   .000E+00   .000E+00   .000E+00   .000E+00  -.741E+04   .000E+00   .000E+00   .000E+00   .000E+00   .000E+00  -.396E+03   .000E+00   .000E+00   .000E+00   .000E+00   .000E+00
     11.79   .000E+00   .000E+00   .000E+00   .000E+00  -.749E+04   .000E+00   .000E+00   .000E+00   .000E+00   .000E+00  -.391E+03   .000E+00   .000E+00   .000E+00   .000E+00   .000E+00
     11.89   .000E+00   .000E+00   .000E+00   .000E+00  -.753E+04   .000E+00   .000E+00   .000E+00   .000E+00   .000E+00  -.386E+03   .000E+00   .000E+00   .000E+00   .000E+00   .000E+00
     12.00   .000E+00   .000E+00   .000E+00   .000E+00  -.757E+04   .000E+00   .000E+00   .000E+00   .000E+00   .000E+00  -.383E+03   .000E+00   .000E+00   .000E+00   .000E+00   .000E+00
     12.20   .000E+00   .000E+00   .000E+00   .000E+00  -.765E+04   .000E+00   .000E+00   .000E+00   .000E+00   .000E+00  -.380E+03   .000E+00   .000E+00   .000E+00   .000E+00   .000E+00
     12.40   .000E+00   .000E+00   .000E+00   .000E+00  -.772E+04   .000E+00   .000E+00   .000E+00   .000E+00   .000E+00  -.375E+03   .000E+00   .000E+00   .000E+00   .000E+00   .000E+00
     12.60   .000E+00   .000E+00   .000E+00   .000E+00  -.779E+04   .000E+00   .000E+00   .000E+00   .000E+00   .000E+00  -.370E+03   .000E+00   .000E+00   .000E+00   .000E+00   .000E+00
     12.79   .000E+00   .000E+00   .000E+00   .000E+00  -.787E+04   .000E+00   .000E+00   .000E+00   .000E+00   .000E+00  -.365E+03   .000E+00   .000E+00   .000E+00   .000E+00   .000E+00
     12.99   .000E+00   .000E+00   .000E+00   .000E+00  -.794E+04   .000E+00   .000E+00   .000E+00   .000E+00   .000E+00  -.360E+03   .000E+00   .000E+00   .000E+00   .000E+00   .000E+00
     13.19   .000E+00   .000E+00   .000E+00   .000E+00  -.801E+04   .000E+00   .000E+00   .000E+00   .000E+00   .000E+00  -.355E+03   .000E+00   .000E+00   .000E+00   .000E+00   .000E+00
     13.39   .000E+00   .000E+00   .000E+00   .000E+00  -.808E+04   .000E+00   .000E+00   .000E+00   .000E+00   .000E+00  -.351E+03   .000E+00   .000E+00   .000E+00   .000E+00   .000E+00
     13.59   .000E+00   .000E+00   .000E+00   .000E+00  -.815E+04   .000E+00   .000E+00   .000E+00   .000E+00   .000E+00  -.346E+03   .000E+00   .000E+00   .000E+00   .000E+00   .000E+00
     13.79   .000E+00   .000E+00   .000E+00   .000E+00  -.821E+04   .000E+00   .000E+00   .000E+00   .000E+00   .000E+00  -.341E+03   .000E+00   .000E+00   .000E+00   .000E+00   .000E+00
     13.89   .000E+00   .000E+00   .000E+00   .000E+00  -.825E+04   .000E+00   .000E+00   .000E+00   .000E+00   .000E+00  -.337E+03   .000E+00   .000E+00   .000E+00   .000E+00   .000E+00
     14.00   .000E+00   .000E+00   .000E+00   .000E+00  -.829E+04   .000E+00   .000E+00   .000E+00   .000E+00   .000E+00  -.334E+03   .000E+00   .000E+00   .000E+00   .000E+00   .000E+00
     14.20   .000E+00   .000E+00   .000E+00   .000E+00  -.835E+04   .000E+00   .000E+00   .000E+00   .000E+00   .000E+00  -.332E+03   .000E+00   .000E+00   .000E+00   .000E+00   .000E+00
     14.40   .000E+00   .000E+00   .000E+00   .000E+00  -.842E+04   .000E+00   .000E+00   .000E+00   .000E+00   .000E+00  -.327E+03   .000E+00   .000E+00   .000E+00   .000E+00   .000E+00
     14.59   .000E+00   .000E+00   .000E+00   .000E+00  -.848E+04   .000E+00   .000E+00   .000E+00   .000E+00   .000E+00  -.323E+03   .000E+00   .000E+00   .000E+00   .000E+00   .000E+00
     14.79   .000E+00   .000E+00   .000E+00   .000E+00  -.854E+04   .000E+00   .000E+00   .000E+00   .000E+00   .000E+00  -.319E+03   .000E+00   .000E+00   .000E+00   .000E+00   .000E+00
     14.99   .000E+00   .000E+00   .000E+00   .000E+00  -.861E+04   .000E+00   .000E+00   .000E+00   .000E+00   .000E+00  -.315E+03   .000E+00   .000E+00   .000E+00   .000E+00   .000E+00
     15.19   .000E+00   .000E+00   .000E+00   .000E+00  -.867E+04   .000E+00   .000E+00   .000E+00   .000E+00   .000E+00  -.311E+03   .000E+00   .000E+00   .000E+00   .000E+00   .000E+00
     15.39   .000E+00   .000E+00   .000E+00   .000E+00  -.873E+04   .000E+00   .000E+00   .000E+00   .000E+00   .000E+00  -.306E+03   .000E+00   .000E+00   .000E+00   .000E+00   .000E+00
     15.59   .000E+00   .000E+00   .000E+00   .000E+00  -.879E+04   .000E+00   .000E+00   .000E+00   .000E+00   .000E+00  -.303E+03   .000E+00   .000E+00   .000E+00   .000E+00   .000E+00
     15.78   .000E+00   .000E+00   .000E+00   .000E+00  -.885E+04   .000E+00   .000E+00   .000E+00   .000E+00   .000E+00  -.299E+03   .000E+00   .000E+00   .000E+00   .000E+00   .000E+00
     15.89   .000E+00   .000E+00   .000E+00   .000E+00  -.888E+04   .000E+00   .000E+00   .000E+00   .000E+00   .000E+00  -.295E+03   .000E+00   .000E+00   .000E+00   .000E+00   .000E+00
     16.00   .000E+00   .000E+00   .000E+00   .000E+00  -.891E+04   .000E+00   .000E+00   .000E+00   .000E+00   .000E+00  -.293E+03   .000E+00   .000E+00   .000E+00   .000E+00   .000E+00
     16.20   .000E+00   .000E+00   .000E+00   .000E+00  -.897E+04   .000E+00   .000E+00   .000E+00   .000E+00   .000E+00  -.291E+03   .000E+00   .000E+00   .000E+00   .000E+00   .000E+00
     16.40   .000E+00   .000E+00   .000E+00   .000E+00  -.903E+04   .000E+00   .000E+00   .000E+00   .000E+00   .000E+00  -.287E+03   .000E+00   .000E+00   .000E+00   .000E+00   .000E+00
     16.59   .000E+00   .000E+00   .000E+00   .000E+00  -.908E+04   .000E+00   .000E+00   .000E+00   .000E+00   .000E+00  -.283E+03   .000E+00   .000E+00   .000E+00   .000E+00   .000E+00
     16.79   .000E+00   .000E+00   .000E+00   .000E+00  -.914E+04   .000E+00   .000E+00   .000E+00   .000E+00   .000E+00  -.280E+03   .000E+00   .000E+00   .000E+00   .000E+00   .000E+00
     16.99   .000E+00   .000E+00   .000E+00   .000E+00  -.919E+04   .000E+00   .000E+00   .000E+00   .000E+00   .000E+00  -.276E+03   .000E+00   .000E+00   .000E+00   .000E+00   .000E+00
     17.19   .000E+00   .000E+00   .000E+00   .000E+00  -.925E+04   .000E+00   .000E+00   .000E+00   .000E+00   .000E+00  -.273E+03   .000E+00   .000E+00   .000E+00   .000E+00   .000E+00
     17.39   .000E+00   .000E+00   .000E+00   .000E+00  -.930E+04   .000E+00   .000E+00   .000E+00   .000E+00   .000E+00  -.269E+03   .000E+00   .000E+00   .000E+00   .000E+00   .000E+00
     17.59   .000E+00   .000E+00   .000E+00   .000E+00  -.935E+04   .000E+00   .000E+00   .000E+00   .000E+00   .000E+00  -.266E+03   .000E+00   .000E+00   .000E+00   .000E+00   .000E+00
     17.78   .000E+00   .000E+00   .000E+00   .000E+00  -.941E+04   .000E+00   .000E+00   .000E+00   .000E+00   .000E+00  -.263E+03   .000E+00   .000E+00   .000E+00   .000E+00   .000E+00
     17.89   .000E+00   .000E+00   .000E+00   .000E+00  -.943E+04   .000E+00   .000E+00   .000E+00   .000E+00   .000E+00  -.260E+03   .000E+00   .000E+00   .000E+00   .000E+00   .000E+00
     18.00   .000E+00   .000E+00   .000E+00   .000E+00  -.946E+04   .000E+00   .000E+00   .000E+00   .000E+00   .000E+00  -.258E+03   .000E+00   .000E+00   .000E+00   .000E+00   .000E+00
     18.20   .000E+00   .000E+00   .000E+00   .000E+00  -.951E+04   .000E+00   .000E+00   .000E+00   .000E+00   .000E+00  -.256E+03   .000E+00   .000E+00   .000E+00   .000E+00   .000E+00
     18.40   .000E+00   .000E+00   .000E+00   .000E+00  -.956E+04   .000E+00   .000E+00   .000E+00   .000E+00   .000E+00  -.253E+03   .000E+00   .000E+00   .000E+00   .000E+00   .000E+00
     18.59   .000E+00   .000E+00   .000E+00   .000E+00  -.961E+04   .000E+00   .000E+00   .000E+00   .000E+00   .000E+00  -.250E+03   .000E+00   .000E+00   .000E+00   .000E+00   .000E+00
     18.79   .000E+00   .000E+00   .000E+00   .000E+00  -.966E+04   .000E+00   .000E+00   .000E+00   .000E+00   .000E+00  -.247E+03   .000E+00   .000E+00   .000E+00   .000E+00   .000E+00
     18.99   .000E+00   .000E+00   .000E+00   .000E+00  -.971E+04   .000E+00   .000E+00   .000E+00   .000E+00   .000E+00  -.244E+03   .000E+00   .000E+00   .000E+00   .000E+00   .000E+00
     19.19   .000E+00   .000E+00   .000E+00   .000E+00  -.976E+04   .000E+00   .000E+00   .000E+00   .000E+00   .000E+00  -.241E+03   .000E+00   .000E+00   .000E+00   .000E+00   .000E+00
     19.39   .000E+00   .000E+00   .000E+00   .000E+00  -.980E+04   .000E+00   .000E+00   .000E+00   .000E+00   .000E+00  -.238E+03   .000E+00   .000E+00   .000E+00   .000E+00   .000E+00
     19.59   .000E+00   .000E+00   .000E+00   .000E+00  -.985E+04   .000E+00   .000E+00   .000E+00   .000E+00   .000E+00  -.236E+03   .000E+00   .000E+00   .000E+00   .000E+00   .000E+00
     19.78   .000E+00   .000E+00   .000E+00   .000E+00  -.990E+04   .000E+00   .000E+00   .000E+00   .000E+00   .000E+00  -.233E+03   .000E+00   .000E+00   .000E+00   .000E+00   .000E+00
     19.89   .000E+00   .000E+00   .000E+00   .000E+00  -.992E+04   .000E+00   .000E+00   .000E+00   .000E+00   .000E+00  -.230E+03   .000E+00   .000E+00   .000E+00   .000E+00   .000E+00
     20.00   .000E+00   .000E+00   .000E+00   .000E+00  -.995E+04   .000E+00   .000E+00   .000E+00   .000E+00   .000E+00  -.229E+03   .000E+00   .000E+00   .000E+00   .000E+00   .000E+00
     20.19   .000E+00   .000E+00   .000E+00   .000E+00  -.999E+04   .000E+00   .000E+00   .000E+00   .000E+00   .000E+00  -.227E+03   .000E+00   .000E+00   .000E+00   .000E+00   .000E+00
     20.38   .000E+00   .000E+00   .000E+00   .000E+00  -.100E+05   .000E+00   .000E+00   .000E+00   .000E+00   .000E+00  -.225E+03   .000E+00   .000E+00   .000E+00   .000E+00   .000E+00
     20.58   .000E+00   .000E+00   .000E+00   .000E+00  -.101E+05   .000E+00   .000E+00   .000E+00   .000E+00   .000E+00  -.222E+03   .000E+00   .000E+00   .000E+00   .000E+00   .000E+00
     20.77   .000E+00   .000E+00   .000E+00   .000E+00  -.101E+05   .000E+00   .000E+00   .000E+00   .000E+00   .000E+00  -.220E+03   .000E+00   .000E+00   .000E+00   .000E+00   .000E+00
     20.96   .000E+00   .000E+00   .000E+00   .000E+00  -.102E+05   .000E+00   .000E+00   .000E+00   .000E+00   .000E+00  -.217E+03   .000E+00   .000E+00   .000E+00   .000E+00   .000E+00
     21.15   .000E+00   .000E+00   .000E+00   .000E+00  -.102E+05   .000E+00   .000E+00   .000E+00   .000E+00   .000E+00  -.215E+03   .000E+00   .000E+00   .000E+00   .000E+00   .000E+00
     21.35   .000E+00   .000E+00   .000E+00   .000E+00  -.102E+05   .000E+00   .000E+00   .000E+00   .000E+00   .000E+00  -.213E+03   .000E+00   .000E+00   .000E+00   .000E+00   .000E+00
     21.54   .000E+00   .000E+00   .000E+00   .000E+00  -.103E+05   .000E+00   .000E+00   .000E+00   .000E+00   .000E+00  -.211E+03   .000E+00   .000E+00   .000E+00   .000E+00   .000E+00
     21.73   .000E+00   .000E+00   .000E+00   .000E+00  -.103E+05   .000E+00   .000E+00   .000E+00   .000E+00   .000E+00  -.208E+03   .000E+00   .000E+00   .000E+00   .000E+00   .000E+00
     21.92   .000E+00   .000E+00   .000E+00   .000E+00  -.104E+05   .000E+00   .000E+00   .000E+00   .000E+00   .000E+00  -.206E+03   .000E+00   .000E+00   .000E+00   .000E+00   .000E+00
     22.12   .000E+00   .000E+00   .000E+00   .000E+00  -.104E+05   .000E+00   .000E+00   .000E+00   .000E+00   .000E+00  -.204E+03   .000E+00   .000E+00   .000E+00   .000E+00   .000E+00
     22.31   .000E+00   .000E+00   .000E+00   .000E+00  -.104E+05   .000E+00   .000E+00   .000E+00   .000E+00   .000E+00  -.202E+03   .000E+00   .000E+00   .000E+00   .000E+00   .000E+00
     22.50   .000E+00   .000E+00   .000E+00   .000E+00  -.105E+05   .000E+00   .000E+00   .000E+00   .000E+00   .000E+00  -.200E+03   .000E+00   .000E+00   .000E+00   .000E+00   .000E+00
     22.69   .000E+00   .000E+00   .000E+00   .000E+00  -.105E+05   .000E+00   .000E+00   .000E+00   .000E+00   .000E+00  -.198E+03   .000E+00   .000E+00   .000E+00   .000E+00   .000E+00
     22.88   .000E+00   .000E+00   .000E+00   .000E+00  -.106E+05   .000E+00   .000E+00   .000E+00   .000E+00   .000E+00  -.196E+03   .000E+00   .000E+00   .000E+00   .000E+00   .000E+00
     23.08   .000E+00   .000E+00   .000E+00   .000E+00  -.106E+05   .000E+00   .000E+00   .000E+00   .000E+00   .000E+00  -.193E+03   .000E+00   .000E+00   .000E+00   .000E+00   .000E+00
     23.27   .000E+00   .000E+00   .000E+00   .000E+00  -.106E+05   .000E+00   .000E+00   .000E+00   .000E+00   .000E+00  -.192E+03   .000E+00   .000E+00   .000E+00   .000E+00   .000E+00
     23.46   .000E+00   .000E+00   .000E+00   .000E+00  -.107E+05   .000E+00   .000E+00   .000E+00   .000E+00   .000E+00  -.190E+03   .000E+00   .000E+00   .000E+00   .000E+00   .000E+00
     23.65   .000E+00   .000E+00   .000E+00   .000E+00  -.107E+05   .000E+00   .000E+00   .000E+00   .000E+00   .000E+00  -.188E+03   .000E+00   .000E+00   .000E+00   .000E+00   .000E+00
     23.85   .000E+00   .000E+00   .000E+00   .000E+00  -.107E+05   .000E+00   .000E+00   .000E+00   .000E+00   .000E+00  -.186E+03   .000E+00   .000E+00   .000E+00   .000E+00   .000E+00
     24.04   .000E+00   .000E+00   .000E+00   .000E+00  -.108E+05   .000E+00   .000E+00   .000E+00   .000E+00   .000E+00  -.184E+03   .000E+00   .000E+00   .000E+00   .000E+00   .000E+00
     24.23   .000E+00   .000E+00   .000E+00   .000E+00  -.108E+05   .000E+00   .000E+00   .000E+00   .000E+00   .000E+00  -.182E+03   .000E+00   .000E+00   .000E+00   .000E+00   .000E+00
     24.42   .000E+00   .000E+00   .000E+00   .000E+00  -.108E+05   .000E+00   .000E+00   .000E+00   .000E+00   .000E+00  -.180E+03   .000E+00   .000E+00   .000E+00   .000E+00   .000E+00
     24.62   .000E+00   .000E+00   .000E+00   .000E+00  -.109E+05   .000E+00   .000E+00   .000E+00   .000E+00   .000E+00  -.178E+03   .000E+00   .000E+00   .000E+00   .000E+00   .000E+00
     24.81   .000E+00   .000E+00   .000E+00   .000E+00  -.109E+05   .000E+00   .000E+00   .000E+00   .000E+00   .000E+00  -.177E+03   .000E+00   .000E+00   .000E+00   .000E+00   .000E+00
     25.00   .000E+00   .000E+00   .000E+00   .000E+00  -.109E+05   .000E+00   .000E+00   .000E+00   .000E+00   .000E+00  -.175E+03   .000E+00   .000E+00   .000E+00   .000E+00   .000E+00
end
