 Irrigation from pond                                                    
 
 Program HYDRUS2
 Date:  14.12.    Time:   8:56:15
 Time independent boundary conditions
 Vertical plane flow, V = L*L
 Units: L = cm   , T = days , M = mmol 
 All fluxes (v) are positive out of the region

     Time       rAtm       rRoot      vAtm       vRoot      vKode3     vKode1     vSeep      vDrain     vBottom...
      [T]      [L/T]       [L/T]     [L/T]       [L/T]       [V/T]      [V/T]     [V/T]       [V/T]      [V/T]

       .0333   .000E+00   .000E+00   .000E+00   .000E+00   .000E+00  -.611E+04   .000E+00   .000E+00   .000E+00
       .0571   .000E+00   .000E+00   .000E+00   .000E+00   .000E+00  -.489E+04   .000E+00   .000E+00   .000E+00
       .0730   .000E+00   .000E+00   .000E+00   .000E+00   .000E+00  -.449E+04   .000E+00   .000E+00   .000E+00
       .0846   .000E+00   .000E+00   .000E+00   .000E+00   .000E+00  -.427E+04   .000E+00   .000E+00   .000E+00
       .0928   .000E+00   .000E+00   .000E+00   .000E+00   .000E+00  -.419E+04   .000E+00   .000E+00   .000E+00
       .0984   .000E+00   .000E+00   .000E+00   .000E+00   .000E+00  -.415E+04   .000E+00   .000E+00   .000E+00
       .0997   .000E+00   .000E+00   .000E+00   .000E+00   .000E+00  -.415E+04   .000E+00   .000E+00   .000E+00
       .1011   .000E+00   .000E+00   .000E+00   .000E+00   .000E+00  -.414E+04   .000E+00   .000E+00   .000E+00
       .1024   .000E+00   .000E+00   .000E+00   .000E+00   .000E+00  -.413E+04   .000E+00   .000E+00   .000E+00
       .1037   .000E+00   .000E+00   .000E+00   .000E+00   .000E+00  -.413E+04   .000E+00   .000E+00   .000E+00
       .1050   .000E+00   .000E+00   .000E+00   .000E+00   .000E+00  -.412E+04   .000E+00   .000E+00   .000E+00
       .1063   .000E+00   .000E+00   .000E+00   .000E+00   .000E+00  -.410E+04   .000E+00   .000E+00   .000E+00
       .1080   .000E+00   .000E+00   .000E+00   .000E+00   .000E+00  -.408E+04   .000E+00   .000E+00   .000E+00
       .1097   .000E+00   .000E+00   .000E+00   .000E+00   .000E+00  -.407E+04   .000E+00   .000E+00   .000E+00
       .1114   .000E+00   .000E+00   .000E+00   .000E+00   .000E+00  -.406E+04   .000E+00   .000E+00   .000E+00
       .1131   .000E+00   .000E+00   .000E+00   .000E+00   .000E+00  -.403E+04   .000E+00   .000E+00   .000E+00
       .1148   .000E+00   .000E+00   .000E+00   .000E+00   .000E+00  -.385E+04   .000E+00   .000E+00   .000E+00
       .1165   .000E+00   .000E+00   .000E+00   .000E+00   .000E+00  -.372E+04   .000E+00   .000E+00   .000E+00
       .1182   .000E+00   .000E+00   .000E+00   .000E+00   .000E+00  -.355E+04   .000E+00   .000E+00   .000E+00
       .1199   .000E+00   .000E+00   .000E+00   .000E+00   .000E+00  -.339E+04   .000E+00   .000E+00   .000E+00
       .1216   .000E+00   .000E+00   .000E+00   .000E+00   .000E+00  -.333E+04   .000E+00   .000E+00   .000E+00
       .1233   .000E+00   .000E+00   .000E+00   .000E+00   .000E+00  -.329E+04   .000E+00   .000E+00   .000E+00
       .1250   .000E+00   .000E+00   .000E+00   .000E+00   .000E+00  -.310E+04   .000E+00   .000E+00   .000E+00
       .1267   .000E+00   .000E+00   .000E+00   .000E+00   .000E+00  -.298E+04   .000E+00   .000E+00   .000E+00
       .1284   .000E+00   .000E+00   .000E+00   .000E+00   .000E+00  -.295E+04   .000E+00   .000E+00   .000E+00
       .1301   .000E+00   .000E+00   .000E+00   .000E+00   .000E+00  -.292E+04   .000E+00   .000E+00   .000E+00
       .1318   .000E+00   .000E+00   .000E+00   .000E+00   .000E+00  -.287E+04   .000E+00   .000E+00   .000E+00
       .1335   .000E+00   .000E+00   .000E+00   .000E+00   .000E+00  -.280E+04   .000E+00   .000E+00   .000E+00
       .1345   .000E+00   .000E+00   .000E+00   .000E+00   .000E+00  -.276E+04   .000E+00   .000E+00   .000E+00
       .1355   .000E+00   .000E+00   .000E+00   .000E+00   .000E+00  -.273E+04   .000E+00   .000E+00   .000E+00
       .1365   .000E+00   .000E+00   .000E+00   .000E+00   .000E+00  -.270E+04   .000E+00   .000E+00   .000E+00
       .1378   .000E+00   .000E+00   .000E+00   .000E+00   .000E+00  -.268E+04   .000E+00   .000E+00   .000E+00
       .1391   .000E+00   .000E+00   .000E+00   .000E+00   .000E+00  -.267E+04   .000E+00   .000E+00   .000E+00
       .1404   .000E+00   .000E+00   .000E+00   .000E+00   .000E+00  -.257E+04   .000E+00   .000E+00   .000E+00
       .1417   .000E+00   .000E+00   .000E+00   .000E+00   .000E+00  -.254E+04   .000E+00   .000E+00   .000E+00
       .1434   .000E+00   .000E+00   .000E+00   .000E+00   .000E+00  -.251E+04   .000E+00   .000E+00   .000E+00
       .1452   .000E+00   .000E+00   .000E+00   .000E+00   .000E+00  -.248E+04   .000E+00   .000E+00   .000E+00
       .1469   .000E+00   .000E+00   .000E+00   .000E+00   .000E+00  -.245E+04   .000E+00   .000E+00   .000E+00
       .1486   .000E+00   .000E+00   .000E+00   .000E+00   .000E+00  -.242E+04   .000E+00   .000E+00   .000E+00
       .1503   .000E+00   .000E+00   .000E+00   .000E+00   .000E+00  -.239E+04   .000E+00   .000E+00   .000E+00
       .1520   .000E+00   .000E+00   .000E+00   .000E+00   .000E+00  -.237E+04   .000E+00   .000E+00   .000E+00
       .1542   .000E+00   .000E+00   .000E+00   .000E+00   .000E+00  -.235E+04   .000E+00   .000E+00   .000E+00
       .1564   .000E+00   .000E+00   .000E+00   .000E+00   .000E+00  -.232E+04   .000E+00   .000E+00   .000E+00
       .1586   .000E+00   .000E+00   .000E+00   .000E+00   .000E+00  -.231E+04   .000E+00   .000E+00   .000E+00
       .1607   .000E+00   .000E+00   .000E+00   .000E+00   .000E+00  -.225E+04   .000E+00   .000E+00   .000E+00
       .1629   .000E+00   .000E+00   .000E+00   .000E+00   .000E+00  -.222E+04   .000E+00   .000E+00   .000E+00
       .1651   .000E+00   .000E+00   .000E+00   .000E+00   .000E+00  -.220E+04   .000E+00   .000E+00   .000E+00
       .1673   .000E+00   .000E+00   .000E+00   .000E+00   .000E+00  -.215E+04   .000E+00   .000E+00   .000E+00
       .1703   .000E+00   .000E+00   .000E+00   .000E+00   .000E+00  -.212E+04   .000E+00   .000E+00   .000E+00
       .1732   .000E+00   .000E+00   .000E+00   .000E+00   .000E+00  -.209E+04   .000E+00   .000E+00   .000E+00
       .1762   .000E+00   .000E+00   .000E+00   .000E+00   .000E+00  -.206E+04   .000E+00   .000E+00   .000E+00
       .1772   .000E+00   .000E+00   .000E+00   .000E+00   .000E+00  -.205E+04   .000E+00   .000E+00   .000E+00
       .1785   .000E+00   .000E+00   .000E+00   .000E+00   .000E+00  -.205E+04   .000E+00   .000E+00   .000E+00
       .1797   .000E+00   .000E+00   .000E+00   .000E+00   .000E+00  -.203E+04   .000E+00   .000E+00   .000E+00
       .1814   .000E+00   .000E+00   .000E+00   .000E+00   .000E+00  -.201E+04   .000E+00   .000E+00   .000E+00
       .1837   .000E+00   .000E+00   .000E+00   .000E+00   .000E+00  -.199E+04   .000E+00   .000E+00   .000E+00
       .1861   .000E+00   .000E+00   .000E+00   .000E+00   .000E+00  -.197E+04   .000E+00   .000E+00   .000E+00
       .1884   .000E+00   .000E+00   .000E+00   .000E+00   .000E+00  -.195E+04   .000E+00   .000E+00   .000E+00
       .1907   .000E+00   .000E+00   .000E+00   .000E+00   .000E+00  -.193E+04   .000E+00   .000E+00   .000E+00
       .1938   .000E+00   .000E+00   .000E+00   .000E+00   .000E+00  -.191E+04   .000E+00   .000E+00   .000E+00
       .1969   .000E+00   .000E+00   .000E+00   .000E+00   .000E+00  -.189E+04   .000E+00   .000E+00   .000E+00
       .2000   .000E+00   .000E+00   .000E+00   .000E+00   .000E+00  -.187E+04   .000E+00   .000E+00   .000E+00
       .2029   .000E+00   .000E+00   .000E+00   .000E+00   .000E+00  -.184E+04   .000E+00   .000E+00   .000E+00
       .2066   .000E+00   .000E+00   .000E+00   .000E+00   .000E+00  -.182E+04   .000E+00   .000E+00   .000E+00
       .2103   .000E+00   .000E+00   .000E+00   .000E+00   .000E+00  -.179E+04   .000E+00   .000E+00   .000E+00
       .2140   .000E+00   .000E+00   .000E+00   .000E+00   .000E+00  -.177E+04   .000E+00   .000E+00   .000E+00
       .2177   .000E+00   .000E+00   .000E+00   .000E+00   .000E+00  -.174E+04   .000E+00   .000E+00   .000E+00
       .2214   .000E+00   .000E+00   .000E+00   .000E+00   .000E+00  -.172E+04   .000E+00   .000E+00   .000E+00
       .2251   .000E+00   .000E+00   .000E+00   .000E+00   .000E+00  -.170E+04   .000E+00   .000E+00   .000E+00
       .2300   .000E+00   .000E+00   .000E+00   .000E+00   .000E+00  -.168E+04   .000E+00   .000E+00   .000E+00
       .2348   .000E+00   .000E+00   .000E+00   .000E+00   .000E+00  -.166E+04   .000E+00   .000E+00   .000E+00
       .2396   .000E+00   .000E+00   .000E+00   .000E+00   .000E+00  -.164E+04   .000E+00   .000E+00   .000E+00
       .2444   .000E+00   .000E+00   .000E+00   .000E+00   .000E+00  -.162E+04   .000E+00   .000E+00   .000E+00
       .2493   .000E+00   .000E+00   .000E+00   .000E+00   .000E+00  -.160E+04   .000E+00   .000E+00   .000E+00
       .2541   .000E+00   .000E+00   .000E+00   .000E+00   .000E+00  -.158E+04   .000E+00   .000E+00   .000E+00
       .2589   .000E+00   .000E+00   .000E+00   .000E+00   .000E+00  -.156E+04   .000E+00   .000E+00   .000E+00
       .2637   .000E+00   .000E+00   .000E+00   .000E+00   .000E+00  -.155E+04   .000E+00   .000E+00   .000E+00
       .2685   .000E+00   .000E+00   .000E+00   .000E+00   .000E+00  -.153E+04   .000E+00   .000E+00   .000E+00
       .2734   .000E+00   .000E+00   .000E+00   .000E+00   .000E+00  -.152E+04   .000E+00   .000E+00   .000E+00
       .2782   .000E+00   .000E+00   .000E+00   .000E+00   .000E+00  -.150E+04   .000E+00   .000E+00   .000E+00
       .2830   .000E+00   .000E+00   .000E+00   .000E+00   .000E+00  -.148E+04   .000E+00   .000E+00   .000E+00
       .2878   .000E+00   .000E+00   .000E+00   .000E+00   .000E+00  -.147E+04   .000E+00   .000E+00   .000E+00
       .2927   .000E+00   .000E+00   .000E+00   .000E+00   .000E+00  -.145E+04   .000E+00   .000E+00   .000E+00
       .2975   .000E+00   .000E+00   .000E+00   .000E+00   .000E+00  -.143E+04   .000E+00   .000E+00   .000E+00
       .3023   .000E+00   .000E+00   .000E+00   .000E+00   .000E+00  -.142E+04   .000E+00   .000E+00   .000E+00
       .3071   .000E+00   .000E+00   .000E+00   .000E+00   .000E+00  -.140E+04   .000E+00   .000E+00   .000E+00
       .3133   .000E+00   .000E+00   .000E+00   .000E+00   .000E+00  -.138E+04   .000E+00   .000E+00   .000E+00
       .3196   .000E+00   .000E+00   .000E+00   .000E+00   .000E+00  -.137E+04   .000E+00   .000E+00   .000E+00
       .3258   .000E+00   .000E+00   .000E+00   .000E+00   .000E+00  -.135E+04   .000E+00   .000E+00   .000E+00
       .3320   .000E+00   .000E+00   .000E+00   .000E+00   .000E+00  -.133E+04   .000E+00   .000E+00   .000E+00
       .3382   .000E+00   .000E+00   .000E+00   .000E+00   .000E+00  -.132E+04   .000E+00   .000E+00   .000E+00
       .3444   .000E+00   .000E+00   .000E+00   .000E+00   .000E+00  -.130E+04   .000E+00   .000E+00   .000E+00
       .3507   .000E+00   .000E+00   .000E+00   .000E+00   .000E+00  -.128E+04   .000E+00   .000E+00   .000E+00
       .3569   .000E+00   .000E+00   .000E+00   .000E+00   .000E+00  -.127E+04   .000E+00   .000E+00   .000E+00
       .3631   .000E+00   .000E+00   .000E+00   .000E+00   .000E+00  -.126E+04   .000E+00   .000E+00   .000E+00
       .3675   .000E+00   .000E+00   .000E+00   .000E+00   .000E+00  -.125E+04   .000E+00   .000E+00   .000E+00
       .3733   .000E+00   .000E+00   .000E+00   .000E+00   .000E+00  -.123E+04   .000E+00   .000E+00   .000E+00
       .3807   .000E+00   .000E+00   .000E+00   .000E+00   .000E+00  -.122E+04   .000E+00   .000E+00   .000E+00
       .3882   .000E+00   .000E+00   .000E+00   .000E+00   .000E+00  -.120E+04   .000E+00   .000E+00   .000E+00
       .3957   .000E+00   .000E+00   .000E+00   .000E+00   .000E+00  -.119E+04   .000E+00   .000E+00   .000E+00
       .4051   .000E+00   .000E+00   .000E+00   .000E+00   .000E+00  -.117E+04   .000E+00   .000E+00   .000E+00
       .4146   .000E+00   .000E+00   .000E+00   .000E+00   .000E+00  -.115E+04   .000E+00   .000E+00   .000E+00
       .4241   .000E+00   .000E+00   .000E+00   .000E+00   .000E+00  -.113E+04   .000E+00   .000E+00   .000E+00
       .4336   .000E+00   .000E+00   .000E+00   .000E+00   .000E+00  -.112E+04   .000E+00   .000E+00   .000E+00
       .4431   .000E+00   .000E+00   .000E+00   .000E+00   .000E+00  -.110E+04   .000E+00   .000E+00   .000E+00
       .4526   .000E+00   .000E+00   .000E+00   .000E+00   .000E+00  -.109E+04   .000E+00   .000E+00   .000E+00
       .4644   .000E+00   .000E+00   .000E+00   .000E+00   .000E+00  -.107E+04   .000E+00   .000E+00   .000E+00
       .4763   .000E+00   .000E+00   .000E+00   .000E+00   .000E+00  -.105E+04   .000E+00   .000E+00   .000E+00
       .4881   .000E+00   .000E+00   .000E+00   .000E+00   .000E+00  -.103E+04   .000E+00   .000E+00   .000E+00
       .5000   .000E+00   .000E+00   .000E+00   .000E+00   .000E+00  -.101E+04   .000E+00   .000E+00   .000E+00
       .5125   .000E+00   .000E+00   .000E+00   .000E+00   .000E+00  -.995E+03   .000E+00   .000E+00   .000E+00
       .5250   .000E+00   .000E+00   .000E+00   .000E+00   .000E+00  -.977E+03   .000E+00   .000E+00   .000E+00
       .5375   .000E+00   .000E+00   .000E+00   .000E+00   .000E+00  -.958E+03   .000E+00   .000E+00   .000E+00
       .5500   .000E+00   .000E+00   .000E+00   .000E+00   .000E+00  -.940E+03   .000E+00   .000E+00   .000E+00
       .5625   .000E+00   .000E+00   .000E+00   .000E+00   .000E+00  -.921E+03   .000E+00   .000E+00   .000E+00
       .5750   .000E+00   .000E+00   .000E+00   .000E+00   .000E+00  -.903E+03   .000E+00   .000E+00   .000E+00
       .5875   .000E+00   .000E+00   .000E+00   .000E+00   .000E+00  -.886E+03   .000E+00   .000E+00   .000E+00
       .6000   .000E+00   .000E+00   .000E+00   .000E+00   .000E+00  -.868E+03   .000E+00   .000E+00   .000E+00
       .6125   .000E+00   .000E+00   .000E+00   .000E+00   .000E+00  -.851E+03   .000E+00   .000E+00   .000E+00
       .6250   .000E+00   .000E+00   .000E+00   .000E+00   .000E+00  -.834E+03   .000E+00   .000E+00   .000E+00
       .6413   .000E+00   .000E+00   .000E+00   .000E+00   .000E+00  -.812E+03   .000E+00   .000E+00   .000E+00
       .6576   .000E+00   .000E+00   .000E+00   .000E+00   .000E+00  -.789E+03   .000E+00   .000E+00   .000E+00
       .6739   .000E+00   .000E+00   .000E+00   .000E+00   .000E+00  -.770E+03   .000E+00   .000E+00   .000E+00
       .6902   .000E+00   .000E+00   .000E+00   .000E+00   .000E+00  -.752E+03   .000E+00   .000E+00   .000E+00
       .7065   .000E+00   .000E+00   .000E+00   .000E+00   .000E+00  -.736E+03   .000E+00   .000E+00   .000E+00
       .7228   .000E+00   .000E+00   .000E+00   .000E+00   .000E+00  -.720E+03   .000E+00   .000E+00   .000E+00
       .7391   .000E+00   .000E+00   .000E+00   .000E+00   .000E+00  -.705E+03   .000E+00   .000E+00   .000E+00
       .7609   .000E+00   .000E+00   .000E+00   .000E+00   .000E+00  -.686E+03   .000E+00   .000E+00   .000E+00
       .7826   .000E+00   .000E+00   .000E+00   .000E+00   .000E+00  -.666E+03   .000E+00   .000E+00   .000E+00
       .8043   .000E+00   .000E+00   .000E+00   .000E+00   .000E+00  -.646E+03   .000E+00   .000E+00   .000E+00
       .8261   .000E+00   .000E+00   .000E+00   .000E+00   .000E+00  -.626E+03   .000E+00   .000E+00   .000E+00
       .8478   .000E+00   .000E+00   .000E+00   .000E+00   .000E+00  -.607E+03   .000E+00   .000E+00   .000E+00
       .8696   .000E+00   .000E+00   .000E+00   .000E+00   .000E+00  -.589E+03   .000E+00   .000E+00   .000E+00
       .8913   .000E+00   .000E+00   .000E+00   .000E+00   .000E+00  -.573E+03   .000E+00   .000E+00   .000E+00
       .9130   .000E+00   .000E+00   .000E+00   .000E+00   .000E+00  -.558E+03   .000E+00   .000E+00   .000E+00
       .9348   .000E+00   .000E+00   .000E+00   .000E+00   .000E+00  -.543E+03   .000E+00   .000E+00   .000E+00
       .9674   .000E+00   .000E+00   .000E+00   .000E+00   .000E+00  -.521E+03   .000E+00   .000E+00   .000E+00
      1.0000   .000E+00   .000E+00   .000E+00   .000E+00   .000E+00  -.500E+03   .000E+00   .000E+00   .000E+00
      1.0278   .000E+00   .000E+00   .000E+00   .000E+00   .000E+00  -.482E+03   .000E+00   .000E+00   .000E+00
      1.0556   .000E+00   .000E+00   .000E+00   .000E+00   .000E+00  -.465E+03   .000E+00   .000E+00   .000E+00
      1.0833   .000E+00   .000E+00   .000E+00   .000E+00   .000E+00  -.449E+03   .000E+00   .000E+00   .000E+00
      1.1111   .000E+00   .000E+00   .000E+00   .000E+00   .000E+00  -.434E+03   .000E+00   .000E+00   .000E+00
      1.1389   .000E+00   .000E+00   .000E+00   .000E+00   .000E+00  -.419E+03   .000E+00   .000E+00   .000E+00
      1.1750   .000E+00   .000E+00   .000E+00   .000E+00   .000E+00  -.403E+03   .000E+00   .000E+00   .000E+00
      1.2111   .000E+00   .000E+00   .000E+00   .000E+00   .000E+00  -.387E+03   .000E+00   .000E+00   .000E+00
      1.2472   .000E+00   .000E+00   .000E+00   .000E+00   .000E+00  -.372E+03   .000E+00   .000E+00   .000E+00
      1.2833   .000E+00   .000E+00   .000E+00   .000E+00   .000E+00  -.358E+03   .000E+00   .000E+00   .000E+00
      1.3194   .000E+00   .000E+00   .000E+00   .000E+00   .000E+00  -.344E+03   .000E+00   .000E+00   .000E+00
      1.3646   .000E+00   .000E+00   .000E+00   .000E+00   .000E+00  -.328E+03   .000E+00   .000E+00   .000E+00
      1.4097   .000E+00   .000E+00   .000E+00   .000E+00   .000E+00  -.314E+03   .000E+00   .000E+00   .000E+00
      1.4549   .000E+00   .000E+00   .000E+00   .000E+00   .000E+00  -.300E+03   .000E+00   .000E+00   .000E+00
      1.5000   .000E+00   .000E+00   .000E+00   .000E+00   .000E+00  -.287E+03   .000E+00   .000E+00   .000E+00
      1.5625   .000E+00   .000E+00   .000E+00   .000E+00   .000E+00  -.271E+03   .000E+00   .000E+00   .000E+00
      1.6250   .000E+00   .000E+00   .000E+00   .000E+00   .000E+00  -.256E+03   .000E+00   .000E+00   .000E+00
      1.6875   .000E+00   .000E+00   .000E+00   .000E+00   .000E+00  -.241E+03   .000E+00   .000E+00   .000E+00
      1.7500   .000E+00   .000E+00   .000E+00   .000E+00   .000E+00  -.228E+03   .000E+00   .000E+00   .000E+00
      1.8125   .000E+00   .000E+00   .000E+00   .000E+00   .000E+00  -.216E+03   .000E+00   .000E+00   .000E+00
      1.8750   .000E+00   .000E+00   .000E+00   .000E+00   .000E+00  -.205E+03   .000E+00   .000E+00   .000E+00
      1.9375   .000E+00   .000E+00   .000E+00   .000E+00   .000E+00  -.194E+03   .000E+00   .000E+00   .000E+00
      2.0000   .000E+00   .000E+00   .000E+00   .000E+00   .000E+00  -.184E+03   .000E+00   .000E+00   .000E+00
      2.0769   .000E+00   .000E+00   .000E+00   .000E+00   .000E+00  -.173E+03   .000E+00   .000E+00   .000E+00
      2.1538   .000E+00   .000E+00   .000E+00   .000E+00   .000E+00  -.163E+03   .000E+00   .000E+00   .000E+00
      2.2308   .000E+00   .000E+00   .000E+00   .000E+00   .000E+00  -.154E+03   .000E+00   .000E+00   .000E+00
      2.3077   .000E+00   .000E+00   .000E+00   .000E+00   .000E+00  -.145E+03   .000E+00   .000E+00   .000E+00
      2.4066   .000E+00   .000E+00   .000E+00   .000E+00   .000E+00  -.135E+03   .000E+00   .000E+00   .000E+00
      2.5055   .000E+00   .000E+00   .000E+00   .000E+00   .000E+00  -.125E+03   .000E+00   .000E+00   .000E+00
      2.6044   .000E+00   .000E+00   .000E+00   .000E+00   .000E+00  -.117E+03   .000E+00   .000E+00   .000E+00
      2.7033   .000E+00   .000E+00   .000E+00   .000E+00   .000E+00  -.109E+03   .000E+00   .000E+00   .000E+00
      2.8516   .000E+00   .000E+00   .000E+00   .000E+00   .000E+00  -.991E+02   .000E+00   .000E+00   .000E+00
      3.0000   .000E+00   .000E+00   .000E+00   .000E+00   .000E+00  -.902E+02   .000E+00   .000E+00   .000E+00
      3.1250   .000E+00   .000E+00   .000E+00   .000E+00   .000E+00  -.836E+02   .000E+00   .000E+00   .000E+00
      3.3000   .000E+00   .000E+00   .000E+00   .000E+00   .000E+00  -.755E+02   .000E+00   .000E+00   .000E+00
      3.4750   .000E+00   .000E+00   .000E+00   .000E+00   .000E+00  -.682E+02   .000E+00   .000E+00   .000E+00
      3.6500   .000E+00   .000E+00   .000E+00   .000E+00   .000E+00  -.617E+02   .000E+00   .000E+00   .000E+00
      3.8250   .000E+00   .000E+00   .000E+00   .000E+00   .000E+00  -.559E+02   .000E+00   .000E+00   .000E+00
      4.0000   .000E+00   .000E+00   .000E+00   .000E+00   .000E+00  -.506E+02   .000E+00   .000E+00   .000E+00
      4.2000   .000E+00   .000E+00   .000E+00   .000E+00   .000E+00  -.454E+02   .000E+00   .000E+00   .000E+00
      4.4000   .000E+00   .000E+00   .000E+00   .000E+00   .000E+00  -.407E+02   .000E+00   .000E+00   .000E+00
      4.6000   .000E+00   .000E+00   .000E+00   .000E+00   .000E+00  -.364E+02   .000E+00   .000E+00   .000E+00
      4.8000   .000E+00   .000E+00   .000E+00   .000E+00   .000E+00  -.326E+02   .000E+00   .000E+00   .000E+00
      5.0000   .000E+00   .000E+00   .000E+00   .000E+00   .000E+00  -.291E+02   .000E+00   .000E+00   .000E+00
      5.2000   .000E+00   .000E+00   .000E+00   .000E+00   .000E+00  -.261E+02   .000E+00   .000E+00   .000E+00
      5.4000   .000E+00   .000E+00   .000E+00   .000E+00   .000E+00  -.234E+02   .000E+00   .000E+00   .000E+00
      5.6000   .000E+00   .000E+00   .000E+00   .000E+00   .000E+00  -.210E+02   .000E+00   .000E+00   .000E+00
      5.8000   .000E+00   .000E+00   .000E+00   .000E+00   .000E+00  -.188E+02   .000E+00   .000E+00   .000E+00
      6.0000   .000E+00   .000E+00   .000E+00   .000E+00   .000E+00  -.168E+02   .000E+00   .000E+00   .000E+00
      6.2000   .000E+00   .000E+00   .000E+00   .000E+00   .000E+00  -.150E+02   .000E+00   .000E+00   .000E+00
      6.4000   .000E+00   .000E+00   .000E+00   .000E+00   .000E+00  -.133E+02   .000E+00   .000E+00   .000E+00
      6.6000   .000E+00   .000E+00   .000E+00   .000E+00   .000E+00  -.118E+02   .000E+00   .000E+00   .000E+00
      6.8000   .000E+00   .000E+00   .000E+00   .000E+00   .000E+00  -.105E+02   .000E+00   .000E+00   .000E+00
      7.0000   .000E+00   .000E+00   .000E+00   .000E+00   .000E+00  -.933E+01   .000E+00   .000E+00   .000E+00
      7.2000   .000E+00   .000E+00   .000E+00   .000E+00   .000E+00  -.828E+01   .000E+00   .000E+00   .000E+00
      7.4000   .000E+00   .000E+00   .000E+00   .000E+00   .000E+00  -.734E+01   .000E+00   .000E+00   .000E+00
      7.6000   .000E+00   .000E+00   .000E+00   .000E+00   .000E+00  -.650E+01   .000E+00   .000E+00   .000E+00
      7.8000   .000E+00   .000E+00   .000E+00   .000E+00   .000E+00  -.575E+01   .000E+00   .000E+00   .000E+00
      8.0000   .000E+00   .000E+00   .000E+00   .000E+00   .000E+00  -.508E+01   .000E+00   .000E+00   .000E+00
      8.2000   .000E+00   .000E+00   .000E+00   .000E+00   .000E+00  -.448E+01   .000E+00   .000E+00   .000E+00
      8.4000   .000E+00   .000E+00   .000E+00   .000E+00   .000E+00  -.396E+01   .000E+00   .000E+00   .000E+00
      8.5998   .000E+00   .000E+00   .000E+00   .000E+00   .000E+00  -.351E+01   .000E+00   .000E+00   .000E+00
      8.7994   .000E+00   .000E+00   .000E+00   .000E+00   .000E+00  -.310E+01   .000E+00   .000E+00   .000E+00
      8.9989   .000E+00   .000E+00   .000E+00   .000E+00   .000E+00  -.274E+01   .000E+00   .000E+00   .000E+00
      9.1983   .000E+00   .000E+00   .000E+00   .000E+00   .000E+00  -.242E+01   .000E+00   .000E+00   .000E+00
      9.3975   .000E+00   .000E+00   .000E+00   .000E+00   .000E+00  -.214E+01   .000E+00   .000E+00   .000E+00
      9.5967   .000E+00   .000E+00   .000E+00   .000E+00   .000E+00  -.189E+01   .000E+00   .000E+00   .000E+00
      9.7957   .000E+00   .000E+00   .000E+00   .000E+00   .000E+00  -.167E+01   .000E+00   .000E+00   .000E+00
      9.8978   .000E+00   .000E+00   .000E+00   .000E+00   .000E+00  -.156E+01   .000E+00   .000E+00   .000E+00
     10.0000   .000E+00   .000E+00   .000E+00   .000E+00   .000E+00  -.146E+01   .000E+00   .000E+00   .000E+00
     10.1989   .000E+00   .000E+00   .000E+00   .000E+00   .000E+00  -.129E+01   .000E+00   .000E+00   .000E+00
     10.3977   .000E+00   .000E+00   .000E+00   .000E+00   .000E+00  -.114E+01   .000E+00   .000E+00   .000E+00
     10.5964   .000E+00   .000E+00   .000E+00   .000E+00   .000E+00  -.100E+01   .000E+00   .000E+00   .000E+00
     10.7951   .000E+00   .000E+00   .000E+00   .000E+00   .000E+00  -.884E+00   .000E+00   .000E+00   .000E+00
     10.9938   .000E+00   .000E+00   .000E+00   .000E+00   .000E+00  -.779E+00   .000E+00   .000E+00   .000E+00
     11.1924   .000E+00   .000E+00   .000E+00   .000E+00   .000E+00  -.687E+00   .000E+00   .000E+00   .000E+00
     11.3909   .000E+00   .000E+00   .000E+00   .000E+00   .000E+00  -.606E+00   .000E+00   .000E+00   .000E+00
     11.5895   .000E+00   .000E+00   .000E+00   .000E+00   .000E+00  -.534E+00   .000E+00   .000E+00   .000E+00
     11.7880   .000E+00   .000E+00   .000E+00   .000E+00   .000E+00  -.470E+00   .000E+00   .000E+00   .000E+00
     11.8940   .000E+00   .000E+00   .000E+00   .000E+00   .000E+00  -.438E+00   .000E+00   .000E+00   .000E+00
     12.0000   .000E+00   .000E+00   .000E+00   .000E+00   .000E+00  -.409E+00   .000E+00   .000E+00   .000E+00
     12.1985   .000E+00   .000E+00   .000E+00   .000E+00   .000E+00  -.361E+00   .000E+00   .000E+00   .000E+00
     12.3969   .000E+00   .000E+00   .000E+00   .000E+00   .000E+00  -.318E+00   .000E+00   .000E+00   .000E+00
     12.5953   .000E+00   .000E+00   .000E+00   .000E+00   .000E+00  -.280E+00   .000E+00   .000E+00   .000E+00
     12.7937   .000E+00   .000E+00   .000E+00   .000E+00   .000E+00  -.247E+00   .000E+00   .000E+00   .000E+00
     12.9921   .000E+00   .000E+00   .000E+00   .000E+00   .000E+00  -.218E+00   .000E+00   .000E+00   .000E+00
     13.1905   .000E+00   .000E+00   .000E+00   .000E+00   .000E+00  -.192E+00   .000E+00   .000E+00   .000E+00
     13.3889   .000E+00   .000E+00   .000E+00   .000E+00   .000E+00  -.169E+00   .000E+00   .000E+00   .000E+00
     13.5872   .000E+00   .000E+00   .000E+00   .000E+00   .000E+00  -.149E+00   .000E+00   .000E+00   .000E+00
     13.7856   .000E+00   .000E+00   .000E+00   .000E+00   .000E+00  -.131E+00   .000E+00   .000E+00   .000E+00
     13.8928   .000E+00   .000E+00   .000E+00   .000E+00   .000E+00  -.122E+00   .000E+00   .000E+00   .000E+00
     14.0000   .000E+00   .000E+00   .000E+00   .000E+00   .000E+00  -.114E+00   .000E+00   .000E+00   .000E+00
     14.1983   .000E+00   .000E+00   .000E+00   .000E+00   .000E+00  -.101E+00   .000E+00   .000E+00   .000E+00
     14.3967   .000E+00   .000E+00   .000E+00   .000E+00   .000E+00  -.886E-01   .000E+00   .000E+00   .000E+00
     14.5950   .000E+00   .000E+00   .000E+00   .000E+00   .000E+00  -.782E-01   .000E+00   .000E+00   .000E+00
     14.7933   .000E+00   .000E+00   .000E+00   .000E+00   .000E+00  -.689E-01   .000E+00   .000E+00   .000E+00
     14.9916   .000E+00   .000E+00   .000E+00   .000E+00   .000E+00  -.608E-01   .000E+00   .000E+00   .000E+00
     15.1899   .000E+00   .000E+00   .000E+00   .000E+00   .000E+00  -.535E-01   .000E+00   .000E+00   .000E+00
     15.3882   .000E+00   .000E+00   .000E+00   .000E+00   .000E+00  -.472E-01   .000E+00   .000E+00   .000E+00
     15.5865   .000E+00   .000E+00   .000E+00   .000E+00   .000E+00  -.417E-01   .000E+00   .000E+00   .000E+00
     15.7848   .000E+00   .000E+00   .000E+00   .000E+00   .000E+00  -.368E-01   .000E+00   .000E+00   .000E+00
     15.8924   .000E+00   .000E+00   .000E+00   .000E+00   .000E+00  -.342E-01   .000E+00   .000E+00   .000E+00
     16.0000   .000E+00   .000E+00   .000E+00   .000E+00   .000E+00  -.318E-01   .000E+00   .000E+00   .000E+00
     16.1983   .000E+00   .000E+00   .000E+00   .000E+00   .000E+00  -.281E-01   .000E+00   .000E+00   .000E+00
     16.3966   .000E+00   .000E+00   .000E+00   .000E+00   .000E+00  -.247E-01   .000E+00   .000E+00   .000E+00
     16.5949   .000E+00   .000E+00   .000E+00   .000E+00   .000E+00  -.218E-01   .000E+00   .000E+00   .000E+00
     16.7932   .000E+00   .000E+00   .000E+00   .000E+00   .000E+00  -.193E-01   .000E+00   .000E+00   .000E+00
     16.9915   .000E+00   .000E+00   .000E+00   .000E+00   .000E+00  -.170E-01   .000E+00   .000E+00   .000E+00
     17.1898   .000E+00   .000E+00   .000E+00   .000E+00   .000E+00  -.149E-01   .000E+00   .000E+00   .000E+00
     17.3881   .000E+00   .000E+00   .000E+00   .000E+00   .000E+00  -.132E-01   .000E+00   .000E+00   .000E+00
     17.5863   .000E+00   .000E+00   .000E+00   .000E+00   .000E+00  -.117E-01   .000E+00   .000E+00   .000E+00
     17.7846   .000E+00   .000E+00   .000E+00   .000E+00   .000E+00  -.101E-01   .000E+00   .000E+00   .000E+00
     17.8923   .000E+00   .000E+00   .000E+00   .000E+00   .000E+00  -.937E-02   .000E+00   .000E+00   .000E+00
     18.0000   .000E+00   .000E+00   .000E+00   .000E+00   .000E+00  -.877E-02   .000E+00   .000E+00   .000E+00
     18.1983   .000E+00   .000E+00   .000E+00   .000E+00   .000E+00  -.788E-02   .000E+00   .000E+00   .000E+00
     18.3966   .000E+00   .000E+00   .000E+00   .000E+00   .000E+00  -.694E-02   .000E+00   .000E+00   .000E+00
     18.5949   .000E+00   .000E+00   .000E+00   .000E+00   .000E+00  -.619E-02   .000E+00   .000E+00   .000E+00
     18.7931   .000E+00   .000E+00   .000E+00   .000E+00   .000E+00  -.528E-02   .000E+00   .000E+00   .000E+00
     18.9914   .000E+00   .000E+00   .000E+00   .000E+00   .000E+00  -.467E-02   .000E+00   .000E+00   .000E+00
     19.1897   .000E+00   .000E+00   .000E+00   .000E+00   .000E+00  -.421E-02   .000E+00   .000E+00   .000E+00
     19.3880   .000E+00   .000E+00   .000E+00   .000E+00   .000E+00  -.362E-02   .000E+00   .000E+00   .000E+00
     19.5863   .000E+00   .000E+00   .000E+00   .000E+00   .000E+00  -.330E-02   .000E+00   .000E+00   .000E+00
     19.7846   .000E+00   .000E+00   .000E+00   .000E+00   .000E+00  -.285E-02   .000E+00   .000E+00   .000E+00
     19.8923   .000E+00   .000E+00   .000E+00   .000E+00   .000E+00  -.265E-02   .000E+00   .000E+00   .000E+00
     20.0000   .000E+00   .000E+00   .000E+00   .000E+00   .000E+00  -.239E-02   .000E+00   .000E+00   .000E+00
     20.1923   .000E+00   .000E+00   .000E+00   .000E+00   .000E+00  -.221E-02   .000E+00   .000E+00   .000E+00
     20.3846   .000E+00   .000E+00   .000E+00   .000E+00   .000E+00  -.200E-02   .000E+00   .000E+00   .000E+00
     20.5769   .000E+00   .000E+00   .000E+00   .000E+00   .000E+00  -.176E-02   .000E+00   .000E+00   .000E+00
     20.7692   .000E+00   .000E+00   .000E+00   .000E+00   .000E+00  -.156E-02   .000E+00   .000E+00   .000E+00
     20.9615   .000E+00   .000E+00   .000E+00   .000E+00   .000E+00  -.140E-02   .000E+00   .000E+00   .000E+00
     21.1538   .000E+00   .000E+00   .000E+00   .000E+00   .000E+00  -.125E-02   .000E+00   .000E+00   .000E+00
     21.3462   .000E+00   .000E+00   .000E+00   .000E+00   .000E+00  -.104E-02   .000E+00   .000E+00   .000E+00
     21.5385   .000E+00   .000E+00   .000E+00   .000E+00   .000E+00  -.931E-03   .000E+00   .000E+00   .000E+00
     21.7308   .000E+00   .000E+00   .000E+00   .000E+00   .000E+00  -.900E-03   .000E+00   .000E+00   .000E+00
     21.9231   .000E+00   .000E+00   .000E+00   .000E+00   .000E+00  -.763E-03   .000E+00   .000E+00   .000E+00
     22.1154   .000E+00   .000E+00   .000E+00   .000E+00   .000E+00  -.656E-03   .000E+00   .000E+00   .000E+00
     22.3077   .000E+00   .000E+00   .000E+00   .000E+00   .000E+00  -.465E-03   .000E+00   .000E+00   .000E+00
     22.5000   .000E+00   .000E+00   .000E+00   .000E+00   .000E+00  -.366E-03   .000E+00   .000E+00   .000E+00
     22.6923   .000E+00   .000E+00   .000E+00   .000E+00   .000E+00  -.366E-03   .000E+00   .000E+00   .000E+00
     22.8846   .000E+00   .000E+00   .000E+00   .000E+00   .000E+00  -.298E-03   .000E+00   .000E+00   .000E+00
     23.0769   .000E+00   .000E+00   .000E+00   .000E+00   .000E+00  -.252E-03   .000E+00   .000E+00   .000E+00
     23.2692   .000E+00   .000E+00   .000E+00   .000E+00   .000E+00  -.191E-03   .000E+00   .000E+00   .000E+00
     23.4615   .000E+00   .000E+00   .000E+00   .000E+00   .000E+00  -.191E-03   .000E+00   .000E+00   .000E+00
     23.6538   .000E+00   .000E+00   .000E+00   .000E+00   .000E+00  -.175E-03   .000E+00   .000E+00   .000E+00
     23.8462   .000E+00   .000E+00   .000E+00   .000E+00   .000E+00  -.175E-03   .000E+00   .000E+00   .000E+00
     24.0385   .000E+00   .000E+00   .000E+00   .000E+00   .000E+00  -.160E-03   .000E+00   .000E+00   .000E+00
     24.2308   .000E+00   .000E+00   .000E+00   .000E+00   .000E+00  -.160E-03   .000E+00   .000E+00   .000E+00
     24.4231   .000E+00   .000E+00   .000E+00   .000E+00   .000E+00  -.160E-03   .000E+00   .000E+00   .000E+00
     24.6154   .000E+00   .000E+00   .000E+00   .000E+00   .000E+00  -.992E-04   .000E+00   .000E+00   .000E+00
     24.8077   .000E+00   .000E+00   .000E+00   .000E+00   .000E+00  -.381E-04   .000E+00   .000E+00   .000E+00
     25.0000   .000E+00   .000E+00   .000E+00   .000E+00   .000E+00  -.305E-04   .000E+00   .000E+00   .000E+00
end
