 Water flow to a stream - 3                                              
 
 Program HYDRUS2
 Date:  17. 2.    Time:  12:42:35
 Time independent boundary conditions
 Vertical plane flow, V = L*L
 Units: L = cm   , T = days , M = mmol 
 All cumulative fluxes (CumQ) are positive out of the region

       Time     CumQAP      CumQRP     CumQA      CumQR     CumQ3       CumQ1      CumQS      CumQ5       CumQ6 ....
        [T]       [V]         [V]       [V]        [V]       [V]         [V]        [V]        [V]         [V]

         .0010   .000E+00   .000E+00   .000E+00   .000E+00   .000E+00  -.104E+02   .606E-01   .000E+00   .000E+00
         .0023   .000E+00   .000E+00   .000E+00   .000E+00   .000E+00  -.221E+02   .139E+00   .000E+00   .000E+00
         .0040   .000E+00   .000E+00   .000E+00   .000E+00   .000E+00  -.353E+02   .242E+00   .000E+00   .000E+00
         .0062   .000E+00   .000E+00   .000E+00   .000E+00   .000E+00  -.500E+02   .375E+00   .000E+00   .000E+00
         .0090   .000E+00   .000E+00   .000E+00   .000E+00   .000E+00  -.664E+02   .548E+00   .000E+00   .000E+00
         .0119   .000E+00   .000E+00   .000E+00   .000E+00   .000E+00  -.808E+02   .721E+00   .000E+00   .000E+00
         .0156   .000E+00   .000E+00   .000E+00   .000E+00   .000E+00  -.973E+02   .946E+00   .000E+00   .000E+00
         .0193   .000E+00   .000E+00   .000E+00   .000E+00   .000E+00  -.112E+03   .117E+01   .000E+00   .000E+00
         .0230   .000E+00   .000E+00   .000E+00   .000E+00   .000E+00  -.126E+03   .140E+01   .000E+00   .000E+00
         .0279   .000E+00   .000E+00   .000E+00   .000E+00   .000E+00  -.143E+03   .169E+01   .000E+00   .000E+00
         .0327   .000E+00   .000E+00   .000E+00   .000E+00   .000E+00  -.159E+03   .198E+01   .000E+00   .000E+00
         .0376   .000E+00   .000E+00   .000E+00   .000E+00   .000E+00  -.175E+03   .228E+01   .000E+00   .000E+00
         .0424   .000E+00   .000E+00   .000E+00   .000E+00   .000E+00  -.190E+03   .257E+01   .000E+00   .000E+00
         .0472   .000E+00   .000E+00   .000E+00   .000E+00   .000E+00  -.205E+03   .286E+01   .000E+00   .000E+00
         .0521   .000E+00   .000E+00   .000E+00   .000E+00   .000E+00  -.220E+03   .316E+01   .000E+00   .000E+00
         .0569   .000E+00   .000E+00   .000E+00   .000E+00   .000E+00  -.234E+03   .345E+01   .000E+00   .000E+00
         .0617   .000E+00   .000E+00   .000E+00   .000E+00   .000E+00  -.249E+03   .374E+01   .000E+00   .000E+00
         .0666   .000E+00   .000E+00   .000E+00   .000E+00   .000E+00  -.263E+03   .404E+01   .000E+00   .000E+00
         .0714   .000E+00   .000E+00   .000E+00   .000E+00   .000E+00  -.277E+03   .433E+01   .000E+00   .000E+00
         .0762   .000E+00   .000E+00   .000E+00   .000E+00   .000E+00  -.292E+03   .462E+01   .000E+00   .000E+00
         .0811   .000E+00   .000E+00   .000E+00   .000E+00   .000E+00  -.306E+03   .492E+01   .000E+00   .000E+00
         .0859   .000E+00   .000E+00   .000E+00   .000E+00   .000E+00  -.320E+03   .521E+01   .000E+00   .000E+00
         .0908   .000E+00   .000E+00   .000E+00   .000E+00   .000E+00  -.335E+03   .550E+01   .000E+00   .000E+00
         .0956   .000E+00   .000E+00   .000E+00   .000E+00   .000E+00  -.349E+03   .580E+01   .000E+00   .000E+00
         .1004   .000E+00   .000E+00   .000E+00   .000E+00   .000E+00  -.363E+03   .609E+01   .000E+00   .000E+00
         .1053   .000E+00   .000E+00   .000E+00   .000E+00   .000E+00  -.377E+03   .638E+01   .000E+00   .000E+00
         .1101   .000E+00   .000E+00   .000E+00   .000E+00   .000E+00  -.392E+03   .668E+01   .000E+00   .000E+00
         .1149   .000E+00   .000E+00   .000E+00   .000E+00   .000E+00  -.406E+03   .697E+01   .000E+00   .000E+00
         .1198   .000E+00   .000E+00   .000E+00   .000E+00   .000E+00  -.420E+03   .726E+01   .000E+00   .000E+00
         .1246   .000E+00   .000E+00   .000E+00   .000E+00   .000E+00  -.434E+03   .756E+01   .000E+00   .000E+00
         .1294   .000E+00   .000E+00   .000E+00   .000E+00   .000E+00  -.448E+03   .785E+01   .000E+00   .000E+00
         .1343   .000E+00   .000E+00   .000E+00   .000E+00   .000E+00  -.462E+03   .815E+01   .000E+00   .000E+00
         .1391   .000E+00   .000E+00   .000E+00   .000E+00   .000E+00  -.475E+03   .844E+01   .000E+00   .000E+00
         .1440   .000E+00   .000E+00   .000E+00   .000E+00   .000E+00  -.487E+03   .873E+01   .000E+00   .000E+00
         .1488   .000E+00   .000E+00   .000E+00   .000E+00   .000E+00  -.499E+03   .903E+01   .000E+00   .000E+00
         .1551   .000E+00   .000E+00   .000E+00   .000E+00   .000E+00  -.515E+03   .941E+01   .000E+00   .000E+00
         .1613   .000E+00   .000E+00   .000E+00   .000E+00   .000E+00  -.530E+03   .979E+01   .000E+00   .000E+00
         .1676   .000E+00   .000E+00   .000E+00   .000E+00   .000E+00  -.545E+03   .102E+02   .000E+00   .000E+00
         .1757   .000E+00   .000E+00   .000E+00   .000E+00   .000E+00  -.564E+03   .107E+02   .000E+00   .000E+00
         .1839   .000E+00   .000E+00   .000E+00   .000E+00   .000E+00  -.582E+03   .112E+02   .000E+00   .000E+00
         .1921   .000E+00   .000E+00   .000E+00   .000E+00   .000E+00  -.600E+03   .117E+02   .000E+00   .000E+00
         .2027   .000E+00   .000E+00   .000E+00   .000E+00   .000E+00  -.624E+03   .123E+02   .000E+00   .000E+00
         .2133   .000E+00   .000E+00   .000E+00   .000E+00   .000E+00  -.646E+03   .129E+02   .000E+00   .000E+00
         .2239   .000E+00   .000E+00   .000E+00   .000E+00   .000E+00  -.669E+03   .136E+02   .000E+00   .000E+00
         .2378   .000E+00   .000E+00   .000E+00   .000E+00   .000E+00  -.697E+03   .144E+02   .000E+00   .000E+00
         .2517   .000E+00   .000E+00   .000E+00   .000E+00   .000E+00  -.725E+03   .153E+02   .000E+00   .000E+00
         .2695   .000E+00   .000E+00   .000E+00   .000E+00   .000E+00  -.760E+03   .164E+02   .000E+00   .000E+00
         .2930   .000E+00   .000E+00   .000E+00   .000E+00   .000E+00  -.806E+03   .178E+02   .000E+00   .000E+00
         .3166   .000E+00   .000E+00   .000E+00   .000E+00   .000E+00  -.851E+03   .192E+02   .000E+00   .000E+00
         .3402   .000E+00   .000E+00   .000E+00   .000E+00   .000E+00  -.894E+03   .207E+02   .000E+00   .000E+00
         .3637   .000E+00   .000E+00   .000E+00   .000E+00   .000E+00  -.937E+03   .221E+02   .000E+00   .000E+00
         .3873   .000E+00   .000E+00   .000E+00   .000E+00   .000E+00  -.980E+03   .235E+02   .000E+00   .000E+00
         .4109   .000E+00   .000E+00   .000E+00   .000E+00   .000E+00  -.102E+04   .250E+02   .000E+00   .000E+00
         .4344   .000E+00   .000E+00   .000E+00   .000E+00   .000E+00  -.106E+04   .264E+02   .000E+00   .000E+00
         .4642   .000E+00   .000E+00   .000E+00   .000E+00   .000E+00  -.111E+04   .282E+02   .000E+00   .000E+00
         .5025   .000E+00   .000E+00   .000E+00   .000E+00   .000E+00  -.118E+04   .306E+02   .000E+00   .000E+00
         .5407   .000E+00   .000E+00   .000E+00   .000E+00   .000E+00  -.124E+04   .329E+02   .000E+00   .000E+00
         .5918   .000E+00   .000E+00   .000E+00   .000E+00   .000E+00  -.132E+04   .360E+02   .000E+00   .000E+00
         .6428   .000E+00   .000E+00   .000E+00   .000E+00   .000E+00  -.140E+04   .391E+02   .000E+00   .000E+00
         .6938   .000E+00   .000E+00   .000E+00   .000E+00   .000E+00  -.148E+04   .423E+02   .000E+00   .000E+00
         .7551   .000E+00   .000E+00   .000E+00   .000E+00   .000E+00  -.157E+04   .460E+02   .000E+00   .000E+00
         .8367   .000E+00   .000E+00   .000E+00   .000E+00   .000E+00  -.170E+04   .510E+02   .000E+00   .000E+00
         .9184   .000E+00   .000E+00   .000E+00   .000E+00   .000E+00  -.181E+04   .560E+02   .000E+00   .000E+00
        1.0000   .000E+00   .000E+00   .000E+00   .000E+00   .000E+00  -.193E+04   .610E+02   .000E+00   .000E+00
        1.1111   .000E+00   .000E+00   .000E+00   .000E+00   .000E+00  -.208E+04   .679E+02   .000E+00   .000E+00
        1.2222   .000E+00   .000E+00   .000E+00   .000E+00   .000E+00  -.223E+04   .747E+02   .000E+00   .000E+00
        1.3675   .000E+00   .000E+00   .000E+00   .000E+00   .000E+00  -.242E+04   .837E+02   .000E+00   .000E+00
        1.5128   .000E+00   .000E+00   .000E+00   .000E+00   .000E+00  -.260E+04   .927E+02   .000E+00   .000E+00
        1.7066   .000E+00   .000E+00   .000E+00   .000E+00   .000E+00  -.284E+04   .105E+03   .000E+00   .000E+00
        1.9099   .000E+00   .000E+00   .000E+00   .000E+00   .000E+00  -.308E+04   .117E+03   .000E+00   .000E+00
        2.1159   .000E+00   .000E+00   .000E+00   .000E+00   .000E+00  -.332E+04   .130E+03   .000E+00   .000E+00
        2.3374   .000E+00   .000E+00   .000E+00   .000E+00   .000E+00  -.356E+04   .144E+03   .000E+00   .000E+00
        2.5593   .000E+00   .000E+00   .000E+00   .000E+00   .000E+00  -.380E+04   .158E+03   .000E+00   .000E+00
        2.7949   .000E+00   .000E+00   .000E+00   .000E+00   .000E+00  -.404E+04   .173E+03   .000E+00   .000E+00
        3.0375   .000E+00   .000E+00   .000E+00   .000E+00   .000E+00  -.429E+04   .189E+03   .000E+00   .000E+00
        3.2828   .000E+00   .000E+00   .000E+00   .000E+00   .000E+00  -.452E+04   .204E+03   .000E+00   .000E+00
        3.5281   .000E+00   .000E+00   .000E+00   .000E+00   .000E+00  -.476E+04   .220E+03   .000E+00   .000E+00
        3.7734   .000E+00   .000E+00   .000E+00   .000E+00   .000E+00  -.498E+04   .236E+03   .000E+00   .000E+00
        4.0187   .000E+00   .000E+00   .000E+00   .000E+00   .000E+00  -.520E+04   .252E+03   .000E+00   .000E+00
        4.2641   .000E+00   .000E+00   .000E+00   .000E+00   .000E+00  -.541E+04   .268E+03   .000E+00   .000E+00
        4.5094   .000E+00   .000E+00   .000E+00   .000E+00   .000E+00  -.561E+04   .284E+03   .000E+00   .000E+00
        4.7547   .000E+00   .000E+00   .000E+00   .000E+00   .000E+00  -.582E+04   .301E+03   .000E+00   .000E+00
        5.0000   .000E+00   .000E+00   .000E+00   .000E+00   .000E+00  -.601E+04   .317E+03   .000E+00   .000E+00
        5.2941   .000E+00   .000E+00   .000E+00   .000E+00   .000E+00  -.624E+04   .337E+03   .000E+00   .000E+00
        5.5992   .000E+00   .000E+00   .000E+00   .000E+00   .000E+00  -.647E+04   .358E+03   .000E+00   .000E+00
        5.9104   .000E+00   .000E+00   .000E+00   .000E+00   .000E+00  -.669E+04   .380E+03   .000E+00   .000E+00
        6.2250   .000E+00   .000E+00   .000E+00   .000E+00   .000E+00  -.692E+04   .402E+03   .000E+00   .000E+00
        6.5396   .000E+00   .000E+00   .000E+00   .000E+00   .000E+00  -.713E+04   .424E+03   .000E+00   .000E+00
        6.8541   .000E+00   .000E+00   .000E+00   .000E+00   .000E+00  -.734E+04   .447E+03   .000E+00   .000E+00
        7.1892   .000E+00   .000E+00   .000E+00   .000E+00   .000E+00  -.756E+04   .471E+03   .000E+00   .000E+00
        7.5297   .000E+00   .000E+00   .000E+00   .000E+00   .000E+00  -.777E+04   .496E+03   .000E+00   .000E+00
        7.8757   .000E+00   .000E+00   .000E+00   .000E+00   .000E+00  -.798E+04   .522E+03   .000E+00   .000E+00
        8.2276   .000E+00   .000E+00   .000E+00   .000E+00   .000E+00  -.819E+04   .548E+03   .000E+00   .000E+00
        8.5821   .000E+00   .000E+00   .000E+00   .000E+00   .000E+00  -.840E+04   .576E+03   .000E+00   .000E+00
        8.9365   .000E+00   .000E+00   .000E+00   .000E+00   .000E+00  -.859E+04   .603E+03   .000E+00   .000E+00
        9.2910   .000E+00   .000E+00   .000E+00   .000E+00   .000E+00  -.879E+04   .631E+03   .000E+00   .000E+00
        9.6455   .000E+00   .000E+00   .000E+00   .000E+00   .000E+00  -.897E+04   .660E+03   .000E+00   .000E+00
       10.0000   .000E+00   .000E+00   .000E+00   .000E+00   .000E+00  -.915E+04   .688E+03   .000E+00   .000E+00
       10.3846   .000E+00   .000E+00   .000E+00   .000E+00   .000E+00  -.934E+04   .720E+03   .000E+00   .000E+00
       10.7772   .000E+00   .000E+00   .000E+00   .000E+00   .000E+00  -.953E+04   .753E+03   .000E+00   .000E+00
       11.1723   .000E+00   .000E+00   .000E+00   .000E+00   .000E+00  -.972E+04   .787E+03   .000E+00   .000E+00
       11.5758   .000E+00   .000E+00   .000E+00   .000E+00   .000E+00  -.990E+04   .822E+03   .000E+00   .000E+00
       11.9826   .000E+00   .000E+00   .000E+00   .000E+00   .000E+00  -.101E+05   .858E+03   .000E+00   .000E+00
       12.3966   .000E+00   .000E+00   .000E+00   .000E+00   .000E+00  -.103E+05   .895E+03   .000E+00   .000E+00
       12.8158   .000E+00   .000E+00   .000E+00   .000E+00   .000E+00  -.104E+05   .933E+03   .000E+00   .000E+00
       13.2359   .000E+00   .000E+00   .000E+00   .000E+00   .000E+00  -.106E+05   .972E+03   .000E+00   .000E+00
       13.6648   .000E+00   .000E+00   .000E+00   .000E+00   .000E+00  -.108E+05   .101E+04   .000E+00   .000E+00
       14.0983   .000E+00   .000E+00   .000E+00   .000E+00   .000E+00  -.109E+05   .105E+04   .000E+00   .000E+00
       14.5344   .000E+00   .000E+00   .000E+00   .000E+00   .000E+00  -.111E+05   .110E+04   .000E+00   .000E+00
       14.9704   .000E+00   .000E+00   .000E+00   .000E+00   .000E+00  -.113E+05   .114E+04   .000E+00   .000E+00
       15.4172   .000E+00   .000E+00   .000E+00   .000E+00   .000E+00  -.114E+05   .119E+04   .000E+00   .000E+00
       15.8682   .000E+00   .000E+00   .000E+00   .000E+00   .000E+00  -.116E+05   .123E+04   .000E+00   .000E+00
       16.3232   .000E+00   .000E+00   .000E+00   .000E+00   .000E+00  -.117E+05   .128E+04   .000E+00   .000E+00
       16.7799   .000E+00   .000E+00   .000E+00   .000E+00   .000E+00  -.119E+05   .133E+04   .000E+00   .000E+00
       17.2366   .000E+00   .000E+00   .000E+00   .000E+00   .000E+00  -.120E+05   .138E+04   .000E+00   .000E+00
       17.6933   .000E+00   .000E+00   .000E+00   .000E+00   .000E+00  -.121E+05   .143E+04   .000E+00   .000E+00
       18.1499   .000E+00   .000E+00   .000E+00   .000E+00   .000E+00  -.123E+05   .149E+04   .000E+00   .000E+00
       18.6233   .000E+00   .000E+00   .000E+00   .000E+00   .000E+00  -.124E+05   .154E+04   .000E+00   .000E+00
       19.1000   .000E+00   .000E+00   .000E+00   .000E+00   .000E+00  -.125E+05   .160E+04   .000E+00   .000E+00
       19.5799   .000E+00   .000E+00   .000E+00   .000E+00   .000E+00  -.127E+05   .165E+04   .000E+00   .000E+00
       20.0630   .000E+00   .000E+00   .000E+00   .000E+00   .000E+00  -.128E+05   .171E+04   .000E+00   .000E+00
       20.5490   .000E+00   .000E+00   .000E+00   .000E+00   .000E+00  -.129E+05   .177E+04   .000E+00   .000E+00
       21.0380   .000E+00   .000E+00   .000E+00   .000E+00   .000E+00  -.131E+05   .183E+04   .000E+00   .000E+00
       21.5297   .000E+00   .000E+00   .000E+00   .000E+00   .000E+00  -.132E+05   .189E+04   .000E+00   .000E+00
       22.0241   .000E+00   .000E+00   .000E+00   .000E+00   .000E+00  -.133E+05   .196E+04   .000E+00   .000E+00
       22.5201   .000E+00   .000E+00   .000E+00   .000E+00   .000E+00  -.134E+05   .202E+04   .000E+00   .000E+00
       23.0161   .000E+00   .000E+00   .000E+00   .000E+00   .000E+00  -.135E+05   .209E+04   .000E+00   .000E+00
       23.5120   .000E+00   .000E+00   .000E+00   .000E+00   .000E+00  -.137E+05   .215E+04   .000E+00   .000E+00
       24.0080   .000E+00   .000E+00   .000E+00   .000E+00   .000E+00  -.138E+05   .222E+04   .000E+00   .000E+00
       24.5040   .000E+00   .000E+00   .000E+00   .000E+00   .000E+00  -.139E+05   .228E+04   .000E+00   .000E+00
       25.0000   .000E+00   .000E+00   .000E+00   .000E+00   .000E+00  -.140E+05   .235E+04   .000E+00   .000E+00
       25.5099   .000E+00   .000E+00   .000E+00   .000E+00   .000E+00  -.141E+05   .242E+04   .000E+00   .000E+00
       26.0201   .000E+00   .000E+00   .000E+00   .000E+00   .000E+00  -.142E+05   .249E+04   .000E+00   .000E+00
       26.5303   .000E+00   .000E+00   .000E+00   .000E+00   .000E+00  -.143E+05   .257E+04   .000E+00   .000E+00
       27.0405   .000E+00   .000E+00   .000E+00   .000E+00   .000E+00  -.144E+05   .264E+04   .000E+00   .000E+00
       27.5571   .000E+00   .000E+00   .000E+00   .000E+00   .000E+00  -.145E+05   .271E+04   .000E+00   .000E+00
       28.0752   .000E+00   .000E+00   .000E+00   .000E+00   .000E+00  -.146E+05   .279E+04   .000E+00   .000E+00
       28.5946   .000E+00   .000E+00   .000E+00   .000E+00   .000E+00  -.147E+05   .286E+04   .000E+00   .000E+00
       29.1154   .000E+00   .000E+00   .000E+00   .000E+00   .000E+00  -.148E+05   .294E+04   .000E+00   .000E+00
       29.6374   .000E+00   .000E+00   .000E+00   .000E+00   .000E+00  -.149E+05   .301E+04   .000E+00   .000E+00
       30.1595   .000E+00   .000E+00   .000E+00   .000E+00   .000E+00  -.150E+05   .309E+04   .000E+00   .000E+00
       30.6816   .000E+00   .000E+00   .000E+00   .000E+00   .000E+00  -.151E+05   .317E+04   .000E+00   .000E+00
       31.2038   .000E+00   .000E+00   .000E+00   .000E+00   .000E+00  -.152E+05   .324E+04   .000E+00   .000E+00
       31.7259   .000E+00   .000E+00   .000E+00   .000E+00   .000E+00  -.153E+05   .332E+04   .000E+00   .000E+00
       32.2480   .000E+00   .000E+00   .000E+00   .000E+00   .000E+00  -.154E+05   .340E+04   .000E+00   .000E+00
       32.7701   .000E+00   .000E+00   .000E+00   .000E+00   .000E+00  -.155E+05   .348E+04   .000E+00   .000E+00
       33.2922   .000E+00   .000E+00   .000E+00   .000E+00   .000E+00  -.156E+05   .356E+04   .000E+00   .000E+00
       33.8143   .000E+00   .000E+00   .000E+00   .000E+00   .000E+00  -.157E+05   .364E+04   .000E+00   .000E+00
       34.3365   .000E+00   .000E+00   .000E+00   .000E+00   .000E+00  -.158E+05   .372E+04   .000E+00   .000E+00
       34.8586   .000E+00   .000E+00   .000E+00   .000E+00   .000E+00  -.159E+05   .380E+04   .000E+00   .000E+00
       35.3900   .000E+00   .000E+00   .000E+00   .000E+00   .000E+00  -.159E+05   .388E+04   .000E+00   .000E+00
       35.9220   .000E+00   .000E+00   .000E+00   .000E+00   .000E+00  -.160E+05   .396E+04   .000E+00   .000E+00
       36.4545   .000E+00   .000E+00   .000E+00   .000E+00   .000E+00  -.161E+05   .404E+04   .000E+00   .000E+00
       36.9875   .000E+00   .000E+00   .000E+00   .000E+00   .000E+00  -.162E+05   .412E+04   .000E+00   .000E+00
       37.5210   .000E+00   .000E+00   .000E+00   .000E+00   .000E+00  -.163E+05   .421E+04   .000E+00   .000E+00
       38.0549   .000E+00   .000E+00   .000E+00   .000E+00   .000E+00  -.164E+05   .429E+04   .000E+00   .000E+00
       38.5891   .000E+00   .000E+00   .000E+00   .000E+00   .000E+00  -.165E+05   .437E+04   .000E+00   .000E+00
       39.1238   .000E+00   .000E+00   .000E+00   .000E+00   .000E+00  -.166E+05   .445E+04   .000E+00   .000E+00
       39.6588   .000E+00   .000E+00   .000E+00   .000E+00   .000E+00  -.167E+05   .454E+04   .000E+00   .000E+00
       40.1941   .000E+00   .000E+00   .000E+00   .000E+00   .000E+00  -.168E+05   .462E+04   .000E+00   .000E+00
       40.7298   .000E+00   .000E+00   .000E+00   .000E+00   .000E+00  -.168E+05   .470E+04   .000E+00   .000E+00
       41.2657   .000E+00   .000E+00   .000E+00   .000E+00   .000E+00  -.169E+05   .479E+04   .000E+00   .000E+00
       41.8018   .000E+00   .000E+00   .000E+00   .000E+00   .000E+00  -.170E+05   .487E+04   .000E+00   .000E+00
       42.3383   .000E+00   .000E+00   .000E+00   .000E+00   .000E+00  -.171E+05   .495E+04   .000E+00   .000E+00
       42.8749   .000E+00   .000E+00   .000E+00   .000E+00   .000E+00  -.172E+05   .504E+04   .000E+00   .000E+00
       43.4117   .000E+00   .000E+00   .000E+00   .000E+00   .000E+00  -.173E+05   .512E+04   .000E+00   .000E+00
       43.9488   .000E+00   .000E+00   .000E+00   .000E+00   .000E+00  -.174E+05   .521E+04   .000E+00   .000E+00
       44.4860   .000E+00   .000E+00   .000E+00   .000E+00   .000E+00  -.175E+05   .529E+04   .000E+00   .000E+00
       45.0234   .000E+00   .000E+00   .000E+00   .000E+00   .000E+00  -.175E+05   .537E+04   .000E+00   .000E+00
       45.5609   .000E+00   .000E+00   .000E+00   .000E+00   .000E+00  -.176E+05   .546E+04   .000E+00   .000E+00
       46.0986   .000E+00   .000E+00   .000E+00   .000E+00   .000E+00  -.177E+05   .554E+04   .000E+00   .000E+00
       46.6364   .000E+00   .000E+00   .000E+00   .000E+00   .000E+00  -.178E+05   .563E+04   .000E+00   .000E+00
       47.1743   .000E+00   .000E+00   .000E+00   .000E+00   .000E+00  -.179E+05   .571E+04   .000E+00   .000E+00
       47.7124   .000E+00   .000E+00   .000E+00   .000E+00   .000E+00  -.180E+05   .580E+04   .000E+00   .000E+00
       48.2505   .000E+00   .000E+00   .000E+00   .000E+00   .000E+00  -.181E+05   .588E+04   .000E+00   .000E+00
       48.7887   .000E+00   .000E+00   .000E+00   .000E+00   .000E+00  -.181E+05   .597E+04   .000E+00   .000E+00
       49.3271   .000E+00   .000E+00   .000E+00   .000E+00   .000E+00  -.182E+05   .605E+04   .000E+00   .000E+00
       49.6635   .000E+00   .000E+00   .000E+00   .000E+00   .000E+00  -.183E+05   .610E+04   .000E+00   .000E+00
       50.0000   .000E+00   .000E+00   .000E+00   .000E+00   .000E+00  -.183E+05   .616E+04   .000E+00   .000E+00
       50.5376   .000E+00   .000E+00   .000E+00   .000E+00   .000E+00  -.184E+05   .624E+04   .000E+00   .000E+00
       51.0753   .000E+00   .000E+00   .000E+00   .000E+00   .000E+00  -.185E+05   .633E+04   .000E+00   .000E+00
       51.6129   .000E+00   .000E+00   .000E+00   .000E+00   .000E+00  -.186E+05   .641E+04   .000E+00   .000E+00
       52.1505   .000E+00   .000E+00   .000E+00   .000E+00   .000E+00  -.187E+05   .650E+04   .000E+00   .000E+00
       52.6882   .000E+00   .000E+00   .000E+00   .000E+00   .000E+00  -.188E+05   .658E+04   .000E+00   .000E+00
       53.2258   .000E+00   .000E+00   .000E+00   .000E+00   .000E+00  -.189E+05   .667E+04   .000E+00   .000E+00
       53.7635   .000E+00   .000E+00   .000E+00   .000E+00   .000E+00  -.189E+05   .675E+04   .000E+00   .000E+00
       54.3011   .000E+00   .000E+00   .000E+00   .000E+00   .000E+00  -.190E+05   .683E+04   .000E+00   .000E+00
       54.8387   .000E+00   .000E+00   .000E+00   .000E+00   .000E+00  -.191E+05   .692E+04   .000E+00   .000E+00
       55.3764   .000E+00   .000E+00   .000E+00   .000E+00   .000E+00  -.192E+05   .700E+04   .000E+00   .000E+00
       55.9140   .000E+00   .000E+00   .000E+00   .000E+00   .000E+00  -.193E+05   .709E+04   .000E+00   .000E+00
       56.4516   .000E+00   .000E+00   .000E+00   .000E+00   .000E+00  -.194E+05   .717E+04   .000E+00   .000E+00
       56.9893   .000E+00   .000E+00   .000E+00   .000E+00   .000E+00  -.195E+05   .726E+04   .000E+00   .000E+00
       57.5269   .000E+00   .000E+00   .000E+00   .000E+00   .000E+00  -.195E+05   .734E+04   .000E+00   .000E+00
       58.0645   .000E+00   .000E+00   .000E+00   .000E+00   .000E+00  -.196E+05   .743E+04   .000E+00   .000E+00
       58.6022   .000E+00   .000E+00   .000E+00   .000E+00   .000E+00  -.197E+05   .751E+04   .000E+00   .000E+00
       59.1398   .000E+00   .000E+00   .000E+00   .000E+00   .000E+00  -.198E+05   .760E+04   .000E+00   .000E+00
       59.6774   .000E+00   .000E+00   .000E+00   .000E+00   .000E+00  -.199E+05   .768E+04   .000E+00   .000E+00
       60.2151   .000E+00   .000E+00   .000E+00   .000E+00   .000E+00  -.200E+05   .777E+04   .000E+00   .000E+00
       60.7527   .000E+00   .000E+00   .000E+00   .000E+00   .000E+00  -.200E+05   .785E+04   .000E+00   .000E+00
       61.2904   .000E+00   .000E+00   .000E+00   .000E+00   .000E+00  -.201E+05   .794E+04   .000E+00   .000E+00
       61.8280   .000E+00   .000E+00   .000E+00   .000E+00   .000E+00  -.202E+05   .802E+04   .000E+00   .000E+00
       62.3656   .000E+00   .000E+00   .000E+00   .000E+00   .000E+00  -.203E+05   .811E+04   .000E+00   .000E+00
       62.9033   .000E+00   .000E+00   .000E+00   .000E+00   .000E+00  -.204E+05   .819E+04   .000E+00   .000E+00
       63.4409   .000E+00   .000E+00   .000E+00   .000E+00   .000E+00  -.205E+05   .828E+04   .000E+00   .000E+00
       63.9785   .000E+00   .000E+00   .000E+00   .000E+00   .000E+00  -.206E+05   .836E+04   .000E+00   .000E+00
       64.5162   .000E+00   .000E+00   .000E+00   .000E+00   .000E+00  -.206E+05   .845E+04   .000E+00   .000E+00
       65.0538   .000E+00   .000E+00   .000E+00   .000E+00   .000E+00  -.207E+05   .853E+04   .000E+00   .000E+00
       65.5914   .000E+00   .000E+00   .000E+00   .000E+00   .000E+00  -.208E+05   .862E+04   .000E+00   .000E+00
       66.1291   .000E+00   .000E+00   .000E+00   .000E+00   .000E+00  -.209E+05   .870E+04   .000E+00   .000E+00
       66.6667   .000E+00   .000E+00   .000E+00   .000E+00   .000E+00  -.210E+05   .879E+04   .000E+00   .000E+00
       67.2043   .000E+00   .000E+00   .000E+00   .000E+00   .000E+00  -.211E+05   .887E+04   .000E+00   .000E+00
       67.7420   .000E+00   .000E+00   .000E+00   .000E+00   .000E+00  -.212E+05   .896E+04   .000E+00   .000E+00
       68.2796   .000E+00   .000E+00   .000E+00   .000E+00   .000E+00  -.212E+05   .904E+04   .000E+00   .000E+00
       68.8173   .000E+00   .000E+00   .000E+00   .000E+00   .000E+00  -.213E+05   .913E+04   .000E+00   .000E+00
       69.3549   .000E+00   .000E+00   .000E+00   .000E+00   .000E+00  -.214E+05   .921E+04   .000E+00   .000E+00
       69.8925   .000E+00   .000E+00   .000E+00   .000E+00   .000E+00  -.215E+05   .930E+04   .000E+00   .000E+00
       70.4302   .000E+00   .000E+00   .000E+00   .000E+00   .000E+00  -.216E+05   .938E+04   .000E+00   .000E+00
       70.9678   .000E+00   .000E+00   .000E+00   .000E+00   .000E+00  -.217E+05   .947E+04   .000E+00   .000E+00
       71.5054   .000E+00   .000E+00   .000E+00   .000E+00   .000E+00  -.217E+05   .955E+04   .000E+00   .000E+00
       72.0431   .000E+00   .000E+00   .000E+00   .000E+00   .000E+00  -.218E+05   .964E+04   .000E+00   .000E+00
       72.5807   .000E+00   .000E+00   .000E+00   .000E+00   .000E+00  -.219E+05   .972E+04   .000E+00   .000E+00
       73.1183   .000E+00   .000E+00   .000E+00   .000E+00   .000E+00  -.220E+05   .981E+04   .000E+00   .000E+00
       73.6560   .000E+00   .000E+00   .000E+00   .000E+00   .000E+00  -.221E+05   .989E+04   .000E+00   .000E+00
       74.1936   .000E+00   .000E+00   .000E+00   .000E+00   .000E+00  -.222E+05   .998E+04   .000E+00   .000E+00
       74.7312   .000E+00   .000E+00   .000E+00   .000E+00   .000E+00  -.223E+05   .101E+05   .000E+00   .000E+00
       75.2689   .000E+00   .000E+00   .000E+00   .000E+00   .000E+00  -.223E+05   .101E+05   .000E+00   .000E+00
       75.8065   .000E+00   .000E+00   .000E+00   .000E+00   .000E+00  -.224E+05   .102E+05   .000E+00   .000E+00
       76.3442   .000E+00   .000E+00   .000E+00   .000E+00   .000E+00  -.225E+05   .103E+05   .000E+00   .000E+00
       76.8818   .000E+00   .000E+00   .000E+00   .000E+00   .000E+00  -.226E+05   .104E+05   .000E+00   .000E+00
       77.4194   .000E+00   .000E+00   .000E+00   .000E+00   .000E+00  -.227E+05   .105E+05   .000E+00   .000E+00
       77.9571   .000E+00   .000E+00   .000E+00   .000E+00   .000E+00  -.228E+05   .106E+05   .000E+00   .000E+00
       78.4947   .000E+00   .000E+00   .000E+00   .000E+00   .000E+00  -.229E+05   .107E+05   .000E+00   .000E+00
       79.0323   .000E+00   .000E+00   .000E+00   .000E+00   .000E+00  -.229E+05   .107E+05   .000E+00   .000E+00
       79.5700   .000E+00   .000E+00   .000E+00   .000E+00   .000E+00  -.230E+05   .108E+05   .000E+00   .000E+00
       80.1076   .000E+00   .000E+00   .000E+00   .000E+00   .000E+00  -.231E+05   .109E+05   .000E+00   .000E+00
       80.6452   .000E+00   .000E+00   .000E+00   .000E+00   .000E+00  -.232E+05   .110E+05   .000E+00   .000E+00
       81.1829   .000E+00   .000E+00   .000E+00   .000E+00   .000E+00  -.233E+05   .111E+05   .000E+00   .000E+00
       81.7205   .000E+00   .000E+00   .000E+00   .000E+00   .000E+00  -.234E+05   .112E+05   .000E+00   .000E+00
       82.2581   .000E+00   .000E+00   .000E+00   .000E+00   .000E+00  -.234E+05   .113E+05   .000E+00   .000E+00
       82.7958   .000E+00   .000E+00   .000E+00   .000E+00   .000E+00  -.235E+05   .113E+05   .000E+00   .000E+00
       83.3334   .000E+00   .000E+00   .000E+00   .000E+00   .000E+00  -.236E+05   .114E+05   .000E+00   .000E+00
       83.8710   .000E+00   .000E+00   .000E+00   .000E+00   .000E+00  -.237E+05   .115E+05   .000E+00   .000E+00
       84.4087   .000E+00   .000E+00   .000E+00   .000E+00   .000E+00  -.238E+05   .116E+05   .000E+00   .000E+00
       84.9463   .000E+00   .000E+00   .000E+00   .000E+00   .000E+00  -.239E+05   .117E+05   .000E+00   .000E+00
       85.4839   .000E+00   .000E+00   .000E+00   .000E+00   .000E+00  -.240E+05   .118E+05   .000E+00   .000E+00
       86.0216   .000E+00   .000E+00   .000E+00   .000E+00   .000E+00  -.240E+05   .118E+05   .000E+00   .000E+00
       86.5592   .000E+00   .000E+00   .000E+00   .000E+00   .000E+00  -.241E+05   .119E+05   .000E+00   .000E+00
       87.0968   .000E+00   .000E+00   .000E+00   .000E+00   .000E+00  -.242E+05   .120E+05   .000E+00   .000E+00
       87.6345   .000E+00   .000E+00   .000E+00   .000E+00   .000E+00  -.243E+05   .121E+05   .000E+00   .000E+00
       88.1721   .000E+00   .000E+00   .000E+00   .000E+00   .000E+00  -.244E+05   .122E+05   .000E+00   .000E+00
       88.7097   .000E+00   .000E+00   .000E+00   .000E+00   .000E+00  -.245E+05   .123E+05   .000E+00   .000E+00
       89.2474   .000E+00   .000E+00   .000E+00   .000E+00   .000E+00  -.246E+05   .124E+05   .000E+00   .000E+00
       89.7850   .000E+00   .000E+00   .000E+00   .000E+00   .000E+00  -.246E+05   .124E+05   .000E+00   .000E+00
       90.3226   .000E+00   .000E+00   .000E+00   .000E+00   .000E+00  -.247E+05   .125E+05   .000E+00   .000E+00
       90.8603   .000E+00   .000E+00   .000E+00   .000E+00   .000E+00  -.248E+05   .126E+05   .000E+00   .000E+00
       91.3979   .000E+00   .000E+00   .000E+00   .000E+00   .000E+00  -.249E+05   .127E+05   .000E+00   .000E+00
       91.9355   .000E+00   .000E+00   .000E+00   .000E+00   .000E+00  -.250E+05   .128E+05   .000E+00   .000E+00
       92.4732   .000E+00   .000E+00   .000E+00   .000E+00   .000E+00  -.251E+05   .129E+05   .000E+00   .000E+00
       93.0108   .000E+00   .000E+00   .000E+00   .000E+00   .000E+00  -.251E+05   .130E+05   .000E+00   .000E+00
       93.5484   .000E+00   .000E+00   .000E+00   .000E+00   .000E+00  -.252E+05   .130E+05   .000E+00   .000E+00
       94.0860   .000E+00   .000E+00   .000E+00   .000E+00   .000E+00  -.253E+05   .131E+05   .000E+00   .000E+00
       94.6237   .000E+00   .000E+00   .000E+00   .000E+00   .000E+00  -.254E+05   .132E+05   .000E+00   .000E+00
       95.1613   .000E+00   .000E+00   .000E+00   .000E+00   .000E+00  -.255E+05   .133E+05   .000E+00   .000E+00
       95.6989   .000E+00   .000E+00   .000E+00   .000E+00   .000E+00  -.256E+05   .134E+05   .000E+00   .000E+00
       96.2366   .000E+00   .000E+00   .000E+00   .000E+00   .000E+00  -.257E+05   .135E+05   .000E+00   .000E+00
       96.7742   .000E+00   .000E+00   .000E+00   .000E+00   .000E+00  -.257E+05   .135E+05   .000E+00   .000E+00
       97.3118   .000E+00   .000E+00   .000E+00   .000E+00   .000E+00  -.258E+05   .136E+05   .000E+00   .000E+00
       97.8495   .000E+00   .000E+00   .000E+00   .000E+00   .000E+00  -.259E+05   .137E+05   .000E+00   .000E+00
       98.3871   .000E+00   .000E+00   .000E+00   .000E+00   .000E+00  -.260E+05   .138E+05   .000E+00   .000E+00
       98.9247   .000E+00   .000E+00   .000E+00   .000E+00   .000E+00  -.261E+05   .139E+05   .000E+00   .000E+00
       99.4624   .000E+00   .000E+00   .000E+00   .000E+00   .000E+00  -.262E+05   .140E+05   .000E+00   .000E+00
      100.0000   .000E+00   .000E+00   .000E+00   .000E+00   .000E+00  -.263E+05   .141E+05   .000E+00   .000E+00
end
