


                               Node(655)                                           Node(***)                                           Node(***)                                           Node(***)                                           Node(***)

     time        hNew    theta    Temp       Conc       Sorb         hNew    theta    Temp       Conc       Sorb         hNew    theta    Temp       Conc       Sorb         hNew    theta    Temp       Conc       Sorb         hNew    theta    Temp       Conc       Sorb    
       .000    -35.718   .3323   20.000   .000E+00   .000E+00      -14.548   .3928   20.000   .000E+00   .000E+00       45.004   .4300   20.000   .000E+00   .000E+00      -46.846   .3084   20.000   .000E+00   .000E+00      -22.267   .3685   20.000   .000E+00   .000E+00
       .001    -35.718   .3323   20.000   .000E+00   .000E+00      -14.548   .3928   20.000   .000E+00   .000E+00       45.004   .4300   20.000   .000E+00   .000E+00      -46.846   .3084   20.000   .000E+00   .000E+00      -22.267   .3685   20.000   .000E+00   .000E+00
       .002    -35.718   .3323   20.000   .000E+00   .000E+00      -14.548   .3928   20.000   .000E+00   .000E+00       45.004   .4300   20.000   .000E+00   .000E+00      -46.845   .3084   20.000   .000E+00   .000E+00      -22.266   .3685   20.000   .000E+00   .000E+00
       .004    -35.717   .3323   20.000   .000E+00   .000E+00      -14.547   .3928   20.000   .000E+00   .000E+00       45.004   .4300   20.000   .000E+00   .000E+00      -46.845   .3084   20.000   .000E+00   .000E+00      -22.266   .3685   20.000   .000E+00   .000E+00
       .006    -35.717   .3323   20.000   .000E+00   .000E+00      -14.546   .3928   20.000   .000E+00   .000E+00       45.004   .4300   20.000   .000E+00   .000E+00      -46.845   .3084   20.000   .000E+00   .000E+00      -22.265   .3686   20.000   .000E+00   .000E+00
       .009    -35.716   .3323   20.000   .000E+00   .000E+00      -14.545   .3928   20.000   .000E+00   .000E+00       45.004   .4300   20.000   .000E+00   .000E+00      -46.845   .3084   20.000   .000E+00   .000E+00      -22.264   .3686   20.000   .000E+00   .000E+00
       .012    -35.715   .3323   20.000   .000E+00   .000E+00      -14.544   .3928   20.000   .000E+00   .000E+00       45.005   .4300   20.000   .000E+00   .000E+00      -46.844   .3084   20.000   .000E+00   .000E+00      -22.263   .3686   20.000   .000E+00   .000E+00
       .016    -35.714   .3323   20.000   .000E+00   .000E+00      -14.543   .3928   20.000   .000E+00   .000E+00       45.005   .4300   20.000   .000E+00   .000E+00      -46.844   .3084   20.000   .000E+00   .000E+00      -22.262   .3686   20.000   .000E+00   .000E+00
       .019    -35.713   .3323   20.000   .000E+00   .000E+00      -14.542   .3928   20.000   .000E+00   .000E+00       45.005   .4300   20.000   .000E+00   .000E+00      -46.843   .3084   20.000   .000E+00   .000E+00      -22.261   .3686   20.000   .000E+00   .000E+00
       .023    -35.712   .3323   20.000   .000E+00   .000E+00      -14.541   .3929   20.000   .000E+00   .000E+00       45.005   .4300   20.000   .000E+00   .000E+00      -46.843   .3084   20.000   .000E+00   .000E+00      -22.260   .3686   20.000   .000E+00   .000E+00
       .028    -35.711   .3323   20.000   .000E+00   .000E+00      -14.539   .3929   20.000   .000E+00   .000E+00       45.005   .4300   20.000   .000E+00   .000E+00      -46.842   .3084   20.000   .000E+00   .000E+00      -22.258   .3686   20.000   .000E+00   .000E+00
       .033    -35.710   .3323   20.000   .000E+00   .000E+00      -14.538   .3929   20.000   .000E+00   .000E+00       45.005   .4300   20.000   .000E+00   .000E+00      -46.841   .3084   20.000   .000E+00   .000E+00      -22.257   .3686   20.000   .000E+00   .000E+00
       .038    -35.709   .3323   20.000   .000E+00   .000E+00      -14.536   .3929   20.000   .000E+00   .000E+00       45.006   .4300   20.000   .000E+00   .000E+00      -46.841   .3084   20.000   .000E+00   .000E+00      -22.255   .3686   20.000   .000E+00   .000E+00
       .042    -35.708   .3324   20.000   .000E+00   .000E+00      -14.534   .3929   20.000   .000E+00   .000E+00       45.006   .4300   20.000   .000E+00   .000E+00      -46.840   .3084   20.000   .000E+00   .000E+00      -22.254   .3686   20.000   .000E+00   .000E+00
       .047    -35.706   .3324   20.000   .000E+00   .000E+00      -14.533   .3929   20.000   .000E+00   .000E+00       45.006   .4300   20.000   .000E+00   .000E+00      -46.839   .3084   20.000   .000E+00   .000E+00      -22.253   .3686   20.000   .000E+00   .000E+00
       .052    -35.705   .3324   20.000   .000E+00   .000E+00      -14.531   .3929   20.000   .000E+00   .000E+00       45.006   .4300   20.000   .000E+00   .000E+00      -46.839   .3084   20.000   .000E+00   .000E+00      -22.251   .3686   20.000   .000E+00   .000E+00
       .057    -35.704   .3324   20.000   .000E+00   .000E+00      -14.529   .3929   20.000   .000E+00   .000E+00       45.006   .4300   20.000   .000E+00   .000E+00      -46.838   .3084   20.000   .000E+00   .000E+00      -22.250   .3686   20.000   .000E+00   .000E+00
       .062    -35.703   .3324   20.000   .000E+00   .000E+00      -14.528   .3929   20.000   .000E+00   .000E+00       45.006   .4300   20.000   .000E+00   .000E+00      -46.837   .3085   20.000   .000E+00   .000E+00      -22.248   .3686   20.000   .000E+00   .000E+00
       .067    -35.702   .3324   20.000   .000E+00   .000E+00      -14.526   .3929   20.000   .000E+00   .000E+00       45.007   .4300   20.000   .000E+00   .000E+00      -46.837   .3085   20.000   .000E+00   .000E+00      -22.247   .3686   20.000   .000E+00   .000E+00
       .071    -35.700   .3324   20.000   .000E+00   .000E+00      -14.524   .3929   20.000   .000E+00   .000E+00       45.007   .4300   20.000   .000E+00   .000E+00      -46.836   .3085   20.000   .000E+00   .000E+00      -22.245   .3686   20.000   .000E+00   .000E+00
       .076    -35.699   .3324   20.000   .000E+00   .000E+00      -14.523   .3929   20.000   .000E+00   .000E+00       45.007   .4300   20.000   .000E+00   .000E+00      -46.836   .3085   20.000   .000E+00   .000E+00      -22.244   .3686   20.000   .000E+00   .000E+00
       .081    -35.698   .3324   20.000   .000E+00   .000E+00      -14.521   .3929   20.000   .000E+00   .000E+00       45.007   .4300   20.000   .000E+00   .000E+00      -46.835   .3085   20.000   .000E+00   .000E+00      -22.242   .3686   20.000   .000E+00   .000E+00
       .086    -35.697   .3324   20.000   .000E+00   .000E+00      -14.519   .3929   20.000   .000E+00   .000E+00       45.007   .4300   20.000   .000E+00   .000E+00      -46.834   .3085   20.000   .000E+00   .000E+00      -22.241   .3686   20.000   .000E+00   .000E+00
       .091    -35.696   .3324   20.000   .000E+00   .000E+00      -14.517   .3929   20.000   .000E+00   .000E+00       45.007   .4300   20.000   .000E+00   .000E+00      -46.834   .3085   20.000   .000E+00   .000E+00      -22.239   .3686   20.000   .000E+00   .000E+00
       .096    -35.694   .3324   20.000   .000E+00   .000E+00      -14.516   .3929   20.000   .000E+00   .000E+00       45.008   .4300   20.000   .000E+00   .000E+00      -46.833   .3085   20.000   .000E+00   .000E+00      -22.238   .3686   20.000   .000E+00   .000E+00
       .100    -35.693   .3324   20.000   .000E+00   .000E+00      -14.514   .3929   20.000   .000E+00   .000E+00       45.008   .4300   20.000   .000E+00   .000E+00      -46.832   .3085   20.000   .000E+00   .000E+00      -22.236   .3686   20.000   .000E+00   .000E+00
       .105    -35.692   .3324   20.000   .000E+00   .000E+00      -14.512   .3929   20.000   .000E+00   .000E+00       45.008   .4300   20.000   .000E+00   .000E+00      -46.832   .3085   20.000   .000E+00   .000E+00      -22.235   .3686   20.000   .000E+00   .000E+00
       .110    -35.691   .3324   20.000   .000E+00   .000E+00      -14.509   .3930   20.000   .000E+00   .000E+00       45.008   .4300   20.000   .000E+00   .000E+00      -46.831   .3085   20.000   .000E+00   .000E+00      -22.233   .3686   20.000   .000E+00   .000E+00
       .115    -35.690   .3324   20.000   .000E+00   .000E+00      -14.507   .3930   20.000   .000E+00   .000E+00       45.008   .4300   20.000   .000E+00   .000E+00      -46.830   .3085   20.000   .000E+00   .000E+00      -22.232   .3687   20.000   .000E+00   .000E+00
       .120    -35.688   .3324   20.000   .000E+00   .000E+00      -14.504   .3930   20.000   .000E+00   .000E+00       45.008   .4300   20.000   .000E+00   .000E+00      -46.830   .3085   20.000   .000E+00   .000E+00      -22.231   .3687   20.000   .000E+00   .000E+00
       .125    -35.687   .3324   20.000   .000E+00   .000E+00      -14.500   .3930   20.000   .000E+00   .000E+00       45.009   .4300   20.000   .000E+00   .000E+00      -46.829   .3085   20.000   .000E+00   .000E+00      -22.229   .3687   20.000   .000E+00   .000E+00
       .129    -35.686   .3324   20.000   .000E+00   .000E+00      -14.495   .3930   20.000   .000E+00   .000E+00       45.009   .4300   20.000   .000E+00   .000E+00      -46.828   .3085   20.000   .000E+00   .000E+00      -22.228   .3687   20.000   .000E+00   .000E+00
       .134    -35.685   .3324   20.000   .000E+00   .000E+00      -14.488   .3930   20.000   .000E+00   .000E+00       45.009   .4300   20.000   .000E+00   .000E+00      -46.828   .3085   20.000   .000E+00   .000E+00      -22.226   .3687   20.000   .000E+00   .000E+00
       .139    -35.684   .3324   20.000   .000E+00   .000E+00      -14.480   .3930   20.000   .000E+00   .000E+00       45.009   .4300   20.000   .000E+00   .000E+00      -46.827   .3085   20.000   .000E+00   .000E+00      -22.225   .3687   20.000   .000E+00   .000E+00
       .144    -35.682   .3324   20.000   .000E+00   .000E+00      -14.470   .3931   20.000   .000E+00   .000E+00       45.009   .4300   20.000   .000E+00   .000E+00      -46.826   .3085   20.000   .000E+00   .000E+00      -22.223   .3687   20.000   .000E+00   .000E+00
       .149    -35.681   .3324   20.000   .000E+00   .000E+00      -14.459   .3931   20.000   .000E+00   .000E+00       45.009   .4300   20.000   .000E+00   .000E+00      -46.826   .3085   20.000   .000E+00   .000E+00      -22.222   .3687   20.000   .000E+00   .000E+00
       .155    -35.679   .3324   20.000   .000E+00   .000E+00      -14.442   .3932   20.000   .000E+00   .000E+00       45.010   .4300   20.000   .000E+00   .000E+00      -46.825   .3085   20.000   .000E+00   .000E+00      -22.220   .3687   20.000   .000E+00   .000E+00
       .161    -35.678   .3324   20.000   .000E+00   .000E+00      -14.424   .3932   20.000   .000E+00   .000E+00       45.010   .4300   20.000   .000E+00   .000E+00      -46.824   .3085   20.000   .000E+00   .000E+00      -22.218   .3687   20.000   .000E+00   .000E+00
       .168    -35.676   .3324   20.000   .000E+00   .000E+00      -14.404   .3933   20.000   .000E+00   .000E+00       45.010   .4300   20.000   .000E+00   .000E+00      -46.823   .3085   20.000   .000E+00   .000E+00      -22.216   .3687   20.000   .000E+00   .000E+00
       .176    -35.673   .3324   20.000   .000E+00   .000E+00      -14.375   .3934   20.000   .000E+00   .000E+00       45.010   .4300   20.000   .000E+00   .000E+00      -46.822   .3085   20.000   .000E+00   .000E+00      -22.214   .3687   20.000   .000E+00   .000E+00
       .184    -35.670   .3324   20.000   .000E+00   .000E+00      -14.344   .3935   20.000   .000E+00   .000E+00       45.011   .4300   20.000   .000E+00   .000E+00      -46.821   .3085   20.000   .000E+00   .000E+00      -22.211   .3687   20.000   .000E+00   .000E+00
       .192    -35.667   .3325   20.000   .000E+00   .000E+00      -14.311   .3936   20.000   .000E+00   .000E+00       45.011   .4300   20.000   .000E+00   .000E+00      -46.820   .3085   20.000   .000E+00   .000E+00      -22.209   .3687   20.000   .000E+00   .000E+00
       .203    -35.662   .3325   20.000   .000E+00   .000E+00      -14.266   .3937   20.000   .000E+00   .000E+00       45.011   .4300   20.000   .000E+00   .000E+00      -46.819   .3085   20.000   .000E+00   .000E+00      -22.205   .3687   20.000   .000E+00   .000E+00
       .213    -35.656   .3325   20.000   .000E+00   .000E+00      -14.218   .3939   20.000   .000E+00   .000E+00       45.012   .4300   20.000   .000E+00   .000E+00      -46.817   .3085   20.000   .000E+00   .000E+00      -22.202   .3687   20.000   .000E+00   .000E+00
       .224    -35.650   .3325   20.000   .000E+00   .000E+00      -14.168   .3941   20.000   .000E+00   .000E+00       45.012   .4300   20.000   .000E+00   .000E+00      -46.816   .3085   20.000   .000E+00   .000E+00      -22.199   .3688   20.000   .000E+00   .000E+00
       .238    -35.640   .3325   20.000   .000E+00   .000E+00      -14.100   .3943   20.000   .000E+00   .000E+00       45.012   .4300   20.000   .000E+00   .000E+00      -46.814   .3085   20.000   .000E+00   .000E+00      -22.195   .3688   20.000   .000E+00   .000E+00
       .252    -35.628   .3325   20.000   .000E+00   .000E+00      -14.030   .3945   20.000   .000E+00   .000E+00       45.013   .4300   20.000   .000E+00   .000E+00      -46.812   .3085   20.000   .000E+00   .000E+00      -22.190   .3688   20.000   .000E+00   .000E+00
       .269    -35.610   .3326   20.000   .000E+00   .000E+00      -13.936   .3948   20.000   .000E+00   .000E+00       45.013   .4300   20.000   .000E+00   .000E+00      -46.810   .3085   20.000   .000E+00   .000E+00      -22.185   .3688   20.000   .000E+00   .000E+00
       .293    -35.580   .3327   20.000   .000E+00   .000E+00      -13.807   .3952   20.000   .000E+00   .000E+00       45.014   .4300   20.000   .000E+00   .000E+00      -46.806   .3085   20.000   .000E+00   .000E+00      -22.177   .3688   20.000   .000E+00   .000E+00
       .317    -35.543   .3328   20.000   .000E+00   .000E+00      -13.674   .3957   20.000   .000E+00   .000E+00       45.015   .4300   20.000   .000E+00   .000E+00      -46.803   .3085   20.000   .000E+00   .000E+00      -22.170   .3688   20.000   .000E+00   .000E+00
       .340    -35.498   .3329   20.000   .000E+00   .000E+00      -13.536   .3961   20.000   .000E+00   .000E+00       45.016   .4300   20.000   .000E+00   .000E+00      -46.800   .3085   20.000   .000E+00   .000E+00      -22.162   .3689   20.000   .000E+00   .000E+00
       .364    -35.447   .3330   20.000   .000E+00   .000E+00      -13.394   .3966   20.000   .000E+00   .000E+00       45.017   .4300   20.000   .000E+00   .000E+00      -46.796   .3085   20.000   .000E+00   .000E+00      -22.155   .3689   20.000   .000E+00   .000E+00
       .387    -35.387   .3331   20.000   .000E+00   .000E+00      -13.250   .3970   20.000   .000E+00   .000E+00       45.017   .4300   20.000   .000E+00   .000E+00      -46.792   .3085   20.000   .000E+00   .000E+00      -22.147   .3689   20.000   .000E+00   .000E+00
       .411    -35.319   .3333   20.000   .000E+00   .000E+00      -13.103   .3975   20.000   .000E+00   .000E+00       45.018   .4300   20.000   .000E+00   .000E+00      -46.789   .3086   20.000   .000E+00   .000E+00      -22.139   .3689   20.000   .000E+00   .000E+00
       .434    -35.242   .3335   20.000   .000E+00   .000E+00      -12.955   .3980   20.000   .000E+00   .000E+00       45.019   .4300   20.000   .000E+00   .000E+00      -46.785   .3086   20.000   .000E+00   .000E+00      -22.132   .3690   20.000   .000E+00   .000E+00
       .464    -35.132   .3338   20.000   .000E+00   .000E+00      -12.765   .3986   20.000   .000E+00   .000E+00       45.020   .4300   20.000   .000E+00   .000E+00      -46.780   .3086   20.000   .000E+00   .000E+00      -22.122   .3690   20.000   .000E+00   .000E+00
       .502    -34.969   .3342   20.000   .000E+00   .000E+00      -12.518   .3994   20.000   .000E+00   .000E+00       45.021   .4300   20.000   .000E+00   .000E+00      -46.773   .3086   20.000   .000E+00   .000E+00      -22.109   .3690   20.000   .000E+00   .000E+00
       .541    -34.786   .3346   20.000   .000E+00   .000E+00      -12.269   .4002   20.000   .000E+00   .000E+00       45.022   .4300   20.000   .000E+00   .000E+00      -46.765   .3086   20.000   .000E+00   .000E+00      -22.096   .3691   20.000   .000E+00   .000E+00
       .592    -34.511   .3353   20.000   .000E+00   .000E+00      -11.934   .4013   20.000   .000E+00   .000E+00       45.024   .4300   20.000   .000E+00   .000E+00      -46.754   .3086   20.000   .000E+00   .000E+00      -22.078   .3691   20.000   .000E+00   .000E+00
       .643    -34.207   .3361   20.000   .000E+00   .000E+00      -11.597   .4023   20.000   .000E+00   .000E+00       45.026   .4300   20.000   .000E+00   .000E+00      -46.742   .3087   20.000   .000E+00   .000E+00      -22.060   .3692   20.000   .000E+00   .000E+00
       .694    -33.879   .3369   20.000   .000E+00   .000E+00      -11.261   .4034   20.000   .000E+00   .000E+00       45.027   .4300   20.000   .000E+00   .000E+00      -46.728   .3087   20.000   .000E+00   .000E+00      -22.042   .3692   20.000   .000E+00   .000E+00
       .755    -33.457   .3379   20.000   .000E+00   .000E+00      -10.859   .4047   20.000   .000E+00   .000E+00       45.029   .4300   20.000   .000E+00   .000E+00      -46.711   .3087   20.000   .000E+00   .000E+00      -22.019   .3693   20.000   .000E+00   .000E+00
       .837    -32.858   .3394   20.000   .000E+00   .000E+00      -10.329   .4063   20.000   .000E+00   .000E+00       45.032   .4300   20.000   .000E+00   .000E+00      -46.684   .3088   20.000   .000E+00   .000E+00      -21.988   .3694   20.000   .000E+00   .000E+00
       .918    -32.232   .3409   20.000   .000E+00   .000E+00       -9.801   .4080   20.000   .000E+00   .000E+00       45.035   .4300   20.000   .000E+00   .000E+00      -46.654   .3088   20.000   .000E+00   .000E+00      -21.956   .3695   20.000   .000E+00   .000E+00
      1.000    -31.589   .3425   20.000   .000E+00   .000E+00       -9.271   .4096   20.000   .000E+00   .000E+00       45.038   .4300   20.000   .000E+00   .000E+00      -46.620   .3089   20.000   .000E+00   .000E+00      -21.924   .3696   20.000   .000E+00   .000E+00
      1.111    -30.703   .3447   20.000   .000E+00   .000E+00       -8.534   .4118   20.000   .000E+00   .000E+00       45.042   .4300   20.000   .000E+00   .000E+00      -46.569   .3090   20.000   .000E+00   .000E+00      -21.877   .3697   20.000   .000E+00   .000E+00
      1.222    -29.813   .3469   20.000   .000E+00   .000E+00       -7.811   .4140   20.000   .000E+00   .000E+00       45.046   .4300   20.000   .000E+00   .000E+00      -46.511   .3091   20.000   .000E+00   .000E+00      -21.829   .3699   20.000   .000E+00   .000E+00
      1.368    -28.700   .3501   20.000   .000E+00   .000E+00       -6.847   .4168   20.000   .115E-28   .000E+00       45.051   .4300   20.000   .000E+00   .000E+00      -46.427   .3093   20.000   .000E+00   .000E+00      -21.763   .3701   20.000   .000E+00   .000E+00
      1.513    -27.581   .3532   20.000   .000E+00   .000E+00       -5.965   .4192   20.000   .155E-27   .000E+00       45.057   .4300   20.000   .000E+00   .000E+00      -46.332   .3095   20.000   .000E+00   .000E+00      -21.693   .3703   20.000   .000E+00   .000E+00
      1.707    -26.147   .3573   20.000   .000E+00   .000E+00       -4.819   .4221   20.000   .488E-26   .000E+00       45.064   .4300   20.000   .000E+00   .000E+00      -46.188   .3098   20.000   .000E+00   .000E+00      -21.595   .3706   20.000   .000E+00   .000E+00
      1.910    -24.725   .3613   20.000   .103E-28   .000E+00       -3.662   .4248   20.000   .808E-25   .000E+00       45.073   .4300   20.000   .000E+00   .000E+00      -46.019   .3102   20.000   .000E+00   .000E+00      -21.485   .3709   20.000   .000E+00   .000E+00
      2.116    -23.382   .3651   20.000   .799E-28   .000E+00       -2.527   .4270   20.000   .857E-24   .000E+00       45.081   .4300   20.000   .000E+00   .000E+00      -45.831   .3105   20.000   .000E+00   .000E+00      -21.367   .3713   20.000   .000E+00   .000E+00
      2.337    -22.022   .3693   20.000   .492E-27   .000E+00       -1.351   .4289   20.000   .850E-23   .000E+00       45.092   .4300   20.000   .000E+00   .000E+00      -45.613   .3110   20.000   .000E+00   .000E+00      -21.233   .3717   20.000   .000E+00   .000E+00
      2.559    -20.716   .3733   20.000   .226E-26   .000E+00        -.151   .4300   20.000   .647E-22   .000E+00       45.102   .4300   20.000   .000E+00   .000E+00      -45.378   .3115   20.000   .000E+00   .000E+00      -21.091   .3722   20.000   .000E+00   .000E+00
      2.795    -19.403   .3773   20.000   .932E-26   .000E+00        1.124   .4300   20.000   .450E-21   .000E+00       45.114   .4300   20.000   .000E+00   .000E+00      -45.113   .3120   20.000   .000E+00   .000E+00      -20.931   .3726   20.000   .000E+00   .000E+00
      3.037    -18.168   .3812   20.000   .342E-25   .000E+00        2.346   .4300   20.000   .266E-20   .000E+00       45.127   .4300   20.000   .000E+00   .000E+00      -44.827   .3126   20.000   .000E+00   .000E+00      -20.757   .3732   20.000   .000E+00   .000E+00
      3.283    -17.019   .3849   20.000   .112E-24   .000E+00        3.530   .4300   20.000   .135E-19   .000E+00       45.141   .4300   20.000   .000E+00   .000E+00      -44.527   .3133   20.000   .000E+00   .000E+00      -20.572   .3738   20.000   .000E+00   .000E+00
      3.528    -15.948   .3883   20.000   .334E-24   .000E+00        4.662   .4300   20.000   .591E-19   .000E+00       45.156   .4300   20.000   .000E+00   .000E+00      -44.216   .3139   20.000   .000E+00   .000E+00      -20.378   .3743   20.000   .000E+00   .000E+00
      3.773    -14.955   .3915   20.000   .900E-24   .000E+00        5.731   .4300   20.000   .231E-18   .000E+00       45.171   .4300   20.000   .000E+00   .000E+00      -43.895   .3146   20.000   .000E+00   .000E+00      -20.176   .3750   20.000   .000E+00   .000E+00
      4.019    -14.022   .3945   20.000   .219E-23   .000E+00        6.732   .4300   20.000   .823E-18   .000E+00       45.187   .4300   20.000   .000E+00   .000E+00      -43.566   .3152   20.000   .000E+00   .000E+00      -19.965   .3756   20.000   .000E+00   .000E+00
      4.264    -13.153   .3973   20.000   .478E-23   .000E+00        7.685   .4300   20.000   .269E-17   .000E+00       45.204   .4300   20.000   .000E+00   .000E+00      -43.231   .3159   20.000   .000E+00   .000E+00      -19.736   .3763   20.000   .000E+00   .000E+00
      4.509    -12.330   .4000   20.000   .942E-23   .000E+00        8.578   .4300   20.000   .816E-17   .000E+00       45.222   .4300   20.000   .000E+00   .000E+00      -42.890   .3167   20.000   .000E+00   .000E+00      -19.493   .3771   20.000   .000E+00   .000E+00
      4.755    -11.584   .4024   20.000   .169E-22   .000E+00        9.395   .4300   20.000   .230E-16   .000E+00       45.241   .4300   20.000   .000E+00   .000E+00      -42.545   .3174   20.000   .000E+00   .000E+00      -19.241   .3778   20.000   .000E+00   .000E+00
      5.000    -10.906   .4045   20.000   .282E-22   .000E+00       10.177   .4300   20.000   .604E-16   .000E+00       45.261   .4300   20.000   .000E+00   .000E+00      -42.200   .3181   20.000   .000E+00   .000E+00      -18.982   .3786   20.000   .000E+00   .000E+00
      5.294    -10.170   .4068   20.000   .480E-22   .000E+00       11.045   .4300   20.000   .183E-15   .000E+00       45.286   .4300   20.000   .000E+00   .000E+00      -41.790   .3189   20.000   .000E+00   .000E+00      -18.663   .3796   20.000   .000E+00   .000E+00
      5.599     -9.462   .4091   20.000   .771E-22   .000E+00       11.897   .4300   20.000   .528E-15   .000E+00       45.313   .4300   20.000   .000E+00   .000E+00      -41.357   .3198   20.000   .000E+00   .000E+00      -18.322   .3807   20.000   .000E+00   .000E+00
      5.910     -8.789   .4111   20.000   .117E-21   .000E+00       12.707   .4300   20.000   .145E-14   .000E+00       45.342   .4300   20.000   .000E+00   .000E+00      -40.919   .3208   20.000   .000E+00   .000E+00      -17.963   .3819   20.000   .000E+00   .000E+00
      6.225     -8.163   .4130   20.000   .167E-21   .000E+00       13.489   .4300   20.000   .373E-14   .000E+00       45.372   .4300   20.000   .000E+00   .000E+00      -40.482   .3216   20.000   .000E+00   .000E+00      -17.588   .3831   20.000   .000E+00   .000E+00
      6.540     -7.587   .4147   20.000   .227E-21   .000E+00       14.229   .4300   20.000   .905E-14   .000E+00       45.402   .4300   20.000   .000E+00   .000E+00      -40.061   .3225   20.000   .000E+00   .000E+00      -17.204   .3843   20.000   .000E+00   .000E+00
      6.854     -7.053   .4162   20.000   .291E-21   .000E+00       14.922   .4300   20.000   .208E-13   .000E+00       45.434   .4300   20.000   .000E+00   .000E+00      -39.643   .3234   20.000   .000E+00   .000E+00      -16.813   .3856   20.000   .000E+00   .000E+00
      7.189     -6.527   .4176   20.000   .356E-21   .000E+00       15.609   .4300   20.000   .480E-13   .000E+00       45.470   .4300   20.000   .000E+00   .000E+00      -39.205   .3243   20.000   .000E+00   .000E+00      -16.390   .3869   20.000   .000E+00   .000E+00
      7.530     -6.030   .4190   20.000   .414E-21   .000E+00       16.264   .4300   20.000   .107E-12   .000E+00       45.507   .4300   20.000   .000E+00   .000E+00      -38.769   .3252   20.000   .000E+00   .000E+00      -15.950   .3883   20.000   .000E+00   .000E+00
      7.876     -5.559   .4202   20.000   .468E-21   .000E+00       16.895   .4300   20.000   .231E-12   .000E+00       45.546   .4300   20.000   .000E+00   .000E+00      -38.333   .3261   20.000   .000E+00   .000E+00      -15.490   .3898   20.000   .000E+00   .000E+00
      8.228     -5.109   .4214   20.000   .531E-21   .000E+00       17.500   .4300   20.000   .484E-12   .000E+00       45.587   .4300   20.000   .000E+00   .000E+00      -37.902   .3270   20.000   .000E+00   .000E+00      -15.025   .3913   20.000   .000E+00   .000E+00
      8.582     -4.691   .4224   20.000   .631E-21   .000E+00       18.082   .4300   20.000   .976E-12   .000E+00       45.629   .4300   20.000   .000E+00   .000E+00      -37.490   .3279   20.000   .000E+00   .000E+00      -14.554   .3928   20.000   .000E+00   .000E+00
      8.937     -4.299   .4233   20.000   .806E-21   .000E+00       18.622   .4300   20.000   .189E-11   .000E+00       45.671   .4300   20.000   .000E+00   .000E+00      -37.096   .3289   20.000   .000E+00   .000E+00      -14.083   .3943   20.000   .000E+00   .000E+00
      9.291     -3.934   .4242   20.000   .111E-20   .000E+00       19.125   .4300   20.000   .355E-11   .000E+00       45.714   .4300   20.000   .000E+00   .000E+00      -36.699   .3299   20.000   .000E+00   .000E+00      -13.612   .3959   20.000   .000E+00   .000E+00
      9.646     -3.596   .4249   20.000   .163E-20   .000E+00       19.601   .4300   20.000   .648E-11   .000E+00       45.759   .4300   20.000   .000E+00   .000E+00      -36.321   .3308   20.000   .000E+00   .000E+00      -13.142   .3974   20.000   .000E+00   .000E+00
     10.000     -3.278   .4256   20.000   .250E-20   .000E+00       20.050   .4300   20.000   .115E-10   .000E+00       45.804   .4300   20.000   .000E+00   .000E+00      -35.958   .3317   20.000   .000E+00   .000E+00      -12.671   .3989   20.000   .000E+00   .000E+00
     10.385     -2.957   .4262   20.000   .410E-20   .000E+00       20.504   .4300   20.000   .208E-10   .000E+00       45.853   .4300   20.000   .000E+00   .000E+00      -35.579   .3327   20.000   .000E+00   .000E+00      -12.154   .4005   20.000   .000E+00   .000E+00
     10.777     -2.650   .4268   20.000   .691E-20   .000E+00       20.940   .4300   20.000   .374E-10   .000E+00       45.904   .4300   20.000   .000E+00   .000E+00      -35.213   .3336   20.000   .000E+00   .000E+00      -11.603   .4023   20.000   .000E+00   .000E+00
     11.172     -2.364   .4273   20.000   .117E-19   .000E+00       21.354   .4300   20.000   .656E-10   .000E+00       45.955   .4300   20.000   .000E+00   .000E+00      -34.859   .3345   20.000   .000E+00   .000E+00      -11.048   .4040   20.000   .000E+00   .000E+00
     11.576     -2.089   .4278   20.000   .201E-19   .000E+00       21.760   .4300   20.000   .114E-09   .000E+00       46.009   .4300   20.000   .000E+00   .000E+00      -34.513   .3353   20.000   .000E+00   .000E+00      -10.494   .4058   20.000   .000E+00   .000E+00
     11.983     -1.832   .4282   20.000   .340E-19   .000E+00       22.153   .4300   20.000   .194E-09   .000E+00       46.063   .4300   20.000   .000E+00   .000E+00      -34.179   .3361   20.000   .000E+00   .000E+00       -9.942   .4075   20.000   .000E+00   .000E+00
     12.397     -1.588   .4285   20.000   .571E-19   .000E+00       22.536   .4300   20.000   .327E-09   .000E+00       46.118   .4300   20.000   .000E+00   .000E+00      -33.858   .3369   20.000   .000E+00   .000E+00       -9.383   .4093   20.000   .000E+00   .000E+00
     12.816     -1.356   .4289   20.000   .942E-19   .000E+00       22.903   .4300   20.000   .542E-09   .000E+00       46.174   .4300   20.000   .000E+00   .000E+00      -33.548   .3377   20.000   .000E+00   .000E+00       -8.816   .4110   20.000   .000E+00   .000E+00
     13.236     -1.138   .4291   20.000   .152E-18   .000E+00       23.251   .4300   20.000   .880E-09   .000E+00       46.230   .4300   20.000   .000E+00   .000E+00      -33.254   .3384   20.000   .000E+00   .000E+00       -8.238   .4127   20.000   .000E+00   .000E+00
     13.665      -.931   .4294   20.000   .242E-18   .000E+00       23.594   .4300   20.000   .142E-08   .000E+00       46.286   .4300   20.000   .000E+00   .000E+00      -32.973   .3391   20.000   .000E+00   .000E+00       -7.676   .4144   20.000   .000E+00   .000E+00
     14.098      -.735   .4296   20.000   .379E-18   .000E+00       23.921   .4300   20.000   .225E-08   .000E+00       46.337   .4300   20.000   .000E+00   .000E+00      -32.704   .3398   20.000   .000E+00   .000E+00       -7.122   .4160   20.000   .000E+00   .000E+00
     14.534      -.550   .4297   20.000   .581E-18   .000E+00       24.234   .4300   20.000   .351E-08   .000E+00       46.387   .4300   20.000   .000E+00   .000E+00      -32.450   .3404   20.000   .000E+00   .000E+00       -6.575   .4175   20.000   .000E+00   .000E+00
     14.970      -.377   .4298   20.000   .873E-18   .000E+00       24.532   .4300   20.000   .539E-08   .000E+00       46.436   .4300   20.000   .000E+00   .000E+00      -32.210   .3410   20.000   .000E+00   .000E+00       -6.040   .4190   20.000   .000E+00   .000E+00
     15.417      -.211   .4299   20.000   .130E-17   .000E+00       24.822   .4300   20.000   .825E-08   .000E+00       46.485   .4300   20.000   .000E+00   .000E+00      -31.979   .3416   20.000   .000E+00   .000E+00       -5.502   .4204   20.000   .000E+00   .000E+00
     15.868      -.054   .4300   20.000   .190E-17   .000E+00       25.102   .4300   20.000   .125E-07   .000E+00       46.535   .4300   20.000   .000E+00   .000E+00      -31.761   .3421   20.000   .000E+00   .000E+00       -4.961   .4217   20.000   .000E+00   .000E+00
     16.323       .095   .4300   20.000   .275E-17   .000E+00       25.377   .4300   20.000   .186E-07   .000E+00       46.584   .4300   20.000   .000E+00   .000E+00      -31.555   .3426   20.000   .000E+00   .000E+00       -4.429   .4231   20.000   .000E+00   .000E+00
     16.780       .235   .4300   20.000   .392E-17   .000E+00       25.641   .4300   20.000   .274E-07   .000E+00       46.633   .4300   20.000   .000E+00   .000E+00      -31.361   .3431   20.000   .000E+00   .000E+00       -3.912   .4242   20.000   .000E+00   .000E+00
     17.237       .365   .4300   20.000   .549E-17   .000E+00       25.893   .4300   20.000   .399E-07   .000E+00       46.682   .4300   20.000   .000E+00   .000E+00      -31.179   .3435   20.000   .000E+00   .000E+00       -3.415   .4253   20.000   .000E+00   .000E+00
     17.693       .486   .4300   20.000   .758E-17   .000E+00       26.135   .4300   20.000   .574E-07   .000E+00       46.729   .4300   20.000   .000E+00   .000E+00      -31.009   .3440   20.000   .000E+00   .000E+00       -2.932   .4263   20.000   .000E+00   .000E+00
     18.150       .601   .4300   20.000   .103E-16   .000E+00       26.366   .4300   20.000   .814E-07   .000E+00       46.776   .4300   20.000   .000E+00   .000E+00      -30.851   .3444   20.000   .000E+00   .000E+00       -2.465   .4271   20.000   .000E+00   .000E+00
     18.623       .712   .4300   20.000   .140E-16   .000E+00       26.594   .4300   20.000   .116E-06   .000E+00       46.824   .4300   20.000   .000E+00   .000E+00      -30.698   .3447   20.000   .000E+00   .000E+00       -1.997   .4279   20.000   .000E+00   .000E+00
     19.100       .818   .4300   20.000   .188E-16   .000E+00       26.813   .4300   20.000   .163E-06   .000E+00       46.871   .4300   20.000   .000E+00   .000E+00      -30.554   .3451   20.000   .000E+00   .000E+00       -1.540   .4286   20.000   .000E+00   .000E+00
     19.580       .918   .4300   20.000   .250E-16   .000E+00       27.025   .4300   20.000   .227E-06   .000E+00       46.916   .4300   20.000   .000E+00   .000E+00      -30.419   .3454   20.000   .000E+00   .000E+00       -1.095   .4292   20.000   .000E+00   .000E+00
     20.063      1.012   .4300   20.000   .330E-16   .000E+00       27.228   .4300   20.000   .315E-06   .000E+00       46.961   .4300   20.000   .000E+00   .000E+00      -30.293   .3457   20.000   .000E+00   .000E+00        -.661   .4296   20.000   .000E+00   .000E+00
     20.549      1.101   .4300   20.000   .431E-16   .000E+00       27.421   .4300   20.000   .432E-06   .000E+00       47.004   .4300   20.000   .000E+00   .000E+00      -30.175   .3460   20.000   .000E+00   .000E+00        -.246   .4299   20.000   .000E+00   .000E+00
     21.038      1.185   .4300   20.000   .559E-16   .000E+00       27.606   .4300   20.000   .588E-06   .000E+00       47.047   .4300   20.000   .000E+00   .000E+00      -30.064   .3463   20.000   .000E+00   .000E+00         .153   .4300   20.000   .000E+00   .000E+00
     21.530      1.264   .4300   20.000   .720E-16   .000E+00       27.782   .4300   20.000   .795E-06   .000E+00       47.087   .4300   20.000   .000E+00   .000E+00      -29.960   .3466   20.000   .000E+00   .000E+00         .538   .4300   20.000   .000E+00   .000E+00
     22.024      1.338   .4300   20.000   .919E-16   .000E+00       27.949   .4300   20.000   .107E-05   .000E+00       47.127   .4300   20.000   .000E+00   .000E+00      -29.862   .3468   20.000   .000E+00   .000E+00         .909   .4300   20.000   .000E+00   .000E+00
     22.520      1.408   .4300   20.000   .117E-15   .000E+00       28.107   .4300   20.000   .142E-05   .000E+00       47.164   .4300   20.000   .000E+00   .000E+00      -29.772   .3470   20.000   .000E+00   .000E+00        1.265   .4300   20.000   .000E+00   .000E+00
     23.016      1.473   .4300   20.000   .147E-15   .000E+00       28.256   .4300   20.000   .187E-05   .000E+00       47.199   .4300   20.000   .000E+00   .000E+00      -29.688   .3473   20.000   .000E+00   .000E+00        1.608   .4300   20.000   .000E+00   .000E+00
     23.512      1.534   .4300   20.000   .183E-15   .000E+00       28.396   .4300   20.000   .245E-05   .000E+00       47.233   .4300   20.000   .000E+00   .000E+00      -29.608   .3475   20.000   .000E+00   .000E+00        1.934   .4300   20.000   .000E+00   .000E+00
     24.008      1.592   .4300   20.000   .227E-15   .000E+00       28.529   .4300   20.000   .318E-05   .000E+00       47.263   .4300   20.000   .000E+00   .000E+00      -29.533   .3477   20.000   .000E+00   .000E+00        2.244   .4300   20.000   .000E+00   .000E+00
     24.504      1.645   .4300   20.000   .280E-15   .000E+00       28.655   .4300   20.000   .410E-05   .000E+00       47.290   .4300   20.000   .000E+00   .000E+00      -29.464   .3479   20.000   .000E+00   .000E+00        2.538   .4300   20.000   .000E+00   .000E+00
     25.000      1.696   .4300   20.000   .342E-15   .000E+00       28.774   .4300   20.000   .524E-05   .000E+00       47.316   .4300   20.000   .000E+00   .000E+00      -29.399   .3481   20.000   .000E+00   .000E+00        2.816   .4300   20.000   .000E+00   .000E+00
     25.510      1.745   .4300   20.000   .419E-15   .000E+00       28.889   .4300   20.000   .672E-05   .000E+00       47.341   .4300   20.000   .000E+00   .000E+00      -29.337   .3483   20.000   .000E+00   .000E+00        3.084   .4300   20.000   .000E+00   .000E+00
     26.020      1.791   .4300   20.000   .510E-15   .000E+00       28.997   .4300   20.000   .854E-05   .000E+00       47.364   .4300   20.000   .000E+00   .000E+00      -29.280   .3484   20.000   .000E+00   .000E+00        3.335   .4300   20.000   .000E+00   .000E+00
     26.530      1.834   .4300   20.000   .618E-15   .000E+00       29.098   .4300   20.000   .108E-04   .000E+00       47.387   .4300   20.000   .000E+00   .000E+00      -29.226   .3486   20.000   .000E+00   .000E+00        3.578   .4300   20.000   .000E+00   .000E+00
     27.040      1.874   .4300   20.000   .744E-15   .000E+00       29.191   .4300   20.000   .136E-04   .000E+00       47.408   .4300   20.000   .000E+00   .000E+00      -29.175   .3487   20.000   .000E+00   .000E+00        3.820   .4300   20.000   .000E+00   .000E+00
     27.557      1.912   .4300   20.000   .894E-15   .000E+00       29.279   .4300   20.000   .170E-04   .000E+00       47.428   .4300   20.000   .000E+00   .000E+00      -29.128   .3489   20.000   .000E+00   .000E+00        4.064   .4300   20.000   .000E+00   .000E+00
     28.075      1.948   .4300   20.000   .107E-14   .000E+00       29.362   .4300   20.000   .212E-04   .000E+00       47.447   .4300   20.000   .000E+00   .000E+00      -29.084   .3490   20.000   .000E+00   .000E+00        4.281   .4300   20.000   .000E+00   .000E+00
     28.595      1.982   .4300   20.000   .127E-14   .000E+00       29.440   .4300   20.000   .263E-04   .000E+00       47.465   .4300   20.000   .000E+00   .000E+00      -29.043   .3491   20.000   .000E+00   .000E+00        4.479   .4300   20.000   .000E+00   .000E+00
     29.115      2.013   .4300   20.000   .151E-14   .000E+00       29.514   .4300   20.000   .325E-04   .000E+00       47.481   .4300   20.000   .000E+00   .000E+00      -29.005   .3492   20.000   .000E+00   .000E+00        4.663   .4300   20.000   .000E+00   .000E+00
     29.637      2.043   .4300   20.000   .179E-14   .000E+00       29.585   .4300   20.000   .400E-04   .000E+00       47.497   .4300   20.000   .000E+00   .000E+00      -28.969   .3493   20.000   .000E+00   .000E+00        4.835   .4300   20.000   .000E+00   .000E+00
     30.160      2.070   .4300   20.000   .210E-14   .000E+00       29.651   .4300   20.000   .489E-04   .000E+00       47.511   .4300   20.000   .000E+00   .000E+00      -28.935   .3494   20.000   .000E+00   .000E+00        4.996   .4300   20.000   .000E+00   .000E+00
     30.682      2.096   .4300   20.000   .247E-14   .000E+00       29.713   .4300   20.000   .596E-04   .000E+00       47.525   .4300   20.000   .000E+00   .000E+00      -28.904   .3495   20.000   .000E+00   .000E+00        5.146   .4300   20.000   .000E+00   .000E+00
     31.204      2.120   .4300   20.000   .288E-14   .000E+00       29.771   .4300   20.000   .723E-04   .000E+00       47.538   .4300   20.000   .000E+00   .000E+00      -28.874   .3496   20.000   .000E+00   .000E+00        5.287   .4300   20.000   .000E+00   .000E+00
     31.726      2.142   .4300   20.000   .336E-14   .000E+00       29.824   .4300   20.000   .872E-04   .000E+00       47.550   .4300   20.000   .000E+00   .000E+00      -28.847   .3497   20.000   .000E+00   .000E+00        5.418   .4300   20.000   .000E+00   .000E+00
     32.248      2.163   .4300   20.000   .389E-14   .000E+00       29.873   .4300   20.000   .105E-03   .000E+00       47.561   .4300   20.000   .000E+00   .000E+00      -28.821   .3497   20.000   .000E+00   .000E+00        5.539   .4300   20.000   .000E+00   .000E+00
     32.770      2.182   .4300   20.000   .450E-14   .000E+00       29.920   .4300   20.000   .125E-03   .000E+00       47.572   .4300   20.000   .000E+00   .000E+00      -28.797   .3498   20.000   .000E+00   .000E+00        5.652   .4300   20.000   .000E+00   .000E+00
     33.292      2.200   .4300   20.000   .519E-14   .000E+00       29.963   .4300   20.000   .150E-03   .000E+00       47.582   .4300   20.000   .000E+00   .000E+00      -28.775   .3499   20.000   .000E+00   .000E+00        5.757   .4300   20.000   .000E+00   .000E+00
     33.814      2.217   .4300   20.000   .596E-14   .000E+00       30.004   .4300   20.000   .178E-03   .000E+00       47.591   .4300   20.000   .000E+00   .000E+00      -28.754   .3499   20.000   .000E+00   .000E+00        5.853   .4300   20.000   .000E+00   .000E+00
     34.336      2.232   .4300   20.000   .683E-14   .000E+00       30.041   .4300   20.000   .210E-03   .000E+00       47.599   .4300   20.000   .000E+00   .000E+00      -28.735   .3500   20.000   .000E+00   .000E+00        5.940   .4300   20.000   .000E+00   .000E+00
     34.859      2.247   .4300   20.000   .781E-14   .000E+00       30.077   .4300   20.000   .248E-03   .000E+00       47.608   .4300   20.000   .000E+00   .000E+00      -28.717   .3500   20.000   .000E+00   .000E+00        6.024   .4300   20.000   .000E+00   .000E+00
     35.390      2.261   .4300   20.000   .892E-14   .000E+00       30.110   .4300   20.000   .292E-03   .000E+00       47.615   .4300   20.000   .000E+00   .000E+00      -28.700   .3501   20.000   .000E+00   .000E+00        6.104   .4300   20.000   .000E+00   .000E+00
     35.922      2.274   .4300   20.000   .102E-13   .000E+00       30.141   .4300   20.000   .343E-03   .000E+00       47.622   .4300   20.000   .000E+00   .000E+00      -28.684   .3501   20.000   .000E+00   .000E+00        6.181   .4300   20.000   .000E+00   .000E+00
     36.454      2.285   .4300   20.000   .115E-13   .000E+00       30.169   .4300   20.000   .401E-03   .000E+00       47.629   .4300   20.000   .000E+00   .000E+00      -28.669   .3502   20.000   .000E+00   .000E+00        6.251   .4300   20.000   .000E+00   .000E+00
     36.987      2.297   .4300   20.000   .131E-13   .000E+00       30.195   .4300   20.000   .468E-03   .000E+00       47.635   .4300   20.000   .000E+00   .000E+00      -28.655   .3502   20.000   .000E+00   .000E+00        6.317   .4300   20.000   .000E+00   .000E+00
     37.521      2.307   .4300   20.000   .148E-13   .000E+00       30.220   .4300   20.000   .544E-03   .000E+00       47.641   .4300   20.000   .000E+00   .000E+00      -28.642   .3502   20.000   .000E+00   .000E+00        6.378   .4300   20.000   .000E+00   .000E+00
     38.055      2.316   .4300   20.000   .167E-13   .000E+00       30.243   .4300   20.000   .630E-03   .000E+00       47.646   .4300   20.000   .000E+00   .000E+00      -28.630   .3503   20.000   .000E+00   .000E+00        6.435   .4300   20.000   .000E+00   .000E+00
     38.589      2.325   .4300   20.000   .188E-13   .000E+00       30.264   .4300   20.000   .728E-03   .000E+00       47.651   .4300   20.000   .000E+00   .000E+00      -28.619   .3503   20.000   .000E+00   .000E+00        6.488   .4300   20.000   .000E+00   .000E+00
     39.124      2.334   .4300   20.000   .211E-13   .000E+00       30.283   .4300   20.000   .839E-03   .000E+00       47.655   .4300   20.000   .000E+00   .000E+00      -28.608   .3503   20.000   .000E+00   .000E+00        6.536   .4300   20.000   .000E+00   .000E+00
     39.659      2.341   .4300   20.000   .237E-13   .000E+00       30.302   .4300   20.000   .965E-03   .000E+00       47.659   .4300   20.000   .000E+00   .000E+00      -28.599   .3504   20.000   .000E+00   .000E+00        6.582   .4300   20.000   .000E+00   .000E+00
     40.194      2.349   .4300   20.000   .265E-13   .000E+00       30.319   .4300   20.000   .111E-02   .000E+00       47.663   .4300   20.000   .000E+00   .000E+00      -28.590   .3504   20.000   .000E+00   .000E+00        6.623   .4300   20.000   .000E+00   .000E+00
     40.730      2.355   .4300   20.000   .295E-13   .000E+00       30.335   .4300   20.000   .126E-02   .000E+00       47.667   .4300   20.000   .000E+00   .000E+00      -28.581   .3504   20.000   .000E+00   .000E+00        6.662   .4300   20.000   .000E+00   .000E+00
     41.266      2.362   .4300   20.000   .329E-13   .000E+00       30.349   .4300   20.000   .144E-02   .000E+00       47.670   .4300   20.000   .000E+00   .000E+00      -28.573   .3504   20.000   .000E+00   .000E+00        6.698   .4300   20.000   .000E+00   .000E+00
     41.802      2.367   .4300   20.000   .366E-13   .000E+00       30.363   .4300   20.000   .164E-02   .000E+00       47.673   .4300   20.000   .000E+00   .000E+00      -28.566   .3504   20.000   .000E+00   .000E+00        6.731   .4300   20.000   .000E+00   .000E+00
     42.338      2.373   .4300   20.000   .407E-13   .000E+00       30.375   .4300   20.000   .186E-02   .000E+00       47.676   .4300   20.000   .000E+00   .000E+00      -28.559   .3505   20.000   .000E+00   .000E+00        6.761   .4300   20.000   .000E+00   .000E+00
     42.875      2.378   .4300   20.000   .451E-13   .000E+00       30.387   .4300   20.000   .210E-02   .000E+00       47.678   .4300   20.000   .000E+00   .000E+00      -28.553   .3505   20.000   .000E+00   .000E+00        6.789   .4300   20.000   .000E+00   .000E+00
     43.412      2.382   .4300   20.000   .499E-13   .000E+00       30.398   .4300   20.000   .237E-02   .000E+00       47.680   .4300   20.000   .000E+00   .000E+00      -28.547   .3505   20.000   .000E+00   .000E+00        6.816   .4300   20.000   .000E+00   .000E+00
     43.949      2.387   .4300   20.000   .551E-13   .000E+00       30.407   .4300   20.000   .267E-02   .000E+00       47.683   .4300   20.000   .000E+00   .000E+00      -28.542   .3505   20.000   .000E+00   .000E+00        6.840   .4300   20.000   .000E+00   .000E+00
     44.486      2.391   .4300   20.000   .607E-13   .000E+00       30.416   .4300   20.000   .300E-02   .000E+00       47.685   .4300   20.000   .000E+00   .000E+00      -28.537   .3505   20.000   .000E+00   .000E+00        6.862   .4300   20.000   .000E+00   .000E+00
     45.023      2.394   .4300   20.000   .669E-13   .000E+00       30.425   .4300   20.000   .336E-02   .000E+00       47.687   .4300   20.000   .000E+00   .000E+00      -28.532   .3505   20.000   .000E+00   .000E+00        6.883   .4300   20.000   .000E+00   .000E+00
     45.561      2.398   .4300   20.000   .735E-13   .000E+00       30.432   .4300   20.000   .376E-02   .000E+00       47.688   .4300   20.000   .000E+00   .000E+00      -28.527   .3506   20.000   .000E+00   .000E+00        6.902   .4300   20.000   .000E+00   .000E+00
     46.099      2.401   .4300   20.000   .807E-13   .000E+00       30.440   .4300   20.000   .419E-02   .000E+00       47.690   .4300   20.000   .000E+00   .000E+00      -28.523   .3506   20.000   .000E+00   .000E+00        6.920   .4300   20.000   .000E+00   .000E+00
     46.636      2.404   .4300   20.000   .885E-13   .000E+00       30.446   .4300   20.000   .467E-02   .000E+00       47.691   .4300   20.000   .000E+00   .000E+00      -28.520   .3506   20.000   .000E+00   .000E+00        6.936   .4300   20.000   .000E+00   .000E+00
     47.174      2.407   .4300   20.000   .969E-13   .000E+00       30.452   .4300   20.000   .519E-02   .000E+00       47.693   .4300   20.000   .000E+00   .000E+00      -28.516   .3506   20.000   .000E+00   .000E+00        6.951   .4300   20.000   .000E+00   .000E+00
     47.712      2.409   .4300   20.000   .106E-12   .000E+00       30.458   .4300   20.000   .576E-02   .000E+00       47.694   .4300   20.000   .000E+00   .000E+00      -28.513   .3506   20.000   .000E+00   .000E+00        6.965   .4300   20.000   .000E+00   .000E+00
     48.250      2.412   .4300   20.000   .116E-12   .000E+00       30.463   .4300   20.000   .637E-02   .000E+00       47.695   .4300   20.000   .000E+00   .000E+00      -28.510   .3506   20.000   .000E+00   .000E+00        6.978   .4300   20.000   .000E+00   .000E+00
     48.789      2.414   .4300   20.000   .126E-12   .000E+00       30.468   .4300   20.000   .704E-02   .000E+00       47.696   .4300   20.000   .000E+00   .000E+00      -28.507   .3506   20.000   .000E+00   .000E+00        6.990   .4300   20.000   .000E+00   .000E+00
     49.327      2.416   .4300   20.000   .137E-12   .000E+00       30.472   .4300   20.000   .777E-02   .000E+00       47.697   .4300   20.000   .000E+00   .000E+00      -28.504   .3506   20.000   .000E+00   .000E+00        7.001   .4300   20.000   .000E+00   .000E+00
     49.664      2.417   .4300   20.000   .145E-12   .000E+00       30.475   .4300   20.000   .825E-02   .000E+00       47.698   .4300   20.000   .000E+00   .000E+00      -28.503   .3506   20.000   .000E+00   .000E+00        7.008   .4300   20.000   .000E+00   .000E+00
     50.000      2.418   .4300   20.000   .152E-12   .000E+00       30.477   .4300   20.000   .875E-02   .000E+00       47.698   .4300   20.000   .000E+00   .000E+00      -28.501   .3506   20.000   .000E+00   .000E+00        7.014   .4300   20.000   .000E+00   .000E+00
     50.538      2.420   .4300   20.000   .166E-12   .000E+00       30.480   .4300   20.000   .961E-02   .000E+00       47.699   .4300   20.000   .000E+00   .000E+00      -28.499   .3506   20.000   .000E+00   .000E+00        7.023   .4300   20.000   .000E+00   .000E+00
     51.075      2.421   .4300   20.000   .180E-12   .000E+00       30.484   .4300   20.000   .105E-01   .000E+00       47.700   .4300   20.000   .000E+00   .000E+00      -28.497   .3506   20.000   .000E+00   .000E+00        7.031   .4300   20.000   .000E+00   .000E+00
     51.613      2.423   .4300   20.000   .195E-12   .000E+00       30.487   .4300   20.000   .115E-01   .000E+00       47.700   .4300   20.000   .000E+00   .000E+00      -28.495   .3507   20.000   .000E+00   .000E+00        7.039   .4300   20.000   .000E+00   .000E+00
     52.151      2.424   .4300   20.000   .210E-12   .000E+00       30.490   .4300   20.000   .126E-01   .000E+00       47.701   .4300   20.000   .000E+00   .000E+00      -28.493   .3507   20.000   .000E+00   .000E+00        7.046   .4300   20.000   .000E+00   .000E+00
     52.688      2.425   .4300   20.000   .228E-12   .000E+00       30.492   .4300   20.000   .137E-01   .000E+00       47.702   .4300   20.000   .000E+00   .000E+00      -28.492   .3507   20.000   .000E+00   .000E+00        7.053   .4300   20.000   .000E+00   .000E+00
     53.226      2.426   .4300   20.000   .246E-12   .000E+00       30.495   .4300   20.000   .150E-01   .000E+00       47.702   .4300   20.000   .000E+00   .000E+00      -28.490   .3507   20.000   .000E+00   .000E+00        7.059   .4300   20.000   .000E+00   .000E+00
     53.763      2.428   .4300   20.000   .265E-12   .000E+00       30.497   .4300   20.000   .163E-01   .000E+00       47.703   .4300   20.000   .000E+00   .000E+00      -28.489   .3507   20.000   .000E+00   .000E+00        7.065   .4300   20.000   .000E+00   .000E+00
     54.301      2.429   .4300   20.000   .286E-12   .000E+00       30.499   .4300   20.000   .176E-01   .000E+00       47.703   .4300   20.000   .000E+00   .000E+00      -28.487   .3507   20.000   .000E+00   .000E+00        7.070   .4300   20.000   .000E+00   .000E+00
     54.839      2.429   .4300   20.000   .307E-12   .000E+00       30.501   .4300   20.000   .191E-01   .000E+00       47.704   .4300   20.000   .000E+00   .000E+00      -28.486   .3507   20.000   .000E+00   .000E+00        7.074   .4300   20.000   .000E+00   .000E+00
     55.376      2.430   .4300   20.000   .331E-12   .000E+00       30.503   .4300   20.000   .207E-01   .000E+00       47.704   .4300   20.000   .000E+00   .000E+00      -28.485   .3507   20.000   .000E+00   .000E+00        7.079   .4300   20.000   .000E+00   .000E+00
     55.914      2.431   .4300   20.000   .355E-12   .000E+00       30.504   .4300   20.000   .224E-01   .000E+00       47.704   .4300   20.000   .000E+00   .000E+00      -28.484   .3507   20.000   .000E+00   .000E+00        7.083   .4300   20.000   .000E+00   .000E+00
     56.452      2.432   .4300   20.000   .381E-12   .000E+00       30.506   .4300   20.000   .241E-01   .000E+00       47.705   .4300   20.000   .000E+00   .000E+00      -28.483   .3507   20.000   .000E+00   .000E+00        7.087   .4300   20.000   .000E+00   .000E+00
     56.989      2.432   .4300   20.000   .409E-12   .000E+00       30.507   .4300   20.000   .260E-01   .000E+00       47.705   .4300   20.000   .000E+00   .000E+00      -28.482   .3507   20.000   .000E+00   .000E+00        7.090   .4300   20.000   .000E+00   .000E+00
     57.527      2.433   .4300   20.000   .438E-12   .000E+00       30.509   .4300   20.000   .280E-01   .000E+00       47.705   .4300   20.000   .000E+00   .000E+00      -28.481   .3507   20.000   .000E+00   .000E+00        7.093   .4300   20.000   .000E+00   .000E+00
     58.065      2.434   .4300   20.000   .469E-12   .000E+00       30.510   .4300   20.000   .300E-01   .000E+00       47.706   .4300   20.000   .000E+00   .000E+00      -28.480   .3507   20.000   .000E+00   .000E+00        7.096   .4300   20.000   .000E+00   .000E+00
     58.602      2.434   .4300   20.000   .502E-12   .000E+00       30.511   .4300   20.000   .322E-01   .000E+00       47.706   .4300   20.000   .000E+00   .000E+00      -28.480   .3507   20.000   .000E+00   .000E+00        7.099   .4300   20.000   .000E+00   .000E+00
     59.140      2.435   .4300   20.000   .536E-12   .000E+00       30.512   .4300   20.000   .345E-01   .000E+00       47.706   .4300   20.000   .000E+00   .000E+00      -28.479   .3507   20.000   .000E+00   .000E+00        7.101   .4300   20.000   .000E+00   .000E+00
     59.677      2.435   .4300   20.000   .573E-12   .000E+00       30.513   .4300   20.000   .370E-01   .000E+00       47.706   .4300   20.000   .000E+00   .000E+00      -28.478   .3507   20.000   .000E+00   .000E+00        7.104   .4300   20.000   .000E+00   .000E+00
     60.215      2.436   .4300   20.000   .611E-12   .000E+00       30.514   .4300   20.000   .395E-01   .000E+00       47.707   .4300   20.000   .000E+00   .000E+00      -28.478   .3507   20.000   .000E+00   .000E+00        7.106   .4300   20.000   .000E+00   .000E+00
     60.753      2.436   .4300   20.000   .652E-12   .000E+00       30.514   .4300   20.000   .422E-01   .000E+00       47.707   .4300   20.000   .000E+00   .000E+00      -28.477   .3507   20.000   .000E+00   .000E+00        7.108   .4300   20.000   .000E+00   .000E+00
     61.290      2.436   .4300   20.000   .694E-12   .000E+00       30.515   .4300   20.000   .450E-01   .000E+00       47.707   .4300   20.000   .000E+00   .000E+00      -28.477   .3507   20.000   .000E+00   .000E+00        7.109   .4300   20.000   .000E+00   .000E+00
     61.828      2.437   .4300   20.000   .739E-12   .000E+00       30.516   .4300   20.000   .479E-01   .000E+00       47.707   .4300   20.000   .000E+00   .000E+00      -28.476   .3507   20.000   .000E+00   .000E+00        7.111   .4300   20.000   .000E+00   .000E+00
     62.366      2.437   .4300   20.000   .787E-12   .000E+00       30.516   .4300   20.000   .510E-01   .000E+00       47.707   .4300   20.000   .000E+00   .000E+00      -28.476   .3507   20.000   .000E+00   .000E+00        7.112   .4300   20.000   .000E+00   .000E+00
     62.903      2.437   .4300   20.000   .836E-12   .000E+00       30.517   .4300   20.000   .542E-01   .000E+00       47.707   .4300   20.000   .000E+00   .000E+00      -28.475   .3507   20.000   .000E+00   .000E+00        7.114   .4300   20.000   .000E+00   .000E+00
     63.441      2.438   .4300   20.000   .888E-12   .000E+00       30.518   .4300   20.000   .575E-01   .000E+00       47.707   .4300   20.000   .000E+00   .000E+00      -28.475   .3507   20.000   .000E+00   .000E+00        7.115   .4300   20.000   .152E-29   .000E+00
     63.979      2.438   .4300   20.000   .943E-12   .000E+00       30.518   .4300   20.000   .609E-01   .000E+00       47.708   .4300   20.000   .000E+00   .000E+00      -28.475   .3507   20.000   .000E+00   .000E+00        7.116   .4300   20.000   .356E-29   .000E+00
     64.516      2.438   .4300   20.000   .100E-11   .000E+00       30.518   .4300   20.000   .645E-01   .000E+00       47.708   .4300   20.000   .000E+00   .000E+00      -28.474   .3507   20.000   .000E+00   .000E+00        7.117   .4300   20.000   .644E-29   .000E+00
     65.054      2.438   .4300   20.000   .106E-11   .000E+00       30.519   .4300   20.000   .683E-01   .000E+00       47.708   .4300   20.000   .000E+00   .000E+00      -28.474   .3507   20.000   .000E+00   .000E+00        7.118   .4300   20.000   .106E-28   .000E+00
     65.591      2.438   .4300   20.000   .112E-11   .000E+00       30.519   .4300   20.000   .722E-01   .000E+00       47.708   .4300   20.000   .000E+00   .000E+00      -28.474   .3507   20.000   .000E+00   .000E+00        7.119   .4300   20.000   .165E-28   .000E+00
     66.129      2.439   .4300   20.000   .119E-11   .000E+00       30.520   .4300   20.000   .762E-01   .000E+00       47.708   .4300   20.000   .000E+00   .000E+00      -28.474   .3507   20.000   .000E+00   .000E+00        7.120   .4300   20.000   .253E-28   .000E+00
     66.667      2.439   .4300   20.000   .126E-11   .000E+00       30.520   .4300   20.000   .803E-01   .000E+00       47.708   .4300   20.000   .000E+00   .000E+00      -28.473   .3507   20.000   .000E+00   .000E+00        7.121   .4300   20.000   .381E-28   .000E+00
     67.204      2.439   .4300   20.000   .133E-11   .000E+00       30.520   .4300   20.000   .847E-01   .000E+00       47.708   .4300   20.000   .000E+00   .000E+00      -28.473   .3507   20.000   .000E+00   .000E+00        7.122   .4300   20.000   .566E-28   .000E+00
     67.742      2.439   .4300   20.000   .141E-11   .000E+00       30.520   .4300   20.000   .891E-01   .000E+00       47.708   .4300   20.000   .000E+00   .000E+00      -28.473   .3507   20.000   .000E+00   .000E+00        7.122   .4300   20.000   .835E-28   .000E+00
     68.280      2.439   .4300   20.000   .149E-11   .000E+00       30.521   .4300   20.000   .937E-01   .000E+00       47.708   .4300   20.000   .000E+00   .000E+00      -28.473   .3507   20.000   .000E+00   .000E+00        7.123   .4300   20.000   .122E-27   .000E+00
     68.817      2.439   .4300   20.000   .157E-11   .000E+00       30.521   .4300   20.000   .984E-01   .000E+00       47.708   .4300   20.000   .000E+00   .000E+00      -28.473   .3507   20.000   .000E+00   .000E+00        7.123   .4300   20.000   .178E-27   .000E+00
     69.355      2.439   .4300   20.000   .166E-11   .000E+00       30.521   .4300   20.000   .103E+00   .000E+00       47.708   .4300   20.000   .000E+00   .000E+00      -28.472   .3507   20.000   .000E+00   .000E+00        7.124   .4300   20.000   .259E-27   .000E+00
     69.893      2.440   .4300   20.000   .175E-11   .000E+00       30.521   .4300   20.000   .108E+00   .000E+00       47.708   .4300   20.000   .000E+00   .000E+00      -28.472   .3507   20.000   .000E+00   .000E+00        7.125   .4300   20.000   .373E-27   .000E+00
     70.430      2.440   .4300   20.000   .184E-11   .000E+00       30.521   .4300   20.000   .114E+00   .000E+00       47.708   .4300   20.000   .000E+00   .000E+00      -28.472   .3507   20.000   .000E+00   .000E+00        7.125   .4300   20.000   .537E-27   .000E+00
     70.968      2.440   .4300   20.000   .194E-11   .000E+00       30.522   .4300   20.000   .119E+00   .000E+00       47.708   .4300   20.000   .000E+00   .000E+00      -28.472   .3507   20.000   .000E+00   .000E+00        7.125   .4300   20.000   .771E-27   .000E+00
     71.505      2.440   .4300   20.000   .204E-11   .000E+00       30.522   .4300   20.000   .124E+00   .000E+00       47.708   .4300   20.000   .000E+00   .000E+00      -28.472   .3507   20.000   .000E+00   .000E+00        7.126   .4300   20.000   .110E-26   .000E+00
     72.043      2.440   .4300   20.000   .215E-11   .000E+00       30.522   .4300   20.000   .130E+00   .000E+00       47.708   .4300   20.000   .000E+00   .000E+00      -28.472   .3507   20.000   .000E+00   .000E+00        7.126   .4300   20.000   .157E-26   .000E+00
     72.581      2.440   .4300   20.000   .226E-11   .000E+00       30.522   .4300   20.000   .136E+00   .000E+00       47.708   .4300   20.000   .000E+00   .000E+00      -28.472   .3507   20.000   .000E+00   .000E+00        7.126   .4300   20.000   .223E-26   .000E+00
     73.118      2.440   .4300   20.000   .237E-11   .000E+00       30.522   .4300   20.000   .142E+00   .000E+00       47.708   .4300   20.000   .000E+00   .000E+00      -28.472   .3507   20.000   .000E+00   .000E+00        7.127   .4300   20.000   .317E-26   .000E+00
     73.656      2.440   .4300   20.000   .249E-11   .000E+00       30.522   .4300   20.000   .148E+00   .000E+00       47.708   .4300   20.000   .000E+00   .000E+00      -28.471   .3507   20.000   .000E+00   .000E+00        7.127   .4300   20.000   .448E-26   .000E+00
     74.194      2.440   .4300   20.000   .262E-11   .000E+00       30.522   .4300   20.000   .154E+00   .000E+00       47.708   .4300   20.000   .000E+00   .000E+00      -28.471   .3507   20.000   .000E+00   .000E+00        7.127   .4300   20.000   .632E-26   .000E+00
     74.731      2.440   .4300   20.000   .275E-11   .000E+00       30.523   .4300   20.000   .160E+00   .000E+00       47.709   .4300   20.000   .000E+00   .000E+00      -28.471   .3507   20.000   .000E+00   .000E+00        7.127   .4300   20.000   .889E-26   .000E+00
     75.269      2.440   .4300   20.000   .288E-11   .000E+00       30.523   .4300   20.000   .166E+00   .000E+00       47.709   .4300   20.000   .000E+00   .000E+00      -28.471   .3507   20.000   .000E+00   .000E+00        7.128   .4300   20.000   .125E-25   .000E+00
     75.807      2.440   .4300   20.000   .302E-11   .000E+00       30.523   .4300   20.000   .173E+00   .000E+00       47.709   .4300   20.000   .000E+00   .000E+00      -28.471   .3507   20.000   .000E+00   .000E+00        7.128   .4300   20.000   .175E-25   .000E+00
     76.344      2.440   .4300   20.000   .317E-11   .000E+00       30.523   .4300   20.000   .180E+00   .000E+00       47.709   .4300   20.000   .000E+00   .000E+00      -28.471   .3507   20.000   .000E+00   .000E+00        7.128   .4300   20.000   .244E-25   .000E+00
     76.882      2.440   .4300   20.000   .332E-11   .000E+00       30.523   .4300   20.000   .187E+00   .000E+00       47.709   .4300   20.000   .000E+00   .000E+00      -28.471   .3507   20.000   .000E+00   .000E+00        7.128   .4300   20.000   .340E-25   .000E+00
     77.419      2.440   .4300   20.000   .348E-11   .000E+00       30.523   .4300   20.000   .193E+00   .000E+00       47.709   .4300   20.000   .000E+00   .000E+00      -28.471   .3507   20.000   .000E+00   .000E+00        7.128   .4300   20.000   .472E-25   .000E+00
     77.957      2.440   .4300   20.000   .364E-11   .000E+00       30.523   .4300   20.000   .200E+00   .000E+00       47.709   .4300   20.000   .000E+00   .000E+00      -28.471   .3507   20.000   .000E+00   .000E+00        7.129   .4300   20.000   .654E-25   .000E+00
     78.495      2.440   .4300   20.000   .381E-11   .000E+00       30.523   .4300   20.000   .208E+00   .000E+00       47.709   .4300   20.000   .000E+00   .000E+00      -28.471   .3507   20.000   .000E+00   .000E+00        7.129   .4300   20.000   .905E-25   .000E+00
     79.032      2.440   .4300   20.000   .398E-11   .000E+00       30.523   .4300   20.000   .215E+00   .000E+00       47.709   .4300   20.000   .000E+00   .000E+00      -28.471   .3507   20.000   .000E+00   .000E+00        7.129   .4300   20.000   .125E-24   .000E+00
     79.570      2.440   .4300   20.000   .416E-11   .000E+00       30.523   .4300   20.000   .222E+00   .000E+00       47.709   .4300   20.000   .000E+00   .000E+00      -28.471   .3507   20.000   .000E+00   .000E+00        7.129   .4300   20.000   .172E-24   .000E+00
     80.108      2.441   .4300   20.000   .435E-11   .000E+00       30.523   .4300   20.000   .230E+00   .000E+00       47.709   .4300   20.000   .000E+00   .000E+00      -28.471   .3507   20.000   .000E+00   .000E+00        7.129   .4300   20.000   .236E-24   .000E+00
     80.645      2.441   .4300   20.000   .454E-11   .000E+00       30.523   .4300   20.000   .237E+00   .000E+00       47.709   .4300   20.000   .000E+00   .000E+00      -28.471   .3507   20.000   .000E+00   .000E+00        7.129   .4300   20.000   .324E-24   .000E+00
     81.183      2.441   .4300   20.000   .474E-11   .000E+00       30.523   .4300   20.000   .245E+00   .000E+00       47.709   .4300   20.000   .000E+00   .000E+00      -28.471   .3507   20.000   .000E+00   .000E+00        7.129   .4300   20.000   .443E-24   .000E+00
     81.721      2.441   .4300   20.000   .495E-11   .000E+00       30.523   .4300   20.000   .253E+00   .000E+00       47.709   .4300   20.000   .000E+00   .000E+00      -28.471   .3507   20.000   .000E+00   .000E+00        7.129   .4300   20.000   .605E-24   .000E+00
     82.258      2.441   .4300   20.000   .517E-11   .000E+00       30.523   .4300   20.000   .261E+00   .000E+00       47.709   .4300   20.000   .000E+00   .000E+00      -28.471   .3507   20.000   .000E+00   .000E+00        7.129   .4300   20.000   .824E-24   .000E+00
     82.796      2.441   .4300   20.000   .539E-11   .000E+00       30.523   .4300   20.000   .269E+00   .000E+00       47.709   .4300   20.000   .000E+00   .000E+00      -28.471   .3507   20.000   .000E+00   .000E+00        7.129   .4300   20.000   .112E-23   .000E+00
     83.333      2.441   .4300   20.000   .562E-11   .000E+00       30.523   .4300   20.000   .277E+00   .000E+00       47.709   .4300   20.000   .000E+00   .000E+00      -28.471   .3507   20.000   .000E+00   .000E+00        7.130   .4300   20.000   .152E-23   .000E+00
     83.871      2.441   .4300   20.000   .585E-11   .000E+00       30.523   .4300   20.000   .285E+00   .000E+00       47.709   .4300   20.000   .000E+00   .000E+00      -28.471   .3507   20.000   .000E+00   .000E+00        7.130   .4300   20.000   .206E-23   .000E+00
     84.409      2.441   .4300   20.000   .610E-11   .000E+00       30.523   .4300   20.000   .293E+00   .000E+00       47.709   .4300   20.000   .000E+00   .000E+00      -28.471   .3507   20.000   .000E+00   .000E+00        7.130   .4300   20.000   .278E-23   .000E+00
     84.946      2.441   .4300   20.000   .635E-11   .000E+00       30.523   .4300   20.000   .301E+00   .000E+00       47.709   .4300   20.000   .000E+00   .000E+00      -28.471   .3507   20.000   .000E+00   .000E+00        7.130   .4300   20.000   .374E-23   .000E+00
     85.484      2.441   .4300   20.000   .661E-11   .000E+00       30.523   .4300   20.000   .309E+00   .000E+00       47.709   .4300   20.000   .000E+00   .000E+00      -28.471   .3507   20.000   .000E+00   .000E+00        7.130   .4300   20.000   .504E-23   .000E+00
     86.022      2.441   .4300   20.000   .688E-11   .000E+00       30.523   .4300   20.000   .318E+00   .000E+00       47.709   .4300   20.000   .000E+00   .000E+00      -28.471   .3507   20.000   .000E+00   .000E+00        7.130   .4300   20.000   .677E-23   .000E+00
     86.559      2.441   .4300   20.000   .716E-11   .000E+00       30.523   .4300   20.000   .326E+00   .000E+00       47.709   .4300   20.000   .000E+00   .000E+00      -28.471   .3507   20.000   .000E+00   .000E+00        7.130   .4300   20.000   .907E-23   .000E+00
     87.097      2.441   .4300   20.000   .744E-11   .000E+00       30.523   .4300   20.000   .335E+00   .000E+00       47.709   .4300   20.000   .000E+00   .000E+00      -28.470   .3507   20.000   .000E+00   .000E+00        7.130   .4300   20.000   .121E-22   .000E+00
     87.634      2.441   .4300   20.000   .774E-11   .000E+00       30.523   .4300   20.000   .343E+00   .000E+00       47.709   .4300   20.000   .000E+00   .000E+00      -28.470   .3507   20.000   .000E+00   .000E+00        7.130   .4300   20.000   .162E-22   .000E+00
     88.172      2.441   .4300   20.000   .804E-11   .000E+00       30.523   .4300   20.000   .352E+00   .000E+00       47.709   .4300   20.000   .000E+00   .000E+00      -28.470   .3507   20.000   .000E+00   .000E+00        7.130   .4300   20.000   .216E-22   .000E+00
     88.710      2.441   .4300   20.000   .835E-11   .000E+00       30.523   .4300   20.000   .360E+00   .000E+00       47.709   .4300   20.000   .000E+00   .000E+00      -28.470   .3507   20.000   .000E+00   .000E+00        7.130   .4300   20.000   .287E-22   .000E+00
     89.247      2.441   .4300   20.000   .868E-11   .000E+00       30.523   .4300   20.000   .369E+00   .000E+00       47.709   .4300   20.000   .000E+00   .000E+00      -28.470   .3507   20.000   .000E+00   .000E+00        7.130   .4300   20.000   .382E-22   .000E+00
     89.785      2.441   .4300   20.000   .901E-11   .000E+00       30.523   .4300   20.000   .377E+00   .000E+00       47.709   .4300   20.000   .000E+00   .000E+00      -28.470   .3507   20.000   .000E+00   .000E+00        7.130   .4300   20.000   .506E-22   .000E+00
     90.323      2.441   .4300   20.000   .935E-11   .000E+00       30.523   .4300   20.000   .386E+00   .000E+00       47.709   .4300   20.000   .000E+00   .000E+00      -28.470   .3507   20.000   .000E+00   .000E+00        7.130   .4300   20.000   .670E-22   .000E+00
     90.860      2.441   .4300   20.000   .970E-11   .000E+00       30.523   .4300   20.000   .395E+00   .000E+00       47.709   .4300   20.000   .000E+00   .000E+00      -28.470   .3507   20.000   .000E+00   .000E+00        7.130   .4300   20.000   .885E-22   .000E+00
     91.398      2.441   .4300   20.000   .101E-10   .000E+00       30.523   .4300   20.000   .403E+00   .000E+00       47.709   .4300   20.000   .000E+00   .000E+00      -28.470   .3507   20.000   .000E+00   .000E+00        7.130   .4300   20.000   .117E-21   .000E+00
     91.936      2.441   .4300   20.000   .104E-10   .000E+00       30.523   .4300   20.000   .412E+00   .000E+00       47.709   .4300   20.000   .000E+00   .000E+00      -28.470   .3507   20.000   .000E+00   .000E+00        7.130   .4300   20.000   .154E-21   .000E+00
     92.473      2.441   .4300   20.000   .108E-10   .000E+00       30.523   .4300   20.000   .421E+00   .000E+00       47.709   .4300   20.000   .000E+00   .000E+00      -28.470   .3507   20.000   .000E+00   .000E+00        7.130   .4300   20.000   .202E-21   .000E+00
     93.011      2.441   .4300   20.000   .112E-10   .000E+00       30.523   .4300   20.000   .429E+00   .000E+00       47.709   .4300   20.000   .000E+00   .000E+00      -28.470   .3507   20.000   .000E+00   .000E+00        7.130   .4300   20.000   .265E-21   .000E+00
     93.548      2.441   .4300   20.000   .116E-10   .000E+00       30.523   .4300   20.000   .438E+00   .000E+00       47.709   .4300   20.000   .000E+00   .000E+00      -28.470   .3507   20.000   .000E+00   .000E+00        7.130   .4300   20.000   .347E-21   .000E+00
     94.086      2.441   .4300   20.000   .120E-10   .000E+00       30.524   .4300   20.000   .447E+00   .000E+00       47.709   .4300   20.000   .000E+00   .000E+00      -28.470   .3507   20.000   .000E+00   .000E+00        7.130   .4300   20.000   .454E-21   .000E+00
     94.624      2.441   .4300   20.000   .125E-10   .000E+00       30.524   .4300   20.000   .455E+00   .000E+00       47.709   .4300   20.000   .000E+00   .000E+00      -28.470   .3507   20.000   .000E+00   .000E+00        7.130   .4300   20.000   .593E-21   .000E+00
     95.161      2.441   .4300   20.000   .129E-10   .000E+00       30.524   .4300   20.000   .464E+00   .000E+00       47.709   .4300   20.000   .000E+00   .000E+00      -28.470   .3507   20.000   .000E+00   .000E+00        7.130   .4300   20.000   .773E-21   .000E+00
     95.699      2.441   .4300   20.000   .134E-10   .000E+00       30.524   .4300   20.000   .473E+00   .000E+00       47.709   .4300   20.000   .000E+00   .000E+00      -28.470   .3507   20.000   .000E+00   .000E+00        7.130   .4300   20.000   .101E-20   .000E+00
     96.237      2.441   .4300   20.000   .138E-10   .000E+00       30.524   .4300   20.000   .481E+00   .000E+00       47.709   .4300   20.000   .000E+00   .000E+00      -28.470   .3507   20.000   .000E+00   .000E+00        7.130   .4300   20.000   .131E-20   .000E+00
     96.774      2.441   .4300   20.000   .143E-10   .000E+00       30.524   .4300   20.000   .490E+00   .000E+00       47.709   .4300   20.000   .000E+00   .000E+00      -28.470   .3507   20.000   .000E+00   .000E+00        7.130   .4300   20.000   .170E-20   .000E+00
     97.312      2.441   .4300   20.000   .148E-10   .000E+00       30.524   .4300   20.000   .498E+00   .000E+00       47.709   .4300   20.000   .000E+00   .000E+00      -28.470   .3507   20.000   .000E+00   .000E+00        7.130   .4300   20.000   .220E-20   .000E+00
     97.849      2.441   .4300   20.000   .153E-10   .000E+00       30.524   .4300   20.000   .507E+00   .000E+00       47.709   .4300   20.000   .000E+00   .000E+00      -28.470   .3507   20.000   .000E+00   .000E+00        7.130   .4300   20.000   .284E-20   .000E+00
     98.387      2.441   .4300   20.000   .158E-10   .000E+00       30.524   .4300   20.000   .515E+00   .000E+00       47.709   .4300   20.000   .000E+00   .000E+00      -28.470   .3507   20.000   .000E+00   .000E+00        7.130   .4300   20.000   .367E-20   .000E+00
     98.925      2.441   .4300   20.000   .163E-10   .000E+00       30.524   .4300   20.000   .524E+00   .000E+00       47.709   .4300   20.000   .000E+00   .000E+00      -28.470   .3507   20.000   .000E+00   .000E+00        7.130   .4300   20.000   .473E-20   .000E+00
     99.462      2.441   .4300   20.000   .169E-10   .000E+00       30.524   .4300   20.000   .532E+00   .000E+00       47.709   .4300   20.000   .000E+00   .000E+00      -28.470   .3507   20.000   .000E+00   .000E+00        7.130   .4300   20.000   .610E-20   .000E+00
    100.000      2.441   .4300   20.000   .174E-10   .000E+00       30.524   .4300   20.000   .541E+00   .000E+00       47.709   .4300   20.000   .000E+00   .000E+00      -28.470   .3507   20.000   .000E+00   .000E+00        7.130   .4300   20.000   .784E-20   .000E+00
end
