

  TLevel   Time         dt     IterW IterC   ItCum  Peclet   Courant

     1  .10000E-02  .10000E-02    3    1      3     6.471      .087
     2  .23008E-02  .13008E-02    3    1      6     6.471      .093
     3  .39918E-02  .16910E-02    3    1      9     6.471      .099
     4  .61905E-02  .21987E-02    3    1     12     6.471      .104
     5  .90463E-02  .28558E-02    4    1     16     6.471      .112
     6  .11902E-01  .28558E-02    3    1     19     6.471      .095
     7  .15617E-01  .37147E-02    4    1     23     6.471      .103
     8  .19331E-01  .37147E-02    4    1     27     6.471      .088
     9  .23046E-01  .37147E-02    3    1     30     6.471      .078
    10  .27882E-01  .48364E-02    4    1     34     6.471      .089
    11  .32719E-01  .48364E-02    4    1     38     6.471      .081
    12  .37555E-01  .48364E-02    4    1     42     6.471      .075
    13  .42392E-01  .48364E-02    4    1     46     6.471      .070
    14  .47228E-01  .48364E-02    4    1     50     6.471      .066
    15  .52064E-01  .48364E-02    4    1     54     6.471      .063
    16  .56901E-01  .48364E-02    4    1     58     6.471      .060
    17  .61737E-01  .48364E-02    5    1     63     6.471      .058
    18  .66574E-01  .48364E-02    5    1     68     6.471      .056
    19  .71410E-01  .48364E-02    5    1     73     6.471      .055
    20  .76246E-01  .48364E-02    6    1     79     6.471      .055
    21  .81083E-01  .48364E-02    6    1     85     6.471      .054
    22  .85919E-01  .48364E-02    6    1     91     6.471      .053
    23  .90756E-01  .48364E-02    6    1     97     6.471      .052
    24  .95592E-01  .48364E-02    6    1    103     6.471      .052
    25  .10043E+00  .48364E-02    6    1    109     6.471      .052
    26  .10526E+00  .48364E-02    6    1    115     6.471      .052
    27  .11010E+00  .48364E-02    5    1    120     6.471      .051
    28  .11494E+00  .48364E-02    4    1    124     6.471      .051
    29  .11977E+00  .48364E-02    6    1    130     6.471      .051
    30  .12461E+00  .48364E-02    5    1    135     6.471      .052
    31  .12945E+00  .48364E-02    5    1    140     6.471      .050
    32  .13428E+00  .48364E-02    5    1    145     6.470      .047
    33  .13912E+00  .48364E-02    5    1    150     6.470      .047
    34  .14396E+00  .48364E-02    5    1    155     6.470      .047
    35  .14879E+00  .48364E-02    3    1    158     6.470      .047
    36  .15505E+00  .62589E-02    4    1    162     6.470      .060
    37  .16131E+00  .62589E-02    4    1    166     6.470      .058
    38  .16757E+00  .62589E-02    3    1    169     6.469      .057
    39  .17573E+00  .81611E-02    4    1    173     6.469      .072
    40  .18389E+00  .81611E-02    4    1    177     6.469      .071
    41  .19205E+00  .81611E-02    3    1    180     6.469      .071
    42  .20268E+00  .10631E-01    4    1    184     6.469      .091
    43  .21331E+00  .10631E-01    4    1    188     6.468      .090
    44  .22395E+00  .10631E-01    3    1    191     6.468      .088
    45  .23780E+00  .13858E-01    4    1    195     6.468      .113
    46  .25166E+00  .13858E-01    3    1    198     6.468      .111
    47  .26948E+00  .17818E-01    3    1    201     6.467      .140
    48  .29304E+00  .23565E-01    4    1    205     6.467      .182
    49  .31661E+00  .23565E-01    4    1    209     6.466      .180
    50  .34017E+00  .23565E-01    4    1    213     6.466      .178
    51  .36374E+00  .23565E-01    4    1    217     6.465      .176
    52  .38730E+00  .23565E-01    5    1    222     6.465      .175
    53  .41087E+00  .23565E-01    4    1    226     6.464      .175
    54  .43444E+00  .23565E-01    3    1    229     6.464      .174
    55  .46420E+00  .29767E-01    3    1    232     6.463      .215
    56  .50247E+00  .38271E-01    4    1    236     6.472      .269
    57  .54074E+00  .38271E-01    3    1    239     6.482      .263
    58  .59177E+00  .51028E-01    4    1    243     6.495      .341
    59  .64280E+00  .51028E-01    4    1    247     6.505      .333
    60  .69383E+00  .51028E-01    3    1    250     6.513      .326
    61  .75506E+00  .61234E-01    3    1    253     6.519      .382
    62  .83671E+00  .81645E-01    4    1    257     6.523      .496
    63  .91835E+00  .81645E-01    4    1    261     6.525      .484
    64  .10000E+01  .81645E-01    3    1    264     6.524      .473
    65  .11111E+01  .11111E+00    4    1    268     6.521      .625
    66  .12222E+01  .11111E+00    3    1    271     6.517      .608
    67  .13675E+01  .14530E+00    4    1    275     6.509      .769
    68  .15128E+01  .14530E+00    3    1    278     6.499      .744
    69  .17066E+01  .19373E+00    3    1    281     6.483      .953
    70  .19099E+01  .20338E+00    3    1    284     6.463      .960
    71  .21159E+01  .20600E+00    3    1    287     6.442      .930
    72  .23374E+01  .22149E+00    3    1    290     6.415      .968
    73  .25593E+01  .22188E+00    3    1    293     6.407      .942
    74  .27949E+01  .23559E+00    3    1    296     6.400      .971
    75  .30375E+01  .24258E+00    3    1    299     6.392      .971
    76  .32828E+01  .24532E+00    3    1    302     6.384      .956
    77  .35281E+01  .24532E+00    3    1    305     6.376      .932
    78  .37734E+01  .24532E+00    3    1    308     6.368      .910
    79  .40187E+01  .24532E+00    3    1    311     6.360      .889
    80  .42641E+01  .24532E+00    3    1    314     6.352      .870
    81  .45094E+01  .24532E+00    3    1    317     6.344      .853
    82  .47547E+01  .24532E+00    3    1    320     6.335      .836
    83  .50000E+01  .24532E+00    2    1    322     6.327      .821
    84  .52941E+01  .29412E+00    3    1    325     6.317      .964
    85  .55992E+01  .30503E+00    3    1    328     6.306      .980
    86  .59104E+01  .31123E+00    3    1    331     6.296      .980
    87  .62250E+01  .31459E+00    2    1    333     6.285      .972
    88  .65396E+01  .31459E+00    2    1    335     6.274      .955
    89  .68541E+01  .31459E+00    2    1    337     6.263      .939
    90  .71892E+01  .33504E+00    2    1    339     6.251      .984
    91  .75297E+01  .34054E+00    2    1    341     6.240      .984
    92  .78757E+01  .34594E+00    2    1    343     6.228      .983
    93  .82276E+01  .35192E+00    2    1    345     6.216      .983
    94  .85821E+01  .35449E+00    2    1    347     6.204      .973
    95  .89365E+01  .35449E+00    2    1    349     6.192      .958
    96  .92910E+01  .35449E+00    2    1    351     6.181      .943
    97  .96455E+01  .35449E+00    2    1    353     6.169      .929
    98  .10000E+02  .35448E+00    2    1    355     6.158      .916
    99  .10385E+02  .38462E+00    2    1    357     6.145      .980
   100  .10777E+02  .39256E+00    2    1    359     6.133      .986
   101  .11172E+02  .39508E+00    2    1    361     6.121      .979
   102  .11576E+02  .40354E+00    2    1    363     6.109      .987
   103  .11983E+02  .40679E+00    2    1    365     6.097      .982
   104  .12397E+02  .41405E+00    2    1    367     6.086      .988
   105  .12816E+02  .41913E+00    3    1    370     6.074      .988
   106  .13236E+02  .42015E+00    2    1    372     6.063      .980
   107  .13665E+02  .42883E+00    2    1    374     6.052      .989
   108  .14098E+02  .43354E+00    2    1    376     6.041      .990
   109  .14534E+02  .43607E+00    2    1    378     6.030      .985
   110  .14970E+02  .43607E+00    2    1    380     6.020      .976
   111  .15417E+02  .44679E+00    2    1    382     6.010      .991
   112  .15868E+02  .45098E+00    2    1    384     6.000      .991
   113  .16323E+02  .45504E+00    2    1    386     5.990      .991
   114  .16780E+02  .45667E+00    2    1    388     5.981      .987
   115  .17237E+02  .45667E+00    2    1    390     5.972      .979
   116  .17693E+02  .45667E+00    2    1    392     5.964      .972
   117  .18150E+02  .45667E+00    2    1    394     5.956      .965
   118  .18623E+02  .47337E+00    2    1    396     5.948      .993
   119  .19100E+02  .47671E+00    2    1    398     5.940      .993
   120  .19580E+02  .47994E+00    2    1    400     5.933      .994
   121  .20063E+02  .48305E+00    2    1    402     5.926      .994
   122  .20549E+02  .48605E+00    2    1    404     5.919      .994
   123  .21038E+02  .48894E+00    2    1    406     5.913      .994
   124  .21530E+02  .49172E+00    2    1    408     5.907      .995
   125  .22024E+02  .49439E+00    2    1    410     5.901      .995
   126  .22520E+02  .49598E+00    2    1    412     5.895      .993
   127  .23016E+02  .49598E+00    2    1    414     5.890      .989
   128  .23512E+02  .49598E+00    2    1    416     5.885      .984
   129  .24008E+02  .49598E+00    2    1    418     5.880      .980
   130  .24504E+02  .49598E+00    2    1    420     5.876      .976
   131  .25000E+02  .49598E+00    2    1    422     5.872      .973
   132  .25510E+02  .50985E+00    2    1    424     5.868      .996
   133  .26020E+02  .51021E+00    2    1    426     5.864      .994
   134  .26530E+02  .51021E+00    2    1    428     5.860      .991
   135  .27040E+02  .51021E+00    2    1    430     5.857      .988
   136  .27557E+02  .51660E+00    2    1    432     5.853      .997
   137  .28075E+02  .51807E+00    2    1    434     5.850      .997
   138  .28595E+02  .51946E+00    2    1    436     5.847      .997
   139  .29115E+02  .52077E+00    2    1    438     5.845      .998
   140  .29637E+02  .52201E+00    2    1    440     5.842      .998
   141  .30160E+02  .52212E+00    2    1    442     5.840      .996
   142  .30682E+02  .52212E+00    2    1    444     5.838      .994
   143  .31204E+02  .52212E+00    2    1    446     5.836      .992
   144  .31726E+02  .52212E+00    2    1    448     5.834      .990
   145  .32248E+02  .52212E+00    2    1    450     5.832      .989
   146  .32770E+02  .52212E+00    2    1    452     5.830      .987
   147  .33292E+02  .52212E+00    2    1    454     5.828      .986
   148  .33814E+02  .52212E+00    2    1    456     5.827      .985
   149  .34336E+02  .52212E+00    2    1    458     5.825      .984
   150  .34859E+02  .52212E+00    2    1    460     5.824      .983
   151  .35390E+02  .53142E+00    2    1    462     5.823      .999
   152  .35922E+02  .53198E+00    2    1    464     5.822      .999
   153  .36454E+02  .53251E+00    2    1    466     5.821      .999
   154  .36987E+02  .53300E+00    2    1    468     5.820      .999
   155  .37521E+02  .53346E+00    2    1    470     5.819      .999
   156  .38055E+02  .53389E+00    2    1    472     5.818      .999
   157  .38589E+02  .53429E+00    2    1    474     5.817      .999
   158  .39124E+02  .53466E+00    2    1    476     5.816      .999
   159  .39659E+02  .53500E+00    2    1    478     5.815      .999
   160  .40194E+02  .53533E+00    2    1    480     5.815      .999
   161  .40730E+02  .53563E+00    2    1    482     5.814      .999
   162  .41266E+02  .53591E+00    2    1    484     5.813     1.000
   163  .41802E+02  .53617E+00    2    1    486     5.813     1.000
   164  .42338E+02  .53641E+00    2    1    488     5.812     1.000
   165  .42875E+02  .53664E+00    2    1    490     5.812     1.000
   166  .43412E+02  .53685E+00    2    1    492     5.811     1.000
   167  .43949E+02  .53704E+00    2    1    494     5.811     1.000
   168  .44486E+02  .53722E+00    2    1    496     5.811     1.000
   169  .45023E+02  .53738E+00    2    1    498     5.810     1.000
   170  .45561E+02  .53753E+00    2    1    500     5.810     1.000
   171  .46099E+02  .53768E+00    2    1    502     5.810     1.000
   172  .46636E+02  .53781E+00    2    1    504     5.809     1.000
   173  .47174E+02  .53793E+00    2    1    506     5.809     1.000
   174  .47712E+02  .53804E+00    2    1    508     5.809     1.000
   175  .48250E+02  .53814E+00    2    1    510     5.808     1.000
   176  .48789E+02  .53824E+00    2    1    512     5.808     1.000
   177  .49327E+02  .53833E+00    2    1    514     5.808     1.000
   178  .49664E+02  .33647E+00    2    1    516     5.808      .625
   179  .50000E+02  .33647E+00    2    1    518     5.808      .625
   180  .50538E+02  .53763E+00    2    1    520     5.808      .998
   181  .51075E+02  .53763E+00    2    1    522     5.807      .998
   182  .51613E+02  .53763E+00    2    1    524     5.807      .998
   183  .52151E+02  .53763E+00    2    1    526     5.807      .998
   184  .52688E+02  .53763E+00    2    1    528     5.807      .998
   185  .53226E+02  .53763E+00    2    1    530     5.807      .998
   186  .53763E+02  .53763E+00    2    1    532     5.807      .998
   187  .54301E+02  .53763E+00    2    1    534     5.807      .998
   188  .54839E+02  .53763E+00    2    1    536     5.807      .998
   189  .55376E+02  .53763E+00    2    1    538     5.806      .997
   190  .55914E+02  .53763E+00    2    1    540     5.806      .997
   191  .56452E+02  .53763E+00    2    1    542     5.806      .997
   192  .56989E+02  .53763E+00    2    1    544     5.806      .997
   193  .57527E+02  .53763E+00    2    1    546     5.806      .997
   194  .58065E+02  .53763E+00    2    1    548     5.806      .997
   195  .58602E+02  .53763E+00    2    1    550     5.806      .997
   196  .59140E+02  .53763E+00    2    1    552     5.806      .997
   197  .59677E+02  .53763E+00    2    1    554     5.806      .997
   198  .60215E+02  .53763E+00    2    1    556     5.806      .997
   199  .60753E+02  .53763E+00    2    1    558     5.806      .997
   200  .61290E+02  .53763E+00    2    1    560     5.806      .997
   201  .61828E+02  .53763E+00    2    1    562     5.806      .997
   202  .62366E+02  .53763E+00    2    1    564     5.806      .997
   203  .62903E+02  .53763E+00    2    1    566     5.806      .997
   204  .63441E+02  .53763E+00    2    1    568     5.806      .997
   205  .63979E+02  .53763E+00    2    1    570     5.806      .997
   206  .64516E+02  .53763E+00    2    1    572     5.806      .997
   207  .65054E+02  .53763E+00    2    1    574     5.806      .997
   208  .65591E+02  .53763E+00    2    1    576     5.806      .997
   209  .66129E+02  .53763E+00    2    1    578     5.806      .997
   210  .66667E+02  .53763E+00    2    1    580     5.806      .997
   211  .67204E+02  .53763E+00    2    1    582     5.806      .997
   212  .67742E+02  .53763E+00    2    1    584     5.806      .997
   213  .68280E+02  .53763E+00    2    1    586     5.806      .997
   214  .68817E+02  .53763E+00    2    1    588     5.806      .997
   215  .69355E+02  .53763E+00    2    1    590     5.805      .997
   216  .69893E+02  .53763E+00    2    1    592     5.805      .997
   217  .70430E+02  .53763E+00    2    1    594     5.805      .997
   218  .70968E+02  .53763E+00    2    1    596     5.805      .997
   219  .71505E+02  .53763E+00    2    1    598     5.805      .997
   220  .72043E+02  .53763E+00    2    1    600     5.805      .997
   221  .72581E+02  .53763E+00    2    1    602     5.805      .997
   222  .73118E+02  .53763E+00    2    1    604     5.805      .997
   223  .73656E+02  .53763E+00    2    1    606     5.805      .997
   224  .74194E+02  .53763E+00    2    1    608     5.805      .997
   225  .74731E+02  .53763E+00    2    1    610     5.805      .997
   226  .75269E+02  .53763E+00    2    1    612     5.805      .997
   227  .75807E+02  .53763E+00    2    1    614     5.805      .997
   228  .76344E+02  .53763E+00    2    1    616     5.805      .997
   229  .76882E+02  .53763E+00    2    1    618     5.805      .997
   230  .77419E+02  .53763E+00    2    1    620     5.805      .997
   231  .77957E+02  .53763E+00    2    1    622     5.805      .997
   232  .78495E+02  .53763E+00    2    1    624     5.805      .997
   233  .79032E+02  .53763E+00    2    1    626     5.805      .997
   234  .79570E+02  .53763E+00    2    1    628     5.805      .997
   235  .80108E+02  .53763E+00    2    1    630     5.805      .997
   236  .80645E+02  .53763E+00    2    1    632     5.805      .997
   237  .81183E+02  .53763E+00    2    1    634     5.805      .997
   238  .81721E+02  .53763E+00    2    1    636     5.805      .997
   239  .82258E+02  .53763E+00    2    1    638     5.805      .997
   240  .82796E+02  .53763E+00    2    1    640     5.805      .997
   241  .83333E+02  .53763E+00    2    1    642     5.805      .997
   242  .83871E+02  .53763E+00    2    1    644     5.805      .997
   243  .84409E+02  .53763E+00    2    1    646     5.805      .997
   244  .84946E+02  .53763E+00    2    1    648     5.805      .997
   245  .85484E+02  .53763E+00    2    1    650     5.805      .997
   246  .86022E+02  .53763E+00    2    1    652     5.805      .997
   247  .86559E+02  .53763E+00    2    1    654     5.805      .997
   248  .87097E+02  .53763E+00    2    1    656     5.805      .997
   249  .87634E+02  .53763E+00    2    1    658     5.805      .997
   250  .88172E+02  .53763E+00    2    1    660     5.805      .997
   251  .88710E+02  .53763E+00    2    1    662     5.805      .997
   252  .89247E+02  .53763E+00    2    1    664     5.805      .997
   253  .89785E+02  .53763E+00    2    1    666     5.805      .997
   254  .90323E+02  .53763E+00    2    1    668     5.805      .997
   255  .90860E+02  .53763E+00    2    1    670     5.805      .997
   256  .91398E+02  .53763E+00    2    1    672     5.805      .997
   257  .91936E+02  .53763E+00    2    1    674     5.805      .997
   258  .92473E+02  .53763E+00    2    1    676     5.805      .997
   259  .93011E+02  .53763E+00    2    1    678     5.805      .997
   260  .93548E+02  .53763E+00    2    1    680     5.805      .997
   261  .94086E+02  .53763E+00    2    1    682     5.805      .997
   262  .94624E+02  .53763E+00    2    1    684     5.805      .997
   263  .95161E+02  .53763E+00    2    1    686     5.805      .997
   264  .95699E+02  .53763E+00    2    1    688     5.805      .997
   265  .96237E+02  .53763E+00    2    1    690     5.805      .997
   266  .96774E+02  .53763E+00    2    1    692     5.805      .997
   267  .97312E+02  .53763E+00    2    1    694     5.805      .997
   268  .97849E+02  .53763E+00    2    1    696     5.805      .997
   269  .98387E+02  .53763E+00    2    1    698     5.805      .997
   270  .98925E+02  .53763E+00    2    1    700     5.805      .997
   271  .99462E+02  .53763E+00    2    1    702     5.805      .997
   272  .10000E+03  .53763E+00    2    1    704     5.805      .997
end
 
 Real time [sec]    1500.000000000000000
