 All solute fluxes (SMean) and cumulative solute fluxes (ChemS) are positive out of the region

       Time     CumCh0     CumCh1     CumChR     CumChN   --------------------  ChemS(i),i=1,NumKD  ----------------------  ---------------------  SMean(j),j=1,NumKD ----------------------
        [T]    [VM/L3]    [VM/L3]    [VM/L3]    [VM/L3]                               [VM/L3]                                                           [VM/T/L3]

         .00   .000E+00   .000E+00   .000E+00   .000E+00  -.102E+02   .000E+00   .000E+00   .000E+00   .000E+00   .000E+00  -.102E+05   .000E+00   .000E+00   .000E+00   .000E+00   .000E+00
         .00   .000E+00   .000E+00   .000E+00   .000E+00  -.217E+02   .000E+00   .000E+00   .000E+00   .000E+00   .000E+00  -.883E+04   .000E+00   .000E+00   .000E+00   .000E+00   .000E+00
         .00   .000E+00   .000E+00   .000E+00   .000E+00  -.345E+02   .000E+00   .000E+00   .000E+00   .000E+00   .000E+00  -.760E+04   .000E+00   .000E+00   .000E+00   .000E+00   .000E+00
         .01   .000E+00   .000E+00   .000E+00   .000E+00  -.488E+02   .000E+00   .000E+00   .000E+00   .000E+00   .000E+00  -.650E+04   .000E+00   .000E+00   .000E+00   .000E+00   .000E+00
         .01   .000E+00   .000E+00   .000E+00   .000E+00  -.646E+02   .000E+00   .000E+00   .000E+00   .000E+00   .000E+00  -.553E+04   .000E+00   .000E+00   .000E+00   .000E+00   .000E+00
         .01   .000E+00   .000E+00   .000E+00   .000E+00  -.784E+02   .000E+00   .000E+00   .000E+00   .000E+00   .000E+00  -.484E+04   .000E+00   .000E+00   .000E+00   .000E+00   .000E+00
         .02   .000E+00   .000E+00   .000E+00   .000E+00  -.942E+02   .000E+00   .000E+00   .000E+00   .000E+00   .000E+00  -.425E+04   .000E+00   .000E+00   .000E+00   .000E+00   .000E+00
         .02   .000E+00   .000E+00   .000E+00   .000E+00  -.109E+03   .000E+00   .000E+00   .000E+00   .000E+00   .000E+00  -.384E+04   .000E+00   .000E+00   .000E+00   .000E+00   .000E+00
         .02   .000E+00   .000E+00   .000E+00   .000E+00  -.122E+03   .000E+00   .000E+00   .000E+00   .000E+00   .000E+00  -.356E+04   .000E+00   .000E+00   .000E+00   .000E+00   .000E+00
         .03   .000E+00   .000E+00   .000E+00   .000E+00  -.138E+03   .000E+00   .000E+00   .000E+00   .000E+00   .000E+00  -.332E+04   .000E+00   .000E+00   .000E+00   .000E+00   .000E+00
         .03   .000E+00   .000E+00   .000E+00   .000E+00  -.153E+03   .000E+00   .000E+00   .000E+00   .000E+00   .000E+00  -.316E+04   .000E+00   .000E+00   .000E+00   .000E+00   .000E+00
         .04   .000E+00   .000E+00   .000E+00   .000E+00  -.168E+03   .000E+00   .000E+00   .000E+00   .000E+00   .000E+00  -.304E+04   .000E+00   .000E+00   .000E+00   .000E+00   .000E+00
         .04   .000E+00   .000E+00   .000E+00   .000E+00  -.182E+03   .000E+00   .000E+00   .000E+00   .000E+00   .000E+00  -.295E+04   .000E+00   .000E+00   .000E+00   .000E+00   .000E+00
         .05   .000E+00   .000E+00   .000E+00   .000E+00  -.196E+03   .000E+00   .000E+00   .000E+00   .000E+00   .000E+00  -.289E+04   .000E+00   .000E+00   .000E+00   .000E+00   .000E+00
         .05   .000E+00   .000E+00   .000E+00   .000E+00  -.210E+03   .000E+00   .000E+00   .000E+00   .000E+00   .000E+00  -.284E+04   .000E+00   .000E+00   .000E+00   .000E+00   .000E+00
         .06   .000E+00   .000E+00   .000E+00   .000E+00  -.223E+03   .000E+00   .000E+00   .000E+00   .000E+00   .000E+00  -.280E+04   .000E+00   .000E+00   .000E+00   .000E+00   .000E+00
         .06   .000E+00   .000E+00   .000E+00   .000E+00  -.237E+03   .000E+00   .000E+00   .000E+00   .000E+00   .000E+00  -.278E+04   .000E+00   .000E+00   .000E+00   .000E+00   .000E+00
         .07   .000E+00   .000E+00   .000E+00   .000E+00  -.250E+03   .000E+00   .000E+00   .000E+00   .000E+00   .000E+00  -.277E+04   .000E+00   .000E+00   .000E+00   .000E+00   .000E+00
         .07   .000E+00   .000E+00   .000E+00   .000E+00  -.264E+03   .000E+00   .000E+00   .000E+00   .000E+00   .000E+00  -.277E+04   .000E+00   .000E+00   .000E+00   .000E+00   .000E+00
         .08   .000E+00   .000E+00   .000E+00   .000E+00  -.277E+03   .000E+00   .000E+00   .000E+00   .000E+00   .000E+00  -.277E+04   .000E+00   .000E+00   .000E+00   .000E+00   .000E+00
         .08   .000E+00   .000E+00   .000E+00   .000E+00  -.290E+03   .000E+00   .000E+00   .000E+00   .000E+00   .000E+00  -.275E+04   .000E+00   .000E+00   .000E+00   .000E+00   .000E+00
         .09   .000E+00   .000E+00   .000E+00   .000E+00  -.304E+03   .000E+00   .000E+00   .000E+00   .000E+00   .000E+00  -.275E+04   .000E+00   .000E+00   .000E+00   .000E+00   .000E+00
         .09   .000E+00   .000E+00   .000E+00   .000E+00  -.317E+03   .000E+00   .000E+00   .000E+00   .000E+00   .000E+00  -.275E+04   .000E+00   .000E+00   .000E+00   .000E+00   .000E+00
         .10   .000E+00   .000E+00   .000E+00   .000E+00  -.330E+03   .000E+00   .000E+00   .000E+00   .000E+00   .000E+00  -.275E+04   .000E+00   .000E+00   .000E+00   .000E+00   .000E+00
         .10   .000E+00   .000E+00   .000E+00   .000E+00  -.343E+03   .000E+00   .000E+00   .000E+00   .000E+00   .000E+00  -.275E+04   .000E+00   .000E+00   .000E+00   .000E+00   .000E+00
         .11   .000E+00   .000E+00   .000E+00   .000E+00  -.357E+03   .000E+00   .000E+00   .000E+00   .000E+00   .000E+00  -.276E+04   .000E+00   .000E+00   .000E+00   .000E+00   .000E+00
         .11   .000E+00   .000E+00   .000E+00   .000E+00  -.370E+03   .000E+00   .000E+00   .000E+00   .000E+00   .000E+00  -.275E+04   .000E+00   .000E+00   .000E+00   .000E+00   .000E+00
         .11   .000E+00   .000E+00   .000E+00   .000E+00  -.383E+03   .000E+00   .000E+00   .000E+00   .000E+00   .000E+00  -.275E+04   .000E+00   .000E+00   .000E+00   .000E+00   .000E+00
         .12   .000E+00   .000E+00   .000E+00   .000E+00  -.397E+03   .000E+00   .000E+00   .000E+00   .000E+00   .000E+00  -.275E+04   .000E+00   .000E+00   .000E+00   .000E+00   .000E+00
         .12   .000E+00   .000E+00   .000E+00   .000E+00  -.410E+03   .000E+00   .000E+00   .000E+00   .000E+00   .000E+00  -.274E+04   .000E+00   .000E+00   .000E+00   .000E+00   .000E+00
         .13   .000E+00   .000E+00   .000E+00   .000E+00  -.423E+03   .000E+00   .000E+00   .000E+00   .000E+00   .000E+00  -.272E+04   .000E+00   .000E+00   .000E+00   .000E+00   .000E+00
         .13   .000E+00   .000E+00   .000E+00   .000E+00  -.436E+03   .000E+00   .000E+00   .000E+00   .000E+00   .000E+00  -.258E+04   .000E+00   .000E+00   .000E+00   .000E+00   .000E+00
         .14   .000E+00   .000E+00   .000E+00   .000E+00  -.448E+03   .000E+00   .000E+00   .000E+00   .000E+00   .000E+00  -.248E+04   .000E+00   .000E+00   .000E+00   .000E+00   .000E+00
         .14   .000E+00   .000E+00   .000E+00   .000E+00  -.459E+03   .000E+00   .000E+00   .000E+00   .000E+00   .000E+00  -.240E+04   .000E+00   .000E+00   .000E+00   .000E+00   .000E+00
         .15   .000E+00   .000E+00   .000E+00   .000E+00  -.471E+03   .000E+00   .000E+00   .000E+00   .000E+00   .000E+00  -.233E+04   .000E+00   .000E+00   .000E+00   .000E+00   .000E+00
         .16   .000E+00   .000E+00   .000E+00   .000E+00  -.485E+03   .000E+00   .000E+00   .000E+00   .000E+00   .000E+00  -.229E+04   .000E+00   .000E+00   .000E+00   .000E+00   .000E+00
         .16   .000E+00   .000E+00   .000E+00   .000E+00  -.499E+03   .000E+00   .000E+00   .000E+00   .000E+00   .000E+00  -.222E+04   .000E+00   .000E+00   .000E+00   .000E+00   .000E+00
         .17   .000E+00   .000E+00   .000E+00   .000E+00  -.512E+03   .000E+00   .000E+00   .000E+00   .000E+00   .000E+00  -.216E+04   .000E+00   .000E+00   .000E+00   .000E+00   .000E+00
         .18   .000E+00   .000E+00   .000E+00   .000E+00  -.530E+03   .000E+00   .000E+00   .000E+00   .000E+00   .000E+00  -.211E+04   .000E+00   .000E+00   .000E+00   .000E+00   .000E+00
         .18   .000E+00   .000E+00   .000E+00   .000E+00  -.546E+03   .000E+00   .000E+00   .000E+00   .000E+00   .000E+00  -.207E+04   .000E+00   .000E+00   .000E+00   .000E+00   .000E+00
         .19   .000E+00   .000E+00   .000E+00   .000E+00  -.563E+03   .000E+00   .000E+00   .000E+00   .000E+00   .000E+00  -.203E+04   .000E+00   .000E+00   .000E+00   .000E+00   .000E+00
         .20   .000E+00   .000E+00   .000E+00   .000E+00  -.584E+03   .000E+00   .000E+00   .000E+00   .000E+00   .000E+00  -.199E+04   .000E+00   .000E+00   .000E+00   .000E+00   .000E+00
         .21   .000E+00   .000E+00   .000E+00   .000E+00  -.605E+03   .000E+00   .000E+00   .000E+00   .000E+00   .000E+00  -.196E+04   .000E+00   .000E+00   .000E+00   .000E+00   .000E+00
         .22   .000E+00   .000E+00   .000E+00   .000E+00  -.625E+03   .000E+00   .000E+00   .000E+00   .000E+00   .000E+00  -.191E+04   .000E+00   .000E+00   .000E+00   .000E+00   .000E+00
         .24   .000E+00   .000E+00   .000E+00   .000E+00  -.651E+03   .000E+00   .000E+00   .000E+00   .000E+00   .000E+00  -.187E+04   .000E+00   .000E+00   .000E+00   .000E+00   .000E+00
         .25   .000E+00   .000E+00   .000E+00   .000E+00  -.677E+03   .000E+00   .000E+00   .000E+00   .000E+00   .000E+00  -.183E+04   .000E+00   .000E+00   .000E+00   .000E+00   .000E+00
         .27   .000E+00   .000E+00   .000E+00   .000E+00  -.708E+03   .000E+00   .000E+00   .000E+00   .000E+00   .000E+00  -.178E+04   .000E+00   .000E+00   .000E+00   .000E+00   .000E+00
         .29   .000E+00   .000E+00   .000E+00   .000E+00  -.749E+03   .000E+00   .000E+00   .000E+00   .000E+00   .000E+00  -.174E+04   .000E+00   .000E+00   .000E+00   .000E+00   .000E+00
         .32   .000E+00   .000E+00   .000E+00   .000E+00  -.789E+03   .000E+00   .000E+00   .000E+00   .000E+00   .000E+00  -.170E+04   .000E+00   .000E+00   .000E+00   .000E+00   .000E+00
         .34   .000E+00   .000E+00   .000E+00   .000E+00  -.829E+03   .000E+00   .000E+00   .000E+00   .000E+00   .000E+00  -.167E+04   .000E+00   .000E+00   .000E+00   .000E+00   .000E+00
         .36   .000E+00   .000E+00   .000E+00   .000E+00  -.867E+03   .000E+00   .000E+00   .000E+00   .000E+00   .000E+00  -.164E+04   .000E+00   .000E+00   .000E+00   .000E+00   .000E+00
         .39   .000E+00   .000E+00   .000E+00   .000E+00  -.905E+03   .000E+00   .000E+00   .000E+00   .000E+00   .000E+00  -.161E+04   .000E+00   .000E+00   .000E+00   .000E+00   .000E+00
         .41   .000E+00   .000E+00   .000E+00   .000E+00  -.943E+03   .000E+00   .000E+00   .000E+00   .000E+00   .000E+00  -.159E+04   .000E+00   .000E+00   .000E+00   .000E+00   .000E+00
         .43   .000E+00   .000E+00   .000E+00   .000E+00  -.979E+03   .000E+00   .000E+00   .000E+00   .000E+00   .000E+00  -.156E+04   .000E+00   .000E+00   .000E+00   .000E+00   .000E+00
         .46   .000E+00   .000E+00   .000E+00   .000E+00  -.102E+04   .000E+00   .000E+00   .000E+00   .000E+00   .000E+00  -.152E+04   .000E+00   .000E+00   .000E+00   .000E+00   .000E+00
         .50   .000E+00   .000E+00   .000E+00   .000E+00  -.108E+04   .000E+00   .000E+00   .000E+00   .000E+00   .000E+00  -.149E+04   .000E+00   .000E+00   .000E+00   .000E+00   .000E+00
         .54   .000E+00   .000E+00   .000E+00   .000E+00  -.114E+04   .000E+00   .000E+00   .000E+00   .000E+00   .000E+00  -.146E+04   .000E+00   .000E+00   .000E+00   .000E+00   .000E+00
         .59   .000E+00   .000E+00   .000E+00   .000E+00  -.121E+04   .000E+00   .000E+00   .000E+00   .000E+00   .000E+00  -.142E+04   .000E+00   .000E+00   .000E+00   .000E+00   .000E+00
         .64   .000E+00   .000E+00   .000E+00   .000E+00  -.128E+04   .000E+00   .000E+00   .000E+00   .000E+00   .000E+00  -.139E+04   .000E+00   .000E+00   .000E+00   .000E+00   .000E+00
         .69   .000E+00   .000E+00   .000E+00   .000E+00  -.135E+04   .000E+00   .000E+00   .000E+00   .000E+00   .000E+00  -.136E+04   .000E+00   .000E+00   .000E+00   .000E+00   .000E+00
         .76   .000E+00   .000E+00   .000E+00   .000E+00  -.143E+04   .000E+00   .000E+00   .000E+00   .000E+00   .000E+00  -.133E+04   .000E+00   .000E+00   .000E+00   .000E+00   .000E+00
         .84   .000E+00   .000E+00   .000E+00   .000E+00  -.154E+04   .000E+00   .000E+00   .000E+00   .000E+00   .000E+00  -.129E+04   .000E+00   .000E+00   .000E+00   .000E+00   .000E+00
         .92   .000E+00   .000E+00   .000E+00   .000E+00  -.164E+04   .000E+00   .000E+00   .000E+00   .000E+00   .000E+00  -.126E+04   .000E+00   .000E+00   .000E+00   .000E+00   .000E+00
        1.00   .000E+00   .000E+00   .000E+00   .000E+00  -.174E+04   .000E+00   .000E+00   .000E+00   .000E+00   .000E+00  -.123E+04   .000E+00   .000E+00   .000E+00   .000E+00   .000E+00
        1.11   .000E+00   .000E+00   .000E+00   .000E+00  -.187E+04   .000E+00   .000E+00   .000E+00   .000E+00   .000E+00  -.120E+04   .000E+00   .000E+00   .000E+00   .000E+00   .000E+00
        1.22   .000E+00   .000E+00   .000E+00   .000E+00  -.200E+04   .000E+00   .000E+00   .000E+00   .000E+00   .000E+00  -.117E+04   .000E+00   .000E+00   .000E+00   .000E+00   .000E+00
        1.37   .000E+00   .000E+00   .000E+00   .000E+00  -.217E+04   .000E+00   .000E+00   .000E+00   .000E+00   .000E+00  -.113E+04   .000E+00   .000E+00   .000E+00   .000E+00   .000E+00
        1.51   .000E+00   .000E+00   .000E+00   .000E+00  -.233E+04   .000E+00   .000E+00   .000E+00   .000E+00   .000E+00  -.110E+04   .000E+00   .000E+00   .000E+00   .000E+00   .000E+00
        1.71   .000E+00   .000E+00   .000E+00   .000E+00  -.253E+04   .000E+00   .000E+00   .000E+00   .000E+00   .000E+00  -.106E+04   .000E+00   .000E+00   .000E+00   .000E+00   .000E+00
        1.91   .000E+00   .000E+00   .000E+00   .000E+00  -.274E+04   .000E+00   .000E+00   .000E+00   .000E+00   .000E+00  -.102E+04   .000E+00   .000E+00   .000E+00   .000E+00   .000E+00
        2.12   .000E+00   .000E+00   .000E+00   .000E+00  -.294E+04   .000E+00   .000E+00   .000E+00   .000E+00   .000E+00  -.990E+03   .000E+00   .000E+00   .000E+00   .000E+00   .000E+00
        2.34   .000E+00   .000E+00   .000E+00   .000E+00  -.315E+04   .000E+00   .000E+00   .000E+00   .000E+00   .000E+00  -.955E+03   .000E+00   .000E+00   .000E+00   .000E+00   .000E+00
        2.56   .000E+00   .000E+00   .000E+00   .000E+00  -.336E+04   .000E+00   .000E+00   .000E+00   .000E+00   .000E+00  -.924E+03   .000E+00   .000E+00   .000E+00   .000E+00   .000E+00
        2.79   .000E+00   .000E+00   .000E+00   .000E+00  -.357E+04   .000E+00   .000E+00   .000E+00   .000E+00   .000E+00  -.896E+03   .000E+00   .000E+00   .000E+00   .000E+00   .000E+00
        3.04   .000E+00   .000E+00   .000E+00   .000E+00  -.378E+04   .000E+00   .000E+00   .000E+00   .000E+00   .000E+00  -.868E+03   .000E+00   .000E+00   .000E+00   .000E+00   .000E+00
        3.28   .000E+00   .000E+00   .000E+00   .000E+00  -.399E+04   .000E+00   .000E+00   .000E+00   .000E+00   .000E+00  -.842E+03   .000E+00   .000E+00   .000E+00   .000E+00   .000E+00
        3.53   .000E+00   .000E+00   .000E+00   .000E+00  -.419E+04   .000E+00   .000E+00   .000E+00   .000E+00   .000E+00  -.818E+03   .000E+00   .000E+00   .000E+00   .000E+00   .000E+00
        3.77   .000E+00   .000E+00   .000E+00   .000E+00  -.438E+04   .000E+00   .000E+00   .000E+00   .000E+00   .000E+00  -.796E+03   .000E+00   .000E+00   .000E+00   .000E+00   .000E+00
        4.02   .000E+00   .000E+00   .000E+00   .000E+00  -.457E+04   .000E+00   .000E+00   .000E+00   .000E+00   .000E+00  -.775E+03   .000E+00   .000E+00   .000E+00   .000E+00   .000E+00
        4.26   .000E+00   .000E+00   .000E+00   .000E+00  -.476E+04   .000E+00   .000E+00   .000E+00   .000E+00   .000E+00  -.756E+03   .000E+00   .000E+00   .000E+00   .000E+00   .000E+00
        4.51   .000E+00   .000E+00   .000E+00   .000E+00  -.494E+04   .000E+00   .000E+00   .000E+00   .000E+00   .000E+00  -.739E+03   .000E+00   .000E+00   .000E+00   .000E+00   .000E+00
        4.75   .000E+00   .000E+00   .000E+00   .000E+00  -.512E+04   .000E+00   .000E+00   .000E+00   .000E+00   .000E+00  -.722E+03   .000E+00   .000E+00   .000E+00   .000E+00   .000E+00
        5.00   .000E+00   .000E+00   .000E+00   .000E+00  -.529E+04   .000E+00   .000E+00   .000E+00   .000E+00   .000E+00  -.706E+03   .000E+00   .000E+00   .000E+00   .000E+00   .000E+00
        5.29   .000E+00   .000E+00   .000E+00   .000E+00  -.549E+04   .000E+00   .000E+00   .000E+00   .000E+00   .000E+00  -.690E+03   .000E+00   .000E+00   .000E+00   .000E+00   .000E+00
        5.60   .000E+00   .000E+00   .000E+00   .000E+00  -.570E+04   .000E+00   .000E+00   .000E+00   .000E+00   .000E+00  -.673E+03   .000E+00   .000E+00   .000E+00   .000E+00   .000E+00
        5.91   .000E+00   .000E+00   .000E+00   .000E+00  -.590E+04   .000E+00   .000E+00   .000E+00   .000E+00   .000E+00  -.658E+03   .000E+00   .000E+00   .000E+00   .000E+00   .000E+00
        6.22   .000E+00   .000E+00   .000E+00   .000E+00  -.611E+04   .000E+00   .000E+00   .000E+00   .000E+00   .000E+00  -.642E+03   .000E+00   .000E+00   .000E+00   .000E+00   .000E+00
        6.54   .000E+00   .000E+00   .000E+00   .000E+00  -.630E+04   .000E+00   .000E+00   .000E+00   .000E+00   .000E+00  -.628E+03   .000E+00   .000E+00   .000E+00   .000E+00   .000E+00
        6.85   .000E+00   .000E+00   .000E+00   .000E+00  -.650E+04   .000E+00   .000E+00   .000E+00   .000E+00   .000E+00  -.616E+03   .000E+00   .000E+00   .000E+00   .000E+00   .000E+00
        7.19   .000E+00   .000E+00   .000E+00   .000E+00  -.670E+04   .000E+00   .000E+00   .000E+00   .000E+00   .000E+00  -.603E+03   .000E+00   .000E+00   .000E+00   .000E+00   .000E+00
        7.53   .000E+00   .000E+00   .000E+00   .000E+00  -.690E+04   .000E+00   .000E+00   .000E+00   .000E+00   .000E+00  -.591E+03   .000E+00   .000E+00   .000E+00   .000E+00   .000E+00
        7.88   .000E+00   .000E+00   .000E+00   .000E+00  -.710E+04   .000E+00   .000E+00   .000E+00   .000E+00   .000E+00  -.579E+03   .000E+00   .000E+00   .000E+00   .000E+00   .000E+00
        8.23   .000E+00   .000E+00   .000E+00   .000E+00  -.730E+04   .000E+00   .000E+00   .000E+00   .000E+00   .000E+00  -.568E+03   .000E+00   .000E+00   .000E+00   .000E+00   .000E+00
        8.58   .000E+00   .000E+00   .000E+00   .000E+00  -.750E+04   .000E+00   .000E+00   .000E+00   .000E+00   .000E+00  -.557E+03   .000E+00   .000E+00   .000E+00   .000E+00   .000E+00
        8.94   .000E+00   .000E+00   .000E+00   .000E+00  -.769E+04   .000E+00   .000E+00   .000E+00   .000E+00   .000E+00  -.547E+03   .000E+00   .000E+00   .000E+00   .000E+00   .000E+00
        9.29   .000E+00   .000E+00   .000E+00   .000E+00  -.788E+04   .000E+00   .000E+00   .000E+00   .000E+00   .000E+00  -.537E+03   .000E+00   .000E+00   .000E+00   .000E+00   .000E+00
        9.65   .000E+00   .000E+00   .000E+00   .000E+00  -.807E+04   .000E+00   .000E+00   .000E+00   .000E+00   .000E+00  -.528E+03   .000E+00   .000E+00   .000E+00   .000E+00   .000E+00
       10.00   .000E+00   .000E+00   .000E+00   .000E+00  -.825E+04   .000E+00   .000E+00   .000E+00   .000E+00   .000E+00  -.519E+03   .000E+00   .000E+00   .000E+00   .000E+00   .000E+00
       10.38   .000E+00   .000E+00   .000E+00   .000E+00  -.845E+04   .000E+00   .000E+00   .000E+00   .000E+00   .000E+00  -.511E+03   .000E+00   .000E+00   .000E+00   .000E+00   .000E+00
       10.78   .000E+00   .000E+00   .000E+00   .000E+00  -.865E+04   .000E+00   .000E+00   .000E+00   .000E+00   .000E+00  -.502E+03   .000E+00   .000E+00   .000E+00   .000E+00   .000E+00
       11.17   .000E+00   .000E+00   .000E+00   .000E+00  -.884E+04   .000E+00   .000E+00   .000E+00   .000E+00   .000E+00  -.494E+03   .000E+00   .000E+00   .000E+00   .000E+00   .000E+00
       11.58   .000E+00   .000E+00   .000E+00   .000E+00  -.904E+04   .000E+00   .000E+00   .000E+00   .000E+00   .000E+00  -.487E+03   .000E+00   .000E+00   .000E+00   .000E+00   .000E+00
       11.98   .000E+00   .000E+00   .000E+00   .000E+00  -.923E+04   .000E+00   .000E+00   .000E+00   .000E+00   .000E+00  -.479E+03   .000E+00   .000E+00   .000E+00   .000E+00   .000E+00
       12.40   .000E+00   .000E+00   .000E+00   .000E+00  -.943E+04   .000E+00   .000E+00   .000E+00   .000E+00   .000E+00  -.472E+03   .000E+00   .000E+00   .000E+00   .000E+00   .000E+00
       12.82   .000E+00   .000E+00   .000E+00   .000E+00  -.962E+04   .000E+00   .000E+00   .000E+00   .000E+00   .000E+00  -.466E+03   .000E+00   .000E+00   .000E+00   .000E+00   .000E+00
       13.24   .000E+00   .000E+00   .000E+00   .000E+00  -.982E+04   .000E+00   .000E+00   .000E+00   .000E+00   .000E+00  -.459E+03   .000E+00   .000E+00   .000E+00   .000E+00   .000E+00
       13.66   .000E+00   .000E+00   .000E+00   .000E+00  -.100E+05   .000E+00   .000E+00   .000E+00   .000E+00   .000E+00  -.453E+03   .000E+00   .000E+00   .000E+00   .000E+00   .000E+00
       14.10   .000E+00   .000E+00   .000E+00   .000E+00  -.102E+05   .000E+00   .000E+00   .000E+00   .000E+00   .000E+00  -.447E+03   .000E+00   .000E+00   .000E+00   .000E+00   .000E+00
       14.53   .000E+00   .000E+00   .000E+00   .000E+00  -.104E+05   .000E+00   .000E+00   .000E+00   .000E+00   .000E+00  -.441E+03   .000E+00   .000E+00   .000E+00   .000E+00   .000E+00
       14.97   .000E+00   .000E+00   .000E+00   .000E+00  -.106E+05   .000E+00   .000E+00   .000E+00   .000E+00   .000E+00  -.436E+03   .000E+00   .000E+00   .000E+00   .000E+00   .000E+00
       15.42   .000E+00   .000E+00   .000E+00   .000E+00  -.108E+05   .000E+00   .000E+00   .000E+00   .000E+00   .000E+00  -.431E+03   .000E+00   .000E+00   .000E+00   .000E+00   .000E+00
       15.87   .000E+00   .000E+00   .000E+00   .000E+00  -.110E+05   .000E+00   .000E+00   .000E+00   .000E+00   .000E+00  -.426E+03   .000E+00   .000E+00   .000E+00   .000E+00   .000E+00
       16.32   .000E+00   .000E+00   .000E+00   .000E+00  -.112E+05   .000E+00   .000E+00   .000E+00   .000E+00   .000E+00  -.421E+03   .000E+00   .000E+00   .000E+00   .000E+00   .000E+00
       16.78   .000E+00   .000E+00   .000E+00   .000E+00  -.114E+05   .000E+00   .000E+00   .000E+00   .000E+00   .000E+00  -.417E+03   .000E+00   .000E+00   .000E+00   .000E+00   .000E+00
       17.24   .000E+00   .000E+00   .000E+00   .000E+00  -.115E+05   .000E+00   .000E+00   .000E+00   .000E+00   .000E+00  -.413E+03   .000E+00   .000E+00   .000E+00   .000E+00   .000E+00
       17.69   .000E+00   .000E+00   .000E+00   .000E+00  -.117E+05   .000E+00   .000E+00   .000E+00   .000E+00   .000E+00  -.409E+03   .000E+00   .000E+00   .000E+00   .000E+00   .000E+00
       18.15   .000E+00   .000E+00   .000E+00   .000E+00  -.119E+05   .000E+00   .000E+00   .000E+00   .000E+00   .000E+00  -.405E+03   .000E+00   .000E+00   .000E+00   .000E+00   .000E+00
       18.62   .000E+00   .000E+00   .000E+00   .000E+00  -.121E+05   .000E+00   .000E+00   .000E+00   .000E+00   .000E+00  -.401E+03   .000E+00   .000E+00   .000E+00   .000E+00   .000E+00
       19.10   .000E+00   .000E+00   .000E+00   .000E+00  -.123E+05   .000E+00   .000E+00   .000E+00   .000E+00   .000E+00  -.397E+03   .000E+00   .000E+00   .000E+00   .000E+00   .000E+00
       19.58   .000E+00   .000E+00   .000E+00   .000E+00  -.125E+05   .000E+00   .000E+00   .000E+00   .000E+00   .000E+00  -.394E+03   .000E+00   .000E+00   .000E+00   .000E+00   .000E+00
       20.06   .000E+00   .000E+00   .000E+00   .000E+00  -.127E+05   .000E+00   .000E+00   .000E+00   .000E+00   .000E+00  -.391E+03   .000E+00   .000E+00   .000E+00   .000E+00   .000E+00
       20.55   .000E+00   .000E+00   .000E+00   .000E+00  -.129E+05   .000E+00   .000E+00   .000E+00   .000E+00   .000E+00  -.388E+03   .000E+00   .000E+00   .000E+00   .000E+00   .000E+00
       21.04   .000E+00   .000E+00   .000E+00   .000E+00  -.130E+05   .000E+00   .000E+00   .000E+00   .000E+00   .000E+00  -.385E+03   .000E+00   .000E+00   .000E+00   .000E+00   .000E+00
       21.53   .000E+00   .000E+00   .000E+00   .000E+00  -.132E+05   .000E+00   .000E+00   .000E+00   .000E+00   .000E+00  -.382E+03   .000E+00   .000E+00   .000E+00   .000E+00   .000E+00
       22.02   .000E+00   .000E+00   .000E+00   .000E+00  -.134E+05   .000E+00   .000E+00   .000E+00   .000E+00   .000E+00  -.379E+03   .000E+00   .000E+00   .000E+00   .000E+00   .000E+00
       22.52   .000E+00   .000E+00   .000E+00   .000E+00  -.136E+05   .000E+00   .000E+00   .000E+00   .000E+00   .000E+00  -.377E+03   .000E+00   .000E+00   .000E+00   .000E+00   .000E+00
       23.02   .000E+00   .000E+00   .000E+00   .000E+00  -.138E+05   .000E+00   .000E+00   .000E+00   .000E+00   .000E+00  -.374E+03   .000E+00   .000E+00   .000E+00   .000E+00   .000E+00
       23.51   .000E+00   .000E+00   .000E+00   .000E+00  -.140E+05   .000E+00   .000E+00   .000E+00   .000E+00   .000E+00  -.372E+03   .000E+00   .000E+00   .000E+00   .000E+00   .000E+00
       24.01   .000E+00   .000E+00   .000E+00   .000E+00  -.142E+05   .000E+00   .000E+00   .000E+00   .000E+00   .000E+00  -.370E+03   .000E+00   .000E+00   .000E+00   .000E+00   .000E+00
       24.50   .000E+00   .000E+00   .000E+00   .000E+00  -.143E+05   .000E+00   .000E+00   .000E+00   .000E+00   .000E+00  -.368E+03   .000E+00   .000E+00   .000E+00   .000E+00   .000E+00
       25.00   .000E+00   .000E+00   .000E+00   .000E+00  -.145E+05   .000E+00   .000E+00   .000E+00   .000E+00   .000E+00  -.366E+03   .000E+00   .000E+00   .000E+00   .000E+00   .000E+00
       25.51   .000E+00   .000E+00   .000E+00   .000E+00  -.147E+05   .000E+00   .000E+00   .000E+00   .000E+00   .000E+00  -.364E+03   .000E+00   .000E+00   .000E+00   .000E+00   .000E+00
       26.02   .000E+00   .000E+00   .000E+00   .000E+00  -.149E+05   .000E+00   .000E+00   .000E+00   .000E+00   .000E+00  -.362E+03   .000E+00   .000E+00   .000E+00   .000E+00   .000E+00
       26.53   .000E+00   .000E+00   .000E+00   .000E+00  -.151E+05   .000E+00   .000E+00   .000E+00   .000E+00   .000E+00  -.361E+03   .000E+00   .000E+00   .000E+00   .000E+00   .000E+00
       27.04   .000E+00   .000E+00   .000E+00   .000E+00  -.153E+05   .000E+00   .000E+00   .000E+00   .000E+00   .000E+00  -.359E+03   .000E+00   .000E+00   .000E+00   .000E+00   .000E+00
       27.56   .000E+00   .000E+00   .000E+00   .000E+00  -.155E+05   .000E+00   .000E+00   .000E+00   .000E+00   .000E+00  -.358E+03   .000E+00   .000E+00   .000E+00   .000E+00   .000E+00
       28.08   .000E+00   .000E+00   .000E+00   .000E+00  -.156E+05   .000E+00   .000E+00   .000E+00   .000E+00   .000E+00  -.356E+03   .000E+00   .000E+00   .000E+00   .000E+00   .000E+00
       28.59   .000E+00   .000E+00   .000E+00   .000E+00  -.158E+05   .000E+00   .000E+00   .000E+00   .000E+00   .000E+00  -.355E+03   .000E+00   .000E+00   .000E+00   .000E+00   .000E+00
       29.12   .000E+00   .000E+00   .000E+00   .000E+00  -.160E+05   .000E+00   .000E+00   .000E+00   .000E+00   .000E+00  -.354E+03   .000E+00   .000E+00   .000E+00   .000E+00   .000E+00
       29.64   .000E+00   .000E+00   .000E+00   .000E+00  -.162E+05   .000E+00   .000E+00   .000E+00   .000E+00   .000E+00  -.353E+03   .000E+00   .000E+00   .000E+00   .000E+00   .000E+00
       30.16   .000E+00   .000E+00   .000E+00   .000E+00  -.164E+05   .000E+00   .000E+00   .000E+00   .000E+00   .000E+00  -.352E+03   .000E+00   .000E+00   .000E+00   .000E+00   .000E+00
       30.68   .000E+00   .000E+00   .000E+00   .000E+00  -.166E+05   .000E+00   .000E+00   .000E+00   .000E+00   .000E+00  -.351E+03   .000E+00   .000E+00   .000E+00   .000E+00   .000E+00
       31.20   .000E+00   .000E+00   .000E+00   .000E+00  -.167E+05   .000E+00   .000E+00   .000E+00   .000E+00   .000E+00  -.350E+03   .000E+00   .000E+00   .000E+00   .000E+00   .000E+00
       31.73   .000E+00   .000E+00   .000E+00   .000E+00  -.169E+05   .000E+00   .000E+00   .000E+00   .000E+00   .000E+00  -.349E+03   .000E+00   .000E+00   .000E+00   .000E+00   .000E+00
       32.25   .000E+00   .000E+00   .000E+00   .000E+00  -.171E+05   .000E+00   .000E+00   .000E+00   .000E+00   .000E+00  -.348E+03   .000E+00   .000E+00   .000E+00   .000E+00   .000E+00
       32.77   .000E+00   .000E+00   .000E+00   .000E+00  -.173E+05   .000E+00   .000E+00   .000E+00   .000E+00   .000E+00  -.348E+03   .000E+00   .000E+00   .000E+00   .000E+00   .000E+00
       33.29   .000E+00   .000E+00   .000E+00   .000E+00  -.175E+05   .000E+00   .000E+00   .000E+00   .000E+00   .000E+00  -.347E+03   .000E+00   .000E+00   .000E+00   .000E+00   .000E+00
       33.81   .000E+00   .000E+00   .000E+00   .000E+00  -.176E+05   .000E+00   .000E+00   .000E+00   .000E+00   .000E+00  -.346E+03   .000E+00   .000E+00   .000E+00   .000E+00   .000E+00
       34.34   .000E+00   .000E+00   .000E+00   .000E+00  -.178E+05   .000E+00   .000E+00   .000E+00   .000E+00   .000E+00  -.346E+03   .000E+00   .000E+00   .000E+00   .000E+00   .000E+00
       34.86   .000E+00   .000E+00   .000E+00   .000E+00  -.180E+05   .000E+00   .000E+00   .000E+00   .000E+00   .000E+00  -.345E+03   .000E+00   .000E+00   .000E+00   .000E+00   .000E+00
       35.39   .000E+00   .000E+00   .000E+00   .000E+00  -.182E+05   .000E+00   .000E+00   .000E+00   .000E+00   .000E+00  -.345E+03   .000E+00   .000E+00   .000E+00   .000E+00   .000E+00
       35.92   .000E+00   .000E+00   .000E+00   .000E+00  -.184E+05   .000E+00   .000E+00   .000E+00   .000E+00   .000E+00  -.344E+03   .000E+00   .000E+00   .000E+00   .000E+00   .000E+00
       36.45   .000E+00   .000E+00   .000E+00   .000E+00  -.186E+05   .000E+00   .000E+00   .000E+00   .000E+00   .000E+00  -.344E+03   .000E+00   .000E+00   .000E+00   .000E+00   .000E+00
       36.99   .000E+00   .000E+00   .000E+00   .000E+00  -.187E+05   .000E+00   .000E+00   .000E+00   .000E+00   .000E+00  -.343E+03   .000E+00   .000E+00   .000E+00   .000E+00   .000E+00
       37.52   .000E+00   .000E+00   .000E+00   .000E+00  -.189E+05   .000E+00   .000E+00   .000E+00   .000E+00   .000E+00  -.343E+03   .000E+00   .000E+00   .000E+00   .000E+00   .000E+00
       38.05   .000E+00   .000E+00   .000E+00   .000E+00  -.191E+05   .000E+00   .000E+00   .000E+00   .000E+00   .000E+00  -.342E+03   .000E+00   .000E+00   .000E+00   .000E+00   .000E+00
       38.59   .000E+00   .000E+00   .000E+00   .000E+00  -.193E+05   .000E+00   .000E+00   .000E+00   .000E+00   .000E+00  -.342E+03   .000E+00   .000E+00   .000E+00   .000E+00   .000E+00
       39.12   .000E+00   .000E+00   .000E+00   .000E+00  -.195E+05   .000E+00   .000E+00   .000E+00   .000E+00   .000E+00  -.342E+03   .000E+00   .000E+00   .000E+00   .000E+00   .000E+00
       39.66   .000E+00   .000E+00   .000E+00   .000E+00  -.197E+05   .000E+00   .000E+00   .000E+00   .000E+00   .000E+00  -.341E+03   .000E+00   .000E+00   .000E+00   .000E+00   .000E+00
       40.19   .000E+00   .000E+00   .000E+00   .000E+00  -.198E+05   .000E+00   .000E+00   .000E+00   .000E+00   .000E+00  -.341E+03   .000E+00   .000E+00   .000E+00   .000E+00   .000E+00
       40.73   .000E+00   .000E+00   .000E+00   .000E+00  -.200E+05   .000E+00   .000E+00   .000E+00   .000E+00   .000E+00  -.341E+03   .000E+00   .000E+00   .000E+00   .000E+00   .000E+00
       41.27   .000E+00   .000E+00   .000E+00   .000E+00  -.202E+05   .000E+00   .000E+00   .000E+00   .000E+00   .000E+00  -.341E+03   .000E+00   .000E+00   .000E+00   .000E+00   .000E+00
       41.80   .000E+00   .000E+00   .000E+00   .000E+00  -.204E+05   .000E+00   .000E+00   .000E+00   .000E+00   .000E+00  -.340E+03   .000E+00   .000E+00   .000E+00   .000E+00   .000E+00
       42.34   .000E+00   .000E+00   .000E+00   .000E+00  -.206E+05   .000E+00   .000E+00   .000E+00   .000E+00   .000E+00  -.340E+03   .000E+00   .000E+00   .000E+00   .000E+00   .000E+00
       42.87   .000E+00   .000E+00   .000E+00   .000E+00  -.207E+05   .000E+00   .000E+00   .000E+00   .000E+00   .000E+00  -.340E+03   .000E+00   .000E+00   .000E+00   .000E+00   .000E+00
       43.41   .000E+00   .000E+00   .000E+00   .000E+00  -.209E+05   .000E+00   .000E+00   .000E+00   .000E+00   .000E+00  -.340E+03   .000E+00   .000E+00   .000E+00   .000E+00   .000E+00
       43.95   .000E+00   .000E+00   .000E+00   .000E+00  -.211E+05   .000E+00   .000E+00   .000E+00   .000E+00   .000E+00  -.340E+03   .000E+00   .000E+00   .000E+00   .000E+00   .000E+00
       44.49   .000E+00   .000E+00   .000E+00   .000E+00  -.213E+05   .000E+00   .000E+00   .000E+00   .000E+00   .000E+00  -.340E+03   .000E+00   .000E+00   .000E+00   .000E+00   .000E+00
       45.02   .000E+00   .000E+00   .000E+00   .000E+00  -.215E+05   .000E+00   .000E+00   .000E+00   .000E+00   .000E+00  -.339E+03   .000E+00   .000E+00   .000E+00   .000E+00   .000E+00
       45.56   .000E+00   .000E+00   .000E+00   .000E+00  -.217E+05   .000E+00   .000E+00   .000E+00   .000E+00   .000E+00  -.339E+03   .000E+00   .000E+00   .000E+00   .000E+00   .000E+00
       46.10   .000E+00   .000E+00   .000E+00   .000E+00  -.218E+05   .000E+00   .000E+00   .000E+00   .000E+00   .000E+00  -.339E+03   .000E+00   .000E+00   .000E+00   .000E+00   .000E+00
       46.64   .000E+00   .000E+00   .000E+00   .000E+00  -.220E+05   .000E+00   .000E+00   .000E+00   .000E+00   .000E+00  -.339E+03   .000E+00   .000E+00   .000E+00   .000E+00   .000E+00
       47.17   .000E+00   .000E+00   .000E+00   .000E+00  -.222E+05   .000E+00   .000E+00   .000E+00   .000E+00   .000E+00  -.339E+03   .000E+00   .000E+00   .000E+00   .000E+00   .000E+00
       47.71   .000E+00   .000E+00   .000E+00   .000E+00  -.224E+05   .000E+00   .000E+00   .000E+00   .000E+00   .000E+00  -.339E+03   .000E+00   .000E+00   .000E+00   .000E+00   .000E+00
       48.25   .000E+00   .000E+00   .000E+00   .000E+00  -.226E+05   .000E+00   .000E+00   .000E+00   .000E+00   .000E+00  -.339E+03   .000E+00   .000E+00   .000E+00   .000E+00   .000E+00
       48.79   .000E+00   .000E+00   .000E+00   .000E+00  -.228E+05   .000E+00   .000E+00   .000E+00   .000E+00   .000E+00  -.339E+03   .000E+00   .000E+00   .000E+00   .000E+00   .000E+00
       49.33   .000E+00   .000E+00   .000E+00   .000E+00  -.229E+05   .000E+00   .000E+00   .000E+00   .000E+00   .000E+00  -.339E+03   .000E+00   .000E+00   .000E+00   .000E+00   .000E+00
       49.66   .000E+00   .000E+00   .000E+00   .000E+00  -.231E+05   .000E+00   .000E+00   .000E+00   .000E+00   .000E+00  -.339E+03   .000E+00   .000E+00   .000E+00   .000E+00   .000E+00
       50.00   .000E+00   .000E+00   .000E+00   .000E+00  -.232E+05   .000E+00   .000E+00   .000E+00   .000E+00   .000E+00  -.339E+03   .000E+00   .000E+00   .000E+00   .000E+00   .000E+00
       50.54   .000E+00   .000E+00   .000E+00   .000E+00  -.233E+05   .000E+00   .000E+00   .000E+00   .000E+00   .000E+00  -.339E+03   .000E+00   .000E+00   .000E+00   .000E+00   .000E+00
       51.08   .000E+00   .000E+00   .000E+00   .000E+00  -.235E+05   .000E+00   .000E+00   .000E+00   .000E+00   .000E+00  -.338E+03   .000E+00   .000E+00   .000E+00   .000E+00   .000E+00
       51.61   .000E+00   .000E+00   .000E+00   .000E+00  -.237E+05   .000E+00   .000E+00   .000E+00   .000E+00   .000E+00  -.338E+03   .000E+00   .000E+00   .000E+00   .000E+00   .000E+00
       52.15   .000E+00   .000E+00   .000E+00   .000E+00  -.239E+05   .000E+00   .000E+00   .000E+00   .000E+00   .000E+00  -.338E+03   .000E+00   .000E+00   .000E+00   .000E+00   .000E+00
       52.69   .000E+00   .000E+00   .000E+00   .000E+00  -.241E+05   .000E+00   .000E+00   .000E+00   .000E+00   .000E+00  -.338E+03   .000E+00   .000E+00   .000E+00   .000E+00   .000E+00
       53.23   .000E+00   .000E+00   .000E+00   .000E+00  -.243E+05   .000E+00   .000E+00   .000E+00   .000E+00   .000E+00  -.338E+03   .000E+00   .000E+00   .000E+00   .000E+00   .000E+00
       53.76   .000E+00   .000E+00   .000E+00   .000E+00  -.244E+05   .000E+00   .000E+00   .000E+00   .000E+00   .000E+00  -.338E+03   .000E+00   .000E+00   .000E+00   .000E+00   .000E+00
       54.30   .000E+00   .000E+00   .000E+00   .000E+00  -.246E+05   .000E+00   .000E+00   .000E+00   .000E+00   .000E+00  -.338E+03   .000E+00   .000E+00   .000E+00   .000E+00   .000E+00
       54.84   .000E+00   .000E+00   .000E+00   .000E+00  -.248E+05   .000E+00   .000E+00   .000E+00   .000E+00   .000E+00  -.338E+03   .000E+00   .000E+00   .000E+00   .000E+00   .000E+00
       55.38   .000E+00   .000E+00   .000E+00   .000E+00  -.250E+05   .000E+00   .000E+00   .000E+00   .000E+00   .000E+00  -.338E+03   .000E+00   .000E+00   .000E+00   .000E+00   .000E+00
       55.91   .000E+00   .000E+00   .000E+00   .000E+00  -.252E+05   .000E+00   .000E+00   .000E+00   .000E+00   .000E+00  -.338E+03   .000E+00   .000E+00   .000E+00   .000E+00   .000E+00
       56.45   .000E+00   .000E+00   .000E+00   .000E+00  -.253E+05   .000E+00   .000E+00   .000E+00   .000E+00   .000E+00  -.338E+03   .000E+00   .000E+00   .000E+00   .000E+00   .000E+00
       56.99   .000E+00   .000E+00   .000E+00   .000E+00  -.255E+05   .000E+00   .000E+00   .000E+00   .000E+00   .000E+00  -.338E+03   .000E+00   .000E+00   .000E+00   .000E+00   .000E+00
       57.53   .000E+00   .000E+00   .000E+00   .000E+00  -.257E+05   .000E+00   .000E+00   .000E+00   .000E+00   .000E+00  -.338E+03   .000E+00   .000E+00   .000E+00   .000E+00   .000E+00
       58.06   .000E+00   .000E+00   .000E+00   .000E+00  -.259E+05   .000E+00   .000E+00   .000E+00   .000E+00   .000E+00  -.338E+03   .000E+00   .000E+00   .000E+00   .000E+00   .000E+00
       58.60   .000E+00   .000E+00   .000E+00   .000E+00  -.261E+05   .000E+00   .000E+00   .000E+00   .000E+00   .000E+00  -.338E+03   .000E+00   .000E+00   .000E+00   .000E+00   .000E+00
       59.14   .000E+00   .000E+00   .000E+00   .000E+00  -.263E+05   .000E+00   .000E+00   .000E+00   .000E+00   .000E+00  -.338E+03   .000E+00   .000E+00   .000E+00   .000E+00   .000E+00
       59.68   .000E+00   .000E+00   .000E+00   .000E+00  -.264E+05   .000E+00   .000E+00   .000E+00   .000E+00   .000E+00  -.338E+03   .000E+00   .000E+00   .000E+00   .000E+00   .000E+00
       60.22   .000E+00   .000E+00   .000E+00   .000E+00  -.266E+05   .000E+00   .000E+00   .000E+00   .000E+00   .000E+00  -.338E+03   .000E+00   .000E+00   .000E+00   .000E+00   .000E+00
       60.75   .000E+00   .000E+00   .000E+00   .000E+00  -.268E+05   .000E+00   .000E+00   .000E+00   .000E+00   .000E+00  -.338E+03   .000E+00   .000E+00   .000E+00   .000E+00   .000E+00
       61.29   .000E+00   .000E+00   .000E+00   .000E+00  -.270E+05   .000E+00   .000E+00   .000E+00   .000E+00   .000E+00  -.338E+03   .000E+00   .000E+00   .000E+00   .000E+00   .000E+00
       61.83   .000E+00   .000E+00   .000E+00   .000E+00  -.272E+05   .000E+00   .000E+00   .000E+00   .000E+00   .000E+00  -.338E+03   .000E+00   .000E+00   .000E+00   .000E+00   .000E+00
       62.37   .000E+00   .000E+00   .000E+00   .000E+00  -.273E+05   .000E+00   .000E+00   .000E+00   .000E+00   .000E+00  -.338E+03   .000E+00   .000E+00   .000E+00   .000E+00   .000E+00
       62.90   .000E+00   .000E+00   .000E+00   .000E+00  -.275E+05   .000E+00   .000E+00   .000E+00   .000E+00   .000E+00  -.338E+03   .000E+00   .000E+00   .000E+00   .000E+00   .000E+00
       63.44   .000E+00   .000E+00   .000E+00   .000E+00  -.277E+05   .000E+00   .000E+00   .000E+00   .000E+00   .000E+00  -.338E+03   .000E+00   .000E+00   .000E+00   .000E+00   .000E+00
       63.98   .000E+00   .000E+00   .000E+00   .000E+00  -.279E+05   .000E+00   .000E+00   .000E+00   .000E+00   .000E+00  -.338E+03   .000E+00   .000E+00   .000E+00   .000E+00   .000E+00
       64.52   .000E+00   .000E+00   .000E+00   .000E+00  -.281E+05   .000E+00   .000E+00   .000E+00   .000E+00   .000E+00  -.338E+03   .000E+00   .000E+00   .000E+00   .000E+00   .000E+00
       65.05   .000E+00   .000E+00   .000E+00   .000E+00  -.283E+05   .000E+00   .000E+00   .000E+00   .000E+00   .000E+00  -.338E+03   .000E+00   .000E+00   .000E+00   .000E+00   .000E+00
       65.59   .000E+00   .000E+00   .000E+00   .000E+00  -.284E+05   .000E+00   .000E+00   .000E+00   .000E+00   .000E+00  -.338E+03   .000E+00   .000E+00   .000E+00   .000E+00   .000E+00
       66.13   .000E+00   .000E+00   .000E+00   .000E+00  -.286E+05   .000E+00   .000E+00   .000E+00   .000E+00   .000E+00  -.338E+03   .000E+00   .000E+00   .000E+00   .000E+00   .000E+00
       66.67   .000E+00   .000E+00   .000E+00   .000E+00  -.288E+05   .000E+00   .000E+00   .000E+00   .000E+00   .000E+00  -.338E+03   .000E+00   .000E+00   .000E+00   .000E+00   .000E+00
       67.20   .000E+00   .000E+00   .000E+00   .000E+00  -.290E+05   .000E+00   .000E+00   .000E+00   .000E+00   .000E+00  -.338E+03   .000E+00   .000E+00   .000E+00   .000E+00   .000E+00
       67.74   .000E+00   .000E+00   .000E+00   .000E+00  -.292E+05   .000E+00   .000E+00   .000E+00   .000E+00   .000E+00  -.338E+03   .000E+00   .000E+00   .000E+00   .000E+00   .000E+00
       68.28   .000E+00   .000E+00   .000E+00   .000E+00  -.293E+05   .000E+00   .000E+00   .000E+00   .000E+00   .000E+00  -.338E+03   .000E+00   .000E+00   .000E+00   .000E+00   .000E+00
       68.82   .000E+00   .000E+00   .000E+00   .000E+00  -.295E+05   .000E+00   .000E+00   .000E+00   .000E+00   .000E+00  -.338E+03   .000E+00   .000E+00   .000E+00   .000E+00   .000E+00
       69.35   .000E+00   .000E+00   .000E+00   .000E+00  -.297E+05   .000E+00   .000E+00   .000E+00   .000E+00   .000E+00  -.338E+03   .000E+00   .000E+00   .000E+00   .000E+00   .000E+00
       69.89   .000E+00   .000E+00   .000E+00   .000E+00  -.299E+05   .000E+00   .000E+00   .000E+00   .000E+00   .000E+00  -.338E+03   .000E+00   .000E+00   .000E+00   .000E+00   .000E+00
       70.43   .000E+00   .000E+00   .000E+00   .000E+00  -.301E+05   .000E+00   .000E+00   .000E+00   .000E+00   .000E+00  -.338E+03   .000E+00   .000E+00   .000E+00   .000E+00   .000E+00
       70.97   .000E+00   .000E+00   .000E+00   .000E+00  -.303E+05   .000E+00   .000E+00   .000E+00   .000E+00   .000E+00  -.338E+03   .000E+00   .000E+00   .000E+00   .000E+00   .000E+00
       71.51   .000E+00   .000E+00   .000E+00   .000E+00  -.304E+05   .000E+00   .000E+00   .000E+00   .000E+00   .000E+00  -.338E+03   .000E+00   .000E+00   .000E+00   .000E+00   .000E+00
       72.04   .000E+00   .000E+00   .000E+00   .000E+00  -.306E+05   .000E+00   .000E+00   .000E+00   .000E+00   .000E+00  -.338E+03   .000E+00   .000E+00   .000E+00   .000E+00   .000E+00
       72.58   .000E+00   .000E+00   .000E+00   .000E+00  -.308E+05   .000E+00   .000E+00   .000E+00   .000E+00   .000E+00  -.338E+03   .000E+00   .000E+00   .000E+00   .000E+00   .000E+00
       73.12   .000E+00   .000E+00   .000E+00   .000E+00  -.310E+05   .000E+00   .000E+00   .000E+00   .000E+00   .000E+00  -.338E+03   .000E+00   .000E+00   .000E+00   .000E+00   .000E+00
       73.66   .000E+00   .000E+00   .000E+00   .000E+00  -.312E+05   .000E+00   .000E+00   .000E+00   .000E+00   .000E+00  -.338E+03   .000E+00   .000E+00   .000E+00   .000E+00   .000E+00
       74.19   .000E+00   .000E+00   .000E+00   .000E+00  -.313E+05   .000E+00   .000E+00   .000E+00   .000E+00   .000E+00  -.338E+03   .000E+00   .000E+00   .000E+00   .000E+00   .000E+00
       74.73   .000E+00   .000E+00   .000E+00   .000E+00  -.315E+05   .000E+00   .000E+00   .000E+00   .000E+00   .000E+00  -.338E+03   .000E+00   .000E+00   .000E+00   .000E+00   .000E+00
       75.27   .000E+00   .000E+00   .000E+00   .000E+00  -.317E+05   .000E+00   .000E+00   .000E+00   .000E+00   .000E+00  -.338E+03   .000E+00   .000E+00   .000E+00   .000E+00   .000E+00
       75.81   .000E+00   .000E+00   .000E+00   .000E+00  -.319E+05   .000E+00   .000E+00   .000E+00   .000E+00   .000E+00  -.338E+03   .000E+00   .000E+00   .000E+00   .000E+00   .000E+00
       76.34   .000E+00   .000E+00   .000E+00   .000E+00  -.321E+05   .000E+00   .000E+00   .000E+00   .000E+00   .000E+00  -.338E+03   .000E+00   .000E+00   .000E+00   .000E+00   .000E+00
       76.88   .000E+00   .000E+00   .000E+00   .000E+00  -.322E+05   .000E+00   .000E+00   .000E+00   .000E+00   .000E+00  -.338E+03   .000E+00   .000E+00   .000E+00   .000E+00   .000E+00
       77.42   .000E+00   .000E+00   .000E+00   .000E+00  -.324E+05   .000E+00   .000E+00   .000E+00   .000E+00   .000E+00  -.338E+03   .000E+00   .000E+00   .000E+00   .000E+00   .000E+00
       77.96   .000E+00   .000E+00   .000E+00   .000E+00  -.326E+05   .000E+00   .000E+00   .000E+00   .000E+00   .000E+00  -.338E+03   .000E+00   .000E+00   .000E+00   .000E+00   .000E+00
       78.49   .000E+00   .000E+00   .000E+00   .000E+00  -.328E+05   .000E+00   .000E+00   .000E+00   .000E+00   .000E+00  -.338E+03   .000E+00   .000E+00   .000E+00   .000E+00   .000E+00
       79.03   .000E+00   .000E+00   .000E+00   .000E+00  -.330E+05   .000E+00   .000E+00   .000E+00   .000E+00   .000E+00  -.338E+03   .000E+00   .000E+00   .000E+00   .000E+00   .000E+00
       79.57   .000E+00   .000E+00   .000E+00   .000E+00  -.332E+05   .000E+00   .000E+00   .000E+00   .000E+00   .000E+00  -.338E+03   .000E+00   .000E+00   .000E+00   .000E+00   .000E+00
       80.11   .000E+00   .000E+00   .000E+00   .000E+00  -.333E+05   .000E+00   .000E+00   .000E+00   .000E+00   .000E+00  -.338E+03   .000E+00   .000E+00   .000E+00   .000E+00   .000E+00
       80.65   .000E+00   .000E+00   .000E+00   .000E+00  -.335E+05   .000E+00   .000E+00   .000E+00   .000E+00   .000E+00  -.338E+03   .000E+00   .000E+00   .000E+00   .000E+00   .000E+00
       81.18   .000E+00   .000E+00   .000E+00   .000E+00  -.337E+05   .000E+00   .000E+00   .000E+00   .000E+00   .000E+00  -.338E+03   .000E+00   .000E+00   .000E+00   .000E+00   .000E+00
       81.72   .000E+00   .000E+00   .000E+00   .000E+00  -.339E+05   .000E+00   .000E+00   .000E+00   .000E+00   .000E+00  -.338E+03   .000E+00   .000E+00   .000E+00   .000E+00   .000E+00
       82.26   .000E+00   .000E+00   .000E+00   .000E+00  -.341E+05   .000E+00   .000E+00   .000E+00   .000E+00   .000E+00  -.338E+03   .000E+00   .000E+00   .000E+00   .000E+00   .000E+00
       82.80   .000E+00   .000E+00   .000E+00   .000E+00  -.342E+05   .000E+00   .000E+00   .000E+00   .000E+00   .000E+00  -.338E+03   .000E+00   .000E+00   .000E+00   .000E+00   .000E+00
       83.33   .000E+00   .000E+00   .000E+00   .000E+00  -.344E+05   .000E+00   .000E+00   .000E+00   .000E+00   .000E+00  -.338E+03   .000E+00   .000E+00   .000E+00   .000E+00   .000E+00
       83.87   .000E+00   .000E+00   .000E+00   .000E+00  -.346E+05   .000E+00   .000E+00   .000E+00   .000E+00   .000E+00  -.338E+03   .000E+00   .000E+00   .000E+00   .000E+00   .000E+00
       84.41   .000E+00   .000E+00   .000E+00   .000E+00  -.348E+05   .000E+00   .000E+00   .000E+00   .000E+00   .000E+00  -.338E+03   .000E+00   .000E+00   .000E+00   .000E+00   .000E+00
       84.95   .000E+00   .000E+00   .000E+00   .000E+00  -.350E+05   .000E+00   .000E+00   .000E+00   .000E+00   .000E+00  -.338E+03   .000E+00   .000E+00   .000E+00   .000E+00   .000E+00
       85.48   .000E+00   .000E+00   .000E+00   .000E+00  -.352E+05   .000E+00   .000E+00   .000E+00   .000E+00   .000E+00  -.338E+03   .000E+00   .000E+00   .000E+00   .000E+00   .000E+00
       86.02   .000E+00   .000E+00   .000E+00   .000E+00  -.353E+05   .000E+00   .000E+00   .000E+00   .000E+00   .000E+00  -.338E+03   .000E+00   .000E+00   .000E+00   .000E+00   .000E+00
       86.56   .000E+00   .000E+00   .000E+00   .000E+00  -.355E+05   .000E+00   .000E+00   .000E+00   .000E+00   .000E+00  -.338E+03   .000E+00   .000E+00   .000E+00   .000E+00   .000E+00
       87.10   .000E+00   .000E+00   .000E+00   .000E+00  -.357E+05   .000E+00   .000E+00   .000E+00   .000E+00   .000E+00  -.338E+03   .000E+00   .000E+00   .000E+00   .000E+00   .000E+00
       87.63   .000E+00   .000E+00   .000E+00   .000E+00  -.359E+05   .000E+00   .000E+00   .000E+00   .000E+00   .000E+00  -.338E+03   .000E+00   .000E+00   .000E+00   .000E+00   .000E+00
       88.17   .000E+00   .000E+00   .000E+00   .000E+00  -.361E+05   .000E+00   .000E+00   .000E+00   .000E+00   .000E+00  -.338E+03   .000E+00   .000E+00   .000E+00   .000E+00   .000E+00
       88.71   .000E+00   .000E+00   .000E+00   .000E+00  -.362E+05   .000E+00   .000E+00   .000E+00   .000E+00   .000E+00  -.338E+03   .000E+00   .000E+00   .000E+00   .000E+00   .000E+00
       89.25   .000E+00   .000E+00   .000E+00   .000E+00  -.364E+05   .000E+00   .000E+00   .000E+00   .000E+00   .000E+00  -.338E+03   .000E+00   .000E+00   .000E+00   .000E+00   .000E+00
       89.78   .000E+00   .000E+00   .000E+00   .000E+00  -.366E+05   .000E+00   .000E+00   .000E+00   .000E+00   .000E+00  -.338E+03   .000E+00   .000E+00   .000E+00   .000E+00   .000E+00
       90.32   .000E+00   .000E+00   .000E+00   .000E+00  -.368E+05   .000E+00   .000E+00   .000E+00   .000E+00   .000E+00  -.338E+03   .000E+00   .000E+00   .000E+00   .000E+00   .000E+00
       90.86   .000E+00   .000E+00   .000E+00   .000E+00  -.370E+05   .000E+00   .000E+00   .000E+00   .000E+00   .000E+00  -.338E+03   .000E+00   .000E+00   .000E+00   .000E+00   .000E+00
       91.40   .000E+00   .000E+00   .000E+00   .000E+00  -.372E+05   .000E+00   .000E+00   .000E+00   .000E+00   .000E+00  -.338E+03   .000E+00   .000E+00   .000E+00   .000E+00   .000E+00
       91.94   .000E+00   .000E+00   .000E+00   .000E+00  -.373E+05   .000E+00   .000E+00   .000E+00   .000E+00   .000E+00  -.338E+03   .000E+00   .000E+00   .000E+00   .000E+00   .000E+00
       92.47   .000E+00   .000E+00   .000E+00   .000E+00  -.375E+05   .000E+00   .000E+00   .000E+00   .000E+00   .000E+00  -.338E+03   .000E+00   .000E+00   .000E+00   .000E+00   .000E+00
       93.01   .000E+00   .000E+00   .000E+00   .000E+00  -.377E+05   .000E+00   .000E+00   .000E+00   .000E+00   .000E+00  -.338E+03   .000E+00   .000E+00   .000E+00   .000E+00   .000E+00
       93.55   .000E+00   .000E+00   .000E+00   .000E+00  -.379E+05   .000E+00   .000E+00   .000E+00   .000E+00   .000E+00  -.338E+03   .000E+00   .000E+00   .000E+00   .000E+00   .000E+00
       94.09   .000E+00   .000E+00   .000E+00   .000E+00  -.381E+05   .000E+00   .000E+00   .000E+00   .000E+00   .000E+00  -.338E+03   .000E+00   .000E+00   .000E+00   .000E+00   .000E+00
       94.62   .000E+00   .000E+00   .000E+00   .000E+00  -.382E+05   .000E+00   .000E+00   .000E+00   .000E+00   .000E+00  -.338E+03   .000E+00   .000E+00   .000E+00   .000E+00   .000E+00
       95.16   .000E+00   .000E+00   .000E+00   .000E+00  -.384E+05   .000E+00   .000E+00   .000E+00   .000E+00   .000E+00  -.338E+03   .000E+00   .000E+00   .000E+00   .000E+00   .000E+00
       95.70   .000E+00   .000E+00   .000E+00   .000E+00  -.386E+05   .000E+00   .000E+00   .000E+00   .000E+00   .000E+00  -.338E+03   .000E+00   .000E+00   .000E+00   .000E+00   .000E+00
       96.24   .000E+00   .000E+00   .000E+00   .000E+00  -.388E+05   .000E+00   .000E+00   .000E+00   .000E+00   .000E+00  -.338E+03   .000E+00   .000E+00   .000E+00   .000E+00   .000E+00
       96.77   .000E+00   .000E+00   .000E+00   .000E+00  -.390E+05   .000E+00   .000E+00   .000E+00   .000E+00   .000E+00  -.338E+03   .000E+00   .000E+00   .000E+00   .000E+00   .000E+00
       97.31   .000E+00   .000E+00   .000E+00   .000E+00  -.392E+05   .000E+00   .000E+00   .000E+00   .000E+00   .000E+00  -.338E+03   .000E+00   .000E+00   .000E+00   .000E+00   .000E+00
       97.85   .000E+00   .000E+00   .000E+00   .000E+00  -.393E+05   .000E+00   .000E+00   .000E+00   .000E+00   .000E+00  -.338E+03   .000E+00   .000E+00   .000E+00   .000E+00   .000E+00
       98.39   .000E+00   .000E+00   .000E+00   .000E+00  -.395E+05   .000E+00   .000E+00   .000E+00   .000E+00   .000E+00  -.338E+03   .000E+00   .000E+00   .000E+00   .000E+00   .000E+00
       98.92   .000E+00   .000E+00   .000E+00   .000E+00  -.397E+05   .000E+00   .000E+00   .000E+00   .000E+00   .000E+00  -.338E+03   .000E+00   .000E+00   .000E+00   .000E+00   .000E+00
       99.46   .000E+00   .000E+00   .000E+00   .000E+00  -.399E+05   .000E+00   .000E+00   .000E+00   .000E+00   .000E+00  -.338E+03   .000E+00   .000E+00   .000E+00   .000E+00   .000E+00
      100.00   .000E+00   .000E+00   .000E+00   .000E+00  -.401E+05   .000E+00   .000E+00   .000E+00   .000E+00   .000E+00  -.338E+03   .000E+00   .000E+00   .000E+00   .000E+00   .000E+00
end
