 Water flow to a stream - 3                                              
 
 Program HYDRUS2
 Date:  17. 2.    Time:  12:42:35
 Time independent boundary conditions
 Vertical plane flow, V = L*L
 Units: L = cm   , T = days , M = mmol 
 All fluxes (v) are positive out of the region

       Time       rAtm       rRoot      vAtm       vRoot      vKode3     vKode1     vSeep      vDrain     vBottom...
        [T]      [L/T]       [L/T]     [L/T]       [L/T]       [V/T]      [V/T]     [V/T]       [V/T]      [V/T]

         .0010   .000E+00   .000E+00   .000E+00   .000E+00   .000E+00  -.104E+05   .606E+02   .000E+00   .000E+00
         .0023   .000E+00   .000E+00   .000E+00   .000E+00   .000E+00  -.902E+04   .606E+02   .000E+00   .000E+00
         .0040   .000E+00   .000E+00   .000E+00   .000E+00   .000E+00  -.780E+04   .606E+02   .000E+00   .000E+00
         .0062   .000E+00   .000E+00   .000E+00   .000E+00   .000E+00  -.670E+04   .606E+02   .000E+00   .000E+00
         .0090   .000E+00   .000E+00   .000E+00   .000E+00   .000E+00  -.572E+04   .606E+02   .000E+00   .000E+00
         .0119   .000E+00   .000E+00   .000E+00   .000E+00   .000E+00  -.504E+04   .606E+02   .000E+00   .000E+00
         .0156   .000E+00   .000E+00   .000E+00   .000E+00   .000E+00  -.444E+04   .606E+02   .000E+00   .000E+00
         .0193   .000E+00   .000E+00   .000E+00   .000E+00   .000E+00  -.404E+04   .606E+02   .000E+00   .000E+00
         .0230   .000E+00   .000E+00   .000E+00   .000E+00   .000E+00  -.376E+04   .606E+02   .000E+00   .000E+00
         .0279   .000E+00   .000E+00   .000E+00   .000E+00   .000E+00  -.352E+04   .606E+02   .000E+00   .000E+00
         .0327   .000E+00   .000E+00   .000E+00   .000E+00   .000E+00  -.335E+04   .606E+02   .000E+00   .000E+00
         .0376   .000E+00   .000E+00   .000E+00   .000E+00   .000E+00  -.323E+04   .606E+02   .000E+00   .000E+00
         .0424   .000E+00   .000E+00   .000E+00   .000E+00   .000E+00  -.315E+04   .606E+02   .000E+00   .000E+00
         .0472   .000E+00   .000E+00   .000E+00   .000E+00   .000E+00  -.308E+04   .606E+02   .000E+00   .000E+00
         .0521   .000E+00   .000E+00   .000E+00   .000E+00   .000E+00  -.303E+04   .606E+02   .000E+00   .000E+00
         .0569   .000E+00   .000E+00   .000E+00   .000E+00   .000E+00  -.300E+04   .607E+02   .000E+00   .000E+00
         .0617   .000E+00   .000E+00   .000E+00   .000E+00   .000E+00  -.297E+04   .607E+02   .000E+00   .000E+00
         .0666   .000E+00   .000E+00   .000E+00   .000E+00   .000E+00  -.297E+04   .607E+02   .000E+00   .000E+00
         .0714   .000E+00   .000E+00   .000E+00   .000E+00   .000E+00  -.296E+04   .607E+02   .000E+00   .000E+00
         .0762   .000E+00   .000E+00   .000E+00   .000E+00   .000E+00  -.296E+04   .607E+02   .000E+00   .000E+00
         .0811   .000E+00   .000E+00   .000E+00   .000E+00   .000E+00  -.295E+04   .607E+02   .000E+00   .000E+00
         .0859   .000E+00   .000E+00   .000E+00   .000E+00   .000E+00  -.295E+04   .607E+02   .000E+00   .000E+00
         .0908   .000E+00   .000E+00   .000E+00   .000E+00   .000E+00  -.295E+04   .607E+02   .000E+00   .000E+00
         .0956   .000E+00   .000E+00   .000E+00   .000E+00   .000E+00  -.294E+04   .607E+02   .000E+00   .000E+00
         .1004   .000E+00   .000E+00   .000E+00   .000E+00   .000E+00  -.294E+04   .607E+02   .000E+00   .000E+00
         .1053   .000E+00   .000E+00   .000E+00   .000E+00   .000E+00  -.295E+04   .607E+02   .000E+00   .000E+00
         .1101   .000E+00   .000E+00   .000E+00   .000E+00   .000E+00  -.294E+04   .607E+02   .000E+00   .000E+00
         .1149   .000E+00   .000E+00   .000E+00   .000E+00   .000E+00  -.295E+04   .607E+02   .000E+00   .000E+00
         .1198   .000E+00   .000E+00   .000E+00   .000E+00   .000E+00  -.294E+04   .607E+02   .000E+00   .000E+00
         .1246   .000E+00   .000E+00   .000E+00   .000E+00   .000E+00  -.294E+04   .607E+02   .000E+00   .000E+00
         .1294   .000E+00   .000E+00   .000E+00   .000E+00   .000E+00  -.292E+04   .607E+02   .000E+00   .000E+00
         .1343   .000E+00   .000E+00   .000E+00   .000E+00   .000E+00  -.277E+04   .607E+02   .000E+00   .000E+00
         .1391   .000E+00   .000E+00   .000E+00   .000E+00   .000E+00  -.268E+04   .607E+02   .000E+00   .000E+00
         .1440   .000E+00   .000E+00   .000E+00   .000E+00   .000E+00  -.259E+04   .607E+02   .000E+00   .000E+00
         .1488   .000E+00   .000E+00   .000E+00   .000E+00   .000E+00  -.252E+04   .607E+02   .000E+00   .000E+00
         .1551   .000E+00   .000E+00   .000E+00   .000E+00   .000E+00  -.248E+04   .607E+02   .000E+00   .000E+00
         .1613   .000E+00   .000E+00   .000E+00   .000E+00   .000E+00  -.242E+04   .607E+02   .000E+00   .000E+00
         .1676   .000E+00   .000E+00   .000E+00   .000E+00   .000E+00  -.236E+04   .607E+02   .000E+00   .000E+00
         .1757   .000E+00   .000E+00   .000E+00   .000E+00   .000E+00  -.231E+04   .608E+02   .000E+00   .000E+00
         .1839   .000E+00   .000E+00   .000E+00   .000E+00   .000E+00  -.227E+04   .608E+02   .000E+00   .000E+00
         .1921   .000E+00   .000E+00   .000E+00   .000E+00   .000E+00  -.222E+04   .608E+02   .000E+00   .000E+00
         .2027   .000E+00   .000E+00   .000E+00   .000E+00   .000E+00  -.218E+04   .608E+02   .000E+00   .000E+00
         .2133   .000E+00   .000E+00   .000E+00   .000E+00   .000E+00  -.215E+04   .608E+02   .000E+00   .000E+00
         .2239   .000E+00   .000E+00   .000E+00   .000E+00   .000E+00  -.210E+04   .608E+02   .000E+00   .000E+00
         .2378   .000E+00   .000E+00   .000E+00   .000E+00   .000E+00  -.206E+04   .608E+02   .000E+00   .000E+00
         .2517   .000E+00   .000E+00   .000E+00   .000E+00   .000E+00  -.202E+04   .608E+02   .000E+00   .000E+00
         .2695   .000E+00   .000E+00   .000E+00   .000E+00   .000E+00  -.197E+04   .608E+02   .000E+00   .000E+00
         .2930   .000E+00   .000E+00   .000E+00   .000E+00   .000E+00  -.193E+04   .609E+02   .000E+00   .000E+00
         .3166   .000E+00   .000E+00   .000E+00   .000E+00   .000E+00  -.189E+04   .609E+02   .000E+00   .000E+00
         .3402   .000E+00   .000E+00   .000E+00   .000E+00   .000E+00  -.186E+04   .609E+02   .000E+00   .000E+00
         .3637   .000E+00   .000E+00   .000E+00   .000E+00   .000E+00  -.183E+04   .609E+02   .000E+00   .000E+00
         .3873   .000E+00   .000E+00   .000E+00   .000E+00   .000E+00  -.180E+04   .609E+02   .000E+00   .000E+00
         .4109   .000E+00   .000E+00   .000E+00   .000E+00   .000E+00  -.178E+04   .610E+02   .000E+00   .000E+00
         .4344   .000E+00   .000E+00   .000E+00   .000E+00   .000E+00  -.174E+04   .610E+02   .000E+00   .000E+00
         .4642   .000E+00   .000E+00   .000E+00   .000E+00   .000E+00  -.171E+04   .610E+02   .000E+00   .000E+00
         .5025   .000E+00   .000E+00   .000E+00   .000E+00   .000E+00  -.168E+04   .610E+02   .000E+00   .000E+00
         .5407   .000E+00   .000E+00   .000E+00   .000E+00   .000E+00  -.165E+04   .611E+02   .000E+00   .000E+00
         .5918   .000E+00   .000E+00   .000E+00   .000E+00   .000E+00  -.161E+04   .611E+02   .000E+00   .000E+00
         .6428   .000E+00   .000E+00   .000E+00   .000E+00   .000E+00  -.158E+04   .612E+02   .000E+00   .000E+00
         .6938   .000E+00   .000E+00   .000E+00   .000E+00   .000E+00  -.154E+04   .612E+02   .000E+00   .000E+00
         .7551   .000E+00   .000E+00   .000E+00   .000E+00   .000E+00  -.151E+04   .612E+02   .000E+00   .000E+00
         .8367   .000E+00   .000E+00   .000E+00   .000E+00   .000E+00  -.148E+04   .613E+02   .000E+00   .000E+00
         .9184   .000E+00   .000E+00   .000E+00   .000E+00   .000E+00  -.144E+04   .614E+02   .000E+00   .000E+00
        1.0000   .000E+00   .000E+00   .000E+00   .000E+00   .000E+00  -.141E+04   .615E+02   .000E+00   .000E+00
        1.1111   .000E+00   .000E+00   .000E+00   .000E+00   .000E+00  -.138E+04   .616E+02   .000E+00   .000E+00
        1.2222   .000E+00   .000E+00   .000E+00   .000E+00   .000E+00  -.134E+04   .617E+02   .000E+00   .000E+00
        1.3675   .000E+00   .000E+00   .000E+00   .000E+00   .000E+00  -.130E+04   .618E+02   .000E+00   .000E+00
        1.5128   .000E+00   .000E+00   .000E+00   .000E+00   .000E+00  -.126E+04   .619E+02   .000E+00   .000E+00
        1.7066   .000E+00   .000E+00   .000E+00   .000E+00   .000E+00  -.122E+04   .621E+02   .000E+00   .000E+00
        1.9099   .000E+00   .000E+00   .000E+00   .000E+00   .000E+00  -.118E+04   .623E+02   .000E+00   .000E+00
        2.1159   .000E+00   .000E+00   .000E+00   .000E+00   .000E+00  -.115E+04   .626E+02   .000E+00   .000E+00
        2.3374   .000E+00   .000E+00   .000E+00   .000E+00   .000E+00  -.111E+04   .628E+02   .000E+00   .000E+00
        2.5593   .000E+00   .000E+00   .000E+00   .000E+00   .000E+00  -.107E+04   .631E+02   .000E+00   .000E+00
        2.7949   .000E+00   .000E+00   .000E+00   .000E+00   .000E+00  -.104E+04   .634E+02   .000E+00   .000E+00
        3.0375   .000E+00   .000E+00   .000E+00   .000E+00   .000E+00  -.100E+04   .637E+02   .000E+00   .000E+00
        3.2828   .000E+00   .000E+00   .000E+00   .000E+00   .000E+00  -.971E+03   .641E+02   .000E+00   .000E+00
        3.5281   .000E+00   .000E+00   .000E+00   .000E+00   .000E+00  -.942E+03   .645E+02   .000E+00   .000E+00
        3.7734   .000E+00   .000E+00   .000E+00   .000E+00   .000E+00  -.914E+03   .649E+02   .000E+00   .000E+00
        4.0187   .000E+00   .000E+00   .000E+00   .000E+00   .000E+00  -.888E+03   .653E+02   .000E+00   .000E+00
        4.2641   .000E+00   .000E+00   .000E+00   .000E+00   .000E+00  -.863E+03   .657E+02   .000E+00   .000E+00
        4.5094   .000E+00   .000E+00   .000E+00   .000E+00   .000E+00  -.840E+03   .662E+02   .000E+00   .000E+00
        4.7547   .000E+00   .000E+00   .000E+00   .000E+00   .000E+00  -.818E+03   .667E+02   .000E+00   .000E+00
        5.0000   .000E+00   .000E+00   .000E+00   .000E+00   .000E+00  -.796E+03   .672E+02   .000E+00   .000E+00
        5.2941   .000E+00   .000E+00   .000E+00   .000E+00   .000E+00  -.774E+03   .678E+02   .000E+00   .000E+00
        5.5992   .000E+00   .000E+00   .000E+00   .000E+00   .000E+00  -.751E+03   .685E+02   .000E+00   .000E+00
        5.9104   .000E+00   .000E+00   .000E+00   .000E+00   .000E+00  -.729E+03   .693E+02   .000E+00   .000E+00
        6.2250   .000E+00   .000E+00   .000E+00   .000E+00   .000E+00  -.706E+03   .700E+02   .000E+00   .000E+00
        6.5396   .000E+00   .000E+00   .000E+00   .000E+00   .000E+00  -.686E+03   .708E+02   .000E+00   .000E+00
        6.8541   .000E+00   .000E+00   .000E+00   .000E+00   .000E+00  -.667E+03   .717E+02   .000E+00   .000E+00
        7.1892   .000E+00   .000E+00   .000E+00   .000E+00   .000E+00  -.647E+03   .726E+02   .000E+00   .000E+00
        7.5297   .000E+00   .000E+00   .000E+00   .000E+00   .000E+00  -.628E+03   .735E+02   .000E+00   .000E+00
        7.8757   .000E+00   .000E+00   .000E+00   .000E+00   .000E+00  -.610E+03   .746E+02   .000E+00   .000E+00
        8.2276   .000E+00   .000E+00   .000E+00   .000E+00   .000E+00  -.592E+03   .756E+02   .000E+00   .000E+00
        8.5821   .000E+00   .000E+00   .000E+00   .000E+00   .000E+00  -.574E+03   .767E+02   .000E+00   .000E+00
        8.9365   .000E+00   .000E+00   .000E+00   .000E+00   .000E+00  -.558E+03   .778E+02   .000E+00   .000E+00
        9.2910   .000E+00   .000E+00   .000E+00   .000E+00   .000E+00  -.542E+03   .790E+02   .000E+00   .000E+00
        9.6455   .000E+00   .000E+00   .000E+00   .000E+00   .000E+00  -.526E+03   .801E+02   .000E+00   .000E+00
       10.0000   .000E+00   .000E+00   .000E+00   .000E+00   .000E+00  -.512E+03   .813E+02   .000E+00   .000E+00
       10.3846   .000E+00   .000E+00   .000E+00   .000E+00   .000E+00  -.497E+03   .826E+02   .000E+00   .000E+00
       10.7772   .000E+00   .000E+00   .000E+00   .000E+00   .000E+00  -.482E+03   .840E+02   .000E+00   .000E+00
       11.1723   .000E+00   .000E+00   .000E+00   .000E+00   .000E+00  -.468E+03   .854E+02   .000E+00   .000E+00
       11.5758   .000E+00   .000E+00   .000E+00   .000E+00   .000E+00  -.454E+03   .868E+02   .000E+00   .000E+00
       11.9826   .000E+00   .000E+00   .000E+00   .000E+00   .000E+00  -.441E+03   .883E+02   .000E+00   .000E+00
       12.3966   .000E+00   .000E+00   .000E+00   .000E+00   .000E+00  -.428E+03   .898E+02   .000E+00   .000E+00
       12.8158   .000E+00   .000E+00   .000E+00   .000E+00   .000E+00  -.415E+03   .915E+02   .000E+00   .000E+00
       13.2359   .000E+00   .000E+00   .000E+00   .000E+00   .000E+00  -.403E+03   .930E+02   .000E+00   .000E+00
       13.6648   .000E+00   .000E+00   .000E+00   .000E+00   .000E+00  -.391E+03   .947E+02   .000E+00   .000E+00
       14.0983   .000E+00   .000E+00   .000E+00   .000E+00   .000E+00  -.380E+03   .963E+02   .000E+00   .000E+00
       14.5344   .000E+00   .000E+00   .000E+00   .000E+00   .000E+00  -.369E+03   .985E+02   .000E+00   .000E+00
       14.9704   .000E+00   .000E+00   .000E+00   .000E+00   .000E+00  -.359E+03   .100E+03   .000E+00   .000E+00
       15.4172   .000E+00   .000E+00   .000E+00   .000E+00   .000E+00  -.349E+03   .102E+03   .000E+00   .000E+00
       15.8682   .000E+00   .000E+00   .000E+00   .000E+00   .000E+00  -.340E+03   .104E+03   .000E+00   .000E+00
       16.3232   .000E+00   .000E+00   .000E+00   .000E+00   .000E+00  -.331E+03   .106E+03   .000E+00   .000E+00
       16.7799   .000E+00   .000E+00   .000E+00   .000E+00   .000E+00  -.322E+03   .108E+03   .000E+00   .000E+00
       17.2366   .000E+00   .000E+00   .000E+00   .000E+00   .000E+00  -.313E+03   .110E+03   .000E+00   .000E+00
       17.6933   .000E+00   .000E+00   .000E+00   .000E+00   .000E+00  -.305E+03   .112E+03   .000E+00   .000E+00
       18.1499   .000E+00   .000E+00   .000E+00   .000E+00   .000E+00  -.297E+03   .114E+03   .000E+00   .000E+00
       18.6233   .000E+00   .000E+00   .000E+00   .000E+00   .000E+00  -.290E+03   .116E+03   .000E+00   .000E+00
       19.1000   .000E+00   .000E+00   .000E+00   .000E+00   .000E+00  -.282E+03   .117E+03   .000E+00   .000E+00
       19.5799   .000E+00   .000E+00   .000E+00   .000E+00   .000E+00  -.275E+03   .119E+03   .000E+00   .000E+00
       20.0630   .000E+00   .000E+00   .000E+00   .000E+00   .000E+00  -.268E+03   .121E+03   .000E+00   .000E+00
       20.5490   .000E+00   .000E+00   .000E+00   .000E+00   .000E+00  -.262E+03   .123E+03   .000E+00   .000E+00
       21.0380   .000E+00   .000E+00   .000E+00   .000E+00   .000E+00  -.256E+03   .124E+03   .000E+00   .000E+00
       21.5297   .000E+00   .000E+00   .000E+00   .000E+00   .000E+00  -.250E+03   .126E+03   .000E+00   .000E+00
       22.0241   .000E+00   .000E+00   .000E+00   .000E+00   .000E+00  -.244E+03   .128E+03   .000E+00   .000E+00
       22.5201   .000E+00   .000E+00   .000E+00   .000E+00   .000E+00  -.239E+03   .129E+03   .000E+00   .000E+00
       23.0161   .000E+00   .000E+00   .000E+00   .000E+00   .000E+00  -.234E+03   .131E+03   .000E+00   .000E+00
       23.5120   .000E+00   .000E+00   .000E+00   .000E+00   .000E+00  -.229E+03   .132E+03   .000E+00   .000E+00
       24.0080   .000E+00   .000E+00   .000E+00   .000E+00   .000E+00  -.225E+03   .134E+03   .000E+00   .000E+00
       24.5040   .000E+00   .000E+00   .000E+00   .000E+00   .000E+00  -.221E+03   .135E+03   .000E+00   .000E+00
       25.0000   .000E+00   .000E+00   .000E+00   .000E+00   .000E+00  -.217E+03   .136E+03   .000E+00   .000E+00
       25.5099   .000E+00   .000E+00   .000E+00   .000E+00   .000E+00  -.213E+03   .138E+03   .000E+00   .000E+00
       26.0201   .000E+00   .000E+00   .000E+00   .000E+00   .000E+00  -.210E+03   .139E+03   .000E+00   .000E+00
       26.5303   .000E+00   .000E+00   .000E+00   .000E+00   .000E+00  -.206E+03   .140E+03   .000E+00   .000E+00
       27.0405   .000E+00   .000E+00   .000E+00   .000E+00   .000E+00  -.203E+03   .142E+03   .000E+00   .000E+00
       27.5571   .000E+00   .000E+00   .000E+00   .000E+00   .000E+00  -.200E+03   .143E+03   .000E+00   .000E+00
       28.0752   .000E+00   .000E+00   .000E+00   .000E+00   .000E+00  -.197E+03   .144E+03   .000E+00   .000E+00
       28.5946   .000E+00   .000E+00   .000E+00   .000E+00   .000E+00  -.195E+03   .145E+03   .000E+00   .000E+00
       29.1154   .000E+00   .000E+00   .000E+00   .000E+00   .000E+00  -.192E+03   .146E+03   .000E+00   .000E+00
       29.6374   .000E+00   .000E+00   .000E+00   .000E+00   .000E+00  -.190E+03   .146E+03   .000E+00   .000E+00
       30.1595   .000E+00   .000E+00   .000E+00   .000E+00   .000E+00  -.188E+03   .147E+03   .000E+00   .000E+00
       30.6816   .000E+00   .000E+00   .000E+00   .000E+00   .000E+00  -.186E+03   .148E+03   .000E+00   .000E+00
       31.2038   .000E+00   .000E+00   .000E+00   .000E+00   .000E+00  -.184E+03   .149E+03   .000E+00   .000E+00
       31.7259   .000E+00   .000E+00   .000E+00   .000E+00   .000E+00  -.182E+03   .149E+03   .000E+00   .000E+00
       32.2480   .000E+00   .000E+00   .000E+00   .000E+00   .000E+00  -.180E+03   .150E+03   .000E+00   .000E+00
       32.7701   .000E+00   .000E+00   .000E+00   .000E+00   .000E+00  -.179E+03   .150E+03   .000E+00   .000E+00
       33.2922   .000E+00   .000E+00   .000E+00   .000E+00   .000E+00  -.177E+03   .151E+03   .000E+00   .000E+00
       33.8143   .000E+00   .000E+00   .000E+00   .000E+00   .000E+00  -.176E+03   .152E+03   .000E+00   .000E+00
       34.3365   .000E+00   .000E+00   .000E+00   .000E+00   .000E+00  -.175E+03   .152E+03   .000E+00   .000E+00
       34.8586   .000E+00   .000E+00   .000E+00   .000E+00   .000E+00  -.174E+03   .152E+03   .000E+00   .000E+00
       35.3900   .000E+00   .000E+00   .000E+00   .000E+00   .000E+00  -.172E+03   .153E+03   .000E+00   .000E+00
       35.9220   .000E+00   .000E+00   .000E+00   .000E+00   .000E+00  -.171E+03   .153E+03   .000E+00   .000E+00
       36.4545   .000E+00   .000E+00   .000E+00   .000E+00   .000E+00  -.170E+03   .154E+03   .000E+00   .000E+00
       36.9875   .000E+00   .000E+00   .000E+00   .000E+00   .000E+00  -.170E+03   .154E+03   .000E+00   .000E+00
       37.5210   .000E+00   .000E+00   .000E+00   .000E+00   .000E+00  -.169E+03   .154E+03   .000E+00   .000E+00
       38.0549   .000E+00   .000E+00   .000E+00   .000E+00   .000E+00  -.168E+03   .155E+03   .000E+00   .000E+00
       38.5891   .000E+00   .000E+00   .000E+00   .000E+00   .000E+00  -.167E+03   .155E+03   .000E+00   .000E+00
       39.1238   .000E+00   .000E+00   .000E+00   .000E+00   .000E+00  -.167E+03   .155E+03   .000E+00   .000E+00
       39.6588   .000E+00   .000E+00   .000E+00   .000E+00   .000E+00  -.166E+03   .155E+03   .000E+00   .000E+00
       40.1941   .000E+00   .000E+00   .000E+00   .000E+00   .000E+00  -.165E+03   .156E+03   .000E+00   .000E+00
       40.7298   .000E+00   .000E+00   .000E+00   .000E+00   .000E+00  -.165E+03   .156E+03   .000E+00   .000E+00
       41.2657   .000E+00   .000E+00   .000E+00   .000E+00   .000E+00  -.164E+03   .156E+03   .000E+00   .000E+00
       41.8018   .000E+00   .000E+00   .000E+00   .000E+00   .000E+00  -.164E+03   .156E+03   .000E+00   .000E+00
       42.3383   .000E+00   .000E+00   .000E+00   .000E+00   .000E+00  -.163E+03   .156E+03   .000E+00   .000E+00
       42.8749   .000E+00   .000E+00   .000E+00   .000E+00   .000E+00  -.163E+03   .156E+03   .000E+00   .000E+00
       43.4117   .000E+00   .000E+00   .000E+00   .000E+00   .000E+00  -.163E+03   .156E+03   .000E+00   .000E+00
       43.9488   .000E+00   .000E+00   .000E+00   .000E+00   .000E+00  -.162E+03   .157E+03   .000E+00   .000E+00
       44.4860   .000E+00   .000E+00   .000E+00   .000E+00   .000E+00  -.162E+03   .157E+03   .000E+00   .000E+00
       45.0234   .000E+00   .000E+00   .000E+00   .000E+00   .000E+00  -.162E+03   .157E+03   .000E+00   .000E+00
       45.5609   .000E+00   .000E+00   .000E+00   .000E+00   .000E+00  -.161E+03   .157E+03   .000E+00   .000E+00
       46.0986   .000E+00   .000E+00   .000E+00   .000E+00   .000E+00  -.161E+03   .157E+03   .000E+00   .000E+00
       46.6364   .000E+00   .000E+00   .000E+00   .000E+00   .000E+00  -.161E+03   .157E+03   .000E+00   .000E+00
       47.1743   .000E+00   .000E+00   .000E+00   .000E+00   .000E+00  -.161E+03   .157E+03   .000E+00   .000E+00
       47.7124   .000E+00   .000E+00   .000E+00   .000E+00   .000E+00  -.161E+03   .157E+03   .000E+00   .000E+00
       48.2505   .000E+00   .000E+00   .000E+00   .000E+00   .000E+00  -.160E+03   .157E+03   .000E+00   .000E+00
       48.7887   .000E+00   .000E+00   .000E+00   .000E+00   .000E+00  -.160E+03   .157E+03   .000E+00   .000E+00
       49.3271   .000E+00   .000E+00   .000E+00   .000E+00   .000E+00  -.160E+03   .157E+03   .000E+00   .000E+00
       49.6635   .000E+00   .000E+00   .000E+00   .000E+00   .000E+00  -.160E+03   .157E+03   .000E+00   .000E+00
       50.0000   .000E+00   .000E+00   .000E+00   .000E+00   .000E+00  -.160E+03   .157E+03   .000E+00   .000E+00
       50.5376   .000E+00   .000E+00   .000E+00   .000E+00   .000E+00  -.160E+03   .158E+03   .000E+00   .000E+00
       51.0753   .000E+00   .000E+00   .000E+00   .000E+00   .000E+00  -.160E+03   .158E+03   .000E+00   .000E+00
       51.6129   .000E+00   .000E+00   .000E+00   .000E+00   .000E+00  -.159E+03   .158E+03   .000E+00   .000E+00
       52.1505   .000E+00   .000E+00   .000E+00   .000E+00   .000E+00  -.159E+03   .158E+03   .000E+00   .000E+00
       52.6882   .000E+00   .000E+00   .000E+00   .000E+00   .000E+00  -.159E+03   .158E+03   .000E+00   .000E+00
       53.2258   .000E+00   .000E+00   .000E+00   .000E+00   .000E+00  -.159E+03   .158E+03   .000E+00   .000E+00
       53.7635   .000E+00   .000E+00   .000E+00   .000E+00   .000E+00  -.159E+03   .158E+03   .000E+00   .000E+00
       54.3011   .000E+00   .000E+00   .000E+00   .000E+00   .000E+00  -.159E+03   .158E+03   .000E+00   .000E+00
       54.8387   .000E+00   .000E+00   .000E+00   .000E+00   .000E+00  -.159E+03   .158E+03   .000E+00   .000E+00
       55.3764   .000E+00   .000E+00   .000E+00   .000E+00   .000E+00  -.159E+03   .158E+03   .000E+00   .000E+00
       55.9140   .000E+00   .000E+00   .000E+00   .000E+00   .000E+00  -.159E+03   .158E+03   .000E+00   .000E+00
       56.4516   .000E+00   .000E+00   .000E+00   .000E+00   .000E+00  -.159E+03   .158E+03   .000E+00   .000E+00
       56.9893   .000E+00   .000E+00   .000E+00   .000E+00   .000E+00  -.159E+03   .158E+03   .000E+00   .000E+00
       57.5269   .000E+00   .000E+00   .000E+00   .000E+00   .000E+00  -.159E+03   .158E+03   .000E+00   .000E+00
       58.0645   .000E+00   .000E+00   .000E+00   .000E+00   .000E+00  -.159E+03   .158E+03   .000E+00   .000E+00
       58.6022   .000E+00   .000E+00   .000E+00   .000E+00   .000E+00  -.159E+03   .158E+03   .000E+00   .000E+00
       59.1398   .000E+00   .000E+00   .000E+00   .000E+00   .000E+00  -.159E+03   .158E+03   .000E+00   .000E+00
       59.6774   .000E+00   .000E+00   .000E+00   .000E+00   .000E+00  -.158E+03   .158E+03   .000E+00   .000E+00
       60.2151   .000E+00   .000E+00   .000E+00   .000E+00   .000E+00  -.158E+03   .158E+03   .000E+00   .000E+00
       60.7527   .000E+00   .000E+00   .000E+00   .000E+00   .000E+00  -.158E+03   .158E+03   .000E+00   .000E+00
       61.2904   .000E+00   .000E+00   .000E+00   .000E+00   .000E+00  -.158E+03   .158E+03   .000E+00   .000E+00
       61.8280   .000E+00   .000E+00   .000E+00   .000E+00   .000E+00  -.158E+03   .158E+03   .000E+00   .000E+00
       62.3656   .000E+00   .000E+00   .000E+00   .000E+00   .000E+00  -.158E+03   .158E+03   .000E+00   .000E+00
       62.9033   .000E+00   .000E+00   .000E+00   .000E+00   .000E+00  -.158E+03   .158E+03   .000E+00   .000E+00
       63.4409   .000E+00   .000E+00   .000E+00   .000E+00   .000E+00  -.158E+03   .158E+03   .000E+00   .000E+00
       63.9785   .000E+00   .000E+00   .000E+00   .000E+00   .000E+00  -.158E+03   .158E+03   .000E+00   .000E+00
       64.5162   .000E+00   .000E+00   .000E+00   .000E+00   .000E+00  -.158E+03   .158E+03   .000E+00   .000E+00
       65.0538   .000E+00   .000E+00   .000E+00   .000E+00   .000E+00  -.158E+03   .158E+03   .000E+00   .000E+00
       65.5914   .000E+00   .000E+00   .000E+00   .000E+00   .000E+00  -.158E+03   .158E+03   .000E+00   .000E+00
       66.1291   .000E+00   .000E+00   .000E+00   .000E+00   .000E+00  -.158E+03   .158E+03   .000E+00   .000E+00
       66.6667   .000E+00   .000E+00   .000E+00   .000E+00   .000E+00  -.158E+03   .158E+03   .000E+00   .000E+00
       67.2043   .000E+00   .000E+00   .000E+00   .000E+00   .000E+00  -.158E+03   .158E+03   .000E+00   .000E+00
       67.7420   .000E+00   .000E+00   .000E+00   .000E+00   .000E+00  -.158E+03   .158E+03   .000E+00   .000E+00
       68.2796   .000E+00   .000E+00   .000E+00   .000E+00   .000E+00  -.158E+03   .158E+03   .000E+00   .000E+00
       68.8173   .000E+00   .000E+00   .000E+00   .000E+00   .000E+00  -.158E+03   .158E+03   .000E+00   .000E+00
       69.3549   .000E+00   .000E+00   .000E+00   .000E+00   .000E+00  -.158E+03   .158E+03   .000E+00   .000E+00
       69.8925   .000E+00   .000E+00   .000E+00   .000E+00   .000E+00  -.158E+03   .158E+03   .000E+00   .000E+00
       70.4302   .000E+00   .000E+00   .000E+00   .000E+00   .000E+00  -.158E+03   .158E+03   .000E+00   .000E+00
       70.9678   .000E+00   .000E+00   .000E+00   .000E+00   .000E+00  -.158E+03   .158E+03   .000E+00   .000E+00
       71.5054   .000E+00   .000E+00   .000E+00   .000E+00   .000E+00  -.158E+03   .158E+03   .000E+00   .000E+00
       72.0431   .000E+00   .000E+00   .000E+00   .000E+00   .000E+00  -.158E+03   .158E+03   .000E+00   .000E+00
       72.5807   .000E+00   .000E+00   .000E+00   .000E+00   .000E+00  -.158E+03   .158E+03   .000E+00   .000E+00
       73.1183   .000E+00   .000E+00   .000E+00   .000E+00   .000E+00  -.158E+03   .158E+03   .000E+00   .000E+00
       73.6560   .000E+00   .000E+00   .000E+00   .000E+00   .000E+00  -.158E+03   .158E+03   .000E+00   .000E+00
       74.1936   .000E+00   .000E+00   .000E+00   .000E+00   .000E+00  -.158E+03   .158E+03   .000E+00   .000E+00
       74.7312   .000E+00   .000E+00   .000E+00   .000E+00   .000E+00  -.158E+03   .158E+03   .000E+00   .000E+00
       75.2689   .000E+00   .000E+00   .000E+00   .000E+00   .000E+00  -.158E+03   .158E+03   .000E+00   .000E+00
       75.8065   .000E+00   .000E+00   .000E+00   .000E+00   .000E+00  -.158E+03   .158E+03   .000E+00   .000E+00
       76.3442   .000E+00   .000E+00   .000E+00   .000E+00   .000E+00  -.158E+03   .158E+03   .000E+00   .000E+00
       76.8818   .000E+00   .000E+00   .000E+00   .000E+00   .000E+00  -.158E+03   .158E+03   .000E+00   .000E+00
       77.4194   .000E+00   .000E+00   .000E+00   .000E+00   .000E+00  -.158E+03   .158E+03   .000E+00   .000E+00
       77.9571   .000E+00   .000E+00   .000E+00   .000E+00   .000E+00  -.158E+03   .158E+03   .000E+00   .000E+00
       78.4947   .000E+00   .000E+00   .000E+00   .000E+00   .000E+00  -.158E+03   .158E+03   .000E+00   .000E+00
       79.0323   .000E+00   .000E+00   .000E+00   .000E+00   .000E+00  -.158E+03   .158E+03   .000E+00   .000E+00
       79.5700   .000E+00   .000E+00   .000E+00   .000E+00   .000E+00  -.158E+03   .158E+03   .000E+00   .000E+00
       80.1076   .000E+00   .000E+00   .000E+00   .000E+00   .000E+00  -.158E+03   .158E+03   .000E+00   .000E+00
       80.6452   .000E+00   .000E+00   .000E+00   .000E+00   .000E+00  -.158E+03   .158E+03   .000E+00   .000E+00
       81.1829   .000E+00   .000E+00   .000E+00   .000E+00   .000E+00  -.158E+03   .158E+03   .000E+00   .000E+00
       81.7205   .000E+00   .000E+00   .000E+00   .000E+00   .000E+00  -.158E+03   .158E+03   .000E+00   .000E+00
       82.2581   .000E+00   .000E+00   .000E+00   .000E+00   .000E+00  -.158E+03   .158E+03   .000E+00   .000E+00
       82.7958   .000E+00   .000E+00   .000E+00   .000E+00   .000E+00  -.158E+03   .158E+03   .000E+00   .000E+00
       83.3334   .000E+00   .000E+00   .000E+00   .000E+00   .000E+00  -.158E+03   .158E+03   .000E+00   .000E+00
       83.8710   .000E+00   .000E+00   .000E+00   .000E+00   .000E+00  -.158E+03   .158E+03   .000E+00   .000E+00
       84.4087   .000E+00   .000E+00   .000E+00   .000E+00   .000E+00  -.158E+03   .158E+03   .000E+00   .000E+00
       84.9463   .000E+00   .000E+00   .000E+00   .000E+00   .000E+00  -.158E+03   .158E+03   .000E+00   .000E+00
       85.4839   .000E+00   .000E+00   .000E+00   .000E+00   .000E+00  -.158E+03   .158E+03   .000E+00   .000E+00
       86.0216   .000E+00   .000E+00   .000E+00   .000E+00   .000E+00  -.158E+03   .158E+03   .000E+00   .000E+00
       86.5592   .000E+00   .000E+00   .000E+00   .000E+00   .000E+00  -.158E+03   .158E+03   .000E+00   .000E+00
       87.0968   .000E+00   .000E+00   .000E+00   .000E+00   .000E+00  -.158E+03   .158E+03   .000E+00   .000E+00
       87.6345   .000E+00   .000E+00   .000E+00   .000E+00   .000E+00  -.158E+03   .158E+03   .000E+00   .000E+00
       88.1721   .000E+00   .000E+00   .000E+00   .000E+00   .000E+00  -.158E+03   .158E+03   .000E+00   .000E+00
       88.7097   .000E+00   .000E+00   .000E+00   .000E+00   .000E+00  -.158E+03   .158E+03   .000E+00   .000E+00
       89.2474   .000E+00   .000E+00   .000E+00   .000E+00   .000E+00  -.158E+03   .158E+03   .000E+00   .000E+00
       89.7850   .000E+00   .000E+00   .000E+00   .000E+00   .000E+00  -.158E+03   .158E+03   .000E+00   .000E+00
       90.3226   .000E+00   .000E+00   .000E+00   .000E+00   .000E+00  -.158E+03   .158E+03   .000E+00   .000E+00
       90.8603   .000E+00   .000E+00   .000E+00   .000E+00   .000E+00  -.158E+03   .158E+03   .000E+00   .000E+00
       91.3979   .000E+00   .000E+00   .000E+00   .000E+00   .000E+00  -.158E+03   .158E+03   .000E+00   .000E+00
       91.9355   .000E+00   .000E+00   .000E+00   .000E+00   .000E+00  -.158E+03   .158E+03   .000E+00   .000E+00
       92.4732   .000E+00   .000E+00   .000E+00   .000E+00   .000E+00  -.158E+03   .158E+03   .000E+00   .000E+00
       93.0108   .000E+00   .000E+00   .000E+00   .000E+00   .000E+00  -.158E+03   .158E+03   .000E+00   .000E+00
       93.5484   .000E+00   .000E+00   .000E+00   .000E+00   .000E+00  -.158E+03   .158E+03   .000E+00   .000E+00
       94.0860   .000E+00   .000E+00   .000E+00   .000E+00   .000E+00  -.158E+03   .158E+03   .000E+00   .000E+00
       94.6237   .000E+00   .000E+00   .000E+00   .000E+00   .000E+00  -.158E+03   .158E+03   .000E+00   .000E+00
       95.1613   .000E+00   .000E+00   .000E+00   .000E+00   .000E+00  -.158E+03   .158E+03   .000E+00   .000E+00
       95.6989   .000E+00   .000E+00   .000E+00   .000E+00   .000E+00  -.158E+03   .158E+03   .000E+00   .000E+00
       96.2366   .000E+00   .000E+00   .000E+00   .000E+00   .000E+00  -.158E+03   .158E+03   .000E+00   .000E+00
       96.7742   .000E+00   .000E+00   .000E+00   .000E+00   .000E+00  -.158E+03   .158E+03   .000E+00   .000E+00
       97.3118   .000E+00   .000E+00   .000E+00   .000E+00   .000E+00  -.158E+03   .158E+03   .000E+00   .000E+00
       97.8495   .000E+00   .000E+00   .000E+00   .000E+00   .000E+00  -.158E+03   .158E+03   .000E+00   .000E+00
       98.3871   .000E+00   .000E+00   .000E+00   .000E+00   .000E+00  -.158E+03   .158E+03   .000E+00   .000E+00
       98.9247   .000E+00   .000E+00   .000E+00   .000E+00   .000E+00  -.158E+03   .158E+03   .000E+00   .000E+00
       99.4624   .000E+00   .000E+00   .000E+00   .000E+00   .000E+00  -.158E+03   .158E+03   .000E+00   .000E+00
      100.0000   .000E+00   .000E+00   .000E+00   .000E+00   .000E+00  -.158E+03   .158E+03   .000E+00   .000E+00
end
