 Tension permeameter infiltration test - Riverside - 10 cm, 1 run        
 
 Program HYDRUS2
 Date:  30. 6.    Time:  12:39:59
 Time dependent boundary conditions
 Axisymmetric flow, V = L*L*L
 Units: L = cm   , T = sec  , M = -    


 Time:   1624.0000

    i    n    x      z    Code     Q          v           h       th       Temp     Conc
                                 [V/T]      [L/T]        [L]     [-]        [C]    [M/L3]

    1    1     .0     .0   -6  -.292E-03   .446E-04      -24.0   .077     20.00
    2    2    2.5     .0   -6  -.175E-02   .446E-04      -24.0   .077     20.00
    3    3    5.0     .0   -6  -.350E-02   .446E-04      -24.0   .077     20.00
    4    4    7.5     .0   -6  -.402E-02   .446E-04      -24.0   .077     20.00
    5    5    9.0     .0   -6  -.309E-02   .446E-04      -24.0   .077     20.00
    6    6   10.0     .0   -6  -.280E-02   .446E-04      -24.0   .077     20.00
    7    7   11.0     .0   -6  -.476E-02   .446E-04      -24.0   .077     20.00
    8    8   13.0     .0   -6  -.729E-02   .446E-04      -24.0   .077     20.00
    9    9   15.0     .0   -6  -.107E-01   .446E-04      -24.0   .077     20.00
   10   10   18.0     .0   -6  -.180E-01   .446E-04      -24.0   .077     20.00
   11   11   22.0     .0   -6  -.318E-01   .446E-04      -24.0   .077     20.00
   12   12   28.0     .0   -6  -.516E-01   .446E-04      -24.0   .077     20.00
   13   13   35.0     .0   -6  -.687E-01   .446E-04      -24.0   .077     20.00
   14   14   42.0     .0   -6  -.890E-01   .446E-04      -24.0   .077     20.00
   15   15   50.0     .0   -6  -.531E-01   .446E-04      -24.0   .077     20.00
   16   38   10.0   50.0    3   .136E-01  -.448E-03      -20.0   .099     20.00
   17   39    9.0   50.0    3   .735E-02  -.106E-03      -20.0   .099     20.00
   18   40    7.5   50.0    3   .783E-02  -.870E-04      -20.0   .099     20.00
   19   41    5.0   50.0    3   .615E-02  -.783E-04      -20.0   .099     20.00
   20   42    2.5   50.0    3   .298E-02  -.759E-04      -20.0   .099     20.00
   21   43     .0   50.0    3   .496E-03  -.758E-04      -20.0   .099     20.00


 Time:   3248.0000

    i    n    x      z    Code     Q          v           h       th       Temp     Conc
                                 [V/T]      [L/T]        [L]     [-]        [C]    [M/L3]

    1    1     .0     .0   -6  -.292E-03   .446E-04      -24.0   .077     20.00
    2    2    2.5     .0   -6  -.175E-02   .446E-04      -24.0   .077     20.00
    3    3    5.0     .0   -6  -.350E-02   .446E-04      -24.0   .077     20.00
    4    4    7.5     .0   -6  -.402E-02   .446E-04      -24.0   .077     20.00
    5    5    9.0     .0   -6  -.309E-02   .446E-04      -24.0   .077     20.00
    6    6   10.0     .0   -6  -.280E-02   .446E-04      -24.0   .077     20.00
    7    7   11.0     .0   -6  -.476E-02   .446E-04      -24.0   .077     20.00
    8    8   13.0     .0   -6  -.729E-02   .446E-04      -24.0   .077     20.00
    9    9   15.0     .0   -6  -.107E-01   .446E-04      -24.0   .077     20.00
   10   10   18.0     .0   -6  -.180E-01   .446E-04      -24.0   .077     20.00
   11   11   22.0     .0   -6  -.318E-01   .446E-04      -24.0   .077     20.00
   12   12   28.0     .0   -6  -.516E-01   .446E-04      -24.0   .077     20.00
   13   13   35.0     .0   -6  -.687E-01   .446E-04      -24.0   .077     20.00
   14   14   42.0     .0   -6  -.890E-01   .446E-04      -24.0   .077     20.00
   15   15   50.0     .0   -6  -.531E-01   .446E-04      -24.0   .077     20.00
   16   38   10.0   50.0    3   .145E-01  -.478E-03      -20.0   .099     20.00
   17   39    9.0   50.0    3   .758E-02  -.109E-03      -20.0   .099     20.00
   18   40    7.5   50.0    3   .781E-02  -.867E-04      -20.0   .099     20.00
   19   41    5.0   50.0    3   .589E-02  -.750E-04      -20.0   .099     20.00
   20   42    2.5   50.0    3   .279E-02  -.710E-04      -20.0   .099     20.00
   21   43     .0   50.0    3   .457E-03  -.699E-04      -20.0   .099     20.00


 Time:   4872.0000

    i    n    x      z    Code     Q          v           h       th       Temp     Conc
                                 [V/T]      [L/T]        [L]     [-]        [C]    [M/L3]

    1    1     .0     .0   -6  -.292E-03   .446E-04      -24.0   .077     20.00
    2    2    2.5     .0   -6  -.175E-02   .446E-04      -24.0   .077     20.00
    3    3    5.0     .0   -6  -.350E-02   .446E-04      -24.0   .077     20.00
    4    4    7.5     .0   -6  -.402E-02   .446E-04      -24.0   .077     20.00
    5    5    9.0     .0   -6  -.309E-02   .446E-04      -24.0   .077     20.00
    6    6   10.0     .0   -6  -.280E-02   .446E-04      -24.0   .077     20.00
    7    7   11.0     .0   -6  -.476E-02   .446E-04      -24.0   .077     20.00
    8    8   13.0     .0   -6  -.729E-02   .446E-04      -24.0   .077     20.00
    9    9   15.0     .0   -6  -.107E-01   .446E-04      -24.0   .077     20.00
   10   10   18.0     .0   -6  -.180E-01   .446E-04      -24.0   .077     20.00
   11   11   22.0     .0   -6  -.318E-01   .446E-04      -24.0   .077     20.00
   12   12   28.0     .0   -6  -.516E-01   .446E-04      -24.0   .077     20.00
   13   13   35.0     .0   -6  -.687E-01   .446E-04      -24.0   .077     20.00
   14   14   42.0     .0   -6  -.890E-01   .446E-04      -24.0   .077     20.00
   15   15   50.0     .0   -6  -.531E-01   .446E-04      -24.0   .077     20.00
   16   38   10.0   50.0    3   .346E-01  -.114E-02      -10.0   .201     20.00
   17   39    9.0   50.0    3   .186E-01  -.268E-03      -10.0   .201     20.00
   18   40    7.5   50.0    3   .194E-01  -.216E-03      -10.0   .201     20.00
   19   41    5.0   50.0    3   .151E-01  -.192E-03      -10.0   .201     20.00
   20   42    2.5   50.0    3   .729E-02  -.186E-03      -10.0   .201     20.00
   21   43     .0   50.0    3   .124E-02  -.189E-03      -10.0   .201     20.00


 Time:   6496.0000

    i    n    x      z    Code     Q          v           h       th       Temp     Conc
                                 [V/T]      [L/T]        [L]     [-]        [C]    [M/L3]

    1    1     .0     .0   -6  -.292E-03   .446E-04      -24.0   .077     20.00
    2    2    2.5     .0   -6  -.175E-02   .446E-04      -24.0   .077     20.00
    3    3    5.0     .0   -6  -.350E-02   .446E-04      -24.0   .077     20.00
    4    4    7.5     .0   -6  -.402E-02   .446E-04      -24.0   .077     20.00
    5    5    9.0     .0   -6  -.309E-02   .446E-04      -24.0   .077     20.00
    6    6   10.0     .0   -6  -.280E-02   .446E-04      -24.0   .077     20.00
    7    7   11.0     .0   -6  -.476E-02   .446E-04      -24.0   .077     20.00
    8    8   13.0     .0   -6  -.729E-02   .446E-04      -24.0   .077     20.00
    9    9   15.0     .0   -6  -.107E-01   .446E-04      -24.0   .077     20.00
   10   10   18.0     .0   -6  -.180E-01   .446E-04      -24.0   .077     20.00
   11   11   22.0     .0   -6  -.318E-01   .446E-04      -24.0   .077     20.00
   12   12   28.0     .0   -6  -.516E-01   .446E-04      -24.0   .077     20.00
   13   13   35.0     .0   -6  -.687E-01   .446E-04      -24.0   .077     20.00
   14   14   42.0     .0   -6  -.890E-01   .446E-04      -24.0   .077     20.00
   15   15   50.0     .0   -6  -.531E-01   .446E-04      -24.0   .077     20.00
   16   38   10.0   50.0    3   .826E-01  -.272E-02       -3.0   .273     20.00
   17   39    9.0   50.0    3   .588E-01  -.847E-03       -3.0   .273     20.00
   18   40    7.5   50.0    3   .703E-01  -.781E-03       -3.0   .273     20.00
   19   41    5.0   50.0    3   .600E-01  -.764E-03       -3.0   .273     20.00
   20   42    2.5   50.0    3   .298E-01  -.758E-03       -3.0   .273     20.00
   21   43     .0   50.0    3   .545E-02  -.833E-03       -3.0   .273     20.00


 Time:   8120.0000

    i    n    x      z    Code     Q          v           h       th       Temp     Conc
                                 [V/T]      [L/T]        [L]     [-]        [C]    [M/L3]

    1    1     .0     .0   -6  -.292E-03   .446E-04      -24.0   .077     20.00
    2    2    2.5     .0   -6  -.175E-02   .446E-04      -24.0   .077     20.00
    3    3    5.0     .0   -6  -.350E-02   .446E-04      -24.0   .077     20.00
    4    4    7.5     .0   -6  -.402E-02   .446E-04      -24.0   .077     20.00
    5    5    9.0     .0   -6  -.309E-02   .446E-04      -24.0   .077     20.00
    6    6   10.0     .0   -6  -.280E-02   .446E-04      -24.0   .077     20.00
    7    7   11.0     .0   -6  -.476E-02   .446E-04      -24.0   .077     20.00
    8    8   13.0     .0   -6  -.729E-02   .446E-04      -24.0   .077     20.00
    9    9   15.0     .0   -6  -.107E-01   .446E-04      -24.0   .077     20.00
   10   10   18.0     .0   -6  -.180E-01   .446E-04      -24.0   .077     20.00
   11   11   22.0     .0   -6  -.318E-01   .446E-04      -24.0   .077     20.00
   12   12   28.0     .0   -6  -.516E-01   .446E-04      -24.0   .077     20.00
   13   13   35.0     .0   -6  -.687E-01   .446E-04      -24.0   .077     20.00
   14   14   42.0     .0   -6  -.890E-01   .446E-04      -24.0   .077     20.00
   15   15   50.0     .0   -6  -.531E-01   .446E-04      -24.0   .077     20.00
   16   38   10.0   50.0    3   .540E-01  -.178E-02       -3.0   .273     20.00
   17   39    9.0   50.0    3   .295E-01  -.425E-03       -3.0   .273     20.00
   18   40    7.5   50.0    3   .303E-01  -.336E-03       -3.0   .273     20.00
   19   41    5.0   50.0    3   .230E-01  -.293E-03       -3.0   .273     20.00
   20   42    2.5   50.0    3   .110E-01  -.279E-03       -3.0   .273     20.00
   21   43     .0   50.0    3   .184E-02  -.281E-03       -3.0   .273     20.00


 Time:  10505.0000

    i    n    x      z    Code     Q          v           h       th       Temp     Conc
                                 [V/T]      [L/T]        [L]     [-]        [C]    [M/L3]

    1    1     .0     .0   -6  -.292E-03   .446E-04      -24.0   .077     20.00
    2    2    2.5     .0   -6  -.175E-02   .446E-04      -24.0   .077     20.00
    3    3    5.0     .0   -6  -.350E-02   .446E-04      -24.0   .077     20.00
    4    4    7.5     .0   -6  -.402E-02   .446E-04      -24.0   .077     20.00
    5    5    9.0     .0   -6  -.309E-02   .446E-04      -24.0   .077     20.00
    6    6   10.0     .0   -6  -.280E-02   .446E-04      -24.0   .077     20.00
    7    7   11.0     .0   -6  -.476E-02   .446E-04      -24.0   .077     20.00
    8    8   13.0     .0   -6  -.729E-02   .446E-04      -24.0   .077     20.00
    9    9   15.0     .0   -6  -.107E-01   .446E-04      -24.0   .077     20.00
   10   10   18.0     .0   -6  -.180E-01   .446E-04      -24.0   .077     20.00
   11   11   22.0     .0   -6  -.318E-01   .446E-04      -24.0   .077     20.00
   12   12   28.0     .0   -6  -.516E-01   .446E-04      -24.0   .077     20.00
   13   13   35.0     .0   -6  -.687E-01   .446E-04      -24.0   .077     20.00
   14   14   42.0     .0   -6  -.890E-01   .446E-04      -24.0   .077     20.00
   15   15   50.0     .0   -6  -.531E-01   .446E-04      -24.0   .077     20.00
   16   38   10.0   50.0    3   .501E-01  -.165E-02       -3.0   .273     20.00
   17   39    9.0   50.0    3   .269E-01  -.388E-03       -3.0   .273     20.00
   18   40    7.5   50.0    3   .271E-01  -.301E-03       -3.0   .273     20.00
   19   41    5.0   50.0    3   .200E-01  -.254E-03       -3.0   .273     20.00
   20   42    2.5   50.0    3   .936E-02  -.238E-03       -3.0   .273     20.00
   21   43     .0   50.0    3   .154E-02  -.236E-03       -3.0   .273     20.00
