 Tension permeameter infiltration test - Riverside - 10 cm, 1 run        
 
 Program HYDRUS2
 Date:  30. 6.    Time:  12:39:59
 Time dependent boundary conditions
 Axisymmetric flow, V = L*L*L
 Units: L = cm   , T = sec  , M = -    

 Max. number of iterations             21
 Absolute water content tolerance [-]  .00010
 Absolute pressure head tolerance [L]  .10000



MatNum, Param. array:

   Mat     Qr     Qs        Alfa         n          Ks      l

    1     .000   .278    .865E-01    .265E+01    .136E-03 -3.047

       Table of Hydraulic Properties which are interpolated in simulation
       =================================================================

  theta         h        log h        C             K        log K          S
 
   .2780   -.100E-01  -.2000E+01   .3593E-06   .1360E-03  -.3866E+01    1.0000
   .2780   -.113E-01  -.1946E+01   .4401E-06   .1360E-03  -.3866E+01    1.0000
   .2780   -.128E-01  -.1893E+01   .5392E-06   .1360E-03  -.3866E+01    1.0000
   .2780   -.145E-01  -.1839E+01   .6605E-06   .1360E-03  -.3866E+01    1.0000
   .2780   -.164E-01  -.1786E+01   .8091E-06   .1360E-03  -.3866E+01    1.0000
   .2780   -.185E-01  -.1732E+01   .9912E-06   .1360E-03  -.3866E+01    1.0000
   .2780   -.210E-01  -.1679E+01   .1214E-05   .1360E-03  -.3866E+01    1.0000
   .2780   -.237E-01  -.1625E+01   .1488E-05   .1360E-03  -.3866E+01    1.0000
   .2780   -.268E-01  -.1572E+01   .1822E-05   .1360E-03  -.3866E+01    1.0000
   .2780   -.303E-01  -.1518E+01   .2232E-05   .1360E-03  -.3866E+01    1.0000
   .2780   -.343E-01  -.1465E+01   .2735E-05   .1360E-03  -.3866E+01    1.0000
   .2780   -.388E-01  -.1411E+01   .3350E-05   .1360E-03  -.3866E+01    1.0000
   .2780   -.439E-01  -.1357E+01   .4104E-05   .1360E-03  -.3867E+01    1.0000
   .2780   -.497E-01  -.1304E+01   .5028E-05   .1360E-03  -.3867E+01    1.0000
   .2780   -.562E-01  -.1250E+01   .6159E-05   .1360E-03  -.3867E+01    1.0000
   .2780   -.636E-01  -.1197E+01   .7546E-05   .1360E-03  -.3867E+01    1.0000
   .2780   -.719E-01  -.1143E+01   .9244E-05   .1360E-03  -.3867E+01    1.0000
   .2780   -.813E-01  -.1090E+01   .1132E-04   .1359E-03  -.3867E+01    1.0000
   .2780   -.920E-01  -.1036E+01   .1387E-04   .1359E-03  -.3867E+01    1.0000
   .2780   -.104E+00  -.9826E+00   .1699E-04   .1359E-03  -.3867E+01    1.0000
   .2780   -.118E+00  -.9291E+00   .2082E-04   .1359E-03  -.3867E+01    1.0000
   .2780   -.133E+00  -.8755E+00   .2550E-04   .1358E-03  -.3867E+01    1.0000
   .2780   -.151E+00  -.8220E+00   .3124E-04   .1358E-03  -.3867E+01    1.0000
   .2780   -.170E+00  -.7684E+00   .3827E-04   .1358E-03  -.3867E+01    1.0000
   .2780   -.193E+00  -.7149E+00   .4689E-04   .1357E-03  -.3867E+01    1.0000
   .2780   -.218E+00  -.6614E+00   .5744E-04   .1356E-03  -.3868E+01    1.0000
   .2780   -.247E+00  -.6078E+00   .7036E-04   .1355E-03  -.3868E+01    1.0000
   .2780   -.279E+00  -.5543E+00   .8620E-04   .1354E-03  -.3868E+01    1.0000
   .2780   -.316E+00  -.5007E+00   .1056E-03   .1353E-03  -.3869E+01    1.0000
   .2780   -.357E+00  -.4472E+00   .1293E-03   .1352E-03  -.3869E+01     .9999
   .2780   -.404E+00  -.3936E+00   .1584E-03   .1350E-03  -.3870E+01     .9999
   .2780   -.457E+00  -.3401E+00   .1941E-03   .1347E-03  -.3871E+01     .9999
   .2780   -.517E+00  -.2865E+00   .2377E-03   .1345E-03  -.3871E+01     .9998
   .2779   -.585E+00  -.2330E+00   .2912E-03   .1341E-03  -.3873E+01     .9998
   .2779   -.662E+00  -.1794E+00   .3566E-03   .1337E-03  -.3874E+01     .9997
   .2779   -.748E+00  -.1259E+00   .4368E-03   .1332E-03  -.3875E+01     .9996
   .2778   -.847E+00  -.7235E-01   .5348E-03   .1326E-03  -.3877E+01     .9994
   .2778   -.958E+00  -.1881E-01   .6548E-03   .1319E-03  -.3880E+01     .9991
   .2777   -.108E+01   .3474E-01   .8014E-03   .1310E-03  -.3883E+01     .9988
   .2776   -.123E+01   .8828E-01   .9806E-03   .1300E-03  -.3886E+01     .9984
   .2774   -.139E+01   .1418E+00   .1199E-02   .1288E-03  -.3890E+01     .9977
   .2771   -.157E+01   .1954E+00   .1466E-02   .1273E-03  -.3895E+01     .9969
   .2768   -.177E+01   .2489E+00   .1790E-02   .1256E-03  -.3901E+01     .9957
   .2763   -.201E+01   .3025E+00   .2183E-02   .1235E-03  -.3908E+01     .9940
   .2757   -.227E+01   .3560E+00   .2659E-02   .1212E-03  -.3917E+01     .9917
   .2748   -.257E+01   .4096E+00   .3230E-02   .1184E-03  -.3927E+01     .9886
   .2736   -.290E+01   .4631E+00   .3912E-02   .1153E-03  -.3938E+01     .9842
   .2720   -.329E+01   .5167E+00   .4718E-02   .1117E-03  -.3952E+01     .9783
   .2697   -.372E+01   .5702E+00   .5657E-02   .1078E-03  -.3968E+01     .9703
   .2667   -.420E+01   .6237E+00   .6729E-02   .1034E-03  -.3986E+01     .9594
   .2627   -.476E+01   .6773E+00   .7921E-02   .9858E-04  -.4006E+01     .9449
   .2573   -.538E+01   .7308E+00   .9197E-02   .9350E-04  -.4029E+01     .9256
   .2504   -.609E+01   .7844E+00   .1049E-01   .8821E-04  -.4054E+01     .9006
   .2415   -.689E+01   .8379E+00   .1170E-01   .8282E-04  -.4082E+01     .8687
   .2304   -.779E+01   .8915E+00   .1268E-01   .7747E-04  -.4111E+01     .8289
   .2171   -.881E+01   .9450E+00   .1330E-01   .7229E-04  -.4141E+01     .7810
   .2016   -.997E+01   .9986E+00   .1343E-01   .6742E-04  -.4171E+01     .7252
   .1843   -.113E+02   .1052E+01   .1301E-01   .6293E-04  -.4201E+01     .6628
   .1657   -.128E+02   .1106E+01   .1208E-01   .5889E-04  -.4230E+01     .5959
   .1465   -.144E+02   .1159E+01   .1075E-01   .5531E-04  -.4257E+01     .5271
   .1277   -.163E+02   .1213E+01   .9192E-02   .5216E-04  -.4283E+01     .4593
   .1098   -.185E+02   .1266E+01   .7590E-02   .4940E-04  -.4306E+01     .3948
   .0933   -.209E+02   .1320E+01   .6081E-02   .4698E-04  -.4328E+01     .3355
   .0785   -.236E+02   .1373E+01   .4754E-02   .4483E-04  -.4348E+01     .2824
   .0656   -.267E+02   .1427E+01   .3643E-02   .4291E-04  -.4367E+01     .2359
   .0545   -.302E+02   .1480E+01   .2750E-02   .4117E-04  -.4385E+01     .1959
   .0450   -.342E+02   .1534E+01   .2051E-02   .3957E-04  -.4403E+01     .1620
   .0371   -.387E+02   .1588E+01   .1517E-02   .3809E-04  -.4419E+01     .1334
   .0305   -.438E+02   .1641E+01   .1114E-02   .3670E-04  -.4435E+01     .1097
   .0250   -.495E+02   .1695E+01   .8145E-03   .3539E-04  -.4451E+01     .0900
   .0205   -.560E+02   .1748E+01   .5933E-03   .3415E-04  -.4467E+01     .0737
   .0168   -.634E+02   .1802E+01   .4311E-03   .3297E-04  -.4482E+01     .0603
   .0137   -.717E+02   .1855E+01   .3126E-03   .3183E-04  -.4497E+01     .0493
   .0112   -.811E+02   .1909E+01   .2264E-03   .3075E-04  -.4512E+01     .0403
   .0092   -.917E+02   .1962E+01   .1638E-03   .2970E-04  -.4527E+01     .0330
   .0075   -.104E+03   .2016E+01   .1184E-03   .2870E-04  -.4542E+01     .0269
   .0061   -.117E+03   .2069E+01   .8557E-04   .2773E-04  -.4557E+01     .0220
   .0050   -.133E+03   .2123E+01   .6181E-04   .2679E-04  -.4572E+01     .0180
   .0041   -.150E+03   .2177E+01   .4463E-04   .2589E-04  -.4587E+01     .0147
   .0033   -.170E+03   .2230E+01   .3222E-04   .2502E-04  -.4602E+01     .0120
   .0027   -.192E+03   .2284E+01   .2326E-04   .2418E-04  -.4617E+01     .0098
   .0022   -.217E+03   .2337E+01   .1679E-04   .2337E-04  -.4631E+01     .0080
   .0018   -.246E+03   .2391E+01   .1212E-04   .2258E-04  -.4646E+01     .0065
   .0015   -.278E+03   .2444E+01   .8746E-05   .2182E-04  -.4661E+01     .0053
   .0012   -.315E+03   .2498E+01   .6312E-05   .2109E-04  -.4676E+01     .0043
   .0010   -.356E+03   .2551E+01   .4555E-05   .2038E-04  -.4691E+01     .0035
   .0008   -.403E+03   .2605E+01   .3287E-05   .1970E-04  -.4706E+01     .0029
   .0007   -.455E+03   .2658E+01   .2372E-05   .1904E-04  -.4720E+01     .0024
   .0005   -.515E+03   .2712E+01   .1712E-05   .1840E-04  -.4735E+01     .0019
   .0004   -.583E+03   .2766E+01   .1235E-05   .1778E-04  -.4750E+01     .0016
   .0004   -.659E+03   .2819E+01   .8914E-06   .1718E-04  -.4765E+01     .0013
   .0003   -.746E+03   .2873E+01   .6432E-06   .1661E-04  -.4780E+01     .0010
   .0002   -.844E+03   .2926E+01   .4642E-06   .1605E-04  -.4795E+01     .0009
   .0002   -.954E+03   .2980E+01   .3349E-06   .1551E-04  -.4809E+01     .0007
   .0002   -.108E+04   .3033E+01   .2417E-06   .1499E-04  -.4824E+01     .0006
   .0001   -.122E+04   .3087E+01   .1744E-06   .1449E-04  -.4839E+01     .0005
   .0001   -.138E+04   .3140E+01   .1259E-06   .1400E-04  -.4854E+01     .0004
   .0001   -.156E+04   .3194E+01   .9082E-07   .1353E-04  -.4869E+01     .0003
   .0001   -.177E+04   .3247E+01   .6554E-07   .1308E-04  -.4883E+01     .0003
   .0001   -.200E+04   .3301E+01   .4729E-07   .1264E-04  -.4898E+01     .0002
end
