

     Time         hAtm       hRoot     hKode3     hKode1      hSeep     hKode5     hKode6 ... 
      [T]          [L]        [L]        [L]        [L]        [L]        [L]        [L]

       .0100         .0         .0      -20.0         .0         .0         .0      -24.0
       .0200         .0         .0      -20.0         .0         .0         .0      -24.0
       .0331         .0         .0      -20.0         .0         .0         .0      -24.0
       .0500         .0         .0      -20.0         .0         .0         .0      -24.0
       .0721         .0         .0      -20.0         .0         .0         .0      -24.0
       .1011         .0         .0      -20.0         .0         .0         .0      -24.0
       .1386         .0         .0      -20.0         .0         .0         .0      -24.0
       .1864         .0         .0      -20.0         .0         .0         .0      -24.0
       .2490         .0         .0      -20.0         .0         .0         .0      -24.0
       .3325         .0         .0      -20.0         .0         .0         .0      -24.0
       .4437         .0         .0      -20.0         .0         .0         .0      -24.0
       .5828         .0         .0      -20.0         .0         .0         .0      -24.0
       .7914         .0         .0      -20.0         .0         .0         .0      -24.0
      1.0000         .0         .0      -20.0         .0         .0         .0      -24.0
      1.2500         .0         .0      -20.0         .0         .0         .0      -24.0
      1.6250         .0         .0      -20.0         .0         .0         .0      -24.0
      2.0000         .0         .0      -20.0         .0         .0         .0      -24.0
      2.3333         .0         .0      -20.0         .0         .0         .0      -24.0
      3.0000         .0         .0      -20.0         .0         .0         .0      -24.0
      3.5000         .0         .0      -20.0         .0         .0         .0      -24.0
      4.0000         .0         .0      -20.0         .0         .0         .0      -24.0
      5.0000         .0         .0      -20.0         .0         .0         .0      -24.0
      6.0000         .0         .0      -20.0         .0         .0         .0      -24.0
      7.0000         .0         .0      -20.0         .0         .0         .0      -24.0
      8.0000         .0         .0      -20.0         .0         .0         .0      -24.0
      9.0000         .0         .0      -20.0         .0         .0         .0      -24.0
     10.0000         .0         .0      -20.0         .0         .0         .0      -24.0
     11.0000         .0         .0      -20.0         .0         .0         .0      -24.0
     12.0000         .0         .0      -20.0         .0         .0         .0      -24.0
     13.0000         .0         .0      -20.0         .0         .0         .0      -24.0
     14.0000         .0         .0      -20.0         .0         .0         .0      -24.0
     15.0000         .0         .0      -20.0         .0         .0         .0      -24.0
     16.0000         .0         .0      -20.0         .0         .0         .0      -24.0
     17.0000         .0         .0      -20.0         .0         .0         .0      -24.0
     18.0000         .0         .0      -20.0         .0         .0         .0      -24.0
     19.0000         .0         .0      -20.0         .0         .0         .0      -24.0
     20.0000         .0         .0      -20.0         .0         .0         .0      -24.0
     21.0000         .0         .0      -20.0         .0         .0         .0      -24.0
     22.0000         .0         .0      -20.0         .0         .0         .0      -24.0
     23.0000         .0         .0      -20.0         .0         .0         .0      -24.0
     24.0000         .0         .0      -20.0         .0         .0         .0      -24.0
     25.0000         .0         .0      -20.0         .0         .0         .0      -24.0
     26.0000         .0         .0      -20.0         .0         .0         .0      -24.0
     27.0000         .0         .0      -20.0         .0         .0         .0      -24.0
     28.0000         .0         .0      -20.0         .0         .0         .0      -24.0
     29.0000         .0         .0      -20.0         .0         .0         .0      -24.0
     30.0000         .0         .0      -20.0         .0         .0         .0      -24.0
     31.0000         .0         .0      -20.0         .0         .0         .0      -24.0
     32.0000         .0         .0      -20.0         .0         .0         .0      -24.0
     33.0000         .0         .0      -20.0         .0         .0         .0      -24.0
     34.0000         .0         .0      -20.0         .0         .0         .0      -24.0
     35.0000         .0         .0      -20.0         .0         .0         .0      -24.0
     36.0000         .0         .0      -20.0         .0         .0         .0      -24.0
     37.0000         .0         .0      -20.0         .0         .0         .0      -24.0
     38.0000         .0         .0      -20.0         .0         .0         .0      -24.0
     39.0000         .0         .0      -20.0         .0         .0         .0      -24.0
     40.0000         .0         .0      -20.0         .0         .0         .0      -24.0
     41.0000         .0         .0      -20.0         .0         .0         .0      -24.0
     42.0000         .0         .0      -20.0         .0         .0         .0      -24.0
     43.0000         .0         .0      -20.0         .0         .0         .0      -24.0
     44.0000         .0         .0      -20.0         .0         .0         .0      -24.0
     45.0000         .0         .0      -20.0         .0         .0         .0      -24.0
     46.0000         .0         .0      -20.0         .0         .0         .0      -24.0
     47.0000         .0         .0      -20.0         .0         .0         .0      -24.0
     48.0000         .0         .0      -20.0         .0         .0         .0      -24.0
     49.0000         .0         .0      -20.0         .0         .0         .0      -24.0
     50.0000         .0         .0      -20.0         .0         .0         .0      -24.0
     51.0000         .0         .0      -20.0         .0         .0         .0      -24.0
     52.0000         .0         .0      -20.0         .0         .0         .0      -24.0
     53.0000         .0         .0      -20.0         .0         .0         .0      -24.0
     54.0000         .0         .0      -20.0         .0         .0         .0      -24.0
     55.0000         .0         .0      -20.0         .0         .0         .0      -24.0
     56.0000         .0         .0      -20.0         .0         .0         .0      -24.0
     57.0000         .0         .0      -20.0         .0         .0         .0      -24.0
     58.0000         .0         .0      -20.0         .0         .0         .0      -24.0
     59.0000         .0         .0      -20.0         .0         .0         .0      -24.0
     60.0000         .0         .0      -20.0         .0         .0         .0      -24.0
     61.0000         .0         .0      -20.0         .0         .0         .0      -24.0
     62.0000         .0         .0      -20.0         .0         .0         .0      -24.0
     63.0000         .0         .0      -20.0         .0         .0         .0      -24.0
     64.0000         .0         .0      -20.0         .0         .0         .0      -24.0
     65.0000         .0         .0      -20.0         .0         .0         .0      -24.0
     66.0000         .0         .0      -20.0         .0         .0         .0      -24.0
     67.0000         .0         .0      -20.0         .0         .0         .0      -24.0
     68.0000         .0         .0      -20.0         .0         .0         .0      -24.0
     69.0000         .0         .0      -20.0         .0         .0         .0      -24.0
     70.0000         .0         .0      -20.0         .0         .0         .0      -24.0
     71.0000         .0         .0      -20.0         .0         .0         .0      -24.0
     72.0000         .0         .0      -20.0         .0         .0         .0      -24.0
     73.0000         .0         .0      -20.0         .0         .0         .0      -24.0
     74.0000         .0         .0      -20.0         .0         .0         .0      -24.0
     75.0000         .0         .0      -20.0         .0         .0         .0      -24.0
     76.0000         .0         .0      -20.0         .0         .0         .0      -24.0
     77.0000         .0         .0      -20.0         .0         .0         .0      -24.0
     78.0000         .0         .0      -20.0         .0         .0         .0      -24.0
     79.0000         .0         .0      -20.0         .0         .0         .0      -24.0
     80.0000         .0         .0      -20.0         .0         .0         .0      -24.0
     81.0000         .0         .0      -20.0         .0         .0         .0      -24.0
     82.0000         .0         .0      -20.0         .0         .0         .0      -24.0
     83.0000         .0         .0      -20.0         .0         .0         .0      -24.0
     84.0000         .0         .0      -20.0         .0         .0         .0      -24.0
     85.0000         .0         .0      -20.0         .0         .0         .0      -24.0
     86.0000         .0         .0      -20.0         .0         .0         .0      -24.0
     87.0000         .0         .0      -20.0         .0         .0         .0      -24.0
     88.0000         .0         .0      -20.0         .0         .0         .0      -24.0
     89.0000         .0         .0      -20.0         .0         .0         .0      -24.0
     90.0000         .0         .0      -20.0         .0         .0         .0      -24.0
     91.0000         .0         .0      -20.0         .0         .0         .0      -24.0
     92.0000         .0         .0      -20.0         .0         .0         .0      -24.0
     93.0000         .0         .0      -20.0         .0         .0         .0      -24.0
     94.0000         .0         .0      -20.0         .0         .0         .0      -24.0
     95.0000         .0         .0      -20.0         .0         .0         .0      -24.0
     96.0000         .0         .0      -20.0         .0         .0         .0      -24.0
     97.0000         .0         .0      -20.0         .0         .0         .0      -24.0
     98.0000         .0         .0      -20.0         .0         .0         .0      -24.0
     99.0000         .0         .0      -20.0         .0         .0         .0      -24.0
    100.0000         .0         .0      -20.0         .0         .0         .0      -24.0
    101.0000         .0         .0      -20.0         .0         .0         .0      -24.0
    102.0000         .0         .0      -20.0         .0         .0         .0      -24.0
    103.0000         .0         .0      -20.0         .0         .0         .0      -24.0
    104.0000         .0         .0      -20.0         .0         .0         .0      -24.0
    105.0000         .0         .0      -20.0         .0         .0         .0      -24.0
    106.0000         .0         .0      -20.0         .0         .0         .0      -24.0
    107.0000         .0         .0      -20.0         .0         .0         .0      -24.0
    108.0000         .0         .0      -20.0         .0         .0         .0      -24.0
    109.0000         .0         .0      -20.0         .0         .0         .0      -24.0
    110.0000         .0         .0      -20.0         .0         .0         .0      -24.0
    111.0000         .0         .0      -20.0         .0         .0         .0      -24.0
    112.0000         .0         .0      -20.0         .0         .0         .0      -24.0
    113.0000         .0         .0      -20.0         .0         .0         .0      -24.0
    114.0000         .0         .0      -20.0         .0         .0         .0      -24.0
    115.0000         .0         .0      -20.0         .0         .0         .0      -24.0
    116.0000         .0         .0      -20.0         .0         .0         .0      -24.0
    117.0000         .0         .0      -20.0         .0         .0         .0      -24.0
    118.0000         .0         .0      -20.0         .0         .0         .0      -24.0
    119.0000         .0         .0      -20.0         .0         .0         .0      -24.0
    120.0000         .0         .0      -20.0         .0         .0         .0      -24.0
    121.0000         .0         .0      -20.0         .0         .0         .0      -24.0
    122.0000         .0         .0      -20.0         .0         .0         .0      -24.0
    123.0000         .0         .0      -20.0         .0         .0         .0      -24.0
    124.0000         .0         .0      -20.0         .0         .0         .0      -24.0
    125.0000         .0         .0      -20.0         .0         .0         .0      -24.0
    126.0000         .0         .0      -20.0         .0         .0         .0      -24.0
    127.0000         .0         .0      -20.0         .0         .0         .0      -24.0
    128.0000         .0         .0      -20.0         .0         .0         .0      -24.0
    129.0000         .0         .0      -20.0         .0         .0         .0      -24.0
    130.0000         .0         .0      -20.0         .0         .0         .0      -24.0
    131.0000         .0         .0      -20.0         .0         .0         .0      -24.0
    132.0000         .0         .0      -20.0         .0         .0         .0      -24.0
    133.0000         .0         .0      -20.0         .0         .0         .0      -24.0
    134.0000         .0         .0      -20.0         .0         .0         .0      -24.0
    135.0000         .0         .0      -20.0         .0         .0         .0      -24.0
    136.0000         .0         .0      -20.0         .0         .0         .0      -24.0
    137.0000         .0         .0      -20.0         .0         .0         .0      -24.0
    138.0000         .0         .0      -20.0         .0         .0         .0      -24.0
    139.0000         .0         .0      -20.0         .0         .0         .0      -24.0
    140.0000         .0         .0      -20.0         .0         .0         .0      -24.0
    141.0000         .0         .0      -20.0         .0         .0         .0      -24.0
    142.0000         .0         .0      -20.0         .0         .0         .0      -24.0
    143.0000         .0         .0      -20.0         .0         .0         .0      -24.0
    144.0000         .0         .0      -20.0         .0         .0         .0      -24.0
    145.0000         .0         .0      -20.0         .0         .0         .0      -24.0
    146.0000         .0         .0      -20.0         .0         .0         .0      -24.0
    147.0000         .0         .0      -20.0         .0         .0         .0      -24.0
    148.0000         .0         .0      -20.0         .0         .0         .0      -24.0
    149.0000         .0         .0      -20.0         .0         .0         .0      -24.0
    150.0000         .0         .0      -20.0         .0         .0         .0      -24.0
    151.0000         .0         .0      -20.0         .0         .0         .0      -24.0
    152.0000         .0         .0      -20.0         .0         .0         .0      -24.0
    153.0000         .0         .0      -20.0         .0         .0         .0      -24.0
    154.0000         .0         .0      -20.0         .0         .0         .0      -24.0
    155.0000         .0         .0      -20.0         .0         .0         .0      -24.0
    156.0000         .0         .0      -20.0         .0         .0         .0      -24.0
    157.0000         .0         .0      -20.0         .0         .0         .0      -24.0
    158.0000         .0         .0      -20.0         .0         .0         .0      -24.0
    159.0000         .0         .0      -20.0         .0         .0         .0      -24.0
    160.0000         .0         .0      -20.0         .0         .0         .0      -24.0
    161.0000         .0         .0      -20.0         .0         .0         .0      -24.0
    162.0000         .0         .0      -20.0         .0         .0         .0      -24.0
    163.0000         .0         .0      -20.0         .0         .0         .0      -24.0
    164.0000         .0         .0      -20.0         .0         .0         .0      -24.0
    165.0000         .0         .0      -20.0         .0         .0         .0      -24.0
    166.0000         .0         .0      -20.0         .0         .0         .0      -24.0
    167.0000         .0         .0      -20.0         .0         .0         .0      -24.0
    168.0000         .0         .0      -20.0         .0         .0         .0      -24.0
    169.0000         .0         .0      -20.0         .0         .0         .0      -24.0
    170.0000         .0         .0      -20.0         .0         .0         .0      -24.0
    171.0000         .0         .0      -20.0         .0         .0         .0      -24.0
    172.0000         .0         .0      -20.0         .0         .0         .0      -24.0
    173.0000         .0         .0      -20.0         .0         .0         .0      -24.0
    174.0000         .0         .0      -20.0         .0         .0         .0      -24.0
    175.0000         .0         .0      -20.0         .0         .0         .0      -24.0
    176.0000         .0         .0      -20.0         .0         .0         .0      -24.0
    177.0000         .0         .0      -20.0         .0         .0         .0      -24.0
    178.0000         .0         .0      -20.0         .0         .0         .0      -24.0
    179.0000         .0         .0      -20.0         .0         .0         .0      -24.0
    180.0000         .0         .0      -20.0         .0         .0         .0      -24.0
    181.0000         .0         .0      -20.0         .0         .0         .0      -24.0
    182.0000         .0         .0      -20.0         .0         .0         .0      -24.0
    183.0000         .0         .0      -20.0         .0         .0         .0      -24.0
    184.0000         .0         .0      -20.0         .0         .0         .0      -24.0
    185.0000         .0         .0      -20.0         .0         .0         .0      -24.0
    186.0000         .0         .0      -20.0         .0         .0         .0      -24.0
    187.0000         .0         .0      -20.0         .0         .0         .0      -24.0
    188.0000         .0         .0      -20.0         .0         .0         .0      -24.0
    189.0000         .0         .0      -20.0         .0         .0         .0      -24.0
    190.0000         .0         .0      -20.0         .0         .0         .0      -24.0
    191.0000         .0         .0      -20.0         .0         .0         .0      -24.0
    192.0000         .0         .0      -20.0         .0         .0         .0      -24.0
    193.0000         .0         .0      -20.0         .0         .0         .0      -24.0
    194.0000         .0         .0      -20.0         .0         .0         .0      -24.0
    195.0000         .0         .0      -20.0         .0         .0         .0      -24.0
    196.0000         .0         .0      -20.0         .0         .0         .0      -24.0
    197.0000         .0         .0      -20.0         .0         .0         .0      -24.0
    198.0000         .0         .0      -20.0         .0         .0         .0      -24.0
    199.0000         .0         .0      -20.0         .0         .0         .0      -24.0
    200.0000         .0         .0      -20.0         .0         .0         .0      -24.0
    201.0000         .0         .0      -20.0         .0         .0         .0      -24.0
    202.0000         .0         .0      -20.0         .0         .0         .0      -24.0
    203.0000         .0         .0      -20.0         .0         .0         .0      -24.0
    204.0000         .0         .0      -20.0         .0         .0         .0      -24.0
    205.0000         .0         .0      -20.0         .0         .0         .0      -24.0
    206.0000         .0         .0      -20.0         .0         .0         .0      -24.0
    207.0000         .0         .0      -20.0         .0         .0         .0      -24.0
    208.0000         .0         .0      -20.0         .0         .0         .0      -24.0
    209.0000         .0         .0      -20.0         .0         .0         .0      -24.0
    210.0000         .0         .0      -20.0         .0         .0         .0      -24.0
    211.0000         .0         .0      -20.0         .0         .0         .0      -24.0
    212.0000         .0         .0      -20.0         .0         .0         .0      -24.0
    213.0000         .0         .0      -20.0         .0         .0         .0      -24.0
    214.0000         .0         .0      -20.0         .0         .0         .0      -24.0
    215.0000         .0         .0      -20.0         .0         .0         .0      -24.0
    216.0000         .0         .0      -20.0         .0         .0         .0      -24.0
    217.0000         .0         .0      -20.0         .0         .0         .0      -24.0
    218.0000         .0         .0      -20.0         .0         .0         .0      -24.0
    219.0000         .0         .0      -20.0         .0         .0         .0      -24.0
    220.0000         .0         .0      -20.0         .0         .0         .0      -24.0
    221.0000         .0         .0      -20.0         .0         .0         .0      -24.0
    222.0000         .0         .0      -20.0         .0         .0         .0      -24.0
    223.0000         .0         .0      -20.0         .0         .0         .0      -24.0
    224.0000         .0         .0      -20.0         .0         .0         .0      -24.0
    225.0000         .0         .0      -20.0         .0         .0         .0      -24.0
    226.0000         .0         .0      -20.0         .0         .0         .0      -24.0
    227.0000         .0         .0      -20.0         .0         .0         .0      -24.0
    228.0000         .0         .0      -20.0         .0         .0         .0      -24.0
    229.0000         .0         .0      -20.0         .0         .0         .0      -24.0
    230.0000         .0         .0      -20.0         .0         .0         .0      -24.0
    231.0000         .0         .0      -20.0         .0         .0         .0      -24.0
    232.0000         .0         .0      -20.0         .0         .0         .0      -24.0
    233.0000         .0         .0      -20.0         .0         .0         .0      -24.0
    234.0000         .0         .0      -20.0         .0         .0         .0      -24.0
    235.0000         .0         .0      -20.0         .0         .0         .0      -24.0
    236.0000         .0         .0      -20.0         .0         .0         .0      -24.0
    237.0000         .0         .0      -20.0         .0         .0         .0      -24.0
    238.0000         .0         .0      -20.0         .0         .0         .0      -24.0
    239.0000         .0         .0      -20.0         .0         .0         .0      -24.0
    240.0000         .0         .0      -20.0         .0         .0         .0      -24.0
    241.0000         .0         .0      -20.0         .0         .0         .0      -24.0
    242.0000         .0         .0      -20.0         .0         .0         .0      -24.0
    243.0000         .0         .0      -20.0         .0         .0         .0      -24.0
    244.0000         .0         .0      -20.0         .0         .0         .0      -24.0
    245.0000         .0         .0      -20.0         .0         .0         .0      -24.0
    246.0000         .0         .0      -20.0         .0         .0         .0      -24.0
    247.0000         .0         .0      -20.0         .0         .0         .0      -24.0
    248.0000         .0         .0      -20.0         .0         .0         .0      -24.0
    249.0000         .0         .0      -20.0         .0         .0         .0      -24.0
    250.0000         .0         .0      -20.0         .0         .0         .0      -24.0
    251.0000         .0         .0      -20.0         .0         .0         .0      -24.0
    252.0000         .0         .0      -20.0         .0         .0         .0      -24.0
    253.0000         .0         .0      -20.0         .0         .0         .0      -24.0
    254.0000         .0         .0      -20.0         .0         .0         .0      -24.0
    255.0000         .0         .0      -20.0         .0         .0         .0      -24.0
    256.0000         .0         .0      -20.0         .0         .0         .0      -24.0
    257.0000         .0         .0      -20.0         .0         .0         .0      -24.0
    258.0000         .0         .0      -20.0         .0         .0         .0      -24.0
    259.0000         .0         .0      -20.0         .0         .0         .0      -24.0
    260.0000         .0         .0      -20.0         .0         .0         .0      -24.0
    261.0000         .0         .0      -20.0         .0         .0         .0      -24.0
    262.0000         .0         .0      -20.0         .0         .0         .0      -24.0
    263.0000         .0         .0      -20.0         .0         .0         .0      -24.0
    264.0000         .0         .0      -20.0         .0         .0         .0      -24.0
    265.0000         .0         .0      -20.0         .0         .0         .0      -24.0
    266.0000         .0         .0      -20.0         .0         .0         .0      -24.0
    267.0000         .0         .0      -20.0         .0         .0         .0      -24.0
    268.0000         .0         .0      -20.0         .0         .0         .0      -24.0
    269.0000         .0         .0      -20.0         .0         .0         .0      -24.0
    270.0000         .0         .0      -20.0         .0         .0         .0      -24.0
    271.0000         .0         .0      -20.0         .0         .0         .0      -24.0
    272.0000         .0         .0      -20.0         .0         .0         .0      -24.0
    273.0000         .0         .0      -20.0         .0         .0         .0      -24.0
    274.0000         .0         .0      -20.0         .0         .0         .0      -24.0
    275.0000         .0         .0      -20.0         .0         .0         .0      -24.0
    276.0000         .0         .0      -20.0         .0         .0         .0      -24.0
    277.0000         .0         .0      -20.0         .0         .0         .0      -24.0
    278.0000         .0         .0      -20.0         .0         .0         .0      -24.0
    279.0000         .0         .0      -20.0         .0         .0         .0      -24.0
    280.0000         .0         .0      -20.0         .0         .0         .0      -24.0
    281.0000         .0         .0      -20.0         .0         .0         .0      -24.0
    282.0000         .0         .0      -20.0         .0         .0         .0      -24.0
    283.0000         .0         .0      -20.0         .0         .0         .0      -24.0
    284.0000         .0         .0      -20.0         .0         .0         .0      -24.0
    285.0000         .0         .0      -20.0         .0         .0         .0      -24.0
    286.0000         .0         .0      -20.0         .0         .0         .0      -24.0
    287.0000         .0         .0      -20.0         .0         .0         .0      -24.0
    288.0000         .0         .0      -20.0         .0         .0         .0      -24.0
    289.0000         .0         .0      -20.0         .0         .0         .0      -24.0
    290.0000         .0         .0      -20.0         .0         .0         .0      -24.0
    291.0000         .0         .0      -20.0         .0         .0         .0      -24.0
    292.0000         .0         .0      -20.0         .0         .0         .0      -24.0
    293.0000         .0         .0      -20.0         .0         .0         .0      -24.0
    294.0000         .0         .0      -20.0         .0         .0         .0      -24.0
    295.0000         .0         .0      -20.0         .0         .0         .0      -24.0
    296.0000         .0         .0      -20.0         .0         .0         .0      -24.0
    297.0000         .0         .0      -20.0         .0         .0         .0      -24.0
    298.0000         .0         .0      -20.0         .0         .0         .0      -24.0
    299.0000         .0         .0      -20.0         .0         .0         .0      -24.0
    300.0000         .0         .0      -20.0         .0         .0         .0      -24.0
    301.0000         .0         .0      -20.0         .0         .0         .0      -24.0
    302.0000         .0         .0      -20.0         .0         .0         .0      -24.0
    303.0000         .0         .0      -20.0         .0         .0         .0      -24.0
    304.0000         .0         .0      -20.0         .0         .0         .0      -24.0
    305.0000         .0         .0      -20.0         .0         .0         .0      -24.0
    306.0000         .0         .0      -20.0         .0         .0         .0      -24.0
    307.0000         .0         .0      -20.0         .0         .0         .0      -24.0
    308.0000         .0         .0      -20.0         .0         .0         .0      -24.0
    309.0000         .0         .0      -20.0         .0         .0         .0      -24.0
    310.0000         .0         .0      -20.0         .0         .0         .0      -24.0
    311.0000         .0         .0      -20.0         .0         .0         .0      -24.0
    312.0000         .0         .0      -20.0         .0         .0         .0      -24.0
    313.0000         .0         .0      -20.0         .0         .0         .0      -24.0
    314.0000         .0         .0      -20.0         .0         .0         .0      -24.0
    315.0000         .0         .0      -20.0         .0         .0         .0      -24.0
    316.0000         .0         .0      -20.0         .0         .0         .0      -24.0
    317.0000         .0         .0      -20.0         .0         .0         .0      -24.0
    318.0000         .0         .0      -20.0         .0         .0         .0      -24.0
    319.0000         .0         .0      -20.0         .0         .0         .0      -24.0
    320.0000         .0         .0      -20.0         .0         .0         .0      -24.0
    321.0000         .0         .0      -20.0         .0         .0         .0      -24.0
    322.0000         .0         .0      -20.0         .0         .0         .0      -24.0
    323.0000         .0         .0      -20.0         .0         .0         .0      -24.0
    324.0000         .0         .0      -20.0         .0         .0         .0      -24.0
    325.0000         .0         .0      -20.0         .0         .0         .0      -24.0
    326.0000         .0         .0      -20.0         .0         .0         .0      -24.0
    327.0000         .0         .0      -20.0         .0         .0         .0      -24.0
    328.0000         .0         .0      -20.0         .0         .0         .0      -24.0
    329.0000         .0         .0      -20.0         .0         .0         .0      -24.0
    330.0000         .0         .0      -20.0         .0         .0         .0      -24.0
    331.0000         .0         .0      -20.0         .0         .0         .0      -24.0
    332.0000         .0         .0      -20.0         .0         .0         .0      -24.0
    333.0000         .0         .0      -20.0         .0         .0         .0      -24.0
    334.0000         .0         .0      -20.0         .0         .0         .0      -24.0
    335.0000         .0         .0      -20.0         .0         .0         .0      -24.0
    336.0000         .0         .0      -20.0         .0         .0         .0      -24.0
    337.0000         .0         .0      -20.0         .0         .0         .0      -24.0
    338.0000         .0         .0      -20.0         .0         .0         .0      -24.0
    339.0000         .0         .0      -20.0         .0         .0         .0      -24.0
    340.0000         .0         .0      -20.0         .0         .0         .0      -24.0
    341.0000         .0         .0      -20.0         .0         .0         .0      -24.0
    342.0000         .0         .0      -20.0         .0         .0         .0      -24.0
    343.0000         .0         .0      -20.0         .0         .0         .0      -24.0
    344.0000         .0         .0      -20.0         .0         .0         .0      -24.0
    345.0000         .0         .0      -20.0         .0         .0         .0      -24.0
    346.0000         .0         .0      -20.0         .0         .0         .0      -24.0
    347.0000         .0         .0      -20.0         .0         .0         .0      -24.0
    348.0000         .0         .0      -20.0         .0         .0         .0      -24.0
    349.0000         .0         .0      -20.0         .0         .0         .0      -24.0
    350.0000         .0         .0      -20.0         .0         .0         .0      -24.0
    351.0000         .0         .0      -20.0         .0         .0         .0      -24.0
    352.0000         .0         .0      -20.0         .0         .0         .0      -24.0
    353.0000         .0         .0      -20.0         .0         .0         .0      -24.0
    354.0000         .0         .0      -20.0         .0         .0         .0      -24.0
    355.0000         .0         .0      -20.0         .0         .0         .0      -24.0
    356.0000         .0         .0      -20.0         .0         .0         .0      -24.0
    357.0000         .0         .0      -20.0         .0         .0         .0      -24.0
    358.0000         .0         .0      -20.0         .0         .0         .0      -24.0
    359.0000         .0         .0      -20.0         .0         .0         .0      -24.0
    360.0000         .0         .0      -20.0         .0         .0         .0      -24.0
    361.0000         .0         .0      -20.0         .0         .0         .0      -24.0
    362.0000         .0         .0      -20.0         .0         .0         .0      -24.0
    363.0000         .0         .0      -20.0         .0         .0         .0      -24.0
    364.0000         .0         .0      -20.0         .0         .0         .0      -24.0
    365.0000         .0         .0      -20.0         .0         .0         .0      -24.0
    366.0000         .0         .0      -20.0         .0         .0         .0      -24.0
    367.0000         .0         .0      -20.0         .0         .0         .0      -24.0
    368.0000         .0         .0      -20.0         .0         .0         .0      -24.0
    369.0000         .0         .0      -20.0         .0         .0         .0      -24.0
    370.0000         .0         .0      -20.0         .0         .0         .0      -24.0
    371.0000         .0         .0      -20.0         .0         .0         .0      -24.0
    372.0000         .0         .0      -20.0         .0         .0         .0      -24.0
    373.0000         .0         .0      -20.0         .0         .0         .0      -24.0
    374.0000         .0         .0      -20.0         .0         .0         .0      -24.0
    375.0000         .0         .0      -20.0         .0         .0         .0      -24.0
    376.0000         .0         .0      -20.0         .0         .0         .0      -24.0
    377.0000         .0         .0      -20.0         .0         .0         .0      -24.0
    378.0000         .0         .0      -20.0         .0         .0         .0      -24.0
    379.0000         .0         .0      -20.0         .0         .0         .0      -24.0
    380.0000         .0         .0      -20.0         .0         .0         .0      -24.0
    381.0000         .0         .0      -20.0         .0         .0         .0      -24.0
    382.0000         .0         .0      -20.0         .0         .0         .0      -24.0
    383.0000         .0         .0      -20.0         .0         .0         .0      -24.0
    384.0000         .0         .0      -20.0         .0         .0         .0      -24.0
    385.0000         .0         .0      -20.0         .0         .0         .0      -24.0
    386.0000         .0         .0      -20.0         .0         .0         .0      -24.0
    387.0000         .0         .0      -20.0         .0         .0         .0      -24.0
    388.0000         .0         .0      -20.0         .0         .0         .0      -24.0
    389.0000         .0         .0      -20.0         .0         .0         .0      -24.0
    390.0000         .0         .0      -20.0         .0         .0         .0      -24.0
    391.0000         .0         .0      -20.0         .0         .0         .0      -24.0
    392.0000         .0         .0      -20.0         .0         .0         .0      -24.0
    393.0000         .0         .0      -20.0         .0         .0         .0      -24.0
    394.0000         .0         .0      -20.0         .0         .0         .0      -24.0
    395.0000         .0         .0      -20.0         .0         .0         .0      -24.0
    396.0000         .0         .0      -20.0         .0         .0         .0      -24.0
    397.0000         .0         .0      -20.0         .0         .0         .0      -24.0
    398.0000         .0         .0      -20.0         .0         .0         .0      -24.0
    399.0000         .0         .0      -20.0         .0         .0         .0      -24.0
    400.0000         .0         .0      -20.0         .0         .0         .0      -24.0
    401.0000         .0         .0      -20.0         .0         .0         .0      -24.0
    402.0000         .0         .0      -20.0         .0         .0         .0      -24.0
    403.0000         .0         .0      -20.0         .0         .0         .0      -24.0
    404.0000         .0         .0      -20.0         .0         .0         .0      -24.0
    405.0000         .0         .0      -20.0         .0         .0         .0      -24.0
    406.0000         .0         .0      -20.0         .0         .0         .0      -24.0
    407.0000         .0         .0      -20.0         .0         .0         .0      -24.0
    408.0000         .0         .0      -20.0         .0         .0         .0      -24.0
    409.0000         .0         .0      -20.0         .0         .0         .0      -24.0
    410.0000         .0         .0      -20.0         .0         .0         .0      -24.0
    411.0000         .0         .0      -20.0         .0         .0         .0      -24.0
    412.0000         .0         .0      -20.0         .0         .0         .0      -24.0
    413.0000         .0         .0      -20.0         .0         .0         .0      -24.0
    414.0000         .0         .0      -20.0         .0         .0         .0      -24.0
    415.0000         .0         .0      -20.0         .0         .0         .0      -24.0
    416.0000         .0         .0      -20.0         .0         .0         .0      -24.0
    417.0000         .0         .0      -20.0         .0         .0         .0      -24.0
    418.0000         .0         .0      -20.0         .0         .0         .0      -24.0
    419.0000         .0         .0      -20.0         .0         .0         .0      -24.0
    420.0000         .0         .0      -20.0         .0         .0         .0      -24.0
    421.0000         .0         .0      -20.0         .0         .0         .0      -24.0
    422.0000         .0         .0      -20.0         .0         .0         .0      -24.0
    423.0000         .0         .0      -20.0         .0         .0         .0      -24.0
    424.0000         .0         .0      -20.0         .0         .0         .0      -24.0
    425.0000         .0         .0      -20.0         .0         .0         .0      -24.0
    426.0000         .0         .0      -20.0         .0         .0         .0      -24.0
    427.0000         .0         .0      -20.0         .0         .0         .0      -24.0
    428.0000         .0         .0      -20.0         .0         .0         .0      -24.0
    429.0000         .0         .0      -20.0         .0         .0         .0      -24.0
    430.0000         .0         .0      -20.0         .0         .0         .0      -24.0
    431.0000         .0         .0      -20.0         .0         .0         .0      -24.0
    432.0000         .0         .0      -20.0         .0         .0         .0      -24.0
    433.0000         .0         .0      -20.0         .0         .0         .0      -24.0
    434.0000         .0         .0      -20.0         .0         .0         .0      -24.0
    435.0000         .0         .0      -20.0         .0         .0         .0      -24.0
    436.0000         .0         .0      -20.0         .0         .0         .0      -24.0
    437.0000         .0         .0      -20.0         .0         .0         .0      -24.0
    438.0000         .0         .0      -20.0         .0         .0         .0      -24.0
    439.0000         .0         .0      -20.0         .0         .0         .0      -24.0
    440.0000         .0         .0      -20.0         .0         .0         .0      -24.0
    441.0000         .0         .0      -20.0         .0         .0         .0      -24.0
    442.0000         .0         .0      -20.0         .0         .0         .0      -24.0
    443.0000         .0         .0      -20.0         .0         .0         .0      -24.0
    444.0000         .0         .0      -20.0         .0         .0         .0      -24.0
    445.0000         .0         .0      -20.0         .0         .0         .0      -24.0
    446.0000         .0         .0      -20.0         .0         .0         .0      -24.0
    447.0000         .0         .0      -20.0         .0         .0         .0      -24.0
    448.0000         .0         .0      -20.0         .0         .0         .0      -24.0
    449.0000         .0         .0      -20.0         .0         .0         .0      -24.0
    450.0000         .0         .0      -20.0         .0         .0         .0      -24.0
    451.0000         .0         .0      -20.0         .0         .0         .0      -24.0
    452.0000         .0         .0      -20.0         .0         .0         .0      -24.0
    453.0000         .0         .0      -20.0         .0         .0         .0      -24.0
    454.0000         .0         .0      -20.0         .0         .0         .0      -24.0
    455.0000         .0         .0      -20.0         .0         .0         .0      -24.0
    456.0000         .0         .0      -20.0         .0         .0         .0      -24.0
    457.0000         .0         .0      -20.0         .0         .0         .0      -24.0
    458.0000         .0         .0      -20.0         .0         .0         .0      -24.0
    459.0000         .0         .0      -20.0         .0         .0         .0      -24.0
    460.0000         .0         .0      -20.0         .0         .0         .0      -24.0
    461.0000         .0         .0      -20.0         .0         .0         .0      -24.0
    462.0000         .0         .0      -20.0         .0         .0         .0      -24.0
    463.0000         .0         .0      -20.0         .0         .0         .0      -24.0
    464.0000         .0         .0      -20.0         .0         .0         .0      -24.0
    465.0000         .0         .0      -20.0         .0         .0         .0      -24.0
    466.0000         .0         .0      -20.0         .0         .0         .0      -24.0
    467.0000         .0         .0      -20.0         .0         .0         .0      -24.0
    468.0000         .0         .0      -20.0         .0         .0         .0      -24.0
    469.0000         .0         .0      -20.0         .0         .0         .0      -24.0
    470.0000         .0         .0      -20.0         .0         .0         .0      -24.0
    471.0000         .0         .0      -20.0         .0         .0         .0      -24.0
    472.0000         .0         .0      -20.0         .0         .0         .0      -24.0
    473.0000         .0         .0      -20.0         .0         .0         .0      -24.0
    474.0000         .0         .0      -20.0         .0         .0         .0      -24.0
    475.0000         .0         .0      -20.0         .0         .0         .0      -24.0
    476.1111         .0         .0      -20.0         .0         .0         .0      -24.0
    477.5926         .0         .0      -20.0         .0         .0         .0      -24.0
    479.4445         .0         .0      -20.0         .0         .0         .0      -24.0
    482.2222         .0         .0      -20.0         .0         .0         .0      -24.0
    485.0000         .0         .0      -20.0         .0         .0         .0      -24.0
    488.3333         .0         .0      -20.0         .0         .0         .0      -24.0
    491.6667         .0         .0      -20.0         .0         .0         .0      -24.0
    495.0000         .0         .0      -20.0         .0         .0         .0      -24.0
    500.0000         .0         .0      -20.0         .0         .0         .0      -24.0
    505.0000         .0         .0      -20.0         .0         .0         .0      -24.0
    515.0000         .0         .0      -20.0         .0         .0         .0      -24.0
    525.0000         .0         .0      -20.0         .0         .0         .0      -24.0
    535.0000         .0         .0      -20.0         .0         .0         .0      -24.0
    545.0000         .0         .0      -20.0         .0         .0         .0      -24.0
    555.0000         .0         .0      -20.0         .0         .0         .0      -24.0
    565.0000         .0         .0      -20.0         .0         .0         .0      -24.0
    575.0000         .0         .0      -20.0         .0         .0         .0      -24.0
    585.0000         .0         .0      -20.0         .0         .0         .0      -24.0
    595.0000         .0         .0      -20.0         .0         .0         .0      -24.0
    605.0000         .0         .0      -20.0         .0         .0         .0      -24.0
    615.0000         .0         .0      -20.0         .0         .0         .0      -24.0
    625.0000         .0         .0      -20.0         .0         .0         .0      -24.0
    635.0000         .0         .0      -20.0         .0         .0         .0      -24.0
    645.0000         .0         .0      -20.0         .0         .0         .0      -24.0
    655.0000         .0         .0      -20.0         .0         .0         .0      -24.0
    665.0000         .0         .0      -20.0         .0         .0         .0      -24.0
    685.0000         .0         .0      -20.0         .0         .0         .0      -24.0
    715.0000         .0         .0      -20.0         .0         .0         .0      -24.0
    745.0000         .0         .0      -20.0         .0         .0         .0      -24.0
    775.0000         .0         .0      -20.0         .0         .0         .0      -24.0
    805.0000         .0         .0      -20.0         .0         .0         .0      -24.0
    835.0000         .0         .0      -20.0         .0         .0         .0      -24.0
    865.0000         .0         .0      -20.0         .0         .0         .0      -24.0
    895.0000         .0         .0      -20.0         .0         .0         .0      -24.0
    925.0000         .0         .0      -20.0         .0         .0         .0      -24.0
    955.0000         .0         .0      -20.0         .0         .0         .0      -24.0
    985.0000         .0         .0      -20.0         .0         .0         .0      -24.0
   1015.0000         .0         .0      -20.0         .0         .0         .0      -24.0
   1045.0000         .0         .0      -20.0         .0         .0         .0      -24.0
   1075.0000         .0         .0      -20.0         .0         .0         .0      -24.0
   1105.0000         .0         .0      -20.0         .0         .0         .0      -24.0
   1135.0000         .0         .0      -20.0         .0         .0         .0      -24.0
   1165.0000         .0         .0      -20.0         .0         .0         .0      -24.0
   1195.0000         .0         .0      -20.0         .0         .0         .0      -24.0
   1225.0000         .0         .0      -20.0         .0         .0         .0      -24.0
   1255.0000         .0         .0      -20.0         .0         .0         .0      -24.0
   1285.0000         .0         .0      -20.0         .0         .0         .0      -24.0
   1315.0000         .0         .0      -20.0         .0         .0         .0      -24.0
   1345.0000         .0         .0      -20.0         .0         .0         .0      -24.0
   1375.0000         .0         .0      -20.0         .0         .0         .0      -24.0
   1405.0000         .0         .0      -20.0         .0         .0         .0      -24.0
   1435.0000         .0         .0      -20.0         .0         .0         .0      -24.0
   1465.0000         .0         .0      -20.0         .0         .0         .0      -24.0
   1495.0000         .0         .0      -20.0         .0         .0         .0      -24.0
   1525.0000         .0         .0      -20.0         .0         .0         .0      -24.0
   1555.0000         .0         .0      -20.0         .0         .0         .0      -24.0
   1585.0000         .0         .0      -20.0         .0         .0         .0      -24.0
   1615.0000         .0         .0      -20.0         .0         .0         .0      -24.0
   1624.0000         .0         .0      -20.0         .0         .0         .0      -24.0
   1645.0000         .0         .0      -20.0         .0         .0         .0      -24.0
   1675.0000         .0         .0      -20.0         .0         .0         .0      -24.0
   1705.0000         .0         .0      -20.0         .0         .0         .0      -24.0
   1735.0000         .0         .0      -20.0         .0         .0         .0      -24.0
   1765.0000         .0         .0      -20.0         .0         .0         .0      -24.0
   1795.0000         .0         .0      -20.0         .0         .0         .0      -24.0
   1825.0000         .0         .0      -20.0         .0         .0         .0      -24.0
   1855.0000         .0         .0      -20.0         .0         .0         .0      -24.0
   1885.0000         .0         .0      -20.0         .0         .0         .0      -24.0
   1915.0000         .0         .0      -20.0         .0         .0         .0      -24.0
   1945.0000         .0         .0      -20.0         .0         .0         .0      -24.0
   1975.0000         .0         .0      -20.0         .0         .0         .0      -24.0
   2005.0000         .0         .0      -20.0         .0         .0         .0      -24.0
   2035.0000         .0         .0      -20.0         .0         .0         .0      -24.0
   2065.0000         .0         .0      -20.0         .0         .0         .0      -24.0
   2095.0000         .0         .0      -20.0         .0         .0         .0      -24.0
   2125.0000         .0         .0      -20.0         .0         .0         .0      -24.0
   2155.0000         .0         .0      -20.0         .0         .0         .0      -24.0
   2185.0000         .0         .0      -20.0         .0         .0         .0      -24.0
   2215.0000         .0         .0      -20.0         .0         .0         .0      -24.0
   2245.0000         .0         .0      -20.0         .0         .0         .0      -24.0
   2275.0000         .0         .0      -20.0         .0         .0         .0      -24.0
   2305.0000         .0         .0      -20.0         .0         .0         .0      -24.0
   2335.0000         .0         .0      -20.0         .0         .0         .0      -24.0
   2365.0000         .0         .0      -20.0         .0         .0         .0      -24.0
   2395.0000         .0         .0      -20.0         .0         .0         .0      -24.0
   2425.0000         .0         .0      -20.0         .0         .0         .0      -24.0
   2455.0000         .0         .0      -20.0         .0         .0         .0      -24.0
   2485.0000         .0         .0      -20.0         .0         .0         .0      -24.0
   2515.0000         .0         .0      -20.0         .0         .0         .0      -24.0
   2545.0000         .0         .0      -20.0         .0         .0         .0      -24.0
   2575.0000         .0         .0      -20.0         .0         .0         .0      -24.0
   2605.0000         .0         .0      -20.0         .0         .0         .0      -24.0
   2635.0000         .0         .0      -20.0         .0         .0         .0      -24.0
   2665.0000         .0         .0      -20.0         .0         .0         .0      -24.0
   2695.0000         .0         .0      -20.0         .0         .0         .0      -24.0
   2725.0000         .0         .0      -20.0         .0         .0         .0      -24.0
   2755.0000         .0         .0      -20.0         .0         .0         .0      -24.0
   2785.0000         .0         .0      -20.0         .0         .0         .0      -24.0
   2815.0000         .0         .0      -20.0         .0         .0         .0      -24.0
   2845.0000         .0         .0      -20.0         .0         .0         .0      -24.0
   2875.0000         .0         .0      -20.0         .0         .0         .0      -24.0
   2905.0000         .0         .0      -20.0         .0         .0         .0      -24.0
   2935.0000         .0         .0      -20.0         .0         .0         .0      -24.0
   2965.0000         .0         .0      -20.0         .0         .0         .0      -24.0
   2995.0000         .0         .0      -20.0         .0         .0         .0      -24.0
   3025.0000         .0         .0      -20.0         .0         .0         .0      -24.0
   3055.0000         .0         .0      -20.0         .0         .0         .0      -24.0
   3085.0000         .0         .0      -20.0         .0         .0         .0      -24.0
   3115.0000         .0         .0      -20.0         .0         .0         .0      -24.0
   3145.0000         .0         .0      -20.0         .0         .0         .0      -24.0
   3175.0000         .0         .0      -20.0         .0         .0         .0      -24.0
   3205.0000         .0         .0      -20.0         .0         .0         .0      -24.0
   3235.0000         .0         .0      -20.0         .0         .0         .0      -24.0
   3248.0000         .0         .0      -20.0         .0         .0         .0      -24.0
   3265.0000         .0         .0      -20.0         .0         .0         .0      -24.0
   3295.0000         .0         .0      -20.0         .0         .0         .0      -24.0
   3325.0000         .0         .0      -20.0         .0         .0         .0      -24.0
   3355.0000         .0         .0      -20.0         .0         .0         .0      -24.0
   3385.0000         .0         .0      -20.0         .0         .0         .0      -24.0
   3390.0000         .0         .0      -20.0         .0         .0         .0      -24.0
   3395.0000         .0         .0      -20.0         .0         .0         .0      -24.0
   3400.0000         .0         .0      -20.0         .0         .0         .0      -24.0
   3400.0100         .0         .0      -10.0         .0         .0         .0      -24.0
   3400.0230         .0         .0      -10.0         .0         .0         .0      -24.0
   3400.0400         .0         .0      -10.0         .0         .0         .0      -24.0
   3400.0620         .0         .0      -10.0         .0         .0         .0      -24.0
   3400.0900         .0         .0      -10.0         .0         .0         .0      -24.0
   3400.1270         .0         .0      -10.0         .0         .0         .0      -24.0
   3400.1760         .0         .0      -10.0         .0         .0         .0      -24.0
   3400.2390         .0         .0      -10.0         .0         .0         .0      -24.0
   3400.3210         .0         .0      -10.0         .0         .0         .0      -24.0
   3400.4270         .0         .0      -10.0         .0         .0         .0      -24.0
   3400.5660         .0         .0      -10.0         .0         .0         .0      -24.0
   3400.7430         .0         .0      -10.0         .0         .0         .0      -24.0
   3400.9800         .0         .0      -10.0         .0         .0         .0      -24.0
   3401.2890         .0         .0      -10.0         .0         .0         .0      -24.0
   3401.7010         .0         .0      -10.0         .0         .0         .0      -24.0
   3402.2510         .0         .0      -10.0         .0         .0         .0      -24.0
   3402.9380         .0         .0      -10.0         .0         .0         .0      -24.0
   3403.9690         .0         .0      -10.0         .0         .0         .0      -24.0
   3405.0000         .0         .0      -10.0         .0         .0         .0      -24.0
   3406.2500         .0         .0      -10.0         .0         .0         .0      -24.0
   3407.5000         .0         .0      -10.0         .0         .0         .0      -24.0
   3410.0000         .0         .0      -10.0         .0         .0         .0      -24.0
   3412.5000         .0         .0      -10.0         .0         .0         .0      -24.0
   3415.0000         .0         .0      -10.0         .0         .0         .0      -24.0
   3417.5000         .0         .0      -10.0         .0         .0         .0      -24.0
   3420.0000         .0         .0      -10.0         .0         .0         .0      -24.0
   3425.0000         .0         .0      -10.0         .0         .0         .0      -24.0
   3430.0000         .0         .0      -10.0         .0         .0         .0      -24.0
   3435.0000         .0         .0      -10.0         .0         .0         .0      -24.0
   3440.0000         .0         .0      -10.0         .0         .0         .0      -24.0
   3445.0000         .0         .0      -10.0         .0         .0         .0      -24.0
   3450.0000         .0         .0      -10.0         .0         .0         .0      -24.0
   3455.0000         .0         .0      -10.0         .0         .0         .0      -24.0
   3460.0000         .0         .0      -10.0         .0         .0         .0      -24.0
   3465.0000         .0         .0      -10.0         .0         .0         .0      -24.0
   3470.0000         .0         .0      -10.0         .0         .0         .0      -24.0
   3475.0000         .0         .0      -10.0         .0         .0         .0      -24.0
   3480.0000         .0         .0      -10.0         .0         .0         .0      -24.0
   3485.0000         .0         .0      -10.0         .0         .0         .0      -24.0
   3490.0000         .0         .0      -10.0         .0         .0         .0      -24.0
   3495.0000         .0         .0      -10.0         .0         .0         .0      -24.0
   3500.0000         .0         .0      -10.0         .0         .0         .0      -24.0
   3505.0000         .0         .0      -10.0         .0         .0         .0      -24.0
   3510.0000         .0         .0      -10.0         .0         .0         .0      -24.0
   3515.0000         .0         .0      -10.0         .0         .0         .0      -24.0
   3520.0000         .0         .0      -10.0         .0         .0         .0      -24.0
   3525.0000         .0         .0      -10.0         .0         .0         .0      -24.0
   3530.0000         .0         .0      -10.0         .0         .0         .0      -24.0
   3535.0000         .0         .0      -10.0         .0         .0         .0      -24.0
   3540.0000         .0         .0      -10.0         .0         .0         .0      -24.0
   3545.0000         .0         .0      -10.0         .0         .0         .0      -24.0
   3550.0000         .0         .0      -10.0         .0         .0         .0      -24.0
   3555.0000         .0         .0      -10.0         .0         .0         .0      -24.0
   3560.0000         .0         .0      -10.0         .0         .0         .0      -24.0
   3565.0000         .0         .0      -10.0         .0         .0         .0      -24.0
   3570.0000         .0         .0      -10.0         .0         .0         .0      -24.0
   3575.0000         .0         .0      -10.0         .0         .0         .0      -24.0
   3580.0000         .0         .0      -10.0         .0         .0         .0      -24.0
   3585.0000         .0         .0      -10.0         .0         .0         .0      -24.0
   3590.0000         .0         .0      -10.0         .0         .0         .0      -24.0
   3595.0000         .0         .0      -10.0         .0         .0         .0      -24.0
   3600.0000         .0         .0      -10.0         .0         .0         .0      -24.0
   3605.0000         .0         .0      -10.0         .0         .0         .0      -24.0
   3610.0000         .0         .0      -10.0         .0         .0         .0      -24.0
   3615.0000         .0         .0      -10.0         .0         .0         .0      -24.0
   3620.0000         .0         .0      -10.0         .0         .0         .0      -24.0
   3625.0000         .0         .0      -10.0         .0         .0         .0      -24.0
   3630.0000         .0         .0      -10.0         .0         .0         .0      -24.0
   3635.0000         .0         .0      -10.0         .0         .0         .0      -24.0
   3640.0000         .0         .0      -10.0         .0         .0         .0      -24.0
   3645.0000         .0         .0      -10.0         .0         .0         .0      -24.0
   3650.0000         .0         .0      -10.0         .0         .0         .0      -24.0
   3655.0000         .0         .0      -10.0         .0         .0         .0      -24.0
   3660.0000         .0         .0      -10.0         .0         .0         .0      -24.0
   3665.0000         .0         .0      -10.0         .0         .0         .0      -24.0
   3670.0000         .0         .0      -10.0         .0         .0         .0      -24.0
   3675.0000         .0         .0      -10.0         .0         .0         .0      -24.0
   3680.0000         .0         .0      -10.0         .0         .0         .0      -24.0
   3685.0000         .0         .0      -10.0         .0         .0         .0      -24.0
   3690.0000         .0         .0      -10.0         .0         .0         .0      -24.0
   3695.0000         .0         .0      -10.0         .0         .0         .0      -24.0
   3700.0000         .0         .0      -10.0         .0         .0         .0      -24.0
   3705.0000         .0         .0      -10.0         .0         .0         .0      -24.0
   3710.0000         .0         .0      -10.0         .0         .0         .0      -24.0
   3715.0000         .0         .0      -10.0         .0         .0         .0      -24.0
   3720.0000         .0         .0      -10.0         .0         .0         .0      -24.0
   3725.0000         .0         .0      -10.0         .0         .0         .0      -24.0
   3730.0000         .0         .0      -10.0         .0         .0         .0      -24.0
   3735.0000         .0         .0      -10.0         .0         .0         .0      -24.0
   3740.0000         .0         .0      -10.0         .0         .0         .0      -24.0
   3745.0000         .0         .0      -10.0         .0         .0         .0      -24.0
   3750.0000         .0         .0      -10.0         .0         .0         .0      -24.0
   3755.0000         .0         .0      -10.0         .0         .0         .0      -24.0
   3760.0000         .0         .0      -10.0         .0         .0         .0      -24.0
   3765.0000         .0         .0      -10.0         .0         .0         .0      -24.0
   3770.0000         .0         .0      -10.0         .0         .0         .0      -24.0
   3775.0000         .0         .0      -10.0         .0         .0         .0      -24.0
   3781.2500         .0         .0      -10.0         .0         .0         .0      -24.0
   3790.6250         .0         .0      -10.0         .0         .0         .0      -24.0
   3800.0000         .0         .0      -10.0         .0         .0         .0      -24.0
   3810.0000         .0         .0      -10.0         .0         .0         .0      -24.0
   3830.0000         .0         .0      -10.0         .0         .0         .0      -24.0
   3860.0000         .0         .0      -10.0         .0         .0         .0      -24.0
   3890.0000         .0         .0      -10.0         .0         .0         .0      -24.0
   3920.0000         .0         .0      -10.0         .0         .0         .0      -24.0
   3950.0000         .0         .0      -10.0         .0         .0         .0      -24.0
   3980.0000         .0         .0      -10.0         .0         .0         .0      -24.0
   4010.0000         .0         .0      -10.0         .0         .0         .0      -24.0
   4040.0000         .0         .0      -10.0         .0         .0         .0      -24.0
   4070.0000         .0         .0      -10.0         .0         .0         .0      -24.0
   4100.0000         .0         .0      -10.0         .0         .0         .0      -24.0
   4130.0000         .0         .0      -10.0         .0         .0         .0      -24.0
   4160.0000         .0         .0      -10.0         .0         .0         .0      -24.0
   4190.0000         .0         .0      -10.0         .0         .0         .0      -24.0
   4220.0000         .0         .0      -10.0         .0         .0         .0      -24.0
   4250.0000         .0         .0      -10.0         .0         .0         .0      -24.0
   4280.0000         .0         .0      -10.0         .0         .0         .0      -24.0
   4310.0000         .0         .0      -10.0         .0         .0         .0      -24.0
   4340.0000         .0         .0      -10.0         .0         .0         .0      -24.0
   4370.0000         .0         .0      -10.0         .0         .0         .0      -24.0
   4400.0000         .0         .0      -10.0         .0         .0         .0      -24.0
   4430.0000         .0         .0      -10.0         .0         .0         .0      -24.0
   4460.0000         .0         .0      -10.0         .0         .0         .0      -24.0
   4490.0000         .0         .0      -10.0         .0         .0         .0      -24.0
   4520.0000         .0         .0      -10.0         .0         .0         .0      -24.0
   4550.0000         .0         .0      -10.0         .0         .0         .0      -24.0
   4580.0000         .0         .0      -10.0         .0         .0         .0      -24.0
   4610.0000         .0         .0      -10.0         .0         .0         .0      -24.0
   4640.0000         .0         .0      -10.0         .0         .0         .0      -24.0
   4670.0000         .0         .0      -10.0         .0         .0         .0      -24.0
   4700.0000         .0         .0      -10.0         .0         .0         .0      -24.0
   4730.0000         .0         .0      -10.0         .0         .0         .0      -24.0
   4760.0000         .0         .0      -10.0         .0         .0         .0      -24.0
   4790.0000         .0         .0      -10.0         .0         .0         .0      -24.0
   4820.0000         .0         .0      -10.0         .0         .0         .0      -24.0
   4850.0000         .0         .0      -10.0         .0         .0         .0      -24.0
   4872.0000         .0         .0      -10.0         .0         .0         .0      -24.0
   4880.0000         .0         .0      -10.0         .0         .0         .0      -24.0
   4910.0000         .0         .0      -10.0         .0         .0         .0      -24.0
   4940.0000         .0         .0      -10.0         .0         .0         .0      -24.0
   4970.0000         .0         .0      -10.0         .0         .0         .0      -24.0
   5000.0000         .0         .0      -10.0         .0         .0         .0      -24.0
   5030.0000         .0         .0      -10.0         .0         .0         .0      -24.0
   5060.0000         .0         .0      -10.0         .0         .0         .0      -24.0
   5090.0000         .0         .0      -10.0         .0         .0         .0      -24.0
   5120.0000         .0         .0      -10.0         .0         .0         .0      -24.0
   5150.0000         .0         .0      -10.0         .0         .0         .0      -24.0
   5180.0000         .0         .0      -10.0         .0         .0         .0      -24.0
   5210.0000         .0         .0      -10.0         .0         .0         .0      -24.0
   5240.0000         .0         .0      -10.0         .0         .0         .0      -24.0
   5270.0000         .0         .0      -10.0         .0         .0         .0      -24.0
   5300.0000         .0         .0      -10.0         .0         .0         .0      -24.0
   5330.0000         .0         .0      -10.0         .0         .0         .0      -24.0
   5360.0000         .0         .0      -10.0         .0         .0         .0      -24.0
   5390.0000         .0         .0      -10.0         .0         .0         .0      -24.0
   5420.0000         .0         .0      -10.0         .0         .0         .0      -24.0
   5450.0000         .0         .0      -10.0         .0         .0         .0      -24.0
   5480.0000         .0         .0      -10.0         .0         .0         .0      -24.0
   5510.0000         .0         .0      -10.0         .0         .0         .0      -24.0
   5540.0000         .0         .0      -10.0         .0         .0         .0      -24.0
   5570.0000         .0         .0      -10.0         .0         .0         .0      -24.0
   5600.0000         .0         .0      -10.0         .0         .0         .0      -24.0
   5630.0000         .0         .0      -10.0         .0         .0         .0      -24.0
   5660.0000         .0         .0      -10.0         .0         .0         .0      -24.0
   5690.0000         .0         .0      -10.0         .0         .0         .0      -24.0
   5720.0000         .0         .0      -10.0         .0         .0         .0      -24.0
   5750.0000         .0         .0      -10.0         .0         .0         .0      -24.0
   5780.0000         .0         .0      -10.0         .0         .0         .0      -24.0
   5810.0000         .0         .0      -10.0         .0         .0         .0      -24.0
   5840.0000         .0         .0      -10.0         .0         .0         .0      -24.0
   5870.0000         .0         .0      -10.0         .0         .0         .0      -24.0
   5900.0000         .0         .0      -10.0         .0         .0         .0      -24.0
   5930.0000         .0         .0      -10.0         .0         .0         .0      -24.0
   5960.0000         .0         .0      -10.0         .0         .0         .0      -24.0
   5990.0000         .0         .0      -10.0         .0         .0         .0      -24.0
   6020.0000         .0         .0      -10.0         .0         .0         .0      -24.0
   6050.0000         .0         .0      -10.0         .0         .0         .0      -24.0
   6080.0000         .0         .0      -10.0         .0         .0         .0      -24.0
   6110.0000         .0         .0      -10.0         .0         .0         .0      -24.0
   6140.0000         .0         .0      -10.0         .0         .0         .0      -24.0
   6170.0000         .0         .0      -10.0         .0         .0         .0      -24.0
   6200.0000         .0         .0      -10.0         .0         .0         .0      -24.0
   6230.0000         .0         .0      -10.0         .0         .0         .0      -24.0
   6260.0000         .0         .0      -10.0         .0         .0         .0      -24.0
   6290.0000         .0         .0      -10.0         .0         .0         .0      -24.0
   6320.0000         .0         .0      -10.0         .0         .0         .0      -24.0
   6350.0000         .0         .0      -10.0         .0         .0         .0      -24.0
   6380.0000         .0         .0      -10.0         .0         .0         .0      -24.0
   6410.0000         .0         .0      -10.0         .0         .0         .0      -24.0
   6440.0000         .0         .0      -10.0         .0         .0         .0      -24.0
   6445.0000         .0         .0      -10.0         .0         .0         .0      -24.0
   6450.0000         .0         .0      -10.0         .0         .0         .0      -24.0
   6450.0100         .0         .0       -3.0         .0         .0         .0      -24.0
   6450.0230         .0         .0       -3.0         .0         .0         .0      -24.0
   6450.0400         .0         .0       -3.0         .0         .0         .0      -24.0
   6450.0620         .0         .0       -3.0         .0         .0         .0      -24.0
   6450.0900         .0         .0       -3.0         .0         .0         .0      -24.0
   6450.1270         .0         .0       -3.0         .0         .0         .0      -24.0
   6450.1760         .0         .0       -3.0         .0         .0         .0      -24.0
   6450.2380         .0         .0       -3.0         .0         .0         .0      -24.0
   6450.3200         .0         .0       -3.0         .0         .0         .0      -24.0
   6450.4270         .0         .0       -3.0         .0         .0         .0      -24.0
   6450.5650         .0         .0       -3.0         .0         .0         .0      -24.0
   6450.7430         .0         .0       -3.0         .0         .0         .0      -24.0
   6450.9790         .0         .0       -3.0         .0         .0         .0      -24.0
   6451.2880         .0         .0       -3.0         .0         .0         .0      -24.0
   6451.7010         .0         .0       -3.0         .0         .0         .0      -24.0
   6452.2500         .0         .0       -3.0         .0         .0         .0      -24.0
   6452.9380         .0         .0       -3.0         .0         .0         .0      -24.0
   6453.9690         .0         .0       -3.0         .0         .0         .0      -24.0
   6455.0000         .0         .0       -3.0         .0         .0         .0      -24.0
   6456.2500         .0         .0       -3.0         .0         .0         .0      -24.0
   6457.5000         .0         .0       -3.0         .0         .0         .0      -24.0
   6460.0000         .0         .0       -3.0         .0         .0         .0      -24.0
   6462.5000         .0         .0       -3.0         .0         .0         .0      -24.0
   6465.0000         .0         .0       -3.0         .0         .0         .0      -24.0
   6467.5000         .0         .0       -3.0         .0         .0         .0      -24.0
   6470.0000         .0         .0       -3.0         .0         .0         .0      -24.0
   6475.0000         .0         .0       -3.0         .0         .0         .0      -24.0
   6480.0000         .0         .0       -3.0         .0         .0         .0      -24.0
   6485.0000         .0         .0       -3.0         .0         .0         .0      -24.0
   6490.0000         .0         .0       -3.0         .0         .0         .0      -24.0
   6495.0000         .0         .0       -3.0         .0         .0         .0      -24.0
   6496.0000         .0         .0       -3.0         .0         .0         .0      -24.0
   6500.0000         .0         .0       -3.0         .0         .0         .0      -24.0
   6505.0000         .0         .0       -3.0         .0         .0         .0      -24.0
   6510.0000         .0         .0       -3.0         .0         .0         .0      -24.0
   6515.0000         .0         .0       -3.0         .0         .0         .0      -24.0
   6520.0000         .0         .0       -3.0         .0         .0         .0      -24.0
   6525.0000         .0         .0       -3.0         .0         .0         .0      -24.0
   6530.0000         .0         .0       -3.0         .0         .0         .0      -24.0
   6535.0000         .0         .0       -3.0         .0         .0         .0      -24.0
   6540.0000         .0         .0       -3.0         .0         .0         .0      -24.0
   6545.0000         .0         .0       -3.0         .0         .0         .0      -24.0
   6550.0000         .0         .0       -3.0         .0         .0         .0      -24.0
   6555.0000         .0         .0       -3.0         .0         .0         .0      -24.0
   6560.0000         .0         .0       -3.0         .0         .0         .0      -24.0
   6565.0000         .0         .0       -3.0         .0         .0         .0      -24.0
   6570.0000         .0         .0       -3.0         .0         .0         .0      -24.0
   6575.0000         .0         .0       -3.0         .0         .0         .0      -24.0
   6580.0000         .0         .0       -3.0         .0         .0         .0      -24.0
   6585.0000         .0         .0       -3.0         .0         .0         .0      -24.0
   6590.0000         .0         .0       -3.0         .0         .0         .0      -24.0
   6595.0000         .0         .0       -3.0         .0         .0         .0      -24.0
   6600.0000         .0         .0       -3.0         .0         .0         .0      -24.0
   6605.0000         .0         .0       -3.0         .0         .0         .0      -24.0
   6610.0000         .0         .0       -3.0         .0         .0         .0      -24.0
   6615.0000         .0         .0       -3.0         .0         .0         .0      -24.0
   6620.0000         .0         .0       -3.0         .0         .0         .0      -24.0
   6625.0000         .0         .0       -3.0         .0         .0         .0      -24.0
   6630.0000         .0         .0       -3.0         .0         .0         .0      -24.0
   6635.0000         .0         .0       -3.0         .0         .0         .0      -24.0
   6640.0000         .0         .0       -3.0         .0         .0         .0      -24.0
   6645.0000         .0         .0       -3.0         .0         .0         .0      -24.0
   6650.0000         .0         .0       -3.0         .0         .0         .0      -24.0
   6655.0000         .0         .0       -3.0         .0         .0         .0      -24.0
   6660.0000         .0         .0       -3.0         .0         .0         .0      -24.0
   6665.0000         .0         .0       -3.0         .0         .0         .0      -24.0
   6670.0000         .0         .0       -3.0         .0         .0         .0      -24.0
   6675.0000         .0         .0       -3.0         .0         .0         .0      -24.0
   6680.0000         .0         .0       -3.0         .0         .0         .0      -24.0
   6685.0000         .0         .0       -3.0         .0         .0         .0      -24.0
   6690.0000         .0         .0       -3.0         .0         .0         .0      -24.0
   6695.0000         .0         .0       -3.0         .0         .0         .0      -24.0
   6700.0000         .0         .0       -3.0         .0         .0         .0      -24.0
   6705.0000         .0         .0       -3.0         .0         .0         .0      -24.0
   6710.0000         .0         .0       -3.0         .0         .0         .0      -24.0
   6715.0000         .0         .0       -3.0         .0         .0         .0      -24.0
   6720.0000         .0         .0       -3.0         .0         .0         .0      -24.0
   6725.0000         .0         .0       -3.0         .0         .0         .0      -24.0
   6730.0000         .0         .0       -3.0         .0         .0         .0      -24.0
   6735.0000         .0         .0       -3.0         .0         .0         .0      -24.0
   6740.0000         .0         .0       -3.0         .0         .0         .0      -24.0
   6745.0000         .0         .0       -3.0         .0         .0         .0      -24.0
   6750.0000         .0         .0       -3.0         .0         .0         .0      -24.0
   6755.0000         .0         .0       -3.0         .0         .0         .0      -24.0
   6760.0000         .0         .0       -3.0         .0         .0         .0      -24.0
   6765.0000         .0         .0       -3.0         .0         .0         .0      -24.0
   6770.0000         .0         .0       -3.0         .0         .0         .0      -24.0
   6775.0000         .0         .0       -3.0         .0         .0         .0      -24.0
   6780.0000         .0         .0       -3.0         .0         .0         .0      -24.0
   6785.0000         .0         .0       -3.0         .0         .0         .0      -24.0
   6790.0000         .0         .0       -3.0         .0         .0         .0      -24.0
   6800.0000         .0         .0       -3.0         .0         .0         .0      -24.0
   6807.5000         .0         .0       -3.0         .0         .0         .0      -24.0
   6815.0000         .0         .0       -3.0         .0         .0         .0      -24.0
   6830.0000         .0         .0       -3.0         .0         .0         .0      -24.0
   6845.0000         .0         .0       -3.0         .0         .0         .0      -24.0
   6860.0000         .0         .0       -3.0         .0         .0         .0      -24.0
   6875.0000         .0         .0       -3.0         .0         .0         .0      -24.0
   6890.0000         .0         .0       -3.0         .0         .0         .0      -24.0
   6905.0000         .0         .0       -3.0         .0         .0         .0      -24.0
   6920.0000         .0         .0       -3.0         .0         .0         .0      -24.0
   6935.0000         .0         .0       -3.0         .0         .0         .0      -24.0
   6950.0000         .0         .0       -3.0         .0         .0         .0      -24.0
   6965.0000         .0         .0       -3.0         .0         .0         .0      -24.0
   6980.0000         .0         .0       -3.0         .0         .0         .0      -24.0
   6995.0000         .0         .0       -3.0         .0         .0         .0      -24.0
   7010.0000         .0         .0       -3.0         .0         .0         .0      -24.0
   7025.0000         .0         .0       -3.0         .0         .0         .0      -24.0
   7040.0000         .0         .0       -3.0         .0         .0         .0      -24.0
   7055.0000         .0         .0       -3.0         .0         .0         .0      -24.0
   7070.0000         .0         .0       -3.0         .0         .0         .0      -24.0
   7085.0000         .0         .0       -3.0         .0         .0         .0      -24.0
   7100.0000         .0         .0       -3.0         .0         .0         .0      -24.0
   7115.0000         .0         .0       -3.0         .0         .0         .0      -24.0
   7130.0000         .0         .0       -3.0         .0         .0         .0      -24.0
   7145.0000         .0         .0       -3.0         .0         .0         .0      -24.0
   7160.0000         .0         .0       -3.0         .0         .0         .0      -24.0
   7175.0000         .0         .0       -3.0         .0         .0         .0      -24.0
   7190.0000         .0         .0       -3.0         .0         .0         .0      -24.0
   7205.0000         .0         .0       -3.0         .0         .0         .0      -24.0
   7220.0000         .0         .0       -3.0         .0         .0         .0      -24.0
   7235.0000         .0         .0       -3.0         .0         .0         .0      -24.0
   7250.0000         .0         .0       -3.0         .0         .0         .0      -24.0
   7265.0000         .0         .0       -3.0         .0         .0         .0      -24.0
   7280.0000         .0         .0       -3.0         .0         .0         .0      -24.0
   7295.0000         .0         .0       -3.0         .0         .0         .0      -24.0
   7310.0000         .0         .0       -3.0         .0         .0         .0      -24.0
   7325.0000         .0         .0       -3.0         .0         .0         .0      -24.0
   7340.0000         .0         .0       -3.0         .0         .0         .0      -24.0
   7355.0000         .0         .0       -3.0         .0         .0         .0      -24.0
   7370.0000         .0         .0       -3.0         .0         .0         .0      -24.0
   7385.0000         .0         .0       -3.0         .0         .0         .0      -24.0
   7400.0000         .0         .0       -3.0         .0         .0         .0      -24.0
   7415.0000         .0         .0       -3.0         .0         .0         .0      -24.0
   7430.0000         .0         .0       -3.0         .0         .0         .0      -24.0
   7445.0000         .0         .0       -3.0         .0         .0         .0      -24.0
   7460.0000         .0         .0       -3.0         .0         .0         .0      -24.0
   7475.0000         .0         .0       -3.0         .0         .0         .0      -24.0
   7490.0000         .0         .0       -3.0         .0         .0         .0      -24.0
   7505.0000         .0         .0       -3.0         .0         .0         .0      -24.0
   7520.0000         .0         .0       -3.0         .0         .0         .0      -24.0
   7535.0000         .0         .0       -3.0         .0         .0         .0      -24.0
   7550.0000         .0         .0       -3.0         .0         .0         .0      -24.0
   7565.0000         .0         .0       -3.0         .0         .0         .0      -24.0
   7580.0000         .0         .0       -3.0         .0         .0         .0      -24.0
   7595.0000         .0         .0       -3.0         .0         .0         .0      -24.0
   7610.0000         .0         .0       -3.0         .0         .0         .0      -24.0
   7625.0000         .0         .0       -3.0         .0         .0         .0      -24.0
   7640.0000         .0         .0       -3.0         .0         .0         .0      -24.0
   7655.0000         .0         .0       -3.0         .0         .0         .0      -24.0
   7670.0000         .0         .0       -3.0         .0         .0         .0      -24.0
   7685.0000         .0         .0       -3.0         .0         .0         .0      -24.0
   7700.0000         .0         .0       -3.0         .0         .0         .0      -24.0
   7715.0000         .0         .0       -3.0         .0         .0         .0      -24.0
   7730.0000         .0         .0       -3.0         .0         .0         .0      -24.0
   7745.0000         .0         .0       -3.0         .0         .0         .0      -24.0
   7760.0000         .0         .0       -3.0         .0         .0         .0      -24.0
   7775.0000         .0         .0       -3.0         .0         .0         .0      -24.0
   7790.0000         .0         .0       -3.0         .0         .0         .0      -24.0
   7805.0000         .0         .0       -3.0         .0         .0         .0      -24.0
   7820.0000         .0         .0       -3.0         .0         .0         .0      -24.0
   7835.0000         .0         .0       -3.0         .0         .0         .0      -24.0
   7850.0000         .0         .0       -3.0         .0         .0         .0      -24.0
   7865.0000         .0         .0       -3.0         .0         .0         .0      -24.0
   7880.0000         .0         .0       -3.0         .0         .0         .0      -24.0
   7895.0000         .0         .0       -3.0         .0         .0         .0      -24.0
   7910.0000         .0         .0       -3.0         .0         .0         .0      -24.0
   7925.0000         .0         .0       -3.0         .0         .0         .0      -24.0
   7940.0000         .0         .0       -3.0         .0         .0         .0      -24.0
   7955.0000         .0         .0       -3.0         .0         .0         .0      -24.0
   7970.0000         .0         .0       -3.0         .0         .0         .0      -24.0
   7985.0000         .0         .0       -3.0         .0         .0         .0      -24.0
   8000.0000         .0         .0       -3.0         .0         .0         .0      -24.0
   8015.0000         .0         .0       -3.0         .0         .0         .0      -24.0
   8030.0000         .0         .0       -3.0         .0         .0         .0      -24.0
   8045.0000         .0         .0       -3.0         .0         .0         .0      -24.0
   8060.0000         .0         .0       -3.0         .0         .0         .0      -24.0
   8075.0000         .0         .0       -3.0         .0         .0         .0      -24.0
   8090.0000         .0         .0       -3.0         .0         .0         .0      -24.0
   8105.0000         .0         .0       -3.0         .0         .0         .0      -24.0
   8120.0000         .0         .0       -3.0         .0         .0         .0      -24.0
   8135.0000         .0         .0       -3.0         .0         .0         .0      -24.0
   8150.0000         .0         .0       -3.0         .0         .0         .0      -24.0
   8165.0000         .0         .0       -3.0         .0         .0         .0      -24.0
   8180.0000         .0         .0       -3.0         .0         .0         .0      -24.0
   8195.0000         .0         .0       -3.0         .0         .0         .0      -24.0
   8210.0000         .0         .0       -3.0         .0         .0         .0      -24.0
   8225.0000         .0         .0       -3.0         .0         .0         .0      -24.0
   8240.0000         .0         .0       -3.0         .0         .0         .0      -24.0
   8255.0000         .0         .0       -3.0         .0         .0         .0      -24.0
   8270.0000         .0         .0       -3.0         .0         .0         .0      -24.0
   8285.0000         .0         .0       -3.0         .0         .0         .0      -24.0
   8300.0000         .0         .0       -3.0         .0         .0         .0      -24.0
   8315.0000         .0         .0       -3.0         .0         .0         .0      -24.0
   8330.0000         .0         .0       -3.0         .0         .0         .0      -24.0
   8345.0000         .0         .0       -3.0         .0         .0         .0      -24.0
   8360.0000         .0         .0       -3.0         .0         .0         .0      -24.0
   8375.0000         .0         .0       -3.0         .0         .0         .0      -24.0
   8390.0000         .0         .0       -3.0         .0         .0         .0      -24.0
   8405.0000         .0         .0       -3.0         .0         .0         .0      -24.0
   8420.0000         .0         .0       -3.0         .0         .0         .0      -24.0
   8435.0000         .0         .0       -3.0         .0         .0         .0      -24.0
   8450.0000         .0         .0       -3.0         .0         .0         .0      -24.0
   8465.0000         .0         .0       -3.0         .0         .0         .0      -24.0
   8480.0000         .0         .0       -3.0         .0         .0         .0      -24.0
   8495.0000         .0         .0       -3.0         .0         .0         .0      -24.0
   8510.0000         .0         .0       -3.0         .0         .0         .0      -24.0
   8525.0000         .0         .0       -3.0         .0         .0         .0      -24.0
   8540.0000         .0         .0       -3.0         .0         .0         .0      -24.0
   8555.0000         .0         .0       -3.0         .0         .0         .0      -24.0
   8570.0000         .0         .0       -3.0         .0         .0         .0      -24.0
   8585.0000         .0         .0       -3.0         .0         .0         .0      -24.0
   8600.0000         .0         .0       -3.0         .0         .0         .0      -24.0
   8615.0000         .0         .0       -3.0         .0         .0         .0      -24.0
   8630.0000         .0         .0       -3.0         .0         .0         .0      -24.0
   8645.0000         .0         .0       -3.0         .0         .0         .0      -24.0
   8660.0000         .0         .0       -3.0         .0         .0         .0      -24.0
   8675.0000         .0         .0       -3.0         .0         .0         .0      -24.0
   8690.0000         .0         .0       -3.0         .0         .0         .0      -24.0
   8705.0000         .0         .0       -3.0         .0         .0         .0      -24.0
   8720.0000         .0         .0       -3.0         .0         .0         .0      -24.0
   8735.0000         .0         .0       -3.0         .0         .0         .0      -24.0
   8750.0000         .0         .0       -3.0         .0         .0         .0      -24.0
   8765.0000         .0         .0       -3.0         .0         .0         .0      -24.0
   8780.0000         .0         .0       -3.0         .0         .0         .0      -24.0
   8795.0000         .0         .0       -3.0         .0         .0         .0      -24.0
   8810.0000         .0         .0       -3.0         .0         .0         .0      -24.0
   8825.0000         .0         .0       -3.0         .0         .0         .0      -24.0
   8840.0000         .0         .0       -3.0         .0         .0         .0      -24.0
   8855.0000         .0         .0       -3.0         .0         .0         .0      -24.0
   8870.0000         .0         .0       -3.0         .0         .0         .0      -24.0
   8885.0000         .0         .0       -3.0         .0         .0         .0      -24.0
   8900.0000         .0         .0       -3.0         .0         .0         .0      -24.0
   8915.0000         .0         .0       -3.0         .0         .0         .0      -24.0
   8930.0000         .0         .0       -3.0         .0         .0         .0      -24.0
   8945.0000         .0         .0       -3.0         .0         .0         .0      -24.0
   8960.0000         .0         .0       -3.0         .0         .0         .0      -24.0
   8975.0000         .0         .0       -3.0         .0         .0         .0      -24.0
   8990.0000         .0         .0       -3.0         .0         .0         .0      -24.0
   9005.0000         .0         .0       -3.0         .0         .0         .0      -24.0
   9035.0000         .0         .0       -3.0         .0         .0         .0      -24.0
   9065.0000         .0         .0       -3.0         .0         .0         .0      -24.0
   9095.0000         .0         .0       -3.0         .0         .0         .0      -24.0
   9125.0000         .0         .0       -3.0         .0         .0         .0      -24.0
   9155.0000         .0         .0       -3.0         .0         .0         .0      -24.0
   9185.0000         .0         .0       -3.0         .0         .0         .0      -24.0
   9215.0000         .0         .0       -3.0         .0         .0         .0      -24.0
   9245.0000         .0         .0       -3.0         .0         .0         .0      -24.0
   9275.0000         .0         .0       -3.0         .0         .0         .0      -24.0
   9305.0000         .0         .0       -3.0         .0         .0         .0      -24.0
   9335.0000         .0         .0       -3.0         .0         .0         .0      -24.0
   9365.0000         .0         .0       -3.0         .0         .0         .0      -24.0
   9395.0000         .0         .0       -3.0         .0         .0         .0      -24.0
   9425.0000         .0         .0       -3.0         .0         .0         .0      -24.0
   9455.0000         .0         .0       -3.0         .0         .0         .0      -24.0
   9485.0000         .0         .0       -3.0         .0         .0         .0      -24.0
   9515.0000         .0         .0       -3.0         .0         .0         .0      -24.0
   9545.0000         .0         .0       -3.0         .0         .0         .0      -24.0
   9575.0000         .0         .0       -3.0         .0         .0         .0      -24.0
   9605.0000         .0         .0       -3.0         .0         .0         .0      -24.0
   9635.0000         .0         .0       -3.0         .0         .0         .0      -24.0
   9665.0000         .0         .0       -3.0         .0         .0         .0      -24.0
   9695.0000         .0         .0       -3.0         .0         .0         .0      -24.0
   9725.0000         .0         .0       -3.0         .0         .0         .0      -24.0
   9755.0000         .0         .0       -3.0         .0         .0         .0      -24.0
   9785.0000         .0         .0       -3.0         .0         .0         .0      -24.0
   9815.0000         .0         .0       -3.0         .0         .0         .0      -24.0
   9845.0000         .0         .0       -3.0         .0         .0         .0      -24.0
   9875.0000         .0         .0       -3.0         .0         .0         .0      -24.0
   9905.0000         .0         .0       -3.0         .0         .0         .0      -24.0
   9935.0000         .0         .0       -3.0         .0         .0         .0      -24.0
   9965.0000         .0         .0       -3.0         .0         .0         .0      -24.0
   9995.0000         .0         .0       -3.0         .0         .0         .0      -24.0
  10025.0000         .0         .0       -3.0         .0         .0         .0      -24.0
  10055.0000         .0         .0       -3.0         .0         .0         .0      -24.0
  10085.0000         .0         .0       -3.0         .0         .0         .0      -24.0
  10115.0000         .0         .0       -3.0         .0         .0         .0      -24.0
  10145.0000         .0         .0       -3.0         .0         .0         .0      -24.0
  10175.0000         .0         .0       -3.0         .0         .0         .0      -24.0
  10205.0000         .0         .0       -3.0         .0         .0         .0      -24.0
  10235.0000         .0         .0       -3.0         .0         .0         .0      -24.0
  10265.0000         .0         .0       -3.0         .0         .0         .0      -24.0
  10295.0000         .0         .0       -3.0         .0         .0         .0      -24.0
  10325.0000         .0         .0       -3.0         .0         .0         .0      -24.0
  10355.0000         .0         .0       -3.0         .0         .0         .0      -24.0
  10385.0000         .0         .0       -3.0         .0         .0         .0      -24.0
  10415.0000         .0         .0       -3.0         .0         .0         .0      -24.0
  10445.0000         .0         .0       -3.0         .0         .0         .0      -24.0
  10475.0000         .0         .0       -3.0         .0         .0         .0      -24.0
  10505.0000         .0         .0       -3.0         .0         .0         .0      -24.0
end
