


                       Node(168)                     Node(188)

     time        hNew    theta    Temp         hNew    theta    Temp    
       .000    -23.989   .0770   20.000      -23.989   .0770   20.000
       .010    -23.989   .0770   20.000      -23.989   .0770   20.000
       .020    -23.989   .0770   20.000      -23.989   .0770   20.000
       .033    -23.989   .0770   20.000      -23.989   .0770   20.000
       .050    -23.989   .0770   20.000      -23.989   .0770   20.000
       .072    -23.989   .0770   20.000      -23.989   .0770   20.000
       .101    -23.989   .0770   20.000      -23.989   .0770   20.000
       .139    -23.989   .0770   20.000      -23.989   .0770   20.000
       .186    -23.989   .0770   20.000      -23.989   .0770   20.000
       .249    -23.989   .0770   20.000      -23.989   .0770   20.000
       .332    -23.989   .0770   20.000      -23.989   .0770   20.000
       .444    -23.989   .0770   20.000      -23.989   .0770   20.000
       .583    -23.989   .0770   20.000      -23.989   .0770   20.000
       .791    -23.989   .0770   20.000      -23.989   .0770   20.000
      1.000    -23.989   .0770   20.000      -23.989   .0770   20.000
      1.250    -23.989   .0770   20.000      -23.989   .0770   20.000
      1.625    -23.989   .0770   20.000      -23.989   .0770   20.000
      2.000    -23.989   .0770   20.000      -23.989   .0770   20.000
      2.333    -23.989   .0770   20.000      -23.989   .0770   20.000
      3.000    -23.989   .0770   20.000      -23.989   .0770   20.000
      3.500    -23.989   .0770   20.000      -23.989   .0770   20.000
      4.000    -23.989   .0770   20.000      -23.988   .0770   20.000
      5.000    -23.989   .0770   20.000      -23.988   .0770   20.000
      6.000    -23.989   .0770   20.000      -23.988   .0770   20.000
      7.000    -23.989   .0770   20.000      -23.988   .0770   20.000
      8.000    -23.989   .0770   20.000      -23.988   .0770   20.000
      9.000    -23.989   .0770   20.000      -23.987   .0770   20.000
     10.000    -23.989   .0770   20.000      -23.987   .0770   20.000
     11.000    -23.989   .0770   20.000      -23.986   .0770   20.000
     12.000    -23.989   .0770   20.000      -23.986   .0770   20.000
     13.000    -23.989   .0770   20.000      -23.985   .0770   20.000
     14.000    -23.989   .0770   20.000      -23.984   .0770   20.000
     15.000    -23.989   .0770   20.000      -23.984   .0770   20.000
     16.000    -23.989   .0770   20.000      -23.983   .0770   20.000
     17.000    -23.989   .0770   20.000      -23.982   .0770   20.000
     18.000    -23.989   .0770   20.000      -23.981   .0770   20.000
     19.000    -23.989   .0770   20.000      -23.980   .0770   20.000
     20.000    -23.989   .0770   20.000      -23.978   .0770   20.000
     21.000    -23.989   .0770   20.000      -23.977   .0770   20.000
     22.000    -23.989   .0770   20.000      -23.976   .0770   20.000
     23.000    -23.989   .0770   20.000      -23.974   .0770   20.000
     24.000    -23.989   .0770   20.000      -23.973   .0771   20.000
     25.000    -23.989   .0770   20.000      -23.971   .0771   20.000
     26.000    -23.989   .0770   20.000      -23.969   .0771   20.000
     27.000    -23.989   .0770   20.000      -23.967   .0771   20.000
     28.000    -23.989   .0770   20.000      -23.966   .0771   20.000
     29.000    -23.989   .0770   20.000      -23.964   .0771   20.000
     30.000    -23.989   .0770   20.000      -23.961   .0771   20.000
     31.000    -23.989   .0770   20.000      -23.959   .0771   20.000
     32.000    -23.989   .0770   20.000      -23.957   .0771   20.000
     33.000    -23.989   .0770   20.000      -23.955   .0771   20.000
     34.000    -23.989   .0770   20.000      -23.952   .0771   20.000
     35.000    -23.989   .0770   20.000      -23.950   .0771   20.000
     36.000    -23.989   .0770   20.000      -23.947   .0772   20.000
     37.000    -23.989   .0770   20.000      -23.945   .0772   20.000
     38.000    -23.989   .0770   20.000      -23.942   .0772   20.000
     39.000    -23.989   .0770   20.000      -23.939   .0772   20.000
     40.000    -23.989   .0770   20.000      -23.936   .0772   20.000
     41.000    -23.989   .0770   20.000      -23.933   .0772   20.000
     42.000    -23.989   .0770   20.000      -23.930   .0772   20.000
     43.000    -23.989   .0770   20.000      -23.927   .0772   20.000
     44.000    -23.989   .0770   20.000      -23.924   .0773   20.000
     45.000    -23.989   .0770   20.000      -23.921   .0773   20.000
     46.000    -23.989   .0770   20.000      -23.917   .0773   20.000
     47.000    -23.989   .0770   20.000      -23.914   .0773   20.000
     48.000    -23.989   .0770   20.000      -23.911   .0773   20.000
     49.000    -23.989   .0770   20.000      -23.907   .0773   20.000
     50.000    -23.989   .0770   20.000      -23.904   .0773   20.000
     51.000    -23.989   .0770   20.000      -23.900   .0774   20.000
     52.000    -23.989   .0770   20.000      -23.896   .0774   20.000
     53.000    -23.989   .0770   20.000      -23.893   .0774   20.000
     54.000    -23.989   .0770   20.000      -23.889   .0774   20.000
     55.000    -23.989   .0770   20.000      -23.885   .0774   20.000
     56.000    -23.989   .0770   20.000      -23.881   .0774   20.000
     57.000    -23.989   .0770   20.000      -23.877   .0774   20.000
     58.000    -23.989   .0770   20.000      -23.873   .0775   20.000
     59.000    -23.989   .0770   20.000      -23.869   .0775   20.000
     60.000    -23.989   .0770   20.000      -23.865   .0775   20.000
     61.000    -23.989   .0770   20.000      -23.861   .0775   20.000
     62.000    -23.989   .0770   20.000      -23.856   .0775   20.000
     63.000    -23.989   .0770   20.000      -23.852   .0776   20.000
     64.000    -23.989   .0770   20.000      -23.848   .0776   20.000
     65.000    -23.989   .0770   20.000      -23.844   .0776   20.000
     66.000    -23.989   .0770   20.000      -23.839   .0776   20.000
     67.000    -23.989   .0770   20.000      -23.835   .0776   20.000
     68.000    -23.989   .0770   20.000      -23.830   .0776   20.000
     69.000    -23.989   .0770   20.000      -23.826   .0777   20.000
     70.000    -23.989   .0770   20.000      -23.821   .0777   20.000
     71.000    -23.989   .0770   20.000      -23.817   .0777   20.000
     72.000    -23.989   .0770   20.000      -23.812   .0777   20.000
     73.000    -23.989   .0770   20.000      -23.808   .0777   20.000
     74.000    -23.989   .0770   20.000      -23.803   .0778   20.000
     75.000    -23.989   .0770   20.000      -23.798   .0778   20.000
     76.000    -23.989   .0770   20.000      -23.794   .0778   20.000
     77.000    -23.989   .0770   20.000      -23.789   .0778   20.000
     78.000    -23.989   .0770   20.000      -23.784   .0778   20.000
     79.000    -23.989   .0770   20.000      -23.779   .0779   20.000
     80.000    -23.989   .0770   20.000      -23.775   .0779   20.000
     81.000    -23.989   .0770   20.000      -23.770   .0779   20.000
     82.000    -23.989   .0770   20.000      -23.765   .0779   20.000
     83.000    -23.989   .0770   20.000      -23.760   .0779   20.000
     84.000    -23.989   .0770   20.000      -23.755   .0780   20.000
     85.000    -23.989   .0770   20.000      -23.750   .0780   20.000
     86.000    -23.989   .0770   20.000      -23.745   .0780   20.000
     87.000    -23.989   .0770   20.000      -23.741   .0780   20.000
     88.000    -23.989   .0770   20.000      -23.736   .0780   20.000
     89.000    -23.989   .0770   20.000      -23.731   .0781   20.000
     90.000    -23.989   .0770   20.000      -23.726   .0781   20.000
     91.000    -23.989   .0770   20.000      -23.721   .0781   20.000
     92.000    -23.989   .0770   20.000      -23.716   .0781   20.000
     93.000    -23.989   .0770   20.000      -23.711   .0781   20.000
     94.000    -23.989   .0770   20.000      -23.706   .0782   20.000
     95.000    -23.989   .0770   20.000      -23.701   .0782   20.000
     96.000    -23.989   .0770   20.000      -23.695   .0782   20.000
     97.000    -23.989   .0770   20.000      -23.690   .0782   20.000
     98.000    -23.989   .0770   20.000      -23.685   .0782   20.000
     99.000    -23.989   .0770   20.000      -23.680   .0783   20.000
    100.000    -23.989   .0770   20.000      -23.675   .0783   20.000
    101.000    -23.989   .0770   20.000      -23.670   .0783   20.000
    102.000    -23.989   .0770   20.000      -23.665   .0783   20.000
    103.000    -23.989   .0770   20.000      -23.660   .0784   20.000
    104.000    -23.989   .0770   20.000      -23.655   .0784   20.000
    105.000    -23.989   .0770   20.000      -23.650   .0784   20.000
    106.000    -23.989   .0770   20.000      -23.644   .0784   20.000
    107.000    -23.989   .0770   20.000      -23.639   .0784   20.000
    108.000    -23.989   .0770   20.000      -23.634   .0785   20.000
    109.000    -23.989   .0770   20.000      -23.629   .0785   20.000
    110.000    -23.989   .0770   20.000      -23.624   .0785   20.000
    111.000    -23.989   .0770   20.000      -23.620   .0785   20.000
    112.000    -23.989   .0770   20.000      -23.615   .0786   20.000
    113.000    -23.989   .0770   20.000      -23.610   .0786   20.000
    114.000    -23.989   .0770   20.000      -23.605   .0786   20.000
    115.000    -23.990   .0770   20.000      -23.599   .0786   20.000
    116.000    -23.990   .0770   20.000      -23.594   .0787   20.000
    117.000    -23.990   .0770   20.000      -23.589   .0787   20.000
    118.000    -23.990   .0770   20.000      -23.584   .0787   20.000
    119.000    -23.990   .0770   20.000      -23.579   .0788   20.000
    120.000    -23.990   .0770   20.000      -23.574   .0788   20.000
    121.000    -23.990   .0770   20.000      -23.568   .0788   20.000
    122.000    -23.990   .0770   20.000      -23.563   .0788   20.000
    123.000    -23.990   .0770   20.000      -23.558   .0789   20.000
    124.000    -23.990   .0770   20.000      -23.553   .0789   20.000
    125.000    -23.990   .0770   20.000      -23.548   .0789   20.000
    126.000    -23.990   .0770   20.000      -23.543   .0789   20.000
    127.000    -23.990   .0770   20.000      -23.538   .0790   20.000
    128.000    -23.990   .0770   20.000      -23.533   .0790   20.000
    129.000    -23.990   .0770   20.000      -23.527   .0790   20.000
    130.000    -23.990   .0770   20.000      -23.522   .0791   20.000
    131.000    -23.990   .0770   20.000      -23.517   .0791   20.000
    132.000    -23.990   .0770   20.000      -23.512   .0791   20.000
    133.000    -23.990   .0770   20.000      -23.507   .0791   20.000
    134.000    -23.990   .0770   20.000      -23.502   .0792   20.000
    135.000    -23.990   .0770   20.000      -23.497   .0792   20.000
    136.000    -23.990   .0770   20.000      -23.492   .0792   20.000
    137.000    -23.990   .0770   20.000      -23.487   .0792   20.000
    138.000    -23.991   .0770   20.000      -23.482   .0793   20.000
    139.000    -23.991   .0770   20.000      -23.477   .0793   20.000
    140.000    -23.991   .0770   20.000      -23.472   .0793   20.000
    141.000    -23.991   .0770   20.000      -23.467   .0794   20.000
    142.000    -23.991   .0770   20.000      -23.462   .0794   20.000
    143.000    -23.991   .0770   20.000      -23.457   .0794   20.000
    144.000    -23.991   .0770   20.000      -23.452   .0794   20.000
    145.000    -23.991   .0770   20.000      -23.447   .0795   20.000
    146.000    -23.991   .0770   20.000      -23.442   .0795   20.000
    147.000    -23.991   .0770   20.000      -23.437   .0795   20.000
    148.000    -23.991   .0770   20.000      -23.432   .0795   20.000
    149.000    -23.991   .0770   20.000      -23.427   .0796   20.000
    150.000    -23.991   .0770   20.000      -23.422   .0796   20.000
    151.000    -23.991   .0770   20.000      -23.417   .0796   20.000
    152.000    -23.991   .0770   20.000      -23.412   .0796   20.000
    153.000    -23.992   .0770   20.000      -23.408   .0797   20.000
    154.000    -23.992   .0770   20.000      -23.403   .0797   20.000
    155.000    -23.992   .0770   20.000      -23.398   .0797   20.000
    156.000    -23.992   .0770   20.000      -23.393   .0798   20.000
    157.000    -23.992   .0770   20.000      -23.388   .0798   20.000
    158.000    -23.992   .0770   20.000      -23.383   .0798   20.000
    159.000    -23.992   .0770   20.000      -23.378   .0798   20.000
    160.000    -23.992   .0770   20.000      -23.374   .0799   20.000
    161.000    -23.992   .0770   20.000      -23.369   .0799   20.000
    162.000    -23.992   .0770   20.000      -23.364   .0799   20.000
    163.000    -23.992   .0770   20.000      -23.359   .0799   20.000
    164.000    -23.992   .0770   20.000      -23.355   .0800   20.000
    165.000    -23.993   .0770   20.000      -23.350   .0800   20.000
    166.000    -23.993   .0770   20.000      -23.345   .0800   20.000
    167.000    -23.993   .0770   20.000      -23.340   .0800   20.000
    168.000    -23.993   .0770   20.000      -23.336   .0801   20.000
    169.000    -23.993   .0770   20.000      -23.331   .0801   20.000
    170.000    -23.993   .0770   20.000      -23.326   .0801   20.000
    171.000    -23.993   .0770   20.000      -23.322   .0801   20.000
    172.000    -23.993   .0770   20.000      -23.317   .0802   20.000
    173.000    -23.993   .0770   20.000      -23.312   .0802   20.000
    174.000    -23.993   .0770   20.000      -23.308   .0802   20.000
    175.000    -23.994   .0770   20.000      -23.303   .0802   20.000
    176.000    -23.994   .0770   20.000      -23.299   .0803   20.000
    177.000    -23.994   .0770   20.000      -23.294   .0803   20.000
    178.000    -23.994   .0770   20.000      -23.289   .0803   20.000
    179.000    -23.994   .0770   20.000      -23.285   .0803   20.000
    180.000    -23.994   .0770   20.000      -23.280   .0804   20.000
    181.000    -23.994   .0770   20.000      -23.276   .0804   20.000
    182.000    -23.994   .0770   20.000      -23.271   .0804   20.000
    183.000    -23.994   .0770   20.000      -23.267   .0804   20.000
    184.000    -23.995   .0770   20.000      -23.262   .0805   20.000
    185.000    -23.995   .0770   20.000      -23.258   .0805   20.000
    186.000    -23.995   .0770   20.000      -23.253   .0805   20.000
    187.000    -23.995   .0770   20.000      -23.249   .0805   20.000
    188.000    -23.995   .0770   20.000      -23.244   .0806   20.000
    189.000    -23.995   .0770   20.000      -23.240   .0806   20.000
    190.000    -23.995   .0770   20.000      -23.235   .0806   20.000
    191.000    -23.995   .0770   20.000      -23.231   .0806   20.000
    192.000    -23.996   .0770   20.000      -23.227   .0806   20.000
    193.000    -23.996   .0770   20.000      -23.222   .0807   20.000
    194.000    -23.996   .0770   20.000      -23.218   .0807   20.000
    195.000    -23.996   .0770   20.000      -23.214   .0807   20.000
    196.000    -23.996   .0770   20.000      -23.209   .0807   20.000
    197.000    -23.996   .0770   20.000      -23.205   .0808   20.000
    198.000    -23.996   .0770   20.000      -23.201   .0808   20.000
    199.000    -23.996   .0770   20.000      -23.196   .0808   20.000
    200.000    -23.997   .0770   20.000      -23.192   .0808   20.000
    201.000    -23.997   .0770   20.000      -23.188   .0809   20.000
    202.000    -23.997   .0770   20.000      -23.183   .0809   20.000
    203.000    -23.997   .0769   20.000      -23.179   .0809   20.000
    204.000    -23.997   .0769   20.000      -23.175   .0809   20.000
    205.000    -23.997   .0769   20.000      -23.171   .0810   20.000
    206.000    -23.998   .0769   20.000      -23.166   .0810   20.000
    207.000    -23.998   .0769   20.000      -23.162   .0810   20.000
    208.000    -23.998   .0769   20.000      -23.158   .0810   20.000
    209.000    -23.998   .0769   20.000      -23.154   .0810   20.000
    210.000    -23.998   .0769   20.000      -23.150   .0811   20.000
    211.000    -23.998   .0769   20.000      -23.146   .0811   20.000
    212.000    -23.998   .0769   20.000      -23.141   .0811   20.000
    213.000    -23.999   .0769   20.000      -23.137   .0811   20.000
    214.000    -23.999   .0769   20.000      -23.133   .0812   20.000
    215.000    -23.999   .0769   20.000      -23.129   .0812   20.000
    216.000    -23.999   .0769   20.000      -23.125   .0812   20.000
    217.000    -23.999   .0769   20.000      -23.121   .0812   20.000
    218.000    -23.999   .0769   20.000      -23.117   .0812   20.000
    219.000    -24.000   .0769   20.000      -23.113   .0813   20.000
    220.000    -24.000   .0769   20.000      -23.109   .0813   20.000
    221.000    -24.000   .0769   20.000      -23.105   .0813   20.000
    222.000    -24.000   .0769   20.000      -23.101   .0813   20.000
    223.000    -24.000   .0769   20.000      -23.097   .0813   20.000
    224.000    -24.001   .0769   20.000      -23.093   .0814   20.000
    225.000    -24.001   .0769   20.000      -23.089   .0814   20.000
    226.000    -24.001   .0769   20.000      -23.085   .0814   20.000
    227.000    -24.001   .0769   20.000      -23.081   .0814   20.000
    228.000    -24.001   .0769   20.000      -23.077   .0815   20.000
    229.000    -24.001   .0769   20.000      -23.073   .0815   20.000
    230.000    -24.002   .0769   20.000      -23.069   .0815   20.000
    231.000    -24.002   .0769   20.000      -23.065   .0815   20.000
    232.000    -24.002   .0769   20.000      -23.061   .0815   20.000
    233.000    -24.002   .0769   20.000      -23.057   .0816   20.000
    234.000    -24.002   .0769   20.000      -23.054   .0816   20.000
    235.000    -24.003   .0769   20.000      -23.050   .0816   20.000
    236.000    -24.003   .0769   20.000      -23.046   .0816   20.000
    237.000    -24.003   .0769   20.000      -23.042   .0816   20.000
    238.000    -24.003   .0769   20.000      -23.038   .0817   20.000
    239.000    -24.003   .0769   20.000      -23.034   .0817   20.000
    240.000    -24.004   .0769   20.000      -23.031   .0817   20.000
    241.000    -24.004   .0769   20.000      -23.027   .0817   20.000
    242.000    -24.004   .0769   20.000      -23.023   .0817   20.000
    243.000    -24.004   .0769   20.000      -23.019   .0818   20.000
    244.000    -24.004   .0769   20.000      -23.016   .0818   20.000
    245.000    -24.005   .0769   20.000      -23.012   .0818   20.000
    246.000    -24.005   .0769   20.000      -23.008   .0818   20.000
    247.000    -24.005   .0769   20.000      -23.004   .0818   20.000
    248.000    -24.005   .0769   20.000      -23.001   .0819   20.000
    249.000    -24.006   .0769   20.000      -22.997   .0819   20.000
    250.000    -24.006   .0769   20.000      -22.993   .0819   20.000
    251.000    -24.006   .0769   20.000      -22.990   .0819   20.000
    252.000    -24.006   .0769   20.000      -22.986   .0819   20.000
    253.000    -24.006   .0769   20.000      -22.982   .0820   20.000
    254.000    -24.007   .0769   20.000      -22.979   .0820   20.000
    255.000    -24.007   .0769   20.000      -22.975   .0820   20.000
    256.000    -24.007   .0769   20.000      -22.972   .0820   20.000
    257.000    -24.007   .0769   20.000      -22.968   .0820   20.000
    258.000    -24.008   .0769   20.000      -22.964   .0821   20.000
    259.000    -24.008   .0769   20.000      -22.961   .0821   20.000
    260.000    -24.008   .0769   20.000      -22.957   .0821   20.000
    261.000    -24.008   .0769   20.000      -22.954   .0821   20.000
    262.000    -24.009   .0769   20.000      -22.950   .0821   20.000
    263.000    -24.009   .0769   20.000      -22.947   .0822   20.000
    264.000    -24.009   .0769   20.000      -22.943   .0822   20.000
    265.000    -24.009   .0769   20.000      -22.940   .0822   20.000
    266.000    -24.010   .0769   20.000      -22.936   .0822   20.000
    267.000    -24.010   .0769   20.000      -22.933   .0822   20.000
    268.000    -24.010   .0769   20.000      -22.929   .0823   20.000
    269.000    -24.010   .0769   20.000      -22.926   .0823   20.000
    270.000    -24.011   .0769   20.000      -22.922   .0823   20.000
    271.000    -24.011   .0769   20.000      -22.919   .0823   20.000
    272.000    -24.011   .0769   20.000      -22.916   .0823   20.000
    273.000    -24.011   .0769   20.000      -22.912   .0823   20.000
    274.000    -24.012   .0769   20.000      -22.909   .0824   20.000
    275.000    -24.012   .0769   20.000      -22.905   .0824   20.000
    276.000    -24.012   .0769   20.000      -22.902   .0824   20.000
    277.000    -24.012   .0769   20.000      -22.899   .0824   20.000
    278.000    -24.013   .0769   20.000      -22.895   .0824   20.000
    279.000    -24.013   .0769   20.000      -22.892   .0825   20.000
    280.000    -24.013   .0769   20.000      -22.888   .0825   20.000
    281.000    -24.013   .0769   20.000      -22.885   .0825   20.000
    282.000    -24.014   .0769   20.000      -22.882   .0825   20.000
    283.000    -24.014   .0769   20.000      -22.879   .0825   20.000
    284.000    -24.014   .0769   20.000      -22.875   .0825   20.000
    285.000    -24.015   .0769   20.000      -22.872   .0826   20.000
    286.000    -24.015   .0769   20.000      -22.869   .0826   20.000
    287.000    -24.015   .0769   20.000      -22.865   .0826   20.000
    288.000    -24.015   .0769   20.000      -22.862   .0826   20.000
    289.000    -24.016   .0769   20.000      -22.859   .0826   20.000
    290.000    -24.016   .0769   20.000      -22.856   .0826   20.000
    291.000    -24.016   .0769   20.000      -22.852   .0827   20.000
    292.000    -24.017   .0769   20.000      -22.849   .0827   20.000
    293.000    -24.017   .0769   20.000      -22.846   .0827   20.000
    294.000    -24.017   .0769   20.000      -22.843   .0827   20.000
    295.000    -24.017   .0769   20.000      -22.840   .0827   20.000
    296.000    -24.018   .0769   20.000      -22.836   .0827   20.000
    297.000    -24.018   .0769   20.000      -22.833   .0828   20.000
    298.000    -24.018   .0769   20.000      -22.830   .0828   20.000
    299.000    -24.019   .0769   20.000      -22.827   .0828   20.000
    300.000    -24.019   .0769   20.000      -22.824   .0828   20.000
    301.000    -24.019   .0769   20.000      -22.821   .0828   20.000
    302.000    -24.019   .0769   20.000      -22.818   .0829   20.000
    303.000    -24.020   .0769   20.000      -22.815   .0829   20.000
    304.000    -24.020   .0769   20.000      -22.811   .0829   20.000
    305.000    -24.020   .0769   20.000      -22.808   .0829   20.000
    306.000    -24.021   .0769   20.000      -22.805   .0829   20.000
    307.000    -24.021   .0769   20.000      -22.802   .0829   20.000
    308.000    -24.021   .0768   20.000      -22.799   .0830   20.000
    309.000    -24.022   .0768   20.000      -22.796   .0830   20.000
    310.000    -24.022   .0768   20.000      -22.793   .0830   20.000
    311.000    -24.022   .0768   20.000      -22.790   .0830   20.000
    312.000    -24.023   .0768   20.000      -22.787   .0830   20.000
    313.000    -24.023   .0768   20.000      -22.784   .0830   20.000
    314.000    -24.023   .0768   20.000      -22.781   .0830   20.000
    315.000    -24.024   .0768   20.000      -22.778   .0831   20.000
    316.000    -24.024   .0768   20.000      -22.775   .0831   20.000
    317.000    -24.024   .0768   20.000      -22.772   .0831   20.000
    318.000    -24.024   .0768   20.000      -22.769   .0831   20.000
    319.000    -24.025   .0768   20.000      -22.766   .0831   20.000
    320.000    -24.025   .0768   20.000      -22.763   .0831   20.000
    321.000    -24.025   .0768   20.000      -22.760   .0832   20.000
    322.000    -24.026   .0768   20.000      -22.757   .0832   20.000
    323.000    -24.026   .0768   20.000      -22.754   .0832   20.000
    324.000    -24.026   .0768   20.000      -22.752   .0832   20.000
    325.000    -24.027   .0768   20.000      -22.749   .0832   20.000
    326.000    -24.027   .0768   20.000      -22.746   .0832   20.000
    327.000    -24.027   .0768   20.000      -22.743   .0833   20.000
    328.000    -24.028   .0768   20.000      -22.740   .0833   20.000
    329.000    -24.028   .0768   20.000      -22.737   .0833   20.000
    330.000    -24.028   .0768   20.000      -22.734   .0833   20.000
    331.000    -24.029   .0768   20.000      -22.731   .0833   20.000
    332.000    -24.029   .0768   20.000      -22.729   .0833   20.000
    333.000    -24.030   .0768   20.000      -22.726   .0833   20.000
    334.000    -24.030   .0768   20.000      -22.723   .0834   20.000
    335.000    -24.030   .0768   20.000      -22.720   .0834   20.000
    336.000    -24.031   .0768   20.000      -22.717   .0834   20.000
    337.000    -24.031   .0768   20.000      -22.715   .0834   20.000
    338.000    -24.031   .0768   20.000      -22.712   .0834   20.000
    339.000    -24.032   .0768   20.000      -22.709   .0834   20.000
    340.000    -24.032   .0768   20.000      -22.706   .0835   20.000
    341.000    -24.032   .0768   20.000      -22.703   .0835   20.000
    342.000    -24.033   .0768   20.000      -22.701   .0835   20.000
    343.000    -24.033   .0768   20.000      -22.698   .0835   20.000
    344.000    -24.033   .0768   20.000      -22.695   .0835   20.000
    345.000    -24.034   .0768   20.000      -22.692   .0835   20.000
    346.000    -24.034   .0768   20.000      -22.690   .0835   20.000
    347.000    -24.034   .0768   20.000      -22.687   .0836   20.000
    348.000    -24.035   .0768   20.000      -22.684   .0836   20.000
    349.000    -24.035   .0768   20.000      -22.682   .0836   20.000
    350.000    -24.036   .0768   20.000      -22.679   .0836   20.000
    351.000    -24.036   .0768   20.000      -22.676   .0836   20.000
    352.000    -24.036   .0768   20.000      -22.674   .0836   20.000
    353.000    -24.037   .0768   20.000      -22.671   .0836   20.000
    354.000    -24.037   .0768   20.000      -22.668   .0837   20.000
    355.000    -24.037   .0768   20.000      -22.666   .0837   20.000
    356.000    -24.038   .0768   20.000      -22.663   .0837   20.000
    357.000    -24.038   .0768   20.000      -22.660   .0837   20.000
    358.000    -24.039   .0768   20.000      -22.658   .0837   20.000
    359.000    -24.039   .0768   20.000      -22.655   .0837   20.000
    360.000    -24.039   .0768   20.000      -22.653   .0837   20.000
    361.000    -24.040   .0768   20.000      -22.650   .0838   20.000
    362.000    -24.040   .0768   20.000      -22.647   .0838   20.000
    363.000    -24.040   .0768   20.000      -22.645   .0838   20.000
    364.000    -24.041   .0768   20.000      -22.642   .0838   20.000
    365.000    -24.041   .0768   20.000      -22.640   .0838   20.000
    366.000    -24.042   .0768   20.000      -22.637   .0838   20.000
    367.000    -24.042   .0768   20.000      -22.634   .0838   20.000
    368.000    -24.042   .0768   20.000      -22.632   .0839   20.000
    369.000    -24.043   .0768   20.000      -22.629   .0839   20.000
    370.000    -24.043   .0768   20.000      -22.627   .0839   20.000
    371.000    -24.044   .0768   20.000      -22.624   .0839   20.000
    372.000    -24.044   .0768   20.000      -22.622   .0839   20.000
    373.000    -24.044   .0768   20.000      -22.619   .0839   20.000
    374.000    -24.045   .0768   20.000      -22.617   .0839   20.000
    375.000    -24.045   .0767   20.000      -22.614   .0839   20.000
    376.000    -24.046   .0767   20.000      -22.612   .0840   20.000
    377.000    -24.046   .0767   20.000      -22.609   .0840   20.000
    378.000    -24.046   .0767   20.000      -22.607   .0840   20.000
    379.000    -24.047   .0767   20.000      -22.604   .0840   20.000
    380.000    -24.047   .0767   20.000      -22.602   .0840   20.000
    381.000    -24.048   .0767   20.000      -22.599   .0840   20.000
    382.000    -24.048   .0767   20.000      -22.597   .0840   20.000
    383.000    -24.048   .0767   20.000      -22.595   .0841   20.000
    384.000    -24.049   .0767   20.000      -22.592   .0841   20.000
    385.000    -24.049   .0767   20.000      -22.590   .0841   20.000
    386.000    -24.050   .0767   20.000      -22.587   .0841   20.000
    387.000    -24.050   .0767   20.000      -22.585   .0841   20.000
    388.000    -24.050   .0767   20.000      -22.583   .0841   20.000
    389.000    -24.051   .0767   20.000      -22.580   .0841   20.000
    390.000    -24.051   .0767   20.000      -22.578   .0841   20.000
    391.000    -24.052   .0767   20.000      -22.575   .0842   20.000
    392.000    -24.052   .0767   20.000      -22.573   .0842   20.000
    393.000    -24.052   .0767   20.000      -22.571   .0842   20.000
    394.000    -24.053   .0767   20.000      -22.568   .0842   20.000
    395.000    -24.053   .0767   20.000      -22.566   .0842   20.000
    396.000    -24.054   .0767   20.000      -22.564   .0842   20.000
    397.000    -24.054   .0767   20.000      -22.561   .0842   20.000
    398.000    -24.055   .0767   20.000      -22.559   .0842   20.000
    399.000    -24.055   .0767   20.000      -22.557   .0843   20.000
    400.000    -24.055   .0767   20.000      -22.554   .0843   20.000
    401.000    -24.056   .0767   20.000      -22.552   .0843   20.000
    402.000    -24.056   .0767   20.000      -22.550   .0843   20.000
    403.000    -24.057   .0767   20.000      -22.547   .0843   20.000
    404.000    -24.057   .0767   20.000      -22.545   .0843   20.000
    405.000    -24.058   .0767   20.000      -22.543   .0843   20.000
    406.000    -24.058   .0767   20.000      -22.540   .0843   20.000
    407.000    -24.058   .0767   20.000      -22.538   .0844   20.000
    408.000    -24.059   .0767   20.000      -22.536   .0844   20.000
    409.000    -24.059   .0767   20.000      -22.534   .0844   20.000
    410.000    -24.060   .0767   20.000      -22.531   .0844   20.000
    411.000    -24.060   .0767   20.000      -22.529   .0844   20.000
    412.000    -24.061   .0767   20.000      -22.527   .0844   20.000
    413.000    -24.061   .0767   20.000      -22.525   .0844   20.000
    414.000    -24.062   .0767   20.000      -22.522   .0844   20.000
    415.000    -24.062   .0767   20.000      -22.520   .0845   20.000
    416.000    -24.062   .0767   20.000      -22.518   .0845   20.000
    417.000    -24.063   .0767   20.000      -22.516   .0845   20.000
    418.000    -24.063   .0767   20.000      -22.514   .0845   20.000
    419.000    -24.064   .0767   20.000      -22.511   .0845   20.000
    420.000    -24.064   .0767   20.000      -22.509   .0845   20.000
    421.000    -24.065   .0767   20.000      -22.507   .0845   20.000
    422.000    -24.065   .0767   20.000      -22.505   .0845   20.000
    423.000    -24.066   .0767   20.000      -22.503   .0845   20.000
    424.000    -24.066   .0767   20.000      -22.500   .0846   20.000
    425.000    -24.066   .0767   20.000      -22.498   .0846   20.000
    426.000    -24.067   .0767   20.000      -22.496   .0846   20.000
    427.000    -24.067   .0767   20.000      -22.494   .0846   20.000
    428.000    -24.068   .0767   20.000      -22.492   .0846   20.000
    429.000    -24.068   .0767   20.000      -22.490   .0846   20.000
    430.000    -24.069   .0767   20.000      -22.488   .0846   20.000
    431.000    -24.069   .0766   20.000      -22.485   .0846   20.000
    432.000    -24.070   .0766   20.000      -22.483   .0847   20.000
    433.000    -24.070   .0766   20.000      -22.481   .0847   20.000
    434.000    -24.070   .0766   20.000      -22.479   .0847   20.000
    435.000    -24.071   .0766   20.000      -22.477   .0847   20.000
    436.000    -24.071   .0766   20.000      -22.475   .0847   20.000
    437.000    -24.072   .0766   20.000      -22.473   .0847   20.000
    438.000    -24.072   .0766   20.000      -22.471   .0847   20.000
    439.000    -24.073   .0766   20.000      -22.469   .0847   20.000
    440.000    -24.073   .0766   20.000      -22.467   .0847   20.000
    441.000    -24.074   .0766   20.000      -22.464   .0848   20.000
    442.000    -24.074   .0766   20.000      -22.462   .0848   20.000
    443.000    -24.075   .0766   20.000      -22.460   .0848   20.000
    444.000    -24.075   .0766   20.000      -22.458   .0848   20.000
    445.000    -24.076   .0766   20.000      -22.456   .0848   20.000
    446.000    -24.076   .0766   20.000      -22.454   .0848   20.000
    447.000    -24.077   .0766   20.000      -22.452   .0848   20.000
    448.000    -24.077   .0766   20.000      -22.450   .0848   20.000
    449.000    -24.077   .0766   20.000      -22.448   .0848   20.000
    450.000    -24.078   .0766   20.000      -22.446   .0849   20.000
    451.000    -24.078   .0766   20.000      -22.444   .0849   20.000
    452.000    -24.079   .0766   20.000      -22.442   .0849   20.000
    453.000    -24.079   .0766   20.000      -22.440   .0849   20.000
    454.000    -24.080   .0766   20.000      -22.438   .0849   20.000
    455.000    -24.080   .0766   20.000      -22.436   .0849   20.000
    456.000    -24.081   .0766   20.000      -22.434   .0849   20.000
    457.000    -24.081   .0766   20.000      -22.432   .0849   20.000
    458.000    -24.082   .0766   20.000      -22.430   .0849   20.000
    459.000    -24.082   .0766   20.000      -22.428   .0849   20.000
    460.000    -24.083   .0766   20.000      -22.426   .0850   20.000
    461.000    -24.083   .0766   20.000      -22.424   .0850   20.000
    462.000    -24.084   .0766   20.000      -22.422   .0850   20.000
    463.000    -24.084   .0766   20.000      -22.420   .0850   20.000
    464.000    -24.085   .0766   20.000      -22.418   .0850   20.000
    465.000    -24.085   .0766   20.000      -22.416   .0850   20.000
    466.000    -24.086   .0766   20.000      -22.414   .0850   20.000
    467.000    -24.086   .0766   20.000      -22.413   .0850   20.000
    468.000    -24.087   .0766   20.000      -22.411   .0850   20.000
    469.000    -24.087   .0766   20.000      -22.409   .0851   20.000
    470.000    -24.088   .0766   20.000      -22.407   .0851   20.000
    471.000    -24.088   .0766   20.000      -22.405   .0851   20.000
    472.000    -24.089   .0766   20.000      -22.403   .0851   20.000
    473.000    -24.089   .0766   20.000      -22.401   .0851   20.000
    474.000    -24.090   .0766   20.000      -22.399   .0851   20.000
    475.000    -24.090   .0766   20.000      -22.397   .0851   20.000
    476.111    -24.091   .0766   20.000      -22.395   .0851   20.000
    477.593    -24.091   .0766   20.000      -22.392   .0851   20.000
    479.444    -24.092   .0766   20.000      -22.389   .0852   20.000
    482.222    -24.094   .0765   20.000      -22.384   .0852   20.000
    485.000    -24.095   .0765   20.000      -22.379   .0852   20.000
    488.333    -24.097   .0765   20.000      -22.373   .0852   20.000
    491.667    -24.098   .0765   20.000      -22.367   .0853   20.000
    495.000    -24.100   .0765   20.000      -22.361   .0853   20.000
    500.000    -24.103   .0765   20.000      -22.352   .0854   20.000
    505.000    -24.105   .0765   20.000      -22.343   .0854   20.000
    515.000    -24.111   .0765   20.000      -22.326   .0855   20.000
    525.000    -24.116   .0765   20.000      -22.309   .0856   20.000
    535.000    -24.121   .0764   20.000      -22.293   .0857   20.000
    545.000    -24.127   .0764   20.000      -22.277   .0858   20.000
    555.000    -24.132   .0764   20.000      -22.261   .0858   20.000
    565.000    -24.137   .0764   20.000      -22.246   .0859   20.000
    575.000    -24.143   .0763   20.000      -22.231   .0860   20.000
    585.000    -24.149   .0763   20.000      -22.217   .0861   20.000
    595.000    -24.154   .0763   20.000      -22.202   .0862   20.000
    605.000    -24.160   .0763   20.000      -22.189   .0862   20.000
    615.000    -24.165   .0762   20.000      -22.175   .0863   20.000
    625.000    -24.171   .0762   20.000      -22.162   .0864   20.000
    635.000    -24.177   .0762   20.000      -22.149   .0865   20.000
    645.000    -24.183   .0762   20.000      -22.136   .0865   20.000
    655.000    -24.188   .0762   20.000      -22.124   .0866   20.000
    665.000    -24.194   .0761   20.000      -22.111   .0867   20.000
    685.000    -24.206   .0761   20.000      -22.088   .0868   20.000
    715.000    -24.225   .0760   20.000      -22.055   .0870   20.000
    745.000    -24.243   .0759   20.000      -22.024   .0871   20.000
    775.000    -24.261   .0759   20.000      -21.994   .0873   20.000
    805.000    -24.279   .0758   20.000      -21.966   .0874   20.000
    835.000    -24.297   .0757   20.000      -21.940   .0876   20.000
    865.000    -24.315   .0756   20.000      -21.915   .0877   20.000
    895.000    -24.334   .0756   20.000      -21.891   .0878   20.000
    925.000    -24.352   .0755   20.000      -21.868   .0880   20.000
    955.000    -24.371   .0754   20.000      -21.847   .0881   20.000
    985.000    -24.389   .0753   20.000      -21.827   .0882   20.000
   1015.000    -24.407   .0752   20.000      -21.807   .0883   20.000
   1045.000    -24.426   .0752   20.000      -21.789   .0884   20.000
   1075.000    -24.444   .0751   20.000      -21.771   .0885   20.000
   1105.000    -24.463   .0750   20.000      -21.754   .0886   20.000
   1135.000    -24.481   .0749   20.000      -21.738   .0887   20.000
   1165.000    -24.500   .0749   20.000      -21.723   .0887   20.000
   1195.000    -24.518   .0748   20.000      -21.708   .0888   20.000
   1225.000    -24.536   .0747   20.000      -21.694   .0889   20.000
   1255.000    -24.555   .0746   20.000      -21.681   .0890   20.000
   1285.000    -24.573   .0746   20.000      -21.668   .0890   20.000
   1315.000    -24.591   .0745   20.000      -21.656   .0891   20.000
   1345.000    -24.609   .0744   20.000      -21.644   .0892   20.000
   1375.000    -24.628   .0743   20.000      -21.633   .0892   20.000
   1405.000    -24.646   .0742   20.000      -21.622   .0893   20.000
   1435.000    -24.664   .0742   20.000      -21.611   .0893   20.000
   1465.000    -24.682   .0741   20.000      -21.601   .0894   20.000
   1495.000    -24.700   .0740   20.000      -21.592   .0895   20.000
   1525.000    -24.718   .0739   20.000      -21.583   .0895   20.000
   1555.000    -24.736   .0739   20.000      -21.574   .0895   20.000
   1585.000    -24.753   .0738   20.000      -21.565   .0896   20.000
   1615.000    -24.771   .0737   20.000      -21.557   .0896   20.000
   1624.000    -24.776   .0737   20.000      -21.555   .0897   20.000
   1645.000    -24.789   .0737   20.000      -21.549   .0897   20.000
   1675.000    -24.807   .0736   20.000      -21.542   .0897   20.000
   1705.000    -24.824   .0735   20.000      -21.535   .0898   20.000
   1735.000    -24.842   .0734   20.000      -21.528   .0898   20.000
   1765.000    -24.859   .0734   20.000      -21.521   .0898   20.000
   1795.000    -24.877   .0733   20.000      -21.515   .0899   20.000
   1825.000    -24.894   .0732   20.000      -21.508   .0899   20.000
   1855.000    -24.912   .0731   20.000      -21.503   .0899   20.000
   1885.000    -24.929   .0731   20.000      -21.497   .0900   20.000
   1915.000    -24.946   .0730   20.000      -21.491   .0900   20.000
   1945.000    -24.964   .0729   20.000      -21.486   .0900   20.000
   1975.000    -24.981   .0729   20.000      -21.481   .0900   20.000
   2005.000    -24.998   .0728   20.000      -21.476   .0901   20.000
   2035.000    -25.015   .0727   20.000      -21.472   .0901   20.000
   2065.000    -25.032   .0726   20.000      -21.467   .0901   20.000
   2095.000    -25.049   .0726   20.000      -21.463   .0901   20.000
   2125.000    -25.066   .0725   20.000      -21.459   .0902   20.000
   2155.000    -25.083   .0724   20.000      -21.455   .0902   20.000
   2185.000    -25.100   .0724   20.000      -21.451   .0902   20.000
   2215.000    -25.117   .0723   20.000      -21.447   .0902   20.000
   2245.000    -25.133   .0722   20.000      -21.444   .0902   20.000
   2275.000    -25.150   .0721   20.000      -21.440   .0903   20.000
   2305.000    -25.167   .0721   20.000      -21.437   .0903   20.000
   2335.000    -25.183   .0720   20.000      -21.434   .0903   20.000
   2365.000    -25.200   .0719   20.000      -21.431   .0903   20.000
   2395.000    -25.216   .0719   20.000      -21.428   .0903   20.000
   2425.000    -25.233   .0718   20.000      -21.426   .0903   20.000
   2455.000    -25.249   .0717   20.000      -21.423   .0904   20.000
   2485.000    -25.266   .0717   20.000      -21.420   .0904   20.000
   2515.000    -25.282   .0716   20.000      -21.418   .0904   20.000
   2545.000    -25.298   .0715   20.000      -21.416   .0904   20.000
   2575.000    -25.314   .0715   20.000      -21.414   .0904   20.000
   2605.000    -25.331   .0714   20.000      -21.412   .0904   20.000
   2635.000    -25.347   .0713   20.000      -21.410   .0904   20.000
   2665.000    -25.363   .0713   20.000      -21.408   .0904   20.000
   2695.000    -25.379   .0712   20.000      -21.406   .0905   20.000
   2725.000    -25.395   .0711   20.000      -21.404   .0905   20.000
   2755.000    -25.411   .0711   20.000      -21.403   .0905   20.000
   2785.000    -25.427   .0710   20.000      -21.401   .0905   20.000
   2815.000    -25.443   .0709   20.000      -21.400   .0905   20.000
   2845.000    -25.459   .0709   20.000      -21.398   .0905   20.000
   2875.000    -25.474   .0708   20.000      -21.397   .0905   20.000
   2905.000    -25.490   .0707   20.000      -21.396   .0905   20.000
   2935.000    -25.506   .0707   20.000      -21.395   .0905   20.000
   2965.000    -25.522   .0706   20.000      -21.394   .0905   20.000
   2995.000    -25.537   .0705   20.000      -21.393   .0905   20.000
   3025.000    -25.553   .0705   20.000      -21.392   .0905   20.000
   3055.000    -25.569   .0704   20.000      -21.391   .0905   20.000
   3085.000    -25.584   .0703   20.000      -21.390   .0905   20.000
   3115.000    -25.600   .0703   20.000      -21.389   .0905   20.000
   3145.000    -25.615   .0702   20.000      -21.389   .0905   20.000
   3175.000    -25.630   .0701   20.000      -21.388   .0905   20.000
   3205.000    -25.646   .0701   20.000      -21.388   .0906   20.000
   3235.000    -25.661   .0700   20.000      -21.387   .0906   20.000
   3248.000    -25.668   .0700   20.000      -21.387   .0906   20.000
   3265.000    -25.677   .0699   20.000      -21.387   .0906   20.000
   3295.000    -25.692   .0699   20.000      -21.386   .0906   20.000
   3325.000    -25.707   .0698   20.000      -21.386   .0906   20.000
   3355.000    -25.722   .0698   20.000      -21.386   .0906   20.000
   3385.000    -25.737   .0697   20.000      -21.386   .0906   20.000
   3390.000    -25.741   .0697   20.000      -21.386   .0906   20.000
   3395.000    -25.743   .0697   20.000      -21.386   .0906   20.000
   3400.000    -25.746   .0697   20.000      -21.385   .0906   20.000
   3400.010    -25.746   .0697   20.000      -21.385   .0906   20.000
   3400.023    -25.746   .0697   20.000      -21.385   .0906   20.000
   3400.040    -25.746   .0697   20.000      -21.385   .0906   20.000
   3400.062    -25.746   .0697   20.000      -21.385   .0906   20.000
   3400.090    -25.746   .0697   20.000      -21.385   .0906   20.000
   3400.127    -25.746   .0697   20.000      -21.385   .0906   20.000
   3400.176    -25.746   .0697   20.000      -21.385   .0906   20.000
   3400.239    -25.746   .0697   20.000      -21.385   .0906   20.000
   3400.321    -25.746   .0697   20.000      -21.385   .0906   20.000
   3400.427    -25.746   .0697   20.000      -21.385   .0906   20.000
   3400.566    -25.746   .0697   20.000      -21.385   .0906   20.000
   3400.743    -25.746   .0697   20.000      -21.385   .0906   20.000
   3400.980    -25.746   .0697   20.000      -21.385   .0906   20.000
   3401.289    -25.746   .0697   20.000      -21.385   .0906   20.000
   3401.701    -25.747   .0697   20.000      -21.385   .0906   20.000
   3402.251    -25.747   .0697   20.000      -21.385   .0906   20.000
   3402.938    -25.747   .0697   20.000      -21.385   .0906   20.000
   3403.969    -25.748   .0697   20.000      -21.385   .0906   20.000
   3405.000    -25.748   .0697   20.000      -21.385   .0906   20.000
   3406.250    -25.749   .0696   20.000      -21.385   .0906   20.000
   3407.500    -25.749   .0696   20.000      -21.384   .0906   20.000
   3410.000    -25.751   .0696   20.000      -21.383   .0906   20.000
   3412.500    -25.752   .0696   20.000      -21.380   .0906   20.000
   3415.000    -25.753   .0696   20.000      -21.377   .0906   20.000
   3417.500    -25.754   .0696   20.000      -21.373   .0906   20.000
   3420.000    -25.755   .0696   20.000      -21.368   .0907   20.000
   3425.000    -25.758   .0696   20.000      -21.355   .0907   20.000
   3430.000    -25.760   .0696   20.000      -21.337   .0908   20.000
   3435.000    -25.763   .0696   20.000      -21.316   .0909   20.000
   3440.000    -25.765   .0696   20.000      -21.290   .0911   20.000
   3445.000    -25.767   .0696   20.000      -21.262   .0912   20.000
   3450.000    -25.770   .0696   20.000      -21.229   .0914   20.000
   3455.000    -25.772   .0695   20.000      -21.194   .0916   20.000
   3460.000    -25.775   .0695   20.000      -21.155   .0918   20.000
   3465.000    -25.777   .0695   20.000      -21.113   .0920   20.000
   3470.000    -25.780   .0695   20.000      -21.069   .0923   20.000
   3475.000    -25.782   .0695   20.000      -21.023   .0925   20.000
   3480.000    -25.784   .0695   20.000      -20.974   .0928   20.000
   3485.000    -25.787   .0695   20.000      -20.924   .0930   20.000
   3490.000    -25.789   .0695   20.000      -20.874   .0933   20.000
   3495.000    -25.792   .0695   20.000      -20.830   .0936   20.000
   3500.000    -25.794   .0695   20.000      -20.785   .0939   20.000
   3505.000    -25.796   .0694   20.000      -20.739   .0942   20.000
   3510.000    -25.799   .0694   20.000      -20.692   .0946   20.000
   3515.000    -25.801   .0694   20.000      -20.645   .0949   20.000
   3520.000    -25.803   .0694   20.000      -20.596   .0952   20.000
   3525.000    -25.806   .0694   20.000      -20.547   .0956   20.000
   3530.000    -25.808   .0694   20.000      -20.497   .0959   20.000
   3535.000    -25.811   .0694   20.000      -20.447   .0962   20.000
   3540.000    -25.813   .0694   20.000      -20.397   .0966   20.000
   3545.000    -25.815   .0694   20.000      -20.345   .0969   20.000
   3550.000    -25.818   .0694   20.000      -20.294   .0973   20.000
   3555.000    -25.820   .0694   20.000      -20.243   .0976   20.000
   3560.000    -25.822   .0693   20.000      -20.191   .0980   20.000
   3565.000    -25.824   .0693   20.000      -20.139   .0983   20.000
   3570.000    -25.827   .0693   20.000      -20.087   .0987   20.000
   3575.000    -25.829   .0693   20.000      -20.035   .0990   20.000
   3580.000    -25.831   .0693   20.000      -19.983   .0994   20.000
   3585.000    -25.833   .0693   20.000      -19.932   .0998   20.000
   3590.000    -25.836   .0693   20.000      -19.880   .1001   20.000
   3595.000    -25.838   .0693   20.000      -19.828   .1005   20.000
   3600.000    -25.840   .0693   20.000      -19.777   .1008   20.000
   3605.000    -25.842   .0693   20.000      -19.726   .1012   20.000
   3610.000    -25.845   .0692   20.000      -19.675   .1015   20.000
   3615.000    -25.847   .0692   20.000      -19.624   .1018   20.000
   3620.000    -25.849   .0692   20.000      -19.574   .1022   20.000
   3625.000    -25.851   .0692   20.000      -19.525   .1025   20.000
   3630.000    -25.853   .0692   20.000      -19.475   .1029   20.000
   3635.000    -25.855   .0692   20.000      -19.426   .1032   20.000
   3640.000    -25.857   .0692   20.000      -19.377   .1035   20.000
   3645.000    -25.859   .0692   20.000      -19.329   .1039   20.000
   3650.000    -25.861   .0692   20.000      -19.280   .1042   20.000
   3655.000    -25.863   .0692   20.000      -19.233   .1045   20.000
   3660.000    -25.865   .0692   20.000      -19.186   .1048   20.000
   3665.000    -25.866   .0692   20.000      -19.140   .1051   20.000
   3670.000    -25.868   .0692   20.000      -19.094   .1055   20.000
   3675.000    -25.870   .0691   20.000      -19.049   .1058   20.000
   3680.000    -25.872   .0691   20.000      -19.004   .1061   20.000
   3685.000    -25.873   .0691   20.000      -18.960   .1064   20.000
   3690.000    -25.875   .0691   20.000      -18.916   .1067   20.000
   3695.000    -25.877   .0691   20.000      -18.873   .1069   20.000
   3700.000    -25.878   .0691   20.000      -18.833   .1072   20.000
   3705.000    -25.880   .0691   20.000      -18.793   .1075   20.000
   3710.000    -25.882   .0691   20.000      -18.753   .1078   20.000
   3715.000    -25.883   .0691   20.000      -18.714   .1080   20.000
   3720.000    -25.885   .0691   20.000      -18.675   .1083   20.000
   3725.000    -25.887   .0691   20.000      -18.637   .1085   20.000
   3730.000    -25.888   .0691   20.000      -18.599   .1088   20.000
   3735.000    -25.889   .0691   20.000      -18.562   .1091   20.000
   3740.000    -25.891   .0691   20.000      -18.524   .1093   20.000
   3745.000    -25.892   .0690   20.000      -18.485   .1096   20.000
   3750.000    -25.894   .0690   20.000      -18.451   .1098   20.000
   3755.000    -25.895   .0690   20.000      -18.421   .1101   20.000
   3760.000    -25.896   .0690   20.000      -18.386   .1104   20.000
   3765.000    -25.897   .0690   20.000      -18.351   .1107   20.000
   3770.000    -25.899   .0690   20.000      -18.316   .1110   20.000
   3775.000    -25.900   .0690   20.000      -18.282   .1113   20.000
   3781.250    -25.901   .0690   20.000      -18.240   .1116   20.000
   3790.625    -25.903   .0690   20.000      -18.183   .1121   20.000
   3800.000    -25.905   .0690   20.000      -18.127   .1126   20.000
   3810.000    -25.906   .0690   20.000      -18.067   .1131   20.000
   3830.000    -25.909   .0690   20.000      -17.951   .1140   20.000
   3860.000    -25.913   .0690   20.000      -17.784   .1154   20.000
   3890.000    -25.915   .0690   20.000      -17.626   .1168   20.000
   3920.000    -25.916   .0689   20.000      -17.475   .1180   20.000
   3950.000    -25.917   .0689   20.000      -17.331   .1192   20.000
   3980.000    -25.916   .0689   20.000      -17.195   .1204   20.000
   4010.000    -25.915   .0690   20.000      -17.066   .1214   20.000
   4040.000    -25.913   .0690   20.000      -16.944   .1225   20.000
   4070.000    -25.911   .0690   20.000      -16.827   .1234   20.000
   4100.000    -25.907   .0690   20.000      -16.717   .1244   20.000
   4130.000    -25.904   .0690   20.000      -16.611   .1252   20.000
   4160.000    -25.899   .0690   20.000      -16.511   .1261   20.000
   4190.000    -25.895   .0690   20.000      -16.415   .1269   20.000
   4220.000    -25.890   .0691   20.000      -16.323   .1277   20.000
   4250.000    -25.884   .0691   20.000      -16.247   .1284   20.000
   4280.000    -25.878   .0691   20.000      -16.171   .1292   20.000
   4310.000    -25.872   .0691   20.000      -16.098   .1299   20.000
   4340.000    -25.866   .0692   20.000      -16.027   .1306   20.000
   4370.000    -25.860   .0692   20.000      -15.959   .1313   20.000
   4400.000    -25.853   .0692   20.000      -15.893   .1319   20.000
   4430.000    -25.846   .0692   20.000      -15.830   .1326   20.000
   4460.000    -25.839   .0693   20.000      -15.770   .1332   20.000
   4490.000    -25.832   .0693   20.000      -15.711   .1338   20.000
   4520.000    -25.825   .0693   20.000      -15.654   .1343   20.000
   4550.000    -25.818   .0694   20.000      -15.600   .1349   20.000
   4580.000    -25.811   .0694   20.000      -15.546   .1354   20.000
   4610.000    -25.804   .0694   20.000      -15.493   .1359   20.000
   4640.000    -25.796   .0695   20.000      -15.443   .1364   20.000
   4670.000    -25.789   .0695   20.000      -15.395   .1369   20.000
   4700.000    -25.782   .0695   20.000      -15.348   .1374   20.000
   4730.000    -25.775   .0695   20.000      -15.303   .1378   20.000
   4760.000    -25.768   .0696   20.000      -15.259   .1383   20.000
   4790.000    -25.761   .0696   20.000      -15.217   .1387   20.000
   4820.000    -25.755   .0696   20.000      -15.176   .1391   20.000
   4850.000    -25.748   .0697   20.000      -15.137   .1395   20.000
   4872.000    -25.743   .0697   20.000      -15.109   .1398   20.000
   4880.000    -25.741   .0697   20.000      -15.099   .1399   20.000
   4910.000    -25.735   .0697   20.000      -15.061   .1402   20.000
   4940.000    -25.728   .0697   20.000      -15.026   .1406   20.000
   4970.000    -25.722   .0698   20.000      -14.991   .1409   20.000
   5000.000    -25.716   .0698   20.000      -14.957   .1413   20.000
   5030.000    -25.710   .0698   20.000      -14.924   .1416   20.000
   5060.000    -25.704   .0698   20.000      -14.892   .1419   20.000
   5090.000    -25.698   .0699   20.000      -14.861   .1422   20.000
   5120.000    -25.692   .0699   20.000      -14.830   .1425   20.000
   5150.000    -25.687   .0699   20.000      -14.800   .1428   20.000
   5180.000    -25.681   .0699   20.000      -14.770   .1431   20.000
   5210.000    -25.676   .0700   20.000      -14.742   .1434   20.000
   5240.000    -25.670   .0700   20.000      -14.714   .1437   20.000
   5270.000    -25.665   .0700   20.000      -14.688   .1440   20.000
   5300.000    -25.660   .0700   20.000      -14.661   .1442   20.000
   5330.000    -25.655   .0700   20.000      -14.636   .1445   20.000
   5360.000    -25.650   .0701   20.000      -14.612   .1447   20.000
   5390.000    -25.645   .0701   20.000      -14.589   .1449   20.000
   5420.000    -25.640   .0701   20.000      -14.565   .1452   20.000
   5450.000    -25.636   .0701   20.000      -14.543   .1454   20.000
   5480.000    -25.631   .0701   20.000      -14.521   .1456   20.000
   5510.000    -25.627   .0702   20.000      -14.499   .1458   20.000
   5540.000    -25.623   .0702   20.000      -14.478   .1460   20.000
   5570.000    -25.618   .0702   20.000      -14.458   .1462   20.000
   5600.000    -25.614   .0702   20.000      -14.438   .1464   20.000
   5630.000    -25.611   .0702   20.000      -14.419   .1466   20.000
   5660.000    -25.607   .0702   20.000      -14.401   .1469   20.000
   5690.000    -25.603   .0703   20.000      -14.382   .1471   20.000
   5720.000    -25.600   .0703   20.000      -14.364   .1473   20.000
   5750.000    -25.596   .0703   20.000      -14.346   .1475   20.000
   5780.000    -25.593   .0703   20.000      -14.328   .1477   20.000
   5810.000    -25.590   .0703   20.000      -14.311   .1479   20.000
   5840.000    -25.586   .0703   20.000      -14.294   .1481   20.000
   5870.000    -25.583   .0703   20.000      -14.278   .1483   20.000
   5900.000    -25.581   .0703   20.000      -14.261   .1485   20.000
   5930.000    -25.578   .0704   20.000      -14.246   .1486   20.000
   5960.000    -25.575   .0704   20.000      -14.230   .1488   20.000
   5990.000    -25.572   .0704   20.000      -14.215   .1490   20.000
   6020.000    -25.570   .0704   20.000      -14.200   .1492   20.000
   6050.000    -25.567   .0704   20.000      -14.186   .1493   20.000
   6080.000    -25.565   .0704   20.000      -14.172   .1495   20.000
   6110.000    -25.563   .0704   20.000      -14.158   .1496   20.000
   6140.000    -25.560   .0704   20.000      -14.144   .1498   20.000
   6170.000    -25.558   .0704   20.000      -14.131   .1499   20.000
   6200.000    -25.556   .0704   20.000      -14.117   .1501   20.000
   6230.000    -25.554   .0705   20.000      -14.105   .1502   20.000
   6260.000    -25.553   .0705   20.000      -14.092   .1504   20.000
   6290.000    -25.551   .0705   20.000      -14.080   .1505   20.000
   6320.000    -25.549   .0705   20.000      -14.067   .1507   20.000
   6350.000    -25.548   .0705   20.000      -14.056   .1508   20.000
   6380.000    -25.546   .0705   20.000      -14.044   .1509   20.000
   6410.000    -25.545   .0705   20.000      -14.032   .1511   20.000
   6440.000    -25.543   .0705   20.000      -14.021   .1512   20.000
   6445.000    -25.543   .0705   20.000      -14.019   .1512   20.000
   6450.000    -25.543   .0705   20.000      -14.017   .1512   20.000
   6450.010    -25.543   .0705   20.000      -14.017   .1512   20.000
   6450.023    -25.543   .0705   20.000      -14.017   .1512   20.000
   6450.040    -25.543   .0705   20.000      -14.017   .1512   20.000
   6450.062    -25.543   .0705   20.000      -14.017   .1512   20.000
   6450.090    -25.543   .0705   20.000      -14.017   .1512   20.000
   6450.127    -25.543   .0705   20.000      -14.017   .1512   20.000
   6450.176    -25.543   .0705   20.000      -14.017   .1512   20.000
   6450.238    -25.543   .0705   20.000      -14.017   .1512   20.000
   6450.320    -25.543   .0705   20.000      -14.017   .1512   20.000
   6450.427    -25.543   .0705   20.000      -14.017   .1512   20.000
   6450.565    -25.543   .0705   20.000      -14.017   .1512   20.000
   6450.743    -25.543   .0705   20.000      -14.017   .1512   20.000
   6450.979    -25.543   .0705   20.000      -14.017   .1512   20.000
   6451.288    -25.543   .0705   20.000      -14.017   .1512   20.000
   6451.701    -25.543   .0705   20.000      -14.016   .1512   20.000
   6452.250    -25.543   .0705   20.000      -14.016   .1512   20.000
   6452.938    -25.543   .0705   20.000      -14.016   .1513   20.000
   6453.969    -25.543   .0705   20.000      -14.016   .1513   20.000
   6455.000    -25.543   .0705   20.000      -14.015   .1513   20.000
   6456.250    -25.543   .0705   20.000      -14.015   .1513   20.000
   6457.500    -25.543   .0705   20.000      -14.014   .1513   20.000
   6460.000    -25.543   .0705   20.000      -14.013   .1513   20.000
   6462.500    -25.542   .0705   20.000      -14.011   .1513   20.000
   6465.000    -25.542   .0705   20.000      -14.009   .1513   20.000
   6467.500    -25.542   .0705   20.000      -14.007   .1514   20.000
   6470.000    -25.542   .0705   20.000      -14.005   .1514   20.000
   6475.000    -25.542   .0705   20.000      -13.998   .1515   20.000
   6480.000    -25.542   .0705   20.000      -13.991   .1515   20.000
   6485.000    -25.542   .0705   20.000      -13.981   .1516   20.000
   6490.000    -25.541   .0705   20.000      -13.970   .1518   20.000
   6495.000    -25.541   .0705   20.000      -13.957   .1519   20.000
   6496.000    -25.541   .0705   20.000      -13.955   .1520   20.000
   6500.000    -25.541   .0705   20.000      -13.943   .1521   20.000
   6505.000    -25.541   .0705   20.000      -13.927   .1523   20.000
   6510.000    -25.541   .0705   20.000      -13.909   .1525   20.000
   6515.000    -25.540   .0705   20.000      -13.889   .1527   20.000
   6520.000    -25.540   .0705   20.000      -13.867   .1530   20.000
   6525.000    -25.540   .0705   20.000      -13.844   .1532   20.000
   6530.000    -25.540   .0705   20.000      -13.819   .1535   20.000
   6535.000    -25.540   .0705   20.000      -13.793   .1538   20.000
   6540.000    -25.539   .0705   20.000      -13.765   .1541   20.000
   6545.000    -25.539   .0705   20.000      -13.736   .1544   20.000
   6550.000    -25.539   .0705   20.000      -13.706   .1548   20.000
   6555.000    -25.539   .0705   20.000      -13.674   .1552   20.000
   6560.000    -25.539   .0705   20.000      -13.641   .1555   20.000
   6565.000    -25.539   .0705   20.000      -13.607   .1559   20.000
   6570.000    -25.538   .0705   20.000      -13.572   .1563   20.000
   6575.000    -25.538   .0705   20.000      -13.536   .1567   20.000
   6580.000    -25.538   .0705   20.000      -13.499   .1572   20.000
   6585.000    -25.538   .0705   20.000      -13.462   .1576   20.000
   6590.000    -25.538   .0705   20.000      -13.423   .1580   20.000
   6595.000    -25.537   .0705   20.000      -13.384   .1585   20.000
   6600.000    -25.537   .0705   20.000      -13.344   .1589   20.000
   6605.000    -25.537   .0705   20.000      -13.304   .1594   20.000
   6610.000    -25.537   .0705   20.000      -13.263   .1598   20.000
   6615.000    -25.537   .0705   20.000      -13.223   .1603   20.000
   6620.000    -25.536   .0705   20.000      -13.182   .1608   20.000
   6625.000    -25.536   .0705   20.000      -13.141   .1612   20.000
   6630.000    -25.536   .0705   20.000      -13.099   .1617   20.000
   6635.000    -25.536   .0705   20.000      -13.057   .1622   20.000
   6640.000    -25.536   .0705   20.000      -13.015   .1627   20.000
   6645.000    -25.535   .0705   20.000      -12.973   .1631   20.000
   6650.000    -25.535   .0705   20.000      -12.931   .1636   20.000
   6655.000    -25.535   .0705   20.000      -12.889   .1641   20.000
   6660.000    -25.534   .0705   20.000      -12.847   .1646   20.000
   6665.000    -25.534   .0705   20.000      -12.804   .1651   20.000
   6670.000    -25.534   .0705   20.000      -12.762   .1656   20.000
   6675.000    -25.534   .0705   20.000      -12.723   .1661   20.000
   6680.000    -25.533   .0705   20.000      -12.682   .1666   20.000
   6685.000    -25.533   .0705   20.000      -12.640   .1671   20.000
   6690.000    -25.533   .0705   20.000      -12.598   .1676   20.000
   6695.000    -25.532   .0706   20.000      -12.556   .1682   20.000
   6700.000    -25.532   .0706   20.000      -12.515   .1687   20.000
   6705.000    -25.531   .0706   20.000      -12.473   .1692   20.000
   6710.000    -25.531   .0706   20.000      -12.432   .1697   20.000
   6715.000    -25.531   .0706   20.000      -12.391   .1702   20.000
   6720.000    -25.530   .0706   20.000      -12.350   .1708   20.000
   6725.000    -25.530   .0706   20.000      -12.310   .1713   20.000
   6730.000    -25.529   .0706   20.000      -12.270   .1718   20.000
   6735.000    -25.529   .0706   20.000      -12.230   .1723   20.000
   6740.000    -25.528   .0706   20.000      -12.190   .1728   20.000
   6745.000    -25.528   .0706   20.000      -12.150   .1733   20.000
   6750.000    -25.527   .0706   20.000      -12.111   .1738   20.000
   6755.000    -25.527   .0706   20.000      -12.072   .1742   20.000
   6760.000    -25.526   .0706   20.000      -12.034   .1747   20.000
   6765.000    -25.525   .0706   20.000      -11.995   .1752   20.000
   6770.000    -25.525   .0706   20.000      -11.957   .1757   20.000
   6775.000    -25.524   .0706   20.000      -11.920   .1762   20.000
   6780.000    -25.523   .0706   20.000      -11.882   .1766   20.000
   6785.000    -25.523   .0706   20.000      -11.845   .1771   20.000
   6790.000    -25.522   .0706   20.000      -11.809   .1776   20.000
   6800.000    -25.520   .0706   20.000      -11.736   .1785   20.000
   6807.500    -25.519   .0706   20.000      -11.682   .1791   20.000
   6815.000    -25.518   .0706   20.000      -11.630   .1798   20.000
   6830.000    -25.515   .0706   20.000      -11.526   .1811   20.000
   6845.000    -25.512   .0706   20.000      -11.425   .1824   20.000
   6860.000    -25.509   .0706   20.000      -11.327   .1836   20.000
   6875.000    -25.506   .0707   20.000      -11.233   .1848   20.000
   6890.000    -25.502   .0707   20.000      -11.143   .1860   20.000
   6905.000    -25.499   .0707   20.000      -11.055   .1872   20.000
   6920.000    -25.495   .0707   20.000      -10.970   .1883   20.000
   6935.000    -25.491   .0707   20.000      -10.887   .1894   20.000
   6950.000    -25.486   .0707   20.000      -10.806   .1905   20.000
   6965.000    -25.482   .0708   20.000      -10.728   .1915   20.000
   6980.000    -25.477   .0708   20.000      -10.652   .1925   20.000
   6995.000    -25.472   .0708   20.000      -10.578   .1935   20.000
   7010.000    -25.467   .0708   20.000      -10.507   .1945   20.000
   7025.000    -25.462   .0708   20.000      -10.437   .1954   20.000
   7040.000    -25.456   .0709   20.000      -10.370   .1963   20.000
   7055.000    -25.450   .0709   20.000      -10.304   .1972   20.000
   7070.000    -25.445   .0709   20.000      -10.240   .1980   20.000
   7085.000    -25.439   .0709   20.000      -10.178   .1988   20.000
   7100.000    -25.432   .0710   20.000      -10.117   .1996   20.000
   7115.000    -25.426   .0710   20.000      -10.058   .2004   20.000
   7130.000    -25.419   .0710   20.000      -10.001   .2012   20.000
   7145.000    -25.413   .0710   20.000       -9.945   .2019   20.000
   7160.000    -25.406   .0711   20.000       -9.892   .2026   20.000
   7175.000    -25.399   .0711   20.000       -9.839   .2033   20.000
   7190.000    -25.392   .0711   20.000       -9.787   .2040   20.000
   7205.000    -25.384   .0712   20.000       -9.737   .2047   20.000
   7220.000    -25.377   .0712   20.000       -9.688   .2054   20.000
   7235.000    -25.369   .0712   20.000       -9.639   .2060   20.000
   7250.000    -25.362   .0713   20.000       -9.592   .2066   20.000
   7265.000    -25.354   .0713   20.000       -9.547   .2073   20.000
   7280.000    -25.346   .0713   20.000       -9.502   .2079   20.000
   7295.000    -25.338   .0714   20.000       -9.459   .2084   20.000
   7310.000    -25.330   .0714   20.000       -9.416   .2090   20.000
   7325.000    -25.321   .0714   20.000       -9.375   .2096   20.000
   7340.000    -25.313   .0715   20.000       -9.334   .2101   20.000
   7355.000    -25.305   .0715   20.000       -9.294   .2106   20.000
   7370.000    -25.296   .0715   20.000       -9.256   .2112   20.000
   7385.000    -25.288   .0716   20.000       -9.218   .2117   20.000
   7400.000    -25.279   .0716   20.000       -9.181   .2122   20.000
   7415.000    -25.270   .0716   20.000       -9.145   .2127   20.000
   7430.000    -25.261   .0717   20.000       -9.109   .2131   20.000
   7445.000    -25.253   .0717   20.000       -9.075   .2136   20.000
   7460.000    -25.244   .0718   20.000       -9.041   .2140   20.000
   7475.000    -25.235   .0718   20.000       -9.008   .2145   20.000
   7490.000    -25.226   .0718   20.000       -8.975   .2149   20.000
   7505.000    -25.217   .0719   20.000       -8.943   .2154   20.000
   7520.000    -25.208   .0719   20.000       -8.912   .2158   20.000
   7535.000    -25.199   .0719   20.000       -8.882   .2162   20.000
   7550.000    -25.190   .0720   20.000       -8.852   .2166   20.000
   7565.000    -25.181   .0720   20.000       -8.822   .2170   20.000
   7580.000    -25.172   .0721   20.000       -8.793   .2174   20.000
   7595.000    -25.163   .0721   20.000       -8.764   .2177   20.000
   7610.000    -25.153   .0721   20.000       -8.737   .2181   20.000
   7625.000    -25.144   .0722   20.000       -8.709   .2184   20.000
   7640.000    -25.135   .0722   20.000       -8.683   .2188   20.000
   7655.000    -25.126   .0722   20.000       -8.656   .2191   20.000
   7670.000    -25.117   .0723   20.000       -8.631   .2195   20.000
   7685.000    -25.108   .0723   20.000       -8.605   .2198   20.000
   7700.000    -25.099   .0724   20.000       -8.580   .2201   20.000
   7715.000    -25.090   .0724   20.000       -8.556   .2204   20.000
   7730.000    -25.080   .0724   20.000       -8.532   .2208   20.000
   7745.000    -25.071   .0725   20.000       -8.508   .2211   20.000
   7760.000    -25.062   .0725   20.000       -8.485   .2214   20.000
   7775.000    -25.053   .0725   20.000       -8.462   .2217   20.000
   7790.000    -25.044   .0726   20.000       -8.439   .2220   20.000
   7805.000    -25.035   .0726   20.000       -8.417   .2223   20.000
   7820.000    -25.026   .0727   20.000       -8.395   .2225   20.000
   7835.000    -25.017   .0727   20.000       -8.374   .2228   20.000
   7850.000    -25.008   .0727   20.000       -8.353   .2231   20.000
   7865.000    -24.999   .0728   20.000       -8.332   .2234   20.000
   7880.000    -24.990   .0728   20.000       -8.311   .2236   20.000
   7895.000    -24.981   .0728   20.000       -8.291   .2239   20.000
   7910.000    -24.972   .0729   20.000       -8.271   .2242   20.000
   7925.000    -24.963   .0729   20.000       -8.252   .2244   20.000
   7940.000    -24.954   .0730   20.000       -8.233   .2247   20.000
   7955.000    -24.945   .0730   20.000       -8.214   .2249   20.000
   7970.000    -24.936   .0730   20.000       -8.195   .2252   20.000
   7985.000    -24.927   .0731   20.000       -8.176   .2254   20.000
   8000.000    -24.918   .0731   20.000       -8.158   .2256   20.000
   8015.000    -24.909   .0731   20.000       -8.140   .2259   20.000
   8030.000    -24.900   .0732   20.000       -8.123   .2261   20.000
   8045.000    -24.892   .0732   20.000       -8.105   .2263   20.000
   8060.000    -24.883   .0733   20.000       -8.088   .2266   20.000
   8075.000    -24.874   .0733   20.000       -8.071   .2268   20.000
   8090.000    -24.865   .0733   20.000       -8.055   .2270   20.000
   8105.000    -24.857   .0734   20.000       -8.038   .2272   20.000
   8120.000    -24.848   .0734   20.000       -8.022   .2274   20.000
   8135.000    -24.840   .0734   20.000       -8.006   .2276   20.000
   8150.000    -24.831   .0735   20.000       -7.990   .2278   20.000
   8165.000    -24.822   .0735   20.000       -7.975   .2280   20.000
   8180.000    -24.814   .0735   20.000       -7.959   .2282   20.000
   8195.000    -24.805   .0736   20.000       -7.944   .2284   20.000
   8210.000    -24.797   .0736   20.000       -7.929   .2286   20.000
   8225.000    -24.788   .0736   20.000       -7.915   .2288   20.000
   8240.000    -24.780   .0737   20.000       -7.900   .2290   20.000
   8255.000    -24.772   .0737   20.000       -7.886   .2292   20.000
   8270.000    -24.763   .0738   20.000       -7.872   .2294   20.000
   8285.000    -24.755   .0738   20.000       -7.858   .2296   20.000
   8300.000    -24.747   .0738   20.000       -7.844   .2297   20.000
   8315.000    -24.738   .0739   20.000       -7.830   .2299   20.000
   8330.000    -24.730   .0739   20.000       -7.817   .2301   20.000
   8345.000    -24.722   .0739   20.000       -7.803   .2303   20.000
   8360.000    -24.714   .0740   20.000       -7.790   .2304   20.000
   8375.000    -24.706   .0740   20.000       -7.776   .2306   20.000
   8390.000    -24.698   .0740   20.000       -7.763   .2308   20.000
   8405.000    -24.690   .0741   20.000       -7.751   .2309   20.000
   8420.000    -24.682   .0741   20.000       -7.738   .2311   20.000
   8435.000    -24.674   .0741   20.000       -7.726   .2312   20.000
   8450.000    -24.666   .0742   20.000       -7.714   .2314   20.000
   8465.000    -24.658   .0742   20.000       -7.701   .2315   20.000
   8480.000    -24.650   .0742   20.000       -7.689   .2317   20.000
   8495.000    -24.642   .0743   20.000       -7.678   .2318   20.000
   8510.000    -24.634   .0743   20.000       -7.666   .2320   20.000
   8525.000    -24.626   .0743   20.000       -7.654   .2321   20.000
   8540.000    -24.619   .0744   20.000       -7.643   .2322   20.000
   8555.000    -24.611   .0744   20.000       -7.631   .2324   20.000
   8570.000    -24.603   .0744   20.000       -7.620   .2325   20.000
   8585.000    -24.596   .0745   20.000       -7.609   .2326   20.000
   8600.000    -24.588   .0745   20.000       -7.598   .2328   20.000
   8615.000    -24.580   .0745   20.000       -7.588   .2329   20.000
   8630.000    -24.573   .0745   20.000       -7.577   .2330   20.000
   8645.000    -24.565   .0746   20.000       -7.566   .2332   20.000
   8660.000    -24.558   .0746   20.000       -7.556   .2333   20.000
   8675.000    -24.551   .0746   20.000       -7.545   .2334   20.000
   8690.000    -24.543   .0747   20.000       -7.535   .2335   20.000
   8705.000    -24.536   .0747   20.000       -7.525   .2337   20.000
   8720.000    -24.529   .0747   20.000       -7.515   .2338   20.000
   8735.000    -24.521   .0748   20.000       -7.505   .2339   20.000
   8750.000    -24.514   .0748   20.000       -7.495   .2340   20.000
   8765.000    -24.507   .0748   20.000       -7.486   .2342   20.000
   8780.000    -24.500   .0749   20.000       -7.476   .2343   20.000
   8795.000    -24.492   .0749   20.000       -7.466   .2344   20.000
   8810.000    -24.485   .0749   20.000       -7.457   .2345   20.000
   8825.000    -24.478   .0749   20.000       -7.448   .2346   20.000
   8840.000    -24.471   .0750   20.000       -7.438   .2347   20.000
   8855.000    -24.464   .0750   20.000       -7.429   .2348   20.000
   8870.000    -24.457   .0750   20.000       -7.420   .2350   20.000
   8885.000    -24.450   .0751   20.000       -7.411   .2351   20.000
   8900.000    -24.443   .0751   20.000       -7.402   .2352   20.000
   8915.000    -24.437   .0751   20.000       -7.393   .2353   20.000
   8930.000    -24.430   .0751   20.000       -7.385   .2354   20.000
   8945.000    -24.423   .0752   20.000       -7.376   .2355   20.000
   8960.000    -24.416   .0752   20.000       -7.367   .2356   20.000
   8975.000    -24.409   .0752   20.000       -7.359   .2357   20.000
   8990.000    -24.403   .0753   20.000       -7.350   .2358   20.000
   9005.000    -24.396   .0753   20.000       -7.342   .2359   20.000
   9035.000    -24.382   .0753   20.000       -7.326   .2361   20.000
   9065.000    -24.369   .0754   20.000       -7.309   .2363   20.000
   9095.000    -24.356   .0754   20.000       -7.294   .2365   20.000
   9125.000    -24.344   .0755   20.000       -7.278   .2367   20.000
   9155.000    -24.331   .0756   20.000       -7.263   .2369   20.000
   9185.000    -24.318   .0756   20.000       -7.248   .2371   20.000
   9215.000    -24.306   .0757   20.000       -7.233   .2372   20.000
   9245.000    -24.294   .0757   20.000       -7.219   .2374   20.000
   9275.000    -24.282   .0758   20.000       -7.204   .2376   20.000
   9305.000    -24.270   .0758   20.000       -7.190   .2378   20.000
   9335.000    -24.258   .0759   20.000       -7.177   .2379   20.000
   9365.000    -24.246   .0759   20.000       -7.163   .2381   20.000
   9395.000    -24.234   .0760   20.000       -7.150   .2383   20.000
   9425.000    -24.223   .0760   20.000       -7.137   .2384   20.000
   9455.000    -24.211   .0761   20.000       -7.124   .2386   20.000
   9485.000    -24.200   .0761   20.000       -7.111   .2387   20.000
   9515.000    -24.189   .0761   20.000       -7.099   .2389   20.000
   9545.000    -24.178   .0762   20.000       -7.087   .2390   20.000
   9575.000    -24.167   .0762   20.000       -7.075   .2392   20.000
   9605.000    -24.156   .0763   20.000       -7.063   .2393   20.000
   9635.000    -24.145   .0763   20.000       -7.052   .2395   20.000
   9665.000    -24.135   .0764   20.000       -7.040   .2396   20.000
   9695.000    -24.124   .0764   20.000       -7.029   .2397   20.000
   9725.000    -24.114   .0765   20.000       -7.018   .2399   20.000
   9755.000    -24.103   .0765   20.000       -7.007   .2400   20.000
   9785.000    -24.093   .0765   20.000       -6.996   .2401   20.000
   9815.000    -24.083   .0766   20.000       -6.986   .2403   20.000
   9845.000    -24.073   .0766   20.000       -6.975   .2404   20.000
   9875.000    -24.063   .0767   20.000       -6.965   .2405   20.000
   9905.000    -24.054   .0767   20.000       -6.955   .2406   20.000
   9935.000    -24.044   .0768   20.000       -6.945   .2408   20.000
   9965.000    -24.034   .0768   20.000       -6.935   .2409   20.000
   9995.000    -24.025   .0768   20.000       -6.925   .2410   20.000
  10025.000    -24.016   .0769   20.000       -6.916   .2411   20.000
  10055.000    -24.006   .0769   20.000       -6.907   .2412   20.000
  10085.000    -23.997   .0769   20.000       -6.897   .2414   20.000
  10115.000    -23.988   .0770   20.000       -6.888   .2415   20.000
  10145.000    -23.979   .0770   20.000       -6.879   .2416   20.000
  10175.000    -23.970   .0771   20.000       -6.870   .2417   20.000
  10205.000    -23.962   .0771   20.000       -6.861   .2418   20.000
  10235.000    -23.953   .0771   20.000       -6.852   .2419   20.000
  10265.000    -23.944   .0772   20.000       -6.844   .2420   20.000
  10295.000    -23.936   .0772   20.000       -6.836   .2420   20.000
  10325.000    -23.927   .0772   20.000       -6.827   .2421   20.000
  10355.000    -23.919   .0773   20.000       -6.819   .2422   20.000
  10385.000    -23.911   .0773   20.000       -6.811   .2423   20.000
  10415.000    -23.903   .0773   20.000       -6.803   .2424   20.000
  10445.000    -23.895   .0774   20.000       -6.795   .2425   20.000
  10475.000    -23.887   .0774   20.000       -6.788   .2426   20.000
  10505.000    -23.879   .0774   20.000       -6.780   .2427   20.000
end
