

  TLevel   Time         dt      Iter  ItCum

     1  .10000E-01  .10000E-01    2      2
     2  .20000E-01  .10000E-01    2      4
     3  .33067E-01  .13067E-01    2      6
     4  .50030E-01  .16964E-01    2      8
     5  .72123E-01  .22092E-01    2     10
     6  .10112E+00  .28996E-01    2     12
     7  .13857E+00  .37453E-01    2     14
     8  .18643E+00  .47857E-01    2     16
     9  .24901E+00  .62582E-01    2     18
    10  .33245E+00  .83443E-01    2     20
    11  .44371E+00  .11126E+00    2     22
    12  .58278E+00  .13907E+00    2     24
    13  .79139E+00  .20861E+00    2     26
    14  .10000E+01  .20861E+00    2     28
    15  .12500E+01  .25000E+00    2     30
    16  .16250E+01  .37500E+00    2     32
    17  .20000E+01  .37500E+00    2     34
    18  .23333E+01  .33333E+00    2     36
    19  .30000E+01  .66667E+00    2     38
    20  .35000E+01  .50000E+00    2     40
    21  .40000E+01  .50000E+00    2     42
    22  .50000E+01  .10000E+01    3     45
    23  .60000E+01  .10000E+01    3     48
    24  .70000E+01  .10000E+01    3     51
    25  .80000E+01  .10000E+01    3     54
    26  .90000E+01  .10000E+01    2     56
    27  .10000E+02  .10000E+01    3     59
    28  .11000E+02  .10000E+01    2     61
    29  .12000E+02  .10000E+01    2     63
    30  .13000E+02  .10000E+01    2     65
    31  .14000E+02  .10000E+01    2     67
    32  .15000E+02  .10000E+01    2     69
    33  .16000E+02  .10000E+01    2     71
    34  .17000E+02  .10000E+01    2     73
    35  .18000E+02  .10000E+01    2     75
    36  .19000E+02  .10000E+01    2     77
    37  .20000E+02  .10000E+01    2     79
    38  .21000E+02  .10000E+01    2     81
    39  .22000E+02  .10000E+01    2     83
    40  .23000E+02  .10000E+01    2     85
    41  .24000E+02  .10000E+01    2     87
    42  .25000E+02  .10000E+01    2     89
    43  .26000E+02  .10000E+01    2     91
    44  .27000E+02  .10000E+01    2     93
    45  .28000E+02  .10000E+01    2     95
    46  .29000E+02  .10000E+01    2     97
    47  .30000E+02  .10000E+01    2     99
    48  .31000E+02  .10000E+01    2    101
    49  .32000E+02  .10000E+01    2    103
    50  .33000E+02  .10000E+01    2    105
    51  .34000E+02  .10000E+01    2    107
    52  .35000E+02  .10000E+01    2    109
    53  .36000E+02  .10000E+01    2    111
    54  .37000E+02  .10000E+01    2    113
    55  .38000E+02  .10000E+01    2    115
    56  .39000E+02  .10000E+01    2    117
    57  .40000E+02  .10000E+01    2    119
    58  .41000E+02  .10000E+01    2    121
    59  .42000E+02  .10000E+01    2    123
    60  .43000E+02  .10000E+01    2    125
    61  .44000E+02  .10000E+01    2    127
    62  .45000E+02  .10000E+01    2    129
    63  .46000E+02  .10000E+01    2    131
    64  .47000E+02  .10000E+01    2    133
    65  .48000E+02  .10000E+01    2    135
    66  .49000E+02  .10000E+01    2    137
    67  .50000E+02  .10000E+01    2    139
    68  .51000E+02  .10000E+01    2    141
    69  .52000E+02  .10000E+01    2    143
    70  .53000E+02  .10000E+01    2    145
    71  .54000E+02  .10000E+01    2    147
    72  .55000E+02  .10000E+01    2    149
    73  .56000E+02  .10000E+01    2    151
    74  .57000E+02  .10000E+01    2    153
    75  .58000E+02  .10000E+01    2    155
    76  .59000E+02  .10000E+01    2    157
    77  .60000E+02  .10000E+01    2    159
    78  .61000E+02  .10000E+01    2    161
    79  .62000E+02  .10000E+01    2    163
    80  .63000E+02  .10000E+01    2    165
    81  .64000E+02  .10000E+01    2    167
    82  .65000E+02  .10000E+01    2    169
    83  .66000E+02  .10000E+01    2    171
    84  .67000E+02  .10000E+01    2    173
    85  .68000E+02  .10000E+01    2    175
    86  .69000E+02  .10000E+01    2    177
    87  .70000E+02  .10000E+01    2    179
    88  .71000E+02  .10000E+01    2    181
    89  .72000E+02  .10000E+01    2    183
    90  .73000E+02  .10000E+01    2    185
    91  .74000E+02  .10000E+01    2    187
    92  .75000E+02  .10000E+01    2    189
    93  .76000E+02  .10000E+01    2    191
    94  .77000E+02  .10000E+01    2    193
    95  .78000E+02  .10000E+01    2    195
    96  .79000E+02  .10000E+01    2    197
    97  .80000E+02  .10000E+01    2    199
    98  .81000E+02  .10000E+01    2    201
    99  .82000E+02  .10000E+01    2    203
   100  .83000E+02  .10000E+01    2    205
   101  .84000E+02  .10000E+01    2    207
   102  .85000E+02  .10000E+01    2    209
   103  .86000E+02  .10000E+01    2    211
   104  .87000E+02  .10000E+01    2    213
   105  .88000E+02  .10000E+01    2    215
   106  .89000E+02  .10000E+01    2    217
   107  .90000E+02  .10000E+01    2    219
   108  .91000E+02  .10000E+01    2    221
   109  .92000E+02  .10000E+01    2    223
   110  .93000E+02  .10000E+01    2    225
   111  .94000E+02  .10000E+01    2    227
   112  .95000E+02  .10000E+01    2    229
   113  .96000E+02  .10000E+01    2    231
   114  .97000E+02  .10000E+01    2    233
   115  .98000E+02  .10000E+01    2    235
   116  .99000E+02  .10000E+01    2    237
   117  .10000E+03  .10000E+01    2    239
   118  .10100E+03  .10000E+01    2    241
   119  .10200E+03  .10000E+01    2    243
   120  .10300E+03  .10000E+01    2    245
   121  .10400E+03  .10000E+01    2    247
   122  .10500E+03  .10000E+01    2    249
   123  .10600E+03  .10000E+01    2    251
   124  .10700E+03  .10000E+01    2    253
   125  .10800E+03  .10000E+01    2    255
   126  .10900E+03  .10000E+01    2    257
   127  .11000E+03  .10000E+01    2    259
   128  .11100E+03  .10000E+01    2    261
   129  .11200E+03  .10000E+01    2    263
   130  .11300E+03  .10000E+01    2    265
   131  .11400E+03  .10000E+01    2    267
   132  .11500E+03  .10000E+01    2    269
   133  .11600E+03  .10000E+01    2    271
   134  .11700E+03  .10000E+01    2    273
   135  .11800E+03  .10000E+01    2    275
   136  .11900E+03  .10000E+01    2    277
   137  .12000E+03  .10000E+01    2    279
   138  .12100E+03  .10000E+01    2    281
   139  .12200E+03  .10000E+01    2    283
   140  .12300E+03  .10000E+01    2    285
   141  .12400E+03  .10000E+01    2    287
   142  .12500E+03  .10000E+01    2    289
   143  .12600E+03  .10000E+01    2    291
   144  .12700E+03  .10000E+01    2    293
   145  .12800E+03  .10000E+01    2    295
   146  .12900E+03  .10000E+01    2    297
   147  .13000E+03  .10000E+01    2    299
   148  .13100E+03  .10000E+01    2    301
   149  .13200E+03  .10000E+01    2    303
   150  .13300E+03  .10000E+01    2    305
   151  .13400E+03  .10000E+01    2    307
   152  .13500E+03  .10000E+01    2    309
   153  .13600E+03  .10000E+01    2    311
   154  .13700E+03  .10000E+01    2    313
   155  .13800E+03  .10000E+01    2    315
   156  .13900E+03  .10000E+01    2    317
   157  .14000E+03  .10000E+01    2    319
   158  .14100E+03  .10000E+01    2    321
   159  .14200E+03  .10000E+01    2    323
   160  .14300E+03  .10000E+01    2    325
   161  .14400E+03  .10000E+01    2    327
   162  .14500E+03  .10000E+01    2    329
   163  .14600E+03  .10000E+01    2    331
   164  .14700E+03  .10000E+01    2    333
   165  .14800E+03  .10000E+01    2    335
   166  .14900E+03  .10000E+01    2    337
   167  .15000E+03  .10000E+01    2    339
   168  .15100E+03  .10000E+01    2    341
   169  .15200E+03  .10000E+01    2    343
   170  .15300E+03  .10000E+01    2    345
   171  .15400E+03  .10000E+01    2    347
   172  .15500E+03  .10000E+01    2    349
   173  .15600E+03  .10000E+01    2    351
   174  .15700E+03  .10000E+01    2    353
   175  .15800E+03  .10000E+01    2    355
   176  .15900E+03  .10000E+01    2    357
   177  .16000E+03  .10000E+01    2    359
   178  .16100E+03  .10000E+01    2    361
   179  .16200E+03  .10000E+01    2    363
   180  .16300E+03  .10000E+01    2    365
   181  .16400E+03  .10000E+01    2    367
   182  .16500E+03  .10000E+01    2    369
   183  .16600E+03  .10000E+01    2    371
   184  .16700E+03  .10000E+01    2    373
   185  .16800E+03  .10000E+01    2    375
   186  .16900E+03  .10000E+01    2    377
   187  .17000E+03  .10000E+01    2    379
   188  .17100E+03  .10000E+01    2    381
   189  .17200E+03  .10000E+01    2    383
   190  .17300E+03  .10000E+01    2    385
   191  .17400E+03  .10000E+01    2    387
   192  .17500E+03  .10000E+01    2    389
   193  .17600E+03  .10000E+01    2    391
   194  .17700E+03  .10000E+01    2    393
   195  .17800E+03  .10000E+01    2    395
   196  .17900E+03  .10000E+01    2    397
   197  .18000E+03  .10000E+01    2    399
   198  .18100E+03  .10000E+01    2    401
   199  .18200E+03  .10000E+01    2    403
   200  .18300E+03  .10000E+01    2    405
   201  .18400E+03  .10000E+01    2    407
   202  .18500E+03  .10000E+01    2    409
   203  .18600E+03  .10000E+01    2    411
   204  .18700E+03  .10000E+01    2    413
   205  .18800E+03  .10000E+01    2    415
   206  .18900E+03  .10000E+01    2    417
   207  .19000E+03  .10000E+01    2    419
   208  .19100E+03  .10000E+01    2    421
   209  .19200E+03  .10000E+01    2    423
   210  .19300E+03  .10000E+01    2    425
   211  .19400E+03  .10000E+01    2    427
   212  .19500E+03  .10000E+01    2    429
   213  .19600E+03  .10000E+01    2    431
   214  .19700E+03  .10000E+01    2    433
   215  .19800E+03  .10000E+01    2    435
   216  .19900E+03  .10000E+01    2    437
   217  .20000E+03  .10000E+01    2    439
   218  .20100E+03  .10000E+01    2    441
   219  .20200E+03  .10000E+01    2    443
   220  .20300E+03  .10000E+01    2    445
   221  .20400E+03  .10000E+01    2    447
   222  .20500E+03  .10000E+01    2    449
   223  .20600E+03  .10000E+01    2    451
   224  .20700E+03  .10000E+01    2    453
   225  .20800E+03  .10000E+01    2    455
   226  .20900E+03  .10000E+01    2    457
   227  .21000E+03  .10000E+01    2    459
   228  .21100E+03  .10000E+01    2    461
   229  .21200E+03  .10000E+01    2    463
   230  .21300E+03  .10000E+01    2    465
   231  .21400E+03  .10000E+01    2    467
   232  .21500E+03  .10000E+01    2    469
   233  .21600E+03  .10000E+01    2    471
   234  .21700E+03  .10000E+01    2    473
   235  .21800E+03  .10000E+01    2    475
   236  .21900E+03  .10000E+01    2    477
   237  .22000E+03  .10000E+01    2    479
   238  .22100E+03  .10000E+01    2    481
   239  .22200E+03  .10000E+01    2    483
   240  .22300E+03  .10000E+01    2    485
   241  .22400E+03  .10000E+01    2    487
   242  .22500E+03  .10000E+01    2    489
   243  .22600E+03  .10000E+01    2    491
   244  .22700E+03  .10000E+01    2    493
   245  .22800E+03  .10000E+01    2    495
   246  .22900E+03  .10000E+01    2    497
   247  .23000E+03  .10000E+01    2    499
   248  .23100E+03  .10000E+01    2    501
   249  .23200E+03  .10000E+01    2    503
   250  .23300E+03  .10000E+01    2    505
   251  .23400E+03  .10000E+01    2    507
   252  .23500E+03  .10000E+01    2    509
   253  .23600E+03  .10000E+01    2    511
   254  .23700E+03  .10000E+01    2    513
   255  .23800E+03  .10000E+01    2    515
   256  .23900E+03  .10000E+01    2    517
   257  .24000E+03  .10000E+01    2    519
   258  .24100E+03  .10000E+01    2    521
   259  .24200E+03  .10000E+01    2    523
   260  .24300E+03  .10000E+01    2    525
   261  .24400E+03  .10000E+01    2    527
   262  .24500E+03  .10000E+01    2    529
   263  .24600E+03  .10000E+01    2    531
   264  .24700E+03  .10000E+01    2    533
   265  .24800E+03  .10000E+01    2    535
   266  .24900E+03  .10000E+01    2    537
   267  .25000E+03  .10000E+01    2    539
   268  .25100E+03  .10000E+01    2    541
   269  .25200E+03  .10000E+01    2    543
   270  .25300E+03  .10000E+01    2    545
   271  .25400E+03  .10000E+01    2    547
   272  .25500E+03  .10000E+01    2    549
   273  .25600E+03  .10000E+01    2    551
   274  .25700E+03  .10000E+01    2    553
   275  .25800E+03  .10000E+01    2    555
   276  .25900E+03  .10000E+01    2    557
   277  .26000E+03  .10000E+01    2    559
   278  .26100E+03  .10000E+01    2    561
   279  .26200E+03  .10000E+01    2    563
   280  .26300E+03  .10000E+01    2    565
   281  .26400E+03  .10000E+01    2    567
   282  .26500E+03  .10000E+01    2    569
   283  .26600E+03  .10000E+01    2    571
   284  .26700E+03  .10000E+01    2    573
   285  .26800E+03  .10000E+01    2    575
   286  .26900E+03  .10000E+01    2    577
   287  .27000E+03  .10000E+01    2    579
   288  .27100E+03  .10000E+01    2    581
   289  .27200E+03  .10000E+01    2    583
   290  .27300E+03  .10000E+01    2    585
   291  .27400E+03  .10000E+01    2    587
   292  .27500E+03  .10000E+01    2    589
   293  .27600E+03  .10000E+01    2    591
   294  .27700E+03  .10000E+01    2    593
   295  .27800E+03  .10000E+01    2    595
   296  .27900E+03  .10000E+01    2    597
   297  .28000E+03  .10000E+01    2    599
   298  .28100E+03  .10000E+01    2    601
   299  .28200E+03  .10000E+01    2    603
   300  .28300E+03  .10000E+01    2    605
   301  .28400E+03  .10000E+01    2    607
   302  .28500E+03  .10000E+01    2    609
   303  .28600E+03  .10000E+01    2    611
   304  .28700E+03  .10000E+01    2    613
   305  .28800E+03  .10000E+01    2    615
   306  .28900E+03  .10000E+01    2    617
   307  .29000E+03  .10000E+01    2    619
   308  .29100E+03  .10000E+01    2    621
   309  .29200E+03  .10000E+01    2    623
   310  .29300E+03  .10000E+01    2    625
   311  .29400E+03  .10000E+01    2    627
   312  .29500E+03  .10000E+01    2    629
   313  .29600E+03  .10000E+01    2    631
   314  .29700E+03  .10000E+01    2    633
   315  .29800E+03  .10000E+01    2    635
   316  .29900E+03  .10000E+01    2    637
   317  .30000E+03  .10000E+01    2    639
   318  .30100E+03  .10000E+01    2    641
   319  .30200E+03  .10000E+01    2    643
   320  .30300E+03  .10000E+01    2    645
   321  .30400E+03  .10000E+01    2    647
   322  .30500E+03  .10000E+01    2    649
   323  .30600E+03  .10000E+01    2    651
   324  .30700E+03  .10000E+01    2    653
   325  .30800E+03  .10000E+01    2    655
   326  .30900E+03  .10000E+01    2    657
   327  .31000E+03  .10000E+01    2    659
   328  .31100E+03  .10000E+01    2    661
   329  .31200E+03  .10000E+01    2    663
   330  .31300E+03  .10000E+01    2    665
   331  .31400E+03  .10000E+01    2    667
   332  .31500E+03  .10000E+01    2    669
   333  .31600E+03  .10000E+01    2    671
   334  .31700E+03  .10000E+01    2    673
   335  .31800E+03  .10000E+01    2    675
   336  .31900E+03  .10000E+01    2    677
   337  .32000E+03  .10000E+01    2    679
   338  .32100E+03  .10000E+01    2    681
   339  .32200E+03  .10000E+01    2    683
   340  .32300E+03  .10000E+01    2    685
   341  .32400E+03  .10000E+01    2    687
   342  .32500E+03  .10000E+01    2    689
   343  .32600E+03  .10000E+01    2    691
   344  .32700E+03  .10000E+01    2    693
   345  .32800E+03  .10000E+01    2    695
   346  .32900E+03  .10000E+01    2    697
   347  .33000E+03  .10000E+01    2    699
   348  .33100E+03  .10000E+01    2    701
   349  .33200E+03  .10000E+01    2    703
   350  .33300E+03  .10000E+01    2    705
   351  .33400E+03  .10000E+01    2    707
   352  .33500E+03  .10000E+01    2    709
   353  .33600E+03  .10000E+01    2    711
   354  .33700E+03  .10000E+01    2    713
   355  .33800E+03  .10000E+01    2    715
   356  .33900E+03  .10000E+01    2    717
   357  .34000E+03  .10000E+01    2    719
   358  .34100E+03  .10000E+01    2    721
   359  .34200E+03  .10000E+01    2    723
   360  .34300E+03  .10000E+01    2    725
   361  .34400E+03  .10000E+01    2    727
   362  .34500E+03  .10000E+01    2    729
   363  .34600E+03  .10000E+01    2    731
   364  .34700E+03  .10000E+01    2    733
   365  .34800E+03  .10000E+01    2    735
   366  .34900E+03  .10000E+01    2    737
   367  .35000E+03  .10000E+01    2    739
   368  .35100E+03  .10000E+01    2    741
   369  .35200E+03  .10000E+01    2    743
   370  .35300E+03  .10000E+01    2    745
   371  .35400E+03  .10000E+01    2    747
   372  .35500E+03  .10000E+01    2    749
   373  .35600E+03  .10000E+01    2    751
   374  .35700E+03  .10000E+01    2    753
   375  .35800E+03  .10000E+01    2    755
   376  .35900E+03  .10000E+01    2    757
   377  .36000E+03  .10000E+01    2    759
   378  .36100E+03  .10000E+01    2    761
   379  .36200E+03  .10000E+01    2    763
   380  .36300E+03  .10000E+01    2    765
   381  .36400E+03  .10000E+01    2    767
   382  .36500E+03  .10000E+01    2    769
   383  .36600E+03  .10000E+01    2    771
   384  .36700E+03  .10000E+01    2    773
   385  .36800E+03  .10000E+01    2    775
   386  .36900E+03  .10000E+01    2    777
   387  .37000E+03  .10000E+01    2    779
   388  .37100E+03  .10000E+01    2    781
   389  .37200E+03  .10000E+01    2    783
   390  .37300E+03  .10000E+01    2    785
   391  .37400E+03  .10000E+01    2    787
   392  .37500E+03  .10000E+01    2    789
   393  .37600E+03  .10000E+01    2    791
   394  .37700E+03  .10000E+01    2    793
   395  .37800E+03  .10000E+01    2    795
   396  .37900E+03  .10000E+01    2    797
   397  .38000E+03  .10000E+01    2    799
   398  .38100E+03  .10000E+01    2    801
   399  .38200E+03  .10000E+01    2    803
   400  .38300E+03  .10000E+01    2    805
   401  .38400E+03  .10000E+01    2    807
   402  .38500E+03  .10000E+01    2    809
   403  .38600E+03  .10000E+01    2    811
   404  .38700E+03  .10000E+01    2    813
   405  .38800E+03  .10000E+01    2    815
   406  .38900E+03  .10000E+01    2    817
   407  .39000E+03  .10000E+01    2    819
   408  .39100E+03  .10000E+01    2    821
   409  .39200E+03  .10000E+01    2    823
   410  .39300E+03  .10000E+01    2    825
   411  .39400E+03  .10000E+01    2    827
   412  .39500E+03  .10000E+01    2    829
   413  .39600E+03  .10000E+01    2    831
   414  .39700E+03  .10000E+01    2    833
   415  .39800E+03  .10000E+01    2    835
   416  .39900E+03  .10000E+01    2    837
   417  .40000E+03  .10000E+01    2    839
   418  .40100E+03  .10000E+01    2    841
   419  .40200E+03  .10000E+01    2    843
   420  .40300E+03  .10000E+01    2    845
   421  .40400E+03  .10000E+01    2    847
   422  .40500E+03  .10000E+01    2    849
   423  .40600E+03  .10000E+01    2    851
   424  .40700E+03  .10000E+01    2    853
   425  .40800E+03  .10000E+01    2    855
   426  .40900E+03  .10000E+01    2    857
   427  .41000E+03  .10000E+01    2    859
   428  .41100E+03  .10000E+01    2    861
   429  .41200E+03  .10000E+01    2    863
   430  .41300E+03  .10000E+01    2    865
   431  .41400E+03  .10000E+01    2    867
   432  .41500E+03  .10000E+01    2    869
   433  .41600E+03  .10000E+01    2    871
   434  .41700E+03  .10000E+01    2    873
   435  .41800E+03  .10000E+01    2    875
   436  .41900E+03  .10000E+01    2    877
   437  .42000E+03  .10000E+01    2    879
   438  .42100E+03  .10000E+01    2    881
   439  .42200E+03  .10000E+01    2    883
   440  .42300E+03  .10000E+01    2    885
   441  .42400E+03  .10000E+01    2    887
   442  .42500E+03  .10000E+01    2    889
   443  .42600E+03  .10000E+01    2    891
   444  .42700E+03  .10000E+01    2    893
   445  .42800E+03  .10000E+01    2    895
   446  .42900E+03  .10000E+01    2    897
   447  .43000E+03  .10000E+01    2    899
   448  .43100E+03  .10000E+01    2    901
   449  .43200E+03  .10000E+01    2    903
   450  .43300E+03  .10000E+01    2    905
   451  .43400E+03  .10000E+01    2    907
   452  .43500E+03  .10000E+01    2    909
   453  .43600E+03  .10000E+01    2    911
   454  .43700E+03  .10000E+01    2    913
   455  .43800E+03  .10000E+01    2    915
   456  .43900E+03  .10000E+01    2    917
   457  .44000E+03  .10000E+01    2    919
   458  .44100E+03  .10000E+01    2    921
   459  .44200E+03  .10000E+01    2    923
   460  .44300E+03  .10000E+01    2    925
   461  .44400E+03  .10000E+01    2    927
   462  .44500E+03  .10000E+01    2    929
   463  .44600E+03  .10000E+01    2    931
   464  .44700E+03  .10000E+01    2    933
   465  .44800E+03  .10000E+01    2    935
   466  .44900E+03  .10000E+01    2    937
   467  .45000E+03  .10000E+01    2    939
   468  .45100E+03  .10000E+01    2    941
   469  .45200E+03  .10000E+01    2    943
   470  .45300E+03  .10000E+01    2    945
   471  .45400E+03  .10000E+01    2    947
   472  .45500E+03  .10000E+01    2    949
   473  .45600E+03  .10000E+01    2    951
   474  .45700E+03  .10000E+01    2    953
   475  .45800E+03  .10000E+01    2    955
   476  .45900E+03  .10000E+01    2    957
   477  .46000E+03  .10000E+01    2    959
   478  .46100E+03  .10000E+01    2    961
   479  .46200E+03  .10000E+01    2    963
   480  .46300E+03  .10000E+01    2    965
   481  .46400E+03  .10000E+01    2    967
   482  .46500E+03  .10000E+01    2    969
   483  .46600E+03  .10000E+01    2    971
   484  .46700E+03  .10000E+01    2    973
   485  .46800E+03  .10000E+01    2    975
   486  .46900E+03  .10000E+01    2    977
   487  .47000E+03  .10000E+01    2    979
   488  .47100E+03  .10000E+01    2    981
   489  .47200E+03  .10000E+01    2    983
   490  .47300E+03  .10000E+01    2    985
   491  .47400E+03  .10000E+01    2    987
   492  .47500E+03  .10000E+01    2    989
   493  .47611E+03  .11111E+01    2    991
   494  .47759E+03  .14815E+01    2    993
   495  .47944E+03  .18519E+01    2    995
   496  .48222E+03  .27778E+01    2    997
   497  .48500E+03  .27778E+01    2    999
   498  .48833E+03  .33333E+01    2   1001
   499  .49167E+03  .33333E+01    2   1003
   500  .49500E+03  .33333E+01    2   1005
   501  .50000E+03  .50000E+01    2   1007
   502  .50500E+03  .50000E+01    2   1009
   503  .51500E+03  .10000E+02    2   1011
   504  .52500E+03  .10000E+02    2   1013
   505  .53500E+03  .10000E+02    2   1015
   506  .54500E+03  .10000E+02    2   1017
   507  .55500E+03  .10000E+02    2   1019
   508  .56500E+03  .10000E+02    2   1021
   509  .57500E+03  .10000E+02    2   1023
   510  .58500E+03  .10000E+02    2   1025
   511  .59500E+03  .10000E+02    2   1027
   512  .60500E+03  .10000E+02    2   1029
   513  .61500E+03  .10000E+02    2   1031
   514  .62500E+03  .10000E+02    2   1033
   515  .63500E+03  .10000E+02    2   1035
   516  .64500E+03  .10000E+02    2   1037
   517  .65500E+03  .10000E+02    2   1039
   518  .66500E+03  .10000E+02    2   1041
   519  .68500E+03  .20000E+02    2   1043
   520  .71500E+03  .30000E+02    2   1045
   521  .74500E+03  .30000E+02    2   1047
   522  .77500E+03  .30000E+02    2   1049
   523  .80500E+03  .30000E+02    2   1051
   524  .83500E+03  .30000E+02    2   1053
   525  .86500E+03  .30000E+02    2   1055
   526  .89500E+03  .30000E+02    2   1057
   527  .92500E+03  .30000E+02    2   1059
   528  .95500E+03  .30000E+02    2   1061
   529  .98500E+03  .30000E+02    2   1063
   530  .10150E+04  .30000E+02    2   1065
   531  .10450E+04  .30000E+02    2   1067
   532  .10750E+04  .30000E+02    2   1069
   533  .11050E+04  .30000E+02    2   1071
   534  .11350E+04  .30000E+02    2   1073
   535  .11650E+04  .30000E+02    2   1075
   536  .11950E+04  .30000E+02    2   1077
   537  .12250E+04  .30000E+02    2   1079
   538  .12550E+04  .30000E+02    2   1081
   539  .12850E+04  .30000E+02    2   1083
   540  .13150E+04  .30000E+02    2   1085
   541  .13450E+04  .30000E+02    2   1087
   542  .13750E+04  .30000E+02    2   1089
   543  .14050E+04  .30000E+02    2   1091
   544  .14350E+04  .30000E+02    2   1093
   545  .14650E+04  .30000E+02    2   1095
   546  .14950E+04  .30000E+02    2   1097
   547  .15250E+04  .30000E+02    2   1099
   548  .15550E+04  .30000E+02    2   1101
   549  .15850E+04  .30000E+02    2   1103
   550  .16150E+04  .30000E+02    2   1105
   551  .16240E+04  .90000E+01    2   1107
   552  .16450E+04  .21000E+02    2   1109
   553  .16750E+04  .30000E+02    2   1111
   554  .17050E+04  .30000E+02    2   1113
   555  .17350E+04  .30000E+02    2   1115
   556  .17650E+04  .30000E+02    2   1117
   557  .17950E+04  .30000E+02    2   1119
   558  .18250E+04  .30000E+02    2   1121
   559  .18550E+04  .30000E+02    2   1123
   560  .18850E+04  .30000E+02    2   1125
   561  .19150E+04  .30000E+02    2   1127
   562  .19450E+04  .30000E+02    2   1129
   563  .19750E+04  .30000E+02    2   1131
   564  .20050E+04  .30000E+02    2   1133
   565  .20350E+04  .30000E+02    2   1135
   566  .20650E+04  .30000E+02    2   1137
   567  .20950E+04  .30000E+02    2   1139
   568  .21250E+04  .30000E+02    2   1141
   569  .21550E+04  .30000E+02    2   1143
   570  .21850E+04  .30000E+02    2   1145
   571  .22150E+04  .30000E+02    2   1147
   572  .22450E+04  .30000E+02    2   1149
   573  .22750E+04  .30000E+02    2   1151
   574  .23050E+04  .30000E+02    2   1153
   575  .23350E+04  .30000E+02    2   1155
   576  .23650E+04  .30000E+02    2   1157
   577  .23950E+04  .30000E+02    2   1159
   578  .24250E+04  .30000E+02    2   1161
   579  .24550E+04  .30000E+02    2   1163
   580  .24850E+04  .30000E+02    2   1165
   581  .25150E+04  .30000E+02    2   1167
   582  .25450E+04  .30000E+02    2   1169
   583  .25750E+04  .30000E+02    2   1171
   584  .26050E+04  .30000E+02    2   1173
   585  .26350E+04  .30000E+02    2   1175
   586  .26650E+04  .30000E+02    2   1177
   587  .26950E+04  .30000E+02    2   1179
   588  .27250E+04  .30000E+02    2   1181
   589  .27550E+04  .30000E+02    2   1183
   590  .27850E+04  .30000E+02    2   1185
   591  .28150E+04  .30000E+02    2   1187
   592  .28450E+04  .30000E+02    2   1189
   593  .28750E+04  .30000E+02    2   1191
   594  .29050E+04  .30000E+02    2   1193
   595  .29350E+04  .30000E+02    2   1195
   596  .29650E+04  .30000E+02    2   1197
   597  .29950E+04  .30000E+02    2   1199
   598  .30250E+04  .30000E+02    2   1201
   599  .30550E+04  .30000E+02    2   1203
   600  .30850E+04  .30000E+02    2   1205
   601  .31150E+04  .30000E+02    2   1207
   602  .31450E+04  .30000E+02    2   1209
   603  .31750E+04  .30000E+02    2   1211
   604  .32050E+04  .30000E+02    2   1213
   605  .32350E+04  .30000E+02    2   1215
   606  .32480E+04  .13000E+02    2   1217
   607  .32650E+04  .17000E+02    2   1219
   608  .32950E+04  .30000E+02    2   1221
   609  .33250E+04  .30000E+02    2   1223
   610  .33550E+04  .30000E+02    2   1225
   611  .33850E+04  .30000E+02    2   1227
   612  .33900E+04  .50000E+01    2   1229
   613  .33950E+04  .50000E+01    2   1231
   614  .34000E+04  .50000E+01    2   1233
   615  .34000E+04  .10000E-01    2   1235
   616  .34000E+04  .12995E-01    2   1237
   617  .34000E+04  .16871E-01    2   1239
   618  .34001E+04  .21948E-01    2   1241
   619  .34001E+04  .28545E-01    2   1243
   620  .34001E+04  .37194E-01    2   1245
   621  .34002E+04  .48243E-01    2   1247
   622  .34002E+04  .62652E-01    2   1249
   623  .34003E+04  .82094E-01    2   1251
   624  .34004E+04  .10635E+00    2   1253
   625  .34006E+04  .13858E+00    2   1255
   626  .34007E+04  .17737E+00    2   1257
   627  .34010E+04  .23649E+00    2   1259
   628  .34013E+04  .30925E+00    2   1261
   629  .34017E+04  .41233E+00    3   1264
   630  .34023E+04  .54976E+00    3   1267
   631  .34029E+04  .68719E+00    3   1270
   632  .34040E+04  .10308E+01    3   1273
   633  .34050E+04  .10308E+01    3   1276
   634  .34063E+04  .12500E+01    3   1279
   635  .34075E+04  .12500E+01    3   1282
   636  .34100E+04  .25000E+01    3   1285
   637  .34125E+04  .25000E+01    3   1288
   638  .34150E+04  .25000E+01    3   1291
   639  .34175E+04  .25000E+01    3   1294
   640  .34200E+04  .25000E+01    3   1297
   641  .34250E+04  .50000E+01    3   1300
   642  .34300E+04  .50000E+01    3   1303
   643  .34350E+04  .50000E+01    3   1306
   644  .34400E+04  .50000E+01    3   1309
   645  .34450E+04  .50000E+01    3   1312
   646  .34500E+04  .50000E+01    3   1315
   647  .34550E+04  .50000E+01    3   1318
   648  .34600E+04  .50000E+01    3   1321
   649  .34650E+04  .50000E+01    3   1324
   650  .34700E+04  .50000E+01    3   1327
   651  .34750E+04  .50000E+01    3   1330
   652  .34800E+04  .50000E+01    3   1333
   653  .34850E+04  .50000E+01    3   1336
   654  .34900E+04  .50000E+01    3   1339
   655  .34950E+04  .50000E+01    3   1342
   656  .35000E+04  .50000E+01    3   1345
   657  .35050E+04  .50000E+01    3   1348
   658  .35100E+04  .50000E+01    3   1351
   659  .35150E+04  .50000E+01    3   1354
   660  .35200E+04  .50000E+01    3   1357
   661  .35250E+04  .50000E+01    3   1360
   662  .35300E+04  .50000E+01    3   1363
   663  .35350E+04  .50000E+01    3   1366
   664  .35400E+04  .50000E+01    3   1369
   665  .35450E+04  .50000E+01    3   1372
   666  .35500E+04  .50000E+01    3   1375
   667  .35550E+04  .50000E+01    3   1378
   668  .35600E+04  .50000E+01    3   1381
   669  .35650E+04  .50000E+01    3   1384
   670  .35700E+04  .50000E+01    3   1387
   671  .35750E+04  .50000E+01    3   1390
   672  .35800E+04  .50000E+01    3   1393
   673  .35850E+04  .50000E+01    3   1396
   674  .35900E+04  .50000E+01    3   1399
   675  .35950E+04  .50000E+01    2   1401
   676  .36000E+04  .50000E+01    2   1403
   677  .36050E+04  .50000E+01    2   1405
   678  .36100E+04  .50000E+01    3   1408
   679  .36150E+04  .50000E+01    3   1411
   680  .36200E+04  .50000E+01    3   1414
   681  .36250E+04  .50000E+01    3   1417
   682  .36300E+04  .50000E+01    3   1420
   683  .36350E+04  .50000E+01    3   1423
   684  .36400E+04  .50000E+01    3   1426
   685  .36450E+04  .50000E+01    3   1429
   686  .36500E+04  .50000E+01    3   1432
   687  .36550E+04  .50000E+01    3   1435
   688  .36600E+04  .50000E+01    3   1438
   689  .36650E+04  .50000E+01    3   1441
   690  .36700E+04  .50000E+01    3   1444
   691  .36750E+04  .50000E+01    3   1447
   692  .36800E+04  .50000E+01    3   1450
   693  .36850E+04  .50000E+01    3   1453
   694  .36900E+04  .50000E+01    3   1456
   695  .36950E+04  .50000E+01    2   1458
   696  .37000E+04  .50000E+01    2   1460
   697  .37050E+04  .50000E+01    2   1462
   698  .37100E+04  .50000E+01    2   1464
   699  .37150E+04  .50000E+01    2   1466
   700  .37200E+04  .50000E+01    2   1468
   701  .37250E+04  .50000E+01    2   1470
   702  .37300E+04  .50000E+01    2   1472
   703  .37350E+04  .50000E+01    2   1474
   704  .37400E+04  .50000E+01    3   1477
   705  .37450E+04  .50000E+01    2   1479
   706  .37500E+04  .50000E+01    2   1481
   707  .37550E+04  .50000E+01    2   1483
   708  .37600E+04  .50000E+01    2   1485
   709  .37650E+04  .50000E+01    2   1487
   710  .37700E+04  .50000E+01    2   1489
   711  .37750E+04  .50000E+01    2   1491
   712  .37813E+04  .62500E+01    3   1494
   713  .37906E+04  .93750E+01    3   1497
   714  .38000E+04  .93750E+01    3   1500
   715  .38100E+04  .10000E+02    3   1503
   716  .38300E+04  .20000E+02    3   1506
   717  .38600E+04  .30000E+02    3   1509
   718  .38900E+04  .30000E+02    3   1512
   719  .39200E+04  .30000E+02    3   1515
   720  .39500E+04  .30000E+02    3   1518
   721  .39800E+04  .30000E+02    3   1521
   722  .40100E+04  .30000E+02    3   1524
   723  .40400E+04  .30000E+02    3   1527
   724  .40700E+04  .30000E+02    3   1530
   725  .41000E+04  .30000E+02    3   1533
   726  .41300E+04  .30000E+02    3   1536
   727  .41600E+04  .30000E+02    3   1539
   728  .41900E+04  .30000E+02    3   1542
   729  .42200E+04  .30000E+02    3   1545
   730  .42500E+04  .30000E+02    3   1548
   731  .42800E+04  .30000E+02    3   1551
   732  .43100E+04  .30000E+02    3   1554
   733  .43400E+04  .30000E+02    3   1557
   734  .43700E+04  .30000E+02    3   1560
   735  .44000E+04  .30000E+02    3   1563
   736  .44300E+04  .30000E+02    3   1566
   737  .44600E+04  .30000E+02    3   1569
   738  .44900E+04  .30000E+02    3   1572
   739  .45200E+04  .30000E+02    3   1575
   740  .45500E+04  .30000E+02    2   1577
   741  .45800E+04  .30000E+02    2   1579
   742  .46100E+04  .30000E+02    2   1581
   743  .46400E+04  .30000E+02    2   1583
   744  .46700E+04  .30000E+02    2   1585
   745  .47000E+04  .30000E+02    2   1587
   746  .47300E+04  .30000E+02    2   1589
   747  .47600E+04  .30000E+02    2   1591
   748  .47900E+04  .30000E+02    3   1594
   749  .48200E+04  .30000E+02    2   1596
   750  .48500E+04  .30000E+02    2   1598
   751  .48720E+04  .22000E+02    2   1600
   752  .48800E+04  .80000E+01    2   1602
   753  .49100E+04  .30000E+02    2   1604
   754  .49400E+04  .30000E+02    2   1606
   755  .49700E+04  .30000E+02    2   1608
   756  .50000E+04  .30000E+02    2   1610
   757  .50300E+04  .30000E+02    2   1612
   758  .50600E+04  .30000E+02    2   1614
   759  .50900E+04  .30000E+02    3   1617
   760  .51200E+04  .30000E+02    3   1620
   761  .51500E+04  .30000E+02    3   1623
   762  .51800E+04  .30000E+02    3   1626
   763  .52100E+04  .30000E+02    3   1629
   764  .52400E+04  .30000E+02    2   1631
   765  .52700E+04  .30000E+02    3   1634
   766  .53000E+04  .30000E+02    2   1636
   767  .53300E+04  .30000E+02    2   1638
   768  .53600E+04  .30000E+02    2   1640
   769  .53900E+04  .30000E+02    2   1642
   770  .54200E+04  .30000E+02    2   1644
   771  .54500E+04  .30000E+02    2   1646
   772  .54800E+04  .30000E+02    2   1648
   773  .55100E+04  .30000E+02    2   1650
   774  .55400E+04  .30000E+02    2   1652
   775  .55700E+04  .30000E+02    2   1654
   776  .56000E+04  .30000E+02    2   1656
   777  .56300E+04  .30000E+02    2   1658
   778  .56600E+04  .30000E+02    2   1660
   779  .56900E+04  .30000E+02    2   1662
   780  .57200E+04  .30000E+02    2   1664
   781  .57500E+04  .30000E+02    2   1666
   782  .57800E+04  .30000E+02    2   1668
   783  .58100E+04  .30000E+02    2   1670
   784  .58400E+04  .30000E+02    2   1672
   785  .58700E+04  .30000E+02    2   1674
   786  .59000E+04  .30000E+02    2   1676
   787  .59300E+04  .30000E+02    2   1678
   788  .59600E+04  .30000E+02    2   1680
   789  .59900E+04  .30000E+02    2   1682
   790  .60200E+04  .30000E+02    2   1684
   791  .60500E+04  .30000E+02    2   1686
   792  .60800E+04  .30000E+02    2   1688
   793  .61100E+04  .30000E+02    2   1690
   794  .61400E+04  .30000E+02    2   1692
   795  .61700E+04  .30000E+02    2   1694
   796  .62000E+04  .30000E+02    2   1696
   797  .62300E+04  .30000E+02    2   1698
   798  .62600E+04  .30000E+02    2   1700
   799  .62900E+04  .30000E+02    2   1702
   800  .63200E+04  .30000E+02    2   1704
   801  .63500E+04  .30000E+02    2   1706
   802  .63800E+04  .30000E+02    2   1708
   803  .64100E+04  .30000E+02    2   1710
   804  .64400E+04  .30000E+02    2   1712
   805  .64450E+04  .50000E+01    2   1714
   806  .64500E+04  .50000E+01    2   1716
   807  .64500E+04  .10000E-01    2   1718
   808  .64500E+04  .12995E-01    2   1720
   809  .64500E+04  .16871E-01    2   1722
   810  .64501E+04  .21947E-01    2   1724
   811  .64501E+04  .28543E-01    2   1726
   812  .64501E+04  .37194E-01    2   1728
   813  .64502E+04  .48243E-01    2   1730
   814  .64502E+04  .62652E-01    2   1732
   815  .64503E+04  .82099E-01    2   1734
   816  .64504E+04  .10636E+00    2   1736
   817  .64506E+04  .13858E+00    2   1738
   818  .64507E+04  .17738E+00    2   1740
   819  .64510E+04  .23652E+00    2   1742
   820  .64513E+04  .30931E+00    2   1744
   821  .64517E+04  .41243E+00    2   1746
   822  .64523E+04  .54989E+00    2   1748
   823  .64529E+04  .68738E+00    2   1750
   824  .64540E+04  .10310E+01    2   1752
   825  .64550E+04  .10313E+01    2   1754
   826  .64563E+04  .12500E+01    2   1756
   827  .64575E+04  .12500E+01    3   1759
   828  .64600E+04  .25000E+01    3   1762
   829  .64625E+04  .25000E+01    3   1765
   830  .64650E+04  .25000E+01    3   1768
   831  .64675E+04  .25000E+01    3   1771
   832  .64700E+04  .25000E+01    3   1774
   833  .64750E+04  .50000E+01    3   1777
   834  .64800E+04  .50000E+01    3   1780
   835  .64850E+04  .50000E+01    3   1783
   836  .64900E+04  .50000E+01    3   1786
   837  .64950E+04  .50000E+01    3   1789
   838  .64960E+04  .10000E+01    2   1791
   839  .65000E+04  .40000E+01    3   1794
   840  .65050E+04  .50000E+01    3   1797
   841  .65100E+04  .50000E+01    3   1800
   842  .65150E+04  .50000E+01    3   1803
   843  .65200E+04  .50000E+01    3   1806
   844  .65250E+04  .50000E+01    3   1809
   845  .65300E+04  .50000E+01    3   1812
   846  .65350E+04  .50000E+01    3   1815
   847  .65400E+04  .50000E+01    3   1818
   848  .65450E+04  .50000E+01    3   1821
   849  .65500E+04  .50000E+01    3   1824
   850  .65550E+04  .50000E+01    3   1827
   851  .65600E+04  .50000E+01    3   1830
   852  .65650E+04  .50000E+01    3   1833
   853  .65700E+04  .50000E+01    3   1836
   854  .65750E+04  .50000E+01    3   1839
   855  .65800E+04  .50000E+01    3   1842
   856  .65850E+04  .50000E+01    3   1845
   857  .65900E+04  .50000E+01    3   1848
   858  .65950E+04  .50000E+01    3   1851
   859  .66000E+04  .50000E+01    3   1854
   860  .66050E+04  .50000E+01    2   1856
   861  .66100E+04  .50000E+01    2   1858
   862  .66150E+04  .50000E+01    2   1860
   863  .66200E+04  .50000E+01    2   1862
   864  .66250E+04  .50000E+01    2   1864
   865  .66300E+04  .50000E+01    2   1866
   866  .66350E+04  .50000E+01    2   1868
   867  .66400E+04  .50000E+01    2   1870
   868  .66450E+04  .50000E+01    2   1872
   869  .66500E+04  .50000E+01    2   1874
   870  .66550E+04  .50000E+01    2   1876
   871  .66600E+04  .50000E+01    2   1878
   872  .66650E+04  .50000E+01    2   1880
   873  .66700E+04  .50000E+01    2   1882
   874  .66750E+04  .50000E+01    2   1884
   875  .66800E+04  .50000E+01    2   1886
   876  .66850E+04  .50000E+01    2   1888
   877  .66900E+04  .50000E+01    2   1890
   878  .66950E+04  .50000E+01    2   1892
   879  .67000E+04  .50000E+01    2   1894
   880  .67050E+04  .50000E+01    2   1896
   881  .67100E+04  .50000E+01    2   1898
   882  .67150E+04  .50000E+01    2   1900
   883  .67200E+04  .50000E+01    2   1902
   884  .67250E+04  .50000E+01    2   1904
   885  .67300E+04  .50000E+01    2   1906
   886  .67350E+04  .50000E+01    2   1908
   887  .67400E+04  .50000E+01    2   1910
   888  .67450E+04  .50000E+01    2   1912
   889  .67500E+04  .50000E+01    2   1914
   890  .67550E+04  .50000E+01    2   1916
   891  .67600E+04  .50000E+01    2   1918
   892  .67650E+04  .50000E+01    2   1920
   893  .67700E+04  .50000E+01    2   1922
   894  .67750E+04  .50000E+01    2   1924
   895  .67800E+04  .50000E+01    2   1926
   896  .67850E+04  .50000E+01    2   1928
   897  .67900E+04  .50000E+01    2   1930
   898  .68000E+04  .10000E+02    3   1933
   899  .68075E+04  .75000E+01    2   1935
   900  .68150E+04  .75000E+01    2   1937
   901  .68300E+04  .15000E+02    3   1940
   902  .68450E+04  .15000E+02    3   1943
   903  .68600E+04  .15000E+02    3   1946
   904  .68750E+04  .15000E+02    3   1949
   905  .68900E+04  .15000E+02    3   1952
   906  .69050E+04  .15000E+02    3   1955
   907  .69200E+04  .15000E+02    3   1958
   908  .69350E+04  .15000E+02    2   1960
   909  .69500E+04  .15000E+02    3   1963
   910  .69650E+04  .15000E+02    3   1966
   911  .69800E+04  .15000E+02    2   1968
   912  .69950E+04  .15000E+02    2   1970
   913  .70100E+04  .15000E+02    3   1973
   914  .70250E+04  .15000E+02    2   1975
   915  .70400E+04  .15000E+02    2   1977
   916  .70550E+04  .15000E+02    3   1980
   917  .70700E+04  .15000E+02    3   1983
   918  .70850E+04  .15000E+02    3   1986
   919  .71000E+04  .15000E+02    3   1989
   920  .71150E+04  .15000E+02    2   1991
   921  .71300E+04  .15000E+02    3   1994
   922  .71450E+04  .15000E+02    2   1996
   923  .71600E+04  .15000E+02    2   1998
   924  .71750E+04  .15000E+02    2   2000
   925  .71900E+04  .15000E+02    3   2003
   926  .72050E+04  .15000E+02    3   2006
   927  .72200E+04  .15000E+02    3   2009
   928  .72350E+04  .15000E+02    3   2012
   929  .72500E+04  .15000E+02    2   2014
   930  .72650E+04  .15000E+02    2   2016
   931  .72800E+04  .15000E+02    2   2018
   932  .72950E+04  .15000E+02    2   2020
   933  .73100E+04  .15000E+02    2   2022
   934  .73250E+04  .15000E+02    2   2024
   935  .73400E+04  .15000E+02    2   2026
   936  .73550E+04  .15000E+02    2   2028
   937  .73700E+04  .15000E+02    2   2030
   938  .73850E+04  .15000E+02    2   2032
   939  .74000E+04  .15000E+02    2   2034
   940  .74150E+04  .15000E+02    2   2036
   941  .74300E+04  .15000E+02    2   2038
   942  .74450E+04  .15000E+02    2   2040
   943  .74600E+04  .15000E+02    2   2042
   944  .74750E+04  .15000E+02    2   2044
   945  .74900E+04  .15000E+02    2   2046
   946  .75050E+04  .15000E+02    2   2048
   947  .75200E+04  .15000E+02    2   2050
   948  .75350E+04  .15000E+02    2   2052
   949  .75500E+04  .15000E+02    2   2054
   950  .75650E+04  .15000E+02    2   2056
   951  .75800E+04  .15000E+02    2   2058
   952  .75950E+04  .15000E+02    2   2060
   953  .76100E+04  .15000E+02    2   2062
   954  .76250E+04  .15000E+02    2   2064
   955  .76400E+04  .15000E+02    2   2066
   956  .76550E+04  .15000E+02    2   2068
   957  .76700E+04  .15000E+02    2   2070
   958  .76850E+04  .15000E+02    2   2072
   959  .77000E+04  .15000E+02    2   2074
   960  .77150E+04  .15000E+02    2   2076
   961  .77300E+04  .15000E+02    2   2078
   962  .77450E+04  .15000E+02    2   2080
   963  .77600E+04  .15000E+02    2   2082
   964  .77750E+04  .15000E+02    2   2084
   965  .77900E+04  .15000E+02    2   2086
   966  .78050E+04  .15000E+02    2   2088
   967  .78200E+04  .15000E+02    2   2090
   968  .78350E+04  .15000E+02    2   2092
   969  .78500E+04  .15000E+02    2   2094
   970  .78650E+04  .15000E+02    2   2096
   971  .78800E+04  .15000E+02    2   2098
   972  .78950E+04  .15000E+02    2   2100
   973  .79100E+04  .15000E+02    2   2102
   974  .79250E+04  .15000E+02    2   2104
   975  .79400E+04  .15000E+02    2   2106
   976  .79550E+04  .15000E+02    2   2108
   977  .79700E+04  .15000E+02    2   2110
   978  .79850E+04  .15000E+02    2   2112
   979  .80000E+04  .15000E+02    2   2114
   980  .80150E+04  .15000E+02    2   2116
   981  .80300E+04  .15000E+02    2   2118
   982  .80450E+04  .15000E+02    2   2120
   983  .80600E+04  .15000E+02    2   2122
   984  .80750E+04  .15000E+02    2   2124
   985  .80900E+04  .15000E+02    2   2126
   986  .81050E+04  .15000E+02    2   2128
   987  .81200E+04  .15000E+02    2   2130
   988  .81350E+04  .15000E+02    2   2132
   989  .81500E+04  .15000E+02    2   2134
   990  .81650E+04  .15000E+02    2   2136
   991  .81800E+04  .15000E+02    2   2138
   992  .81950E+04  .15000E+02    2   2140
   993  .82100E+04  .15000E+02    2   2142
   994  .82250E+04  .15000E+02    2   2144
   995  .82400E+04  .15000E+02    2   2146
   996  .82550E+04  .15000E+02    2   2148
   997  .82700E+04  .15000E+02    2   2150
   998  .82850E+04  .15000E+02    2   2152
   999  .83000E+04  .15000E+02    2   2154
  1000  .83150E+04  .15000E+02    2   2156
  1001  .83300E+04  .15000E+02    2   2158
  1002  .83450E+04  .15000E+02    2   2160
  1003  .83600E+04  .15000E+02    2   2162
  1004  .83750E+04  .15000E+02    2   2164
  1005  .83900E+04  .15000E+02    2   2166
  1006  .84050E+04  .15000E+02    2   2168
  1007  .84200E+04  .15000E+02    2   2170
  1008  .84350E+04  .15000E+02    2   2172
  1009  .84500E+04  .15000E+02    2   2174
  1010  .84650E+04  .15000E+02    2   2176
  1011  .84800E+04  .15000E+02    2   2178
  1012  .84950E+04  .15000E+02    2   2180
  1013  .85100E+04  .15000E+02    2   2182
  1014  .85250E+04  .15000E+02    2   2184
  1015  .85400E+04  .15000E+02    2   2186
  1016  .85550E+04  .15000E+02    2   2188
  1017  .85700E+04  .15000E+02    2   2190
  1018  .85850E+04  .15000E+02    2   2192
  1019  .86000E+04  .15000E+02    2   2194
  1020  .86150E+04  .15000E+02    2   2196
  1021  .86300E+04  .15000E+02    2   2198
  1022  .86450E+04  .15000E+02    2   2200
  1023  .86600E+04  .15000E+02    2   2202
  1024  .86750E+04  .15000E+02    2   2204
  1025  .86900E+04  .15000E+02    2   2206
  1026  .87050E+04  .15000E+02    2   2208
  1027  .87200E+04  .15000E+02    2   2210
  1028  .87350E+04  .15000E+02    2   2212
  1029  .87500E+04  .15000E+02    2   2214
  1030  .87650E+04  .15000E+02    2   2216
  1031  .87800E+04  .15000E+02    2   2218
  1032  .87950E+04  .15000E+02    2   2220
  1033  .88100E+04  .15000E+02    2   2222
  1034  .88250E+04  .15000E+02    2   2224
  1035  .88400E+04  .15000E+02    2   2226
  1036  .88550E+04  .15000E+02    2   2228
  1037  .88700E+04  .15000E+02    2   2230
  1038  .88850E+04  .15000E+02    2   2232
  1039  .89000E+04  .15000E+02    2   2234
  1040  .89150E+04  .15000E+02    2   2236
  1041  .89300E+04  .15000E+02    2   2238
  1042  .89450E+04  .15000E+02    2   2240
  1043  .89600E+04  .15000E+02    2   2242
  1044  .89750E+04  .15000E+02    2   2244
  1045  .89900E+04  .15000E+02    2   2246
  1046  .90050E+04  .15000E+02    2   2248
  1047  .90350E+04  .30000E+02    2   2250
  1048  .90650E+04  .30000E+02    2   2252
  1049  .90950E+04  .30000E+02    2   2254
  1050  .91250E+04  .30000E+02    2   2256
  1051  .91550E+04  .30000E+02    2   2258
  1052  .91850E+04  .30000E+02    2   2260
  1053  .92150E+04  .30000E+02    2   2262
  1054  .92450E+04  .30000E+02    2   2264
  1055  .92750E+04  .30000E+02    2   2266
  1056  .93050E+04  .30000E+02    2   2268
  1057  .93350E+04  .30000E+02    2   2270
  1058  .93650E+04  .30000E+02    2   2272
  1059  .93950E+04  .30000E+02    2   2274
  1060  .94250E+04  .30000E+02    2   2276
  1061  .94550E+04  .30000E+02    2   2278
  1062  .94850E+04  .30000E+02    2   2280
  1063  .95150E+04  .30000E+02    2   2282
  1064  .95450E+04  .30000E+02    2   2284
  1065  .95750E+04  .30000E+02    2   2286
  1066  .96050E+04  .30000E+02    2   2288
  1067  .96350E+04  .30000E+02    2   2290
  1068  .96650E+04  .30000E+02    2   2292
  1069  .96950E+04  .30000E+02    2   2294
  1070  .97250E+04  .30000E+02    2   2296
  1071  .97550E+04  .30000E+02    2   2298
  1072  .97850E+04  .30000E+02    2   2300
  1073  .98150E+04  .30000E+02    2   2302
  1074  .98450E+04  .30000E+02    2   2304
  1075  .98750E+04  .30000E+02    2   2306
  1076  .99050E+04  .30000E+02    2   2308
  1077  .99350E+04  .30000E+02    2   2310
  1078  .99650E+04  .30000E+02    2   2312
  1079  .99950E+04  .30000E+02    2   2314
  1080  .10025E+05  .30000E+02    2   2316
  1081  .10055E+05  .30000E+02    2   2318
  1082  .10085E+05  .30000E+02    2   2320
  1083  .10115E+05  .30000E+02    2   2322
  1084  .10145E+05  .30000E+02    2   2324
  1085  .10175E+05  .30000E+02    2   2326
  1086  .10205E+05  .30000E+02    2   2328
  1087  .10235E+05  .30000E+02    2   2330
  1088  .10265E+05  .30000E+02    2   2332
  1089  .10295E+05  .30000E+02    2   2334
  1090  .10325E+05  .30000E+02    2   2336
  1091  .10355E+05  .30000E+02    2   2338
  1092  .10385E+05  .30000E+02    2   2340
  1093  .10415E+05  .30000E+02    2   2342
  1094  .10445E+05  .30000E+02    2   2344
  1095  .10475E+05  .30000E+02    2   2346
  1096  .10505E+05  .30000E+02    2   2348
end
 
 Real time [sec]      31.000000
