

  TLevel   Time         dt     IterW IterC   ItCum  Peclet   Courant

     1  .10000E+03  .10000E-02    5    1      5     5.806      .001
     2  .10000E+03  .10000E-02    2    1      7     5.806      .001
     3  .10000E+03  .13000E-02    2    1      9     5.806      .001
     4  .10000E+03  .16900E-02    2    1     11     5.806      .002
     5  .10001E+03  .21970E-02    2    1     13     5.806      .002
     6  .10001E+03  .28561E-02    2    1     15     5.806      .003
     7  .10001E+03  .37130E-02    2    1     17     5.807      .004
     8  .10002E+03  .48268E-02    2    1     19     5.807      .005
     9  .10002E+03  .62747E-02    2    1     21     5.807      .007
    10  .10003E+03  .81572E-02    3    1     24     5.807      .009
    11  .10004E+03  .10604E-01    2    1     26     5.808      .012
    12  .10006E+03  .13785E-01    3    1     29     5.808      .015
    13  .10008E+03  .17920E-01    2    1     31     5.809      .020
    14  .10010E+03  .23298E-01    2    1     33     5.810      .027
    15  .10013E+03  .30292E-01    3    1     36     5.811      .035
    16  .10017E+03  .39381E-01    2    1     38     5.812      .046
    17  .10022E+03  .51196E-01    3    1     41     5.814      .060
    18  .10029E+03  .66520E-01    2    1     43     5.817      .078
    19  .10037E+03  .86482E-01    3    1     46     5.820      .102
    20  .10048E+03  .11245E+00    3    1     49     5.824      .132
    21  .10063E+03  .14613E+00    3    1     52     5.829      .172
    22  .10082E+03  .19000E+00    2    1     54     5.835      .223
    23  .10107E+03  .24733E+00    2    1     56     5.844      .291
    24  .10139E+03  .32121E+00    2    1     58     5.855      .377
    25  .10181E+03  .41784E+00    2    1     60     5.869      .491
    26  .10235E+03  .54250E+00    2    1     62     5.886      .637
    27  .10306E+03  .70761E+00    3    1     65     5.907      .831
    28  .10391E+03  .85037E+00    3    1     68     5.929      .999
    29  .10476E+03  .85037E+00    2    1     70     5.949      .999
    30  .10561E+03  .85037E+00    2    1     72     5.968      .999
    31  .10646E+03  .85037E+00    2    1     74     5.985      .999
    32  .10731E+03  .85037E+00    2    1     76     6.000      .999
    33  .10816E+03  .85037E+00    2    1     78     6.014      .999
    34  .10901E+03  .85037E+00    2    1     80     6.027      .999
    35  .10986E+03  .85037E+00    2    1     82     6.039      .999
    36  .11071E+03  .85037E+00    2    1     84     6.050      .999
    37  .11156E+03  .85037E+00    2    1     86     6.060      .999
    38  .11241E+03  .85037E+00    2    1     88     6.070      .999
    39  .11326E+03  .85037E+00    2    1     90     6.078      .999
    40  .11411E+03  .85037E+00    2    1     92     6.087      .999
    41  .11496E+03  .85037E+00    2    1     94     6.094      .999
    42  .11581E+03  .85037E+00    2    1     96     6.101      .999
    43  .11666E+03  .85037E+00    2    1     98     6.107      .999
    44  .11751E+03  .85037E+00    2    1    100     6.113      .999
    45  .11836E+03  .85037E+00    2    1    102     6.119      .999
    46  .11921E+03  .85037E+00    2    1    104     6.124      .999
    47  .12007E+03  .85037E+00    2    1    106     6.129      .999
    48  .12092E+03  .85037E+00    2    1    108     6.133      .999
    49  .12177E+03  .85037E+00    2    1    110     6.138      .999
    50  .12262E+03  .85037E+00    2    1    112     6.142      .999
    51  .12347E+03  .85037E+00    2    1    114     6.146      .999
    52  .12432E+03  .85037E+00    2    1    116     6.149      .999
    53  .12517E+03  .85037E+00    2    1    118     6.152      .999
    54  .12602E+03  .85037E+00    2    1    120     6.156      .999
    55  .12687E+03  .85037E+00    2    1    122     6.159      .999
    56  .12772E+03  .85037E+00    2    1    124     6.161      .999
    57  .12857E+03  .85037E+00    2    1    126     6.164      .999
    58  .12942E+03  .85037E+00    2    1    128     6.167      .999
    59  .13027E+03  .85037E+00    2    1    130     6.169      .999
    60  .13112E+03  .85037E+00    2    1    132     6.172      .999
    61  .13197E+03  .85037E+00    2    1    134     6.174      .999
    62  .13282E+03  .85037E+00    2    1    136     6.176      .999
    63  .13367E+03  .85037E+00    2    1    138     6.178      .999
    64  .13452E+03  .85037E+00    2    1    140     6.180      .999
    65  .13537E+03  .85037E+00    2    1    142     6.182      .999
    66  .13622E+03  .85037E+00    2    1    144     6.183      .999
    67  .13707E+03  .85037E+00    2    1    146     6.185      .999
    68  .13792E+03  .85037E+00    2    1    148     6.186      .999
    69  .13877E+03  .85037E+00    2    1    150     6.188      .999
    70  .13962E+03  .85037E+00    2    1    152     6.189      .999
    71  .14047E+03  .85037E+00    2    1    154     6.191      .999
    72  .14132E+03  .85037E+00    2    1    156     6.192      .999
    73  .14217E+03  .85037E+00    2    1    158     6.193      .999
    74  .14303E+03  .85037E+00    2    1    160     6.194      .999
    75  .14388E+03  .85037E+00    2    1    162     6.196      .999
    76  .14473E+03  .85037E+00    2    1    164     6.197      .999
    77  .14558E+03  .85037E+00    2    1    166     6.198      .999
    78  .14643E+03  .85037E+00    2    1    168     6.199      .999
    79  .14728E+03  .85037E+00    2    1    170     6.200      .999
    80  .14813E+03  .85037E+00    2    1    172     6.201      .999
    81  .14898E+03  .85037E+00    2    1    174     6.201      .999
    82  .14983E+03  .85037E+00    2    1    176     6.202      .999
    83  .15068E+03  .85037E+00    2    1    178     6.203      .999
    84  .15153E+03  .85037E+00    2    1    180     6.204      .999
    85  .15238E+03  .85037E+00    2    1    182     6.204      .999
    86  .15323E+03  .85037E+00    2    1    184     6.205      .999
    87  .15408E+03  .85037E+00    2    1    186     6.206      .999
    88  .15493E+03  .85037E+00    2    1    188     6.206      .999
    89  .15578E+03  .85037E+00    2    1    190     6.207      .999
    90  .15663E+03  .85037E+00    2    1    192     6.208      .999
    91  .15748E+03  .85037E+00    2    1    194     6.208      .999
    92  .15833E+03  .85037E+00    2    1    196     6.209      .999
    93  .15918E+03  .85037E+00    2    1    198     6.209      .999
    94  .16003E+03  .85037E+00    2    1    200     6.210      .999
    95  .16088E+03  .85037E+00    2    1    202     6.210      .999
    96  .16173E+03  .85037E+00    2    1    204     6.211      .999
    97  .16258E+03  .85037E+00    2    1    206     6.211      .999
    98  .16343E+03  .85037E+00    2    1    208     6.212      .999
    99  .16428E+03  .85037E+00    2    1    210     6.212      .999
   100  .16513E+03  .85037E+00    2    1    212     6.212      .999
   101  .16599E+03  .85037E+00    2    1    214     6.213      .999
   102  .16684E+03  .85037E+00    2    1    216     6.213      .999
   103  .16769E+03  .85037E+00    2    1    218     6.213      .999
   104  .16854E+03  .85037E+00    2    1    220     6.214      .999
   105  .16939E+03  .85037E+00    2    1    222     6.214      .999
   106  .17024E+03  .85037E+00    2    1    224     6.214      .999
   107  .17109E+03  .85037E+00    2    1    226     6.215      .999
   108  .17194E+03  .85037E+00    2    1    228     6.215      .999
   109  .17279E+03  .85037E+00    2    1    230     6.215      .999
   110  .17364E+03  .85037E+00    2    1    232     6.215      .999
   111  .17449E+03  .85037E+00    2    1    234     6.216      .999
   112  .17534E+03  .85037E+00    2    1    236     6.216      .999
   113  .17619E+03  .85037E+00    2    1    238     6.216      .999
   114  .17704E+03  .85037E+00    2    1    240     6.216      .999
   115  .17789E+03  .85037E+00    2    1    242     6.217      .999
   116  .17874E+03  .85037E+00    2    1    244     6.217      .999
   117  .17959E+03  .85037E+00    2    1    246     6.217      .999
   118  .18044E+03  .85037E+00    2    1    248     6.217      .999
   119  .18129E+03  .85037E+00    2    1    250     6.217      .999
   120  .18214E+03  .85037E+00    2    1    252     6.218      .999
   121  .18299E+03  .85037E+00    2    1    254     6.218      .999
   122  .18384E+03  .85037E+00    2    1    256     6.218      .999
   123  .18469E+03  .85037E+00    2    1    258     6.218      .999
   124  .18554E+03  .85037E+00    2    1    260     6.218      .999
   125  .18639E+03  .85037E+00    2    1    262     6.218      .999
   126  .18724E+03  .85037E+00    2    1    264     6.218      .999
   127  .18809E+03  .85037E+00    2    1    266     6.219      .999
   128  .18895E+03  .85037E+00    2    1    268     6.219      .999
   129  .18980E+03  .85037E+00    2    1    270     6.219      .999
   130  .19065E+03  .85037E+00    2    1    272     6.219      .999
   131  .19150E+03  .85037E+00    2    1    274     6.219      .999
   132  .19235E+03  .85037E+00    2    1    276     6.219      .999
   133  .19320E+03  .85037E+00    2    1    278     6.219      .999
   134  .19405E+03  .85037E+00    2    1    280     6.219      .999
   135  .19490E+03  .85037E+00    2    1    282     6.220      .999
   136  .19575E+03  .85037E+00    2    1    284     6.220      .999
   137  .19660E+03  .85037E+00    2    1    286     6.220      .999
   138  .19745E+03  .85037E+00    2    1    288     6.220      .999
   139  .19830E+03  .85037E+00    2    1    290     6.220      .999
   140  .19915E+03  .85037E+00    2    1    292     6.220      .999
   141  .20000E+03  .85037E+00    2    1    294     6.220      .999
   142  .20085E+03  .84746E+00    2    1    296     6.220      .996
   143  .20169E+03  .84746E+00    2    1    298     6.220      .996
   144  .20254E+03  .84746E+00    2    1    300     6.220      .996
   145  .20339E+03  .84746E+00    2    1    302     6.220      .996
   146  .20424E+03  .84746E+00    2    1    304     6.220      .996
   147  .20508E+03  .84746E+00    2    1    306     6.220      .996
   148  .20593E+03  .84746E+00    2    1    308     6.220      .996
   149  .20678E+03  .84746E+00    2    1    310     6.221      .996
   150  .20763E+03  .84746E+00    2    1    312     6.221      .996
   151  .20847E+03  .84746E+00    2    1    314     6.221      .996
   152  .20932E+03  .84746E+00    2    1    316     6.221      .996
   153  .21017E+03  .84746E+00    2    1    318     6.221      .996
   154  .21102E+03  .84746E+00    2    1    320     6.221      .996
   155  .21186E+03  .84746E+00    2    1    322     6.221      .996
   156  .21271E+03  .84746E+00    2    1    324     6.221      .996
   157  .21356E+03  .84746E+00    2    1    326     6.221      .996
   158  .21441E+03  .84746E+00    2    1    328     6.221      .996
   159  .21525E+03  .84746E+00    2    1    330     6.221      .996
   160  .21610E+03  .84746E+00    2    1    332     6.221      .996
   161  .21695E+03  .84746E+00    2    1    334     6.221      .996
   162  .21780E+03  .84746E+00    2    1    336     6.221      .996
   163  .21864E+03  .84746E+00    2    1    338     6.221      .996
   164  .21949E+03  .84746E+00    2    1    340     6.221      .996
   165  .22034E+03  .84746E+00    2    1    342     6.221      .996
   166  .22119E+03  .84746E+00    2    1    344     6.221      .996
   167  .22203E+03  .84746E+00    2    1    346     6.221      .996
   168  .22288E+03  .84746E+00    2    1    348     6.221      .996
   169  .22373E+03  .84746E+00    2    1    350     6.221      .996
   170  .22458E+03  .84746E+00    2    1    352     6.221      .996
   171  .22542E+03  .84746E+00    2    1    354     6.221      .996
   172  .22627E+03  .84746E+00    2    1    356     6.221      .996
   173  .22712E+03  .84746E+00    2    1    358     6.221      .996
   174  .22797E+03  .84746E+00    2    1    360     6.221      .996
   175  .22881E+03  .84746E+00    2    1    362     6.221      .996
   176  .22966E+03  .84746E+00    2    1    364     6.221      .996
   177  .23051E+03  .84746E+00    2    1    366     6.221      .996
   178  .23136E+03  .84746E+00    2    1    368     6.221      .996
   179  .23220E+03  .84746E+00    2    1    370     6.222      .996
   180  .23305E+03  .84746E+00    2    1    372     6.222      .996
   181  .23390E+03  .84746E+00    2    1    374     6.222      .996
   182  .23475E+03  .84746E+00    2    1    376     6.222      .996
   183  .23559E+03  .84746E+00    2    1    378     6.222      .996
   184  .23644E+03  .84746E+00    2    1    380     6.222      .996
   185  .23729E+03  .84746E+00    2    1    382     6.222      .996
   186  .23814E+03  .84746E+00    2    1    384     6.222      .996
   187  .23898E+03  .84746E+00    2    1    386     6.222      .996
   188  .23983E+03  .84746E+00    2    1    388     6.222      .996
   189  .24068E+03  .84746E+00    2    1    390     6.222      .996
   190  .24153E+03  .84746E+00    2    1    392     6.222      .996
   191  .24237E+03  .84746E+00    2    1    394     6.222      .996
   192  .24322E+03  .84746E+00    2    1    396     6.222      .996
   193  .24407E+03  .84746E+00    2    1    398     6.222      .996
   194  .24492E+03  .84746E+00    2    1    400     6.222      .996
   195  .24576E+03  .84746E+00    2    1    402     6.222      .996
   196  .24661E+03  .84746E+00    2    1    404     6.222      .996
   197  .24746E+03  .84746E+00    2    1    406     6.222      .996
   198  .24831E+03  .84746E+00    2    1    408     6.222      .996
   199  .24915E+03  .84746E+00    2    1    410     6.222      .996
   200  .25000E+03  .84746E+00    2    1    412     6.222      .996
   201  .25085E+03  .84746E+00    2    1    414     6.222      .996
   202  .25169E+03  .84746E+00    2    1    416     6.222      .996
   203  .25254E+03  .84746E+00    2    1    418     6.222      .996
   204  .25339E+03  .84746E+00    2    1    420     6.222      .996
   205  .25424E+03  .84746E+00    2    1    422     6.222      .996
   206  .25508E+03  .84746E+00    2    1    424     6.222      .996
   207  .25593E+03  .84746E+00    2    1    426     6.222      .996
   208  .25678E+03  .84746E+00    2    1    428     6.222      .996
   209  .25763E+03  .84746E+00    2    1    430     6.222      .996
   210  .25847E+03  .84746E+00    2    1    432     6.222      .996
   211  .25932E+03  .84746E+00    2    1    434     6.222      .996
   212  .26017E+03  .84746E+00    2    1    436     6.222      .996
   213  .26102E+03  .84746E+00    2    1    438     6.222      .996
   214  .26186E+03  .84746E+00    2    1    440     6.222      .996
   215  .26271E+03  .84746E+00    2    1    442     6.222      .996
   216  .26356E+03  .84746E+00    2    1    444     6.222      .996
   217  .26441E+03  .84746E+00    2    1    446     6.222      .996
   218  .26525E+03  .84746E+00    2    1    448     6.222      .996
   219  .26610E+03  .84746E+00    2    1    450     6.222      .996
   220  .26695E+03  .84746E+00    2    1    452     6.222      .996
   221  .26780E+03  .84746E+00    2    1    454     6.222      .996
   222  .26864E+03  .84746E+00    2    1    456     6.222      .996
   223  .26949E+03  .84746E+00    2    1    458     6.222      .996
   224  .27034E+03  .84746E+00    2    1    460     6.222      .996
   225  .27119E+03  .84746E+00    2    1    462     6.222      .996
   226  .27203E+03  .84746E+00    2    1    464     6.222      .996
   227  .27288E+03  .84746E+00    2    1    466     6.222      .996
   228  .27373E+03  .84746E+00    2    1    468     6.222      .996
   229  .27458E+03  .84746E+00    2    1    470     6.222      .996
   230  .27542E+03  .84746E+00    2    1    472     6.222      .996
   231  .27627E+03  .84746E+00    2    1    474     6.222      .996
   232  .27712E+03  .84746E+00    2    1    476     6.222      .996
   233  .27797E+03  .84746E+00    2    1    478     6.222      .996
   234  .27881E+03  .84746E+00    2    1    480     6.222      .996
   235  .27966E+03  .84746E+00    2    1    482     6.222      .996
   236  .28051E+03  .84746E+00    2    1    484     6.222      .996
   237  .28136E+03  .84746E+00    2    1    486     6.222      .996
   238  .28220E+03  .84746E+00    2    1    488     6.222      .996
   239  .28305E+03  .84746E+00    2    1    490     6.222      .996
   240  .28390E+03  .84746E+00    2    1    492     6.222      .996
   241  .28475E+03  .84746E+00    2    1    494     6.222      .996
   242  .28559E+03  .84746E+00    2    1    496     6.222      .996
   243  .28644E+03  .84746E+00    2    1    498     6.222      .996
   244  .28729E+03  .84746E+00    2    1    500     6.222      .996
   245  .28814E+03  .84746E+00    2    1    502     6.222      .996
   246  .28898E+03  .84746E+00    2    1    504     6.222      .996
   247  .28983E+03  .84746E+00    2    1    506     6.222      .996
   248  .29068E+03  .84746E+00    2    1    508     6.222      .996
   249  .29153E+03  .84746E+00    2    1    510     6.222      .996
   250  .29237E+03  .84746E+00    2    1    512     6.222      .996
   251  .29322E+03  .84746E+00    2    1    514     6.222      .996
   252  .29407E+03  .84746E+00    2    1    516     6.222      .996
   253  .29492E+03  .84746E+00    2    1    518     6.222      .996
   254  .29576E+03  .84746E+00    2    1    520     6.222      .996
   255  .29661E+03  .84746E+00    2    1    522     6.222      .996
   256  .29746E+03  .84746E+00    2    1    524     6.222      .996
   257  .29831E+03  .84745E+00    2    1    526     6.222      .996
   258  .29915E+03  .84746E+00    2    1    528     6.222      .996
   259  .30000E+03  .84747E+00    2    1    530     6.222      .996
   260  .30085E+03  .84746E+00    2    1    532     6.222      .996
   261  .30169E+03  .84746E+00    2    1    534     6.222      .996
   262  .30254E+03  .84746E+00    2    1    536     6.222      .996
   263  .30339E+03  .84746E+00    2    1    538     6.222      .996
   264  .30424E+03  .84746E+00    2    1    540     6.222      .996
   265  .30508E+03  .84746E+00    2    1    542     6.222      .996
   266  .30593E+03  .84746E+00    2    1    544     6.222      .996
   267  .30678E+03  .84746E+00    2    1    546     6.222      .996
   268  .30763E+03  .84746E+00    2    1    548     6.222      .996
   269  .30847E+03  .84746E+00    2    1    550     6.222      .996
   270  .30932E+03  .84746E+00    2    1    552     6.222      .996
   271  .31017E+03  .84746E+00    2    1    554     6.222      .996
   272  .31102E+03  .84746E+00    2    1    556     6.222      .996
   273  .31186E+03  .84746E+00    2    1    558     6.222      .996
   274  .31271E+03  .84746E+00    2    1    560     6.222      .996
   275  .31356E+03  .84746E+00    2    1    562     6.222      .996
   276  .31441E+03  .84746E+00    2    1    564     6.222      .996
   277  .31525E+03  .84746E+00    2    1    566     6.222      .996
   278  .31610E+03  .84746E+00    2    1    568     6.222      .996
   279  .31695E+03  .84746E+00    2    1    570     6.222      .996
   280  .31780E+03  .84746E+00    2    1    572     6.222      .996
   281  .31864E+03  .84746E+00    2    1    574     6.222      .996
   282  .31949E+03  .84746E+00    2    1    576     6.222      .996
   283  .32034E+03  .84746E+00    2    1    578     6.222      .996
   284  .32119E+03  .84746E+00    2    1    580     6.222      .996
   285  .32203E+03  .84746E+00    2    1    582     6.222      .996
   286  .32288E+03  .84746E+00    2    1    584     6.222      .996
   287  .32373E+03  .84746E+00    2    1    586     6.222      .996
   288  .32458E+03  .84746E+00    2    1    588     6.222      .996
   289  .32542E+03  .84746E+00    2    1    590     6.222      .996
   290  .32627E+03  .84746E+00    2    1    592     6.222      .996
   291  .32712E+03  .84746E+00    2    1    594     6.222      .996
   292  .32797E+03  .84746E+00    2    1    596     6.222      .996
   293  .32881E+03  .84746E+00    2    1    598     6.222      .996
   294  .32966E+03  .84746E+00    2    1    600     6.222      .996
   295  .33051E+03  .84746E+00    2    1    602     6.222      .996
   296  .33136E+03  .84746E+00    2    1    604     6.222      .996
   297  .33220E+03  .84746E+00    2    1    606     6.222      .996
   298  .33305E+03  .84746E+00    2    1    608     6.222      .996
   299  .33390E+03  .84746E+00    2    1    610     6.222      .996
   300  .33475E+03  .84746E+00    2    1    612     6.222      .996
   301  .33559E+03  .84746E+00    2    1    614     6.222      .996
   302  .33644E+03  .84746E+00    2    1    616     6.222      .996
   303  .33729E+03  .84746E+00    2    1    618     6.222      .996
   304  .33814E+03  .84746E+00    2    1    620     6.222      .996
   305  .33898E+03  .84746E+00    2    1    622     6.222      .996
   306  .33983E+03  .84746E+00    2    1    624     6.222      .996
   307  .34068E+03  .84746E+00    2    1    626     6.222      .996
   308  .34153E+03  .84746E+00    2    1    628     6.222      .996
   309  .34237E+03  .84746E+00    2    1    630     6.222      .996
   310  .34322E+03  .84746E+00    2    1    632     6.222      .996
   311  .34407E+03  .84746E+00    2    1    634     6.222      .996
   312  .34492E+03  .84746E+00    2    1    636     6.222      .996
   313  .34576E+03  .84746E+00    2    1    638     6.222      .996
   314  .34661E+03  .84746E+00    2    1    640     6.222      .996
   315  .34746E+03  .84746E+00    2    1    642     6.222      .996
   316  .34831E+03  .84746E+00    2    1    644     6.222      .996
   317  .34915E+03  .84746E+00    2    1    646     6.222      .996
   318  .35000E+03  .84746E+00    2    1    648     6.222      .996
   319  .35085E+03  .84746E+00    2    1    650     6.222      .996
   320  .35169E+03  .84746E+00    2    1    652     6.222      .996
   321  .35254E+03  .84746E+00    2    1    654     6.222      .996
   322  .35339E+03  .84746E+00    2    1    656     6.222      .996
   323  .35424E+03  .84746E+00    2    1    658     6.222      .996
   324  .35508E+03  .84746E+00    2    1    660     6.222      .996
   325  .35593E+03  .84746E+00    2    1    662     6.222      .996
   326  .35678E+03  .84746E+00    2    1    664     6.222      .996
   327  .35763E+03  .84746E+00    2    1    666     6.222      .996
   328  .35847E+03  .84746E+00    2    1    668     6.222      .996
   329  .35932E+03  .84746E+00    2    1    670     6.222      .996
   330  .36017E+03  .84746E+00    2    1    672     6.222      .996
   331  .36102E+03  .84746E+00    2    1    674     6.222      .996
   332  .36186E+03  .84746E+00    2    1    676     6.222      .996
   333  .36271E+03  .84746E+00    2    1    678     6.222      .996
   334  .36356E+03  .84746E+00    2    1    680     6.222      .996
   335  .36441E+03  .84746E+00    2    1    682     6.222      .996
   336  .36525E+03  .84746E+00    2    1    684     6.222      .996
   337  .36610E+03  .84746E+00    2    1    686     6.222      .996
   338  .36695E+03  .84746E+00    2    1    688     6.222      .996
   339  .36780E+03  .84746E+00    2    1    690     6.222      .996
   340  .36864E+03  .84746E+00    2    1    692     6.222      .996
   341  .36949E+03  .84746E+00    2    1    694     6.222      .996
   342  .37034E+03  .84746E+00    2    1    696     6.222      .996
   343  .37119E+03  .84746E+00    2    1    698     6.222      .996
   344  .37203E+03  .84746E+00    2    1    700     6.222      .996
   345  .37288E+03  .84746E+00    2    1    702     6.222      .996
   346  .37373E+03  .84746E+00    2    1    704     6.222      .996
   347  .37458E+03  .84746E+00    2    1    706     6.222      .996
   348  .37542E+03  .84746E+00    2    1    708     6.222      .996
   349  .37627E+03  .84746E+00    2    1    710     6.222      .996
   350  .37712E+03  .84746E+00    2    1    712     6.222      .996
   351  .37797E+03  .84746E+00    2    1    714     6.222      .996
   352  .37881E+03  .84746E+00    2    1    716     6.222      .996
   353  .37966E+03  .84746E+00    2    1    718     6.222      .996
   354  .38051E+03  .84746E+00    2    1    720     6.222      .996
   355  .38136E+03  .84746E+00    2    1    722     6.222      .996
   356  .38220E+03  .84746E+00    2    1    724     6.222      .996
   357  .38305E+03  .84746E+00    2    1    726     6.222      .996
   358  .38390E+03  .84746E+00    2    1    728     6.222      .996
   359  .38475E+03  .84746E+00    2    1    730     6.222      .996
   360  .38559E+03  .84746E+00    2    1    732     6.222      .996
   361  .38644E+03  .84746E+00    2    1    734     6.222      .996
   362  .38729E+03  .84746E+00    2    1    736     6.222      .996
   363  .38814E+03  .84746E+00    2    1    738     6.222      .996
   364  .38898E+03  .84746E+00    2    1    740     6.222      .996
   365  .38983E+03  .84746E+00    2    1    742     6.222      .996
   366  .39068E+03  .84746E+00    2    1    744     6.222      .996
   367  .39153E+03  .84746E+00    2    1    746     6.222      .996
   368  .39237E+03  .84746E+00    2    1    748     6.222      .996
   369  .39322E+03  .84746E+00    2    1    750     6.222      .996
   370  .39407E+03  .84746E+00    2    1    752     6.222      .996
   371  .39492E+03  .84746E+00    2    1    754     6.222      .996
   372  .39576E+03  .84746E+00    2    1    756     6.222      .996
   373  .39661E+03  .84746E+00    2    1    758     6.222      .996
   374  .39746E+03  .84746E+00    2    1    760     6.222      .996
   375  .39831E+03  .84745E+00    2    1    762     6.222      .996
   376  .39915E+03  .84746E+00    2    1    764     6.222      .996
   377  .40000E+03  .84747E+00    2    1    766     6.222      .996
   378  .40085E+03  .84746E+00    2    1    768     6.222      .996
   379  .40169E+03  .84746E+00    2    1    770     6.222      .996
   380  .40254E+03  .84746E+00    2    1    772     6.222      .996
   381  .40339E+03  .84746E+00    2    1    774     6.222      .996
   382  .40424E+03  .84746E+00    2    1    776     6.222      .996
   383  .40508E+03  .84746E+00    2    1    778     6.222      .996
   384  .40593E+03  .84746E+00    2    1    780     6.222      .996
   385  .40678E+03  .84746E+00    2    1    782     6.222      .996
   386  .40763E+03  .84746E+00    2    1    784     6.222      .996
   387  .40847E+03  .84746E+00    2    1    786     6.222      .996
   388  .40932E+03  .84746E+00    2    1    788     6.222      .996
   389  .41017E+03  .84746E+00    2    1    790     6.222      .996
   390  .41102E+03  .84746E+00    2    1    792     6.222      .996
   391  .41186E+03  .84746E+00    2    1    794     6.222      .996
   392  .41271E+03  .84746E+00    2    1    796     6.222      .996
   393  .41356E+03  .84746E+00    2    1    798     6.222      .996
   394  .41441E+03  .84746E+00    2    1    800     6.222      .996
   395  .41525E+03  .84746E+00    2    1    802     6.222      .996
   396  .41610E+03  .84746E+00    2    1    804     6.222      .996
   397  .41695E+03  .84746E+00    2    1    806     6.222      .996
   398  .41780E+03  .84746E+00    2    1    808     6.222      .996
   399  .41864E+03  .84746E+00    2    1    810     6.222      .996
   400  .41949E+03  .84746E+00    2    1    812     6.222      .996
   401  .42034E+03  .84746E+00    2    1    814     6.222      .996
   402  .42119E+03  .84746E+00    2    1    816     6.222      .996
   403  .42203E+03  .84746E+00    2    1    818     6.222      .996
   404  .42288E+03  .84746E+00    2    1    820     6.222      .996
   405  .42373E+03  .84746E+00    2    1    822     6.222      .996
   406  .42458E+03  .84746E+00    2    1    824     6.222      .996
   407  .42542E+03  .84746E+00    2    1    826     6.222      .996
   408  .42627E+03  .84746E+00    2    1    828     6.222      .996
   409  .42712E+03  .84746E+00    2    1    830     6.222      .996
   410  .42797E+03  .84746E+00    2    1    832     6.222      .996
   411  .42881E+03  .84746E+00    2    1    834     6.222      .996
   412  .42966E+03  .84746E+00    2    1    836     6.222      .996
   413  .43051E+03  .84746E+00    2    1    838     6.222      .996
   414  .43136E+03  .84746E+00    2    1    840     6.222      .996
   415  .43220E+03  .84746E+00    2    1    842     6.222      .996
   416  .43305E+03  .84746E+00    2    1    844     6.222      .996
   417  .43390E+03  .84746E+00    2    1    846     6.222      .996
   418  .43475E+03  .84746E+00    2    1    848     6.222      .996
   419  .43559E+03  .84746E+00    2    1    850     6.222      .996
   420  .43644E+03  .84746E+00    2    1    852     6.222      .996
   421  .43729E+03  .84746E+00    2    1    854     6.222      .996
   422  .43814E+03  .84746E+00    2    1    856     6.222      .996
   423  .43898E+03  .84746E+00    2    1    858     6.222      .996
   424  .43983E+03  .84746E+00    2    1    860     6.222      .996
   425  .44068E+03  .84746E+00    2    1    862     6.222      .996
   426  .44153E+03  .84746E+00    2    1    864     6.222      .996
   427  .44237E+03  .84746E+00    2    1    866     6.222      .996
   428  .44322E+03  .84746E+00    2    1    868     6.222      .996
   429  .44407E+03  .84746E+00    2    1    870     6.222      .996
   430  .44492E+03  .84746E+00    2    1    872     6.222      .996
   431  .44576E+03  .84746E+00    2    1    874     6.222      .996
   432  .44661E+03  .84746E+00    2    1    876     6.222      .996
   433  .44746E+03  .84746E+00    2    1    878     6.222      .996
   434  .44831E+03  .84746E+00    2    1    880     6.222      .996
   435  .44915E+03  .84746E+00    2    1    882     6.222      .996
   436  .45000E+03  .84746E+00    2    1    884     6.222      .996
   437  .45085E+03  .84746E+00    2    1    886     6.222      .996
   438  .45169E+03  .84746E+00    2    1    888     6.222      .996
   439  .45254E+03  .84746E+00    2    1    890     6.222      .996
   440  .45339E+03  .84746E+00    2    1    892     6.222      .996
   441  .45424E+03  .84746E+00    2    1    894     6.222      .996
   442  .45508E+03  .84746E+00    2    1    896     6.222      .996
   443  .45593E+03  .84746E+00    2    1    898     6.222      .996
   444  .45678E+03  .84746E+00    2    1    900     6.222      .996
   445  .45763E+03  .84746E+00    2    1    902     6.222      .996
   446  .45847E+03  .84746E+00    2    1    904     6.222      .996
   447  .45932E+03  .84746E+00    2    1    906     6.222      .996
   448  .46017E+03  .84746E+00    2    1    908     6.222      .996
   449  .46102E+03  .84746E+00    2    1    910     6.222      .996
   450  .46186E+03  .84746E+00    2    1    912     6.222      .996
   451  .46271E+03  .84746E+00    2    1    914     6.222      .996
   452  .46356E+03  .84746E+00    2    1    916     6.222      .996
   453  .46441E+03  .84746E+00    2    1    918     6.222      .996
   454  .46525E+03  .84746E+00    2    1    920     6.222      .996
   455  .46610E+03  .84746E+00    2    1    922     6.222      .996
   456  .46695E+03  .84746E+00    2    1    924     6.222      .996
   457  .46780E+03  .84746E+00    2    1    926     6.222      .996
   458  .46864E+03  .84746E+00    2    1    928     6.222      .996
   459  .46949E+03  .84746E+00    2    1    930     6.222      .996
   460  .47034E+03  .84746E+00    2    1    932     6.222      .996
   461  .47119E+03  .84746E+00    2    1    934     6.222      .996
   462  .47203E+03  .84746E+00    2    1    936     6.222      .996
   463  .47288E+03  .84746E+00    2    1    938     6.222      .996
   464  .47373E+03  .84746E+00    2    1    940     6.222      .996
   465  .47458E+03  .84746E+00    2    1    942     6.222      .996
   466  .47542E+03  .84746E+00    2    1    944     6.222      .996
   467  .47627E+03  .84746E+00    2    1    946     6.222      .996
   468  .47712E+03  .84746E+00    2    1    948     6.222      .996
   469  .47797E+03  .84746E+00    2    1    950     6.222      .996
   470  .47881E+03  .84746E+00    2    1    952     6.222      .996
   471  .47966E+03  .84746E+00    2    1    954     6.222      .996
   472  .48051E+03  .84746E+00    2    1    956     6.222      .996
   473  .48136E+03  .84746E+00    2    1    958     6.222      .996
   474  .48220E+03  .84746E+00    2    1    960     6.222      .996
   475  .48305E+03  .84746E+00    2    1    962     6.222      .996
   476  .48390E+03  .84746E+00    2    1    964     6.222      .996
   477  .48475E+03  .84746E+00    2    1    966     6.222      .996
   478  .48559E+03  .84746E+00    2    1    968     6.222      .996
   479  .48644E+03  .84746E+00    2    1    970     6.222      .996
   480  .48729E+03  .84746E+00    2    1    972     6.222      .996
   481  .48814E+03  .84746E+00    2    1    974     6.222      .996
   482  .48898E+03  .84746E+00    2    1    976     6.222      .996
   483  .48983E+03  .84746E+00    2    1    978     6.222      .996
   484  .49068E+03  .84746E+00    2    1    980     6.222      .996
   485  .49153E+03  .84746E+00    2    1    982     6.222      .996
   486  .49237E+03  .84746E+00    2    1    984     6.222      .996
   487  .49322E+03  .84746E+00    2    1    986     6.222      .996
   488  .49407E+03  .84746E+00    2    1    988     6.222      .996
   489  .49492E+03  .84746E+00    2    1    990     6.222      .996
   490  .49576E+03  .84746E+00    2    1    992     6.222      .996
   491  .49661E+03  .84746E+00    2    1    994     6.222      .996
   492  .49746E+03  .84746E+00    2    1    996     6.222      .996
   493  .49831E+03  .84745E+00    2    1    998     6.222      .996
   494  .49915E+03  .84746E+00    2    1   1000     6.222      .996
   495  .50000E+03  .84747E+00    2    1   1002     6.222      .996
   496  .50085E+03  .84746E+00    2    1   1004     6.222      .996
   497  .50169E+03  .84746E+00    2    1   1006     6.222      .996
   498  .50254E+03  .84746E+00    2    1   1008     6.222      .996
   499  .50339E+03  .84746E+00    2    1   1010     6.222      .996
   500  .50424E+03  .84746E+00    2    1   1012     6.222      .996
   501  .50508E+03  .84746E+00    2    1   1014     6.222      .996
   502  .50593E+03  .84746E+00    2    1   1016     6.222      .996
   503  .50678E+03  .84746E+00    2    1   1018     6.222      .996
   504  .50763E+03  .84746E+00    2    1   1020     6.222      .996
   505  .50847E+03  .84746E+00    2    1   1022     6.222      .996
   506  .50932E+03  .84746E+00    2    1   1024     6.222      .996
   507  .51017E+03  .84746E+00    2    1   1026     6.222      .996
   508  .51102E+03  .84746E+00    2    1   1028     6.222      .996
   509  .51186E+03  .84746E+00    2    1   1030     6.222      .996
   510  .51271E+03  .84746E+00    2    1   1032     6.222      .996
   511  .51356E+03  .84746E+00    2    1   1034     6.222      .996
   512  .51441E+03  .84746E+00    2    1   1036     6.222      .996
   513  .51525E+03  .84746E+00    2    1   1038     6.222      .996
   514  .51610E+03  .84746E+00    2    1   1040     6.222      .996
   515  .51695E+03  .84746E+00    2    1   1042     6.222      .996
   516  .51780E+03  .84746E+00    2    1   1044     6.222      .996
   517  .51864E+03  .84746E+00    2    1   1046     6.222      .996
   518  .51949E+03  .84746E+00    2    1   1048     6.222      .996
   519  .52034E+03  .84746E+00    2    1   1050     6.222      .996
   520  .52119E+03  .84746E+00    2    1   1052     6.222      .996
   521  .52203E+03  .84746E+00    2    1   1054     6.222      .996
   522  .52288E+03  .84746E+00    2    1   1056     6.222      .996
   523  .52373E+03  .84746E+00    2    1   1058     6.222      .996
   524  .52458E+03  .84746E+00    2    1   1060     6.222      .996
   525  .52542E+03  .84746E+00    2    1   1062     6.222      .996
   526  .52627E+03  .84746E+00    2    1   1064     6.222      .996
   527  .52712E+03  .84745E+00    2    1   1066     6.222      .996
   528  .52797E+03  .84745E+00    2    1   1068     6.222      .996
   529  .52881E+03  .84745E+00    2    1   1070     6.222      .996
   530  .52966E+03  .84745E+00    2    1   1072     6.222      .996
   531  .53051E+03  .84745E+00    2    1   1074     6.222      .996
   532  .53136E+03  .84745E+00    2    1   1076     6.222      .996
   533  .53220E+03  .84745E+00    2    1   1078     6.222      .996
   534  .53305E+03  .84745E+00    2    1   1080     6.222      .996
   535  .53390E+03  .84745E+00    2    1   1082     6.222      .996
   536  .53475E+03  .84745E+00    2    1   1084     6.222      .996
   537  .53559E+03  .84745E+00    2    1   1086     6.222      .996
   538  .53644E+03  .84745E+00    2    1   1088     6.222      .996
   539  .53729E+03  .84745E+00    2    1   1090     6.222      .996
   540  .53814E+03  .84745E+00    2    1   1092     6.222      .996
   541  .53898E+03  .84745E+00    2    1   1094     6.222      .996
   542  .53983E+03  .84745E+00    2    1   1096     6.222      .996
   543  .54068E+03  .84745E+00    2    1   1098     6.222      .996
   544  .54153E+03  .84745E+00    2    1   1100     6.222      .996
   545  .54237E+03  .84745E+00    2    1   1102     6.222      .996
   546  .54322E+03  .84745E+00    2    1   1104     6.222      .996
   547  .54407E+03  .84745E+00    2    1   1106     6.222      .996
   548  .54492E+03  .84745E+00    2    1   1108     6.222      .996
   549  .54576E+03  .84745E+00    2    1   1110     6.222      .996
   550  .54661E+03  .84745E+00    2    1   1112     6.222      .996
   551  .54746E+03  .84745E+00    2    1   1114     6.222      .996
   552  .54831E+03  .84745E+00    2    1   1116     6.222      .996
   553  .54915E+03  .84745E+00    2    1   1118     6.222      .996
   554  .55000E+03  .84745E+00    2    1   1120     6.222      .996
   555  .55085E+03  .84745E+00    2    1   1122     6.222      .996
   556  .55170E+03  .84745E+00    2    1   1124     6.222      .996
   557  .55254E+03  .84745E+00    2    1   1126     6.222      .996
   558  .55339E+03  .84744E+00    2    1   1128     6.222      .996
   559  .55424E+03  .84744E+00    2    1   1130     6.222      .996
   560  .55509E+03  .84744E+00    2    1   1132     6.222      .996
   561  .55593E+03  .84744E+00    2    1   1134     6.222      .996
   562  .55678E+03  .84744E+00    2    1   1136     6.222      .996
   563  .55763E+03  .84744E+00    2    1   1138     6.222      .996
   564  .55848E+03  .84744E+00    2    1   1140     6.222      .996
   565  .55932E+03  .84744E+00    2    1   1142     6.222      .996
   566  .56017E+03  .84744E+00    2    1   1144     6.222      .996
   567  .56102E+03  .84744E+00    2    1   1146     6.222      .996
   568  .56187E+03  .84744E+00    2    1   1148     6.222      .996
   569  .56271E+03  .84744E+00    2    1   1150     6.222      .996
   570  .56356E+03  .84744E+00    2    1   1152     6.222      .996
   571  .56441E+03  .84744E+00    2    1   1154     6.222      .996
   572  .56525E+03  .84744E+00    2    1   1156     6.222      .996
   573  .56610E+03  .84744E+00    2    1   1158     6.222      .996
   574  .56695E+03  .84744E+00    2    1   1160     6.222      .996
   575  .56780E+03  .84744E+00    2    1   1162     6.222      .996
   576  .56864E+03  .84744E+00    2    1   1164     6.222      .996
   577  .56949E+03  .84744E+00    2    1   1166     6.222      .996
   578  .57034E+03  .84744E+00    2    1   1168     6.222      .996
   579  .57119E+03  .84744E+00    2    1   1170     6.222      .996
   580  .57203E+03  .84744E+00    2    1   1172     6.222      .996
   581  .57288E+03  .84744E+00    2    1   1174     6.222      .996
   582  .57373E+03  .84744E+00    2    1   1176     6.222      .996
   583  .57458E+03  .84744E+00    2    1   1178     6.222      .996
   584  .57542E+03  .84744E+00    2    1   1180     6.222      .996
   585  .57627E+03  .84744E+00    2    1   1182     6.222      .996
   586  .57712E+03  .84744E+00    2    1   1184     6.222      .996
   587  .57797E+03  .84744E+00    2    1   1186     6.222      .996
   588  .57881E+03  .84744E+00    2    1   1188     6.222      .996
   589  .57966E+03  .84744E+00    2    1   1190     6.222      .996
   590  .58051E+03  .84744E+00    2    1   1192     6.222      .996
   591  .58136E+03  .84744E+00    2    1   1194     6.222      .996
   592  .58220E+03  .84744E+00    2    1   1196     6.222      .996
   593  .58305E+03  .84744E+00    2    1   1198     6.222      .996
   594  .58390E+03  .84744E+00    2    1   1200     6.222      .996
   595  .58475E+03  .84744E+00    2    1   1202     6.222      .996
   596  .58559E+03  .84744E+00    2    1   1204     6.222      .996
   597  .58644E+03  .84744E+00    2    1   1206     6.222      .996
   598  .58729E+03  .84744E+00    2    1   1208     6.222      .996
   599  .58814E+03  .84744E+00    2    1   1210     6.222      .996
   600  .58898E+03  .84744E+00    2    1   1212     6.222      .996
   601  .58983E+03  .84744E+00    2    1   1214     6.222      .996
   602  .59068E+03  .84744E+00    2    1   1216     6.222      .996
   603  .59153E+03  .84745E+00    2    1   1218     6.222      .996
   604  .59237E+03  .84744E+00    2    1   1220     6.222      .996
   605  .59322E+03  .84744E+00    2    1   1222     6.222      .996
   606  .59407E+03  .84744E+00    2    1   1224     6.222      .996
   607  .59492E+03  .84745E+00    2    1   1226     6.222      .996
   608  .59576E+03  .84744E+00    2    1   1228     6.222      .996
   609  .59661E+03  .84744E+00    2    1   1230     6.222      .996
   610  .59746E+03  .84744E+00    2    1   1232     6.222      .996
   611  .59831E+03  .84745E+00    2    1   1234     6.222      .996
   612  .59915E+03  .84744E+00    2    1   1236     6.222      .996
   613  .60000E+03  .84741E+00    2    1   1238     6.222      .996
   614  .60085E+03  .84746E+00    2    1   1240     6.222      .996
   615  .60169E+03  .84746E+00    2    1   1242     6.222      .996
   616  .60254E+03  .84746E+00    2    1   1244     6.222      .996
   617  .60339E+03  .84746E+00    2    1   1246     6.222      .996
   618  .60424E+03  .84746E+00    2    1   1248     6.222      .996
   619  .60508E+03  .84746E+00    2    1   1250     6.222      .996
   620  .60593E+03  .84746E+00    2    1   1252     6.222      .996
   621  .60678E+03  .84746E+00    2    1   1254     6.222      .996
   622  .60763E+03  .84746E+00    2    1   1256     6.222      .996
   623  .60847E+03  .84746E+00    2    1   1258     6.222      .996
   624  .60932E+03  .84746E+00    2    1   1260     6.222      .996
   625  .61017E+03  .84746E+00    2    1   1262     6.222      .996
   626  .61102E+03  .84746E+00    2    1   1264     6.222      .996
   627  .61186E+03  .84746E+00    2    1   1266     6.222      .996
   628  .61271E+03  .84746E+00    2    1   1268     6.222      .996
   629  .61356E+03  .84746E+00    2    1   1270     6.222      .996
   630  .61441E+03  .84746E+00    2    1   1272     6.222      .996
   631  .61525E+03  .84746E+00    2    1   1274     6.222      .996
   632  .61610E+03  .84745E+00    2    1   1276     6.222      .996
   633  .61695E+03  .84745E+00    2    1   1278     6.222      .996
   634  .61780E+03  .84745E+00    2    1   1280     6.222      .996
   635  .61864E+03  .84745E+00    2    1   1282     6.222      .996
   636  .61949E+03  .84745E+00    2    1   1284     6.222      .996
   637  .62034E+03  .84745E+00    2    1   1286     6.222      .996
   638  .62119E+03  .84745E+00    2    1   1288     6.222      .996
   639  .62203E+03  .84745E+00    2    1   1290     6.222      .996
   640  .62288E+03  .84745E+00    2    1   1292     6.222      .996
   641  .62373E+03  .84745E+00    2    1   1294     6.222      .996
   642  .62458E+03  .84745E+00    2    1   1296     6.222      .996
   643  .62542E+03  .84745E+00    2    1   1298     6.222      .996
   644  .62627E+03  .84745E+00    2    1   1300     6.222      .996
   645  .62712E+03  .84745E+00    2    1   1302     6.222      .996
   646  .62797E+03  .84745E+00    2    1   1304     6.222      .996
   647  .62881E+03  .84745E+00    2    1   1306     6.222      .996
   648  .62966E+03  .84745E+00    2    1   1308     6.222      .996
   649  .63051E+03  .84745E+00    2    1   1310     6.222      .996
   650  .63136E+03  .84745E+00    2    1   1312     6.222      .996
   651  .63220E+03  .84745E+00    2    1   1314     6.222      .996
   652  .63305E+03  .84745E+00    2    1   1316     6.222      .996
   653  .63390E+03  .84745E+00    2    1   1318     6.222      .996
   654  .63475E+03  .84745E+00    2    1   1320     6.222      .996
   655  .63559E+03  .84745E+00    2    1   1322     6.222      .996
   656  .63644E+03  .84745E+00    2    1   1324     6.222      .996
   657  .63729E+03  .84745E+00    2    1   1326     6.222      .996
   658  .63814E+03  .84745E+00    2    1   1328     6.222      .996
   659  .63898E+03  .84745E+00    2    1   1330     6.222      .996
   660  .63983E+03  .84745E+00    2    1   1332     6.222      .996
   661  .64068E+03  .84745E+00    2    1   1334     6.222      .996
   662  .64153E+03  .84745E+00    2    1   1336     6.222      .996
   663  .64237E+03  .84745E+00    2    1   1338     6.222      .996
   664  .64322E+03  .84745E+00    2    1   1340     6.222      .996
   665  .64407E+03  .84745E+00    2    1   1342     6.222      .996
   666  .64492E+03  .84745E+00    2    1   1344     6.222      .996
   667  .64576E+03  .84744E+00    2    1   1346     6.222      .996
   668  .64661E+03  .84744E+00    2    1   1348     6.222      .996
   669  .64746E+03  .84744E+00    2    1   1350     6.222      .996
   670  .64831E+03  .84744E+00    2    1   1352     6.222      .996
   671  .64915E+03  .84744E+00    2    1   1354     6.222      .996
   672  .65000E+03  .84744E+00    2    1   1356     6.222      .996
   673  .65085E+03  .84744E+00    2    1   1358     6.222      .996
   674  .65170E+03  .84744E+00    2    1   1360     6.222      .996
   675  .65254E+03  .84744E+00    2    1   1362     6.222      .996
   676  .65339E+03  .84744E+00    2    1   1364     6.222      .996
   677  .65424E+03  .84744E+00    2    1   1366     6.222      .996
   678  .65509E+03  .84744E+00    2    1   1368     6.222      .996
   679  .65593E+03  .84744E+00    2    1   1370     6.222      .996
   680  .65678E+03  .84744E+00    2    1   1372     6.222      .996
   681  .65763E+03  .84744E+00    2    1   1374     6.222      .996
   682  .65848E+03  .84744E+00    2    1   1376     6.222      .996
   683  .65932E+03  .84744E+00    2    1   1378     6.222      .996
   684  .66017E+03  .84744E+00    2    1   1380     6.222      .996
   685  .66102E+03  .84744E+00    2    1   1382     6.222      .996
   686  .66187E+03  .84744E+00    2    1   1384     6.222      .996
   687  .66271E+03  .84744E+00    2    1   1386     6.222      .996
   688  .66356E+03  .84744E+00    2    1   1388     6.222      .996
   689  .66441E+03  .84744E+00    2    1   1390     6.222      .996
   690  .66525E+03  .84744E+00    2    1   1392     6.222      .996
   691  .66610E+03  .84744E+00    2    1   1394     6.222      .996
   692  .66695E+03  .84744E+00    2    1   1396     6.222      .996
   693  .66780E+03  .84744E+00    2    1   1398     6.222      .996
   694  .66864E+03  .84744E+00    2    1   1400     6.222      .996
   695  .66949E+03  .84744E+00    2    1   1402     6.222      .996
   696  .67034E+03  .84744E+00    2    1   1404     6.222      .996
   697  .67119E+03  .84744E+00    2    1   1406     6.222      .996
   698  .67203E+03  .84744E+00    2    1   1408     6.222      .996
   699  .67288E+03  .84744E+00    2    1   1410     6.222      .996
   700  .67373E+03  .84744E+00    2    1   1412     6.222      .996
   701  .67458E+03  .84744E+00    2    1   1414     6.222      .996
   702  .67542E+03  .84744E+00    2    1   1416     6.222      .996
   703  .67627E+03  .84744E+00    2    1   1418     6.222      .996
   704  .67712E+03  .84744E+00    2    1   1420     6.222      .996
   705  .67797E+03  .84744E+00    2    1   1422     6.222      .996
   706  .67881E+03  .84744E+00    2    1   1424     6.222      .996
   707  .67966E+03  .84744E+00    2    1   1426     6.222      .996
   708  .68051E+03  .84744E+00    2    1   1428     6.222      .996
   709  .68136E+03  .84744E+00    2    1   1430     6.222      .996
   710  .68220E+03  .84744E+00    2    1   1432     6.222      .996
   711  .68305E+03  .84744E+00    2    1   1434     6.222      .996
   712  .68390E+03  .84744E+00    2    1   1436     6.222      .996
   713  .68475E+03  .84744E+00    2    1   1438     6.222      .996
   714  .68559E+03  .84744E+00    2    1   1440     6.222      .996
   715  .68644E+03  .84744E+00    2    1   1442     6.222      .996
   716  .68729E+03  .84744E+00    2    1   1444     6.222      .996
   717  .68814E+03  .84744E+00    2    1   1446     6.222      .996
   718  .68898E+03  .84744E+00    2    1   1448     6.222      .996
   719  .68983E+03  .84744E+00    2    1   1450     6.222      .996
   720  .69068E+03  .84744E+00    2    1   1452     6.222      .996
   721  .69153E+03  .84745E+00    2    1   1454     6.222      .996
   722  .69237E+03  .84744E+00    2    1   1456     6.222      .996
   723  .69322E+03  .84744E+00    2    1   1458     6.222      .996
   724  .69407E+03  .84744E+00    2    1   1460     6.222      .996
   725  .69492E+03  .84745E+00    2    1   1462     6.222      .996
   726  .69576E+03  .84744E+00    2    1   1464     6.222      .996
   727  .69661E+03  .84744E+00    2    1   1466     6.222      .996
   728  .69746E+03  .84744E+00    2    1   1468     6.222      .996
   729  .69831E+03  .84745E+00    2    1   1470     6.222      .996
   730  .69915E+03  .84744E+00    2    1   1472     6.222      .996
   731  .70000E+03  .84741E+00    2    1   1474     6.222      .996
   732  .70085E+03  .84746E+00    2    1   1476     6.222      .996
   733  .70169E+03  .84746E+00    2    1   1478     6.222      .996
   734  .70254E+03  .84746E+00    2    1   1480     6.222      .996
   735  .70339E+03  .84746E+00    2    1   1482     6.222      .996
   736  .70424E+03  .84746E+00    2    1   1484     6.222      .996
   737  .70508E+03  .84746E+00    2    1   1486     6.222      .996
   738  .70593E+03  .84746E+00    2    1   1488     6.222      .996
   739  .70678E+03  .84746E+00    2    1   1490     6.222      .996
   740  .70763E+03  .84746E+00    2    1   1492     6.222      .996
   741  .70847E+03  .84746E+00    2    1   1494     6.222      .996
   742  .70932E+03  .84746E+00    2    1   1496     6.222      .996
   743  .71017E+03  .84746E+00    2    1   1498     6.222      .996
   744  .71102E+03  .84746E+00    2    1   1500     6.222      .996
   745  .71186E+03  .84746E+00    2    1   1502     6.222      .996
   746  .71271E+03  .84746E+00    2    1   1504     6.222      .996
   747  .71356E+03  .84746E+00    2    1   1506     6.222      .996
   748  .71441E+03  .84746E+00    2    1   1508     6.222      .996
   749  .71525E+03  .84746E+00    2    1   1510     6.222      .996
   750  .71610E+03  .84745E+00    2    1   1512     6.222      .996
   751  .71695E+03  .84745E+00    2    1   1514     6.222      .996
   752  .71780E+03  .84745E+00    2    1   1516     6.222      .996
   753  .71864E+03  .84745E+00    2    1   1518     6.222      .996
   754  .71949E+03  .84745E+00    2    1   1520     6.222      .996
   755  .72034E+03  .84745E+00    2    1   1522     6.222      .996
   756  .72119E+03  .84745E+00    2    1   1524     6.222      .996
   757  .72203E+03  .84745E+00    2    1   1526     6.222      .996
   758  .72288E+03  .84745E+00    2    1   1528     6.222      .996
   759  .72373E+03  .84745E+00    2    1   1530     6.222      .996
   760  .72458E+03  .84745E+00    2    1   1532     6.222      .996
   761  .72542E+03  .84745E+00    2    1   1534     6.222      .996
   762  .72627E+03  .84745E+00    2    1   1536     6.222      .996
   763  .72712E+03  .84745E+00    2    1   1538     6.222      .996
   764  .72797E+03  .84745E+00    2    1   1540     6.222      .996
   765  .72881E+03  .84745E+00    2    1   1542     6.222      .996
   766  .72966E+03  .84745E+00    2    1   1544     6.222      .996
   767  .73051E+03  .84745E+00    2    1   1546     6.222      .996
   768  .73136E+03  .84745E+00    2    1   1548     6.222      .996
   769  .73220E+03  .84745E+00    2    1   1550     6.222      .996
   770  .73305E+03  .84745E+00    2    1   1552     6.222      .996
   771  .73390E+03  .84745E+00    2    1   1554     6.222      .996
   772  .73475E+03  .84745E+00    2    1   1556     6.222      .996
   773  .73559E+03  .84745E+00    2    1   1558     6.222      .996
   774  .73644E+03  .84745E+00    2    1   1560     6.222      .996
   775  .73729E+03  .84745E+00    2    1   1562     6.222      .996
   776  .73814E+03  .84745E+00    2    1   1564     6.222      .996
   777  .73898E+03  .84745E+00    2    1   1566     6.222      .996
   778  .73983E+03  .84745E+00    2    1   1568     6.222      .996
   779  .74068E+03  .84745E+00    2    1   1570     6.222      .996
   780  .74153E+03  .84745E+00    2    1   1572     6.222      .996
   781  .74237E+03  .84745E+00    2    1   1574     6.222      .996
   782  .74322E+03  .84745E+00    2    1   1576     6.222      .996
   783  .74407E+03  .84745E+00    2    1   1578     6.222      .996
   784  .74492E+03  .84745E+00    2    1   1580     6.222      .996
   785  .74576E+03  .84744E+00    2    1   1582     6.222      .996
   786  .74661E+03  .84744E+00    2    1   1584     6.222      .996
   787  .74746E+03  .84744E+00    2    1   1586     6.222      .996
   788  .74831E+03  .84744E+00    2    1   1588     6.222      .996
   789  .74915E+03  .84744E+00    2    1   1590     6.222      .996
   790  .75000E+03  .84744E+00    2    1   1592     6.222      .996
   791  .75085E+03  .84744E+00    2    1   1594     6.222      .996
   792  .75170E+03  .84744E+00    2    1   1596     6.222      .996
   793  .75254E+03  .84744E+00    2    1   1598     6.222      .996
   794  .75339E+03  .84744E+00    2    1   1600     6.222      .996
   795  .75424E+03  .84744E+00    2    1   1602     6.222      .996
   796  .75509E+03  .84744E+00    2    1   1604     6.222      .996
   797  .75593E+03  .84744E+00    2    1   1606     6.222      .996
   798  .75678E+03  .84744E+00    2    1   1608     6.222      .996
   799  .75763E+03  .84744E+00    2    1   1610     6.222      .996
   800  .75848E+03  .84744E+00    2    1   1612     6.222      .996
   801  .75932E+03  .84744E+00    2    1   1614     6.222      .996
   802  .76017E+03  .84744E+00    2    1   1616     6.222      .996
   803  .76102E+03  .84744E+00    2    1   1618     6.222      .996
   804  .76187E+03  .84744E+00    2    1   1620     6.222      .996
   805  .76271E+03  .84744E+00    2    1   1622     6.222      .996
   806  .76356E+03  .84744E+00    2    1   1624     6.222      .996
   807  .76441E+03  .84744E+00    2    1   1626     6.222      .996
   808  .76525E+03  .84744E+00    2    1   1628     6.222      .996
   809  .76610E+03  .84744E+00    2    1   1630     6.222      .996
   810  .76695E+03  .84744E+00    2    1   1632     6.222      .996
   811  .76780E+03  .84744E+00    2    1   1634     6.222      .996
   812  .76864E+03  .84744E+00    2    1   1636     6.222      .996
   813  .76949E+03  .84744E+00    2    1   1638     6.222      .996
   814  .77034E+03  .84744E+00    2    1   1640     6.222      .996
   815  .77119E+03  .84744E+00    2    1   1642     6.222      .996
   816  .77203E+03  .84744E+00    2    1   1644     6.222      .996
   817  .77288E+03  .84744E+00    2    1   1646     6.222      .996
   818  .77373E+03  .84744E+00    2    1   1648     6.222      .996
   819  .77458E+03  .84744E+00    2    1   1650     6.222      .996
   820  .77542E+03  .84744E+00    2    1   1652     6.222      .996
   821  .77627E+03  .84744E+00    2    1   1654     6.222      .996
   822  .77712E+03  .84744E+00    2    1   1656     6.222      .996
   823  .77797E+03  .84744E+00    2    1   1658     6.222      .996
   824  .77881E+03  .84744E+00    2    1   1660     6.222      .996
   825  .77966E+03  .84744E+00    2    1   1662     6.222      .996
   826  .78051E+03  .84744E+00    2    1   1664     6.222      .996
   827  .78136E+03  .84744E+00    2    1   1666     6.222      .996
   828  .78220E+03  .84744E+00    2    1   1668     6.222      .996
   829  .78305E+03  .84744E+00    2    1   1670     6.222      .996
   830  .78390E+03  .84744E+00    2    1   1672     6.222      .996
   831  .78475E+03  .84744E+00    2    1   1674     6.222      .996
   832  .78559E+03  .84744E+00    2    1   1676     6.222      .996
   833  .78644E+03  .84744E+00    2    1   1678     6.222      .996
   834  .78729E+03  .84744E+00    2    1   1680     6.222      .996
   835  .78814E+03  .84744E+00    2    1   1682     6.222      .996
   836  .78898E+03  .84744E+00    2    1   1684     6.222      .996
   837  .78983E+03  .84744E+00    2    1   1686     6.222      .996
   838  .79068E+03  .84744E+00    2    1   1688     6.222      .996
   839  .79153E+03  .84745E+00    2    1   1690     6.222      .996
   840  .79237E+03  .84744E+00    2    1   1692     6.222      .996
   841  .79322E+03  .84744E+00    2    1   1694     6.222      .996
   842  .79407E+03  .84744E+00    2    1   1696     6.222      .996
   843  .79492E+03  .84745E+00    2    1   1698     6.222      .996
   844  .79576E+03  .84744E+00    2    1   1700     6.222      .996
   845  .79661E+03  .84744E+00    2    1   1702     6.222      .996
   846  .79746E+03  .84744E+00    2    1   1704     6.222      .996
   847  .79831E+03  .84745E+00    2    1   1706     6.222      .996
   848  .79915E+03  .84744E+00    2    1   1708     6.222      .996
   849  .80000E+03  .84741E+00    2    1   1710     6.222      .996
   850  .80085E+03  .84746E+00    2    1   1712     6.222      .996
   851  .80169E+03  .84746E+00    2    1   1714     6.222      .996
   852  .80254E+03  .84746E+00    2    1   1716     6.222      .996
   853  .80339E+03  .84746E+00    2    1   1718     6.222      .996
   854  .80424E+03  .84746E+00    2    1   1720     6.222      .996
   855  .80508E+03  .84746E+00    2    1   1722     6.222      .996
   856  .80593E+03  .84746E+00    2    1   1724     6.222      .996
   857  .80678E+03  .84746E+00    2    1   1726     6.222      .996
   858  .80763E+03  .84746E+00    2    1   1728     6.222      .996
   859  .80847E+03  .84746E+00    2    1   1730     6.222      .996
   860  .80932E+03  .84746E+00    2    1   1732     6.222      .996
   861  .81017E+03  .84746E+00    2    1   1734     6.222      .996
   862  .81102E+03  .84746E+00    2    1   1736     6.222      .996
   863  .81186E+03  .84746E+00    2    1   1738     6.222      .996
   864  .81271E+03  .84746E+00    2    1   1740     6.222      .996
   865  .81356E+03  .84746E+00    2    1   1742     6.222      .996
   866  .81441E+03  .84746E+00    2    1   1744     6.222      .996
   867  .81525E+03  .84746E+00    2    1   1746     6.222      .996
   868  .81610E+03  .84745E+00    2    1   1748     6.222      .996
   869  .81695E+03  .84745E+00    2    1   1750     6.222      .996
   870  .81780E+03  .84745E+00    2    1   1752     6.222      .996
   871  .81864E+03  .84745E+00    2    1   1754     6.222      .996
   872  .81949E+03  .84745E+00    2    1   1756     6.222      .996
   873  .82034E+03  .84745E+00    2    1   1758     6.222      .996
   874  .82119E+03  .84745E+00    2    1   1760     6.222      .996
   875  .82203E+03  .84745E+00    2    1   1762     6.222      .996
   876  .82288E+03  .84745E+00    2    1   1764     6.222      .996
   877  .82373E+03  .84745E+00    2    1   1766     6.222      .996
   878  .82458E+03  .84745E+00    2    1   1768     6.222      .996
   879  .82542E+03  .84745E+00    2    1   1770     6.222      .996
   880  .82627E+03  .84745E+00    2    1   1772     6.222      .996
   881  .82712E+03  .84745E+00    2    1   1774     6.222      .996
   882  .82797E+03  .84745E+00    2    1   1776     6.222      .996
   883  .82881E+03  .84745E+00    2    1   1778     6.222      .996
   884  .82966E+03  .84745E+00    2    1   1780     6.222      .996
   885  .83051E+03  .84745E+00    2    1   1782     6.222      .996
   886  .83136E+03  .84745E+00    2    1   1784     6.222      .996
   887  .83220E+03  .84745E+00    2    1   1786     6.222      .996
   888  .83305E+03  .84745E+00    2    1   1788     6.222      .996
   889  .83390E+03  .84745E+00    2    1   1790     6.222      .996
   890  .83475E+03  .84745E+00    2    1   1792     6.222      .996
   891  .83559E+03  .84745E+00    2    1   1794     6.222      .996
   892  .83644E+03  .84745E+00    2    1   1796     6.222      .996
   893  .83729E+03  .84745E+00    2    1   1798     6.222      .996
   894  .83814E+03  .84745E+00    2    1   1800     6.222      .996
   895  .83898E+03  .84745E+00    2    1   1802     6.222      .996
   896  .83983E+03  .84745E+00    2    1   1804     6.222      .996
   897  .84068E+03  .84745E+00    2    1   1806     6.222      .996
   898  .84153E+03  .84745E+00    2    1   1808     6.222      .996
   899  .84237E+03  .84745E+00    2    1   1810     6.222      .996
   900  .84322E+03  .84745E+00    2    1   1812     6.222      .996
   901  .84407E+03  .84745E+00    2    1   1814     6.222      .996
   902  .84492E+03  .84745E+00    2    1   1816     6.222      .996
   903  .84576E+03  .84744E+00    2    1   1818     6.222      .996
   904  .84661E+03  .84744E+00    2    1   1820     6.222      .996
   905  .84746E+03  .84744E+00    2    1   1822     6.222      .996
   906  .84831E+03  .84744E+00    2    1   1824     6.222      .996
   907  .84915E+03  .84744E+00    2    1   1826     6.222      .996
   908  .85000E+03  .84744E+00    2    1   1828     6.222      .996
   909  .85085E+03  .84744E+00    2    1   1830     6.222      .996
   910  .85170E+03  .84744E+00    2    1   1832     6.222      .996
   911  .85254E+03  .84744E+00    2    1   1834     6.222      .996
   912  .85339E+03  .84744E+00    2    1   1836     6.222      .996
   913  .85424E+03  .84744E+00    2    1   1838     6.222      .996
   914  .85509E+03  .84744E+00    2    1   1840     6.222      .996
   915  .85593E+03  .84744E+00    2    1   1842     6.222      .996
   916  .85678E+03  .84744E+00    2    1   1844     6.222      .996
   917  .85763E+03  .84744E+00    2    1   1846     6.222      .996
   918  .85848E+03  .84744E+00    2    1   1848     6.222      .996
   919  .85932E+03  .84744E+00    2    1   1850     6.222      .996
   920  .86017E+03  .84744E+00    2    1   1852     6.222      .996
   921  .86102E+03  .84744E+00    2    1   1854     6.222      .996
   922  .86187E+03  .84744E+00    2    1   1856     6.222      .996
   923  .86271E+03  .84744E+00    2    1   1858     6.222      .996
   924  .86356E+03  .84744E+00    2    1   1860     6.222      .996
   925  .86441E+03  .84744E+00    2    1   1862     6.222      .996
   926  .86525E+03  .84744E+00    2    1   1864     6.222      .996
   927  .86610E+03  .84744E+00    2    1   1866     6.222      .996
   928  .86695E+03  .84744E+00    2    1   1868     6.222      .996
   929  .86780E+03  .84744E+00    2    1   1870     6.222      .996
   930  .86864E+03  .84744E+00    2    1   1872     6.222      .996
   931  .86949E+03  .84744E+00    2    1   1874     6.222      .996
   932  .87034E+03  .84744E+00    2    1   1876     6.222      .996
   933  .87119E+03  .84744E+00    2    1   1878     6.222      .996
   934  .87203E+03  .84744E+00    2    1   1880     6.222      .996
   935  .87288E+03  .84744E+00    2    1   1882     6.222      .996
   936  .87373E+03  .84744E+00    2    1   1884     6.222      .996
   937  .87458E+03  .84744E+00    2    1   1886     6.222      .996
   938  .87542E+03  .84744E+00    2    1   1888     6.222      .996
   939  .87627E+03  .84744E+00    2    1   1890     6.222      .996
   940  .87712E+03  .84744E+00    2    1   1892     6.222      .996
   941  .87797E+03  .84744E+00    2    1   1894     6.222      .996
   942  .87881E+03  .84744E+00    2    1   1896     6.222      .996
   943  .87966E+03  .84744E+00    2    1   1898     6.222      .996
   944  .88051E+03  .84744E+00    2    1   1900     6.222      .996
   945  .88136E+03  .84744E+00    2    1   1902     6.222      .996
   946  .88220E+03  .84744E+00    2    1   1904     6.222      .996
   947  .88305E+03  .84744E+00    2    1   1906     6.222      .996
   948  .88390E+03  .84744E+00    2    1   1908     6.222      .996
   949  .88475E+03  .84744E+00    2    1   1910     6.222      .996
   950  .88559E+03  .84744E+00    2    1   1912     6.222      .996
   951  .88644E+03  .84744E+00    2    1   1914     6.222      .996
   952  .88729E+03  .84744E+00    2    1   1916     6.222      .996
   953  .88814E+03  .84744E+00    2    1   1918     6.222      .996
   954  .88898E+03  .84744E+00    2    1   1920     6.222      .996
   955  .88983E+03  .84744E+00    2    1   1922     6.222      .996
   956  .89068E+03  .84744E+00    2    1   1924     6.222      .996
   957  .89153E+03  .84745E+00    2    1   1926     6.222      .996
   958  .89237E+03  .84744E+00    2    1   1928     6.222      .996
   959  .89322E+03  .84744E+00    2    1   1930     6.222      .996
   960  .89407E+03  .84744E+00    2    1   1932     6.222      .996
   961  .89492E+03  .84745E+00    2    1   1934     6.222      .996
   962  .89576E+03  .84744E+00    2    1   1936     6.222      .996
   963  .89661E+03  .84744E+00    2    1   1938     6.222      .996
   964  .89746E+03  .84744E+00    2    1   1940     6.222      .996
   965  .89831E+03  .84745E+00    2    1   1942     6.222      .996
   966  .89915E+03  .84744E+00    2    1   1944     6.222      .996
   967  .90000E+03  .84741E+00    2    1   1946     6.222      .996
   968  .90085E+03  .84746E+00    2    1   1948     6.222      .996
   969  .90169E+03  .84746E+00    2    1   1950     6.222      .996
   970  .90254E+03  .84746E+00    2    1   1952     6.222      .996
   971  .90339E+03  .84746E+00    2    1   1954     6.222      .996
   972  .90424E+03  .84746E+00    2    1   1956     6.222      .996
   973  .90508E+03  .84746E+00    2    1   1958     6.222      .996
   974  .90593E+03  .84746E+00    2    1   1960     6.222      .996
   975  .90678E+03  .84746E+00    2    1   1962     6.222      .996
   976  .90763E+03  .84746E+00    2    1   1964     6.222      .996
   977  .90847E+03  .84746E+00    2    1   1966     6.222      .996
   978  .90932E+03  .84746E+00    2    1   1968     6.222      .996
   979  .91017E+03  .84746E+00    2    1   1970     6.222      .996
   980  .91102E+03  .84746E+00    2    1   1972     6.222      .996
   981  .91186E+03  .84746E+00    2    1   1974     6.222      .996
   982  .91271E+03  .84746E+00    2    1   1976     6.222      .996
   983  .91356E+03  .84746E+00    2    1   1978     6.222      .996
   984  .91441E+03  .84746E+00    2    1   1980     6.222      .996
   985  .91525E+03  .84746E+00    2    1   1982     6.222      .996
   986  .91610E+03  .84745E+00    2    1   1984     6.222      .996
   987  .91695E+03  .84745E+00    2    1   1986     6.222      .996
   988  .91780E+03  .84745E+00    2    1   1988     6.222      .996
   989  .91864E+03  .84745E+00    2    1   1990     6.222      .996
   990  .91949E+03  .84745E+00    2    1   1992     6.222      .996
   991  .92034E+03  .84745E+00    2    1   1994     6.222      .996
   992  .92119E+03  .84745E+00    2    1   1996     6.222      .996
   993  .92203E+03  .84745E+00    2    1   1998     6.222      .996
   994  .92288E+03  .84745E+00    2    1   2000     6.222      .996
   995  .92373E+03  .84745E+00    2    1   2002     6.222      .996
   996  .92458E+03  .84745E+00    2    1   2004     6.222      .996
   997  .92542E+03  .84745E+00    2    1   2006     6.222      .996
   998  .92627E+03  .84745E+00    2    1   2008     6.222      .996
   999  .92712E+03  .84745E+00    2    1   2010     6.222      .996
  1000  .92797E+03  .84745E+00    2    1   2012     6.222      .996
  1001  .92881E+03  .84745E+00    2    1   2014     6.222      .996
  1002  .92966E+03  .84745E+00    2    1   2016     6.222      .996
  1003  .93051E+03  .84745E+00    2    1   2018     6.222      .996
  1004  .93136E+03  .84745E+00    2    1   2020     6.222      .996
  1005  .93220E+03  .84745E+00    2    1   2022     6.222      .996
  1006  .93305E+03  .84745E+00    2    1   2024     6.222      .996
  1007  .93390E+03  .84745E+00    2    1   2026     6.222      .996
  1008  .93475E+03  .84745E+00    2    1   2028     6.222      .996
  1009  .93559E+03  .84745E+00    2    1   2030     6.222      .996
  1010  .93644E+03  .84745E+00    2    1   2032     6.222      .996
  1011  .93729E+03  .84745E+00    2    1   2034     6.222      .996
  1012  .93814E+03  .84745E+00    2    1   2036     6.222      .996
  1013  .93898E+03  .84745E+00    2    1   2038     6.222      .996
  1014  .93983E+03  .84745E+00    2    1   2040     6.222      .996
  1015  .94068E+03  .84745E+00    2    1   2042     6.222      .996
  1016  .94153E+03  .84745E+00    2    1   2044     6.222      .996
  1017  .94237E+03  .84745E+00    2    1   2046     6.222      .996
  1018  .94322E+03  .84745E+00    2    1   2048     6.222      .996
  1019  .94407E+03  .84745E+00    2    1   2050     6.222      .996
  1020  .94492E+03  .84745E+00    2    1   2052     6.222      .996
  1021  .94576E+03  .84744E+00    2    1   2054     6.222      .996
  1022  .94661E+03  .84744E+00    2    1   2056     6.222      .996
  1023  .94746E+03  .84744E+00    2    1   2058     6.222      .996
  1024  .94831E+03  .84744E+00    2    1   2060     6.222      .996
  1025  .94915E+03  .84744E+00    2    1   2062     6.222      .996
  1026  .95000E+03  .84744E+00    2    1   2064     6.222      .996
  1027  .95085E+03  .84744E+00    2    1   2066     6.222      .996
  1028  .95170E+03  .84744E+00    2    1   2068     6.222      .996
  1029  .95254E+03  .84744E+00    2    1   2070     6.222      .996
  1030  .95339E+03  .84744E+00    2    1   2072     6.222      .996
  1031  .95424E+03  .84744E+00    2    1   2074     6.222      .996
  1032  .95509E+03  .84744E+00    2    1   2076     6.222      .996
  1033  .95593E+03  .84744E+00    2    1   2078     6.222      .996
  1034  .95678E+03  .84744E+00    2    1   2080     6.222      .996
  1035  .95763E+03  .84744E+00    2    1   2082     6.222      .996
  1036  .95848E+03  .84744E+00    2    1   2084     6.222      .996
  1037  .95932E+03  .84744E+00    2    1   2086     6.222      .996
  1038  .96017E+03  .84744E+00    2    1   2088     6.222      .996
  1039  .96102E+03  .84744E+00    2    1   2090     6.222      .996
  1040  .96187E+03  .84744E+00    2    1   2092     6.222      .996
  1041  .96271E+03  .84744E+00    2    1   2094     6.222      .996
  1042  .96356E+03  .84744E+00    2    1   2096     6.222      .996
  1043  .96441E+03  .84744E+00    2    1   2098     6.222      .996
  1044  .96525E+03  .84744E+00    2    1   2100     6.222      .996
  1045  .96610E+03  .84744E+00    2    1   2102     6.222      .996
  1046  .96695E+03  .84744E+00    2    1   2104     6.222      .996
  1047  .96780E+03  .84744E+00    2    1   2106     6.222      .996
  1048  .96864E+03  .84744E+00    2    1   2108     6.222      .996
  1049  .96949E+03  .84744E+00    2    1   2110     6.222      .996
  1050  .97034E+03  .84744E+00    2    1   2112     6.222      .996
  1051  .97119E+03  .84744E+00    2    1   2114     6.222      .996
  1052  .97203E+03  .84744E+00    2    1   2116     6.222      .996
  1053  .97288E+03  .84744E+00    2    1   2118     6.222      .996
  1054  .97373E+03  .84744E+00    2    1   2120     6.222      .996
  1055  .97458E+03  .84744E+00    2    1   2122     6.222      .996
  1056  .97542E+03  .84744E+00    2    1   2124     6.222      .996
  1057  .97627E+03  .84744E+00    2    1   2126     6.222      .996
  1058  .97712E+03  .84744E+00    2    1   2128     6.222      .996
  1059  .97797E+03  .84744E+00    2    1   2130     6.222      .996
  1060  .97881E+03  .84744E+00    2    1   2132     6.222      .996
  1061  .97966E+03  .84744E+00    2    1   2134     6.222      .996
  1062  .98051E+03  .84744E+00    2    1   2136     6.222      .996
  1063  .98136E+03  .84744E+00    2    1   2138     6.222      .996
  1064  .98220E+03  .84744E+00    2    1   2140     6.222      .996
  1065  .98305E+03  .84744E+00    2    1   2142     6.222      .996
  1066  .98390E+03  .84744E+00    2    1   2144     6.222      .996
  1067  .98475E+03  .84744E+00    2    1   2146     6.222      .996
  1068  .98559E+03  .84744E+00    2    1   2148     6.222      .996
  1069  .98644E+03  .84744E+00    2    1   2150     6.222      .996
  1070  .98729E+03  .84744E+00    2    1   2152     6.222      .996
  1071  .98814E+03  .84744E+00    2    1   2154     6.222      .996
  1072  .98898E+03  .84744E+00    2    1   2156     6.222      .996
  1073  .98983E+03  .84744E+00    2    1   2158     6.222      .996
  1074  .99068E+03  .84744E+00    2    1   2160     6.222      .996
  1075  .99153E+03  .84745E+00    2    1   2162     6.222      .996
  1076  .99237E+03  .84744E+00    2    1   2164     6.222      .996
  1077  .99322E+03  .84744E+00    2    1   2166     6.222      .996
  1078  .99407E+03  .84744E+00    2    1   2168     6.222      .996
  1079  .99492E+03  .84745E+00    2    1   2170     6.222      .996
  1080  .99576E+03  .84744E+00    2    1   2172     6.222      .996
  1081  .99661E+03  .84744E+00    2    1   2174     6.222      .996
  1082  .99746E+03  .84744E+00    2    1   2176     6.222      .996
  1083  .99831E+03  .84745E+00    2    1   2178     6.222      .996
  1084  .99915E+03  .84744E+00    2    1   2180     6.222      .996
  1085  .10000E+04  .84741E+00    2    1   2182     6.222      .996
  1086  .10008E+04  .84746E+00    2    1   2184     6.222      .996
  1087  .10017E+04  .84746E+00    2    1   2186     6.222      .996
  1088  .10025E+04  .84746E+00    2    1   2188     6.222      .996
  1089  .10034E+04  .84746E+00    2    1   2190     6.222      .996
  1090  .10042E+04  .84746E+00    2    1   2192     6.222      .996
  1091  .10051E+04  .84746E+00    2    1   2194     6.222      .996
  1092  .10059E+04  .84746E+00    2    1   2196     6.222      .996
  1093  .10068E+04  .84746E+00    2    1   2198     6.222      .996
  1094  .10076E+04  .84746E+00    2    1   2200     6.222      .996
  1095  .10085E+04  .84746E+00    2    1   2202     6.222      .996
  1096  .10093E+04  .84746E+00    2    1   2204     6.222      .996
  1097  .10102E+04  .84746E+00    2    1   2206     6.222      .996
  1098  .10110E+04  .84746E+00    2    1   2208     6.222      .996
  1099  .10119E+04  .84746E+00    2    1   2210     6.222      .996
  1100  .10127E+04  .84746E+00    2    1   2212     6.222      .996
  1101  .10136E+04  .84746E+00    2    1   2214     6.222      .996
  1102  .10144E+04  .84746E+00    2    1   2216     6.222      .996
  1103  .10153E+04  .84746E+00    2    1   2218     6.222      .996
  1104  .10161E+04  .84745E+00    2    1   2220     6.222      .996
  1105  .10169E+04  .84745E+00    2    1   2222     6.222      .996
  1106  .10178E+04  .84745E+00    2    1   2224     6.222      .996
  1107  .10186E+04  .84745E+00    2    1   2226     6.222      .996
  1108  .10195E+04  .84745E+00    2    1   2228     6.222      .996
  1109  .10203E+04  .84745E+00    2    1   2230     6.222      .996
  1110  .10212E+04  .84745E+00    2    1   2232     6.222      .996
  1111  .10220E+04  .84745E+00    2    1   2234     6.222      .996
  1112  .10229E+04  .84745E+00    2    1   2236     6.222      .996
  1113  .10237E+04  .84745E+00    2    1   2238     6.222      .996
  1114  .10246E+04  .84745E+00    2    1   2240     6.222      .996
  1115  .10254E+04  .84745E+00    2    1   2242     6.222      .996
  1116  .10263E+04  .84745E+00    2    1   2244     6.222      .996
  1117  .10271E+04  .84745E+00    2    1   2246     6.222      .996
  1118  .10280E+04  .84745E+00    2    1   2248     6.222      .996
  1119  .10288E+04  .84746E+00    2    1   2250     6.222      .996
  1120  .10297E+04  .84746E+00    2    1   2252     6.222      .996
  1121  .10305E+04  .84746E+00    2    1   2254     6.222      .996
  1122  .10314E+04  .84746E+00    2    1   2256     6.222      .996
  1123  .10322E+04  .84746E+00    2    1   2258     6.222      .996
  1124  .10331E+04  .84746E+00    2    1   2260     6.222      .996
  1125  .10339E+04  .84746E+00    2    1   2262     6.222      .996
  1126  .10347E+04  .84746E+00    2    1   2264     6.222      .996
  1127  .10356E+04  .84746E+00    2    1   2266     6.222      .996
  1128  .10364E+04  .84746E+00    2    1   2268     6.222      .996
  1129  .10373E+04  .84746E+00    2    1   2270     6.222      .996
  1130  .10381E+04  .84746E+00    2    1   2272     6.222      .996
  1131  .10390E+04  .84746E+00    2    1   2274     6.222      .996
  1132  .10398E+04  .84746E+00    2    1   2276     6.222      .996
  1133  .10407E+04  .84746E+00    2    1   2278     6.222      .996
  1134  .10415E+04  .84746E+00    2    1   2280     6.222      .996
  1135  .10424E+04  .84747E+00    2    1   2282     6.222      .996
  1136  .10432E+04  .84747E+00    2    1   2284     6.222      .996
  1137  .10441E+04  .84747E+00    2    1   2286     6.222      .996
  1138  .10449E+04  .84747E+00    2    1   2288     6.222      .996
  1139  .10458E+04  .84747E+00    2    1   2290     6.222      .996
  1140  .10466E+04  .84747E+00    2    1   2292     6.222      .996
  1141  .10475E+04  .84747E+00    2    1   2294     6.222      .996
  1142  .10483E+04  .84747E+00    2    1   2296     6.222      .996
  1143  .10492E+04  .84747E+00    2    1   2298     6.222      .996
  1144  .10500E+04  .84747E+00    2    1   2300     6.222      .996
  1145  .10508E+04  .84747E+00    2    1   2302     6.222      .996
  1146  .10517E+04  .84747E+00    2    1   2304     6.222      .996
  1147  .10525E+04  .84747E+00    2    1   2306     6.222      .996
  1148  .10534E+04  .84747E+00    2    1   2308     6.222      .996
  1149  .10542E+04  .84747E+00    2    1   2310     6.222      .996
  1150  .10551E+04  .84747E+00    2    1   2312     6.222      .996
  1151  .10559E+04  .84747E+00    2    1   2314     6.222      .996
  1152  .10568E+04  .84747E+00    2    1   2316     6.222      .996
  1153  .10576E+04  .84747E+00    2    1   2318     6.222      .996
  1154  .10585E+04  .84747E+00    2    1   2320     6.222      .996
  1155  .10593E+04  .84747E+00    2    1   2322     6.222      .996
  1156  .10602E+04  .84747E+00    2    1   2324     6.222      .996
  1157  .10610E+04  .84747E+00    2    1   2326     6.222      .996
  1158  .10619E+04  .84747E+00    2    1   2328     6.222      .996
  1159  .10627E+04  .84747E+00    2    1   2330     6.222      .996
  1160  .10636E+04  .84747E+00    2    1   2332     6.222      .996
  1161  .10644E+04  .84747E+00    2    1   2334     6.222      .996
  1162  .10653E+04  .84747E+00    2    1   2336     6.222      .996
  1163  .10661E+04  .84747E+00    2    1   2338     6.222      .996
  1164  .10669E+04  .84747E+00    2    1   2340     6.222      .996
  1165  .10678E+04  .84747E+00    2    1   2342     6.222      .996
  1166  .10686E+04  .84747E+00    2    1   2344     6.222      .996
  1167  .10695E+04  .84747E+00    2    1   2346     6.222      .996
  1168  .10703E+04  .84747E+00    2    1   2348     6.222      .996
  1169  .10712E+04  .84747E+00    2    1   2350     6.222      .996
  1170  .10720E+04  .84747E+00    2    1   2352     6.222      .996
  1171  .10729E+04  .84747E+00    2    1   2354     6.222      .996
  1172  .10737E+04  .84747E+00    2    1   2356     6.222      .996
  1173  .10746E+04  .84748E+00    2    1   2358     6.222      .996
  1174  .10754E+04  .84747E+00    2    1   2360     6.222      .996
  1175  .10763E+04  .84747E+00    2    1   2362     6.222      .996
  1176  .10771E+04  .84747E+00    2    1   2364     6.222      .996
  1177  .10780E+04  .84748E+00    2    1   2366     6.222      .996
  1178  .10788E+04  .84747E+00    2    1   2368     6.222      .996
  1179  .10797E+04  .84747E+00    2    1   2370     6.222      .996
  1180  .10805E+04  .84747E+00    2    1   2372     6.222      .996
  1181  .10814E+04  .84748E+00    2    1   2374     6.222      .996
  1182  .10822E+04  .84747E+00    2    1   2376     6.222      .996
  1183  .10831E+04  .84747E+00    2    1   2378     6.222      .996
  1184  .10839E+04  .84747E+00    2    1   2380     6.222      .996
  1185  .10847E+04  .84748E+00    2    1   2382     6.222      .996
  1186  .10856E+04  .84747E+00    2    1   2384     6.222      .996
  1187  .10864E+04  .84747E+00    2    1   2386     6.222      .996
  1188  .10873E+04  .84747E+00    2    1   2388     6.222      .996
  1189  .10881E+04  .84748E+00    2    1   2390     6.222      .996
  1190  .10890E+04  .84747E+00    2    1   2392     6.222      .996
  1191  .10898E+04  .84747E+00    2    1   2394     6.222      .996
  1192  .10907E+04  .84747E+00    2    1   2396     6.222      .996
  1193  .10915E+04  .84748E+00    2    1   2398     6.222      .996
  1194  .10924E+04  .84747E+00    2    1   2400     6.222      .996
  1195  .10932E+04  .84747E+00    2    1   2402     6.222      .996
  1196  .10941E+04  .84747E+00    2    1   2404     6.222      .996
  1197  .10949E+04  .84748E+00    2    1   2406     6.222      .996
  1198  .10958E+04  .84747E+00    2    1   2408     6.222      .996
  1199  .10966E+04  .84746E+00    2    1   2410     6.222      .996
  1200  .10975E+04  .84747E+00    2    1   2412     6.222      .996
  1201  .10983E+04  .84749E+00    2    1   2414     6.222      .996
  1202  .10992E+04  .84747E+00    2    1   2416     6.222      .996
  1203  .11000E+04  .84741E+00    2    1   2418     6.222      .996
  1204  .11008E+04  .84746E+00    2    1   2420     6.222      .996
  1205  .11017E+04  .84746E+00    2    1   2422     6.222      .996
  1206  .11025E+04  .84746E+00    2    1   2424     6.222      .996
  1207  .11034E+04  .84746E+00    2    1   2426     6.222      .996
  1208  .11042E+04  .84746E+00    2    1   2428     6.222      .996
  1209  .11051E+04  .84746E+00    2    1   2430     6.222      .996
  1210  .11059E+04  .84746E+00    2    1   2432     6.222      .996
  1211  .11068E+04  .84746E+00    2    1   2434     6.222      .996
  1212  .11076E+04  .84746E+00    2    1   2436     6.222      .996
  1213  .11085E+04  .84746E+00    2    1   2438     6.222      .996
  1214  .11093E+04  .84746E+00    2    1   2440     6.222      .996
  1215  .11102E+04  .84746E+00    2    1   2442     6.222      .996
  1216  .11110E+04  .84746E+00    2    1   2444     6.222      .996
  1217  .11119E+04  .84746E+00    2    1   2446     6.222      .996
  1218  .11127E+04  .84746E+00    2    1   2448     6.222      .996
  1219  .11136E+04  .84746E+00    2    1   2450     6.222      .996
  1220  .11144E+04  .84746E+00    2    1   2452     6.222      .996
  1221  .11153E+04  .84747E+00    2    1   2454     6.222      .996
  1222  .11161E+04  .84747E+00    2    1   2456     6.222      .996
  1223  .11169E+04  .84747E+00    2    1   2458     6.222      .996
  1224  .11178E+04  .84747E+00    2    1   2460     6.222      .996
  1225  .11186E+04  .84747E+00    2    1   2462     6.222      .996
  1226  .11195E+04  .84747E+00    2    1   2464     6.222      .996
  1227  .11203E+04  .84747E+00    2    1   2466     6.222      .996
  1228  .11212E+04  .84747E+00    2    1   2468     6.222      .996
  1229  .11220E+04  .84747E+00    2    1   2470     6.222      .996
  1230  .11229E+04  .84747E+00    2    1   2472     6.222      .996
  1231  .11237E+04  .84747E+00    2    1   2474     6.222      .996
  1232  .11246E+04  .84747E+00    2    1   2476     6.222      .996
  1233  .11254E+04  .84747E+00    2    1   2478     6.222      .996
  1234  .11263E+04  .84747E+00    2    1   2480     6.222      .996
  1235  .11271E+04  .84747E+00    2    1   2482     6.222      .996
  1236  .11280E+04  .84747E+00    2    1   2484     6.222      .996
  1237  .11288E+04  .84747E+00    2    1   2486     6.222      .996
  1238  .11297E+04  .84747E+00    2    1   2488     6.222      .996
  1239  .11305E+04  .84747E+00    2    1   2490     6.222      .996
  1240  .11314E+04  .84747E+00    2    1   2492     6.222      .996
  1241  .11322E+04  .84747E+00    2    1   2494     6.222      .996
  1242  .11330E+04  .84747E+00    2    1   2496     6.222      .996
  1243  .11339E+04  .84747E+00    2    1   2498     6.222      .996
  1244  .11347E+04  .84747E+00    2    1   2500     6.222      .996
  1245  .11356E+04  .84747E+00    2    1   2502     6.222      .996
  1246  .11364E+04  .84747E+00    2    1   2504     6.222      .996
  1247  .11373E+04  .84747E+00    2    1   2506     6.222      .996
  1248  .11381E+04  .84747E+00    2    1   2508     6.222      .996
  1249  .11390E+04  .84747E+00    2    1   2510     6.222      .996
  1250  .11398E+04  .84747E+00    2    1   2512     6.222      .996
  1251  .11407E+04  .84747E+00    2    1   2514     6.222      .996
  1252  .11415E+04  .84747E+00    2    1   2516     6.222      .996
  1253  .11424E+04  .84747E+00    2    1   2518     6.222      .996
  1254  .11432E+04  .84747E+00    2    1   2520     6.222      .996
  1255  .11441E+04  .84747E+00    2    1   2522     6.222      .996
  1256  .11449E+04  .84747E+00    2    1   2524     6.222      .996
  1257  .11458E+04  .84747E+00    2    1   2526     6.222      .996
  1258  .11466E+04  .84747E+00    2    1   2528     6.222      .996
  1259  .11475E+04  .84747E+00    2    1   2530     6.222      .996
  1260  .11483E+04  .84747E+00    2    1   2532     6.222      .996
  1261  .11492E+04  .84747E+00    2    1   2534     6.222      .996
  1262  .11500E+04  .84747E+00    2    1   2536     6.222      .996
  1263  .11508E+04  .84747E+00    2    1   2538     6.222      .996
  1264  .11517E+04  .84747E+00    2    1   2540     6.222      .996
  1265  .11525E+04  .84747E+00    2    1   2542     6.222      .996
  1266  .11534E+04  .84747E+00    2    1   2544     6.222      .996
  1267  .11542E+04  .84747E+00    2    1   2546     6.222      .996
  1268  .11551E+04  .84747E+00    2    1   2548     6.222      .996
  1269  .11559E+04  .84747E+00    2    1   2550     6.222      .996
  1270  .11568E+04  .84747E+00    2    1   2552     6.222      .996
  1271  .11576E+04  .84747E+00    2    1   2554     6.222      .996
  1272  .11585E+04  .84747E+00    2    1   2556     6.222      .996
  1273  .11593E+04  .84747E+00    2    1   2558     6.222      .996
  1274  .11602E+04  .84747E+00    2    1   2560     6.222      .996
  1275  .11610E+04  .84747E+00    2    1   2562     6.222      .996
  1276  .11619E+04  .84747E+00    2    1   2564     6.222      .996
  1277  .11627E+04  .84747E+00    2    1   2566     6.222      .996
  1278  .11636E+04  .84747E+00    2    1   2568     6.222      .996
  1279  .11644E+04  .84747E+00    2    1   2570     6.222      .996
  1280  .11653E+04  .84747E+00    2    1   2572     6.222      .996
  1281  .11661E+04  .84747E+00    2    1   2574     6.222      .996
  1282  .11669E+04  .84747E+00    2    1   2576     6.222      .996
  1283  .11678E+04  .84747E+00    2    1   2578     6.222      .996
  1284  .11686E+04  .84747E+00    2    1   2580     6.222      .996
  1285  .11695E+04  .84747E+00    2    1   2582     6.222      .996
  1286  .11703E+04  .84747E+00    2    1   2584     6.222      .996
  1287  .11712E+04  .84747E+00    2    1   2586     6.222      .996
  1288  .11720E+04  .84747E+00    2    1   2588     6.222      .996
  1289  .11729E+04  .84747E+00    2    1   2590     6.222      .996
  1290  .11737E+04  .84747E+00    2    1   2592     6.222      .996
  1291  .11746E+04  .84748E+00    2    1   2594     6.222      .996
  1292  .11754E+04  .84747E+00    2    1   2596     6.222      .996
  1293  .11763E+04  .84747E+00    2    1   2598     6.222      .996
  1294  .11771E+04  .84747E+00    2    1   2600     6.222      .996
  1295  .11780E+04  .84748E+00    2    1   2602     6.222      .996
  1296  .11788E+04  .84747E+00    2    1   2604     6.222      .996
  1297  .11797E+04  .84747E+00    2    1   2606     6.222      .996
  1298  .11805E+04  .84747E+00    2    1   2608     6.222      .996
  1299  .11814E+04  .84748E+00    2    1   2610     6.222      .996
  1300  .11822E+04  .84747E+00    2    1   2612     6.222      .996
  1301  .11831E+04  .84747E+00    2    1   2614     6.222      .996
  1302  .11839E+04  .84747E+00    2    1   2616     6.222      .996
  1303  .11847E+04  .84748E+00    2    1   2618     6.222      .996
  1304  .11856E+04  .84747E+00    2    1   2620     6.222      .996
  1305  .11864E+04  .84747E+00    2    1   2622     6.222      .996
  1306  .11873E+04  .84747E+00    2    1   2624     6.222      .996
  1307  .11881E+04  .84748E+00    2    1   2626     6.222      .996
  1308  .11890E+04  .84747E+00    2    1   2628     6.222      .996
  1309  .11898E+04  .84747E+00    2    1   2630     6.222      .996
  1310  .11907E+04  .84747E+00    2    1   2632     6.222      .996
  1311  .11915E+04  .84748E+00    2    1   2634     6.222      .996
  1312  .11924E+04  .84747E+00    2    1   2636     6.222      .996
  1313  .11932E+04  .84747E+00    2    1   2638     6.222      .996
  1314  .11941E+04  .84747E+00    2    1   2640     6.222      .996
  1315  .11949E+04  .84748E+00    2    1   2642     6.222      .996
  1316  .11958E+04  .84747E+00    2    1   2644     6.222      .996
  1317  .11966E+04  .84746E+00    2    1   2646     6.222      .996
  1318  .11975E+04  .84747E+00    2    1   2648     6.222      .996
  1319  .11983E+04  .84749E+00    2    1   2650     6.222      .996
  1320  .11992E+04  .84747E+00    2    1   2652     6.222      .996
  1321  .12000E+04  .84741E+00    2    1   2654     6.222      .996
end
 
 Real time [sec]    3283.000000000000000
